
** Heavy-atom coordinates will be fixed: maxlevel set to 0
  **
  ** Beginning refinement level 0
  **

%IMPACT-I (openwt): Request to open FORMATTED file 4AN2-impref_ref0.out on unit   2
 Entering IMPACT execution environment 
 Date: Thursday, December 01 2016, at 02:12:58 EST
 Impact version 72014
 mmshare version        35014
 Copyright (c) Schrodinger, LLC.
 All Rights Reserved.

 Host: Linux cc05.local 2.6.32-573.18.1.el6.x86_64 #1 SMP Tue Feb 9 22:46:17 UTC 2016 x86_64
 Job Name: 4AN2-impref_ref0
 SCHRODINGER  directory: /cbio/jclab/share/schrodinger/schrodinger2016-3
 IMPACT_EXEC  directory: /cbio/jclab/share/schrodinger/schrodinger2016-3/impact-v7.2/bin/Linux-x86_64
 MMSHARE_EXEC directory: /cbio/jclab/share/schrodinger/schrodinger2016-3/mmshare-v3.5/bin/Linux-x86_64

 Clock-based global random seed:     1480576378
%IMPACT-I(foldmain): calling OPLS_2005 atomtyping ...
%IMPACT-I(foldmain): finished parameter assignment
 PARM read from file "paramstd.dat"
 Parameter obtained from atomtyping
      Current coord. are written to file: "4AN2-impref.init_coord.rst"
      Box dimensions not written


 Total number of atoms  =  4684
 
 Neighbor List Cutoff Settings
 ==================================
 Cutoff radius:   10.0000000000000     
 Update frequency: every           10  steps
 Species   1 : Neighbors are calculated on a per residue basis
 Species   1 : Cutoff by inter-atomic distances
 
 Step number:          0         Non-bonded count:  1134035
 E-pot        RMS grad     Max grad    
  2.16483E+08  8.15741E+07  3.46623E+09
 Step number:         10         Non-bonded count:  1134035
 -6.76437E+03  1.34496E+01  7.66695E+02
 Step number:         20         Non-bonded count:  1134035
 -7.29717E+03  2.22918E+00  8.20658E+01
 Step number:         30         Non-bonded count:  1134035
 -7.40077E+03  2.39161E+00  1.30067E+02
 Step number:         40         Non-bonded count:  1134035
 -7.48076E+03  1.30203E+00  6.20071E+01
 Step number:         50         Non-bonded count:  1134035
 -7.52172E+03  1.00513E+00  2.93898E+01
 Step number:         60         Non-bonded count:  1134035
 -7.55091E+03  7.47375E-01  3.72371E+01
 Step number:         70         Non-bonded count:  1134035
 -7.56616E+03  5.25378E-01  1.71272E+01
 Step number:         80         Non-bonded count:  1134035
 -7.57871E+03  8.09432E-01  5.00620E+01
 Step number:         90         Non-bonded count:  1134035
 -7.59363E+03  1.02234E+00  7.08154E+01
 Step number:        100         Non-bonded count:  1134035
 -7.60202E+03  6.19479E-01  3.98668E+01
 Step number:        100         Non-bonded count:  1134035
 -7.60202E+03  6.19479E-01  3.98668E+01
      Current coord. are written to file: "4AN2-impref.min0_coord.rst"
      Box dimensions not written
      Current coordinates are read from file: "4AN2-impref.init_coord.rst"
      Box dimensions not read
          read from "4AN2-impref.init_coord.rst"
  
 Energy and Force Generation Info: 
 --------------------------------- 
 Number of E&F called:     294
 PARM read from file "paramstd.dat"
 Parameter obtained from atomtyping
      Current coordinates are read from file: "4AN2-impref.min0_coord.rst"
      Box dimensions not read
          read from "4AN2-impref.min0_coord.rst"


 Total number of atoms  =  4684
 
 Neighbor List Cutoff Settings
 ==================================
 Cutoff radius:   10.0000000000000     
 Update frequency: every           10  steps
 Species   1 : Neighbors are calculated on a per residue basis
 Species   1 : Cutoff by inter-atomic distances
 
 Step number:          0         Non-bonded count:  1134035
 E-pot        RMS grad     Max grad    
 -6.55622E+03  2.74590E+00  3.98668E+01
 Step number:         10         Non-bonded count:  1134035
 -7.10763E+03  2.81320E+00  1.92808E+02
 Step number:         20         Non-bonded count:  1134035
 -7.20032E+03  1.53843E+00  8.98133E+01
 Step number:         30         Non-bonded count:  1134035
 -7.22272E+03  7.32604E-01  4.33370E+01
 Step number:         40         Non-bonded count:  1134035
 -7.24139E+03  9.46097E-01  5.13508E+01
 Step number:         50         Non-bonded count:  1134035
 -7.25297E+03  8.58832E-01  5.63356E+01
 Step number:         60         Non-bonded count:  1134035
 -7.25902E+03  3.82260E-01  1.86752E+01
 Step number:         70         Non-bonded count:  1134035
 -7.26206E+03  4.19896E-01  2.96940E+01
 Step number:         80         Non-bonded count:  1134035
 -7.26458E+03  3.21796E-01  1.37105E+01
 Step number:         90         Non-bonded count:  1134035
 -7.26716E+03  2.52099E-01  9.83164E+00
 Step number:        100         Non-bonded count:  1134035
 -7.26827E+03  2.49522E-01  1.19901E+01
 Step number:        100         Non-bonded count:  1134035
 E-pot        RMS grad     Max grad    
 -7.26827E+03  2.49522E-01  1.19901E+01
  
 Energy and Force Generation Info: 
 --------------------------------- 
 Number of E&F called:     581


Final Energy Reports:
------------------------------------
 Total Energy of the system...... -7.26827E+03 kcal/mol
 Total Potential Energy.......... -7.26827E+03 kcal/mol
 Total Kinetic Energy............  0.00000E+00 kcal/mol
 Temperature of the system.......        0.000 K
 Bond Stretch Energy.............  2.62056E+02 kcal/mol
 Angle Bending Energy............  5.99917E+02 kcal/mol
 Torsion Angle Energy............  2.31733E+02 kcal/mol
 Restraining Energy for Torsions.  0.00000E+00 kcal/mol
 1,4 Lennard Jones Energy........  4.97709E+02 kcal/mol
 1,4 Electrostatic Energy........ -2.83075E+02 kcal/mol
 Lennard Jones Energy............ -3.64983E+01 kcal/mol
 Electrostatic Energy............ -8.54011E+03 kcal/mol
 H-bond Energy...................  0.00000E+00 kcal/mol
 
 Exiting IMPACT execution environment 
 Date: Thursday, December 01 2016, at 02:13:19 EST
%IMPACT-I (timit): Total CPU time =      20.75 seconds (   0.3 minutes)
Total elapsed time = 22 seconds
  ** Completed refinement level 0      rmsd =  0.043

** Refinement finished. Final level: 0

** The refined complex file is 4AN2-impref_ref.mae.
