
Working on structure 1
Fixing common structure mistakes...
  No mistakes were found
Pre-treating metals...
Done treating metals
Assigning bond orders...
  Using CCD: True
CCD template assignment successfully used for HET "AXI "
  Assigned the following bonds (format: atom1, atom2, order): set([(2388, 2389, 2), (2386, 2387, 2), (2406, 2405, 2), (2393, 2396, 2), (2391, 2390, 2), (2404, 2409, 2), (2408, 2407, 2), (2394, 2395, 2), (2398, 2397, 2), (2402, 2403, 2), (2383, 2382, 2), (2401, 2400, 2)])
Removing and re-adding hydrogens...
Treating metals...
Creating di-sulfur bonds...
Converting Selenomethionines...
Filling missing loops using Prime...
Attempting to build missing loops with Knowledge-Based Methods
    A:  938 -- A:  996   KVAPEDL
Generating models for each loop... 
Total number of loops: 1
Working on loop 0 - A:938,A:996,KVAPEDL
Number of returned models for loop 0 : 2
Combining models from all loops... 
Combination index: [0]
Side chain optimizing...
Minimizing...
Accept model # 0
Detecting missing residue atoms...
Finding het groups...
Coloring atoms by element (green carbons in hets)...
Finding het groups (for Epik)...
Processing 1 het groups...
  Using Epik with pH: 7.4
        and pH Range: 0.0
  Max states per het: 32
Running Epik on 1 het groups...
  Waiting for epik...
  Het A:AXI (2000): keeping all 1 state(s):
    State penalty: -0.00 kcal/mol; H-Bond count: 3.
Running ProtAssign...
  Uses -minimize option in ProtAssign
  Using PROPKA with pH: 7.4
  RUNNING: /data/chodera/schrodinger/schrodinger2017-3-advanced/utilities/protassign 4AG8-protassign.mae 4AG8-protassign-out.mae -NOJOBID -nowater -minimize -propka_pH 7.4
Optimize H-bond job completed.
Deleting non-bridging waters...
  Deleted waters: A:2001, A:2002, A:2003, A:2004, A:2005, A:2006, A:2007, A:2008, A:2009, A:2010, A:2011, A:2012, A:2013, A:2014, A:2015, A:2016, A:2017, A:2018, A:2019, A:2020, A:2021, A:2022, A:2023, A:2024, A:2025, A:2026, A:2027, A:2028, A:2029, A:2030, A:2031, A:2032, A:2033, A:2034, A:2035, A:2036, A:2037, A:2038, A:2039, A:2040, A:2041, A:2042, A:2043, A:2044, A:2045, A:2046, A:2047, A:2048, A:2049, A:2050, A:2051, A:2052, A:2053, A:2054, A:2055, A:2056, A:2057, A:2058, A:2059, A:2060, A:2061, A:2062, A:2063, A:2064, A:2065, A:2066, A:2067, A:2068, A:2069, A:2070, A:2071, A:2072, A:2073, A:2074, A:2075, A:2076, A:2077, A:2078, A:2079, A:2080, A:2081, A:2082, A:2083, A:2084, A:2085, A:2086, A:2087, A:2088, A:2089, A:2090, A:2091, A:2092, A:2093, A:2094, A:2095, A:2096, A:2097, A:2098, A:2099, A:2100, A:2101, A:2102, A:2103, A:2104, A:2105, A:2106, A:2107, A:2108, A:2109, A:2110, A:2111, A:2112, A:2113, A:2114, A:2115, A:2116, A:2117, A:2118, A:2119, A:2120, A:2121, A:2122, A:2123, A:2124, A:2125, A:2126, A:2127, A:2128, A:2129, A:2130, A:2131, A:2132, A:2133, A:2134, A:2135, A:2136, A:2137, A:2138, A:2139, A:2140, A:2141, A:2142, A:2143, A:2144, A:2145, A:2146, A:2147, A:2148, A:2149, A:2150, A:2151, A:2152, A:2153, A:2154, A:2155, A:2156, A:2157, A:2158, A:2159, A:2160, A:2161, A:2162, A:2163, A:2164, A:2165, A:2166, A:2167, A:2168, A:2169, A:2170, A:2171, A:2172, A:2173, A:2174, A:2175, A:2176, A:2177, A:2178, A:2179, A:2180, A:2181, A:2182, A:2183, A:2184, A:2185, A:2186, A:2187, A:2188, A:2189, A:2190, A:2191, A:2192, A:2193, A:2194, A:2195, A:2196, A:2197, A:2198, A:2199, A:2200, A:2201, A:2202, A:2203, A:2204, A:2205, A:2206, A:2207, A:2208, A:2209, A:2210, A:2211, A:2212, A:2213, A:2214, A:2215, A:2216, A:2217, A:2218, A:2219, A:2220, A:2221, A:2222, A:2223, A:2224, A:2225, A:2226, A:2227, A:2228, A:2229, A:2230, A:2231, A:2232, A:2233, A:2234, A:2235, A:2236, A:2237, A:2238, A:2239, A:2240, A:2241, A:2242, A:2243, A:2244, A:2245, A:2246, A:2247, A:2248, A:2249, A:2250, A:2251, A:2252, A:2253, A:2254, A:2255, A:2256, A:2257, A:2258, A:2259, A:2260, A:2261, A:2262, A:2263, A:2264, A:2265, A:2266, A:2267, A:2268, A:2269, A:2270, A:2271, A:2272, A:2273, A:2274, A:2275, A:2276, A:2277, A:2278, A:2279, A:2280, A:2281, A:2282, A:2283, A:2284, A:2285, A:2286, A:2287, A:2288, A:2289, A:2290, A:2291, A:2292, A:2293, A:2294, A:2295, A:2296, A:2297, A:2298, A:2299, A:2300, A:2301, A:2302, A:2303, A:2304, A:2305, A:2306, A:2307, A:2308, A:2309, A:2310, A:2311, A:2312, A:2313, A:2314, A:2315, A:2316, A:2317, A:2318, A:2319, A:2320, A:2321, A:2322, A:2323, A:2324, A:2325, A:2326
Running restrained minimization...
  RMSD: 0.3
  Force field: 3
  hydrogens only
done with preparation
Writing to file...
DONE. Output file: ../4AG8-fixed.pdb
