
** Heavy-atom coordinates will be fixed: maxlevel set to 0
  **
  ** Beginning refinement level 0
  **

%IMPACT-I (openwt): Request to open FORMATTED file 4AG8-impref_ref0.out on unit   2
 Entering IMPACT execution environment 
 Date: Monday, October 02 2017, at 15:00:25 EDT
 Impact version 76016
 mmshare version        39016
 Copyright (c) Schrodinger, LLC.
 All Rights Reserved.

 Host: Linux ls04 3.10.0-514.21.2.el7.x86_64 #1 SMP Tue Jun 20 12:24:47 UTC 2017 x86_64
 Job Name: 4AG8-impref_ref0
 SCHRODINGER  directory: /data/chodera/schrodinger/schrodinger2017-3-advanced
 IMPACT_EXEC  directory: /data/chodera/schrodinger/schrodinger2017-3-advanced/impact-v7.6/bin/Linux-x86_64
 MMSHARE_EXEC directory: /data/chodera/schrodinger/schrodinger2017-3-advanced/mmshare-v3.9/bin/Linux-x86_64

 Clock-based global random seed:     1506970825
%IMPACT-I(foldmain): calling OPLS3 atomtyping ...
%IMPACT-I(foldmain): finished parameter assignment
 PARM read from file "paramstd.dat"
 Parameter obtained from atomtyping
      Current coord. are written to file: "4AG8-impref.init_coord.rst"
      Box dimensions not written


 Total number of atoms  =  4923
 
 Neighbor List Cutoff Settings
 ==================================
 Cutoff radius:   10.0000000000000     
 Update frequency: every           10  steps
 Species   1 : Neighbors are calculated on a per residue basis
 Species   1 : Cutoff by inter-atomic distances
 
 Step number:          0         Non-bonded count:  1151433
 E-pot        RMS grad     Max grad    
 -7.52210E+03  2.03656E+01  9.49850E+02
 Step number:         10         Non-bonded count:  1151433
 -8.07075E+03  8.61325E-01  1.71140E+01
 Step number:         20         Non-bonded count:  1151433
 -8.13265E+03  5.91352E-01  1.08971E+01
 Step number:         30         Non-bonded count:  1151433
 -8.16037E+03  4.26001E-01  6.21844E+00
 Step number:         40         Non-bonded count:  1151433
 -8.17391E+03  3.01053E-01  7.05429E+00
 Step number:         50         Non-bonded count:  1151433
 -8.18237E+03  2.54544E-01  4.73285E+00
 Step number:         60         Non-bonded count:  1151433
 -8.19125E+03  2.64298E-01  1.18167E+01
 Step number:         70         Non-bonded count:  1151433
 -8.19710E+03  2.16118E-01  6.94563E+00
 Step number:         80         Non-bonded count:  1151433
 -8.20103E+03  1.92092E-01  5.01547E+00
 Step number:         90         Non-bonded count:  1151433
 -8.20332E+03  1.48616E-01  3.31035E+00
 Step number:        100         Non-bonded count:  1151433
 -8.20492E+03  1.20396E-01  3.19766E+00
 Step number:        100         Non-bonded count:  1151433
 -8.20492E+03  1.20396E-01  3.19766E+00
      Current coord. are written to file: "4AG8-impref.min0_coord.rst"
      Box dimensions not written
      Current coordinates are read from file: "4AG8-impref.init_coord.rst"
      Box dimensions not read
          read from "4AG8-impref.init_coord.rst"
  
 Energy and Force Generation Info: 
 --------------------------------- 
 Number of E&F called:     266
 PARM read from file "paramstd.dat"
 Parameter obtained from atomtyping
      Current coordinates are read from file: "4AG8-impref.min0_coord.rst"
      Box dimensions not read
          read from "4AG8-impref.min0_coord.rst"


 Total number of atoms  =  4923
 
 Neighbor List Cutoff Settings
 ==================================
 Cutoff radius:   10.0000000000000     
 Update frequency: every           10  steps
 Species   1 : Neighbors are calculated on a per residue basis
 Species   1 : Cutoff by inter-atomic distances
 
 Step number:          0         Non-bonded count:  1151433
 E-pot        RMS grad     Max grad    
 -6.84083E+03  3.00805E+00  4.04461E+01
 Step number:         10         Non-bonded count:  1151433
 -7.70786E+03  1.84541E+00  3.79961E+01
 Step number:         20         Non-bonded count:  1151433
 -7.85707E+03  6.21398E-01  1.41389E+01
 Step number:         30         Non-bonded count:  1151433
 -7.90328E+03  6.51325E-01  2.19954E+01
 Step number:         40         Non-bonded count:  1151433
 -7.93573E+03  5.31842E-01  1.74124E+01
 Step number:         50         Non-bonded count:  1151433
 -7.94705E+03  2.43695E-01  7.32545E+00
 Step number:         60         Non-bonded count:  1151433
 -7.95103E+03  1.59568E-01  5.94686E+00
 Step number:         70         Non-bonded count:  1151433
 -7.95282E+03  1.10274E-01  3.17961E+00
 Step number:         80         Non-bonded count:  1151433
 -7.95414E+03  1.14725E-01  4.46463E+00
 Step number:         90         Non-bonded count:  1151433
 -7.95553E+03  1.18241E-01  3.81493E+00
 Step number:        100         Non-bonded count:  1151433
 -7.95648E+03  8.92498E-02  4.26730E+00
 Step number:        100         Non-bonded count:  1151433
 -7.95648E+03  8.92498E-02  4.26730E+00
  
 Energy and Force Generation Info: 
 --------------------------------- 
 Number of E&F called:     560


Final Energy Reports:
------------------------------------
 Total Energy of the system...... -7.95648E+03 kcal/mol
 Total Potential Energy.......... -7.95648E+03 kcal/mol
 Total Kinetic Energy............  0.00000E+00 kcal/mol
 Temperature of the system.......        0.000 K
 Bond Stretch Energy.............  7.78911E+00 kcal/mol
 Angle Bending Energy............  2.59298E+02 kcal/mol
 Torsion Angle Energy............  8.12347E+01 kcal/mol
 Restraining Energy for Torsions.  0.00000E+00 kcal/mol
 1,4 Lennard Jones Energy........  4.48837E+02 kcal/mol
 1,4 Electrostatic Energy........ -4.09896E+02 kcal/mol
 Lennard Jones Energy............ -7.21827E+02 kcal/mol
 Electrostatic Energy............ -7.62191E+03 kcal/mol
 H-bond Energy...................  0.00000E+00 kcal/mol
 
 Exiting IMPACT execution environment 
 Date: Monday, October 02 2017, at 15:00:41 EDT
%IMPACT-I (timit): Total CPU time =      16.00 seconds (   0.3 minutes)
Total elapsed time = 17 seconds
  ** Completed refinement level 0      rmsd =  0.072

** Refinement finished. Final level: 0

** The refined complex file is 4AG8-impref_ref.mae.
