
** Heavy-atom coordinates will be fixed: maxlevel set to 0
  **
  ** Beginning refinement level 0
  **

%IMPACT-I (openwt): Request to open FORMATTED file 4WKQ-impref_ref0.out on unit   2
 Entering IMPACT execution environment 
 Date: Thursday, December 21 2017, at 16:02:24 EST
 Impact version 77011
 mmshare version        40011
 Copyright (c) Schrodinger, LLC.
 All Rights Reserved.

 Host: Linux ls04 3.10.0-514.21.2.el7.x86_64 #1 SMP Tue Jun 20 12:24:47 UTC 2017 x86_64
 Job Name: 4WKQ-impref_ref0
 SCHRODINGER  directory: /data/chodera/schrodinger/schrodinger2017-4-advanced
 IMPACT_EXEC  directory: /data/chodera/schrodinger/schrodinger2017-4-advanced/impact-v7.7/bin/Linux-x86_64
 MMSHARE_EXEC directory: /data/chodera/schrodinger/schrodinger2017-4-advanced/mmshare-v4.0/bin/Linux-x86_64

 Clock-based global random seed:     1513890144
%IMPACT-I(foldmain): calling OPLS3 atomtyping ...
%IMPACT-I(foldmain): finished parameter assignment
 PARM read from file "paramstd.dat"
 Parameter obtained from atomtyping
      Current coord. are written to file: "4WKQ-impref.init_coord.rst"
      Box dimensions not written


 Total number of atoms  =  4993
 
 Neighbor List Cutoff Settings
 ==================================
 Cutoff radius:   10.0000000000000     
 Update frequency: every           10  steps
 Species   1 : Neighbors are calculated on a per residue basis
 Species   1 : Cutoff by inter-atomic distances
 
 Step number:          0         Non-bonded count:  1212165
 E-pot        RMS grad     Max grad    
 -5.66143E+03  1.33500E+02  7.63769E+03
 Step number:         10         Non-bonded count:  1212165
 -7.97509E+03  9.12050E-01  2.72440E+01
 Step number:         20         Non-bonded count:  1212165
 -8.04302E+03  4.09797E-01  1.29118E+01
 Step number:         30         Non-bonded count:  1212165
 -8.06069E+03  2.55060E-01  4.35147E+00
 Step number:         40         Non-bonded count:  1212165
 -8.06864E+03  2.18380E-01  4.27096E+00
 Step number:         50         Non-bonded count:  1212165
 -8.07402E+03  2.12003E-01  5.88196E+00
 Step number:         60         Non-bonded count:  1212165
 -8.07884E+03  1.78480E-01  4.82253E+00
 Step number:         70         Non-bonded count:  1212165
 -8.08247E+03  1.52238E-01  3.31197E+00
 Step number:         80         Non-bonded count:  1212165
 -8.08488E+03  1.32353E-01  3.98421E+00
 Step number:         90         Non-bonded count:  1212165
 -8.08759E+03  1.64215E-01  2.62311E+00
 Step number:        100         Non-bonded count:  1212165
 -8.08916E+03  9.92910E-02  3.00031E+00
 Step number:        100         Non-bonded count:  1212165
 -8.08916E+03  9.92910E-02  3.00031E+00
      Current coord. are written to file: "4WKQ-impref.min0_coord.rst"
      Box dimensions not written
      Current coordinates are read from file: "4WKQ-impref.init_coord.rst"
      Box dimensions not read
          read from "4WKQ-impref.init_coord.rst"
  
 Energy and Force Generation Info: 
 --------------------------------- 
 Number of E&F called:     265
 PARM read from file "paramstd.dat"
 Parameter obtained from atomtyping
      Current coordinates are read from file: "4WKQ-impref.min0_coord.rst"
      Box dimensions not read
          read from "4WKQ-impref.min0_coord.rst"


 Total number of atoms  =  4993
 
 Neighbor List Cutoff Settings
 ==================================
 Cutoff radius:   10.0000000000000     
 Update frequency: every           10  steps
 Species   1 : Neighbors are calculated on a per residue basis
 Species   1 : Cutoff by inter-atomic distances
 
 Step number:          0         Non-bonded count:  1212165
 E-pot        RMS grad     Max grad    
 -6.99703E+03  2.57874E+00  2.60174E+01
 Step number:         10         Non-bonded count:  1212165
 -7.67593E+03  1.42795E+00  2.29654E+01
 Step number:         20         Non-bonded count:  1212165
 -7.85218E+03  1.04482E+00  1.88277E+01
 Step number:         30         Non-bonded count:  1212165
 -7.89930E+03  3.26925E-01  8.70076E+00
 Step number:         40         Non-bonded count:  1212165
 -7.90720E+03  2.08800E-01  5.50105E+00
 Step number:         50         Non-bonded count:  1212165
 -7.91203E+03  1.98317E-01  9.33244E+00
 Step number:         60         Non-bonded count:  1212165
 -7.91543E+03  1.53769E-01  2.86345E+00
 Step number:         70         Non-bonded count:  1212165
 -7.91803E+03  1.55886E-01  2.96383E+00
 Step number:         80         Non-bonded count:  1212165
 -7.91992E+03  1.23617E-01  5.18688E+00
 Step number:         90         Non-bonded count:  1212165
 -7.92134E+03  1.11820E-01  3.98366E+00
 Step number:        100         Non-bonded count:  1212165
 -7.92240E+03  8.79376E-02  1.43067E+00
 Step number:        100         Non-bonded count:  1212165
 -7.92240E+03  8.79376E-02  1.43067E+00
  
 Energy and Force Generation Info: 
 --------------------------------- 
 Number of E&F called:     556


Final Energy Reports:
------------------------------------
 Total Energy of the system...... -7.92240E+03 kcal/mol
 Total Potential Energy.......... -7.92240E+03 kcal/mol
 Total Kinetic Energy............  0.00000E+00 kcal/mol
 Temperature of the system.......        0.000 K
 Bond Stretch Energy.............  9.98775E+00 kcal/mol
 Angle Bending Energy............  2.91942E+02 kcal/mol
 Torsion Angle Energy............  2.35316E+01 kcal/mol
 Restraining Energy for Torsions.  0.00000E+00 kcal/mol
 1,4 Lennard Jones Energy........  4.97473E+02 kcal/mol
 1,4 Electrostatic Energy........ -3.15696E+02 kcal/mol
 Lennard Jones Energy............ -6.47487E+02 kcal/mol
 Electrostatic Energy............ -7.78215E+03 kcal/mol
 H-bond Energy...................  0.00000E+00 kcal/mol
 
 Exiting IMPACT execution environment 
 Date: Thursday, December 21 2017, at 16:02:47 EST
%IMPACT-I (timit): Total CPU time =      23.08 seconds (   0.4 minutes)
Total elapsed time = 24 seconds
  ** Completed refinement level 0      rmsd =  0.080

** Refinement finished. Final level: 0

** The refined complex file is 4WKQ-impref_ref.mae.
