  Running PropKa to get pKas

Clusters to optimize:
    Cluster 1:
        A:GLN 153 
    Cluster 2:
        A:ASN 163 
    Cluster 3:
        A:GLN 165 
    Cluster 4:
        A:GLN 201 
    Cluster 5:
        A:ASN 229 
    Cluster 6:
        A:LYS 150 
    Cluster 7:
        A:LYS 154 
    Cluster 8:
        A:LYS 164 
    Cluster 9:
        A:LYS 182 
        A:ASP 179 
    Cluster 10:
        A:LYS 183 
    Cluster 11:
        A:LYS 205 
    Cluster 12:
        A:LYS 206 
        A:GLU 204 
    Cluster 13:
        A:HIS 147 
    Cluster 14:
        A:HIS 223 
    Cluster 15:
        A:SER 151 : HG 
    Cluster 16:
        A:THR 167 : HG1
    Cluster 17:
        A:CYS 173 : HG 
    Cluster 18:
        A:THR 176 : HG1
    Cluster 19:
        A:SER 180 : HG 
    Cluster 20:
        A:CYS 194 : HG 
    Cluster 21:
        A:CYS 195 : HG 
    Cluster 22:
        A:TYR 198 : HH 
        A:GLU 225 
    Cluster 23:
        A:THR 212 : HG1
    Cluster 24:
        A:SER 215 : HG 
    Cluster 25:
        A:THR 218 : HG1
    Cluster 26:
        A:GLU 193 
    Cluster 27:
        A:ASP 202 
    Cluster 28:
        A:ASP 211 
    Cluster 29:
        A:ASP 213 
    Cluster 30:
        A:GLU 220 
    Cluster 31:
        A:GLU 221 
    Cluster 32:
        A:GLU 228 

Working on cluster #1...
    A:GLN 153  : 2 states

  Scoring exhaustively (2 potential combinations)...

  Cluster results:
    A:GLN 153  : Flip

Working on cluster #2...
    A:ASN 163  : 2 states

  Scoring exhaustively (2 potential combinations)...

  Cluster results:
    A:ASN 163  : Flip

Working on cluster #3...
    A:GLN 165  : 2 states

  Scoring exhaustively (2 potential combinations)...

  Cluster results:
    A:GLN 165  : No Flip

Working on cluster #4...
    A:GLN 201  : 2 states

  Scoring exhaustively (2 potential combinations)...

  Cluster results:
    A:GLN 201  : No Flip

Working on cluster #5...
    A:ASN 229  : 2 states

  Scoring exhaustively (2 potential combinations)...

  Cluster results:
    A:ASN 229  : No Flip

Working on cluster #6...
    A:LYS 150  : 8 states

  Scoring exhaustively (8 potential combinations)...
    No valid conformations found. Trying again with less strict requirements.

  Cluster results:
    A:LYS 150  : Orientation 1/1 (pKa = 10.44)

Working on cluster #7...
    A:LYS 154  : 8 states

  Scoring exhaustively (8 potential combinations)...

  Cluster results:
    A:LYS 154  : Orientation 1/1 (pKa = 10.37)

Working on cluster #8...
    A:LYS 164  : 4 states

  Scoring exhaustively (4 potential combinations)...

  Cluster results:
    A:LYS 164  : Stagger (pKa = 10.46)

Working on cluster #9...
    A:LYS 182  : 8 states
    A:ASP 179  : 3 states

  Scoring exhaustively (24 potential combinations)...

  Cluster results:
    A:LYS 182  : Stagger (pKa = 11.43)
    A:ASP 179  : Charged (pKa = 2.89)

Working on cluster #10...
    A:LYS 183  : 8 states

  Scoring exhaustively (8 potential combinations)...

  Cluster results:
    A:LYS 183  : Orientation 1/1 (pKa = 10.42)

Working on cluster #11...
    A:LYS 205  : 8 states

  Scoring exhaustively (8 potential combinations)...

  Cluster results:
    A:LYS 205  : Orientation 1/1 (pKa = 10.45)

Working on cluster #12...
    A:LYS 206  : 8 states
    A:GLU 204  : 3 states

  Scoring exhaustively (24 potential combinations)...

  Cluster results:
    A:LYS 206  : Stagger (pKa = 10.95)
    A:GLU 204  : Charged (pKa = 3.81)

Working on cluster #13...
    A:HIS 147  : 6 states

  Scoring exhaustively (6 potential combinations)...

  Cluster results:
    A:HIS 147  : Flip HIP (pKa = 7.92)

Working on cluster #14...
    A:HIS 223  : 6 states

  Scoring exhaustively (6 potential combinations)...

  Cluster results:
    A:HIS 223  : Flip HID (pKa = 6.01)

Working on cluster #15...
    A:SER 151 : HG  : 3 states

  Scoring exhaustively (3 potential combinations)...

  Cluster results:
    A:SER 151 : HG  : Stagger 3 3/3

Working on cluster #16...
    A:THR 167 : HG1 : 5 states

  Scoring exhaustively (5 potential combinations)...

  Cluster results:
    A:THR 167 : HG1 : Stagger 2 4/5

Working on cluster #17...
    A:CYS 173 : HG  : 6 states

  Scoring exhaustively (6 potential combinations)...

  Cluster results:
    A:CYS 173 : HG  : Stagger 3 5/5 (pKa = 9.18)

Working on cluster #18...
    A:THR 176 : HG1 : 6 states

  Scoring exhaustively (6 potential combinations)...

  Cluster results:
    A:THR 176 : HG1 : Orientation 3/6

Working on cluster #19...
    A:SER 180 : HG  : 7 states

  Scoring exhaustively (7 potential combinations)...

  Cluster results:
    A:SER 180 : HG  : Orientation 1/7

Working on cluster #20...
    A:CYS 194 : HG  : 6 states

  Scoring exhaustively (6 potential combinations)...

  Cluster results:
    A:CYS 194 : HG  : Stagger 3 5/5 (pKa = 8.86)

Working on cluster #21...
    A:CYS 195 : HG  : 7 states

  Scoring exhaustively (7 potential combinations)...

  Cluster results:
    A:CYS 195 : HG  : Stagger 1 4/6 (pKa = 10.59)

Working on cluster #22...
    A:TYR 198 : HH  : 3 states
    A:GLU 225  : 3 states

  Scoring exhaustively (9 potential combinations)...

  Cluster results:
    A:TYR 198 : HH  : Orientation 1/2 (pKa = 11.44)
    A:GLU 225  : Charged (pKa = 4.01)

Working on cluster #23...
    A:THR 212 : HG1 : 5 states

  Scoring exhaustively (5 potential combinations)...

  Cluster results:
    A:THR 212 : HG1 : Stagger 1 3/5

Working on cluster #24...
    A:SER 215 : HG  : 8 states

  Scoring exhaustively (8 potential combinations)...

  Cluster results:
    A:SER 215 : HG  : Stagger 2 7/8

Working on cluster #25...
    A:THR 218 : HG1 : 6 states

  Scoring exhaustively (6 potential combinations)...

  Cluster results:
    A:THR 218 : HG1 : Orientation 1/6

Working on cluster #26...
    A:GLU 193  : 3 states

  Scoring exhaustively (3 potential combinations)...

  Cluster results:
    A:GLU 193  : Charged (pKa = 3.77)

Working on cluster #27...
    A:ASP 202  : 3 states

  Scoring exhaustively (3 potential combinations)...

  Cluster results:
    A:ASP 202  : Charged (pKa = 3.9)

Working on cluster #28...
    A:ASP 211  : 3 states

  Scoring exhaustively (3 potential combinations)...

  Cluster results:
    A:ASP 211  : Charged (pKa = 2.45)

Working on cluster #29...
    A:ASP 213  : 3 states

  Scoring exhaustively (3 potential combinations)...

  Cluster results:
    A:ASP 213  : Charged (pKa = 3.73)

Working on cluster #30...
    A:GLU 220  : 3 states

  Scoring exhaustively (3 potential combinations)...

  Cluster results:
    A:GLU 220  : Charged (pKa = 3.89)

Working on cluster #31...
    A:GLU 221  : 3 states

  Scoring exhaustively (3 potential combinations)...

  Cluster results:
    A:GLU 221  : Charged (pKa = 3.81)

Working on cluster #32...
    A:GLU 228  : 3 states

  Scoring exhaustively (3 potential combinations)...

  Cluster results:
    A:GLU 228  : Charged (pKa = 4.61)


Recalculating pKas to identify changes in protonation penalties...
  Running PropKa to get pKas
    No changes in protonation penalties found.

Minimizing hydrogens...

Total score for structure: -24.4542832646

Final pKas:
  A:LYS 150  : 10.44
  A:LYS 154  : 10.37
  A:LYS 164  : 10.46
  A:LYS 182  : 11.43
  A:LYS 183  : 10.42
  A:LYS 205  : 10.45
  A:LYS 206  : 10.96
  A:HIS 147  : 7.92
  A:HIS 223  : 6.01
  A:CYS 173 : HG  : 9.18
  A:CYS 194 : HG  : 8.86
  A:CYS 195 : HG  : 10.59
  A:TYR 198 : HH  : 11.44
  A:ASP 179  : 2.89
  A:GLU 193  : 3.77
  A:ASP 202  : 3.90
  A:GLU 204  : 3.81
  A:ASP 211  : 2.45
  A:ASP 213  : 3.73
  A:GLU 220  : 3.89
  A:GLU 221  : 3.81
  A:GLU 225  : 4.01
  A:GLU 228  : 4.61
Structure extracted from file: 2L05-protassign.mae
Output structure will be written to: 2L05-protassign-out.mae

Complete. Output file: 2L05-protassign-out.mae
