
** Heavy-atom coordinates will be fixed: maxlevel set to 0
  **
  ** Beginning refinement level 0
  **

%IMPACT-I (openwt): Request to open FORMATTED file 2L05-impref_ref0.out on unit   2
 Entering IMPACT execution environment 
 Date: Friday, September 29 2017, at 16:53:35 EDT
 Impact version 76016
 mmshare version        39016
 Copyright (c) Schrodinger, LLC.
 All Rights Reserved.

 Host: Linux ls05 3.10.0-514.21.2.el7.x86_64 #1 SMP Tue Jun 20 12:24:47 UTC 2017 x86_64
 Job Name: 2L05-impref_ref0
 SCHRODINGER  directory: /data/chodera/schrodinger/schrodinger2017-3-advanced
 IMPACT_EXEC  directory: /data/chodera/schrodinger/schrodinger2017-3-advanced/impact-v7.6/bin/Linux-x86_64
 MMSHARE_EXEC directory: /data/chodera/schrodinger/schrodinger2017-3-advanced/mmshare-v3.9/bin/Linux-x86_64

 Clock-based global random seed:     1506718415
%IMPACT-I(foldmain): calling OPLS3 atomtyping ...
%IMPACT-I(foldmain): finished parameter assignment
 PARM read from file "paramstd.dat"
 Parameter obtained from atomtyping
      Current coord. are written to file: "2L05-impref.init_coord.rst"
      Box dimensions not written


 Total number of atoms  =  1398
 
 Neighbor List Cutoff Settings
 ==================================
 Cutoff radius:   10.0000000000000     
 Update frequency: every           10  steps
 Species   1 : Neighbors are calculated on a per residue basis
 Species   1 : Cutoff by inter-atomic distances
 
 Step number:          0         Non-bonded count:   232621
 E-pot        RMS grad     Max grad    
 -1.46926E+03  6.13839E+00  5.66153E+01
 Step number:         10         Non-bonded count:   232621
 -1.62733E+03  8.26584E-01  1.05789E+01
 Step number:         20         Non-bonded count:   232621
 -1.64648E+03  6.30018E-01  1.30996E+01
 Step number:         30         Non-bonded count:   232621
 -1.65575E+03  3.78373E-01  5.21588E+00
 Step number:         40         Non-bonded count:   232621
 -1.66006E+03  3.62868E-01  3.92627E+00
 Step number:         50         Non-bonded count:   232621
 -1.66320E+03  2.74469E-01  3.26519E+00
 Step number:         60         Non-bonded count:   232621
 -1.66500E+03  1.96294E-01  2.30397E+00
 Step number:         70         Non-bonded count:   232621
 -1.66620E+03  1.74879E-01  2.57879E+00
 Step number:         80         Non-bonded count:   232621
 -1.66713E+03  1.23225E-01  1.39570E+00
 Step number:         90         Non-bonded count:   232621
 -1.66790E+03  1.36537E-01  1.65816E+00
 Step number:        100         Non-bonded count:   232621
 -1.66862E+03  1.42160E-01  1.67759E+00
 Step number:        100         Non-bonded count:   232621
 -1.66862E+03  1.42160E-01  1.67759E+00
      Current coord. are written to file: "2L05-impref.min0_coord.rst"
      Box dimensions not written
      Current coordinates are read from file: "2L05-impref.init_coord.rst"
      Box dimensions not read
          read from "2L05-impref.init_coord.rst"
  
 Energy and Force Generation Info: 
 --------------------------------- 
 Number of E&F called:     256
 PARM read from file "paramstd.dat"
 Parameter obtained from atomtyping
      Current coordinates are read from file: "2L05-impref.min0_coord.rst"
      Box dimensions not read
          read from "2L05-impref.min0_coord.rst"


 Total number of atoms  =  1398
 
 Neighbor List Cutoff Settings
 ==================================
 Cutoff radius:   10.0000000000000     
 Update frequency: every           10  steps
 Species   1 : Neighbors are calculated on a per residue basis
 Species   1 : Cutoff by inter-atomic distances
 
 Step number:          0         Non-bonded count:   232621
 E-pot        RMS grad     Max grad    
 -1.29318E+03  2.64662E+00  2.63170E+01
 Step number:         10         Non-bonded count:   232621
 -1.53776E+03  1.20703E+00  1.47025E+01
 Step number:         20         Non-bonded count:   232621
 -1.58771E+03  1.00990E+00  1.75664E+01
 Step number:         30         Non-bonded count:   232621
 -1.60138E+03  2.92041E-01  3.93762E+00
 Step number:         40         Non-bonded count:   232621
 -1.60338E+03  1.92932E-01  3.56272E+00
 Step number:         50         Non-bonded count:   232621
 -1.60464E+03  1.63900E-01  1.87317E+00
 Step number:         60         Non-bonded count:   232621
 -1.60551E+03  1.49671E-01  3.49674E+00
 Step number:         70         Non-bonded count:   232621
 -1.60599E+03  1.13170E-01  3.25813E+00
 Step number:         80         Non-bonded count:   232621
 -1.60632E+03  7.37140E-02  1.29204E+00
 Step number:         90         Non-bonded count:   232621
 -1.60652E+03  9.97650E-02  1.23049E+00
 Step number:        100         Non-bonded count:   232621
 -1.60712E+03  1.31606E-01  4.09788E+00
 Step number:        100         Non-bonded count:   232621
 E-pot        RMS grad     Max grad    
 -1.60712E+03  1.31606E-01  4.09788E+00
  
 Energy and Force Generation Info: 
 --------------------------------- 
 Number of E&F called:     532


Final Energy Reports:
------------------------------------
 Total Energy of the system...... -1.60712E+03 kcal/mol
 Total Potential Energy.......... -1.60712E+03 kcal/mol
 Total Kinetic Energy............  0.00000E+00 kcal/mol
 Temperature of the system.......        0.000 K
 Bond Stretch Energy.............  3.42905E+00 kcal/mol
 Angle Bending Energy............  7.01987E+01 kcal/mol
 Torsion Angle Energy............  1.24070E+01 kcal/mol
 Restraining Energy for Torsions.  0.00000E+00 kcal/mol
 1,4 Lennard Jones Energy........  1.18923E+02 kcal/mol
 1,4 Electrostatic Energy........ -1.17747E+02 kcal/mol
 Lennard Jones Energy............ -1.01870E+02 kcal/mol
 Electrostatic Energy............ -1.59246E+03 kcal/mol
 H-bond Energy...................  0.00000E+00 kcal/mol
 
 Exiting IMPACT execution environment 
 Date: Friday, September 29 2017, at 16:53:47 EDT
%IMPACT-I (timit): Total CPU time =      11.60 seconds (   0.2 minutes)
Total elapsed time = 13 seconds
  ** Completed refinement level 0      rmsd =  0.031

** Refinement finished. Final level: 0

** The refined complex file is 2L05-impref_ref.mae.
