
** Heavy-atom coordinates will be fixed: maxlevel set to 0
  **
  ** Beginning refinement level 0
  **

%IMPACT-I (openwt): Request to open FORMATTED file 5CSW-impref_ref0.out on unit   2
 Entering IMPACT execution environment 
 Date: Friday, June 01 2018, at 15:13:36 EDT
 Impact version 78011
 mmshare version        41011
 Copyright (c) Schrodinger, LLC.
 All Rights Reserved.

 Host: Linux ls17 3.10.0-514.21.2.el7.x86_64 #1 SMP Tue Jun 20 12:24:47 UTC 2017 x86_64
 Job Name: 5CSW-impref_ref0
 SCHRODINGER  directory: /data/chodera/schrodinger/schrodinger2018-1-advanced
 IMPACT_EXEC  directory: /data/chodera/schrodinger/schrodinger2018-1-advanced/impact-v7.8/bin/Linux-x86_64
 MMSHARE_EXEC directory: /data/chodera/schrodinger/schrodinger2018-1-advanced/mmshare-v4.1/bin/Linux-x86_64

 Clock-based global random seed:     1527880416
%IMPACT-I(foldmain): calling OPLS3 atomtyping ...
%IMPACT-I(foldmain): finished parameter assignment
 PARM read from file "paramstd.dat"
 Parameter obtained from atomtyping
      Current coord. are written to file: "5CSW-impref.init_coord.rst"
      Box dimensions not written


 Total number of atoms  =  4444
 
 Neighbor List Cutoff Settings
 ==================================
 Cutoff radius:   10.0000000000000     
 Update frequency: every           10  steps
 Species   1 : Neighbors are calculated on a per residue basis
 Species   1 : Cutoff by inter-atomic distances
 
 Step number:          0         Non-bonded count:  1043238
 E-pot        RMS grad     Max grad    
 -6.87535E+03  5.18956E+00  1.45962E+02
 Step number:         10         Non-bonded count:  1043238
 -7.21654E+03  8.14298E-01  1.36876E+01
 Step number:         20         Non-bonded count:  1043238
 -7.27043E+03  4.35639E-01  8.16235E+00
 Step number:         30         Non-bonded count:  1043238
 -7.29526E+03  3.95361E-01  6.48754E+00
 Step number:         40         Non-bonded count:  1043238
 -7.30730E+03  2.56669E-01  4.25599E+00
 Step number:         50         Non-bonded count:  1043238
 -7.31472E+03  2.76815E-01  8.00069E+00
 Step number:         60         Non-bonded count:  1043238
 -7.31893E+03  2.22815E-01  6.39057E+00
 Step number:         70         Non-bonded count:  1043238
 -7.32235E+03  2.16694E-01  5.62186E+00
 Step number:         80         Non-bonded count:  1043238
 -7.32625E+03  2.12927E-01  5.33555E+00
 Step number:         90         Non-bonded count:  1043238
 -7.32863E+03  1.60413E-01  3.33653E+00
 Step number:        100         Non-bonded count:  1043238
 -7.33071E+03  1.35655E-01  2.23683E+00
 Step number:        100         Non-bonded count:  1043238
 -7.33071E+03  1.35655E-01  2.23683E+00
      Current coord. are written to file: "5CSW-impref.min0_coord.rst"
      Box dimensions not written
      Current coordinates are read from file: "5CSW-impref.init_coord.rst"
      Box dimensions not read
          read from "5CSW-impref.init_coord.rst"
  
 Energy and Force Generation Info: 
 --------------------------------- 
 Number of E&F called:     272
 PARM read from file "paramstd.dat"
 Parameter obtained from atomtyping
      Current coordinates are read from file: "5CSW-impref.min0_coord.rst"
      Box dimensions not read
          read from "5CSW-impref.min0_coord.rst"


 Total number of atoms  =  4444
 
 Neighbor List Cutoff Settings
 ==================================
 Cutoff radius:   10.0000000000000     
 Update frequency: every           10  steps
 Species   1 : Neighbors are calculated on a per residue basis
 Species   1 : Cutoff by inter-atomic distances
 
 Step number:          0         Non-bonded count:  1043238
 E-pot        RMS grad     Max grad    
 -6.11014E+03  2.77666E+00  2.45157E+01
 Step number:         10         Non-bonded count:  1043238
 -6.86484E+03  1.73668E+00  2.10071E+01
 Step number:         20         Non-bonded count:  1043238
 -7.04632E+03  9.82277E-01  1.31249E+01
 Step number:         30         Non-bonded count:  1043238
 -7.09462E+03  5.86393E-01  1.09813E+01
 Step number:         40         Non-bonded count:  1043238
 -7.11025E+03  3.53637E-01  1.17129E+01
 Step number:         50         Non-bonded count:  1043238
 -7.12599E+03  2.85087E-01  6.76012E+00
 Step number:         60         Non-bonded count:  1043238
 -7.13041E+03  1.56482E-01  5.04211E+00
 Step number:         70         Non-bonded count:  1043238
 -7.13221E+03  1.09805E-01  3.12969E+00
 Step number:         80         Non-bonded count:  1043238
 -7.13323E+03  9.19151E-02  2.79037E+00
 Step number:         90         Non-bonded count:  1043238
 -7.13416E+03  8.49006E-02  2.83683E+00
 Step number:        100         Non-bonded count:  1043238
 -7.13473E+03  6.55612E-02  1.86390E+00
 Step number:        100         Non-bonded count:  1043238
 E-pot        RMS grad     Max grad    
 -7.13473E+03  6.55612E-02  1.86390E+00
  
 Energy and Force Generation Info: 
 --------------------------------- 
 Number of E&F called:     565


Final Energy Reports:
------------------------------------
 Total Energy of the system...... -7.13473E+03 kcal/mol
 Total Potential Energy.......... -7.13473E+03 kcal/mol
 Total Kinetic Energy............  0.00000E+00 kcal/mol
 Temperature of the system.......        0.000 K
 Bond Stretch Energy.............  4.19647E+00 kcal/mol
 Angle Bending Energy............  1.96945E+02 kcal/mol
 Torsion Angle Energy............  5.72780E+01 kcal/mol
 Restraining Energy for Torsions.  0.00000E+00 kcal/mol
 1,4 Lennard Jones Energy........  3.85500E+02 kcal/mol
 1,4 Electrostatic Energy........ -3.80382E+02 kcal/mol
 Lennard Jones Energy............ -6.96513E+02 kcal/mol
 Electrostatic Energy............ -6.70175E+03 kcal/mol
 H-bond Energy...................  0.00000E+00 kcal/mol
 
 Exiting IMPACT execution environment 
 Date: Friday, June 01 2018, at 15:13:55 EDT
%IMPACT-I (timit): Total CPU time =      18.96 seconds (   0.3 minutes)
Total elapsed time = 20 seconds
  ** Completed refinement level 0      rmsd =  0.064

** Refinement finished. Final level: 0

** The refined complex file is 5CSW-impref_ref.mae.
