COMMAND:
 /data/chodera/schrodinger/schrodinger2017-3-advanced/epik-v4.1/bin/Linux-x86_64/epik_app -imae 5CSW-epik.mae -omae 5CSW-epik-out.mae -ms 32 -ph 7.4 -pht 0.0 -cg 0.3 0.3 -metal_binding
SCHRODINGER: /data/chodera/schrodinger/schrodinger2017-3-advanced

Running Epik version     4.1016
Epik. Copyright Schrodinger, LLC. All rights reserved.

Input file name:                        5CSW-epik.mae
Output file name:                       5CSW-epik-out.mae
Maximum number of states set to: 32
Structure adjustment calculation requested.
  Target pH set to 7.400
pHt tolerance set to 0.000000e+00
Both connectivity and geometry used in determining redundant structures.
  Structures are distinct if: 
    any position differs by more than 3.000000e-01
    the rms difference in positions is larger than 3.000000e-01
Metal binding mode turned on.

Adjusting structures for pH 7.400000e+00 and minimum probability 1.000000e+00
Solvent model name:                     water
Jobcontrol is not being used for this specific Epik calculation.
---------------------------
Processing Input Structure #1
        Title: 
                                              Calculated pKas
                                                 Conjugate
                                          Atom   Acid/Base  pKa
. . . . . . . . . . . . . . . . . . . . . . .
Variation: 1
                                            24   Conj_Base  7.01
                                            11   Conj_Base  1.31
                                             7   Conj_Base  0.35
                                             3   Conj_Base  0.86
                                             5   Conj_Base  2.35
                                            38   Conj_Acid 12.83
                                            39   Conj_Acid 12.83
 pKa penalty:                                 0.20 kcal/mol
     Charging penalty:                        0.20 kcal/mol
     Neutralization penalty:                  0.00 kcal/mol
 Overall Penalty (tautomerization included): -0.00 kcal/mol
 Total Charge: -1
 Metal Penalty:                              -0.00 kcal/mol
---------------------------
