
Working on structure 1
Fixing common structure mistakes...
  No mistakes were found
Pre-treating metals...
Done treating metals
Assigning bond orders...
  Using CCD: True
CCD template assignment successfully used for HET "P06 "
  Assigned the following bonds (format: atom1, atom2, order): set([(2055, 2059, 2), (2065, 2067, 2), (2048, 2049, 2), (2044, 2043, 2), (2064, 2066, 2), (2063, 2073, 2), (2069, 2068, 2), (2060, 2058, 2), (2063, 2072, 2), (2056, 2057, 2), (2039, 2041, 2), (2046, 2050, 2), (2040, 2042, 2)])
Adding hydrogens...
Treating metals...
Creating di-sulfur bonds...
Converting Selenomethionines...
Detecting missing residue atoms...
Filling missing loops using Prime...
Prime output file: /cbio/jclab/home/albaness/github/PDBfinder/pdbs/Dabrafenib-BRAF/fixed/5CSW-fixed/5csw-missing-loops-out.maegz
Capping protein termini...
CapTermini:     Added NMA Cap: A:721A
CapTermini:     Added ACE Cap: A:448
  The following terminal residues have been capped: A:721, A:449
Finding het groups...
Coloring atoms by element (green carbons in hets)...
Finding het groups (for Epik)...
Processing 1 het groups...
  Using Epik with pH: 7.4
        and pH Range: 0.0
  Max states per het: 32
Running Epik on 1 het groups...
  Waiting for epik...
  Het A:P06 (801): keeping all 1 state(s):
    State penalty: -0.00 kcal/mol; H-Bond count: 4.
Running ProtAssign...
  Uses -minimize option in ProtAssign
  Using PROPKA with pH: 7.4
  RUNNING: /cbio/jclab/share/schrodinger/schrodinger2016-3/utilities/protassign 5CSW-protassign.mae 5CSW-protassign-out.mae -NOJOBID -nowater -minimize -propka_pH 7.4
Optimize H-bond job completed.
Running restrained minimization...
  RMSD: 0.3
  Force field: 2005
  hydrogens only
done with preparation
Writing to file...
DONE. Output file: ../5CSW-fixed.pdb
