  Running PropKa to get pKas

Clusters to optimize:
    Cluster 1:
        A:GLN 456 
    Cluster 2:
        A:GLN 461 
    Cluster 3:
        A:ASN 486 
        A:GLN 609 
        A:GLN 524 
    Cluster 4:
        A:GLN 493 
        A:THR 491 : HG1
    Cluster 5:
        A:GLN 494 
    Cluster 6:
        A:GLN 496 
        A:ASN 500 
    Cluster 7:
        A:ASN 512 
        A:ASP 555 
        A:HID 510 
        A:GLN 559 
    Cluster 8:
        A:GLN 530 
        A:LYS 591 
    Cluster 9:
        A:ASN 580 
    Cluster 10:
        A:ASN 581 
        A:ASP 594 
        A:ASP 576 
        A:SER 616 : HG 
        A:SER 467 : HG 
        A:HID 574 
        A:LYS 578 
    Cluster 11:
        A:ASN 588 
        A:LYS 552 
    Cluster 12:
        A:GLN 612 
        A:SER 614 : HG 
    Cluster 13:
        A:GLN 628 
    Cluster 14:
        A:ASN 631 
    Cluster 15:
        A:GLN 636 
        A:ASP 702 
        A:SER 637 : HG 
        A:SER 634 : HG 
    Cluster 16:
        A:GLN 653 
    Cluster 17:
        A:ASN 658 
        A:SER 657 : HG 
        A:LYS 680 
    Cluster 18:
        A:ASN 660 
    Cluster 19:
        A:ASN 661 
        A:ASP 663 
    Cluster 20:
        A:GLN 664 
    Cluster 21:
        A:ASN 684 
    Cluster 22:
        A:LYS 473 
    Cluster 23:
        A:LYS 475 
    Cluster 24:
        A:LYS 483 
    Cluster 25:
        A:LYS 499 
    Cluster 26:
        A:LYS 507 
    Cluster 27:
        A:LYS 522 
    Cluster 28:
        A:LYS 547 
    Cluster 29:
        A:LYS 551 
    Cluster 30:
        A:LYS 570 
        A:TYR 566 : HH 
    Cluster 31:
        A:LYS 601 
    Cluster 32:
        A:LYS 687 
    Cluster 33:
        A:LYS 690 
    Cluster 34:
        A:LYS 698 
    Cluster 35:
        A:LYS 699 
        A:SER 675 : HG 
    Cluster 36:
        A:LYS 700 
    Cluster 37:
        A:HID 477 
    Cluster 38:
        A:HID 539 
        A:ASP 587 
        A:THR 546 : HG1
        A:SER 544 : HG 
        A:SER 535 : HG 
        A:HID 540 
    Cluster 39:
        A:HID 542 
        A:GLU 648 
        A:SER 579 : HG 
    Cluster 40:
        A:HID 568 
        A:ASP 638 
    Cluster 41:
        A:HID 585 
        A:GLU 586 
    Cluster 42:
        A:HIS 608 
        A:GLU 501 
        A:SER 602 : HG 
    Cluster 43:
        A:THR 458 : HG1
    Cluster 44:
        A:SER 465 : HG 
    Cluster 45:
        A:THR 470 : HG1
    Cluster 46:
        A:TYR 472 : HH 
    Cluster 47:
        A:THR 488 : HG1
    Cluster 48:
        A:THR 508 : HG1
    Cluster 49:
        A:TYR 519 : HH 
        A:ASP 449 
    Cluster 50:
        A:SER 520 : HG 
    Cluster 51:
        A:THR 521 : HG1
        A:GLU 451 
    Cluster 52:
        A:THR 529 : HG1
    Cluster 53:
        A:CYS 532 : HG 
    Cluster 54:
        A:SER 536 : HG 
    Cluster 55:
        A:TYR 538 : HH 
    Cluster 56:
        A:THR 560 : HG1
    Cluster 57:
        A:SER 571 : HG 
    Cluster 58:
        A:THR 589 : HG1
    Cluster 59:
        A:THR 599 : HG1
        A:SER 605 : HG 
    Cluster 60:
        A:SER 607 : HG 
    Cluster 61:
        A:SER 630 : HG 
    Cluster 62:
        A:TYR 633 : HH 
    Cluster 63:
        A:TYR 640 : HH 
        A:TYR 656 : HH 
    Cluster 64:
        A:TYR 647 : HH 
    Cluster 65:
        A:THR 651 : HG1
    Cluster 66:
        A:SER 673 : HG 
    Cluster 67:
        A:SER 679 : HG 
        A:ASP 677 
    Cluster 68:
        A:SER 683 : HG 
    Cluster 69:
        A:CYS 685 : HG 
    Cluster 70:
        A:CYS 696 : HG 
    Cluster 71:
        A:SER 706 : HG 
    Cluster 72:
        A:ASP 454 
    Cluster 73:
        A:ASP 479 
    Cluster 74:
        A:GLU 533 
    Cluster 75:
        A:GLU 545 
    Cluster 76:
        A:GLU 549 
    Cluster 77:
        A:ASP 565 
    Cluster 78:
        A:GLU 611 
    Cluster 79:
        A:GLU 623 
    Cluster 80:
        A:ASP 629 
    Cluster 81:
        A:GLU 667 
    Cluster 82:
        A:GLU 695 
    Cluster 83:
        A:GLU 703 
    Cluster 84:
        A:GLU 713 
    Cluster 85:
        A:GLU 715 
    Cluster 86:
        A:GLU 716 
    Cluster 87:
        A:GLU 720 

Working on cluster #1...
    A:GLN 456  : 2 states

  Scoring exhaustively (2 potential combinations)...

  Cluster results:
    A:GLN 456  : No Flip

Working on cluster #2...
    A:GLN 461  : 2 states

  Scoring exhaustively (2 potential combinations)...

  Cluster results:
    A:GLN 461  : No Flip

Working on cluster #3...
    A:ASN 486  : 2 states
    A:GLN 609  : 2 states
    A:GLN 524  : 2 states

  Scoring exhaustively (8 potential combinations)...

  Cluster results:
    A:ASN 486  : Flip
    A:GLN 609  : Flip
    A:GLN 524  : Flip

Working on cluster #4...
    A:GLN 493  : 2 states
    A:THR 491 : HG1 : 4 states

  Scoring exhaustively (8 potential combinations)...

  Cluster results:
    A:GLN 493  : Flip
    A:THR 491 : HG1 : Default 1/4

Working on cluster #5...
    A:GLN 494  : 2 states

  Scoring exhaustively (2 potential combinations)...

  Cluster results:
    A:GLN 494  : No Flip

Working on cluster #6...
    A:GLN 496  : 2 states
    A:ASN 500  : 2 states

  Scoring exhaustively (4 potential combinations)...

  Cluster results:
    A:GLN 496  : No Flip
    A:ASN 500  : No Flip

Working on cluster #7...
    A:ASN 512  : 2 states
    A:ASP 555  : 3 states
    A:HID 510  : 6 states
    A:GLN 559  : 2 states

  Scoring exhaustively (72 potential combinations)...

  Cluster results:
    A:ASN 512  : Flip
    A:ASP 555  : Charged (pKa = 3.54)
    A:HID 510  : HIE (pKa = 5.19)
    A:GLN 559  : No Flip

Working on cluster #8...
    A:GLN 530  : 2 states
    A:LYS 591  : 16 states

  Scoring exhaustively (32 potential combinations)...
    No valid conformations found. Trying again with less strict requirements.

  Cluster results:
    A:GLN 530  : No Flip
    A:LYS 591  : Stagger (pKa = 9.12)

Working on cluster #9...
    A:ASN 580  : 2 states

  Scoring exhaustively (2 potential combinations)...

  Cluster results:
    A:ASN 580  : Flip

Working on cluster #10...
    A:ASN 581  : 2 states
    A:ASP 594  : 3 states
    A:ASP 576  : 3 states
    A:SER 616 : HG  : 6 states
    A:SER 467 : HG  : 10 states
    A:HID 574  : 6 states
    A:LYS 578  : 8 states

  Scoring exhaustively (51840 potential combinations)...

  Cluster results:
    A:ASN 581  : No Flip
    A:ASP 594  : Charged (pKa = 3.29)
    A:ASP 576  : Charged (pKa = 6.21)
    A:SER 616 : HG  : Orientation 3/6
    A:SER 467 : HG  : Orientation 1/10
    A:HID 574  : HIE (pKa = 4.59)
    A:LYS 578  : Orientation 1/1 (pKa = 10.6)

Working on cluster #11...
    A:ASN 588  : 2 states
    A:LYS 552  : 8 states

  Scoring exhaustively (16 potential combinations)...

  Cluster results:
    A:ASN 588  : No Flip
    A:LYS 552  : Stagger (pKa = 10.12)

Working on cluster #12...
    A:GLN 612  : 2 states
    A:SER 614 : HG  : 7 states

  Scoring exhaustively (14 potential combinations)...

  Cluster results:
    A:GLN 612  : Flip
    A:SER 614 : HG  : Orientation 5/7

Working on cluster #13...
    A:GLN 628  : 2 states

  Scoring exhaustively (2 potential combinations)...

  Cluster results:
    A:GLN 628  : No Flip

Working on cluster #14...
    A:ASN 631  : 2 states

  Scoring exhaustively (2 potential combinations)...

  Cluster results:
    A:ASN 631  : No Flip

Working on cluster #15...
    A:GLN 636  : 2 states
    A:ASP 702  : 3 states
    A:SER 637 : HG  : 7 states
    A:SER 634 : HG  : 9 states

  Scoring exhaustively (378 potential combinations)...

  Cluster results:
    A:GLN 636  : No Flip
    A:ASP 702  : Charged (pKa = 3.65)
    A:SER 637 : HG  : Stagger 1 5/7
    A:SER 634 : HG  : Orientation 3/9

Working on cluster #16...
    A:GLN 653  : 2 states

  Scoring exhaustively (2 potential combinations)...

  Cluster results:
    A:GLN 653  : No Flip

Working on cluster #17...
    A:ASN 658  : 2 states
    A:SER 657 : HG  : 11 states
    A:LYS 680  : 12 states

  Scoring exhaustively (264 potential combinations)...

  Cluster results:
    A:ASN 658  : No Flip
    A:SER 657 : HG  : Orientation 3/11
    A:LYS 680  : Orientation 1/2 (pKa = 10.24)

Working on cluster #18...
    A:ASN 660  : 2 states

  Scoring exhaustively (2 potential combinations)...

  Cluster results:
    A:ASN 660  : No Flip

Working on cluster #19...
    A:ASN 661  : 2 states
    A:ASP 663  : 3 states

  Scoring exhaustively (6 potential combinations)...

  Cluster results:
    A:ASN 661  : No Flip
    A:ASP 663  : Charged (pKa = 3.92)

Working on cluster #20...
    A:GLN 664  : 2 states

  Scoring exhaustively (2 potential combinations)...

  Cluster results:
    A:GLN 664  : No Flip

Working on cluster #21...
    A:ASN 684  : 2 states

  Scoring exhaustively (2 potential combinations)...

  Cluster results:
    A:ASN 684  : No Flip

Working on cluster #22...
    A:LYS 473  : 8 states

  Scoring exhaustively (8 potential combinations)...

  Cluster results:
    A:LYS 473  : Stagger (pKa = 10.71)

Working on cluster #23...
    A:LYS 475  : 12 states

  Scoring exhaustively (12 potential combinations)...

  Cluster results:
    A:LYS 475  : Orientation 1/2 (pKa = 10.38)

Working on cluster #24...
    A:LYS 483  : 8 states

  Scoring exhaustively (8 potential combinations)...

  Cluster results:
    A:LYS 483  : Orientation 1/1 (pKa = 8.2)

Working on cluster #25...
    A:LYS 499  : 12 states

  Scoring exhaustively (12 potential combinations)...

  Cluster results:
    A:LYS 499  : Orientation 1/2 (pKa = 10.39)

Working on cluster #26...
    A:LYS 507  : 8 states

  Scoring exhaustively (8 potential combinations)...

  Cluster results:
    A:LYS 507  : Orientation 1/1 (pKa = 10.21)

Working on cluster #27...
    A:LYS 522  : 4 states

  Scoring exhaustively (4 potential combinations)...

  Cluster results:
    A:LYS 522  : Stagger (pKa = 10.54)

Working on cluster #28...
    A:LYS 547  : 4 states

  Scoring exhaustively (4 potential combinations)...

  Cluster results:
    A:LYS 547  : Stagger (pKa = 10.46)

Working on cluster #29...
    A:LYS 551  : 12 states

  Scoring exhaustively (12 potential combinations)...

  Cluster results:
    A:LYS 551  : Orientation 1/2 (pKa = 10.47)

Working on cluster #30...
    A:LYS 570  : 8 states
    A:TYR 566 : HH  : 4 states

  Scoring exhaustively (32 potential combinations)...

  Cluster results:
    A:LYS 570  : Orientation 1/1 (pKa = 10.75)
    A:TYR 566 : HH  : Default 1 2/3 (pKa = 9.36)

Working on cluster #31...
    A:LYS 601  : 8 states

  Scoring exhaustively (8 potential combinations)...
    No valid conformations found. Trying again with less strict requirements.

  Cluster results:
    A:LYS 601  : Stagger (pKa = 9.17)

Working on cluster #32...
    A:LYS 687  : 8 states

  Scoring exhaustively (8 potential combinations)...

  Cluster results:
    A:LYS 687  : Orientation 1/1 (pKa = 10.24)

Working on cluster #33...
    A:LYS 690  : 16 states

  Scoring exhaustively (16 potential combinations)...

  Cluster results:
    A:LYS 690  : Orientation 1/3 (pKa = 10.42)

Working on cluster #34...
    A:LYS 698  : 8 states

  Scoring exhaustively (8 potential combinations)...

  Cluster results:
    A:LYS 698  : Orientation 1/1 (pKa = 10.42)

Working on cluster #35...
    A:LYS 699  : 8 states
    A:SER 675 : HG  : 5 states

  Scoring exhaustively (40 potential combinations)...

  Cluster results:
    A:LYS 699  : Orientation 1/1 (pKa = 9.91)
    A:SER 675 : HG  : Stagger 1 3/5

Working on cluster #36...
    A:LYS 700  : 8 states

  Scoring exhaustively (8 potential combinations)...

  Cluster results:
    A:LYS 700  : Orientation 1/1 (pKa = 10.65)

Working on cluster #37...
    A:HID 477  : 6 states

  Scoring exhaustively (6 potential combinations)...

  Cluster results:
    A:HID 477  : HID (pKa = 6.22)

Working on cluster #38...
    A:HID 539  : 6 states
    A:ASP 587  : 3 states
    A:THR 546 : HG1 : 8 states
    A:SER 544 : HG  : 7 states
    A:SER 535 : HG  : 8 states
    A:HID 540  : 6 states

  Scoring exhaustively (48384 potential combinations)...

  Cluster results:
    A:HID 539  : HIE (pKa = 6.17)
    A:ASP 587  : Charged (pKa = 3.4)
    A:THR 546 : HG1 : Stagger 2 7/8
    A:SER 544 : HG  : Stagger 1 5/7
    A:SER 535 : HG  : Orientation 1/8
    A:HID 540  : HIE (pKa = 5.92)

Working on cluster #39...
    A:HID 542  : 6 states
    A:GLU 648  : 3 states
    A:SER 579 : HG  : 10 states

  Scoring exhaustively (180 potential combinations)...

  Cluster results:
    A:HID 542  : HIP (pKa = 7.17)
    A:GLU 648  : Charged (pKa = 5.35)
    A:SER 579 : HG  : Orientation 3/10

Working on cluster #40...
    A:HID 568  : 6 states
    A:ASP 638  : 3 states

  Scoring exhaustively (18 potential combinations)...

  Cluster results:
    A:HID 568  : HIE (pKa = 6.35)
    A:ASP 638  : Charged (pKa = 3.38)

Working on cluster #41...
    A:HID 585  : 6 states
    A:GLU 586  : 3 states

  Scoring exhaustively (18 potential combinations)...

  Cluster results:
    A:HID 585  : HIE (pKa = 5.91)
    A:GLU 586  : Charged (pKa = 4.71)

Working on cluster #42...
    A:HIS 608  : 6 states
    A:GLU 501  : 3 states
    A:SER 602 : HG  : 9 states

  Scoring exhaustively (162 potential combinations)...

  Cluster results:
    A:HIS 608  : HIE (pKa = 7.37)
    A:GLU 501  : Charged (pKa = 4.49)
    A:SER 602 : HG  : Orientation 2/9

Working on cluster #43...
    A:THR 458 : HG1 : 5 states

  Scoring exhaustively (5 potential combinations)...

  Cluster results:
    A:THR 458 : HG1 : Stagger 1 3/5

Working on cluster #44...
    A:SER 465 : HG  : 5 states

  Scoring exhaustively (5 potential combinations)...

  Cluster results:
    A:SER 465 : HG  : Stagger 1 3/5

Working on cluster #45...
    A:THR 470 : HG1 : 4 states

  Scoring exhaustively (4 potential combinations)...

  Cluster results:
    A:THR 470 : HG1 : Stagger 1 2/4

Working on cluster #46...
    A:TYR 472 : HH  : 5 states

  Scoring exhaustively (5 potential combinations)...

  Cluster results:
    A:TYR 472 : HH  : Orientation 1/4 (pKa = 10.18)

Working on cluster #47...
    A:THR 488 : HG1 : 4 states

  Scoring exhaustively (4 potential combinations)...

  Cluster results:
    A:THR 488 : HG1 : Stagger 1 2/4

Working on cluster #48...
    A:THR 508 : HG1 : 9 states

  Scoring exhaustively (9 potential combinations)...

  Cluster results:
    A:THR 508 : HG1 : Orientation 1/9

Working on cluster #49...
    A:TYR 519 : HH  : 5 states
    A:ASP 449  : 3 states

  Scoring exhaustively (15 potential combinations)...

  Cluster results:
    A:TYR 519 : HH  : Orientation 1/4 (pKa = 10.95)
    A:ASP 449  : Charged (pKa = 7.69)

Working on cluster #50...
    A:SER 520 : HG  : 5 states

  Scoring exhaustively (5 potential combinations)...

  Cluster results:
    A:SER 520 : HG  : Stagger 3 5/5

Working on cluster #51...
    A:THR 521 : HG1 : 5 states
    A:GLU 451  : 3 states

  Scoring exhaustively (15 potential combinations)...

  Cluster results:
    A:THR 521 : HG1 : Stagger 2 4/5
    A:GLU 451  : Charged (pKa = 4.34)

Working on cluster #52...
    A:THR 529 : HG1 : 7 states

  Scoring exhaustively (7 potential combinations)...

  Cluster results:
    A:THR 529 : HG1 : Stagger 1 6/7

Working on cluster #53...
    A:CYS 532 : HG  : 6 states

  Scoring exhaustively (6 potential combinations)...

  Cluster results:
    A:CYS 532 : HG  : Stagger 1 3/5 (pKa = 11.66)

Working on cluster #54...
    A:SER 536 : HG  : 9 states

  Scoring exhaustively (9 potential combinations)...

  Cluster results:
    A:SER 536 : HG  : Orientation 2/9

Working on cluster #55...
    A:TYR 538 : HH  : 4 states

  Scoring exhaustively (4 potential combinations)...

  Cluster results:
    A:TYR 538 : HH  : Orientation 1/3 (pKa = 10.74)

Working on cluster #56...
    A:THR 560 : HG1 : 5 states

  Scoring exhaustively (5 potential combinations)...

  Cluster results:
    A:THR 560 : HG1 : Orientation 1/5

Working on cluster #57...
    A:SER 571 : HG  : 5 states

  Scoring exhaustively (5 potential combinations)...

  Cluster results:
    A:SER 571 : HG  : Stagger 1 3/5

Working on cluster #58...
    A:THR 589 : HG1 : 4 states

  Scoring exhaustively (4 potential combinations)...

  Cluster results:
    A:THR 589 : HG1 : Stagger 1 2/4

Working on cluster #59...
    A:THR 599 : HG1 : 6 states
    A:SER 605 : HG  : 7 states

  Scoring exhaustively (42 potential combinations)...

  Cluster results:
    A:THR 599 : HG1 : Orientation 1/6
    A:SER 605 : HG  : Orientation 3/7

Working on cluster #60...
    A:SER 607 : HG  : 4 states

  Scoring exhaustively (4 potential combinations)...

  Cluster results:
    A:SER 607 : HG  : Orientation 1/4

Working on cluster #61...
    A:SER 630 : HG  : 8 states

  Scoring exhaustively (8 potential combinations)...

  Cluster results:
    A:SER 630 : HG  : Stagger 2 7/8

Working on cluster #62...
    A:TYR 633 : HH  : 3 states

  Scoring exhaustively (3 potential combinations)...

  Cluster results:
    A:TYR 633 : HH  : Orientation 1/2 (pKa = 11.52)

Working on cluster #63...
    A:TYR 640 : HH  : 5 states
    A:TYR 656 : HH  : 4 states

  Scoring exhaustively (20 potential combinations)...

  Cluster results:
    A:TYR 640 : HH  : Orientation 2/4 (pKa = 12.05)
    A:TYR 656 : HH  : Orientation 1/3 (pKa = 14.4)

Working on cluster #64...
    A:TYR 647 : HH  : 3 states

  Scoring exhaustively (3 potential combinations)...

  Cluster results:
    A:TYR 647 : HH  : Orientation 1/2 (pKa = 11.61)

Working on cluster #65...
    A:THR 651 : HG1 : 7 states

  Scoring exhaustively (7 potential combinations)...

  Cluster results:
    A:THR 651 : HG1 : Orientation 1/7

Working on cluster #66...
    A:SER 673 : HG  : 6 states

  Scoring exhaustively (6 potential combinations)...

  Cluster results:
    A:SER 673 : HG  : Orientation 1/6

Working on cluster #67...
    A:SER 679 : HG  : 8 states
    A:ASP 677  : 3 states

  Scoring exhaustively (24 potential combinations)...

  Cluster results:
    A:SER 679 : HG  : Orientation 1/8
    A:ASP 677  : Charged (pKa = 3.02)

Working on cluster #68...
    A:SER 683 : HG  : 5 states

  Scoring exhaustively (5 potential combinations)...

  Cluster results:
    A:SER 683 : HG  : Stagger 2 4/5

Working on cluster #69...
    A:CYS 685 : HG  : 5 states

  Scoring exhaustively (5 potential combinations)...

  Cluster results:
    A:CYS 685 : HG  : Orientation 1/4 (pKa = 10.76)

Working on cluster #70...
    A:CYS 696 : HG  : 7 states

  Scoring exhaustively (7 potential combinations)...

  Cluster results:
    A:CYS 696 : HG  : Orientation 1/6 (pKa = 12.51)

Working on cluster #71...
    A:SER 706 : HG  : 5 states

  Scoring exhaustively (5 potential combinations)...

  Cluster results:
    A:SER 706 : HG  : Stagger 1 3/5

Working on cluster #72...
    A:ASP 454  : 3 states

  Scoring exhaustively (3 potential combinations)...

  Cluster results:
    A:ASP 454  : Charged (pKa = 3.81)

Working on cluster #73...
    A:ASP 479  : 3 states

  Scoring exhaustively (3 potential combinations)...

  Cluster results:
    A:ASP 479  : Charged (pKa = 3.55)

Working on cluster #74...
    A:GLU 533  : 3 states

  Scoring exhaustively (3 potential combinations)...

  Cluster results:
    A:GLU 533  : Charged (pKa = 4.18)

Working on cluster #75...
    A:GLU 545  : 3 states

  Scoring exhaustively (3 potential combinations)...

  Cluster results:
    A:GLU 545  : Charged (pKa = 4.61)

Working on cluster #76...
    A:GLU 549  : 3 states

  Scoring exhaustively (3 potential combinations)...

  Cluster results:
    A:GLU 549  : Charged (pKa = 4.57)

Working on cluster #77...
    A:ASP 565  : 3 states

  Scoring exhaustively (3 potential combinations)...

  Cluster results:
    A:ASP 565  : Charged (pKa = 4.78)

Working on cluster #78...
    A:GLU 611  : 3 states

  Scoring exhaustively (3 potential combinations)...

  Cluster results:
    A:GLU 611  : Charged (pKa = 4.7)

Working on cluster #79...
    A:GLU 623  : 3 states

  Scoring exhaustively (3 potential combinations)...

  Cluster results:
    A:GLU 623  : Charged (pKa = 4.41)

Working on cluster #80...
    A:ASP 629  : 3 states

  Scoring exhaustively (3 potential combinations)...

  Cluster results:
    A:ASP 629  : Charged (pKa = 3.67)

Working on cluster #81...
    A:GLU 667  : 3 states

  Scoring exhaustively (3 potential combinations)...

  Cluster results:
    A:GLU 667  : Charged (pKa = 4.16)

Working on cluster #82...
    A:GLU 695  : 3 states

  Scoring exhaustively (3 potential combinations)...

  Cluster results:
    A:GLU 695  : Charged (pKa = 4.32)

Working on cluster #83...
    A:GLU 703  : 3 states

  Scoring exhaustively (3 potential combinations)...

  Cluster results:
    A:GLU 703  : Charged (pKa = 4.54)

Working on cluster #84...
    A:GLU 713  : 3 states

  Scoring exhaustively (3 potential combinations)...

  Cluster results:
    A:GLU 713  : Charged (pKa = 3.94)

Working on cluster #85...
    A:GLU 715  : 3 states

  Scoring exhaustively (3 potential combinations)...

  Cluster results:
    A:GLU 715  : Charged (pKa = 3.59)

Working on cluster #86...
    A:GLU 716  : 3 states

  Scoring exhaustively (3 potential combinations)...

  Cluster results:
    A:GLU 716  : Charged (pKa = 4.42)

Working on cluster #87...
    A:GLU 720  : 3 states

  Scoring exhaustively (3 potential combinations)...

  Cluster results:
    A:GLU 720  : Charged (pKa = 4.65)


Recalculating pKas to identify changes in protonation penalties...
  Running PropKa to get pKas
    No changes in protonation penalties found.

Minimizing hydrogens...

Total score for structure: -86.220734652

Final pKas:
  A:LYS 473  : 10.71
  A:LYS 475  : 10.38
  A:LYS 483  : 8.20
  A:LYS 499  : 10.39
  A:LYS 507  : 10.21
  A:LYS 522  : 10.54
  A:LYS 547  : 10.46
  A:LYS 551  : 10.47
  A:LYS 552  : 10.12
  A:LYS 570  : 10.75
  A:LYS 578  : 10.60
  A:LYS 591  : 9.12
  A:LYS 601  : 9.17
  A:LYS 680  : 10.24
  A:LYS 687  : 10.24
  A:LYS 690  : 10.42
  A:LYS 698  : 10.42
  A:LYS 699  : 9.91
  A:LYS 700  : 10.65
  A:HID 477  : 6.22
  A:HID 510  : 5.19
  A:HID 539  : 6.17
  A:HID 540  : 5.92
  A:HID 542  : 7.17
  A:HID 568  : 6.35
  A:HID 574  : 4.59
  A:HID 585  : 5.91
  A:HIS 608  : 7.37
  A:TYR 472 : HH  : 10.18
  A:TYR 519 : HH  : 10.95
  A:CYS 532 : HG  : 11.66
  A:TYR 538 : HH  : 10.74
  A:TYR 566 : HH  : 9.36
  A:TYR 633 : HH  : 11.52
  A:TYR 640 : HH  : 12.05
  A:TYR 647 : HH  : 11.61
  A:TYR 656 : HH  : 14.40
  A:CYS 685 : HG  : 10.76
  A:CYS 696 : HG  : 12.51
  A:ASP 449  : 7.69
  A:GLU 451  : 4.34
  A:ASP 454  : 3.81
  A:ASP 479  : 3.55
  A:GLU 501  : 4.49
  A:GLU 533  : 4.18
  A:GLU 545  : 4.61
  A:GLU 549  : 4.57
  A:ASP 555  : 3.54
  A:ASP 565  : 4.78
  A:ASP 576  : 6.21
  A:GLU 586  : 4.71
  A:ASP 587  : 3.40
  A:ASP 594  : 3.29
  A:GLU 611  : 4.70
  A:GLU 623  : 4.41
  A:ASP 629  : 3.67
  A:ASP 638  : 3.38
  A:GLU 648  : 5.35
  A:ASP 663  : 3.92
  A:GLU 667  : 4.16
  A:ASP 677  : 3.02
  A:GLU 695  : 4.32
  A:ASP 702  : 3.65
  A:GLU 703  : 4.54
  A:GLU 713  : 3.94
  A:GLU 715  : 3.59
  A:GLU 716  : 4.42
  A:GLU 720  : 4.65
Structure extracted from file: 5CSW-protassign.mae
Output structure will be written to: 5CSW-protassign-out.mae

Complete. Output file: 5CSW-protassign-out.mae
