  Running PropKa to get pKas

Clusters to optimize:
    Cluster 1:
        A:GLN 153 
        A:SER 151 : HG 
    Cluster 2:
        A:ASN 163 
    Cluster 3:
        A:GLN 165 
    Cluster 4:
        A:GLN 201 
        A:GLU 204 
        A:LYS 206 
    Cluster 5:
        A:ASN 229 
    Cluster 6:
        A:LYS 154 
    Cluster 7:
        A:LYS 164 
    Cluster 8:
        A:LYS 182 
    Cluster 9:
        A:LYS 183 
    Cluster 10:
        A:LYS 205 
        A:GLU 225 
        A:TYR 198 : HH 
    Cluster 11:
        A:HIS 223 
    Cluster 12:
        A:THR 167 : HG1
    Cluster 13:
        A:CYS 173 : HG 
        A:ASP 213 
        A:SER 215 : HG 
    Cluster 14:
        A:THR 176 : HG1
    Cluster 15:
        A:SER 180 : HG 
    Cluster 16:
        A:CYS 194 : HG 
    Cluster 17:
        A:CYS 195 : HG 
    Cluster 18:
        A:THR 212 : HG1
    Cluster 19:
        A:THR 218 : HG1
    Cluster 20:
        A:ASP 179 
    Cluster 21:
        A:GLU 193 
    Cluster 22:
        A:ASP 202 
    Cluster 23:
        A:ASP 211 
    Cluster 24:
        A:GLU 220 
    Cluster 25:
        A:GLU 221 
    Cluster 26:
        A:GLU 228 

Working on cluster #1...
    A:GLN 153  : 2 states
    A:SER 151 : HG  : 5 states

  Scoring exhaustively (10 potential combinations)...

  Cluster results:
    A:GLN 153  : No Flip
    A:SER 151 : HG  : Stagger 3 5/5 (pKa = 7.87)

Working on cluster #2...
    A:ASN 163  : 2 states

  Scoring exhaustively (2 potential combinations)...

  Cluster results:
    A:ASN 163  : No Flip

Working on cluster #3...
    A:GLN 165  : 2 states

  Scoring exhaustively (2 potential combinations)...

  Cluster results:
    A:GLN 165  : No Flip

Working on cluster #4...
    A:GLN 201  : 2 states
    A:GLU 204  : 3 states
    A:LYS 206  : 8 states

  Scoring exhaustively (48 potential combinations)...

  Cluster results:
    A:GLN 201  : No Flip
    A:GLU 204  : Charged (pKa = 3.8)
    A:LYS 206  : Orientation 1/1 (pKa = 11.0)

Working on cluster #5...
    A:ASN 229  : 2 states

  Scoring exhaustively (2 potential combinations)...

  Cluster results:
    A:ASN 229  : No Flip

Working on cluster #6...
    A:LYS 154  : 16 states

  Scoring exhaustively (16 potential combinations)...

  Cluster results:
    A:LYS 154  : Orientation 1/3 (pKa = 10.37)

Working on cluster #7...
    A:LYS 164  : 8 states

  Scoring exhaustively (8 potential combinations)...

  Cluster results:
    A:LYS 164  : Stagger (pKa = 10.35)

Working on cluster #8...
    A:LYS 182  : 8 states

  Scoring exhaustively (8 potential combinations)...

  Cluster results:
    A:LYS 182  : Orientation 1/1 (pKa = 10.29)

Working on cluster #9...
    A:LYS 183  : 8 states

  Scoring exhaustively (8 potential combinations)...

  Cluster results:
    A:LYS 183  : Orientation 1/1 (pKa = 10.39)

Working on cluster #10...
    A:LYS 205  : 12 states
    A:GLU 225  : 3 states
    A:TYR 198 : HH  : 3 states

  Scoring exhaustively (108 potential combinations)...

  Cluster results:
    A:LYS 205  : Orientation 2/2 (pKa = 11.56)
    A:GLU 225  : Charged (pKa = 3.58)
    A:TYR 198 : HH  : Default 2 2/2 (pKa = 10.29)

Working on cluster #11...
    A:HIS 223  : 6 states

  Scoring exhaustively (6 potential combinations)...

  Cluster results:
    A:HIS 223  : Flip HID (pKa = 5.58)

Working on cluster #12...
    A:THR 167 : HG1 : 5 states

  Scoring exhaustively (5 potential combinations)...

  Cluster results:
    A:THR 167 : HG1 : Stagger 3 5/5

Working on cluster #13...
    A:CYS 173 : HG  : 7 states
    A:ASP 213  : 3 states
    A:SER 215 : HG  : 8 states

  Scoring exhaustively (168 potential combinations)...

  Cluster results:
    A:CYS 173 : HG  : Stagger 3 6/6 (pKa = 8.86)
    A:ASP 213  : Charged (pKa = 1.89)
    A:SER 215 : HG  : Orientation 1/8

Working on cluster #14...
    A:THR 176 : HG1 : 7 states

  Scoring exhaustively (7 potential combinations)...

  Cluster results:
    A:THR 176 : HG1 : Default 5/7

Working on cluster #15...
    A:SER 180 : HG  : 7 states

  Scoring exhaustively (7 potential combinations)...

  Cluster results:
    A:SER 180 : HG  : Orientation 2/7

Working on cluster #16...
    A:CYS 194 : HG  : 4 states

  Scoring exhaustively (4 potential combinations)...

  Cluster results:
    A:CYS 194 : HG  : Stagger 3 3/3 (pKa = 9.36)

Working on cluster #17...
    A:CYS 195 : HG  : 7 states

  Scoring exhaustively (7 potential combinations)...

  Cluster results:
    A:CYS 195 : HG  : Stagger 1 4/6 (pKa = 10.7)

Working on cluster #18...
    A:THR 212 : HG1 : 5 states

  Scoring exhaustively (5 potential combinations)...

  Cluster results:
    A:THR 212 : HG1 : Stagger 3 5/5

Working on cluster #19...
    A:THR 218 : HG1 : 7 states

  Scoring exhaustively (7 potential combinations)...

  Cluster results:
    A:THR 218 : HG1 : Orientation 1/7

Working on cluster #20...
    A:ASP 179  : 3 states

  Scoring exhaustively (3 potential combinations)...

  Cluster results:
    A:ASP 179  : Charged (pKa = 3.6)

Working on cluster #21...
    A:GLU 193  : 3 states

  Scoring exhaustively (3 potential combinations)...

  Cluster results:
    A:GLU 193  : Charged (pKa = 3.51)

Working on cluster #22...
    A:ASP 202  : 3 states

  Scoring exhaustively (3 potential combinations)...

  Cluster results:
    A:ASP 202  : Charged (pKa = 3.83)

Working on cluster #23...
    A:ASP 211  : 3 states

  Scoring exhaustively (3 potential combinations)...

  Cluster results:
    A:ASP 211  : Charged (pKa = 3.69)

Working on cluster #24...
    A:GLU 220  : 3 states

  Scoring exhaustively (3 potential combinations)...

  Cluster results:
    A:GLU 220  : Charged (pKa = 4.23)

Working on cluster #25...
    A:GLU 221  : 3 states

  Scoring exhaustively (3 potential combinations)...

  Cluster results:
    A:GLU 221  : Charged (pKa = 3.41)

Working on cluster #26...
    A:GLU 228  : 3 states

  Scoring exhaustively (3 potential combinations)...

  Cluster results:
    A:GLU 228  : Charged (pKa = 4.67)


Recalculating pKas to identify changes in protonation penalties...
  Running PropKa to get pKas
    No changes in protonation penalties found.

Minimizing hydrogens...

Total score for structure: -25.1178685355

Final pKas:
  A:LYS 154  : 10.37
  A:LYS 164  : 10.35
  A:LYS 182  : 10.29
  A:LYS 183  : 10.39
  A:LYS 205  : 11.56
  A:LYS 206  : 11.00
  A:HIS 223  : 5.58
  A:SER 151 : HG  : 7.87
  A:CYS 173 : HG  : 8.86
  A:CYS 194 : HG  : 9.36
  A:CYS 195 : HG  : 10.70
  A:TYR 198 : HH  : 10.29
  A:ASP 179  : 3.60
  A:GLU 193  : 3.51
  A:ASP 202  : 3.83
  A:GLU 204  : 3.80
  A:ASP 211  : 3.69
  A:ASP 213  : 1.89
  A:GLU 220  : 4.22
  A:GLU 221  : 3.41
  A:GLU 225  : 3.58
  A:GLU 228  : 4.67
Structure extracted from file: 5J17-protassign.mae
Output structure will be written to: 5J17-protassign-out.mae

Complete. Output file: 5J17-protassign-out.mae
