
Working on structure 1
Fixing common structure mistakes...
  No mistakes were found
Pre-treating metals...
Done treating metals
Assigning bond orders...
  Using CCD: True
CCD template assignment successfully used for HET "1N1 "
  Assigned the following bonds (format: atom1, atom2, order): set([(2262, 2261, 2), (2281, 2280, 2), (2267, 2284, 2), (2279, 2263, 2), (2268, 2285, 2), (2258, 2257, 2), (2265, 2266, 2), (2259, 2283, 2), (2275, 2276, 2)])
Removing and re-adding hydrogens...
Treating metals...
Creating di-sulfur bonds...
Converting Selenomethionines...
Filling missing loops using Prime...
Detecting missing residue atoms...
Finding het groups...
Coloring atoms by element (green carbons in hets)...
Finding het groups (for Epik)...
Processing 1 het groups...
  Using Epik with pH: 7.4
        and pH Range: 0.0
  Max states per het: 32
Running Epik on 1 het groups...
  Waiting for epik...
  Het A:1N1 (501): keeping all 1 state(s):
    State penalty: 0.33 kcal/mol; H-Bond count: 2.
Running ProtAssign...
  Uses -minimize option in ProtAssign
  Using PROPKA with pH: 7.4
  RUNNING: /data/chodera/schrodinger/schrodinger2017-3-advanced/utilities/protassign 2GQG-protassign.mae 2GQG-protassign-out.mae -NOJOBID -nowater -minimize -propka_pH 7.4
Optimize H-bond job completed.
Deleting non-bridging waters...
  Deleted waters: A:502, A:503, A:504, A:505, A:506, A:507, A:508, A:509, A:510, A:511, A:512, A:513, A:514, A:515, A:516, A:517, A:518, A:519, A:520, A:521, A:522, A:523, A:524, A:525, A:526, A:527, A:528, A:529, A:530, A:531, A:532, A:533, A:534, A:536, A:537, A:538, A:539, A:540, A:541, A:542, A:543, A:544, A:545, A:546, A:547, A:548, A:549, A:550, A:551, A:552, A:553, A:554, A:555, A:556, A:557, A:558, A:559, A:560, A:561, A:562, A:563, A:564, A:565, A:566, A:567, A:568, A:569, A:570, A:571, A:572, A:573, A:574, A:575, A:576, A:577, A:578, A:579, A:580, A:581, A:582, A:583, A:584, A:585, A:586, A:587, A:588, A:589, A:590, A:591, A:592, A:593, A:594, A:595, A:596, A:597, A:598, A:599, A:600, A:601, A:602, A:603, A:604, A:605, A:606, A:607, A:608, A:609, A:610, A:611, A:612, A:613, A:614, A:615, A:616, A:617, A:618, A:619, A:620, A:621, A:622, A:623, A:624, A:625, A:626, A:627, A:628, A:629, A:630, A:631, A:632, A:633, A:634, A:635, A:636, A:637, A:638, A:639, A:640, A:641, A:642, A:643, A:644, A:645, A:646
Running restrained minimization...
  RMSD: 0.3
  Force field: 3
  hydrogens only
done with preparation
Writing to file...
DONE. Output file: ../2GQG-fixed.pdb
