
** Heavy-atom coordinates will be fixed: maxlevel set to 0
  **
  ** Beginning refinement level 0
  **

%IMPACT-I (openwt): Request to open FORMATTED file 2GQG-impref_ref0.out on unit   2
 Entering IMPACT execution environment 
 Date: Monday, October 02 2017, at 13:26:31 EDT
 Impact version 76016
 mmshare version        39016
 Copyright (c) Schrodinger, LLC.
 All Rights Reserved.

 Host: Linux ls04 3.10.0-514.21.2.el7.x86_64 #1 SMP Tue Jun 20 12:24:47 UTC 2017 x86_64
 Job Name: 2GQG-impref_ref0
 SCHRODINGER  directory: /data/chodera/schrodinger/schrodinger2017-3-advanced
 IMPACT_EXEC  directory: /data/chodera/schrodinger/schrodinger2017-3-advanced/impact-v7.6/bin/Linux-x86_64
 MMSHARE_EXEC directory: /data/chodera/schrodinger/schrodinger2017-3-advanced/mmshare-v3.9/bin/Linux-x86_64

 Clock-based global random seed:     1506965191
%IMPACT-I(foldmain): calling OPLS3 atomtyping ...
%IMPACT-I(foldmain): finished parameter assignment
 PARM read from file "paramstd.dat"
 Parameter obtained from atomtyping
      Current coord. are written to file: "2GQG-impref.init_coord.rst"
      Box dimensions not written


 Total number of atoms  =  4523
 
 Neighbor List Cutoff Settings
 ==================================
 Cutoff radius:   10.0000000000000     
 Update frequency: every           10  steps
 Species   1 : Neighbors are calculated on a per residue basis
 Species   1 : Cutoff by inter-atomic distances
 
 Step number:          0         Non-bonded count:  1053184
 E-pot        RMS grad     Max grad    
 -3.72548E+03  3.53697E+02  1.59321E+04
 Step number:         10         Non-bonded count:  1053184
 -7.00025E+03  1.46459E+00  4.55043E+01
 Step number:         20         Non-bonded count:  1053184
 -7.12276E+03  1.01593E+00  2.43834E+01
 Step number:         30         Non-bonded count:  1053355
 -7.16316E+03  4.83444E-01  9.99181E+00
 Step number:         40         Non-bonded count:  1053355
 -7.18299E+03  3.77719E-01  7.08289E+00
 Step number:         50         Non-bonded count:  1053355
 -7.19819E+03  4.66092E-01  1.82030E+01
 Step number:         60         Non-bonded count:  1053355
 -7.20965E+03  2.80233E-01  6.84257E+00
 Step number:         70         Non-bonded count:  1053355
 -7.21725E+03  3.23071E-01  1.51925E+01
 Step number:         80         Non-bonded count:  1053355
 -7.22340E+03  3.24680E-01  1.30181E+01
 Step number:         90         Non-bonded count:  1053355
 -7.22991E+03  1.81568E-01  6.19375E+00
 Step number:        100         Non-bonded count:  1053355
 -7.23304E+03  1.88477E-01  7.50710E+00
 Step number:        100         Non-bonded count:  1053355
 -7.23304E+03  1.88477E-01  7.50710E+00
      Current coord. are written to file: "2GQG-impref.min0_coord.rst"
      Box dimensions not written
      Current coordinates are read from file: "2GQG-impref.init_coord.rst"
      Box dimensions not read
          read from "2GQG-impref.init_coord.rst"
  
 Energy and Force Generation Info: 
 --------------------------------- 
 Number of E&F called:     277
 PARM read from file "paramstd.dat"
 Parameter obtained from atomtyping
      Current coordinates are read from file: "2GQG-impref.min0_coord.rst"
      Box dimensions not read
          read from "2GQG-impref.min0_coord.rst"


 Total number of atoms  =  4523
 
 Neighbor List Cutoff Settings
 ==================================
 Cutoff radius:   10.0000000000000     
 Update frequency: every           10  steps
 Species   1 : Neighbors are calculated on a per residue basis
 Species   1 : Cutoff by inter-atomic distances
 
 Step number:          0         Non-bonded count:  1053355
 E-pot        RMS grad     Max grad    
 -6.09765E+03  3.06500E+00  2.66534E+01
 Step number:         10         Non-bonded count:  1053355
 -6.86254E+03  1.15564E+00  3.84243E+01
 Step number:         20         Non-bonded count:  1053184
 -6.96385E+03  9.57160E-01  2.94298E+01
 Step number:         30         Non-bonded count:  1053184
 -6.99892E+03  5.82555E-01  1.17482E+01
 Step number:         40         Non-bonded count:  1053184
 -7.00914E+03  3.47360E-01  1.01113E+01
 Step number:         50         Non-bonded count:  1053184
 -7.02425E+03  3.30797E-01  1.63782E+01
 Step number:         60         Non-bonded count:  1053184
 -7.02858E+03  2.42280E-01  1.27838E+01
 Step number:         70         Non-bonded count:  1053184
 -7.03029E+03  1.05938E-01  3.73388E+00
 Step number:         80         Non-bonded count:  1053184
 -7.03101E+03  9.14348E-02  4.54669E+00
 Step number:         90         Non-bonded count:  1053184
 -7.03138E+03  5.59203E-02  1.92480E+00
 Step number:        100         Non-bonded count:  1053184
 -7.03170E+03  7.50094E-02  3.76553E+00
 Step number:        100         Non-bonded count:  1053184
 -7.03170E+03  7.50094E-02  3.76553E+00
  
 Energy and Force Generation Info: 
 --------------------------------- 
 Number of E&F called:     555


Final Energy Reports:
------------------------------------
 Total Energy of the system...... -7.03170E+03 kcal/mol
 Total Potential Energy.......... -7.03170E+03 kcal/mol
 Total Kinetic Energy............  0.00000E+00 kcal/mol
 Temperature of the system.......        0.000 K
 Bond Stretch Energy.............  1.59003E+01 kcal/mol
 Angle Bending Energy............  2.81582E+02 kcal/mol
 Torsion Angle Energy............  5.15820E+01 kcal/mol
 Restraining Energy for Torsions.  0.00000E+00 kcal/mol
 1,4 Lennard Jones Energy........  4.09601E+02 kcal/mol
 1,4 Electrostatic Energy........ -2.72305E+02 kcal/mol
 Lennard Jones Energy............ -3.85295E+02 kcal/mol
 Electrostatic Energy............ -7.13277E+03 kcal/mol
 H-bond Energy...................  0.00000E+00 kcal/mol
 
 Exiting IMPACT execution environment 
 Date: Monday, October 02 2017, at 13:26:55 EDT
%IMPACT-I (timit): Total CPU time =      23.44 seconds (   0.4 minutes)
Total elapsed time = 25 seconds
  ** Completed refinement level 0      rmsd =  0.065

** Refinement finished. Final level: 0

** The refined complex file is 2GQG-impref_ref.mae.
