
** Heavy-atom coordinates will be fixed: maxlevel set to 0
  **
  ** Beginning refinement level 0
  **

%IMPACT-I (openwt): Request to open FORMATTED file 4G5J-impref_ref0.out on unit   2
 Entering IMPACT execution environment 
 Date: Wednesday, November 30 2016, at 23:16:40 EST
 Impact version 72014
 mmshare version        35014
 Copyright (c) Schrodinger, LLC.
 All Rights Reserved.

 Host: Linux cc05.local 2.6.32-573.18.1.el6.x86_64 #1 SMP Tue Feb 9 22:46:17 UTC 2016 x86_64
 Job Name: 4G5J-impref_ref0
 SCHRODINGER  directory: /cbio/jclab/share/schrodinger/schrodinger2016-3
 IMPACT_EXEC  directory: /cbio/jclab/share/schrodinger/schrodinger2016-3/impact-v7.2/bin/Linux-x86_64
 MMSHARE_EXEC directory: /cbio/jclab/share/schrodinger/schrodinger2016-3/mmshare-v3.5/bin/Linux-x86_64

 Clock-based global random seed:     1480565800
%IMPACT-I(foldmain): calling OPLS_2005 atomtyping ...
%IMPACT-I(foldmain): finished parameter assignment
 PARM read from file "paramstd.dat"
 Parameter obtained from atomtyping
      Current coord. are written to file: "4G5J-impref.init_coord.rst"
      Box dimensions not written


 Total number of atoms  =  5431
 
 Neighbor List Cutoff Settings
 ==================================
 Cutoff radius:   10.0000000000000     
 Update frequency: every           10  steps
 Species   1 : Neighbors are calculated on a per residue basis
 Species   1 : Cutoff by inter-atomic distances
 
 Step number:          0         Non-bonded count:  1300271
 E-pot        RMS grad     Max grad    
  9.73584E+06  1.32586E+06  7.86504E+07
 Step number:         10         Non-bonded count:  1300271
 -8.40188E+03  3.19258E+00  1.86776E+02
 Step number:         20         Non-bonded count:  1300271
 -8.61114E+03  1.43605E+00  6.28259E+01
 Step number:         30         Non-bonded count:  1300271
 -8.69493E+03  8.75618E-01  2.61255E+01
 Step number:         40         Non-bonded count:  1300271
 -8.73627E+03  6.48289E-01  3.16251E+01
 Step number:         50         Non-bonded count:  1300271
 -8.76871E+03  4.86687E-01  9.64229E+00
 Step number:         60         Non-bonded count:  1300271
 -8.78835E+03  5.35912E-01  1.90677E+01
 Step number:         70         Non-bonded count:  1300271
 -8.80218E+03  3.81937E-01  1.22050E+01
 Step number:         80         Non-bonded count:  1300271
 -8.81176E+03  3.98635E-01  1.70585E+01
 Step number:         90         Non-bonded count:  1300271
 -8.81947E+03  3.22595E-01  8.38922E+00
 Step number:        100         Non-bonded count:  1300271
 -8.82554E+03  2.83919E-01  6.56018E+00
 Step number:        100         Non-bonded count:  1300271
 -8.82554E+03  2.83919E-01  6.56018E+00
      Current coord. are written to file: "4G5J-impref.min0_coord.rst"
      Box dimensions not written
      Current coordinates are read from file: "4G5J-impref.init_coord.rst"
      Box dimensions not read
          read from "4G5J-impref.init_coord.rst"
  
 Energy and Force Generation Info: 
 --------------------------------- 
 Number of E&F called:     294
 PARM read from file "paramstd.dat"
 Parameter obtained from atomtyping
      Current coordinates are read from file: "4G5J-impref.min0_coord.rst"
      Box dimensions not read
          read from "4G5J-impref.min0_coord.rst"


 Total number of atoms  =  5431
 
 Neighbor List Cutoff Settings
 ==================================
 Cutoff radius:   10.0000000000000     
 Update frequency: every           10  steps
 Species   1 : Neighbors are calculated on a per residue basis
 Species   1 : Cutoff by inter-atomic distances
 
 Step number:          0         Non-bonded count:  1300271
 E-pot        RMS grad     Max grad    
 -7.45656E+03  2.89893E+00  4.89154E+01
 Step number:         10         Non-bonded count:  1300271
 -8.27258E+03  1.48459E+00  5.12665E+01
 Step number:         20         Non-bonded count:  1300271
 -8.41746E+03  1.12373E+00  4.36610E+01
 Step number:         30         Non-bonded count:  1300271
 -8.46064E+03  6.44281E-01  2.45600E+01
 Step number:         40         Non-bonded count:  1300271
 -8.47795E+03  4.39335E-01  2.01735E+01
 Step number:         50         Non-bonded count:  1300271
 -8.48428E+03  2.37364E-01  9.46219E+00
 Step number:         60         Non-bonded count:  1300271
 -8.48751E+03  1.91728E-01  1.01340E+01
 Step number:         70         Non-bonded count:  1300271
 -8.48948E+03  1.47932E-01  4.78114E+00
 Step number:         80         Non-bonded count:  1300271
 -8.49061E+03  1.13899E-01  3.11124E+00
 Step number:         90         Non-bonded count:  1300271
 -8.49127E+03  8.36038E-02  2.35669E+00
 Step number:        100         Non-bonded count:  1300271
 -8.49205E+03  1.36046E-01  5.95850E+00
 Step number:        100         Non-bonded count:  1300271
 -8.49205E+03  1.36046E-01  5.95850E+00
  
 Energy and Force Generation Info: 
 --------------------------------- 
 Number of E&F called:     575


Final Energy Reports:
------------------------------------
 Total Energy of the system...... -8.49205E+03 kcal/mol
 Total Potential Energy.......... -8.49205E+03 kcal/mol
 Total Kinetic Energy............  0.00000E+00 kcal/mol
 Temperature of the system.......        0.000 K
 Bond Stretch Energy.............  6.45464E+01 kcal/mol
 Angle Bending Energy............  4.72465E+02 kcal/mol
 Torsion Angle Energy............  1.93047E+02 kcal/mol
 Restraining Energy for Torsions.  0.00000E+00 kcal/mol
 1,4 Lennard Jones Energy........  5.32825E+02 kcal/mol
 1,4 Electrostatic Energy........ -3.64840E+02 kcal/mol
 Lennard Jones Energy............ -4.65736E+02 kcal/mol
 Electrostatic Energy............ -8.92436E+03 kcal/mol
 H-bond Energy...................  0.00000E+00 kcal/mol
 
 Exiting IMPACT execution environment 
 Date: Wednesday, November 30 2016, at 23:17:05 EST
%IMPACT-I (timit): Total CPU time =      24.29 seconds (   0.4 minutes)
Total elapsed time = 26 seconds
  ** Completed refinement level 0      rmsd =  0.043

** Refinement finished. Final level: 0

** The refined complex file is 4G5J-impref_ref.mae.
