COMMAND:
 /data/chodera/schrodinger/schrodinger2017-3-advanced/epik-v4.1/bin/Linux-x86_64/epik_app -imae 4G5J-epik.mae -omae 4G5J-epik-out.mae -ms 32 -ph 7.4 -pht 0.0 -cg 0.3 0.3 -metal_binding
SCHRODINGER: /data/chodera/schrodinger/schrodinger2017-3-advanced

Running Epik version     4.1016
Epik. Copyright Schrodinger, LLC. All rights reserved.

Input file name:                        4G5J-epik.mae
Output file name:                       4G5J-epik-out.mae
Maximum number of states set to: 32
Structure adjustment calculation requested.
  Target pH set to 7.400
pHt tolerance set to 0.000000e+00
Both connectivity and geometry used in determining redundant structures.
  Structures are distinct if: 
    any position differs by more than 3.000000e-01
    the rms difference in positions is larger than 3.000000e-01
Metal binding mode turned on.

Adjusting structures for pH 7.400000e+00 and minimum probability 1.000000e+00
Solvent model name:                     water
Jobcontrol is not being used for this specific Epik calculation.
---------------------------
Processing Input Structure #1
        Title: 
                                              Calculated pKas
                                                 Conjugate
                                          Atom   Acid/Base  pKa
. . . . . . . . . . . . . . . . . . . . . . .
Variation: 1
                                            49   Conj_Acid 13.59
                                            62   Conj_Acid  9.29
                                             2   Conj_Base  4.02
                                             3   Conj_Base  4.29
                                            38   Conj_Acid 12.88
                                            29   Conj_Base -2.55
 pKa penalty:                                 0.01 kcal/mol
     Charging penalty:                        0.01 kcal/mol
     Neutralization penalty:                  0.00 kcal/mol
 Overall Penalty (tautomerization included): -0.00 kcal/mol
 Total Charge: 1
 Metal Penalty:                              -0.00 kcal/mol
---------------------------
Processing Input Structure #2
        Title: 
                                              Calculated pKas
                                                 Conjugate
                                          Atom   Acid/Base  pKa
. . . . . . . . . . . . . . . . . . . . . . .
Variation: 1
                                            49   Conj_Acid 12.68
                                            60   Conj_Acid  7.49
                                             2   Conj_Base  3.81
                                             3   Conj_Base  4.08
                                            38   Conj_Acid 12.77
                                            29   Conj_Base -1.42
 pKa penalty:                                 0.35 kcal/mol
     Charging penalty:                        0.35 kcal/mol
     Neutralization penalty:                  0.00 kcal/mol
 Overall Penalty (tautomerization included):  0.35 kcal/mol
 Total Charge: 1
 Metal Penalty:                              -0.00 kcal/mol
---------------------------
Processing Input Structure #3
        Title: 
                                              Calculated pKas
                                                 Conjugate
                                          Atom   Acid/Base  pKa
. . . . . . . . . . . . . . . . . . . . . . .
Variation: 1
                                            49   Conj_Acid 12.68
                                            60   Conj_Acid  7.49
                                             2   Conj_Base  3.81
                                             3   Conj_Base  4.08
                                            38   Conj_Acid 12.77
                                            29   Conj_Base -1.42
 pKa penalty:                                 0.35 kcal/mol
     Charging penalty:                        0.35 kcal/mol
     Neutralization penalty:                  0.00 kcal/mol
 Overall Penalty (tautomerization included):  0.35 kcal/mol
 Total Charge: 1
 Metal Penalty:                              -0.00 kcal/mol
---------------------------
