
Working on structure 1
Fixing common structure mistakes...
  No mistakes were found
Pre-treating metals...
Done treating metals
Assigning bond orders...
  Using CCD: True
CCD template assignment successfully used for HET "0WN "
CCD template assignment successfully used for HET "0WM "
CCD template assignment successfully used for HET "0WM "
  Assigned the following bonds (format: atom1, atom2, order): set([(2472, 2474, 2), (2551, 2553, 2), (2549, 2548, 2), (2555, 2556, 2), (2546, 2547, 2), (2532, 2534, 2), (2540, 2542, 2), (2498, 2500, 2), (2545, 2544, 2), (2535, 2533, 2), (2554, 2552, 2), (2487, 2488, 2), (2506, 2508, 2), (2520, 2518, 2), (2543, 2541, 2), (2483, 2485, 2), (2512, 2513, 2), (2515, 2514, 2), (2509, 2507, 2), (2475, 2473, 2), (2486, 2484, 2), (2517, 2519, 2), (2478, 2479, 2), (2566, 2568, 2), (2477, 2476, 2), (2521, 2522, 2), (2569, 2567, 2), (2511, 2510, 2), (2481, 2480, 2)])
Removing and re-adding hydrogens...
Treating metals...
Creating di-sulfur bonds...
Converting Selenomethionines...
Filling missing loops using Prime...
Attempting to build missing loops with Knowledge-Based Methods
    A:  720 -- A:  725   GAFG
    A:  746 -- A:  757   LREATSPKAN
Generating models for each loop... 
Total number of loops: 2
Working on loop 0 - A:720,A:725,GAFG
Number of returned models for loop 0 : 2
Working on loop 1 - A:746,A:757,LREATSPKAN
Number of returned models for loop 1 : 2
Combining models from all loops... 
Combination index: [0, 0]
Side chain optimizing...
Minimizing...
Accept model # 0
Detecting missing residue atoms...
Finding het groups...
Coloring atoms by element (green carbons in hets)...
Finding het groups (for Epik)...
Processing 3 het groups...
  Using Epik with pH: 7.4
        and pH Range: 0.0
  Max states per het: 32
Running Epik on 3 het groups...
  Waiting for epik...
  Het A:0WN (1101): keeping all 1 state(s):
    State penalty: -0.00 kcal/mol; H-Bond count: 1.
  Het A:0WM (1102): keeping all 1 state(s):
    State penalty: 0.35 kcal/mol; H-Bond count: 0.
  Het A:0WM (1103): keeping all 1 state(s):
    State penalty: 0.35 kcal/mol; H-Bond count: 3.
Running ProtAssign...
  Uses -minimize option in ProtAssign
  Using PROPKA with pH: 7.4
  RUNNING: /data/chodera/schrodinger/schrodinger2017-3-advanced/utilities/protassign 4G5J-protassign.mae 4G5J-protassign-out.mae -NOJOBID -nowater -minimize -propka_pH 7.4
Optimize H-bond job completed.
Deleting non-bridging waters...
  Deleted waters: A:1201, A:1202, A:1203, A:1204, A:1205, A:1206, A:1207, A:1208, A:1209, A:1210, A:1211, A:1212, A:1213, A:1214, A:1215, A:1216, A:1217, A:1218, A:1219, A:1220, A:1221, A:1222, A:1223, A:1224, A:1225, A:1226
Running restrained minimization...
  RMSD: 0.3
  Force field: 3
  hydrogens only
done with preparation
Writing to file...
DONE. Output file: ../4G5J-fixed.pdb
