
Working on structure 1
Fixing common structure mistakes...
  No mistakes were found
Pre-treating metals...
Done treating metals
Assigning bond orders...
  Using CCD: True
  No bond orders were changed
Removing and re-adding hydrogens...
Treating metals...
Creating di-sulfur bonds...
Converting Selenomethionines...
Filling missing loops using Prime...
Attempting to build missing loops with Knowledge-Based Methods
    C:  213 -- C:  219   DTHSG
Generating models for each loop... 
Total number of loops: 1
Working on loop 0 - C:213,C:219,DTHSG
Number of returned models for loop 0 : 2
Combining models from all loops... 
Combination index: [0]
Side chain optimizing...
Minimizing...
Accept model # 0
Detecting missing residue atoms...
Finding het groups...
Coloring atoms by element (green carbons in hets)...
Finding het groups (for Epik)...
Processing 0 het groups...
  Using Epik with pH: 7.4
        and pH Range: 0.0
  Max states per het: 32
  Epik was not run, as there are no preparable groups
Running ProtAssign...
  Uses -minimize option in ProtAssign
  Using PROPKA with pH: 7.4
  RUNNING: /data/chodera/schrodinger/schrodinger2017-3-advanced/utilities/protassign 1G3N-protassign.mae 1G3N-protassign-out.mae -NOJOBID -nowater -minimize -propka_pH 7.4
Optimize H-bond job completed.
Deleting non-bridging waters...
  Deleted waters: None
Running restrained minimization...
  RMSD: 0.3
  Force field: 3
  hydrogens only
done with preparation
Writing to file...
DONE. Output file: ../1G3N-fixed.pdb
