
** Heavy-atom coordinates will be fixed: maxlevel set to 0
  **
  ** Beginning refinement level 0
  **

%IMPACT-I (openwt): Request to open FORMATTED file 1G3N-impref_ref0.out on unit   2
 Entering IMPACT execution environment 
 Date: Friday, September 29 2017, at 15:53:18 EDT
 Impact version 76016
 mmshare version        39016
 Copyright (c) Schrodinger, LLC.
 All Rights Reserved.

 Host: Linux ls05 3.10.0-514.21.2.el7.x86_64 #1 SMP Tue Jun 20 12:24:47 UTC 2017 x86_64
 Job Name: 1G3N-impref_ref0
 SCHRODINGER  directory: /data/chodera/schrodinger/schrodinger2017-3-advanced
 IMPACT_EXEC  directory: /data/chodera/schrodinger/schrodinger2017-3-advanced/impact-v7.6/bin/Linux-x86_64
 MMSHARE_EXEC directory: /data/chodera/schrodinger/schrodinger2017-3-advanced/mmshare-v3.9/bin/Linux-x86_64

 Clock-based global random seed:     1506714797
%IMPACT-I(foldmain): calling OPLS3 atomtyping ...
%IMPACT-I(foldmain): finished parameter assignment
 PARM read from file "paramstd.dat"
 Parameter obtained from atomtyping
      Current coord. are written to file: "1G3N-impref.init_coord.rst"
      Box dimensions not written


 Total number of atoms  = 10773
 
 Neighbor List Cutoff Settings
 ==================================
 Cutoff radius:   10.0000000000000     
 Update frequency: every           10  steps
 Species   1 : Neighbors are calculated on a per residue basis
 Species   1 : Cutoff by inter-atomic distances
 
 Step number:          0         Non-bonded count:  2582352
 E-pot        RMS grad     Max grad    
 -1.45736E+04  3.34893E+01  1.29507E+03
 Step number:         10         Non-bonded count:  2582352
 -1.77657E+04  1.02002E+00  8.24033E+01
 Step number:         20         Non-bonded count:  2582352
 -1.81012E+04  4.84830E-01  2.55429E+01
 Step number:         30         Non-bonded count:  2582352
 -1.82335E+04  4.34803E-01  1.73417E+01
 Step number:         40         Non-bonded count:  2582352
 -1.82757E+04  2.68629E-01  7.80821E+00
 Step number:         50         Non-bonded count:  2582352
 -1.83025E+04  2.95481E-01  7.01476E+00
 Step number:         60         Non-bonded count:  2582352
 -1.83212E+04  2.12045E-01  6.23437E+00
 Step number:         70         Non-bonded count:  2582352
 -1.83335E+04  1.81753E-01  6.45466E+00
 Step number:         80         Non-bonded count:  2582352
 -1.83413E+04  1.64023E-01  5.01780E+00
 Step number:         90         Non-bonded count:  2582352
 -1.83474E+04  1.34359E-01  3.07523E+00
 Step number:        100         Non-bonded count:  2582352
 -1.83514E+04  1.08278E-01  3.40194E+00
 Step number:        100         Non-bonded count:  2582352
 -1.83514E+04  1.08278E-01  3.40194E+00
      Current coord. are written to file: "1G3N-impref.min0_coord.rst"
      Box dimensions not written
      Current coordinates are read from file: "1G3N-impref.init_coord.rst"
      Box dimensions not read
          read from "1G3N-impref.init_coord.rst"
  
 Energy and Force Generation Info: 
 --------------------------------- 
 Number of E&F called:     342
 PARM read from file "paramstd.dat"
 Parameter obtained from atomtyping
      Current coordinates are read from file: "1G3N-impref.min0_coord.rst"
      Box dimensions not read
          read from "1G3N-impref.min0_coord.rst"


 Total number of atoms  = 10773
 
 Neighbor List Cutoff Settings
 ==================================
 Cutoff radius:   10.0000000000000     
 Update frequency: every           10  steps
 Species   1 : Neighbors are calculated on a per residue basis
 Species   1 : Cutoff by inter-atomic distances
 
 Step number:          0         Non-bonded count:  2582352
 E-pot        RMS grad     Max grad    
 -1.55287E+04  2.74238E+00  2.88023E+01
 Step number:         10         Non-bonded count:  2582352
 -1.71325E+04  8.68424E-01  1.15408E+01
 Step number:         20         Non-bonded count:  2582352
 -1.76091E+04  6.88154E-01  2.85070E+01
 Step number:         30         Non-bonded count:  2582352
 -1.78356E+04  8.60066E-01  4.29407E+01
 Step number:         40         Non-bonded count:  2582352
 -1.79446E+04  4.36723E-01  1.37483E+01
 Step number:         50         Non-bonded count:  2582352
 -1.79851E+04  2.13439E-01  5.85552E+00
 Step number:         60         Non-bonded count:  2582352
 -1.79934E+04  1.74037E-01  5.17965E+00
 Step number:         70         Non-bonded count:  2582352
 -1.79988E+04  1.44950E-01  4.01888E+00
 Step number:         80         Non-bonded count:  2582352
 -1.80026E+04  1.18105E-01  3.33889E+00
 Step number:         90         Non-bonded count:  2582352
 -1.80055E+04  1.00116E-01  2.38664E+00
 Step number:        100         Non-bonded count:  2582352
 -1.80078E+04  8.48311E-02  1.89710E+00
 Step number:        100         Non-bonded count:  2582352
 -1.80078E+04  8.48311E-02  1.89710E+00
  
 Energy and Force Generation Info: 
 --------------------------------- 
 Number of E&F called:     678


Final Energy Reports:
------------------------------------
 Total Energy of the system...... -1.80078E+04 kcal/mol
 Total Potential Energy.......... -1.80078E+04 kcal/mol
 Total Kinetic Energy............  0.00000E+00 kcal/mol
 Temperature of the system.......        0.000 K
 Bond Stretch Energy.............  3.95523E+01 kcal/mol
 Angle Bending Energy............  7.36132E+02 kcal/mol
 Torsion Angle Energy............ -5.17682E+01 kcal/mol
 Restraining Energy for Torsions.  0.00000E+00 kcal/mol
 1,4 Lennard Jones Energy........  1.08350E+03 kcal/mol
 1,4 Electrostatic Energy........ -8.91922E+02 kcal/mol
 Lennard Jones Energy............ -1.01043E+03 kcal/mol
 Electrostatic Energy............ -1.79128E+04 kcal/mol
 H-bond Energy...................  0.00000E+00 kcal/mol
 
 Exiting IMPACT execution environment 
 Date: Friday, September 29 2017, at 15:54:59 EDT
%IMPACT-I (timit): Total CPU time =     101.04 seconds (   1.7 minutes)
Total elapsed time = 103 seconds (1 minutes, 43 seconds)
  ** Completed refinement level 0      rmsd =  0.054

** Refinement finished. Final level: 0

** The refined complex file is 1G3N-impref_ref.mae.
