
** Heavy-atom coordinates will be fixed: maxlevel set to 0
  **
  ** Beginning refinement level 0
  **

%IMPACT-I (openwt): Request to open FORMATTED file 4WKQ-impref_ref0.out on unit   2
 Entering IMPACT execution environment 
 Date: Monday, October 02 2017, at 14:35:47 EDT
 Impact version 76016
 mmshare version        39016
 Copyright (c) Schrodinger, LLC.
 All Rights Reserved.

 Host: Linux ls04 3.10.0-514.21.2.el7.x86_64 #1 SMP Tue Jun 20 12:24:47 UTC 2017 x86_64
 Job Name: 4WKQ-impref_ref0
 SCHRODINGER  directory: /data/chodera/schrodinger/schrodinger2017-3-advanced
 IMPACT_EXEC  directory: /data/chodera/schrodinger/schrodinger2017-3-advanced/impact-v7.6/bin/Linux-x86_64
 MMSHARE_EXEC directory: /data/chodera/schrodinger/schrodinger2017-3-advanced/mmshare-v3.9/bin/Linux-x86_64

 Clock-based global random seed:     1506969347
%IMPACT-I(foldmain): calling OPLS3 atomtyping ...
%IMPACT-I(foldmain): finished parameter assignment
 PARM read from file "paramstd.dat"
 Parameter obtained from atomtyping
      Current coord. are written to file: "4WKQ-impref.init_coord.rst"
      Box dimensions not written


 Total number of atoms  =  4996
 
 Neighbor List Cutoff Settings
 ==================================
 Cutoff radius:   10.0000000000000     
 Update frequency: every           10  steps
 Species   1 : Neighbors are calculated on a per residue basis
 Species   1 : Cutoff by inter-atomic distances
 
 Step number:          0         Non-bonded count:  1212610
 E-pot        RMS grad     Max grad    
 -5.69059E+03  1.33485E+02  7.63769E+03
 Step number:         10         Non-bonded count:  1212610
 -8.00491E+03  1.31980E+00  4.40635E+01
 Step number:         20         Non-bonded count:  1212610
 -8.07825E+03  5.20609E-01  1.59409E+01
 Step number:         30         Non-bonded count:  1212610
 -8.10349E+03  4.56646E-01  2.77998E+01
 Step number:         40         Non-bonded count:  1212610
 -8.11349E+03  2.45978E-01  4.69464E+00
 Step number:         50         Non-bonded count:  1212610
 -8.11969E+03  1.97682E-01  3.85598E+00
 Step number:         60         Non-bonded count:  1212610
 -8.12400E+03  2.02584E-01  5.64032E+00
 Step number:         70         Non-bonded count:  1212610
 -8.12767E+03  1.92095E-01  5.71538E+00
 Step number:         80         Non-bonded count:  1212610
 -8.13098E+03  2.31151E-01  1.04143E+01
 Step number:         90         Non-bonded count:  1212610
 -8.13328E+03  1.51726E-01  5.22025E+00
 Step number:        100         Non-bonded count:  1212610
 -8.13477E+03  1.40578E-01  3.80372E+00
 Step number:        100         Non-bonded count:  1212610
 -8.13477E+03  1.40578E-01  3.80372E+00
      Current coord. are written to file: "4WKQ-impref.min0_coord.rst"
      Box dimensions not written
      Current coordinates are read from file: "4WKQ-impref.init_coord.rst"
      Box dimensions not read
          read from "4WKQ-impref.init_coord.rst"
  
 Energy and Force Generation Info: 
 --------------------------------- 
 Number of E&F called:     268
 PARM read from file "paramstd.dat"
 Parameter obtained from atomtyping
      Current coordinates are read from file: "4WKQ-impref.min0_coord.rst"
      Box dimensions not read
          read from "4WKQ-impref.min0_coord.rst"


 Total number of atoms  =  4996
 
 Neighbor List Cutoff Settings
 ==================================
 Cutoff radius:   10.0000000000000     
 Update frequency: every           10  steps
 Species   1 : Neighbors are calculated on a per residue basis
 Species   1 : Cutoff by inter-atomic distances
 
 Step number:          0         Non-bonded count:  1212610
 E-pot        RMS grad     Max grad    
 -7.08942E+03  2.59374E+00  2.58603E+01
 Step number:         10         Non-bonded count:  1212610
 -7.75165E+03  1.84259E+00  1.06232E+02
 Step number:         20         Non-bonded count:  1212610
 -7.85738E+03  9.16027E-01  3.04612E+01
 Step number:         30         Non-bonded count:  1212610
 -7.91812E+03  8.79329E-01  5.41611E+01
 Step number:         40         Non-bonded count:  1212610
 -7.94500E+03  4.33161E-01  1.62690E+01
 Step number:         50         Non-bonded count:  1212610
 -7.95369E+03  1.95478E-01  5.79623E+00
 Step number:         60         Non-bonded count:  1212610
 -7.95669E+03  1.86875E-01  5.96223E+00
 Step number:         70         Non-bonded count:  1212610
 -7.95947E+03  1.74144E-01  7.53996E+00
 Step number:         80         Non-bonded count:  1212610
 -7.96132E+03  1.58393E-01  6.46564E+00
 Step number:         90         Non-bonded count:  1212610
 -7.96280E+03  1.32770E-01  5.86926E+00
 Step number:        100         Non-bonded count:  1212610
 -7.96431E+03  1.21060E-01  3.23915E+00
 Step number:        100         Non-bonded count:  1212610
 -7.96431E+03  1.21060E-01  3.23915E+00
  
 Energy and Force Generation Info: 
 --------------------------------- 
 Number of E&F called:     553


Final Energy Reports:
------------------------------------
 Total Energy of the system...... -7.96431E+03 kcal/mol
 Total Potential Energy.......... -7.96431E+03 kcal/mol
 Total Kinetic Energy............  0.00000E+00 kcal/mol
 Temperature of the system.......        0.000 K
 Bond Stretch Energy.............  9.94271E+00 kcal/mol
 Angle Bending Energy............  2.93644E+02 kcal/mol
 Torsion Angle Energy............  2.60640E+01 kcal/mol
 Restraining Energy for Torsions.  0.00000E+00 kcal/mol
 1,4 Lennard Jones Energy........  4.96998E+02 kcal/mol
 1,4 Electrostatic Energy........ -3.15589E+02 kcal/mol
 Lennard Jones Energy............ -6.45676E+02 kcal/mol
 Electrostatic Energy............ -7.82969E+03 kcal/mol
 H-bond Energy...................  0.00000E+00 kcal/mol
 
 Exiting IMPACT execution environment 
 Date: Monday, October 02 2017, at 14:36:08 EDT
%IMPACT-I (timit): Total CPU time =      20.67 seconds (   0.3 minutes)
Total elapsed time = 22 seconds
  ** Completed refinement level 0      rmsd =  0.041

** Refinement finished. Final level: 0

** The refined complex file is 4WKQ-impref_ref.mae.
