
** Heavy-atom coordinates will be fixed: maxlevel set to 0
  **
  ** Beginning refinement level 0
  **

%IMPACT-I (openwt): Request to open FORMATTED file 4AG8-impref_ref0.out on unit   2
 Entering IMPACT execution environment 
 Date: Wednesday, November 30 2016, at 23:47:42 EST
 Impact version 72014
 mmshare version        35014
 Copyright (c) Schrodinger, LLC.
 All Rights Reserved.

 Host: Linux cc05.local 2.6.32-573.18.1.el6.x86_64 #1 SMP Tue Feb 9 22:46:17 UTC 2016 x86_64
 Job Name: 4AG8-impref_ref0
 SCHRODINGER  directory: /cbio/jclab/share/schrodinger/schrodinger2016-3
 IMPACT_EXEC  directory: /cbio/jclab/share/schrodinger/schrodinger2016-3/impact-v7.2/bin/Linux-x86_64
 MMSHARE_EXEC directory: /cbio/jclab/share/schrodinger/schrodinger2016-3/mmshare-v3.5/bin/Linux-x86_64

 Clock-based global random seed:     1480567662
%IMPACT-I(foldmain): calling OPLS_2005 atomtyping ...
%IMPACT-I(foldmain): finished parameter assignment
 PARM read from file "paramstd.dat"
 Parameter obtained from atomtyping
      Current coord. are written to file: "4AG8-impref.init_coord.rst"
      Box dimensions not written


 Total number of atoms  =  5910
 
 Neighbor List Cutoff Settings
 ==================================
 Cutoff radius:   10.0000000000000     
 Update frequency: every           10  steps
 Species   1 : Neighbors are calculated on a per residue basis
 Species   1 : Cutoff by inter-atomic distances
 
 Step number:          0         Non-bonded count:  1439782
 E-pot        RMS grad     Max grad    
  3.41732E+04  4.32004E+03  3.69076E+05
 Step number:         10         Non-bonded count:  1439782
 -2.11165E+04  1.85045E+00  4.96562E+01
 Step number:         20         Non-bonded count:  1439782
 -2.14463E+04  1.14102E+00  2.02766E+01
 Step number:         30         Non-bonded count:  1439782
 -2.16245E+04  1.78529E+00  4.60602E+01
 Step number:         40         Non-bonded count:  1439782
 -2.17746E+04  1.54966E+00  6.03514E+01
 Step number:         50         Non-bonded count:  1439782
 -2.18907E+04  6.23008E-01  2.08043E+01
 Step number:         60         Non-bonded count:  1439782
 -2.19663E+04  9.31961E-01  3.31150E+01
 Step number:         70         Non-bonded count:  1439782
 -2.20271E+04  6.75510E-01  1.99551E+01
 Step number:         80         Non-bonded count:  1439782
 -2.20679E+04  7.44928E-01  1.39356E+01
 Step number:         90         Non-bonded count:  1439782
 -2.20956E+04  5.91996E-01  1.16551E+01
 Step number:        100         Non-bonded count:  1439782
 -2.21205E+04  4.21221E-01  1.22224E+01
 Step number:        100         Non-bonded count:  1439782
 -2.21205E+04  4.21221E-01  1.22224E+01
      Current coord. are written to file: "4AG8-impref.min0_coord.rst"
      Box dimensions not written
      Current coordinates are read from file: "4AG8-impref.init_coord.rst"
      Box dimensions not read
          read from "4AG8-impref.init_coord.rst"
  
 Energy and Force Generation Info: 
 --------------------------------- 
 Number of E&F called:     348
 PARM read from file "paramstd.dat"
 Parameter obtained from atomtyping
      Current coordinates are read from file: "4AG8-impref.min0_coord.rst"
      Box dimensions not read
          read from "4AG8-impref.min0_coord.rst"


 Total number of atoms  =  5910
 
 Neighbor List Cutoff Settings
 ==================================
 Cutoff radius:   10.0000000000000     
 Update frequency: every           10  steps
 Species   1 : Neighbors are calculated on a per residue basis
 Species   1 : Cutoff by inter-atomic distances
 
 Step number:          0         Non-bonded count:  1439782
 E-pot        RMS grad     Max grad    
 -2.08086E+04  2.72536E+00  3.52080E+01
 Step number:         10         Non-bonded count:  1439782
 -2.15711E+04  1.08651E+00  4.83638E+01
 Step number:         20         Non-bonded count:  1439782
 -2.17334E+04  8.81287E-01  3.54319E+01
 Step number:         30         Non-bonded count:  1439782
 -2.17674E+04  5.04751E-01  1.38700E+01
 Step number:         40         Non-bonded count:  1439782
 -2.17892E+04  4.32138E-01  1.22947E+01
 Step number:         50         Non-bonded count:  1439782
 -2.17991E+04  3.46121E-01  8.41737E+00
 Step number:         60         Non-bonded count:  1439782
 -2.18090E+04  3.81054E-01  9.69514E+00
 Step number:         70         Non-bonded count:  1439782
 -2.18172E+04  2.84676E-01  8.38407E+00
 Step number:         80         Non-bonded count:  1439782
 -2.18229E+04  2.68300E-01  6.91374E+00
 Step number:         90         Non-bonded count:  1439782
 -2.18307E+04  2.80709E-01  8.86772E+00
 Step number:        100         Non-bonded count:  1439782
 -2.18361E+04  2.67261E-01  1.09729E+01
 Step number:        100         Non-bonded count:  1439782
 -2.18361E+04  2.67261E-01  1.09729E+01
  
 Energy and Force Generation Info: 
 --------------------------------- 
 Number of E&F called:     633


Final Energy Reports:
------------------------------------
 Total Energy of the system...... -2.18361E+04 kcal/mol
 Total Potential Energy.......... -2.18361E+04 kcal/mol
 Total Kinetic Energy............  0.00000E+00 kcal/mol
 Temperature of the system.......        0.000 K
 Bond Stretch Energy.............  1.63119E+01 kcal/mol
 Angle Bending Energy............  3.09955E+02 kcal/mol
 Torsion Angle Energy............  2.02711E+02 kcal/mol
 Restraining Energy for Torsions.  0.00000E+00 kcal/mol
 1,4 Lennard Jones Energy........  4.31104E+02 kcal/mol
 1,4 Electrostatic Energy........ -4.13017E+02 kcal/mol
 Lennard Jones Energy............ -6.98790E+02 kcal/mol
 Electrostatic Energy............ -2.16844E+04 kcal/mol
 H-bond Energy...................  0.00000E+00 kcal/mol
 
 Exiting IMPACT execution environment 
 Date: Wednesday, November 30 2016, at 23:48:10 EST
%IMPACT-I (timit): Total CPU time =      27.65 seconds (   0.5 minutes)
Total elapsed time = 29 seconds
  ** Completed refinement level 0      rmsd =  0.030

** Refinement finished. Final level: 0

** The refined complex file is 4AG8-impref_ref.mae.
