
** Heavy-atom coordinates will be fixed: maxlevel set to 0
  **
  ** Beginning refinement level 0
  **

%IMPACT-I (openwt): Request to open FORMATTED file 3CS9-impref_ref0.out on unit   2
 Entering IMPACT execution environment 
 Date: Thursday, December 21 2017, at 15:20:37 EST
 Impact version 77011
 mmshare version        40011
 Copyright (c) Schrodinger, LLC.
 All Rights Reserved.

 Host: Linux ls04 3.10.0-514.21.2.el7.x86_64 #1 SMP Tue Jun 20 12:24:47 UTC 2017 x86_64
 Job Name: 3CS9-impref_ref0
 SCHRODINGER  directory: /data/chodera/schrodinger/schrodinger2017-4-advanced
 IMPACT_EXEC  directory: /data/chodera/schrodinger/schrodinger2017-4-advanced/impact-v7.7/bin/Linux-x86_64
 MMSHARE_EXEC directory: /data/chodera/schrodinger/schrodinger2017-4-advanced/mmshare-v4.0/bin/Linux-x86_64

 Clock-based global random seed:     1513887637
%IMPACT-I(foldmain): calling OPLS3 atomtyping ...
%IMPACT-I(foldmain): finished parameter assignment
 PARM read from file "paramstd.dat"
 Parameter obtained from atomtyping
      Current coord. are written to file: "3CS9-impref.init_coord.rst"
      Box dimensions not written


 Total number of atoms  =  4386
 
 Neighbor List Cutoff Settings
 ==================================
 Cutoff radius:   10.0000000000000     
 Update frequency: every           10  steps
 Species   1 : Neighbors are calculated on a per residue basis
 Species   1 : Cutoff by inter-atomic distances
 
 Step number:          0         Non-bonded count:  1048254
 E-pot        RMS grad     Max grad    
 -7.05952E+03  4.91502E+00  8.94545E+01
 Step number:         10         Non-bonded count:  1048254
 -7.40209E+03  7.15649E-01  1.42617E+01
 Step number:         20         Non-bonded count:  1048254
 -7.44973E+03  4.28655E-01  5.26041E+00
 Step number:         30         Non-bonded count:  1048254
 -7.46936E+03  3.30938E-01  6.28375E+00
 Step number:         40         Non-bonded count:  1048254
 -7.47683E+03  2.25674E-01  3.80817E+00
 Step number:         50         Non-bonded count:  1048254
 -7.48187E+03  2.07313E-01  3.95644E+00
 Step number:         60         Non-bonded count:  1048254
 -7.48626E+03  1.52440E-01  2.41140E+00
 Step number:         70         Non-bonded count:  1048254
 -7.48994E+03  1.45049E-01  2.64897E+00
 Step number:         80         Non-bonded count:  1048254
 -7.49182E+03  1.34420E-01  4.12824E+00
 Step number:         90         Non-bonded count:  1048254
 -7.49289E+03  7.35566E-02  1.48977E+00
 Step number:        100         Non-bonded count:  1048254
 -7.49369E+03  9.08704E-02  1.85216E+00
 Step number:        100         Non-bonded count:  1048254
 -7.49369E+03  9.08704E-02  1.85216E+00
      Current coord. are written to file: "3CS9-impref.min0_coord.rst"
      Box dimensions not written
      Current coordinates are read from file: "3CS9-impref.init_coord.rst"
      Box dimensions not read
          read from "3CS9-impref.init_coord.rst"
  
 Energy and Force Generation Info: 
 --------------------------------- 
 Number of E&F called:     269
 PARM read from file "paramstd.dat"
 Parameter obtained from atomtyping
      Current coordinates are read from file: "3CS9-impref.min0_coord.rst"
      Box dimensions not read
          read from "3CS9-impref.min0_coord.rst"


 Total number of atoms  =  4386
 
 Neighbor List Cutoff Settings
 ==================================
 Cutoff radius:   10.0000000000000     
 Update frequency: every           10  steps
 Species   1 : Neighbors are calculated on a per residue basis
 Species   1 : Cutoff by inter-atomic distances
 
 Step number:          0         Non-bonded count:  1048254
 E-pot        RMS grad     Max grad    
 -6.38651E+03  3.08006E+00  2.58514E+01
 Step number:         10         Non-bonded count:  1048254
 -7.14547E+03  1.11119E+00  1.39447E+01
 Step number:         20         Non-bonded count:  1048254
 -7.26049E+03  7.02364E-01  1.45553E+01
 Step number:         30         Non-bonded count:  1048254
 -7.28176E+03  3.46298E-01  7.47828E+00
 Step number:         40         Non-bonded count:  1048254
 -7.29154E+03  3.57650E-01  8.25524E+00
 Step number:         50         Non-bonded count:  1048254
 -7.29865E+03  1.59038E-01  2.86060E+00
 Step number:         60         Non-bonded count:  1048254
 -7.30073E+03  1.53110E-01  2.91664E+00
 Step number:         70         Non-bonded count:  1048254
 -7.30265E+03  1.11776E-01  2.43500E+00
 Step number:         80         Non-bonded count:  1048254
 -7.30397E+03  1.20686E-01  1.90312E+00
 Step number:         90         Non-bonded count:  1048254
 -7.30493E+03  9.39979E-02  3.63607E+00
 Step number:        100         Non-bonded count:  1048254
 -7.30553E+03  5.74677E-02  2.32320E+00
 Step number:        100         Non-bonded count:  1048254
 -7.30553E+03  5.74677E-02  2.32320E+00
  
 Energy and Force Generation Info: 
 --------------------------------- 
 Number of E&F called:     552


Final Energy Reports:
------------------------------------
 Total Energy of the system...... -7.30553E+03 kcal/mol
 Total Potential Energy.......... -7.30553E+03 kcal/mol
 Total Kinetic Energy............  0.00000E+00 kcal/mol
 Temperature of the system.......        0.000 K
 Bond Stretch Energy.............  6.86711E+00 kcal/mol
 Angle Bending Energy............  1.92746E+02 kcal/mol
 Torsion Angle Energy............  6.90484E+01 kcal/mol
 Restraining Energy for Torsions.  0.00000E+00 kcal/mol
 1,4 Lennard Jones Energy........  4.11600E+02 kcal/mol
 1,4 Electrostatic Energy........ -2.71222E+02 kcal/mol
 Lennard Jones Energy............ -6.36811E+02 kcal/mol
 Electrostatic Energy............ -7.07776E+03 kcal/mol
 H-bond Energy...................  0.00000E+00 kcal/mol
 
 Exiting IMPACT execution environment 
 Date: Thursday, December 21 2017, at 15:20:56 EST
%IMPACT-I (timit): Total CPU time =      18.90 seconds (   0.3 minutes)
Total elapsed time = 20 seconds
  ** Completed refinement level 0      rmsd =  0.078

** Refinement finished. Final level: 0

** The refined complex file is 3CS9-impref_ref.mae.
