
** Heavy-atom coordinates will be fixed: maxlevel set to 0
  **
  ** Beginning refinement level 0
  **

%IMPACT-I (openwt): Request to open FORMATTED file 5J7H-impref_ref0.out on unit   2
 Entering IMPACT execution environment 
 Date: Thursday, December 21 2017, at 18:12:56 EST
 Impact version 77011
 mmshare version        40011
 Copyright (c) Schrodinger, LLC.
 All Rights Reserved.

 Host: Linux ls04 3.10.0-514.21.2.el7.x86_64 #1 SMP Tue Jun 20 12:24:47 UTC 2017 x86_64
 Job Name: 5J7H-impref_ref0
 SCHRODINGER  directory: /data/chodera/schrodinger/schrodinger2017-4-advanced
 IMPACT_EXEC  directory: /data/chodera/schrodinger/schrodinger2017-4-advanced/impact-v7.7/bin/Linux-x86_64
 MMSHARE_EXEC directory: /data/chodera/schrodinger/schrodinger2017-4-advanced/mmshare-v4.0/bin/Linux-x86_64

 Clock-based global random seed:     1513897976
%IMPACT-I(foldmain): calling OPLS3 atomtyping ...
%IMPACT-I(foldmain): finished parameter assignment
 PARM read from file "paramstd.dat"
 Parameter obtained from atomtyping
      Current coord. are written to file: "5J7H-impref.init_coord.rst"
      Box dimensions not written


 Total number of atoms  =  4922
 
 Neighbor List Cutoff Settings
 ==================================
 Cutoff radius:   10.0000000000000     
 Update frequency: every           10  steps
 Species   1 : Neighbors are calculated on a per residue basis
 Species   1 : Cutoff by inter-atomic distances
 
 Step number:          0         Non-bonded count:  1173941
 E-pot        RMS grad     Max grad    
 -4.98080E+03  2.28757E+02  1.01350E+04
 Step number:         10         Non-bonded count:  1173941
 -7.96191E+03  8.39316E-01  2.31623E+01
 Step number:         20         Non-bonded count:  1173941
 -8.05758E+03  6.65821E-01  1.56220E+01
 Step number:         30         Non-bonded count:  1173941
 -8.09489E+03  4.10169E-01  1.04820E+01
 Step number:         40         Non-bonded count:  1173941
 -8.10716E+03  1.99448E-01  4.03621E+00
 Step number:         50         Non-bonded count:  1173941
 -8.11405E+03  2.24063E-01  4.49915E+00
 Step number:         60         Non-bonded count:  1173941
 -8.11907E+03  2.02609E-01  3.80689E+00
 Step number:         70         Non-bonded count:  1173941
 -8.12252E+03  1.51785E-01  2.50617E+00
 Step number:         80         Non-bonded count:  1173941
 -8.12562E+03  1.15939E-01  3.00621E+00
 Step number:         90         Non-bonded count:  1173941
 -8.12723E+03  9.02390E-02  1.90147E+00
 Step number:        100         Non-bonded count:  1173941
 -8.12828E+03  8.72040E-02  1.94768E+00
 Step number:        100         Non-bonded count:  1173941
 -8.12828E+03  8.72040E-02  1.94768E+00
      Current coord. are written to file: "5J7H-impref.min0_coord.rst"
      Box dimensions not written
      Current coordinates are read from file: "5J7H-impref.init_coord.rst"
      Box dimensions not read
          read from "5J7H-impref.init_coord.rst"
  
 Energy and Force Generation Info: 
 --------------------------------- 
 Number of E&F called:     268
 PARM read from file "paramstd.dat"
 Parameter obtained from atomtyping
      Current coordinates are read from file: "5J7H-impref.min0_coord.rst"
      Box dimensions not read
          read from "5J7H-impref.min0_coord.rst"


 Total number of atoms  =  4922
 
 Neighbor List Cutoff Settings
 ==================================
 Cutoff radius:   10.0000000000000     
 Update frequency: every           10  steps
 Species   1 : Neighbors are calculated on a per residue basis
 Species   1 : Cutoff by inter-atomic distances
 
 Step number:          0         Non-bonded count:  1173941
 E-pot        RMS grad     Max grad    
 -6.89267E+03  2.75708E+00  2.78339E+01
 Step number:         10         Non-bonded count:  1173941
 -7.64575E+03  1.56998E+00  2.02578E+01
 Step number:         20         Non-bonded count:  1173941
 -7.81079E+03  8.97020E-01  1.62170E+01
 Step number:         30         Non-bonded count:  1173941
 -7.86878E+03  5.99146E-01  1.41447E+01
 Step number:         40         Non-bonded count:  1173941
 -7.88207E+03  2.67129E-01  6.98842E+00
 Step number:         50         Non-bonded count:  1173941
 -7.88675E+03  1.94391E-01  7.01443E+00
 Step number:         60         Non-bonded count:  1173941
 -7.88912E+03  1.27469E-01  4.94723E+00
 Step number:         70         Non-bonded count:  1173941
 -7.89090E+03  1.21513E-01  2.37963E+00
 Step number:         80         Non-bonded count:  1173941
 -7.89220E+03  1.01974E-01  3.49303E+00
 Step number:         90         Non-bonded count:  1173941
 -7.89340E+03  1.07635E-01  2.95605E+00
 Step number:        100         Non-bonded count:  1173941
 -7.89433E+03  9.89214E-02  3.66669E+00
 Step number:        100         Non-bonded count:  1173941
 -7.89433E+03  9.89214E-02  3.66669E+00
  
 Energy and Force Generation Info: 
 --------------------------------- 
 Number of E&F called:     555


Final Energy Reports:
------------------------------------
 Total Energy of the system...... -7.89433E+03 kcal/mol
 Total Potential Energy.......... -7.89433E+03 kcal/mol
 Total Kinetic Energy............  0.00000E+00 kcal/mol
 Temperature of the system.......        0.000 K
 Bond Stretch Energy.............  1.05429E+01 kcal/mol
 Angle Bending Energy............  2.76699E+02 kcal/mol
 Torsion Angle Energy............  7.83483E+01 kcal/mol
 Restraining Energy for Torsions.  0.00000E+00 kcal/mol
 1,4 Lennard Jones Energy........  4.63387E+02 kcal/mol
 1,4 Electrostatic Energy........ -3.97110E+02 kcal/mol
 Lennard Jones Energy............ -5.84774E+02 kcal/mol
 Electrostatic Energy............ -7.74143E+03 kcal/mol
 H-bond Energy...................  0.00000E+00 kcal/mol
 
 Exiting IMPACT execution environment 
 Date: Thursday, December 21 2017, at 18:13:20 EST
%IMPACT-I (timit): Total CPU time =      24.43 seconds (   0.4 minutes)
Total elapsed time = 25 seconds
  ** Completed refinement level 0      rmsd =  0.075

** Refinement finished. Final level: 0

** The refined complex file is 5J7H-impref_ref.mae.
