
** Heavy-atom coordinates will be fixed: maxlevel set to 0
  **
  ** Beginning refinement level 0
  **

%IMPACT-I (openwt): Request to open FORMATTED file 2HYY-impref_ref0.out on unit   2
 Entering IMPACT execution environment 
 Date: Wednesday, November 30 2016, at 21:13:35 EST
 Impact version 72014
 mmshare version        35014
 Copyright (c) Schrodinger, LLC.
 All Rights Reserved.

 Host: Linux cc05.local 2.6.32-573.18.1.el6.x86_64 #1 SMP Tue Feb 9 22:46:17 UTC 2016 x86_64
 Job Name: 2HYY-impref_ref0
 SCHRODINGER  directory: /cbio/jclab/share/schrodinger/schrodinger2016-3
 IMPACT_EXEC  directory: /cbio/jclab/share/schrodinger/schrodinger2016-3/impact-v7.2/bin/Linux-x86_64
 MMSHARE_EXEC directory: /cbio/jclab/share/schrodinger/schrodinger2016-3/mmshare-v3.5/bin/Linux-x86_64

 Clock-based global random seed:     1480558415
%IMPACT-I(foldmain): calling OPLS_2005 atomtyping ...
%IMPACT-I(foldmain): finished parameter assignment
 PARM read from file "paramstd.dat"
 Parameter obtained from atomtyping
      Current coord. are written to file: "2HYY-impref.init_coord.rst"
      Box dimensions not written


 Total number of atoms  =  4497
 
 Neighbor List Cutoff Settings
 ==================================
 Cutoff radius:   10.0000000000000     
 Update frequency: every           10  steps
 Species   1 : Neighbors are calculated on a per residue basis
 Species   1 : Cutoff by inter-atomic distances
 
 Step number:          0         Non-bonded count:  1102591
 E-pot        RMS grad     Max grad    
  3.33982E+05  5.69516E+04  4.37826E+06
 Step number:         10         Non-bonded count:  1102591
 -8.80969E+03  1.45061E+00  4.50034E+01
 Step number:         20         Non-bonded count:  1102591
 -8.94744E+03  1.07147E+00  4.12563E+01
 Step number:         30         Non-bonded count:  1102591
 -9.02121E+03  9.73925E-01  2.09786E+01
 Step number:         40         Non-bonded count:  1102591
 -9.06836E+03  5.79720E-01  1.51041E+01
 Step number:         50         Non-bonded count:  1102591
 -9.09559E+03  5.62415E-01  2.07903E+01
 Step number:         60         Non-bonded count:  1102591
 -9.11319E+03  4.60925E-01  2.19340E+01
 Step number:         70         Non-bonded count:  1102591
 -9.12473E+03  4.39530E-01  1.41599E+01
 Step number:         80         Non-bonded count:  1102591
 -9.13237E+03  3.48700E-01  1.39641E+01
 Step number:         90         Non-bonded count:  1102591
 -9.13943E+03  2.62932E-01  8.29123E+00
 Step number:        100         Non-bonded count:  1102591
 -9.14296E+03  1.73910E-01  6.14039E+00
 Step number:        100         Non-bonded count:  1102591
 -9.14296E+03  1.73910E-01  6.14039E+00
      Current coord. are written to file: "2HYY-impref.min0_coord.rst"
      Box dimensions not written
      Current coordinates are read from file: "2HYY-impref.init_coord.rst"
      Box dimensions not read
          read from "2HYY-impref.init_coord.rst"
  
 Energy and Force Generation Info: 
 --------------------------------- 
 Number of E&F called:     271
 PARM read from file "paramstd.dat"
 Parameter obtained from atomtyping
      Current coordinates are read from file: "2HYY-impref.min0_coord.rst"
      Box dimensions not read
          read from "2HYY-impref.min0_coord.rst"


 Total number of atoms  =  4497
 
 Neighbor List Cutoff Settings
 ==================================
 Cutoff radius:   10.0000000000000     
 Update frequency: every           10  steps
 Species   1 : Neighbors are calculated on a per residue basis
 Species   1 : Cutoff by inter-atomic distances
 
 Step number:          0         Non-bonded count:  1102591
 E-pot        RMS grad     Max grad    
 -8.06052E+03  3.06288E+00  2.81303E+01
 Step number:         10         Non-bonded count:  1102591
 -8.79353E+03  1.37299E+00  6.00436E+01
 Step number:         20         Non-bonded count:  1102591
 -8.84156E+03  7.87626E-01  2.80190E+01
 Step number:         30         Non-bonded count:  1102591
 -8.85899E+03  3.68937E-01  9.90467E+00
 Step number:         40         Non-bonded count:  1102591
 -8.86456E+03  1.69116E-01  5.07762E+00
 Step number:         50         Non-bonded count:  1102591
 -8.86635E+03  1.26038E-01  4.00866E+00
 Step number:         60         Non-bonded count:  1102591
 -8.86765E+03  1.72014E-01  5.19626E+00
 Step number:         70         Non-bonded count:  1102591
 -8.87025E+03  1.98808E-01  6.91015E+00
 Step number:         80         Non-bonded count:  1102591
 -8.87241E+03  1.61610E-01  5.68815E+00
 Step number:         90         Non-bonded count:  1102591
 -8.87335E+03  9.64941E-02  2.65103E+00
 Step number:        100         Non-bonded count:  1102591
 -8.87385E+03  1.05055E-01  4.31624E+00
 Step number:        100         Non-bonded count:  1102591
 E-pot        RMS grad     Max grad    
 -8.87385E+03  1.05055E-01  4.31624E+00
  
 Energy and Force Generation Info: 
 --------------------------------- 
 Number of E&F called:     535


Final Energy Reports:
------------------------------------
 Total Energy of the system...... -8.87385E+03 kcal/mol
 Total Potential Energy.......... -8.87385E+03 kcal/mol
 Total Kinetic Energy............  0.00000E+00 kcal/mol
 Temperature of the system.......        0.000 K
 Bond Stretch Energy.............  3.98876E+01 kcal/mol
 Angle Bending Energy............  2.80710E+02 kcal/mol
 Torsion Angle Energy............  1.62078E+02 kcal/mol
 Restraining Energy for Torsions.  0.00000E+00 kcal/mol
 1,4 Lennard Jones Energy........  3.93873E+02 kcal/mol
 1,4 Electrostatic Energy........ -2.71297E+02 kcal/mol
 Lennard Jones Energy............ -5.02211E+02 kcal/mol
 Electrostatic Energy............ -8.97689E+03 kcal/mol
 H-bond Energy...................  0.00000E+00 kcal/mol
 
 Exiting IMPACT execution environment 
 Date: Wednesday, November 30 2016, at 21:13:54 EST
%IMPACT-I (timit): Total CPU time =      19.06 seconds (   0.3 minutes)
Total elapsed time = 20 seconds
  ** Completed refinement level 0      rmsd =  0.044

** Refinement finished. Final level: 0

** The refined complex file is 2HYY-impref_ref.mae.
