
Working on structure 1
Fixing common structure mistakes...
  No mistakes were found
Pre-treating metals...
Done treating metals
Assigning bond orders...
  Using CCD: True
CCD template assignment successfully used for HET "BAX "
  Assigned the following bonds (format: atom1, atom2, order): set([(2484, 2485, 2), (2468, 2469, 2), (2473, 2454, 2), (2458, 2481, 2), (2482, 2466, 2), (2460, 2459, 2), (2462, 2461, 2), (2467, 2483, 2), (2464, 2463, 2), (2457, 2472, 2), (2455, 2456, 2)])
Adding hydrogens...
Treating metals...
Creating di-sulfur bonds...
Converting Selenomethionines...
Detecting missing residue atoms...
Filling missing loops using Prime...
Prime output file: /cbio/jclab/home/albaness/github/PDBfinder/pdbs/Sorafenib-VEGFR1/fixed/4ASD-fixed/4asd-missing-loops-out.maegz
Capping protein termini...
CapTermini:     Added NMA Cap: A:1168A
CapTermini:     Added ACE Cap: A:806
  The following terminal residues have been capped: A:1168, A:807
Finding het groups...
Coloring atoms by element (green carbons in hets)...
Finding het groups (for Epik)...
Processing 1 het groups...
  Using Epik with pH: 7.4
        and pH Range: 0.0
  Max states per het: 32
Running Epik on 1 het groups...
  Waiting for epik...
  Het A:BAX (1500): keeping all 1 state(s):
    State penalty: -0.00 kcal/mol; H-Bond count: 2.
Running ProtAssign...
  Uses -minimize option in ProtAssign
  Using PROPKA with pH: 7.4
  RUNNING: /cbio/jclab/share/schrodinger/schrodinger2016-3/utilities/protassign 4ASD-protassign.mae 4ASD-protassign-out.mae -NOJOBID -nowater -minimize -propka_pH 7.4
Optimize H-bond job completed.
Running restrained minimization...
  RMSD: 0.3
  Force field: 2005
  hydrogens only
done with preparation
Writing to file...
DONE. Output file: ../4ASD-fixed.pdb
