==============================================================================
  Prime version 4.9 (r016) Refine Structure: Sidechain prediction
==============================================================================
        
--------------------------------------------------------------------------------
JobId          : ls04-0-59d296cb
Name           : 4xv2-missing-side-chains
Program        : RefineStructure
MMshareExec    : /data/chodera/schrodinger/schrodinger2017-3-advanced/mmshare-v3.9/bin/Linux-x86_64
Host           : ls04.hpc.private
Dir            : /lila/home/albaness/PDBfinder/pdbs/Dabrafenib-BRAF/fixed/4XV2-fixed
HostEntry      : localhost
JobHost        : ls04.hpc.private
JobDir         : /data/chodera/schrodinger/tmpdir/albaness/4xv2-missing-side-chains
JobMMshareExec : /data/chodera/schrodinger/schrodinger2017-3-advanced/mmshare-v3.9/bin/Linux-x86_64
Commandline    : /data/chodera/schrodinger/schrodinger2017-3-advanced/prime 4xv2-missing-side-chains
StartTime      : 2017-10-02-15:43:08
--------------------------------------------------------------------------------
Using the following input parameters:
   EXT_DIEL	80.0
   FIX_ATOM_NAMES	yes
   JOB_TYPE	refine
   NUM_SC_OUTPUT_STRUCT	1
   RESIDUE_0	B:522
   RESIDUE_1	A:522
   SEED	0
   SELECT	pick
   STRUCT_FILE	4xv2-missing-side-chains-in.mae
   USE_CRYSTAL_SYMMETRY	no
   USE_MEMBRANE	no
   USE_RANDOM_SEED	no

Number of CPU cores to use: 1

Using OPLS version OPLS3 for force-field parameters.

Pre-processing input
  Treating with residue ID check...
    Complete:  0 min  0 sec
  Treating with asl parsing...
    Complete:  0 min  0 sec
  Treating with naming consistency detection...
    Complete:  0 min  0 sec

 Random Number Seed Set to:    866861948
 
 Contents of the control file:
   
   
   file outdir "/lila/data/chodera/schrodinger/tmpdir/albaness/4xv2-missing-side-chains/"
   file datadir "/data/chodera/schrodinger/schrodinger2017-3-advanced/psp-v4.9/data/pop/"
   file vddir "/data/chodera/schrodinger/schrodinger2017-3-advanced/psp-v4.9/data/pop/"
   file tempdir "templates/"
   file protempdir "templates/"
   file usrtempdir "/lila/data/chodera/schrodinger/tmpdir/albaness/4xv2-missing-side-chains/"
   file gluefile "params.glue"
   file logfile stdout
   
   rand seed 0
   
   
   load simple 4xv2-missing-side-chains_0 Structure(37)  het yes ions yes wat yes mse2met no sym none   highest_occ no     opls_version OPLS3 fix_atom_names yes
   
   
   
   constraints load_from_ct
   energy param solv vsgb2.1
   
   
   
   energy param nbcut2_nn  40.0
   energy param nbcut2_cn  40.0
   energy param nbcut2_cc  40.0
   
   
   
   
   
   
   
   energy total
   side predict asl "atom.i_psp_select_atom 1" ofac_min 0.0 native_opt no failsafe no iter 1  maefile SWIG_OUTPUT_STRUCTURE
   
   energy total
   energy total
   
   
   write mae SWIG_OUTPUT_STRUCTURE
   finalize yes
   
--Checked out   8 PSP Plop Tokens--
 Random number seed reset to :            0
 
 Parameters chosen for PDB loading:
   All protein chains will be loaded.
   Sequence read from ATOM lines.
   Ions from PDB file INCLUDED.
   PDB file assumed to be experimental data.
   Waters from PDB file INCLUDED.
   HETATMs from PDB file INCLUDED.
   Hydrogens from PDB file INCLUDED.
   NO symmetry will be used.
   Atoms not in PDB file will NOT be optimized.
   Atomtyping Parameters (when reading directly from mae)
      OPLS Version OPLS3               
      Planarity       None
      Using Force Field Charges
      Changing atom names to canonical values
 
 STARTING TO WORK ON FILE 4xv2-missing-side-chains_0
 Reading residue sequence from atoms in mae file
 
 Amino acid sequence, chain: A A:ASP_449    A:GLU_720   
    0 ASPB TRP  GLU  ILE  PRO  ASP  GLY  GLN  ILE  THR 
   10 VAL  GLY  GLN  ARG  ILE  GLY  SER  GLY  SER  PHE 
   20 GLY  THR  VAL  TYR  LYS  GLY  LYS  TRP  HID  GLY 
   30 ASP  VAL  ALA  VAL  LYS  MET  LEU  ASN  VAL  THR 
   40 ALA  PRO  THR  PRO  GLN  GLN  LEU  GLN  ALA  PHE 
   50 LYS  ASN  GLU  VAL  GLY  VAL  LEU  ARG  LYS  THR 
   60 ARG  HID  VAL  ASN  ILE  LEU  LEU  PHE  MET  GLY 
   70 TYR  SER  THR  LYS  PRO  GLN  LEU  ALA  ILE  VAL 
   80 THR  GLN  TRP  CYS  GLU  GLY  SER  SER  LEU  TYR 
   90 HID  HID  LEU  HID  ALA  SER  GLU  THR  LYS  PHE 
  100 GLU  MET  LYS  LYS  LEU  ILE  ASP  ILE  ALA  ARG 
  110 GLN  THR  ALA  ARG  GLY  MET  ASP  TYR  LEU  HID 
  120 ALA  LYS  SER  ILE  ILE  HID  ARG  ASP  LEU  LYS 
  130 SER  ASN  ASN  ILE  PHE  LEU  HID  GLU  ASP  ASN 
  140 THR  VAL  LYS  ILE  GLY  ASP  PHE  GLY  LEU  ALA 
  150 THR  GLU  LYS  SER  ARG  TRP  SER  GLY  SER  HID 
  160 GLN  PHE  GLU  GLN  LEU  SER  GLY  SER  ILE  LEU 
  170 TRP  MET  ALA  PRO  GLU  VAL  ILE  ARG  MET  GLN 
  180 ASP  SER  ASN  PRO  TYR  SER  PHE  GLN  SER  ASP 
  190 VAL  TYR  ALA  PHE  GLY  ILE  VAL  LEU  TYR  GLU 
  200 LEU  MET  THR  GLY  GLN  LEU  PRO  TYR  SER  ASN 
  210 ILE  ASN  ASN  ARG  ASP  GLN  ILE  ILE  GLU  MET 
  220 VAL  GLY  ARG  GLY  SER  LEU  SER  PRO  ASP  LEU 
  230 SER  LYS  VAL  ARG  SER  ASN  CYS  PRO  LYS  ARG 
  240 MET  LYS  ARG  LEU  MET  ALA  GLU  CYS  LEU  LYS 
  250 LYS  LYS  ARG  ASP  GLU  ARG  PRO  SER  PHE  PRO 
  260 ARG  ILE  LEU  ALA  GLU  ILE  GLU  GLU  LEU  ALA 
  270 ARG  GLUE
 
 Amino acid sequence, chain: B B:ASP_448    B:GLU_720   
    0 ASPB ASP  TRP  GLU  ILE  PRO  ASP  GLY  GLN  ILE 
   10 THR  VAL  GLY  GLN  ARG  ILE  GLY  SER  GLY  SER 
   20 PHE  GLY  THR  VAL  TYR  LYS  GLY  LYS  TRP  HID 
   30 GLY  ASP  VAL  ALA  VAL  LYS  MET  LEU  ASN  VAL 
   40 THR  ALA  PRO  THR  PRO  GLN  GLN  LEU  GLN  ALA 
   50 PHE  LYS  ASN  GLU  VAL  GLY  VAL  LEU  ARG  LYS 
   60 THR  ARG  HID  VAL  ASN  ILE  LEU  LEU  PHE  MET 
   70 GLY  TYR  SER  THR  LYS  PRO  GLN  LEU  ALA  ILE 
   80 VAL  THR  GLN  TRP  CYS  GLU  GLY  SER  SER  LEU 
   90 TYR  HID  HID  LEU  HID  ALA  SER  GLU  THR  LYS 
  100 PHE  GLU  MET  LYS  LYS  LEU  ILE  ASP  ILE  ALA 
  110 ARG  GLN  THR  ALA  ARG  GLY  MET  ASP  TYR  LEU 
  120 HID  ALA  LYS  SER  ILE  ILE  HID  ARG  ASP  LEU 
  130 LYS  SER  ASN  ASN  ILE  PHE  LEU  HID  GLU  ASP 
  140 ASN  THR  VAL  LYS  ILE  GLY  ASP  PHE  GLY  LEU 
  150 ALA  THR  GLU  LYS  SER  ARG  TRP  SER  GLY  SER 
  160 HID  GLN  PHE  GLU  GLN  LEU  SER  GLY  SER  ILE 
  170 LEU  TRP  MET  ALA  PRO  GLU  VAL  ILE  ARG  MET 
  180 GLN  ASP  SER  ASN  PRO  TYR  SER  PHE  GLN  SER 
  190 ASP  VAL  TYR  ALA  PHE  GLY  ILE  VAL  LEU  TYR 
  200 GLU  LEU  MET  THR  GLY  GLN  LEU  PRO  TYR  SER 
  210 ASN  ILE  ASN  ASN  ARG  ASP  GLN  ILE  ILE  GLU 
  220 MET  VAL  GLY  ARG  GLY  SER  LEU  SER  PRO  ASP 
  230 LEU  SER  LYS  VAL  ARG  SER  ASN  CYS  PRO  LYS 
  240 ARG  MET  LYS  ARG  LEU  MET  ALA  GLU  CYS  LEU 
  250 LYS  LYS  LYS  ARG  ASP  GLU  ARG  PRO  SER  PHE 
  260 PRO  ARG  ILE  LEU  ALA  GLU  ILE  GLU  GLU  LEU 
  270 ALA  ARG  GLUE
 
 Nonbonded initialization ...
 Time for loading nb parameters:   3.247999999999251E-003
 Build extended structure ...
 Charged terminal template did not match, trying neutral terminal template for 
  A:ASP_449   
 Best alchemical state for  A:HIS_608    is HIE
 Charged terminal template did not match, trying neutral terminal template for 
  A:GLU_720   
 Charged terminal template did not match, trying neutral terminal template for 
  B:ASP_448   
 Best alchemical state for  B:HIS_608    is HIE
 Charged terminal template did not match, trying neutral terminal template for 
  B:GLU_720   
 Generating crosslinks ...
 Initialize 1/4 list ...
 Initialize parent/child list ...
 Initialize covalent pointers ...
 Initialize resinfo list ...
 ATTN: hetero res type P01 
  not recognized - rotamer conformations will not be sampled.
 ATTN: hetero res type P06 
  not recognized - rotamer conformations will not be sampled.
 Initialize special atoms ...
 Initialize rank list ...
 Initialize sparse atom list ...
 
 Times for various book-keeping steps:
     build   4.249s
     cross   0.124s
     child   0.051s
      iper   0.000s
       rev   0.053s
      info   0.012s
     resat   0.000s
      rank   0.000s
     covpt   0.001s
    sparse   0.093s
 
 Times for steps in loading structure:
           Load sequence    0.78s
    Initialize structure    4.62s
      Assign coordinates    0.15s
     Initialize symmetry    0.00s
 
 Preparing for first energy calculation ...
 
 Time for assigning nb parameters:    0.014s
 
 Number of protein chains       2
   Number of residues         545
       (charged)              133
        (polar)               190
       (glycine)               38
     (hydrophobic)            184
 
 Number of RNA chains           0
   Number of nucleotides        0
 Number of DNA chains           0
   Number of nucleotides        0
 
 Number of waters              54
 Number of ions                 0
 Number of HET                  2
 
 Number of atoms             9162
   [sparse atoms]             805
 
 Number of bonds             9226
 Number of angles           16425
 Number of torsions         25890
 Number of 1/4s             23669
 
 Partial charges and molecular weights:
  HET group      A:P06_801        -0.0000     519.6
  HET group      B:P06_801        -0.0000     519.6
  Protein chain            A       6.0000   31032.0
  Protein chain            B       5.0000   31146.1
  Entire system                   11.0000   64190.1
 
 Time for secondary structure initialization   0.003s
 
 Results of parameter assignment
    type    tot   time
    BOND   9226   0.01
    ANGL  16425   0.02
    TORS  26539   0.09
 
 Here are the parameters that will be used:
                      Solvent model   SGB
               Variable Dielectric:   ENABLED
                               LYS:    4.33
                               GLU:    2.39
                               ASP:    2.29
                               HIP:    2.00
                               HIS:    1.00
                               ARG:    2.01
                      Penalty terms   EXCLUDED
                Internal dielectric    1.00
                 Solvent dielectric   80.00
                 Ionic strength (M)    0.00
                 Debye length (Ang)     Inf
     Short NB cut (neutral/neutral)   10.00
      Long NB cut (neutral/neutral)   40.00
      Short NB cut (charge/neutral)   10.00
       Long NB cut (charge/neutral)   40.00
       Short NB cut (charge/charge)   15.00
        Long NB cut (charge/charge)   40.00
             Short NB cut (reduced)    6.00
              Long NB cut (reduced)   36.00
          Rotamer Frequency Scoring   OFF
 
 NOW REPORTING THE ENERGY (KCAL/MOL): 
 COVALENT ENERGIES:
                BOND           ANGLE             TOR           TOTAL
     COV     1268.577124     1090.152745     1297.753889     3656.483758
     SGB    43075.948824   -18934.442100   -10602.946216    13538.560509
   TOTAL    44344.525948   -17844.289354    -9305.192327    17195.044267
    TIME        0.000s          0.000s          0.000s          0.000s   
 
 NONBONDED (INTRAMOLECULAR) ENERGIES:
                  14           SHORT            LONG           TOTAL
      LJ     3704.954746    -3103.307347     -258.654749      342.992649
    LIPO        0.000000    -1308.855890        0.000000    -1308.855890
      EL    14392.708893   -32150.843545      867.355499   -16890.779153
     SGB   -10602.946216    13861.941731     -693.909282     2565.086234
   TOTAL     7494.717423   -22701.065050      -85.208532   -15291.556160
    TIME        0.000s          0.000s          0.000s          0.000s   
 
 OTHER:
SGB SELF   -30342.278652
NONPOLAR        0.000000
PROT COR        0.000000
   HBOND     -323.627493
 PACKING      -46.839264
SelfCont      -45.122609
 
 SUM:
 SGB TOT    -3635.685694
SOLV TOT    -3635.685694
LIPO TOT    -1308.855890
  TOTALE  -18251.43369578    
 [NOTE: TOTAL ENERGY = COV_TOT + NB_TOT + OTHER - SGB_14|SGB_TOR]
 
 NOW REPORTING THE ENERGY (KCAL/MOL): 
 COVALENT ENERGIES:
                BOND           ANGLE             TOR           TOTAL
     COV     1268.577124     1090.152745     1297.753889     3656.483758
     SGB    43075.948824   -18934.442100   -10602.946216    13538.560509
   TOTAL    44344.525948   -17844.289354    -9305.192327    17195.044267
    TIME        0.000s          0.000s          0.000s          0.000s   
 
 NONBONDED (INTRAMOLECULAR) ENERGIES:
                  14           SHORT            LONG           TOTAL
      LJ     3704.954746    -3103.307347     -258.654749      342.992649
    LIPO        0.000000    -1308.855890        0.000000    -1308.855890
      EL    14392.708893   -32150.843545      867.355499   -16890.779153
     SGB   -10602.946216    13861.941731     -693.909282     2565.086234
   TOTAL     7494.717423   -22701.065050      -85.208532   -15291.556160
    TIME        0.000s          0.000s          0.000s          0.000s   
 
 OTHER:
SGB SELF   -30342.278652
NONPOLAR        0.000000
PROT COR        0.000000
   HBOND     -323.627493
 PACKING      -46.839264
SelfCont      -45.122609
 
 SUM:
 SGB TOT    -3635.685694
SOLV TOT    -3635.685694
LIPO TOT    -1308.855890
  TOTALE  -18251.43369578    
 [NOTE: TOTAL ENERGY = COV_TOT + NB_TOT + OTHER - SGB_14|SGB_TOR]
 
 Preparing for first energy calculation ...
 
 
 NOW REPORTING THE ENERGY (KCAL/MOL): 
 COVALENT ENERGIES:
                BOND           ANGLE             TOR           TOTAL
     COV     1268.577124     1090.152745     1297.753889     3656.483758
     SGB    43075.948824   -18934.442100   -10602.946216    13538.560509
   TOTAL    44344.525948   -17844.289354    -9305.192327    17195.044267
    TIME        0.000s          0.000s          0.000s          0.000s   
 
 NONBONDED (INTRAMOLECULAR) ENERGIES:
                  14           SHORT            LONG           TOTAL
      LJ     3704.954746    -3103.307347     -258.654749      342.992649
    LIPO        0.000000    -1308.855890        0.000000    -1308.855890
      EL    14392.708893   -32150.843545      867.355499   -16890.779153
     SGB   -10602.946216    13861.941731     -693.909282     2565.086234
   TOTAL     7494.717423   -22701.065050      -85.208532   -15291.556160
    TIME        0.000s          0.000s          0.000s          0.000s   
 
 OTHER:
SGB SELF   -30342.278652
NONPOLAR        0.000000
PROT COR        0.000000
   HBOND     -323.627493
 PACKING      -46.839264
SelfCont      -45.122609
 
 SUM:
 SGB TOT    -3635.685694
SOLV TOT    -3635.685694
LIPO TOT    -1308.855890
  TOTALE  -18251.43369578    
 [NOTE: TOTAL ENERGY = COV_TOT + NB_TOT + OTHER - SGB_14|SGB_TOR]
 
 ATTN:  large bond energies found:
      59     56 A:HOH_901:_OW_          57 A:HOH_901:_HW1          10.00
      60     56 A:HOH_901:_OW_          58 A:HOH_901:_HW2          10.00
      61     59 A:HOH_902:_OW_          60 A:HOH_902:_HW1          10.00
      62     59 A:HOH_902:_OW_          61 A:HOH_902:_HW2          10.00
      63     62 A:HOH_903:_OW_          63 A:HOH_903:_HW1          10.00
      64     62 A:HOH_903:_OW_          64 A:HOH_903:_HW2          10.00
      65     65 A:HOH_904:_OW_          66 A:HOH_904:_HW1          10.00
      66     65 A:HOH_904:_OW_          67 A:HOH_904:_HW2          10.00
      67     68 A:HOH_905:_OW_          69 A:HOH_905:_HW1          10.00
      68     68 A:HOH_905:_OW_          70 A:HOH_905:_HW2          10.00
      69     71 A:HOH_906:_OW_          72 A:HOH_906:_HW1          10.00
      70     71 A:HOH_906:_OW_          73 A:HOH_906:_HW2          10.00
      71     74 A:HOH_907:_OW_          75 A:HOH_907:_HW1          10.00
      72     74 A:HOH_907:_OW_          76 A:HOH_907:_HW2          10.00
      73     77 A:HOH_908:_OW_          78 A:HOH_908:_HW1          10.00
      74     77 A:HOH_908:_OW_          79 A:HOH_908:_HW2          10.00
      75     80 A:HOH_909:_OW_          81 A:HOH_909:_HW1          10.00
      76     80 A:HOH_909:_OW_          82 A:HOH_909:_HW2          10.00
      77     83 A:HOH_910:_OW_          84 A:HOH_910:_HW1          10.00
      78     83 A:HOH_910:_OW_          85 A:HOH_910:_HW2          10.00
      79     86 A:HOH_911:_OW_          87 A:HOH_911:_HW1          10.00
      80     86 A:HOH_911:_OW_          88 A:HOH_911:_HW2          10.00
      81     89 A:HOH_912:_OW_          90 A:HOH_912:_HW1          10.00
      82     89 A:HOH_912:_OW_          91 A:HOH_912:_HW2          10.00
      83     92 A:HOH_913:_OW_          93 A:HOH_913:_HW1          10.00
      84     92 A:HOH_913:_OW_          94 A:HOH_913:_HW2          10.00
      85     95 A:HOH_914:_OW_          96 A:HOH_914:_HW1          10.00
      86     95 A:HOH_914:_OW_          97 A:HOH_914:_HW2          10.00
      87     98 A:HOH_915:_OW_          99 A:HOH_915:_HW1          10.00
      88     98 A:HOH_915:_OW_         100 A:HOH_915:_HW2          10.00
      89    101 A:HOH_916:_OW_         102 A:HOH_916:_HW1          10.00
      90    101 A:HOH_916:_OW_         103 A:HOH_916:_HW2          10.00
      91    104 A:HOH_917:_OW_         105 A:HOH_917:_HW1          10.00
      92    104 A:HOH_917:_OW_         106 A:HOH_917:_HW2          10.00
      93    107 A:HOH_918:_OW_         108 A:HOH_918:_HW1          10.00
      94    107 A:HOH_918:_OW_         109 A:HOH_918:_HW2          10.00
      95    110 A:HOH_919:_OW_         111 A:HOH_919:_HW1          10.00
      96    110 A:HOH_919:_OW_         112 A:HOH_919:_HW2          10.00
      97    113 A:HOH_920:_OW_         114 A:HOH_920:_HW1          10.00
      98    113 A:HOH_920:_OW_         115 A:HOH_920:_HW2          10.00
      99    116 A:HOH_921:_OW_         117 A:HOH_921:_HW1          10.00
     100    116 A:HOH_921:_OW_         118 A:HOH_921:_HW2          10.00
     101    119 A:HOH_922:_OW_         120 A:HOH_922:_HW1          10.00
     102    119 A:HOH_922:_OW_         121 A:HOH_922:_HW2          10.00
     103    122 A:HOH_923:_OW_         123 A:HOH_923:_HW1          10.00
     104    122 A:HOH_923:_OW_         124 A:HOH_923:_HW2          10.00
     105    125 A:HOH_924:_OW_         126 A:HOH_924:_HW1          10.00
     106    125 A:HOH_924:_OW_         127 A:HOH_924:_HW2          10.00
     107    128 A:HOH_925:_OW_         129 A:HOH_925:_HW1          10.00
     108    128 A:HOH_925:_OW_         130 A:HOH_925:_HW2          10.00
     109    131 A:HOH_926:_OW_         132 A:HOH_926:_HW1          10.00
     110    131 A:HOH_926:_OW_         133 A:HOH_926:_HW2          10.00
     111    134 A:HOH_927:_OW_         135 A:HOH_927:_HW1          10.00
     112    134 A:HOH_927:_OW_         136 A:HOH_927:_HW2          10.00
     113    137 A:HOH_928:_OW_         138 A:HOH_928:_HW1          10.00
     114    137 A:HOH_928:_OW_         139 A:HOH_928:_HW2          10.00
     173    195 B:HOH_901:_OW_         196 B:HOH_901:_HW1          10.00
     174    195 B:HOH_901:_OW_         197 B:HOH_901:_HW2          10.00
     175    198 B:HOH_902:_OW_         199 B:HOH_902:_HW1          10.00
     176    198 B:HOH_902:_OW_         200 B:HOH_902:_HW2          10.00
     177    201 B:HOH_903:_OW_         202 B:HOH_903:_HW1          10.00
     178    201 B:HOH_903:_OW_         203 B:HOH_903:_HW2          10.00
     179    204 B:HOH_904:_OW_         205 B:HOH_904:_HW1          10.00
     180    204 B:HOH_904:_OW_         206 B:HOH_904:_HW2          10.00
     181    207 B:HOH_905:_OW_         208 B:HOH_905:_HW1          10.00
     182    207 B:HOH_905:_OW_         209 B:HOH_905:_HW2          10.00
     183    210 B:HOH_906:_OW_         211 B:HOH_906:_HW1          10.00
     184    210 B:HOH_906:_OW_         212 B:HOH_906:_HW2          10.00
     185    213 B:HOH_907:_OW_         214 B:HOH_907:_HW1          10.00
     186    213 B:HOH_907:_OW_         215 B:HOH_907:_HW2          10.00
     187    216 B:HOH_908:_OW_         217 B:HOH_908:_HW1          10.00
     188    216 B:HOH_908:_OW_         218 B:HOH_908:_HW2          10.00
     189    219 B:HOH_909:_OW_         220 B:HOH_909:_HW1          10.00
     190    219 B:HOH_909:_OW_         221 B:HOH_909:_HW2          10.00
     191    222 B:HOH_910:_OW_         223 B:HOH_910:_HW1          10.00
     192    222 B:HOH_910:_OW_         224 B:HOH_910:_HW2          10.00
     193    225 B:HOH_911:_OW_         226 B:HOH_911:_HW1          10.00
     194    225 B:HOH_911:_OW_         227 B:HOH_911:_HW2          10.00
     195    228 B:HOH_912:_OW_         229 B:HOH_912:_HW1          10.00
     196    228 B:HOH_912:_OW_         230 B:HOH_912:_HW2          10.00
     197    231 B:HOH_913:_OW_         232 B:HOH_913:_HW1          10.00
     198    231 B:HOH_913:_OW_         233 B:HOH_913:_HW2          10.00
     199    234 B:HOH_914:_OW_         235 B:HOH_914:_HW1          10.00
     200    234 B:HOH_914:_OW_         236 B:HOH_914:_HW2          10.00
     201    237 B:HOH_915:_OW_         238 B:HOH_915:_HW1          10.00
     202    237 B:HOH_915:_OW_         239 B:HOH_915:_HW2          10.00
     203    240 B:HOH_916:_OW_         241 B:HOH_916:_HW1          10.00
     204    240 B:HOH_916:_OW_         242 B:HOH_916:_HW2          10.00
     205    243 B:HOH_917:_OW_         244 B:HOH_917:_HW1          10.00
     206    243 B:HOH_917:_OW_         245 B:HOH_917:_HW2          10.00
     207    246 B:HOH_918:_OW_         247 B:HOH_918:_HW1          10.00
     208    246 B:HOH_918:_OW_         248 B:HOH_918:_HW2          10.00
     209    249 B:HOH_919:_OW_         250 B:HOH_919:_HW1          10.00
     210    249 B:HOH_919:_OW_         251 B:HOH_919:_HW2          10.00
     211    252 B:HOH_920:_OW_         253 B:HOH_920:_HW1          10.00
     212    252 B:HOH_920:_OW_         254 B:HOH_920:_HW2          10.00
     213    255 B:HOH_921:_OW_         256 B:HOH_921:_HW1          10.00
     214    255 B:HOH_921:_OW_         257 B:HOH_921:_HW2          10.00
     215    258 B:HOH_922:_OW_         259 B:HOH_922:_HW1          10.00
     216    258 B:HOH_922:_OW_         260 B:HOH_922:_HW2          10.00
     217    261 B:HOH_923:_OW_         262 B:HOH_923:_HW1          10.00
     218    261 B:HOH_923:_OW_         263 B:HOH_923:_HW2          10.00
     219    264 B:HOH_924:_OW_         265 B:HOH_924:_HW1          10.00
     220    264 B:HOH_924:_OW_         266 B:HOH_924:_HW2          10.00
     221    267 B:HOH_925:_OW_         268 B:HOH_925:_HW1          10.00
     222    267 B:HOH_925:_OW_         269 B:HOH_925:_HW2          10.00
     223    270 B:HOH_926:_OW_         271 B:HOH_926:_HW1          10.00
     224    270 B:HOH_926:_OW_         272 B:HOH_926:_HW2          10.00
 Cannot determine cbeta atoms for A:P06_801   
 Cannot determine cbeta atoms for A:HOH_901   
 Cannot determine cbeta atoms for A:HOH_902   
 Cannot determine cbeta atoms for A:HOH_903   
 Cannot determine cbeta atoms for A:HOH_904   
 Cannot determine cbeta atoms for A:HOH_905   
 Cannot determine cbeta atoms for A:HOH_906   
 Cannot determine cbeta atoms for A:HOH_907   
 Cannot determine cbeta atoms for A:HOH_908   
 Cannot determine cbeta atoms for A:HOH_909   
 Cannot determine cbeta atoms for A:HOH_910   
 Cannot determine cbeta atoms for A:HOH_911   
 Cannot determine cbeta atoms for A:HOH_912   
 Cannot determine cbeta atoms for A:HOH_913   
 Cannot determine cbeta atoms for A:HOH_914   
 Cannot determine cbeta atoms for A:HOH_915   
 Cannot determine cbeta atoms for A:HOH_916   
 Cannot determine cbeta atoms for A:HOH_917   
 Cannot determine cbeta atoms for A:HOH_918   
 Cannot determine cbeta atoms for A:HOH_919   
 Cannot determine cbeta atoms for A:HOH_920   
 Cannot determine cbeta atoms for A:HOH_921   
 Cannot determine cbeta atoms for A:HOH_922   
 Cannot determine cbeta atoms for A:HOH_923   
 Cannot determine cbeta atoms for A:HOH_924   
 Cannot determine cbeta atoms for A:HOH_925   
 Cannot determine cbeta atoms for A:HOH_926   
 Cannot determine cbeta atoms for A:HOH_927   
 Cannot determine cbeta atoms for A:HOH_928   
 Cannot determine cbeta atoms for B:P06_801   
 Cannot determine cbeta atoms for B:HOH_901   
 Cannot determine cbeta atoms for B:HOH_902   
 Cannot determine cbeta atoms for B:HOH_903   
 Cannot determine cbeta atoms for B:HOH_904   
 Cannot determine cbeta atoms for B:HOH_905   
 Cannot determine cbeta atoms for B:HOH_906   
 Cannot determine cbeta atoms for B:HOH_907   
 Cannot determine cbeta atoms for B:HOH_908   
 Cannot determine cbeta atoms for B:HOH_909   
 Cannot determine cbeta atoms for B:HOH_910   
 Cannot determine cbeta atoms for B:HOH_911   
 Cannot determine cbeta atoms for B:HOH_912   
 Cannot determine cbeta atoms for B:HOH_913   
 Cannot determine cbeta atoms for B:HOH_914   
 Cannot determine cbeta atoms for B:HOH_915   
 Cannot determine cbeta atoms for B:HOH_916   
 Cannot determine cbeta atoms for B:HOH_917   
 Cannot determine cbeta atoms for B:HOH_918   
 Cannot determine cbeta atoms for B:HOH_919   
 Cannot determine cbeta atoms for B:HOH_920   
 Cannot determine cbeta atoms for B:HOH_921   
 Cannot determine cbeta atoms for B:HOH_922   
 Cannot determine cbeta atoms for B:HOH_923   
 Cannot determine cbeta atoms for B:HOH_924   
 Cannot determine cbeta atoms for B:HOH_925   
 Cannot determine cbeta atoms for B:HOH_926   
 
 Here are the parameters chosen for side predict:
 
  SC SCREENING PARAMETERS
   Initial overlap factor:   0.750000000000000     
   Minimum overlap factor:   0.000000000000000E+000
   Rotamer library resolution:    10.0000000000000     
   Total iterations:            1
   SCs randomized prior to optimization.
   Current SC rotamers NOT added to library.
   DO NOT Remove SC Clashes Prior to Prediction
   New tree-based energy routines used.
   All energy components are used in rotamer ranking.
   If sampling not succeed, will NOT revert to original structure.
   Ecut for full energy updates:   -1.00000000000000     
   Ecut for full minimizations:   -1.00000000000000     
   SGB and LR updated after each cycle.
   Option for SGB update:            1
   Minimize after rotamer placement converged.
 
  MINIMIZATION PARAMETERS
   Minimization Algorithm: Automatic
   Desired final RMS gradient:  1.000000000000000E-002
   Maximum number of iterations to achieve self-consistency:            2
   Energy cutoff for determining self-consistency  0.100kcals/mol
   Maximum number of TN iterations:           65
   Iterations between NBlist/LR updates:            2
   LR forces will be updated less frequently than SR.
   NB list will NOT be updated during minim.
   SGB will be updated during minim.
   Option for SGB update:            1
   Born alpha will NOT be updated during minim
   NB Clashes will be used in the preconditioning
 Total side chains to be optimized:            2
 
 ------------------------------------------
 NOW PRE-SCREENING ROTAMER STATES ...
 (res, # after screen, # total, ofac, rmsd_min, rmsd_max, time)
   A:LYS_522       2091    2091   0.00  -1.00  -1.00   0.02s
   B:LYS_522       2091    2091   0.00  -1.00  -1.00   0.02s
 
 Randomizing side chain positions ...
 
 ------------------------------------------
 NOW PICKING ROTAMER STATE BY ENERGY ...
 (res, # rotamers, # evaluated, ofac, cluster #, 
 rot #, old rot #, rmsd, elib, times)
 nlist =            2
one_lib:  A:LYS_522       8364    1783  0.75   11168 195822 192766 -1.0   -3841.42    0.10s ****
one_lib:  B:LYS_522       8364    4519  0.75   13948 199514 198130 -1.0   -3842.18    0.22s ****
Time for iteration:     0.40s
Rotamer placement not converged; flips (rot,prot,tot):     2    0    2
 
 ------------------------------------------
 NOW PICKING ROTAMER STATE BY ENERGY ...
 (res, # rotamers, # evaluated, ofac, cluster #, 
 rot #, old rot #, rmsd, elib, times)
 nlist =            2
one_lib:  A:LYS_522       8364    1783  0.75   11168 195822 195822 -1.0   -3839.42    0.09s
one_lib:  B:LYS_522       8364    4519  0.75   13948 199514 199514 -1.0   -3839.11    0.23s
Time for iteration:     0.40s
 Rotamer placement converged. Now minimizing...
Summary of library results(time,ener):     1.26      -18264.14     0.85      -18271.70
SIDE_PRED Time:       2.58s
 
 Preparing for first energy calculation ...
 
 
 NOW REPORTING THE ENERGY (KCAL/MOL): 
 COVALENT ENERGIES:
                BOND           ANGLE             TOR           TOTAL
     COV     1268.878401     1087.559519     1302.583410     3659.021331
     SGB    43055.206427   -18926.173092   -10598.449796    13530.583539
   TOTAL    44324.084828   -17838.613573    -9295.866386    17189.604870
    TIME        0.000s          0.000s          0.000s          0.000s   
 
 NONBONDED (INTRAMOLECULAR) ENERGIES:
                  14           SHORT            LONG           TOTAL
      LJ     3704.974334    -3120.829208     -258.802961      325.342165
    LIPO        0.000000    -1308.855890        0.000000    -1308.855890
      EL    14395.475427   -32165.836438      864.421505   -16905.939506
     SGB   -10598.449796    13860.242232     -691.382622     2570.409813
   TOTAL     7501.999965   -22735.279304      -85.764078   -15319.043417
    TIME        0.000s          0.000s          0.000s          0.000s   
 
 OTHER:
SGB SELF   -30324.015784
NONPOLAR        0.000000
PROT COR        0.000000
   HBOND     -324.739228
 PACKING      -46.839264
SelfCont      -45.122609
 
 SUM:
 SGB TOT    -3624.572635
SOLV TOT    -3624.572635
LIPO TOT    -1308.855890
  TOTALE  -18271.70563538    
 [NOTE: TOTAL ENERGY = COV_TOT + NB_TOT + OTHER - SGB_14|SGB_TOR]
 
 NOW REPORTING THE ENERGY (KCAL/MOL): 
 COVALENT ENERGIES:
                BOND           ANGLE             TOR           TOTAL
     COV     1268.878401     1087.559519     1302.583410     3659.021331
     SGB    43055.206427   -18926.173092   -10598.449796    13530.583539
   TOTAL    44324.084828   -17838.613573    -9295.866386    17189.604870
    TIME        0.000s          0.000s          0.000s          0.000s   
 
 NONBONDED (INTRAMOLECULAR) ENERGIES:
                  14           SHORT            LONG           TOTAL
      LJ     3704.974334    -3120.856428     -258.775834      325.342072
    LIPO        0.000000    -1308.855890        0.000000    -1308.855890
      EL    14395.475427   -32165.724556      864.908233   -16905.340896
     SGB   -10598.449796    13859.871911     -691.146586     2570.275529
   TOTAL     7501.999965   -22735.564962      -85.014187   -15318.579185
    TIME        0.000s          0.000s          0.000s          0.000s   
 
 OTHER:
SGB SELF   -30324.015784
NONPOLAR        0.000000
PROT COR        0.000000
   HBOND     -324.739228
 PACKING      -46.839264
SelfCont      -45.122609
 
 SUM:
 SGB TOT    -3624.706919
SOLV TOT    -3624.706919
LIPO TOT    -1308.855890
  TOTALE  -18271.24140302    
 [NOTE: TOTAL ENERGY = COV_TOT + NB_TOT + OTHER - SGB_14|SGB_TOR]
 
 Preparing for first energy calculation ...
 
 
 NOW REPORTING THE ENERGY (KCAL/MOL): 
 COVALENT ENERGIES:
                BOND           ANGLE             TOR           TOTAL
     COV     1268.878401     1087.559519     1302.583410     3659.021331
     SGB    43055.206427   -18926.173092   -10598.449796    13530.583539
   TOTAL    44324.084828   -17838.613573    -9295.866386    17189.604870
    TIME        0.000s          0.000s          0.000s          0.000s   
 
 NONBONDED (INTRAMOLECULAR) ENERGIES:
                  14           SHORT            LONG           TOTAL
      LJ     3704.974334    -3120.856428     -258.775834      325.342072
    LIPO        0.000000    -1308.855890        0.000000    -1308.855890
      EL    14395.475427   -32165.724556      864.908233   -16905.340896
     SGB   -10598.449796    13859.871911     -691.146586     2570.275529
   TOTAL     7501.999965   -22735.564962      -85.014187   -15318.579185
    TIME        0.000s          0.000s          0.000s          0.000s   
 
 OTHER:
SGB SELF   -30324.015784
NONPOLAR        0.000000
PROT COR        0.000000
   HBOND     -324.739228
 PACKING      -46.839264
SelfCont      -45.122609
 
 SUM:
 SGB TOT    -3624.706919
SOLV TOT    -3624.706919
LIPO TOT    -1308.855890
  TOTALE  -18271.24140302    
 [NOTE: TOTAL ENERGY = COV_TOT + NB_TOT + OTHER - SGB_14|SGB_TOR]
 
 NOW REPORTING THE ENERGY (KCAL/MOL): 
 COVALENT ENERGIES:
                BOND           ANGLE             TOR           TOTAL
     COV     1268.878401     1087.559519     1302.583410     3659.021331
     SGB    43055.206427   -18926.173092   -10598.449796    13530.583539
   TOTAL    44324.084828   -17838.613573    -9295.866386    17189.604870
    TIME        0.000s          0.000s          0.000s          0.000s   
 
 NONBONDED (INTRAMOLECULAR) ENERGIES:
                  14           SHORT            LONG           TOTAL
      LJ     3704.974334    -3120.856428     -258.775834      325.342072
    LIPO        0.000000    -1308.855890        0.000000    -1308.855890
      EL    14395.475427   -32165.724556      864.908233   -16905.340896
     SGB   -10598.449796    13859.871911     -691.146586     2570.275529
   TOTAL     7501.999965   -22735.564962      -85.014187   -15318.579185
    TIME        0.000s          0.000s          0.000s          0.000s   
 
 OTHER:
SGB SELF   -30324.015784
NONPOLAR        0.000000
PROT COR        0.000000
   HBOND     -324.739228
 PACKING      -46.839264
SelfCont      -45.122609
 
 SUM:
 SGB TOT    -3624.706919
SOLV TOT    -3624.706919
LIPO TOT    -1308.855890
  TOTALE  -18271.24140302    
 [NOTE: TOTAL ENERGY = COV_TOT + NB_TOT + OTHER - SGB_14|SGB_TOR]
 TOTAL TIME ELAPSED: 4xv2-missing-side-chains_0          87.886s
 RETURNED LICENSE
Post-processing output...
  Processing output structure #1
Post-processing complete.


