
Working on structure 1
Fixing common structure mistakes...
  No mistakes were found
Pre-treating metals...
Done treating metals
Assigning bond orders...
  Using CCD: True
CCD template assignment successfully used for HET "P06 "
CCD template assignment successfully used for HET "P06 "
  Assigned the following bonds (format: atom1, atom2, order): set([(3995, 4005, 2), (4036, 4035, 2), (4007, 4009, 2), (4022, 4026, 2), (4006, 4008, 2), (4013, 4017, 2), (3976, 3975, 2), (4032, 4034, 2), (4031, 4033, 2), (4001, 4000, 2), (4023, 4024, 2), (4027, 4025, 2), (3988, 3989, 2), (3992, 3990, 2), (3995, 4004, 2), (4011, 4010, 2), (3978, 3982, 2), (3971, 3973, 2), (4015, 4016, 2), (3980, 3981, 2), (3987, 3991, 2), (3972, 3974, 2), (4030, 4039, 2), (3996, 3998, 2), (3997, 3999, 2), (4030, 4040, 2)])
Adding hydrogens...
Treating metals...
Creating di-sulfur bonds...
Converting Selenomethionines...
Detecting missing residue atoms...
Filling missing side chains using Prime...
Prime output file: /cbio/jclab/home/albaness/github/PDBfinder/pdbs/Dabrafenib-BRAF/fixed/4XV2-fixed/4xv2-missing-side-chains-out.maegz
Filling missing loops using Prime...
Prime output file: /cbio/jclab/home/albaness/github/PDBfinder/pdbs/Dabrafenib-BRAF/fixed/4XV2-fixed/4xv2-missing-loops-out.maegz
Capping protein termini...
CapTermini:     Added NMA Cap: A:720A
CapTermini:     Added NMA Cap: B:720A
CapTermini:     Added ACE Cap: A:448
CapTermini:     Added ACE Cap: B:447
  The following terminal residues have been capped: A:720, B:720, A:449, B:448
Finding het groups...
Coloring atoms by element (green carbons in hets)...
Finding het groups (for Epik)...
Processing 2 het groups...
  Using Epik with pH: 7.4
        and pH Range: 0.0
  Max states per het: 32
Running Epik on 2 het groups...
  Waiting for epik...
  Het A:P06 (801): keeping all 1 state(s):
    State penalty: -0.00 kcal/mol; H-Bond count: 5.
  Het B:P06 (801): keeping all 1 state(s):
    State penalty: -0.00 kcal/mol; H-Bond count: 4.
Running ProtAssign...
  Uses -minimize option in ProtAssign
  Using PROPKA with pH: 7.4
  RUNNING: /cbio/jclab/share/schrodinger/schrodinger2016-3/utilities/protassign 4XV2-protassign.mae 4XV2-protassign-out.mae -NOJOBID -nowater -minimize -propka_pH 7.4
Optimize H-bond job completed.
Running restrained minimization...
  RMSD: 0.3
  Force field: 2005
  hydrogens only
done with preparation
Writing to file...
DONE. Output file: ../4XV2-fixed.pdb
