
** Heavy-atom coordinates will be fixed: maxlevel set to 0
  **
  ** Beginning refinement level 0
  **

%IMPACT-I (openwt): Request to open FORMATTED file 4XV2-impref_ref0.out on unit   2
 Entering IMPACT execution environment 
 Date: Thursday, December 01 2016, at 01:03:39 EST
 Impact version 72014
 mmshare version        35014
 Copyright (c) Schrodinger, LLC.
 All Rights Reserved.

 Host: Linux cc05.local 2.6.32-573.18.1.el6.x86_64 #1 SMP Tue Feb 9 22:46:17 UTC 2016 x86_64
 Job Name: 4XV2-impref_ref0
 SCHRODINGER  directory: /cbio/jclab/share/schrodinger/schrodinger2016-3
 IMPACT_EXEC  directory: /cbio/jclab/share/schrodinger/schrodinger2016-3/impact-v7.2/bin/Linux-x86_64
 MMSHARE_EXEC directory: /cbio/jclab/share/schrodinger/schrodinger2016-3/mmshare-v3.5/bin/Linux-x86_64

 Clock-based global random seed:     1480572219
%IMPACT-I(foldmain): calling OPLS_2005 atomtyping ...
%IMPACT-I(foldmain): finished parameter assignment
 PARM read from file "paramstd.dat"
 Parameter obtained from atomtyping
      Current coord. are written to file: "4XV2-impref.init_coord.rst"
      Box dimensions not written


 Total number of atoms  =  9041
 
 Neighbor List Cutoff Settings
 ==================================
 Cutoff radius:   10.0000000000000     
 Update frequency: every           10  steps
 Species   1 : Neighbors are calculated on a per residue basis
 Species   1 : Cutoff by inter-atomic distances
 
 Step number:          0         Non-bonded count:  2350371
 E-pot        RMS grad     Max grad    
  9.65708E+08  1.95893E+08  2.14070E+10
 Step number:         10         Non-bonded count:  2350371
  6.51577E+04  1.29941E+03  1.11082E+05
 Step number:         20         Non-bonded count:  2350371
 -1.45464E+04  5.88787E+00  3.51860E+02
 Step number:         30         Non-bonded count:  2350371
 -1.53034E+04  2.88467E+00  1.67082E+02
 Step number:         40         Non-bonded count:  2350371
 -1.55287E+04  1.86838E+00  1.51910E+02
 Step number:         50         Non-bonded count:  2350371
 -1.56642E+04  1.22902E+00  8.02821E+01
 Step number:         60         Non-bonded count:  2350371
 -1.57619E+04  1.37204E+00  9.60030E+01
 Step number:         70         Non-bonded count:  2350371
 -1.58218E+04  1.25828E+00  1.11698E+02
 Step number:         80         Non-bonded count:  2350371
 -1.58612E+04  8.80689E-01  6.89946E+01
 Step number:         90         Non-bonded count:  2350371
 -1.58915E+04  7.49140E-01  4.66992E+01
 Step number:        100         Non-bonded count:  2350371
 -1.59154E+04  7.42945E-01  5.04155E+01
 Step number:        100         Non-bonded count:  2350371
 -1.59154E+04  7.42945E-01  5.04155E+01
      Current coord. are written to file: "4XV2-impref.min0_coord.rst"
      Box dimensions not written
      Current coordinates are read from file: "4XV2-impref.init_coord.rst"
      Box dimensions not read
          read from "4XV2-impref.init_coord.rst"
  
 Energy and Force Generation Info: 
 --------------------------------- 
 Number of E&F called:     342
 PARM read from file "paramstd.dat"
 Parameter obtained from atomtyping
      Current coordinates are read from file: "4XV2-impref.min0_coord.rst"
      Box dimensions not read
          read from "4XV2-impref.min0_coord.rst"


 Total number of atoms  =  9041
 
 Neighbor List Cutoff Settings
 ==================================
 Cutoff radius:   10.0000000000000     
 Update frequency: every           10  steps
 Species   1 : Neighbors are calculated on a per residue basis
 Species   1 : Cutoff by inter-atomic distances
 
 Step number:          0         Non-bonded count:  2350371
 E-pot        RMS grad     Max grad    
 -1.38081E+04  2.84069E+00  5.35591E+01
 Step number:         10         Non-bonded count:  2350371
 -1.48990E+04  1.86880E+00  1.04991E+02
 Step number:         20         Non-bonded count:  2350371
 -1.51262E+04  1.52360E+00  1.21060E+02
 Step number:         30         Non-bonded count:  2350371
 -1.51848E+04  1.02490E+00  7.42532E+01
 Step number:         40         Non-bonded count:  2350371
 -1.52249E+04  1.02119E+00  9.63000E+01
 Step number:         50         Non-bonded count:  2350371
 -1.52439E+04  5.54616E-01  4.44517E+01
 Step number:         60         Non-bonded count:  2350371
 -1.52536E+04  3.60255E-01  2.72061E+01
 Step number:         70         Non-bonded count:  2350371
 -1.52586E+04  2.78889E-01  1.93933E+01
 Step number:         80         Non-bonded count:  2350371
 -1.52618E+04  2.60115E-01  2.06242E+01
 Step number:         90         Non-bonded count:  2350371
 -1.52644E+04  2.15591E-01  8.76116E+00
 Step number:        100         Non-bonded count:  2350371
 -1.52673E+04  2.30236E-01  1.31927E+01
 Step number:        100         Non-bonded count:  2350371
 -1.52673E+04  2.30236E-01  1.31927E+01
  
 Energy and Force Generation Info: 
 --------------------------------- 
 Number of E&F called:     629


Final Energy Reports:
------------------------------------
 Total Energy of the system...... -1.52673E+04 kcal/mol
 Total Potential Energy.......... -1.52673E+04 kcal/mol
 Total Kinetic Energy............  0.00000E+00 kcal/mol
 Temperature of the system.......        0.000 K
 Bond Stretch Energy.............  5.50124E+02 kcal/mol
 Angle Bending Energy............  1.39040E+03 kcal/mol
 Torsion Angle Energy............  4.18290E+02 kcal/mol
 Restraining Energy for Torsions.  0.00000E+00 kcal/mol
 1,4 Lennard Jones Energy........  9.19607E+02 kcal/mol
 1,4 Electrostatic Energy........ -7.67949E+02 kcal/mol
 Lennard Jones Energy............ -6.01185E+01 kcal/mol
 Electrostatic Energy............ -1.77177E+04 kcal/mol
 H-bond Energy...................  0.00000E+00 kcal/mol
 
 Exiting IMPACT execution environment 
 Date: Thursday, December 01 2016, at 01:04:27 EST
%IMPACT-I (timit): Total CPU time =      47.06 seconds (   0.8 minutes)
Total elapsed time = 49 seconds
  ** Completed refinement level 0      rmsd =  0.038

** Refinement finished. Final level: 0

** The refined complex file is 4XV2-impref_ref.mae.
