
** Heavy-atom coordinates will be fixed: maxlevel set to 0
  **
  ** Beginning refinement level 0
  **

%IMPACT-I (openwt): Request to open FORMATTED file 3UE4-impref_ref0.out on unit   2
 Entering IMPACT execution environment 
 Date: Wednesday, November 30 2016, at 21:32:21 EST
 Impact version 72014
 mmshare version        35014
 Copyright (c) Schrodinger, LLC.
 All Rights Reserved.

 Host: Linux cc05.local 2.6.32-573.18.1.el6.x86_64 #1 SMP Tue Feb 9 22:46:17 UTC 2016 x86_64
 Job Name: 3UE4-impref_ref0
 SCHRODINGER  directory: /cbio/jclab/share/schrodinger/schrodinger2016-3
 IMPACT_EXEC  directory: /cbio/jclab/share/schrodinger/schrodinger2016-3/impact-v7.2/bin/Linux-x86_64
 MMSHARE_EXEC directory: /cbio/jclab/share/schrodinger/schrodinger2016-3/mmshare-v3.5/bin/Linux-x86_64

 Clock-based global random seed:     1480559541
%IMPACT-I(foldmain): calling OPLS_2005 atomtyping ...
%IMPACT-I(foldmain): finished parameter assignment
 PARM read from file "paramstd.dat"
 Parameter obtained from atomtyping
      Current coord. are written to file: "3UE4-impref.init_coord.rst"
      Box dimensions not written


 Total number of atoms  =  4700
 
 Neighbor List Cutoff Settings
 ==================================
 Cutoff radius:   10.0000000000000     
 Update frequency: every           10  steps
 Species   1 : Neighbors are calculated on a per residue basis
 Species   1 : Cutoff by inter-atomic distances
 
 Step number:          0         Non-bonded count:  1131111
 E-pot        RMS grad     Max grad    
 -7.44342E+03  4.59578E+01  2.36776E+03
 Step number:         10         Non-bonded count:  1131111
 -1.02755E+04  1.36683E+00  2.20596E+01
 Step number:         20         Non-bonded count:  1131111
 -1.04276E+04  1.31796E+00  3.57407E+01
 Step number:         30         Non-bonded count:  1131111
 -1.05334E+04  9.75042E-01  3.49557E+01
 Step number:         40         Non-bonded count:  1131111
 -1.05784E+04  7.08854E-01  1.83712E+01
 Step number:         50         Non-bonded count:  1131111
 -1.06079E+04  5.06893E-01  1.14296E+01
 Step number:         60         Non-bonded count:  1131111
 -1.06278E+04  4.41784E-01  1.13625E+01
 Step number:         70         Non-bonded count:  1131111
 -1.06412E+04  3.82321E-01  1.11926E+01
 Step number:         80         Non-bonded count:  1131111
 -1.06513E+04  3.26317E-01  1.29942E+01
 Step number:         90         Non-bonded count:  1131111
 -1.06589E+04  2.50743E-01  6.24794E+00
 Step number:        100         Non-bonded count:  1131111
 -1.06638E+04  2.22352E-01  4.69278E+00
 Step number:        100         Non-bonded count:  1131111
 -1.06638E+04  2.22352E-01  4.69278E+00
      Current coord. are written to file: "3UE4-impref.min0_coord.rst"
      Box dimensions not written
      Current coordinates are read from file: "3UE4-impref.init_coord.rst"
      Box dimensions not read
          read from "3UE4-impref.init_coord.rst"
  
 Energy and Force Generation Info: 
 --------------------------------- 
 Number of E&F called:     285
 PARM read from file "paramstd.dat"
 Parameter obtained from atomtyping
      Current coordinates are read from file: "3UE4-impref.min0_coord.rst"
      Box dimensions not read
          read from "3UE4-impref.min0_coord.rst"


 Total number of atoms  =  4700
 
 Neighbor List Cutoff Settings
 ==================================
 Cutoff radius:   10.0000000000000     
 Update frequency: every           10  steps
 Species   1 : Neighbors are calculated on a per residue basis
 Species   1 : Cutoff by inter-atomic distances
 
 Step number:          0         Non-bonded count:  1131111
 E-pot        RMS grad     Max grad    
 -9.55012E+03  2.99525E+00  3.01318E+01
 Step number:         10         Non-bonded count:  1131111
 -1.02585E+04  1.61440E+00  5.64682E+01
 Step number:         20         Non-bonded count:  1131111
 -1.03233E+04  8.22144E-01  1.98715E+01
 Step number:         30         Non-bonded count:  1131111
 -1.03432E+04  4.65158E-01  7.51307E+00
 Step number:         40         Non-bonded count:  1131111
 -1.03531E+04  2.69092E-01  7.62430E+00
 Step number:         50         Non-bonded count:  1131111
 -1.03563E+04  2.42261E-01  1.20387E+01
 Step number:         60         Non-bonded count:  1131111
 -1.03585E+04  1.39536E-01  3.25367E+00
 Step number:         70         Non-bonded count:  1131111
 -1.03601E+04  1.66821E-01  4.26660E+00
 Step number:         80         Non-bonded count:  1131111
 -1.03617E+04  1.24816E-01  2.44075E+00
 Step number:         90         Non-bonded count:  1131111
 -1.03627E+04  1.01014E-01  2.90783E+00
 Step number:        100         Non-bonded count:  1131111
 -1.03635E+04  9.56778E-02  2.39370E+00
 Step number:        100         Non-bonded count:  1131111
 -1.03635E+04  9.56778E-02  2.39370E+00
  
 Energy and Force Generation Info: 
 --------------------------------- 
 Number of E&F called:     551


Final Energy Reports:
------------------------------------
 Total Energy of the system...... -1.03635E+04 kcal/mol
 Total Potential Energy.......... -1.03635E+04 kcal/mol
 Total Kinetic Energy............  0.00000E+00 kcal/mol
 Temperature of the system.......        0.000 K
 Bond Stretch Energy.............  1.63417E+01 kcal/mol
 Angle Bending Energy............  2.70770E+02 kcal/mol
 Torsion Angle Energy............  1.80358E+02 kcal/mol
 Restraining Energy for Torsions.  0.00000E+00 kcal/mol
 1,4 Lennard Jones Energy........  4.11974E+02 kcal/mol
 1,4 Electrostatic Energy........ -2.65507E+02 kcal/mol
 Lennard Jones Energy............ -4.61005E+02 kcal/mol
 Electrostatic Energy............ -1.05165E+04 kcal/mol
 H-bond Energy...................  0.00000E+00 kcal/mol
 
 Exiting IMPACT execution environment 
 Date: Wednesday, November 30 2016, at 21:32:41 EST
%IMPACT-I (timit): Total CPU time =      19.92 seconds (   0.3 minutes)
Total elapsed time = 21 seconds
  ** Completed refinement level 0      rmsd =  0.039

** Refinement finished. Final level: 0

** The refined complex file is 3UE4-impref_ref.mae.
