
Working on structure 1
Fixing common structure mistakes...
  No mistakes were found
Pre-treating metals...
Done treating metals
Assigning bond orders...
  Using CCD: True
CCD template assignment successfully used for HET "NIL "
CCD template assignment successfully used for HET "AY7 "
  Assigned the following bonds (format: atom1, atom2, order): set([(3394, 3393, 2), (3452, 3436, 2), (3432, 3433, 2), (3407, 3408, 2), (3405, 3406, 2), (3400, 3398, 2), (3446, 3427, 2), (3387, 3386, 2), (3397, 3396, 2), (3434, 3435, 2), (3425, 3443, 2), (3428, 3437, 2), (3415, 3416, 2), (3421, 3422, 2), (3413, 3414, 2), (3430, 3431, 2), (3429, 3448, 2), (3419, 3420, 2), (3444, 3445, 2), (3410, 3411, 2), (3389, 3399, 2), (3417, 3418, 2), (3391, 3390, 2), (3423, 3424, 2)])
Removing and re-adding hydrogens...
Treating metals...
Creating di-sulfur bonds...
Converting Selenomethionines...
Filling missing loops using Prime...
Attempting to build missing loops with Knowledge-Based Methods
    A:  295 -- A:  298   TM
    A:  401 -- A:  420   GLSRLMTGDTYTAHAGAK
Generating models for each loop... 
Total number of loops: 2
Working on loop 0 - A:295,A:298,TM
Number of returned models for loop 0 : 2
Working on loop 1 - A:401,A:420,GLSRLMTGDTYTAHAGAK
Number of returned models for loop 1 : 2
Combining models from all loops... 
Combination index: [0, 0]
Side chain optimizing...
Minimizing...
Severe clashes still exist, discard this model...
Combination index: [1, 1]
Side chain optimizing...
Minimizing...
Accept model # 0
Detecting missing residue atoms...
Filling missing side chains using Prime...
Prime output file: /lila/home/albaness/PDBfinder/pdbs/Nilotinib-BCR-ABL/fixed/5MO4-fixed/5mo4-missing-side-chains-out.maegz
Finding het groups...
Coloring atoms by element (green carbons in hets)...
Finding het groups (for Epik)...
Processing 2 het groups...
  Using Epik with pH: 7.4
        and pH Range: 0.0
  Max states per het: 32
Running Epik on 2 het groups...
  Waiting for epik...
  Het A:NIL (601): keeping all 1 state(s):
    State penalty: 0.06 kcal/mol; H-Bond count: 2.
  Het A:AY7 (602): keeping all 1 state(s):
    State penalty: -0.00 kcal/mol; H-Bond count: 2.
Running ProtAssign...
  Uses -minimize option in ProtAssign
  Using PROPKA with pH: 7.4
  RUNNING: /data/chodera/schrodinger/schrodinger2017-3-advanced/utilities/protassign 5MO4-protassign.mae 5MO4-protassign-out.mae -NOJOBID -nowater -minimize -propka_pH 7.4
Optimize H-bond job completed.
Deleting non-bridging waters...
  Deleted waters: A:701, A:702, A:703, A:704, A:705, A:706, A:707, A:708, A:709, A:710, A:711, A:712, A:713, A:714, A:715, A:716, A:717, A:718, A:719, A:720, A:721, A:722, A:723, A:724, A:725, A:726, A:727, A:728, A:729, A:730, A:731, A:732, A:733, A:734, A:735, A:736, A:737, A:738, A:739, A:740, A:741, A:742, A:743, A:744, A:745, A:746, A:747, A:748, A:749, A:750, A:751, A:752, A:753, A:754, A:755, A:756, A:757, A:758, A:759, A:760, A:761, A:762, A:763, A:764, A:765, A:766, A:767, A:768, A:769, A:770, A:771, A:772, A:773, A:774, A:775, A:776, A:777, A:778, A:779, A:780, A:781, A:782, A:783, A:784, A:785, A:786, A:787, A:788, A:789, A:790, A:791, A:792, A:793, A:794, A:795, A:796, A:797, A:798, A:799, A:800, A:801, A:802, A:803, A:804, A:805, A:806, A:807, A:808, A:809, A:810, A:811, A:812, A:813, A:814, A:815, A:816, A:817, A:818, A:819, A:820, A:821, A:822, A:823, A:824, A:825, A:826, A:827, A:828, A:829, A:830, A:831, A:832, A:833, A:834, A:835, A:836, A:837, A:838, A:839, A:840, A:841, A:842, A:843, A:844, A:845, A:846, A:847, A:848, A:849, A:850, A:851, A:852, A:853, A:854, A:855, A:856, A:857, A:858, A:859, A:860, A:861, A:862, A:863, A:864, A:865, A:866, A:867, A:868, A:869, A:870, A:871, A:872, A:873, A:874, A:875, A:876, A:877, A:878, A:879, A:880, A:881, A:882, A:883, A:884, A:885, A:886, A:887, A:888, A:889, A:890, A:891, A:892, A:893, A:894, A:895, A:896, A:897, A:898, A:899, A:900, A:901, A:902, A:903, A:904, A:905, A:906, A:907, A:908, A:909, A:910, A:911, A:912, A:914, A:915, A:916, A:917, A:918, A:919, A:920, A:921, A:922, A:923, A:924, A:925, A:926, A:927, A:928, A:929, A:930, A:931, A:932, A:933, A:934, A:935, A:936, A:937, A:938, A:939, A:940, A:941, A:942, A:943, A:944, A:945, A:946, A:947, A:948, A:949, A:950, A:951, A:952, A:953, A:954, A:955, A:956, A:957, A:958, A:959, A:960, A:961, A:962, A:963, A:964, A:965, A:966, A:967, A:968, A:969, A:970, A:971, A:972, A:973, A:974, A:975, A:976, A:977, A:978, A:979, A:980, A:981, A:982, A:983, A:984, A:985, A:986, A:987, A:988, A:989, A:990, A:991, A:992, A:993, A:994, A:995, A:996, A:997, A:998, A:999, A:1000, A:1001, A:1002, A:1003, A:1004, A:1005, A:1006, A:1007
Running restrained minimization...
  RMSD: 0.3
  Force field: 3
  hydrogens only
done with preparation
Writing to file...
DONE. Output file: ../5MO4-fixed.pdb
