
** Heavy-atom coordinates will be fixed: maxlevel set to 0
  **
  ** Beginning refinement level 0
  **

%IMPACT-I (openwt): Request to open FORMATTED file 3UG2-impref_ref0.out on unit   2
 Entering IMPACT execution environment 
 Date: Wednesday, November 30 2016, at 22:36:51 EST
 Impact version 72014
 mmshare version        35014
 Copyright (c) Schrodinger, LLC.
 All Rights Reserved.

 Host: Linux cc05.local 2.6.32-573.18.1.el6.x86_64 #1 SMP Tue Feb 9 22:46:17 UTC 2016 x86_64
 Job Name: 3UG2-impref_ref0
 SCHRODINGER  directory: /cbio/jclab/share/schrodinger/schrodinger2016-3
 IMPACT_EXEC  directory: /cbio/jclab/share/schrodinger/schrodinger2016-3/impact-v7.2/bin/Linux-x86_64
 MMSHARE_EXEC directory: /cbio/jclab/share/schrodinger/schrodinger2016-3/mmshare-v3.5/bin/Linux-x86_64

 Clock-based global random seed:     1480563411
%IMPACT-I(foldmain): calling OPLS_2005 atomtyping ...
%IMPACT-I(foldmain): finished parameter assignment
 PARM read from file "paramstd.dat"
 Parameter obtained from atomtyping
      Current coord. are written to file: "3UG2-impref.init_coord.rst"
      Box dimensions not written


 Total number of atoms  =  5452
 
 Neighbor List Cutoff Settings
 ==================================
 Cutoff radius:   10.0000000000000     
 Update frequency: every           10  steps
 Species   1 : Neighbors are calculated on a per residue basis
 Species   1 : Cutoff by inter-atomic distances
 
 Step number:          0         Non-bonded count:  1370527
 E-pot        RMS grad     Max grad    
 -7.89758E+03  1.15262E+02  4.15864E+03
 Step number:         10         Non-bonded count:  1370527
 -1.17599E+04  9.82010E-01  3.36618E+01
 Step number:         20         Non-bonded count:  1370527
 -1.18289E+04  1.01602E+00  2.60180E+01
 Step number:         30         Non-bonded count:  1370527
 -1.18734E+04  4.21043E-01  1.06676E+01
 Step number:         40         Non-bonded count:  1370527
 -1.18826E+04  3.44307E-01  6.95443E+00
 Step number:         50         Non-bonded count:  1370527
 -1.18890E+04  1.96609E-01  3.97754E+00
 Step number:         60         Non-bonded count:  1370527
 -1.18919E+04  1.53261E-01  3.81880E+00
 Step number:         70         Non-bonded count:  1370527
 -1.18936E+04  1.49535E-01  3.60569E+00
 Step number:         80         Non-bonded count:  1370527
 -1.18948E+04  1.06170E-01  2.37338E+00
 Step number:         90         Non-bonded count:  1370527
 -1.18959E+04  1.17558E-01  2.69328E+00
 Step number:        100         Non-bonded count:  1370527
 -1.18969E+04  9.36344E-02  1.81969E+00
 Step number:        100         Non-bonded count:  1370527
 -1.18969E+04  9.36344E-02  1.81969E+00
      Current coord. are written to file: "3UG2-impref.min0_coord.rst"
      Box dimensions not written
      Current coordinates are read from file: "3UG2-impref.init_coord.rst"
      Box dimensions not read
          read from "3UG2-impref.init_coord.rst"
  
 Energy and Force Generation Info: 
 --------------------------------- 
 Number of E&F called:     262
 PARM read from file "paramstd.dat"
 Parameter obtained from atomtyping
      Current coordinates are read from file: "3UG2-impref.min0_coord.rst"
      Box dimensions not read
          read from "3UG2-impref.min0_coord.rst"


 Total number of atoms  =  5452
 
 Neighbor List Cutoff Settings
 ==================================
 Cutoff radius:   10.0000000000000     
 Update frequency: every           10  steps
 Species   1 : Neighbors are calculated on a per residue basis
 Species   1 : Cutoff by inter-atomic distances
 
 Step number:          0         Non-bonded count:  1370527
 E-pot        RMS grad     Max grad    
 -1.09835E+04  2.45024E+00  3.02226E+01
 Step number:         10         Non-bonded count:  1370527
 -1.15571E+04  1.03307E+00  4.13154E+01
 Step number:         20         Non-bonded count:  1370527
 -1.16009E+04  5.95833E-01  1.86504E+01
 Step number:         30         Non-bonded count:  1370527
 -1.16156E+04  3.88958E-01  1.04655E+01
 Step number:         40         Non-bonded count:  1370527
 -1.16201E+04  1.81470E-01  5.70258E+00
 Step number:         50         Non-bonded count:  1370527
 -1.16214E+04  8.04959E-02  2.01570E+00
 Step number:         60         Non-bonded count:  1370527
 -1.16219E+04  1.05622E-01  3.30175E+00
 Step number:         70         Non-bonded count:  1370527
 -1.16232E+04  9.37915E-02  5.38464E+00
 Step number:         80         Non-bonded count:  1370527
 -1.16237E+04  6.99972E-02  2.28304E+00
 Step number:         87         Non-bonded count:  1370527
 -1.16239E+04  4.42618E-02  1.73298E+00
 Step number:         87         Non-bonded count:  1370527
 -1.16239E+04  4.42618E-02  1.73298E+00
  
 Energy and Force Generation Info: 
 --------------------------------- 
 Number of E&F called:     503


Final Energy Reports:
------------------------------------
 Total Energy of the system...... -1.16239E+04 kcal/mol
 Total Potential Energy.......... -1.16239E+04 kcal/mol
 Total Kinetic Energy............  0.00000E+00 kcal/mol
 Temperature of the system.......        0.000 K
 Bond Stretch Energy.............  1.13981E+01 kcal/mol
 Angle Bending Energy............  4.10984E+02 kcal/mol
 Torsion Angle Energy............  1.83066E+02 kcal/mol
 Restraining Energy for Torsions.  0.00000E+00 kcal/mol
 1,4 Lennard Jones Energy........  3.88743E+02 kcal/mol
 1,4 Electrostatic Energy........ -3.60144E+02 kcal/mol
 Lennard Jones Energy............ -7.70224E+02 kcal/mol
 Electrostatic Energy............ -1.14877E+04 kcal/mol
 H-bond Energy...................  0.00000E+00 kcal/mol
 
 Exiting IMPACT execution environment 
 Date: Wednesday, November 30 2016, at 22:37:14 EST
%IMPACT-I (timit): Total CPU time =      22.73 seconds (   0.4 minutes)
Total elapsed time = 24 seconds
  ** Completed refinement level 0      rmsd =  0.039

** Refinement finished. Final level: 0

** The refined complex file is 3UG2-impref_ref.mae.
