
Working on structure 1
Fixing common structure mistakes...
  No mistakes were found
Pre-treating metals...
Done treating metals
Assigning bond orders...
  Using CCD: True
CCD template assignment successfully used for HET "HKI "
  Assigned the following bonds (format: atom1, atom2, order): set([(2156, 2145, 2), (2152, 2141, 2), (2157, 2146, 2), (2151, 2150, 2), (2144, 2153, 2), (2158, 2143, 2), (2149, 2154, 2), (2142, 2155, 2), (2138, 2168, 3), (2147, 2170, 2), (2139, 2140, 2), (2159, 2174, 2), (2169, 2148, 2)])
Removing and re-adding hydrogens...
Treating metals...
Creating di-sulfur bonds...
Converting Selenomethionines...
Filling missing loops using Prime...
Attempting to build missing loops with Knowledge-Based Methods
    A:  753 -- A:  755   K
    A:  860 -- A:  875   LLGAEEKEYHAEGG
Generating models for each loop... 
Total number of loops: 2
Working on loop 0 - A:753,A:755,K
Number of returned models for loop 0 : 2
Working on loop 1 - A:860,A:875,LLGAEEKEYHAEGG
Number of returned models for loop 1 : 2
Combining models from all loops... 
Combination index: [0, 0]
Side chain optimizing...
Minimizing...
Accept model # 0
Detecting missing residue atoms...
Filling missing side chains using Prime...
Prime output file: /lila/home/albaness/PDBfinder/pdbs/Neratinib-EGFR/fixed/2JIV-fixed/2jiv-missing-side-chains-out.maegz
Finding het groups...
Coloring atoms by element (green carbons in hets)...
Finding het groups (for Epik)...
Processing 1 het groups...
  Using Epik with pH: 7.4
        and pH Range: 0.0
  Max states per het: 32
Running Epik on 1 het groups...
  Waiting for epik...
  Het A:HKI (1797): keeping all 1 state(s):
    State penalty: -0.00 kcal/mol; H-Bond count: 1.
Running ProtAssign...
  Uses -minimize option in ProtAssign
  Using PROPKA with pH: 7.4
  RUNNING: /data/chodera/schrodinger/schrodinger2017-4-advanced/utilities/protassign 2JIV-protassign.mae 2JIV-protassign-out.mae -NOJOBID -nowater -minimize -propka_pH 7.4
Optimize H-bond job completed.
Deleting non-bridging waters...
  Deleted waters: A:2001, A:2002, A:2003, A:2004, A:2005, A:2006, A:2007, A:2008, A:2009, A:2010, A:2011, A:2012, A:2013, A:2014, A:2015, A:2016, A:2017, A:2018, A:2019, A:2020, A:2021, A:2022, A:2023, A:2024, A:2025, A:2026, A:2027, A:2028, A:2029, A:2030, A:2031, A:2032, A:2033, A:2034, A:2035, A:2036, A:2037, A:2038, A:2039, A:2040, A:2041, A:2042, A:2043
Running restrained minimization...
  RMSD: 0.3
  Force field: 3
  hydrogens only
done with preparation
Writing to file...
DONE. Output file: ../2JIV-fixed.pdb
