
** Heavy-atom coordinates will be fixed: maxlevel set to 0
  **
  ** Beginning refinement level 0
  **

%IMPACT-I (openwt): Request to open FORMATTED file 3G33-impref_ref0.out on unit   2
 Entering IMPACT execution environment 
 Date: Friday, September 29 2017, at 16:48:34 EDT
 Impact version 76016
 mmshare version        39016
 Copyright (c) Schrodinger, LLC.
 All Rights Reserved.

 Host: Linux ls05 3.10.0-514.21.2.el7.x86_64 #1 SMP Tue Jun 20 12:24:47 UTC 2017 x86_64
 Job Name: 3G33-impref_ref0
 SCHRODINGER  directory: /data/chodera/schrodinger/schrodinger2017-3-advanced
 IMPACT_EXEC  directory: /data/chodera/schrodinger/schrodinger2017-3-advanced/impact-v7.6/bin/Linux-x86_64
 MMSHARE_EXEC directory: /data/chodera/schrodinger/schrodinger2017-3-advanced/mmshare-v3.9/bin/Linux-x86_64

 Clock-based global random seed:     1506718113
%IMPACT-I(foldmain): calling OPLS3 atomtyping ...
%IMPACT-I(foldmain): finished parameter assignment
 PARM read from file "paramstd.dat"
 Parameter obtained from atomtyping
      Current coord. are written to file: "3G33-impref.init_coord.rst"
      Box dimensions not written


 Total number of atoms  = 16592
 
 Neighbor List Cutoff Settings
 ==================================
 Cutoff radius:   10.0000000000000     
 Update frequency: every           10  steps
 Species   1 : Neighbors are calculated on a per residue basis
 Species   1 : Cutoff by inter-atomic distances
 
 Step number:          0         Non-bonded count:  4068365
 E-pot        RMS grad     Max grad    
  8.06882E+06  5.19905E+05  5.83312E+07
 Step number:         10         Non-bonded count:  4068365
 -2.36735E+04  3.99687E+00  2.05237E+02
 Step number:         20         Non-bonded count:  4068365
 -2.49913E+04  1.00563E+00  5.64522E+01
 Step number:         30         Non-bonded count:  4068365
 -2.53748E+04  6.46258E-01  3.21802E+01
 Step number:         40         Non-bonded count:  4068365
 -2.55151E+04  4.19648E-01  1.92850E+01
 Step number:         50         Non-bonded count:  4068365
 -2.55678E+04  3.13936E-01  1.64751E+01
 Step number:         60         Non-bonded count:  4068365
 -2.56070E+04  2.39313E-01  6.87890E+00
 Step number:         70         Non-bonded count:  4068365
 -2.56344E+04  1.98909E-01  6.89718E+00
 Step number:         80         Non-bonded count:  4068365
 -2.56556E+04  1.89115E-01  1.06451E+01
 Step number:         90         Non-bonded count:  4068365
 -2.56722E+04  1.91272E-01  4.58683E+00
 Step number:        100         Non-bonded count:  4068365
 -2.56871E+04  1.55120E-01  4.51911E+00
 Step number:        100         Non-bonded count:  4068365
 -2.56871E+04  1.55120E-01  4.51911E+00
      Current coord. are written to file: "3G33-impref.min0_coord.rst"
      Box dimensions not written
      Current coordinates are read from file: "3G33-impref.init_coord.rst"
      Box dimensions not read
          read from "3G33-impref.init_coord.rst"
  
 Energy and Force Generation Info: 
 --------------------------------- 
 Number of E&F called:     403
 PARM read from file "paramstd.dat"
 Parameter obtained from atomtyping
      Current coordinates are read from file: "3G33-impref.min0_coord.rst"
      Box dimensions not read
          read from "3G33-impref.min0_coord.rst"


 Total number of atoms  = 16592
 
 Neighbor List Cutoff Settings
 ==================================
 Cutoff radius:   10.0000000000000     
 Update frequency: every           10  steps
 Species   1 : Neighbors are calculated on a per residue basis
 Species   1 : Cutoff by inter-atomic distances
 
 Step number:          0         Non-bonded count:  4068365
 E-pot        RMS grad     Max grad    
 -2.06099E+04  2.80744E+00  2.83495E+01
 Step number:         10         Non-bonded count:  4068365
 -2.30900E+04  1.10177E+00  1.89715E+01
 Step number:         20         Non-bonded count:  4068365
 -2.40060E+04  1.35616E+00  2.47138E+01
 Step number:         30         Non-bonded count:  4068365
 -2.44512E+04  7.91711E-01  4.47270E+01
 Step number:         40         Non-bonded count:  4068365
 -2.46240E+04  3.14862E-01  1.16280E+01
 Step number:         50         Non-bonded count:  4068365
 -2.46798E+04  2.94131E-01  2.01939E+01
 Step number:         60         Non-bonded count:  4068365
 -2.47007E+04  2.10426E-01  1.30261E+01
 Step number:         70         Non-bonded count:  4068365
 -2.47119E+04  1.50772E-01  1.11499E+01
 Step number:         80         Non-bonded count:  4068365
 -2.47199E+04  1.37484E-01  6.11565E+00
 Step number:         90         Non-bonded count:  4068365
 -2.47254E+04  1.03208E-01  6.98641E+00
 Step number:        100         Non-bonded count:  4068365
 -2.47286E+04  8.80503E-02  4.84228E+00
 Step number:        100         Non-bonded count:  4068365
 -2.47286E+04  8.80503E-02  4.84228E+00
  
 Energy and Force Generation Info: 
 --------------------------------- 
 Number of E&F called:     788


Final Energy Reports:
------------------------------------
 Total Energy of the system...... -2.47286E+04 kcal/mol
 Total Potential Energy.......... -2.47286E+04 kcal/mol
 Total Kinetic Energy............  0.00000E+00 kcal/mol
 Temperature of the system.......        0.000 K
 Bond Stretch Energy.............  6.79706E+01 kcal/mol
 Angle Bending Energy............  1.70211E+03 kcal/mol
 Torsion Angle Energy............  2.72839E+02 kcal/mol
 Restraining Energy for Torsions.  0.00000E+00 kcal/mol
 1,4 Lennard Jones Energy........  1.66451E+03 kcal/mol
 1,4 Electrostatic Energy........ -1.63015E+03 kcal/mol
 Lennard Jones Energy............ -1.23297E+03 kcal/mol
 Electrostatic Energy............ -2.55729E+04 kcal/mol
 H-bond Energy...................  0.00000E+00 kcal/mol
 
 Exiting IMPACT execution environment 
 Date: Friday, September 29 2017, at 16:52:37 EDT
%IMPACT-I (timit): Total CPU time =     242.75 seconds (   4.0 minutes)
Total elapsed time = 245 seconds (4 minutes, 5 seconds)
  ** Completed refinement level 0      rmsd =  0.123

** Refinement finished. Final level: 0

** The refined complex file is 3G33-impref_ref.mae.
