==============================================================================
  Prime version 4.9 (r016) Refine Structure: Sidechain prediction
==============================================================================
        
--------------------------------------------------------------------------------
JobId          : ls04-0-59d2777c
Name           : 3cs9-missing-side-chains
Program        : RefineStructure
MMshareExec    : /data/chodera/schrodinger/schrodinger2017-3-advanced/mmshare-v3.9/bin/Linux-x86_64
Host           : ls04.hpc.private
Dir            : /lila/home/albaness/PDBfinder/pdbs/Nilotinib-BCR-ABL/fixed/3CS9-fixed
HostEntry      : localhost
JobHost        : ls04.hpc.private
JobDir         : /data/chodera/schrodinger/tmpdir/albaness/3cs9-missing-side-chains
JobMMshareExec : /data/chodera/schrodinger/schrodinger2017-3-advanced/mmshare-v3.9/bin/Linux-x86_64
Commandline    : /data/chodera/schrodinger/schrodinger2017-3-advanced/prime 3cs9-missing-side-chains
StartTime      : 2017-10-02-13:29:33
--------------------------------------------------------------------------------
Using the following input parameters:
   EXT_DIEL	80.0
   FIX_ATOM_NAMES	yes
   JOB_TYPE	refine
   NUM_SC_OUTPUT_STRUCT	1
   RESIDUE_0	A:498
   RESIDUE_1	A:494
   RESIDUE_2	A:462
   SEED	0
   SELECT	pick
   STRUCT_FILE	3cs9-missing-side-chains-in.mae
   USE_CRYSTAL_SYMMETRY	no
   USE_MEMBRANE	no
   USE_RANDOM_SEED	no

Number of CPU cores to use: 1

Using OPLS version OPLS3 for force-field parameters.

Pre-processing input
  Treating with residue ID check...
    Complete:  0 min  0 sec
  Treating with asl parsing...
    Complete:  0 min  0 sec
  Treating with naming consistency detection...
    Complete:  0 min  0 sec

 Random Number Seed Set to:    786633459
 
 Contents of the control file:
   
   
   file outdir "/lila/data/chodera/schrodinger/tmpdir/albaness/3cs9-missing-side-chains/"
   file datadir "/data/chodera/schrodinger/schrodinger2017-3-advanced/psp-v4.9/data/pop/"
   file vddir "/data/chodera/schrodinger/schrodinger2017-3-advanced/psp-v4.9/data/pop/"
   file tempdir "templates/"
   file protempdir "templates/"
   file usrtempdir "/lila/data/chodera/schrodinger/tmpdir/albaness/3cs9-missing-side-chains/"
   file gluefile "params.glue"
   file logfile stdout
   
   rand seed 0
   
   
   load simple 3cs9-missing-side-chains_0 Structure(37)  het yes ions yes wat yes mse2met no sym none   highest_occ no     opls_version OPLS3 fix_atom_names yes
   
   
   
   constraints load_from_ct
   energy param solv vsgb2.1
   
   
   
   energy param nbcut2_nn  40.0
   energy param nbcut2_cn  40.0
   energy param nbcut2_cc  40.0
   
   
   
   
   
   
   
   energy total
   side predict asl "atom.i_psp_select_atom 1" ofac_min 0.0 native_opt no failsafe no iter 1  maefile SWIG_OUTPUT_STRUCTURE
   
   energy total
   energy total
   
   
   write mae SWIG_OUTPUT_STRUCTURE
   finalize yes
   
--Checked out   8 PSP Plop Tokens--
 Random number seed reset to :            0
 
 Parameters chosen for PDB loading:
   All protein chains will be loaded.
   Sequence read from ATOM lines.
   Ions from PDB file INCLUDED.
   PDB file assumed to be experimental data.
   Waters from PDB file INCLUDED.
   HETATMs from PDB file INCLUDED.
   Hydrogens from PDB file INCLUDED.
   NO symmetry will be used.
   Atoms not in PDB file will NOT be optimized.
   Atomtyping Parameters (when reading directly from mae)
      OPLS Version OPLS3               
      Planarity       None
      Using Force Field Charges
      Changing atom names to canonical values
 
 STARTING TO WORK ON FILE 3cs9-missing-side-chains_0
 Reading residue sequence from atoms in mae file
 
 Amino acid sequence, chain: A A:ASP_233    A:SER_500   
    0 ASPB LYS  TRP  GLU  MET  GLU  ARG  THR  ASP  ILE 
   10 THR  MET  LYS  HID  LYS  LEU  GLY  GLY  GLY  GLN 
   20 TYR  GLY  GLU  VAL  TYR  GLU  GLY  VAL  TRP  LYS 
   30 LYS  TYR  SER  LEU  THR  VAL  ALA  VAL  LYS  THR 
   40 LEU  LYS  GLU  ASP  THR  MET  GLU  VAL  GLU  GLU 
   50 PHE  LEU  LYS  GLU  ALA  ALA  VAL  MET  LYS  GLU 
   60 ILE  LYS  HID  PRO  ASN  LEU  VAL  GLN  LEU  LEU 
   70 GLY  VAL  CYS  THR  ARG  GLU  PRO  PRO  PHE  TYR 
   80 ILE  ILE  THR  GLU  PHE  MET  THR  TYR  GLY  ASN 
   90 LEU  LEU  ASP  TYR  LEU  ARG  GLU  CYS  ASN  ARG 
  100 GLN  GLU  VAL  ASN  ALA  VAL  VAL  LEU  LEU  TYR 
  110 MET  ALA  THR  GLN  ILE  SER  SER  ALA  MET  GLU 
  120 TYR  LEU  GLU  LYS  LYS  ASN  PHE  ILE  HID  ARG 
  130 ASP  LEU  ALA  ALA  ARG  ASN  CYS  LEU  VAL  GLY 
  140 GLU  ASN  HID  LEU  VAL  LYS  VAL  ALA  ASP  PHE 
  150 GLY  LEU  SER  ARG  LEU  MET  THR  GLY  ASP  THR 
  160 TYR  THR  ALA  HID  ALA  GLY  ALA  LYS  PHE  PRO 
  170 ILE  LYS  TRP  THR  ALA  PRO  GLU  SER  LEU  ALA 
  180 TYR  ASN  LYS  PHE  SER  ILE  LYS  SER  ASP  VAL 
  190 TRP  ALA  PHE  GLY  VAL  LEU  LEU  TRP  GLU  ILE 
  200 ALA  THR  TYR  GLY  MET  SER  PRO  TYR  PRO  GLY 
  210 ILE  ASP  LEU  SER  GLN  VAL  TYR  GLU  LEU  LEU 
  220 GLU  LYS  ASP  TYR  ARG  MET  GLU  ARG  PRO  GLU 
  230 GLY  CYS  PRO  GLU  LYS  VAL  TYR  GLU  LEU  MET 
  240 ARG  ALA  CYS  TRP  GLN  TRP  ASN  PRO  SER  ASP 
  250 ARG  PRO  SER  PHE  ALA  GLU  ILE  HID  GLN  ALA 
  260 PHE  GLU  THR  MET  PHE  GLN  GLU  SERE
 
 Nonbonded initialization ...
 Time for loading nb parameters:   4.687000000000552E-003
 Build extended structure ...
 Charged terminal template did not match, trying neutral terminal template for 
  A:ASP_233   
 Generating crosslinks ...
 Initialize 1/4 list ...
 Initialize parent/child list ...
 Initialize covalent pointers ...
 Initialize resinfo list ...
 ATTN: hetero res type NIL 
  not recognized - rotamer conformations will not be sampled.
 Initialize special atoms ...
 Initialize rank list ...
 Initialize sparse atom list ...
 
 Times for various book-keeping steps:
     build   3.209s
     cross   0.064s
     child   0.024s
      iper   0.000s
       rev   0.026s
      info   0.007s
     resat   0.000s
      rank   0.000s
     covpt   0.001s
    sparse   0.041s
 
 Times for steps in loading structure:
           Load sequence    0.73s
    Initialize structure    3.42s
      Assign coordinates    0.11s
     Initialize symmetry    0.00s
 
 Preparing for first energy calculation ...
 
 Time for assigning nb parameters:    0.010s
 
 Number of protein chains       1
   Number of residues         268
       (charged)               70
        (polar)                87
       (glycine)               15
     (hydrophobic)             96
 
 Number of RNA chains           0
   Number of nucleotides        0
 Number of DNA chains           0
   Number of nucleotides        0
 
 Number of waters              99
 Number of ions                 0
 Number of HET                  1
 
 Number of atoms             4767
   [sparse atoms]             470
 
 Number of bonds             4734
 Number of angles            8220
 Number of torsions         12889
 Number of 1/4s             11730
 
 Partial charges and molecular weights:
  HET group      A:NIL_600         0.0000     529.5
  Protein chain            A     -10.0000   31072.0
  Entire system                  -10.0000   33385.0
 
 Time for secondary structure initialization   0.003s
 
 Results of parameter assignment
    type    tot   time
    BOND   4734   0.00
    ANGL   8220   0.01
    TORS  13190   0.05
 
 Here are the parameters that will be used:
                      Solvent model   SGB
               Variable Dielectric:   ENABLED
                               LYS:    4.33
                               GLU:    2.39
                               ASP:    2.29
                               HIP:    2.00
                               HIS:    1.00
                               ARG:    2.01
                      Penalty terms   EXCLUDED
                Internal dielectric    1.00
                 Solvent dielectric   80.00
                 Ionic strength (M)    0.00
                 Debye length (Ang)     Inf
     Short NB cut (neutral/neutral)   10.00
      Long NB cut (neutral/neutral)   40.00
      Short NB cut (charge/neutral)   10.00
       Long NB cut (charge/neutral)   40.00
       Short NB cut (charge/charge)   15.00
        Long NB cut (charge/charge)   40.00
             Short NB cut (reduced)    6.00
              Long NB cut (reduced)   36.00
          Rotamer Frequency Scoring   OFF
 
 NOW REPORTING THE ENERGY (KCAL/MOL): 
 COVALENT ENERGIES:
                BOND           ANGLE             TOR           TOTAL
     COV     2367.732616      666.437806      705.792287     3739.962708
     SGB    24155.192747    -8890.396572    -6331.371853     8933.424322
   TOTAL    26522.925363    -8223.958766    -5625.579566    12673.387030
    TIME        0.000s          0.000s          0.000s          0.000s   
 
 NONBONDED (INTRAMOLECULAR) ENERGIES:
                  14           SHORT            LONG           TOTAL
      LJ     1896.257063    -1419.758471     -119.819749      356.678843
    LIPO        0.000000     -703.603909        0.000000     -703.603909
      EL     8011.477046   -16962.703605      589.695912    -8361.530647
     SGB    -6331.371853     7383.562598     -454.383072      597.807674
   TOTAL     3576.362255   -11702.503387       15.493091    -8110.648040
    TIME        0.000s          0.000s          0.000s          0.000s   
 
 OTHER:
SGB SELF   -17712.453688
NONPOLAR        0.000000
PROT COR        0.000000
   HBOND     -214.082020
 PACKING      -25.060046
SelfCont      -23.062779
 
 SUM:
 SGB TOT    -1849.849840
SOLV TOT    -1849.849840
LIPO TOT     -703.603909
  TOTALE  -7080.547690782    
 [NOTE: TOTAL ENERGY = COV_TOT + NB_TOT + OTHER - SGB_14|SGB_TOR]
 
 NOW REPORTING THE ENERGY (KCAL/MOL): 
 COVALENT ENERGIES:
                BOND           ANGLE             TOR           TOTAL
     COV     2367.732616      666.437806      705.792287     3739.962708
     SGB    24155.192747    -8890.396572    -6331.371853     8933.424322
   TOTAL    26522.925363    -8223.958766    -5625.579566    12673.387030
    TIME        0.000s          0.000s          0.000s          0.000s   
 
 NONBONDED (INTRAMOLECULAR) ENERGIES:
                  14           SHORT            LONG           TOTAL
      LJ     1896.257063    -1419.758471     -119.819749      356.678843
    LIPO        0.000000     -703.603909        0.000000     -703.603909
      EL     8011.477046   -16962.703605      589.695912    -8361.530647
     SGB    -6331.371853     7383.562598     -454.383072      597.807674
   TOTAL     3576.362255   -11702.503387       15.493091    -8110.648040
    TIME        0.000s          0.000s          0.000s          0.000s   
 
 OTHER:
SGB SELF   -17712.453688
NONPOLAR        0.000000
PROT COR        0.000000
   HBOND     -214.082020
 PACKING      -25.060046
SelfCont      -23.062779
 
 SUM:
 SGB TOT    -1849.849840
SOLV TOT    -1849.849840
LIPO TOT     -703.603909
  TOTALE  -7080.547690782    
 [NOTE: TOTAL ENERGY = COV_TOT + NB_TOT + OTHER - SGB_14|SGB_TOR]
 
 Preparing for first energy calculation ...
 
 
 NOW REPORTING THE ENERGY (KCAL/MOL): 
 COVALENT ENERGIES:
                BOND           ANGLE             TOR           TOTAL
     COV     2367.732616      666.437806      705.792287     3739.962708
     SGB    24155.192747    -8890.396572    -6331.371853     8933.424322
   TOTAL    26522.925363    -8223.958766    -5625.579566    12673.387030
    TIME        0.000s          0.000s          0.000s          0.000s   
 
 NONBONDED (INTRAMOLECULAR) ENERGIES:
                  14           SHORT            LONG           TOTAL
      LJ     1896.257063    -1419.758471     -119.819749      356.678843
    LIPO        0.000000     -703.603909        0.000000     -703.603909
      EL     8011.477046   -16962.703605      589.695912    -8361.530647
     SGB    -6331.371853     7383.562598     -454.383072      597.807674
   TOTAL     3576.362255   -11702.503387       15.493091    -8110.648040
    TIME        0.000s          0.000s          0.000s          0.000s   
 
 OTHER:
SGB SELF   -17712.453688
NONPOLAR        0.000000
PROT COR        0.000000
   HBOND     -214.082020
 PACKING      -25.060046
SelfCont      -23.062779
 
 SUM:
 SGB TOT    -1849.849840
SOLV TOT    -1849.849840
LIPO TOT     -703.603909
  TOTALE  -7080.547690782    
 [NOTE: TOTAL ENERGY = COV_TOT + NB_TOT + OTHER - SGB_14|SGB_TOR]
 
 ATTN:  large bond energies found:
      66     62 A:HOH_601:_OW_          63 A:HOH_601:_HW1          10.00
      67     62 A:HOH_601:_OW_          64 A:HOH_601:_HW2          10.00
      68     65 A:HOH_602:_OW_          66 A:HOH_602:_HW1          10.00
      69     65 A:HOH_602:_OW_          67 A:HOH_602:_HW2          10.00
      70     68 A:HOH_603:_OW_          69 A:HOH_603:_HW1          10.00
      71     68 A:HOH_603:_OW_          70 A:HOH_603:_HW2          10.00
      72     71 A:HOH_604:_OW_          72 A:HOH_604:_HW1          10.00
      73     71 A:HOH_604:_OW_          73 A:HOH_604:_HW2          10.00
      74     74 A:HOH_605:_OW_          75 A:HOH_605:_HW1          10.00
      75     74 A:HOH_605:_OW_          76 A:HOH_605:_HW2          10.00
      76     77 A:HOH_606:_OW_          78 A:HOH_606:_HW1          10.00
      77     77 A:HOH_606:_OW_          79 A:HOH_606:_HW2          10.00
      78     80 A:HOH_607:_OW_          81 A:HOH_607:_HW1          10.00
      79     80 A:HOH_607:_OW_          82 A:HOH_607:_HW2          10.00
      80     83 A:HOH_608:_OW_          84 A:HOH_608:_HW1          10.00
      81     83 A:HOH_608:_OW_          85 A:HOH_608:_HW2          10.00
      82     86 A:HOH_609:_OW_          87 A:HOH_609:_HW1          10.00
      83     86 A:HOH_609:_OW_          88 A:HOH_609:_HW2          10.00
      84     89 A:HOH_610:_OW_          90 A:HOH_610:_HW1          10.00
      85     89 A:HOH_610:_OW_          91 A:HOH_610:_HW2          10.00
      86     92 A:HOH_611:_OW_          93 A:HOH_611:_HW1          10.00
      87     92 A:HOH_611:_OW_          94 A:HOH_611:_HW2          10.00
      88     95 A:HOH_612:_OW_          96 A:HOH_612:_HW1          10.00
      89     95 A:HOH_612:_OW_          97 A:HOH_612:_HW2          10.00
      90     98 A:HOH_613:_OW_          99 A:HOH_613:_HW1          10.00
      91     98 A:HOH_613:_OW_         100 A:HOH_613:_HW2          10.00
      92    101 A:HOH_614:_OW_         102 A:HOH_614:_HW1          10.00
      93    101 A:HOH_614:_OW_         103 A:HOH_614:_HW2          10.00
      94    104 A:HOH_615:_OW_         105 A:HOH_615:_HW1          10.00
      95    104 A:HOH_615:_OW_         106 A:HOH_615:_HW2          10.00
      96    107 A:HOH_616:_OW_         108 A:HOH_616:_HW1          10.00
      97    107 A:HOH_616:_OW_         109 A:HOH_616:_HW2          10.00
      98    110 A:HOH_617:_OW_         111 A:HOH_617:_HW1          10.00
      99    110 A:HOH_617:_OW_         112 A:HOH_617:_HW2          10.00
     100    113 A:HOH_618:_OW_         114 A:HOH_618:_HW1          10.00
     101    113 A:HOH_618:_OW_         115 A:HOH_618:_HW2          10.00
     102    116 A:HOH_619:_OW_         117 A:HOH_619:_HW1          10.00
     103    116 A:HOH_619:_OW_         118 A:HOH_619:_HW2          10.00
     104    119 A:HOH_620:_OW_         120 A:HOH_620:_HW1          10.00
     105    119 A:HOH_620:_OW_         121 A:HOH_620:_HW2          10.00
     106    122 A:HOH_621:_OW_         123 A:HOH_621:_HW1          10.00
     107    122 A:HOH_621:_OW_         124 A:HOH_621:_HW2          10.00
     108    125 A:HOH_622:_OW_         126 A:HOH_622:_HW1          10.00
     109    125 A:HOH_622:_OW_         127 A:HOH_622:_HW2          10.00
     110    128 A:HOH_623:_OW_         129 A:HOH_623:_HW1          10.00
     111    128 A:HOH_623:_OW_         130 A:HOH_623:_HW2          10.00
     112    131 A:HOH_624:_OW_         132 A:HOH_624:_HW1          10.00
     113    131 A:HOH_624:_OW_         133 A:HOH_624:_HW2          10.00
     114    134 A:HOH_625:_OW_         135 A:HOH_625:_HW1          10.00
     115    134 A:HOH_625:_OW_         136 A:HOH_625:_HW2          10.00
     116    137 A:HOH_626:_OW_         138 A:HOH_626:_HW1          10.00
     117    137 A:HOH_626:_OW_         139 A:HOH_626:_HW2          10.00
     118    140 A:HOH_627:_OW_         141 A:HOH_627:_HW1          10.00
     119    140 A:HOH_627:_OW_         142 A:HOH_627:_HW2          10.00
     120    143 A:HOH_628:_OW_         144 A:HOH_628:_HW1          10.00
     121    143 A:HOH_628:_OW_         145 A:HOH_628:_HW2          10.00
     122    146 A:HOH_629:_OW_         147 A:HOH_629:_HW1          10.00
     123    146 A:HOH_629:_OW_         148 A:HOH_629:_HW2          10.00
     124    149 A:HOH_630:_OW_         150 A:HOH_630:_HW1          10.00
     125    149 A:HOH_630:_OW_         151 A:HOH_630:_HW2          10.00
     126    152 A:HOH_631:_OW_         153 A:HOH_631:_HW1          10.00
     127    152 A:HOH_631:_OW_         154 A:HOH_631:_HW2          10.00
     128    155 A:HOH_632:_OW_         156 A:HOH_632:_HW1          10.00
     129    155 A:HOH_632:_OW_         157 A:HOH_632:_HW2          10.00
     130    158 A:HOH_633:_OW_         159 A:HOH_633:_HW1          10.00
     131    158 A:HOH_633:_OW_         160 A:HOH_633:_HW2          10.00
     132    161 A:HOH_634:_OW_         162 A:HOH_634:_HW1          10.00
     133    161 A:HOH_634:_OW_         163 A:HOH_634:_HW2          10.00
     134    164 A:HOH_635:_OW_         165 A:HOH_635:_HW1          10.00
     135    164 A:HOH_635:_OW_         166 A:HOH_635:_HW2          10.00
     136    167 A:HOH_636:_OW_         168 A:HOH_636:_HW1          10.00
     137    167 A:HOH_636:_OW_         169 A:HOH_636:_HW2          10.00
     138    170 A:HOH_637:_OW_         171 A:HOH_637:_HW1          10.00
     139    170 A:HOH_637:_OW_         172 A:HOH_637:_HW2          10.00
     140    173 A:HOH_638:_OW_         174 A:HOH_638:_HW1          10.00
     141    173 A:HOH_638:_OW_         175 A:HOH_638:_HW2          10.00
     142    176 A:HOH_639:_OW_         177 A:HOH_639:_HW1          10.00
     143    176 A:HOH_639:_OW_         178 A:HOH_639:_HW2          10.00
     144    179 A:HOH_640:_OW_         180 A:HOH_640:_HW1          10.00
     145    179 A:HOH_640:_OW_         181 A:HOH_640:_HW2          10.00
     146    182 A:HOH_641:_OW_         183 A:HOH_641:_HW1          10.00
     147    182 A:HOH_641:_OW_         184 A:HOH_641:_HW2          10.00
     148    185 A:HOH_642:_OW_         186 A:HOH_642:_HW1          10.00
     149    185 A:HOH_642:_OW_         187 A:HOH_642:_HW2          10.00
     150    188 A:HOH_643:_OW_         189 A:HOH_643:_HW1          10.00
     151    188 A:HOH_643:_OW_         190 A:HOH_643:_HW2          10.00
     152    191 A:HOH_644:_OW_         192 A:HOH_644:_HW1          10.00
     153    191 A:HOH_644:_OW_         193 A:HOH_644:_HW2          10.00
     154    194 A:HOH_645:_OW_         195 A:HOH_645:_HW1          10.00
     155    194 A:HOH_645:_OW_         196 A:HOH_645:_HW2          10.00
     156    197 A:HOH_646:_OW_         198 A:HOH_646:_HW1          10.00
     157    197 A:HOH_646:_OW_         199 A:HOH_646:_HW2          10.00
     158    200 A:HOH_647:_OW_         201 A:HOH_647:_HW1          10.00
     159    200 A:HOH_647:_OW_         202 A:HOH_647:_HW2          10.00
     160    203 A:HOH_648:_OW_         204 A:HOH_648:_HW1          10.00
     161    203 A:HOH_648:_OW_         205 A:HOH_648:_HW2          10.00
     162    206 A:HOH_649:_OW_         207 A:HOH_649:_HW1          10.00
     163    206 A:HOH_649:_OW_         208 A:HOH_649:_HW2          10.00
     164    209 A:HOH_650:_OW_         210 A:HOH_650:_HW1          10.00
     165    209 A:HOH_650:_OW_         211 A:HOH_650:_HW2          10.00
     166    212 A:HOH_651:_OW_         213 A:HOH_651:_HW1          10.00
     167    212 A:HOH_651:_OW_         214 A:HOH_651:_HW2          10.00
     168    215 A:HOH_652:_OW_         216 A:HOH_652:_HW1          10.00
     169    215 A:HOH_652:_OW_         217 A:HOH_652:_HW2          10.00
     170    218 A:HOH_653:_OW_         219 A:HOH_653:_HW1          10.00
     171    218 A:HOH_653:_OW_         220 A:HOH_653:_HW2          10.00
     172    221 A:HOH_654:_OW_         222 A:HOH_654:_HW1          10.00
     173    221 A:HOH_654:_OW_         223 A:HOH_654:_HW2          10.00
     174    224 A:HOH_655:_OW_         225 A:HOH_655:_HW1          10.00
     175    224 A:HOH_655:_OW_         226 A:HOH_655:_HW2          10.00
     176    227 A:HOH_656:_OW_         228 A:HOH_656:_HW1          10.00
     177    227 A:HOH_656:_OW_         229 A:HOH_656:_HW2          10.00
     178    230 A:HOH_657:_OW_         231 A:HOH_657:_HW1          10.00
     179    230 A:HOH_657:_OW_         232 A:HOH_657:_HW2          10.00
     180    233 A:HOH_658:_OW_         234 A:HOH_658:_HW1          10.00
     181    233 A:HOH_658:_OW_         235 A:HOH_658:_HW2          10.00
     182    236 A:HOH_659:_OW_         237 A:HOH_659:_HW1          10.00
     183    236 A:HOH_659:_OW_         238 A:HOH_659:_HW2          10.00
     184    239 A:HOH_660:_OW_         240 A:HOH_660:_HW1          10.00
     185    239 A:HOH_660:_OW_         241 A:HOH_660:_HW2          10.00
     186    242 A:HOH_661:_OW_         243 A:HOH_661:_HW1          10.00
     187    242 A:HOH_661:_OW_         244 A:HOH_661:_HW2          10.00
     188    245 A:HOH_662:_OW_         246 A:HOH_662:_HW1          10.00
     189    245 A:HOH_662:_OW_         247 A:HOH_662:_HW2          10.00
     190    248 A:HOH_663:_OW_         249 A:HOH_663:_HW1          10.00
     191    248 A:HOH_663:_OW_         250 A:HOH_663:_HW2          10.00
     192    251 A:HOH_664:_OW_         252 A:HOH_664:_HW1          10.00
     193    251 A:HOH_664:_OW_         253 A:HOH_664:_HW2          10.00
     194    254 A:HOH_665:_OW_         255 A:HOH_665:_HW1          10.00
     195    254 A:HOH_665:_OW_         256 A:HOH_665:_HW2          10.00
     196    257 A:HOH_666:_OW_         258 A:HOH_666:_HW1          10.00
     197    257 A:HOH_666:_OW_         259 A:HOH_666:_HW2          10.00
     198    260 A:HOH_667:_OW_         261 A:HOH_667:_HW1          10.00
     199    260 A:HOH_667:_OW_         262 A:HOH_667:_HW2          10.00
     200    263 A:HOH_668:_OW_         264 A:HOH_668:_HW1          10.00
     201    263 A:HOH_668:_OW_         265 A:HOH_668:_HW2          10.00
     202    266 A:HOH_669:_OW_         267 A:HOH_669:_HW1          10.00
     203    266 A:HOH_669:_OW_         268 A:HOH_669:_HW2          10.00
     204    269 A:HOH_670:_OW_         270 A:HOH_670:_HW1          10.00
     205    269 A:HOH_670:_OW_         271 A:HOH_670:_HW2          10.00
     206    272 A:HOH_671:_OW_         273 A:HOH_671:_HW1          10.00
     207    272 A:HOH_671:_OW_         274 A:HOH_671:_HW2          10.00
     208    275 A:HOH_672:_OW_         276 A:HOH_672:_HW1          10.00
     209    275 A:HOH_672:_OW_         277 A:HOH_672:_HW2          10.00
     210    278 A:HOH_673:_OW_         279 A:HOH_673:_HW1          10.00
     211    278 A:HOH_673:_OW_         280 A:HOH_673:_HW2          10.00
     212    281 A:HOH_674:_OW_         282 A:HOH_674:_HW1          10.00
     213    281 A:HOH_674:_OW_         283 A:HOH_674:_HW2          10.00
     214    284 A:HOH_675:_OW_         285 A:HOH_675:_HW1          10.00
     215    284 A:HOH_675:_OW_         286 A:HOH_675:_HW2          10.00
     216    287 A:HOH_676:_OW_         288 A:HOH_676:_HW1          10.00
     217    287 A:HOH_676:_OW_         289 A:HOH_676:_HW2          10.00
     218    290 A:HOH_677:_OW_         291 A:HOH_677:_HW1          10.00
     219    290 A:HOH_677:_OW_         292 A:HOH_677:_HW2          10.00
     220    293 A:HOH_678:_OW_         294 A:HOH_678:_HW1          10.00
     221    293 A:HOH_678:_OW_         295 A:HOH_678:_HW2          10.00
     222    296 A:HOH_679:_OW_         297 A:HOH_679:_HW1          10.00
     223    296 A:HOH_679:_OW_         298 A:HOH_679:_HW2          10.00
     224    299 A:HOH_680:_OW_         300 A:HOH_680:_HW1          10.00
     225    299 A:HOH_680:_OW_         301 A:HOH_680:_HW2          10.00
     226    302 A:HOH_681:_OW_         303 A:HOH_681:_HW1          10.00
     227    302 A:HOH_681:_OW_         304 A:HOH_681:_HW2          10.00
     228    305 A:HOH_682:_OW_         306 A:HOH_682:_HW1          10.00
     229    305 A:HOH_682:_OW_         307 A:HOH_682:_HW2          10.00
     230    308 A:HOH_683:_OW_         309 A:HOH_683:_HW1          10.00
     231    308 A:HOH_683:_OW_         310 A:HOH_683:_HW2          10.00
     232    311 A:HOH_684:_OW_         312 A:HOH_684:_HW1          10.00
     233    311 A:HOH_684:_OW_         313 A:HOH_684:_HW2          10.00
     234    314 A:HOH_685:_OW_         315 A:HOH_685:_HW1          10.00
     235    314 A:HOH_685:_OW_         316 A:HOH_685:_HW2          10.00
     236    317 A:HOH_686:_OW_         318 A:HOH_686:_HW1          10.00
     237    317 A:HOH_686:_OW_         319 A:HOH_686:_HW2          10.00
     238    320 A:HOH_687:_OW_         321 A:HOH_687:_HW1          10.00
     239    320 A:HOH_687:_OW_         322 A:HOH_687:_HW2          10.00
     240    323 A:HOH_689:_OW_         324 A:HOH_689:_HW1          10.00
     241    323 A:HOH_689:_OW_         325 A:HOH_689:_HW2          10.00
     242    326 A:HOH_690:_OW_         327 A:HOH_690:_HW1          10.00
     243    326 A:HOH_690:_OW_         328 A:HOH_690:_HW2          10.00
     244    329 A:HOH_691:_OW_         330 A:HOH_691:_HW1          10.00
     245    329 A:HOH_691:_OW_         331 A:HOH_691:_HW2          10.00
     246    332 A:HOH_692:_OW_         333 A:HOH_692:_HW1          10.00
     247    332 A:HOH_692:_OW_         334 A:HOH_692:_HW2          10.00
     248    335 A:HOH_693:_OW_         336 A:HOH_693:_HW1          10.00
     249    335 A:HOH_693:_OW_         337 A:HOH_693:_HW2          10.00
     250    338 A:HOH_694:_OW_         339 A:HOH_694:_HW1          10.00
     251    338 A:HOH_694:_OW_         340 A:HOH_694:_HW2          10.00
     252    341 A:HOH_695:_OW_         342 A:HOH_695:_HW1          10.00
     253    341 A:HOH_695:_OW_         343 A:HOH_695:_HW2          10.00
     254    344 A:HOH_696:_OW_         345 A:HOH_696:_HW1          10.00
     255    344 A:HOH_696:_OW_         346 A:HOH_696:_HW2          10.00
     256    347 A:HOH_697:_OW_         348 A:HOH_697:_HW1          10.00
     257    347 A:HOH_697:_OW_         349 A:HOH_697:_HW2          10.00
     258    350 A:HOH_698:_OW_         351 A:HOH_698:_HW1          10.00
     259    350 A:HOH_698:_OW_         352 A:HOH_698:_HW2          10.00
     260    353 A:HOH_699:_OW_         354 A:HOH_699:_HW1          10.00
     261    353 A:HOH_699:_OW_         355 A:HOH_699:_HW2          10.00
     262    356 A:HOH_700:_OW_         357 A:HOH_700:_HW1          10.00
     263    356 A:HOH_700:_OW_         358 A:HOH_700:_HW2          10.00
    2147   2221 A:MET_343:_SD_        2222 A:MET_343:_CE_           9.87
 
 ATTN:  large 14 energies found:
      95 A:NIL_600:_C33      A:NIL_600:_C36           5.90    -19.82      7.25
 Cannot determine cbeta atoms for A:NIL_600   
 Cannot determine cbeta atoms for A:HOH_601   
 Cannot determine cbeta atoms for A:HOH_602   
 Cannot determine cbeta atoms for A:HOH_603   
 Cannot determine cbeta atoms for A:HOH_604   
 Cannot determine cbeta atoms for A:HOH_605   
 Cannot determine cbeta atoms for A:HOH_606   
 Cannot determine cbeta atoms for A:HOH_607   
 Cannot determine cbeta atoms for A:HOH_608   
 Cannot determine cbeta atoms for A:HOH_609   
 Cannot determine cbeta atoms for A:HOH_610   
 Cannot determine cbeta atoms for A:HOH_611   
 Cannot determine cbeta atoms for A:HOH_612   
 Cannot determine cbeta atoms for A:HOH_613   
 Cannot determine cbeta atoms for A:HOH_614   
 Cannot determine cbeta atoms for A:HOH_615   
 Cannot determine cbeta atoms for A:HOH_616   
 Cannot determine cbeta atoms for A:HOH_617   
 Cannot determine cbeta atoms for A:HOH_618   
 Cannot determine cbeta atoms for A:HOH_619   
 Cannot determine cbeta atoms for A:HOH_620   
 Cannot determine cbeta atoms for A:HOH_621   
 Cannot determine cbeta atoms for A:HOH_622   
 Cannot determine cbeta atoms for A:HOH_623   
 Cannot determine cbeta atoms for A:HOH_624   
 Cannot determine cbeta atoms for A:HOH_625   
 Cannot determine cbeta atoms for A:HOH_626   
 Cannot determine cbeta atoms for A:HOH_627   
 Cannot determine cbeta atoms for A:HOH_628   
 Cannot determine cbeta atoms for A:HOH_629   
 Cannot determine cbeta atoms for A:HOH_630   
 Cannot determine cbeta atoms for A:HOH_631   
 Cannot determine cbeta atoms for A:HOH_632   
 Cannot determine cbeta atoms for A:HOH_633   
 Cannot determine cbeta atoms for A:HOH_634   
 Cannot determine cbeta atoms for A:HOH_635   
 Cannot determine cbeta atoms for A:HOH_636   
 Cannot determine cbeta atoms for A:HOH_637   
 Cannot determine cbeta atoms for A:HOH_638   
 Cannot determine cbeta atoms for A:HOH_639   
 Cannot determine cbeta atoms for A:HOH_640   
 Cannot determine cbeta atoms for A:HOH_641   
 Cannot determine cbeta atoms for A:HOH_642   
 Cannot determine cbeta atoms for A:HOH_643   
 Cannot determine cbeta atoms for A:HOH_644   
 Cannot determine cbeta atoms for A:HOH_645   
 Cannot determine cbeta atoms for A:HOH_646   
 Cannot determine cbeta atoms for A:HOH_647   
 Cannot determine cbeta atoms for A:HOH_648   
 Cannot determine cbeta atoms for A:HOH_649   
 Cannot determine cbeta atoms for A:HOH_650   
 Cannot determine cbeta atoms for A:HOH_651   
 Cannot determine cbeta atoms for A:HOH_652   
 Cannot determine cbeta atoms for A:HOH_653   
 Cannot determine cbeta atoms for A:HOH_654   
 Cannot determine cbeta atoms for A:HOH_655   
 Cannot determine cbeta atoms for A:HOH_656   
 Cannot determine cbeta atoms for A:HOH_657   
 Cannot determine cbeta atoms for A:HOH_658   
 Cannot determine cbeta atoms for A:HOH_659   
 Cannot determine cbeta atoms for A:HOH_660   
 Cannot determine cbeta atoms for A:HOH_661   
 Cannot determine cbeta atoms for A:HOH_662   
 Cannot determine cbeta atoms for A:HOH_663   
 Cannot determine cbeta atoms for A:HOH_664   
 Cannot determine cbeta atoms for A:HOH_665   
 Cannot determine cbeta atoms for A:HOH_666   
 Cannot determine cbeta atoms for A:HOH_667   
 Cannot determine cbeta atoms for A:HOH_668   
 Cannot determine cbeta atoms for A:HOH_669   
 Cannot determine cbeta atoms for A:HOH_670   
 Cannot determine cbeta atoms for A:HOH_671   
 Cannot determine cbeta atoms for A:HOH_672   
 Cannot determine cbeta atoms for A:HOH_673   
 Cannot determine cbeta atoms for A:HOH_674   
 Cannot determine cbeta atoms for A:HOH_675   
 Cannot determine cbeta atoms for A:HOH_676   
 Cannot determine cbeta atoms for A:HOH_677   
 Cannot determine cbeta atoms for A:HOH_678   
 Cannot determine cbeta atoms for A:HOH_679   
 Cannot determine cbeta atoms for A:HOH_680   
 Cannot determine cbeta atoms for A:HOH_681   
 Cannot determine cbeta atoms for A:HOH_682   
 Cannot determine cbeta atoms for A:HOH_683   
 Cannot determine cbeta atoms for A:HOH_684   
 Cannot determine cbeta atoms for A:HOH_685   
 Cannot determine cbeta atoms for A:HOH_686   
 Cannot determine cbeta atoms for A:HOH_687   
 Cannot determine cbeta atoms for A:HOH_689   
 Cannot determine cbeta atoms for A:HOH_690   
 Cannot determine cbeta atoms for A:HOH_691   
 Cannot determine cbeta atoms for A:HOH_692   
 Cannot determine cbeta atoms for A:HOH_693   
 Cannot determine cbeta atoms for A:HOH_694   
 Cannot determine cbeta atoms for A:HOH_695   
 Cannot determine cbeta atoms for A:HOH_696   
 Cannot determine cbeta atoms for A:HOH_697   
 Cannot determine cbeta atoms for A:HOH_698   
 Cannot determine cbeta atoms for A:HOH_699   
 Cannot determine cbeta atoms for A:HOH_700   
 
 Here are the parameters chosen for side predict:
 
  SC SCREENING PARAMETERS
   Initial overlap factor:   0.750000000000000     
   Minimum overlap factor:   0.000000000000000E+000
   Rotamer library resolution:    10.0000000000000     
   Total iterations:            1
   SCs randomized prior to optimization.
   Current SC rotamers NOT added to library.
   DO NOT Remove SC Clashes Prior to Prediction
   New tree-based energy routines used.
   All energy components are used in rotamer ranking.
   If sampling not succeed, will NOT revert to original structure.
   Ecut for full energy updates:   -1.00000000000000     
   Ecut for full minimizations:   -1.00000000000000     
   SGB and LR updated after each cycle.
   Option for SGB update:            1
   Minimize after rotamer placement converged.
 
  MINIMIZATION PARAMETERS
   Minimization Algorithm: Automatic
   Desired final RMS gradient:  1.000000000000000E-002
   Maximum number of iterations to achieve self-consistency:            2
   Energy cutoff for determining self-consistency  0.100kcals/mol
   Maximum number of TN iterations:           65
   Iterations between NBlist/LR updates:            2
   LR forces will be updated less frequently than SR.
   NB list will NOT be updated during minim.
   SGB will be updated during minim.
   Option for SGB update:            1
   Born alpha will NOT be updated during minim
   NB Clashes will be used in the preconditioning
 Total side chains to be optimized:            3
 
 Side chains have been found that have no match in the rotamer library:
 Residue:  A:GLU_494   
     Actual angles  -90.76  180.00   90.04
   Closest rotamer  -80.00  170.00   80.00
             Delta   10.76  -10.00  -10.04
 
 ------------------------------------------
 NOW PRE-SCREENING ROTAMER STATES ...
 (res, # after screen, # total, ofac, rmsd_min, rmsd_max, time)
   A:GLU_462        958     958   0.00  -1.00  -1.00   0.01s
   A:GLU_494        958     958   0.00   0.02   2.78   0.01s
   A:GLN_498        877     877   0.00  -1.00  -1.00   0.01s
 
 Randomizing side chain positions ...
 
 ------------------------------------------
 NOW PICKING ROTAMER STATE BY ENERGY ...
 (res, # rotamers, # evaluated, ofac, cluster #, 
 rot #, old rot #, rmsd, elib, times)
 nlist =            3
one_lib:  A:GLU_462        958     933  0.75   1  32  72970  72949 -1.0     584.68    0.12s ****
one_lib:  A:GLU_494        958     386  0.75   1 292  73957  74791  0.3     584.04    0.07s ****
one_lib:  A:GLN_498        877     539  0.75   2 432 254876 255698 -1.0     582.71    0.08s ****
Time for iteration:     0.39s
Rotamer placement not converged; flips (rot,prot,tot):     3    0    3
 
 ------------------------------------------
 NOW PICKING ROTAMER STATE BY ENERGY ...
 (res, # rotamers, # evaluated, ofac, cluster #, 
 rot #, old rot #, rmsd, elib, times)
 nlist =            3
one_lib:  A:GLU_462        958     933  0.75   1  32  72970  72970 -1.0     590.01    0.12s
one_lib:  A:GLU_494        958     203  0.75   1 136  73957  73957  0.3     588.64    0.05s
one_lib:  A:GLN_498        877     539  0.75   2 432 254876 254876 -1.0     588.09    0.09s
Time for iteration:     0.36s
 Rotamer placement converged. Now minimizing...
Summary of library results(time,ener):     1.15       -7131.61     0.75       -7137.01
SIDE_PRED Time:       2.30s
 
 Preparing for first energy calculation ...
 
 
 NOW REPORTING THE ENERGY (KCAL/MOL): 
 COVALENT ENERGIES:
                BOND           ANGLE             TOR           TOTAL
     COV     2367.868267      663.354529      706.677044     3737.899840
     SGB    24113.432172    -8871.484468    -6328.323419     8913.624285
   TOTAL    26481.300438    -8208.129939    -5621.646374    12651.524125
    TIME        0.000s          0.000s          0.000s          0.000s   
 
 NONBONDED (INTRAMOLECULAR) ENERGIES:
                  14           SHORT            LONG           TOTAL
      LJ     1896.637944    -1460.781176     -119.960413      315.896354
    LIPO        0.000000     -703.943868        0.000000     -703.943868
      EL     8014.333800   -16994.773575      589.235541    -8391.204234
     SGB    -6328.323419     7390.214694     -454.013556      607.877719
   TOTAL     3582.648325   -11769.283925       15.261572    -8171.374028
    TIME        0.000s          0.000s          0.000s          0.000s   
 
 OTHER:
SGB SELF   -17682.345006
NONPOLAR        0.000000
PROT COR        0.000000
   HBOND     -215.019956
 PACKING      -25.060070
SelfCont      -23.062779
 
 SUM:
 SGB TOT    -1832.519584
SOLV TOT    -1832.519584
LIPO TOT     -703.943868
  TOTALE  -7137.014295369    
 [NOTE: TOTAL ENERGY = COV_TOT + NB_TOT + OTHER - SGB_14|SGB_TOR]
 
 NOW REPORTING THE ENERGY (KCAL/MOL): 
 COVALENT ENERGIES:
                BOND           ANGLE             TOR           TOTAL
     COV     2367.868267      663.354529      706.677044     3737.899840
     SGB    24113.432172    -8871.484468    -6328.323419     8913.624285
   TOTAL    26481.300438    -8208.129939    -5621.646374    12651.524125
    TIME        0.000s          0.000s          0.000s          0.000s   
 
 NONBONDED (INTRAMOLECULAR) ENERGIES:
                  14           SHORT            LONG           TOTAL
      LJ     1896.637944    -1460.798686     -119.942979      315.896279
    LIPO        0.000000     -703.943868        0.000000     -703.943868
      EL     8014.333800   -16994.679785      589.474432    -8390.871554
     SGB    -6328.323419     7389.934370     -454.242438      607.368514
   TOTAL     3582.648325   -11769.487968       15.289014    -8171.550630
    TIME        0.000s          0.000s          0.000s          0.000s   
 
 OTHER:
SGB SELF   -17682.345006
NONPOLAR        0.000000
PROT COR        0.000000
   HBOND     -215.019956
 PACKING      -25.060070
SelfCont      -23.062779
 
 SUM:
 SGB TOT    -1833.028789
SOLV TOT    -1833.028789
LIPO TOT     -703.943868
  TOTALE  -7137.190896607    
 [NOTE: TOTAL ENERGY = COV_TOT + NB_TOT + OTHER - SGB_14|SGB_TOR]
 
 Preparing for first energy calculation ...
 
 
 NOW REPORTING THE ENERGY (KCAL/MOL): 
 COVALENT ENERGIES:
                BOND           ANGLE             TOR           TOTAL
     COV     2367.868267      663.354529      706.677044     3737.899840
     SGB    24113.432172    -8871.484468    -6328.323419     8913.624285
   TOTAL    26481.300438    -8208.129939    -5621.646374    12651.524125
    TIME        0.000s          0.000s          0.000s          0.000s   
 
 NONBONDED (INTRAMOLECULAR) ENERGIES:
                  14           SHORT            LONG           TOTAL
      LJ     1896.637944    -1460.798686     -119.942979      315.896279
    LIPO        0.000000     -703.943868        0.000000     -703.943868
      EL     8014.333800   -16994.679785      589.474432    -8390.871554
     SGB    -6328.323419     7389.934370     -454.242438      607.368514
   TOTAL     3582.648325   -11769.487968       15.289014    -8171.550630
    TIME        0.000s          0.000s          0.000s          0.000s   
 
 OTHER:
SGB SELF   -17682.345006
NONPOLAR        0.000000
PROT COR        0.000000
   HBOND     -215.019956
 PACKING      -25.060070
SelfCont      -23.062779
 
 SUM:
 SGB TOT    -1833.028789
SOLV TOT    -1833.028789
LIPO TOT     -703.943868
  TOTALE  -7137.190896607    
 [NOTE: TOTAL ENERGY = COV_TOT + NB_TOT + OTHER - SGB_14|SGB_TOR]
 
 NOW REPORTING THE ENERGY (KCAL/MOL): 
 COVALENT ENERGIES:
                BOND           ANGLE             TOR           TOTAL
     COV     2367.868267      663.354529      706.677044     3737.899840
     SGB    24113.432172    -8871.484468    -6328.323419     8913.624285
   TOTAL    26481.300438    -8208.129939    -5621.646374    12651.524125
    TIME        0.000s          0.000s          0.000s          0.000s   
 
 NONBONDED (INTRAMOLECULAR) ENERGIES:
                  14           SHORT            LONG           TOTAL
      LJ     1896.637944    -1460.798686     -119.942979      315.896279
    LIPO        0.000000     -703.943868        0.000000     -703.943868
      EL     8014.333800   -16994.679785      589.474432    -8390.871554
     SGB    -6328.323419     7389.934370     -454.242438      607.368514
   TOTAL     3582.648325   -11769.487968       15.289014    -8171.550630
    TIME        0.000s          0.000s          0.000s          0.000s   
 
 OTHER:
SGB SELF   -17682.345006
NONPOLAR        0.000000
PROT COR        0.000000
   HBOND     -215.019956
 PACKING      -25.060070
SelfCont      -23.062779
 
 SUM:
 SGB TOT    -1833.028789
SOLV TOT    -1833.028789
LIPO TOT     -703.943868
  TOTALE  -7137.190896607    
 [NOTE: TOTAL ENERGY = COV_TOT + NB_TOT + OTHER - SGB_14|SGB_TOR]
 TOTAL TIME ELAPSED: 3cs9-missing-side-chains_0          59.382s
 RETURNED LICENSE
Post-processing output...
  Processing output structure #1
Post-processing complete.


