
** Heavy-atom coordinates will be fixed: maxlevel set to 0
  **
  ** Beginning refinement level 0
  **

%IMPACT-I (openwt): Request to open FORMATTED file 3CS9-impref_ref0.out on unit   2
 Entering IMPACT execution environment 
 Date: Wednesday, November 30 2016, at 21:28:45 EST
 Impact version 72014
 mmshare version        35014
 Copyright (c) Schrodinger, LLC.
 All Rights Reserved.

 Host: Linux cc05.local 2.6.32-573.18.1.el6.x86_64 #1 SMP Tue Feb 9 22:46:17 UTC 2016 x86_64
 Job Name: 3CS9-impref_ref0
 SCHRODINGER  directory: /cbio/jclab/share/schrodinger/schrodinger2016-3
 IMPACT_EXEC  directory: /cbio/jclab/share/schrodinger/schrodinger2016-3/impact-v7.2/bin/Linux-x86_64
 MMSHARE_EXEC directory: /cbio/jclab/share/schrodinger/schrodinger2016-3/mmshare-v3.5/bin/Linux-x86_64

 Clock-based global random seed:     1480559325
%IMPACT-I(foldmain): calling OPLS_2005 atomtyping ...
%IMPACT-I(foldmain): finished parameter assignment
 PARM read from file "paramstd.dat"
 Parameter obtained from atomtyping
      Current coord. are written to file: "3CS9-impref.init_coord.rst"
      Box dimensions not written


 Total number of atoms  =  4693
 
 Neighbor List Cutoff Settings
 ==================================
 Cutoff radius:   10.0000000000000     
 Update frequency: every           10  steps
 Species   1 : Neighbors are calculated on a per residue basis
 Species   1 : Cutoff by inter-atomic distances
 
 Step number:          0         Non-bonded count:  1149495
 E-pot        RMS grad     Max grad    
 -3.36985E+03  3.66234E+02  1.26215E+04
 Step number:         10         Non-bonded count:  1149495
 -1.11308E+04  1.50696E+00  3.17512E+01
 Step number:         20         Non-bonded count:  1149495
 -1.12792E+04  1.36049E+00  3.09374E+01
 Step number:         30         Non-bonded count:  1149495
 -1.14041E+04  1.08660E+00  4.33419E+01
 Step number:         40         Non-bonded count:  1149495
 -1.14626E+04  7.40194E-01  1.35175E+01
 Step number:         50         Non-bonded count:  1149495
 -1.14991E+04  6.23651E-01  1.17599E+01
 Step number:         60         Non-bonded count:  1149495
 -1.15195E+04  5.25504E-01  1.01547E+01
 Step number:         70         Non-bonded count:  1149495
 -1.15335E+04  4.84756E-01  1.27509E+01
 Step number:         80         Non-bonded count:  1149495
 -1.15433E+04  4.19089E-01  1.06358E+01
 Step number:         90         Non-bonded count:  1149495
 -1.15511E+04  3.10374E-01  7.32696E+00
 Step number:        100         Non-bonded count:  1149495
 -1.15582E+04  3.61963E-01  1.60983E+01
 Step number:        100         Non-bonded count:  1149495
 -1.15582E+04  3.61963E-01  1.60983E+01
      Current coord. are written to file: "3CS9-impref.min0_coord.rst"
      Box dimensions not written
      Current coordinates are read from file: "3CS9-impref.init_coord.rst"
      Box dimensions not read
          read from "3CS9-impref.init_coord.rst"
  
 Energy and Force Generation Info: 
 --------------------------------- 
 Number of E&F called:     282
 PARM read from file "paramstd.dat"
 Parameter obtained from atomtyping
      Current coordinates are read from file: "3CS9-impref.min0_coord.rst"
      Box dimensions not read
          read from "3CS9-impref.min0_coord.rst"


 Total number of atoms  =  4693
 
 Neighbor List Cutoff Settings
 ==================================
 Cutoff radius:   10.0000000000000     
 Update frequency: every           10  steps
 Species   1 : Neighbors are calculated on a per residue basis
 Species   1 : Cutoff by inter-atomic distances
 
 Step number:          0         Non-bonded count:  1149495
 E-pot        RMS grad     Max grad    
 -1.04857E+04  2.96770E+00  2.66659E+01
 Step number:         10         Non-bonded count:  1149495
 -1.12017E+04  1.70404E+00  8.83991E+01
 Step number:         20         Non-bonded count:  1149495
 -1.12897E+04  1.09223E+00  5.31117E+01
 Step number:         30         Non-bonded count:  1149495
 -1.13264E+04  5.44362E-01  2.83198E+01
 Step number:         40         Non-bonded count:  1149495
 -1.13362E+04  3.56914E-01  2.07818E+01
 Step number:         50         Non-bonded count:  1149495
 -1.13424E+04  3.96461E-01  1.31937E+01
 Step number:         60         Non-bonded count:  1149495
 -1.13464E+04  2.90666E-01  1.16247E+01
 Step number:         70         Non-bonded count:  1149495
 -1.13499E+04  1.41762E-01  6.40976E+00
 Step number:         80         Non-bonded count:  1149495
 -1.13510E+04  1.07183E-01  3.63308E+00
 Step number:         90         Non-bonded count:  1149495
 -1.13517E+04  1.01339E-01  3.82650E+00
 Step number:        100         Non-bonded count:  1149495
 -1.13523E+04  9.68372E-02  2.35852E+00
 Step number:        100         Non-bonded count:  1149495
 E-pot        RMS grad     Max grad    
 -1.13523E+04  9.68372E-02  2.35852E+00
  
 Energy and Force Generation Info: 
 --------------------------------- 
 Number of E&F called:     561


Final Energy Reports:
------------------------------------
 Total Energy of the system...... -1.13523E+04 kcal/mol
 Total Potential Energy.......... -1.13523E+04 kcal/mol
 Total Kinetic Energy............  0.00000E+00 kcal/mol
 Temperature of the system.......        0.000 K
 Bond Stretch Energy.............  1.19326E+01 kcal/mol
 Angle Bending Energy............  3.14852E+02 kcal/mol
 Torsion Angle Energy............  1.31901E+02 kcal/mol
 Restraining Energy for Torsions.  0.00000E+00 kcal/mol
 1,4 Lennard Jones Energy........  4.00440E+02 kcal/mol
 1,4 Electrostatic Energy........ -2.75888E+02 kcal/mol
 Lennard Jones Energy............ -5.75604E+02 kcal/mol
 Electrostatic Energy............ -1.13599E+04 kcal/mol
 H-bond Energy...................  0.00000E+00 kcal/mol
 
 Exiting IMPACT execution environment 
 Date: Wednesday, November 30 2016, at 21:29:06 EST
%IMPACT-I (timit): Total CPU time =      20.36 seconds (   0.3 minutes)
Total elapsed time = 22 seconds
  ** Completed refinement level 0      rmsd =  0.035

** Refinement finished. Final level: 0

** The refined complex file is 3CS9-impref_ref.mae.
