
Working on structure 1
Fixing common structure mistakes...
  No mistakes were found
Pre-treating metals...
Done treating metals
Assigning bond orders...
  Using CCD: True
CCD template assignment successfully used for HET "DB8 "
  Assigned the following bonds (format: atom1, atom2, order): set([(2198, 2217, 2), (2194, 2191, 3), (2211, 2197, 2), (2196, 2212, 2), (2215, 2213, 2), (2195, 2207, 2), (2219, 2220, 2), (2218, 2214, 2), (2216, 2199, 2)])
Removing and re-adding hydrogens...
Treating metals...
Creating di-sulfur bonds...
Converting Selenomethionines...
Filling missing loops using Prime...
Detecting missing residue atoms...
Filling missing side chains using Prime...
Prime output file: /lila/home/albaness/PDBfinder/pdbs/Bosutinib-BCR-ABL/fixed/3UE4-fixed/3ue4-missing-side-chains-out.maegz
Finding het groups...
Coloring atoms by element (green carbons in hets)...
Finding het groups (for Epik)...
Processing 1 het groups...
  Using Epik with pH: 7.4
        and pH Range: 0.0
  Max states per het: 32
Running Epik on 1 het groups...
  Waiting for epik...
  Het A:DB8 (601): keeping all 1 state(s):
    State penalty: 0.14 kcal/mol; H-Bond count: 1.
Running ProtAssign...
  Uses -minimize option in ProtAssign
  Using PROPKA with pH: 7.4
  RUNNING: /data/chodera/schrodinger/schrodinger2017-3-advanced/utilities/protassign 3UE4-protassign.mae 3UE4-protassign-out.mae -NOJOBID -nowater -minimize -propka_pH 7.4
Optimize H-bond job completed.
Deleting non-bridging waters...
  Deleted waters: A:701, A:702, A:703, A:704, A:705, A:706, A:707, A:708, A:709, A:710, A:711, A:712, A:713, A:714, A:715, A:716, A:717, A:718, A:719, A:720, A:721, A:722, A:723, A:724, A:725, A:726, A:727, A:728, A:729, A:730, A:731, A:732, A:733, A:734, A:735, A:736, A:737, A:738, A:739, A:740, A:741, A:742, A:743, A:744, A:745, A:746, A:747, A:748, A:749, A:750, A:751, A:752, A:753, A:754, A:755, A:756, A:757, A:758, A:759, A:760, A:761, A:762, A:763, A:764, A:765, A:766, A:767, A:768, A:769, A:770, A:771, A:772, A:773, A:774, A:775, A:776, A:777, A:778, A:779, A:780, A:781, A:782, A:783, A:784, A:785, A:786, A:787, A:788, A:789
Running restrained minimization...
  RMSD: 0.3
  Force field: 3
  hydrogens only
done with preparation
Writing to file...
DONE. Output file: ../3UE4-fixed.pdb
