  Running PropKa to get pKas

Clusters to optimize:
    Cluster 1:
        A:ASN 297 
        A:SER 349 : HG 
        A:TYR 342 : HH 
        A:HID 295 
        A:GLN 346 
    Cluster 2:
        A:GLN 300 
    Cluster 3:
        A:ASN 322 
        A:ASP 325 
    Cluster 4:
        A:ASN 331 
    Cluster 5:
        A:GLN 333 
    Cluster 6:
        A:ASN 336 
    Cluster 7:
        A:ASN 358 
    Cluster 8:
        A:ASN 368 
        A:ASP 363 
    Cluster 9:
        A:ASN 374 
    Cluster 10:
        A:ASN 414 
    Cluster 11:
        A:GLN 447 
        A:ASP 444 
        A:SER 446 : HG 
    Cluster 12:
        A:GLN 477 
    Cluster 13:
        A:ASN 479 
        A:ASP 482 
    Cluster 14:
        A:GLN 491 
        A:THR 495 : HG1
    Cluster 15:
        A:GLN 498 
        A:GLU 494 
        A:GLU 352 
        A:SER 348 : HG 
        A:HID 490 
        A:LYS 356 
    Cluster 16:
        A:GLN 252 
        A:LYS 271 
    Cluster 17:
        A:LYS 234 
    Cluster 18:
        A:LYS 245 
    Cluster 19:
        A:LYS 247 
        A:GLU 255 
        A:TYR 257 : HH 
    Cluster 20:
        A:LYS 262 
    Cluster 21:
        A:LYS 263 
        A:TYR 264 : HH 
    Cluster 22:
        A:LYS 274 
    Cluster 23:
        A:LYS 285 
    Cluster 24:
        A:LYS 291 
        A:ASP 233 
    Cluster 25:
        A:LYS 294 
    Cluster 26:
        A:LYS 357 
    Cluster 27:
        A:LYS 378 
        A:GLU 316 
    Cluster 28:
        A:LYS 400 
    Cluster 29:
        A:LYS 404 
    Cluster 30:
        A:LYS 415 
    Cluster 31:
        A:LYS 419 
    Cluster 32:
        A:LYS 454 
    Cluster 33:
        A:LYS 467 
    Cluster 34:
        A:HID 246 
        A:GLU 258 
    Cluster 35:
        A:HID 361 
    Cluster 36:
        A:HID 375 
        A:GLU 334 
        A:TYR 326 : HH 
    Cluster 37:
        A:HID 396 
    Cluster 38:
        A:THR 240 : HG1
    Cluster 39:
        A:THR 243 : HG1
    Cluster 40:
        A:SER 265 : HG 
    Cluster 41:
        A:THR 267 : HG1
    Cluster 42:
        A:THR 272 : HG1
    Cluster 43:
        A:THR 277 : HG1
    Cluster 44:
        A:CYS 305 : HG 
    Cluster 45:
        A:THR 306 : HG1
        A:GLU 236 
    Cluster 46:
        A:TYR 312 : HH 
    Cluster 47:
        A:THR 315 : HG1
    Cluster 48:
        A:THR 319 : HG1
    Cluster 49:
        A:TYR 320 : HH 
    Cluster 50:
        A:CYS 330 : HG 
    Cluster 51:
        A:THR 345 : HG1
    Cluster 52:
        A:TYR 353 : HH 
    Cluster 53:
        A:CYS 369 : HG 
    Cluster 54:
        A:SER 385 : HG 
    Cluster 55:
        A:THR 389 : HG1
    Cluster 56:
        A:THR 392 : HG1
    Cluster 57:
        A:TYR 393 : HH 
    Cluster 58:
        A:THR 394 : HG1
    Cluster 59:
        A:THR 406 : HG1
    Cluster 60:
        A:SER 410 : HG 
        A:GLU 409 
        A:SER 420 : HG 
        A:SER 417 : HG 
    Cluster 61:
        A:TYR 413 : HH 
    Cluster 62:
        A:THR 434 : HG1
    Cluster 63:
        A:TYR 435 : HH 
    Cluster 64:
        A:SER 438 : HG 
    Cluster 65:
        A:TYR 440 : HH 
    Cluster 66:
        A:TYR 449 : HH 
    Cluster 67:
        A:TYR 456 : HH 
    Cluster 68:
        A:CYS 464 : HG 
    Cluster 69:
        A:TYR 469 : HH 
        A:GLU 459 
    Cluster 70:
        A:CYS 475 : HG 
    Cluster 71:
        A:SER 481 : HG 
    Cluster 72:
        A:SER 485 : HG 
        A:GLU 488 
        A:GLU 355 
    Cluster 73:
        A:SER 500 : HG 
    Cluster 74:
        A:SER 501 : HG 
    Cluster 75:
        A:TYR 253 : HH 
    Cluster 76:
        A:GLU 238 
    Cluster 77:
        A:ASP 241 
    Cluster 78:
        A:GLU 275 
    Cluster 79:
        A:ASP 276 
    Cluster 80:
        A:GLU 279 
        A:GLU 282 
    Cluster 81:
        A:GLU 281 
    Cluster 82:
        A:GLU 286 
    Cluster 83:
        A:GLU 292 
    Cluster 84:
        A:GLU 308 
    Cluster 85:
        A:GLU 329 
    Cluster 86:
        A:GLU 373 
    Cluster 87:
        A:ASP 381 
    Cluster 88:
        A:ASP 391 
    Cluster 89:
        A:ASP 421 
    Cluster 90:
        A:GLU 431 
    Cluster 91:
        A:GLU 450 
    Cluster 92:
        A:GLU 453 
    Cluster 93:
        A:ASP 455 
    Cluster 94:
        A:GLU 462 
    Cluster 95:
        A:GLU 466 
        A:GLU 470 
    Cluster 96:
        A:GLU 499 

Working on cluster #1...
    A:ASN 297  : 2 states
    A:SER 349 : HG  : 8 states
    A:TYR 342 : HH  : 5 states
    A:HID 295  : 6 states
    A:GLN 346  : 2 states

  Scoring exhaustively (960 potential combinations)...

  Cluster results:
    A:ASN 297  : No Flip
    A:SER 349 : HG  : Orientation 5/8
    A:TYR 342 : HH  : Orientation 1/4 (pKa = 10.65)
    A:HID 295  : HIE (pKa = 4.78)
    A:GLN 346  : No Flip

Working on cluster #2...
    A:GLN 300  : 2 states

  Scoring exhaustively (2 potential combinations)...

  Cluster results:
    A:GLN 300  : No Flip

Working on cluster #3...
    A:ASN 322  : 2 states
    A:ASP 325  : 3 states

  Scoring exhaustively (6 potential combinations)...
    No valid conformations found. Trying again with less strict requirements.

  Cluster results:
    A:ASN 322  : No Flip
    A:ASP 325  : Charged (pKa = 3.29)

Working on cluster #4...
    A:ASN 331  : 2 states

  Scoring exhaustively (2 potential combinations)...

  Cluster results:
    A:ASN 331  : No Flip

Working on cluster #5...
    A:GLN 333  : 2 states

  Scoring exhaustively (2 potential combinations)...

  Cluster results:
    A:GLN 333  : No Flip

Working on cluster #6...
    A:ASN 336  : 2 states

  Scoring exhaustively (2 potential combinations)...

  Cluster results:
    A:ASN 336  : No Flip

Working on cluster #7...
    A:ASN 358  : 2 states

  Scoring exhaustively (2 potential combinations)...

  Cluster results:
    A:ASN 358  : Flip

Working on cluster #8...
    A:ASN 368  : 2 states
    A:ASP 363  : 3 states

  Scoring exhaustively (6 potential combinations)...

  Cluster results:
    A:ASN 368  : No Flip
    A:ASP 363  : Charged (pKa = 3.74)

Working on cluster #9...
    A:ASN 374  : 2 states

  Scoring exhaustively (2 potential combinations)...

  Cluster results:
    A:ASN 374  : No Flip

Working on cluster #10...
    A:ASN 414  : 2 states

  Scoring exhaustively (2 potential combinations)...

  Cluster results:
    A:ASN 414  : No Flip

Working on cluster #11...
    A:GLN 447  : 2 states
    A:ASP 444  : 3 states
    A:SER 446 : HG  : 9 states

  Scoring exhaustively (54 potential combinations)...

  Cluster results:
    A:GLN 447  : No Flip
    A:ASP 444  : Charged (pKa = 1.81)
    A:SER 446 : HG  : Orientation 1/9

Working on cluster #12...
    A:GLN 477  : 2 states

  Scoring exhaustively (2 potential combinations)...

  Cluster results:
    A:GLN 477  : Flip

Working on cluster #13...
    A:ASN 479  : 2 states
    A:ASP 482  : 3 states

  Scoring exhaustively (6 potential combinations)...

  Cluster results:
    A:ASN 479  : Flip
    A:ASP 482  : Charged (pKa = 3.27)

Working on cluster #14...
    A:GLN 491  : 2 states
    A:THR 495 : HG1 : 5 states

  Scoring exhaustively (10 potential combinations)...

  Cluster results:
    A:GLN 491  : No Flip
    A:THR 495 : HG1 : Orientation 1/5

Working on cluster #15...
    A:GLN 498  : 2 states
    A:GLU 494  : 3 states
    A:GLU 352  : 3 states
    A:SER 348 : HG  : 10 states
    A:HID 490  : 6 states
    A:LYS 356  : 12 states

  Scoring exhaustively (12960 potential combinations)...
    No valid conformations found. Trying again with less strict requirements.

  Cluster results:
    A:GLN 498  : No Flip
    A:GLU 494  : Charged (pKa = 4.06)
    A:GLU 352  : Charged (pKa = 4.27)
    A:SER 348 : HG  : Stagger 3 10/10
    A:HID 490  : Flip HID (pKa = 6.05)
    A:LYS 356  : Orientation 1/2 (pKa = 11.01)

Working on cluster #16...
    A:GLN 252  : 2 states
    A:LYS 271  : 8 states

  Scoring exhaustively (16 potential combinations)...

  Cluster results:
    A:GLN 252  : Flip
    A:LYS 271  : Orientation 1/1 (pKa = 8.16)

Working on cluster #17...
    A:LYS 234  : 8 states

  Scoring exhaustively (8 potential combinations)...

  Cluster results:
    A:LYS 234  : Orientation 1/1 (pKa = 10.25)

Working on cluster #18...
    A:LYS 245  : 12 states

  Scoring exhaustively (12 potential combinations)...
    No valid conformations found. Trying again with less strict requirements.
    No valid conformations found. Trying again with less strict requirements.

  Cluster results:
    A:LYS 245  : Stagger (pKa = 10.55)

Working on cluster #19...
    A:LYS 247  : 8 states
    A:GLU 255  : 3 states
    A:TYR 257 : HH  : 4 states

  Scoring exhaustively (96 potential combinations)...

  Cluster results:
    A:LYS 247  : Orientation 1/1 (pKa = 11.62)
    A:GLU 255  : Charged (pKa = 3.14)
    A:TYR 257 : HH  : Orientation 1/3 (pKa = 11.01)

Working on cluster #20...
    A:LYS 262  : 8 states

  Scoring exhaustively (8 potential combinations)...

  Cluster results:
    A:LYS 262  : Orientation 1/1 (pKa = 10.28)

Working on cluster #21...
    A:LYS 263  : 8 states
    A:TYR 264 : HH  : 4 states

  Scoring exhaustively (32 potential combinations)...

  Cluster results:
    A:LYS 263  : Stagger (pKa = 11.32)
    A:TYR 264 : HH  : Default 1 2/3 (pKa = 9.53)

Working on cluster #22...
    A:LYS 274  : 8 states

  Scoring exhaustively (8 potential combinations)...

  Cluster results:
    A:LYS 274  : Orientation 1/1 (pKa = 10.44)

Working on cluster #23...
    A:LYS 285  : 8 states

  Scoring exhaustively (8 potential combinations)...

  Cluster results:
    A:LYS 285  : Orientation 1/1 (pKa = 10.68)

Working on cluster #24...
    A:LYS 291  : 8 states
    A:ASP 233  : 3 states

  Scoring exhaustively (24 potential combinations)...

  Cluster results:
    A:LYS 291  : Stagger (pKa = 9.8)
    A:ASP 233  : Charged (pKa = 7.46)

Working on cluster #25...
    A:LYS 294  : 12 states

  Scoring exhaustively (12 potential combinations)...

  Cluster results:
    A:LYS 294  : Orientation 1/2 (pKa = 10.44)

Working on cluster #26...
    A:LYS 357  : 8 states

  Scoring exhaustively (8 potential combinations)...

  Cluster results:
    A:LYS 357  : Orientation 1/1 (pKa = 10.54)

Working on cluster #27...
    A:LYS 378  : 16 states
    A:GLU 316  : 3 states

  Scoring exhaustively (48 potential combinations)...
    No valid conformations found. Trying again with less strict requirements.
    No valid conformations found. Trying again with less strict requirements.

  Cluster results:
    A:LYS 378  : Orientation 3/3 (pKa = 10.56)
    A:GLU 316  : Charged (pKa = 4.56)

Working on cluster #28...
    A:LYS 400  : 8 states

  Scoring exhaustively (8 potential combinations)...

  Cluster results:
    A:LYS 400  : Orientation 1/1 (pKa = 10.42)

Working on cluster #29...
    A:LYS 404  : 12 states

  Scoring exhaustively (12 potential combinations)...

  Cluster results:
    A:LYS 404  : Orientation 2/2 (pKa = 9.58)

Working on cluster #30...
    A:LYS 415  : 8 states

  Scoring exhaustively (8 potential combinations)...

  Cluster results:
    A:LYS 415  : Orientation 1/1 (pKa = 10.27)

Working on cluster #31...
    A:LYS 419  : 8 states

  Scoring exhaustively (8 potential combinations)...

  Cluster results:
    A:LYS 419  : Orientation 1/1 (pKa = 9.58)

Working on cluster #32...
    A:LYS 454  : 8 states

  Scoring exhaustively (8 potential combinations)...

  Cluster results:
    A:LYS 454  : Orientation 1/1 (pKa = 10.64)

Working on cluster #33...
    A:LYS 467  : 8 states

  Scoring exhaustively (8 potential combinations)...

  Cluster results:
    A:LYS 467  : Stagger (pKa = 10.64)

Working on cluster #34...
    A:HID 246  : 6 states
    A:GLU 258  : 3 states

  Scoring exhaustively (18 potential combinations)...

  Cluster results:
    A:HID 246  : Flip HID (pKa = 6.3)
    A:GLU 258  : Charged (pKa = 4.57)

Working on cluster #35...
    A:HID 361  : 6 states

  Scoring exhaustively (6 potential combinations)...

  Cluster results:
    A:HID 361  : HIE (pKa = 4.47)

Working on cluster #36...
    A:HID 375  : 6 states
    A:GLU 334  : 3 states
    A:TYR 326 : HH  : 6 states

  Scoring exhaustively (108 potential combinations)...

  Cluster results:
    A:HID 375  : Flip HIE (pKa = 5.92)
    A:GLU 334  : Charged (pKa = 4.56)
    A:TYR 326 : HH  : Orientation 2/5 (pKa = 11.97)

Working on cluster #37...
    A:HID 396  : 6 states

  Scoring exhaustively (6 potential combinations)...

  Cluster results:
    A:HID 396  : Flip HID (pKa = 6.27)

Working on cluster #38...
    A:THR 240 : HG1 : 5 states

  Scoring exhaustively (5 potential combinations)...

  Cluster results:
    A:THR 240 : HG1 : Stagger 1 3/5

Working on cluster #39...
    A:THR 243 : HG1 : 4 states

  Scoring exhaustively (4 potential combinations)...

  Cluster results:
    A:THR 243 : HG1 : Stagger 3 4/4

Working on cluster #40...
    A:SER 265 : HG  : 5 states

  Scoring exhaustively (5 potential combinations)...

  Cluster results:
    A:SER 265 : HG  : Stagger 1 3/5

Working on cluster #41...
    A:THR 267 : HG1 : 4 states

  Scoring exhaustively (4 potential combinations)...

  Cluster results:
    A:THR 267 : HG1 : Stagger 2 3/4

Working on cluster #42...
    A:THR 272 : HG1 : 5 states

  Scoring exhaustively (5 potential combinations)...

  Cluster results:
    A:THR 272 : HG1 : Stagger 1 3/5

Working on cluster #43...
    A:THR 277 : HG1 : 7 states

  Scoring exhaustively (7 potential combinations)...

  Cluster results:
    A:THR 277 : HG1 : Orientation 2/7

Working on cluster #44...
    A:CYS 305 : HG  : 8 states

  Scoring exhaustively (8 potential combinations)...

  Cluster results:
    A:CYS 305 : HG  : Stagger 3 7/7 (pKa = 11.49)

Working on cluster #45...
    A:THR 306 : HG1 : 7 states
    A:GLU 236  : 3 states

  Scoring exhaustively (21 potential combinations)...

  Cluster results:
    A:THR 306 : HG1 : Orientation 1/7
    A:GLU 236  : Charged (pKa = 3.84)

Working on cluster #46...
    A:TYR 312 : HH  : 5 states

  Scoring exhaustively (5 potential combinations)...

  Cluster results:
    A:TYR 312 : HH  : Orientation 2/4 (pKa = 11.06)

Working on cluster #47...
    A:THR 315 : HG1 : 8 states

  Scoring exhaustively (8 potential combinations)...

  Cluster results:
    A:THR 315 : HG1 : Stagger 1 7/8

Working on cluster #48...
    A:THR 319 : HG1 : 5 states

  Scoring exhaustively (5 potential combinations)...

  Cluster results:
    A:THR 319 : HG1 : Stagger 1 3/5

Working on cluster #49...
    A:TYR 320 : HH  : 4 states

  Scoring exhaustively (4 potential combinations)...

  Cluster results:
    A:TYR 320 : HH  : Orientation 1/3 (pKa = 10.41)

Working on cluster #50...
    A:CYS 330 : HG  : 7 states

  Scoring exhaustively (7 potential combinations)...

  Cluster results:
    A:CYS 330 : HG  : Orientation 1/6 (pKa = 10.35)

Working on cluster #51...
    A:THR 345 : HG1 : 7 states

  Scoring exhaustively (7 potential combinations)...

  Cluster results:
    A:THR 345 : HG1 : Orientation 1/7

Working on cluster #52...
    A:TYR 353 : HH  : 3 states

  Scoring exhaustively (3 potential combinations)...

  Cluster results:
    A:TYR 353 : HH  : Orientation 1/2 (pKa = 10.03)

Working on cluster #53...
    A:CYS 369 : HG  : 6 states

  Scoring exhaustively (6 potential combinations)...

  Cluster results:
    A:CYS 369 : HG  : Stagger 1 3/5 (pKa = 12.72)

Working on cluster #54...
    A:SER 385 : HG  : 6 states

  Scoring exhaustively (6 potential combinations)...

  Cluster results:
    A:SER 385 : HG  : Orientation 4/6

Working on cluster #55...
    A:THR 389 : HG1 : 5 states

  Scoring exhaustively (5 potential combinations)...

  Cluster results:
    A:THR 389 : HG1 : Orientation 1/5

Working on cluster #56...
    A:THR 392 : HG1 : 7 states

  Scoring exhaustively (7 potential combinations)...

  Cluster results:
    A:THR 392 : HG1 : Default 4/7

Working on cluster #57...
    A:TYR 393 : HH  : 4 states

  Scoring exhaustively (4 potential combinations)...

  Cluster results:
    A:TYR 393 : HH  : Default 1 2/3 (pKa = 9.72)

Working on cluster #58...
    A:THR 394 : HG1 : 8 states

  Scoring exhaustively (8 potential combinations)...

  Cluster results:
    A:THR 394 : HG1 : Orientation 5/8

Working on cluster #59...
    A:THR 406 : HG1 : 6 states

  Scoring exhaustively (6 potential combinations)...

  Cluster results:
    A:THR 406 : HG1 : Orientation 1/6

Working on cluster #60...
    A:SER 410 : HG  : 6 states
    A:GLU 409  : 3 states
    A:SER 420 : HG  : 8 states
    A:SER 417 : HG  : 10 states

  Scoring exhaustively (1440 potential combinations)...

  Cluster results:
    A:SER 410 : HG  : Orientation 1/6
    A:GLU 409  : Charged (pKa = 4.17)
    A:SER 420 : HG  : Stagger 3 8/8
    A:SER 417 : HG  : Orientation 7/10

Working on cluster #61...
    A:TYR 413 : HH  : 4 states

  Scoring exhaustively (4 potential combinations)...

  Cluster results:
    A:TYR 413 : HH  : Orientation 1/3 (pKa = 10.14)

Working on cluster #62...
    A:THR 434 : HG1 : 6 states

  Scoring exhaustively (6 potential combinations)...

  Cluster results:
    A:THR 434 : HG1 : Orientation 1/6

Working on cluster #63...
    A:TYR 435 : HH  : 3 states

  Scoring exhaustively (3 potential combinations)...

  Cluster results:
    A:TYR 435 : HH  : Orientation 1/2 (pKa = 11.27)

Working on cluster #64...
    A:SER 438 : HG  : 5 states

  Scoring exhaustively (5 potential combinations)...

  Cluster results:
    A:SER 438 : HG  : Stagger 2 4/5

Working on cluster #65...
    A:TYR 440 : HH  : 5 states

  Scoring exhaustively (5 potential combinations)...

  Cluster results:
    A:TYR 440 : HH  : Orientation 3/4 (pKa = 12.69)

Working on cluster #66...
    A:TYR 449 : HH  : 4 states

  Scoring exhaustively (4 potential combinations)...

  Cluster results:
    A:TYR 449 : HH  : Default 2 3/3 (pKa = 11.13)

Working on cluster #67...
    A:TYR 456 : HH  : 3 states

  Scoring exhaustively (3 potential combinations)...

  Cluster results:
    A:TYR 456 : HH  : Orientation 1/2 (pKa = 10.56)

Working on cluster #68...
    A:CYS 464 : HG  : 5 states

  Scoring exhaustively (5 potential combinations)...

  Cluster results:
    A:CYS 464 : HG  : Orientation 1/4 (pKa = 10.9)

Working on cluster #69...
    A:TYR 469 : HH  : 4 states
    A:GLU 459  : 3 states

  Scoring exhaustively (12 potential combinations)...

  Cluster results:
    A:TYR 469 : HH  : Orientation 1/3 (pKa = 10.72)
    A:GLU 459  : Charged (pKa = 4.14)

Working on cluster #70...
    A:CYS 475 : HG  : 6 states

  Scoring exhaustively (6 potential combinations)...

  Cluster results:
    A:CYS 475 : HG  : Orientation 1/5 (pKa = 12.39)

Working on cluster #71...
    A:SER 481 : HG  : 5 states

  Scoring exhaustively (5 potential combinations)...

  Cluster results:
    A:SER 481 : HG  : Stagger 2 4/5

Working on cluster #72...
    A:SER 485 : HG  : 11 states
    A:GLU 488  : 3 states
    A:GLU 355  : 3 states

  Scoring exhaustively (99 potential combinations)...

  Cluster results:
    A:SER 485 : HG  : Orientation 7/11
    A:GLU 488  : Charged (pKa = 3.56)
    A:GLU 355  : Charged (pKa = 5.06)

Working on cluster #73...
    A:SER 500 : HG  : 5 states

  Scoring exhaustively (5 potential combinations)...

  Cluster results:
    A:SER 500 : HG  : Stagger 1 3/5

Working on cluster #74...
    A:SER 501 : HG  : 6 states

  Scoring exhaustively (6 potential combinations)...

  Cluster results:
    A:SER 501 : HG  : Orientation 2/6

Working on cluster #75...
    A:TYR 253 : HH  : 5 states

  Scoring exhaustively (5 potential combinations)...

  Cluster results:
    A:TYR 253 : HH  : Orientation 1/4 (pKa = 11.34)

Working on cluster #76...
    A:GLU 238  : 3 states

  Scoring exhaustively (3 potential combinations)...

  Cluster results:
    A:GLU 238  : Charged (pKa = 4.83)

Working on cluster #77...
    A:ASP 241  : 3 states

  Scoring exhaustively (3 potential combinations)...

  Cluster results:
    A:ASP 241  : Charged (pKa = 3.66)

Working on cluster #78...
    A:GLU 275  : 3 states

  Scoring exhaustively (3 potential combinations)...

  Cluster results:
    A:GLU 275  : Charged (pKa = 4.57)

Working on cluster #79...
    A:ASP 276  : 3 states

  Scoring exhaustively (3 potential combinations)...

  Cluster results:
    A:ASP 276  : Charged (pKa = 4.08)

Working on cluster #80...
    A:GLU 279  : 3 states
    A:GLU 282  : 3 states

  Scoring exhaustively (9 potential combinations)...

  Cluster results:
    A:GLU 279  : Charged (pKa = 4.75)
    A:GLU 282  : Charged (pKa = 5.7)

Working on cluster #81...
    A:GLU 281  : 3 states

  Scoring exhaustively (3 potential combinations)...

  Cluster results:
    A:GLU 281  : Charged (pKa = 4.48)

Working on cluster #82...
    A:GLU 286  : 3 states

  Scoring exhaustively (3 potential combinations)...

  Cluster results:
    A:GLU 286  : Charged (pKa = 7.26)

Working on cluster #83...
    A:GLU 292  : 3 states

  Scoring exhaustively (3 potential combinations)...

  Cluster results:
    A:GLU 292  : Charged (pKa = 3.71)

Working on cluster #84...
    A:GLU 308  : 3 states

  Scoring exhaustively (3 potential combinations)...

  Cluster results:
    A:GLU 308  : Charged (pKa = 4.08)

Working on cluster #85...
    A:GLU 329  : 3 states

  Scoring exhaustively (3 potential combinations)...

  Cluster results:
    A:GLU 329  : Charged (pKa = 4.88)

Working on cluster #86...
    A:GLU 373  : 3 states

  Scoring exhaustively (3 potential combinations)...

  Cluster results:
    A:GLU 373  : Charged (pKa = 4.63)

Working on cluster #87...
    A:ASP 381  : 3 states

  Scoring exhaustively (3 potential combinations)...

  Cluster results:
    A:ASP 381  : Neutral 2 (pKa = 8.25)

Working on cluster #88...
    A:ASP 391  : 3 states

  Scoring exhaustively (3 potential combinations)...

  Cluster results:
    A:ASP 391  : Charged (pKa = 3.97)

Working on cluster #89...
    A:ASP 421  : 3 states

  Scoring exhaustively (3 potential combinations)...

  Cluster results:
    A:ASP 421  : Neutral 1 (pKa = 8.12)

Working on cluster #90...
    A:GLU 431  : 3 states

  Scoring exhaustively (3 potential combinations)...

  Cluster results:
    A:GLU 431  : Charged (pKa = 6.22)

Working on cluster #91...
    A:GLU 450  : 3 states

  Scoring exhaustively (3 potential combinations)...

  Cluster results:
    A:GLU 450  : Charged (pKa = 4.56)

Working on cluster #92...
    A:GLU 453  : 3 states

  Scoring exhaustively (3 potential combinations)...

  Cluster results:
    A:GLU 453  : Charged (pKa = 4.88)

Working on cluster #93...
    A:ASP 455  : 3 states

  Scoring exhaustively (3 potential combinations)...

  Cluster results:
    A:ASP 455  : Charged (pKa = 3.54)

Working on cluster #94...
    A:GLU 462  : 3 states

  Scoring exhaustively (3 potential combinations)...

  Cluster results:
    A:GLU 462  : Charged (pKa = 4.53)

Working on cluster #95...
    A:GLU 466  : 3 states
    A:GLU 470  : 3 states

  Scoring exhaustively (9 potential combinations)...

  Cluster results:
    A:GLU 466  : Charged (pKa = 4.45)
    A:GLU 470  : Charged (pKa = 5.06)

Working on cluster #96...
    A:GLU 499  : 3 states

  Scoring exhaustively (3 potential combinations)...

  Cluster results:
    A:GLU 499  : Charged (pKa = 4.54)


Recalculating pKas to identify changes in protonation penalties...
  Running PropKa to get pKas
    Updating protonation penalties for A:HID 396 : pKa 7.07
    The following clusters have new protonation state penalties, and will be re-run:
        37

Working on cluster #37...
    A:HID 396  : 6 states

  Scoring exhaustively (6 potential combinations)...

  Cluster results:
    A:HID 396  : Flip HID (pKa = 7.07)

Minimizing hydrogens...

Total score for structure: -126.027221515

Final pKas:
  A:LYS 234  : 10.25
  A:LYS 245  : 10.55
  A:LYS 247  : 11.62
  A:LYS 262  : 10.28
  A:LYS 263  : 11.32
  A:LYS 271  : 8.16
  A:LYS 274  : 10.44
  A:LYS 285  : 10.68
  A:LYS 291  : 9.80
  A:LYS 294  : 10.44
  A:LYS 356  : 11.01
  A:LYS 357  : 10.54
  A:LYS 378  : 10.56
  A:LYS 400  : 10.42
  A:LYS 404  : 9.58
  A:LYS 415  : 10.27
  A:LYS 419  : 9.58
  A:LYS 454  : 10.64
  A:LYS 467  : 10.64
  A:HID 246  : 6.52
  A:HID 295  : 4.78
  A:HID 361  : 4.47
  A:HID 375  : 6.64
  A:HID 396  : 7.07
  A:HID 490  : 6.37
  A:TYR 257 : HH  : 11.01
  A:TYR 264 : HH  : 9.53
  A:CYS 305 : HG  : 11.49
  A:TYR 312 : HH  : 11.06
  A:TYR 320 : HH  : 10.41
  A:TYR 326 : HH  : 12.01
  A:CYS 330 : HG  : 10.35
  A:TYR 342 : HH  : 10.65
  A:TYR 353 : HH  : 10.03
  A:CYS 369 : HG  : 12.72
  A:TYR 393 : HH  : 9.72
  A:TYR 413 : HH  : 10.14
  A:TYR 435 : HH  : 11.27
  A:TYR 440 : HH  : 12.69
  A:TYR 449 : HH  : 11.13
  A:TYR 456 : HH  : 10.56
  A:CYS 464 : HG  : 10.90
  A:TYR 469 : HH  : 10.72
  A:CYS 475 : HG  : 12.39
  A:TYR 253 : HH  : 11.34
  A:ASP 233  : 7.46
  A:GLU 236  : 3.84
  A:GLU 238  : 4.83
  A:ASP 241  : 3.66
  A:GLU 255  : 3.14
  A:GLU 258  : 4.34
  A:GLU 275  : 4.57
  A:ASP 276  : 4.08
  A:GLU 279  : 4.75
  A:GLU 281  : 4.48
  A:GLU 282  : 5.70
  A:GLU 286  : 7.26
  A:GLU 292  : 3.71
  A:GLU 308  : 4.08
  A:GLU 316  : 4.56
  A:ASP 325  : 3.29
  A:GLU 329  : 4.88
  A:GLU 334  : 3.83
  A:GLU 352  : 4.29
  A:GLU 355  : 5.06
  A:ASP 363  : 3.74
  A:GLU 373  : 4.63
  A:ASP 381  : 8.25
  A:ASP 391  : 3.97
  A:GLU 409  : 4.17
  A:ASP 421  : 8.12
  A:GLU 431  : 6.22
  A:ASP 444  : 1.81
  A:GLU 450  : 4.56
  A:GLU 453  : 4.88
  A:ASP 455  : 3.54
  A:GLU 459  : 4.14
  A:GLU 462  : 4.53
  A:GLU 466  : 4.45
  A:GLU 470  : 5.06
  A:ASP 482  : 4.05
  A:GLU 488  : 3.56
  A:GLU 494  : 4.06
  A:GLU 499  : 4.54
Structure extracted from file: 3UE4-protassign.mae
Output structure will be written to: 3UE4-protassign-out.mae

Complete. Output file: 3UE4-protassign-out.mae
