
** Heavy-atom coordinates will be fixed: maxlevel set to 0
  **
  ** Beginning refinement level 0
  **

%IMPACT-I (openwt): Request to open FORMATTED file 3UE4-impref_ref0.out on unit   2
 Entering IMPACT execution environment 
 Date: Friday, June 01 2018, at 13:21:13 EDT
 Impact version 78011
 mmshare version        41011
 Copyright (c) Schrodinger, LLC.
 All Rights Reserved.

 Host: Linux ls17 3.10.0-514.21.2.el7.x86_64 #1 SMP Tue Jun 20 12:24:47 UTC 2017 x86_64
 Job Name: 3UE4-impref_ref0
 SCHRODINGER  directory: /data/chodera/schrodinger/schrodinger2018-1-advanced
 IMPACT_EXEC  directory: /data/chodera/schrodinger/schrodinger2018-1-advanced/impact-v7.8/bin/Linux-x86_64
 MMSHARE_EXEC directory: /data/chodera/schrodinger/schrodinger2018-1-advanced/mmshare-v4.1/bin/Linux-x86_64

 Clock-based global random seed:     1527873673
%IMPACT-I(foldmain): calling OPLS3 atomtyping ...
%IMPACT-I(foldmain): finished parameter assignment
 PARM read from file "paramstd.dat"
 Parameter obtained from atomtyping
      Current coord. are written to file: "3UE4-impref.init_coord.rst"
      Box dimensions not written


 Total number of atoms  =  4423
 
 Neighbor List Cutoff Settings
 ==================================
 Cutoff radius:   10.0000000000000     
 Update frequency: every           10  steps
 Species   1 : Neighbors are calculated on a per residue basis
 Species   1 : Cutoff by inter-atomic distances
 
 Step number:          0         Non-bonded count:  1046667
 E-pot        RMS grad     Max grad    
 -6.34798E+03  1.16590E+01  2.76139E+02
 Step number:         10         Non-bonded count:  1046667
 -6.97823E+03  1.24926E+00  4.18601E+01
 Step number:         20         Non-bonded count:  1046667
 -7.05422E+03  6.95829E-01  3.07208E+01
 Step number:         30         Non-bonded count:  1046667
 -7.08417E+03  3.56118E-01  7.36433E+00
 Step number:         40         Non-bonded count:  1046667
 -7.09655E+03  2.43855E-01  7.94297E+00
 Step number:         50         Non-bonded count:  1046667
 -7.10218E+03  1.88314E-01  3.88467E+00
 Step number:         60         Non-bonded count:  1046667
 -7.10586E+03  1.47950E-01  3.46900E+00
 Step number:         70         Non-bonded count:  1046667
 -7.10951E+03  1.95711E-01  4.63929E+00
 Step number:         80         Non-bonded count:  1046667
 -7.11251E+03  1.45176E-01  2.92824E+00
 Step number:         90         Non-bonded count:  1046667
 -7.11468E+03  1.25004E-01  3.03648E+00
 Step number:        100         Non-bonded count:  1046667
 -7.11619E+03  1.23697E-01  3.79410E+00
 Step number:        100         Non-bonded count:  1046667
 -7.11619E+03  1.23697E-01  3.79410E+00
      Current coord. are written to file: "3UE4-impref.min0_coord.rst"
      Box dimensions not written
      Current coordinates are read from file: "3UE4-impref.init_coord.rst"
      Box dimensions not read
          read from "3UE4-impref.init_coord.rst"
  
 Energy and Force Generation Info: 
 --------------------------------- 
 Number of E&F called:     257
 PARM read from file "paramstd.dat"
 Parameter obtained from atomtyping
      Current coordinates are read from file: "3UE4-impref.min0_coord.rst"
      Box dimensions not read
          read from "3UE4-impref.min0_coord.rst"


 Total number of atoms  =  4423
 
 Neighbor List Cutoff Settings
 ==================================
 Cutoff radius:   10.0000000000000     
 Update frequency: every           10  steps
 Species   1 : Neighbors are calculated on a per residue basis
 Species   1 : Cutoff by inter-atomic distances
 
 Step number:          0         Non-bonded count:  1046667
 E-pot        RMS grad     Max grad    
 -5.88322E+03  3.05394E+00  2.93717E+01
 Step number:         10         Non-bonded count:  1046667
 -6.64294E+03  1.43239E+00  1.69051E+01
 Step number:         20         Non-bonded count:  1046667
 -6.74513E+03  7.26740E-01  1.99060E+01
 Step number:         30         Non-bonded count:  1046667
 -6.79315E+03  6.05640E-01  1.04469E+01
 Step number:         40         Non-bonded count:  1046667
 -6.81672E+03  3.72765E-01  1.00078E+01
 Step number:         50         Non-bonded count:  1046667
 -6.82286E+03  1.75369E-01  6.72626E+00
 Step number:         60         Non-bonded count:  1046667
 -6.82482E+03  1.29921E-01  2.97811E+00
 Step number:         70         Non-bonded count:  1046667
 -6.82646E+03  1.61654E-01  3.79803E+00
 Step number:         80         Non-bonded count:  1046667
 -6.82831E+03  8.95127E-02  2.03391E+00
 Step number:         90         Non-bonded count:  1046667
 -6.82887E+03  6.55481E-02  1.60076E+00
 Step number:        100         Non-bonded count:  1046667
 -6.82935E+03  6.16875E-02  1.74574E+00
 Step number:        100         Non-bonded count:  1046667
 -6.82935E+03  6.16875E-02  1.74574E+00
  
 Energy and Force Generation Info: 
 --------------------------------- 
 Number of E&F called:     547


Final Energy Reports:
------------------------------------
 Total Energy of the system...... -6.82935E+03 kcal/mol
 Total Potential Energy.......... -6.82935E+03 kcal/mol
 Total Kinetic Energy............  0.00000E+00 kcal/mol
 Temperature of the system.......        0.000 K
 Bond Stretch Energy.............  1.21928E+01 kcal/mol
 Angle Bending Energy............  2.66241E+02 kcal/mol
 Torsion Angle Energy............  1.36627E+02 kcal/mol
 Restraining Energy for Torsions.  0.00000E+00 kcal/mol
 1,4 Lennard Jones Energy........  4.30293E+02 kcal/mol
 1,4 Electrostatic Energy........ -2.61266E+02 kcal/mol
 Lennard Jones Energy............ -4.74942E+02 kcal/mol
 Electrostatic Energy............ -6.93849E+03 kcal/mol
 H-bond Energy...................  0.00000E+00 kcal/mol
 
 Exiting IMPACT execution environment 
 Date: Friday, June 01 2018, at 13:21:32 EDT
%IMPACT-I (timit): Total CPU time =      18.59 seconds (   0.3 minutes)
Total elapsed time = 20 seconds
  ** Completed refinement level 0      rmsd =  0.066

** Refinement finished. Final level: 0

** The refined complex file is 3UE4-impref_ref.mae.
