  Running PropKa to get pKas

Clusters to optimize:
    Cluster 1:
        A:ASN 1093 
        A:ASP 1107 
        A:SER 1106 : HG 
        A:SER 1104 : HG 
    Cluster 2:
        A:ASN 1095 
    Cluster 3:
        A:ASN 1115 
    Cluster 4:
        A:GLN 1134 
    Cluster 5:
        A:ASN 1140 
    Cluster 6:
        A:GLN 1146 
    Cluster 7:
        A:GLN 1159 
    Cluster 8:
        A:ASN 1175 
    Cluster 9:
        A:GLN 1177 
        A:HID 1176 
        A:ASN 1178 
    Cluster 10:
        A:GLN 1188 
    Cluster 11:
        A:GLN 1217 
    Cluster 12:
        A:GLN 1238 
    Cluster 13:
        A:ASN 1243 
    Cluster 14:
        A:ASN 1254 
        A:ASP 1270 
        A:ASP 1249 
    Cluster 15:
        A:ASN 1335 
    Cluster 16:
        A:GLN 1336 
        A:GLU 1340 
    Cluster 17:
        A:ASN 1353 
    Cluster 18:
        A:GLN 1364 
    Cluster 19:
        A:GLN 1367 
    Cluster 20:
        A:GLN 1369 
        A:GLU 1371 
        A:HID 1368 
    Cluster 21:
        A:ASN 1375 
    Cluster 22:
        A:GLN 1388 
    Cluster 23:
        A:ASN 1394 
    Cluster 24:
        A:LYS 1114 
    Cluster 25:
        A:LYS 1150 
        A:GLU 1167 
    Cluster 26:
        A:LYS 1173 
    Cluster 27:
        A:LYS 1205 
    Cluster 28:
        A:LYS 1267 
        A:GLU 1197 
    Cluster 29:
        A:LYS 1285 
    Cluster 30:
        A:LYS 1294 
    Cluster 31:
        A:LYS 1309 
    Cluster 32:
        A:LYS 1333 
    Cluster 33:
        A:LYS 1352 
    Cluster 34:
        A:LYS 1101 
    Cluster 35:
        A:LYS 1109 
    Cluster 36:
        A:HID 1124 
    Cluster 37:
        A:HID 1228 
    Cluster 38:
        A:HID 1244 
    Cluster 39:
        A:HID 1247 
    Cluster 40:
        A:TYR 1096 : HH 
    Cluster 41:
        A:CYS 1097 : HG 
        A:TYR 1278 : HH 
        A:THR 1102 : HG1
    Cluster 42:
        A:SER 1103 : HG 
    Cluster 43:
        A:THR 1117 : HG1
    Cluster 44:
        A:TYR 1131 : HH 
        A:GLU 1129 
    Cluster 45:
        A:SER 1136 : HG 
    Cluster 46:
        A:SER 1143 : HG 
    Cluster 47:
        A:THR 1151 : HG1
    Cluster 48:
        A:CYS 1156 : HG 
    Cluster 49:
        A:SER 1157 : HG 
        A:ASP 1160 
    Cluster 50:
        A:SER 1172 : HG 
        A:CYS 1182 : HG 
    Cluster 51:
        A:SER 1186 : HG 
    Cluster 52:
        A:SER 1189 : HG 
    Cluster 53:
        A:SER 1206 : HG 
        A:ASP 1203 
    Cluster 54:
        A:THR 1211 : HG1
    Cluster 55:
        A:SER 1216 : HG 
    Cluster 56:
        A:SER 1219 : HG 
    Cluster 57:
        A:SER 1220 : HG 
    Cluster 58:
        A:CYS 1235 : HG 
    Cluster 59:
        A:CYS 1237 : HG 
    Cluster 60:
        A:TYR 1239 : HH 
    Cluster 61:
        A:CYS 1255 : HG 
    Cluster 62:
        A:THR 1258 : HG1
    Cluster 63:
        A:CYS 1259 : HG 
    Cluster 64:
        A:TYR 1282 : HH 
    Cluster 65:
        A:TYR 1283 : HH 
    Cluster 66:
        A:CYS 1288 : HG 
    Cluster 67:
        A:THR 1307 : HG1
    Cluster 68:
        A:SER 1308 : HG 
    Cluster 69:
        A:THR 1310 : HG1
    Cluster 70:
        A:THR 1312 : HG1
    Cluster 71:
        A:SER 1314 : HG 
    Cluster 72:
        A:SER 1324 : HG 
    Cluster 73:
        A:TYR 1327 : HH 
        A:GLU 1400 
    Cluster 74:
        A:TYR 1330 : HH 
    Cluster 75:
        A:SER 1332 : HG 
    Cluster 76:
        A:SER 1334 : HG 
        A:GLU 1337 
    Cluster 77:
        A:THR 1343 : HG1
    Cluster 78:
        A:SER 1344 : HG 
    Cluster 79:
        A:CYS 1354 : HG 
    Cluster 80:
        A:TYR 1359 : HH 
    Cluster 81:
        A:THR 1363 : HG1
    Cluster 82:
        A:CYS 1365 : HG 
    Cluster 83:
        A:TYR 1385 : HH 
    Cluster 84:
        A:CYS 1386 : HG 
    Cluster 85:
        A:THR 1387 : HG1
    Cluster 86:
        A:THR 1395 : HG1
    Cluster 87:
        A:TYR 1401 : HH 
    Cluster 88:
        A:GOL 1501 : HO1
        A:GOL 1501 : HO3
        A:GOL 1501 : HO2
    Cluster 89:
        A:GOL 1502 : HO1
        A:GOL 1502 : HO3
        A:GOL 1502 : HO2
    Cluster 90:
        A:GLU 1110 
    Cluster 91:
        A:GLU 1132 
    Cluster 92:
        A:ASP 1141 
    Cluster 93:
        A:GLU 1154 
    Cluster 94:
        A:GLU 1158 
    Cluster 95:
        A:GLU 1161 
    Cluster 96:
        A:ASP 1163 
    Cluster 97:
        A:GLU 1210 
    Cluster 98:
        A:ASP 1225 
    Cluster 99:
        A:ASP 1232 
    Cluster 100:
        A:GLU 1241 
    Cluster 101:
        A:GLU 1242 
    Cluster 102:
        A:ASP 1276 
    Cluster 103:
        A:GLU 1299 
    Cluster 104:
        A:GLU 1303 
    Cluster 105:
        A:ASP 1311 
    Cluster 106:
        A:GLU 1321 
    Cluster 107:
        A:ASP 1349 
    Cluster 108:
        A:ASP 1372 
    Cluster 109:
        A:GLU 1381 
    Cluster 110:
        A:GLU 1384 
    Cluster 111:
        A:ASP 1389 
    Cluster 112:
        A:ASP 1391 

Working on cluster #1...
    A:ASN 1093  : 2 states
    A:ASP 1107  : 3 states
    A:SER 1106 : HG  : 5 states
    A:SER 1104 : HG  : 6 states

  Scoring exhaustively (180 potential combinations)...

  Cluster results:
    A:ASN 1093  : Flip
    A:ASP 1107  : Charged (pKa = 3.22)
    A:SER 1106 : HG  : Stagger 2 4/5
    A:SER 1104 : HG  : Orientation 3/6

Working on cluster #2...
    A:ASN 1095  : 2 states

  Scoring exhaustively (2 potential combinations)...

  Cluster results:
    A:ASN 1095  : Flip

Working on cluster #3...
    A:ASN 1115  : 2 states

  Scoring exhaustively (2 potential combinations)...
    No valid conformations found. Trying again with less strict requirements.

  Cluster results:
    A:ASN 1115  : Flip

Working on cluster #4...
    A:GLN 1134  : 2 states

  Scoring exhaustively (2 potential combinations)...

  Cluster results:
    A:GLN 1134  : No Flip

Working on cluster #5...
    A:ASN 1140  : 2 states

  Scoring exhaustively (2 potential combinations)...

  Cluster results:
    A:ASN 1140  : No Flip

Working on cluster #6...
    A:GLN 1146  : 2 states

  Scoring exhaustively (2 potential combinations)...

  Cluster results:
    A:GLN 1146  : No Flip

Working on cluster #7...
    A:GLN 1159  : 2 states

  Scoring exhaustively (2 potential combinations)...

  Cluster results:
    A:GLN 1159  : Flip

Working on cluster #8...
    A:ASN 1175  : 2 states

  Scoring exhaustively (2 potential combinations)...

  Cluster results:
    A:ASN 1175  : No Flip

Working on cluster #9...
    A:GLN 1177  : 2 states
    A:HID 1176  : 6 states
    A:ASN 1178  : 2 states

  Scoring exhaustively (24 potential combinations)...
    No valid conformations found. Trying again with less strict requirements.
    No valid conformations found. Trying again with less strict requirements.

  Cluster results:
    A:GLN 1177  : Flip
    A:HID 1176  : Flip HID (pKa = 4.86)
    A:ASN 1178  : No Flip

Working on cluster #10...
    A:GLN 1188  : 2 states

  Scoring exhaustively (2 potential combinations)...

  Cluster results:
    A:GLN 1188  : No Flip

Working on cluster #11...
    A:GLN 1217  : 2 states

  Scoring exhaustively (2 potential combinations)...

  Cluster results:
    A:GLN 1217  : No Flip

Working on cluster #12...
    A:GLN 1238  : 2 states

  Scoring exhaustively (2 potential combinations)...

  Cluster results:
    A:GLN 1238  : No Flip

Working on cluster #13...
    A:ASN 1243  : 2 states

  Scoring exhaustively (2 potential combinations)...

  Cluster results:
    A:ASN 1243  : No Flip

Working on cluster #14...
    A:ASN 1254  : 2 states
    A:ASP 1270  : 3 states
    A:ASP 1249  : 3 states

  Scoring exhaustively (18 potential combinations)...

  Cluster results:
    A:ASN 1254  : Flip
    A:ASP 1270  : Charged (pKa = 2.47)
    A:ASP 1249  : Charged (pKa = 6.58)

Working on cluster #15...
    A:ASN 1335  : 2 states

  Scoring exhaustively (2 potential combinations)...
    No valid conformations found. Trying again with less strict requirements.

  Cluster results:
    A:ASN 1335  : No Flip

Working on cluster #16...
    A:GLN 1336  : 2 states
    A:GLU 1340  : 3 states

  Scoring exhaustively (6 potential combinations)...

  Cluster results:
    A:GLN 1336  : No Flip
    A:GLU 1340  : Charged (pKa = 3.95)

Working on cluster #17...
    A:ASN 1353  : 2 states

  Scoring exhaustively (2 potential combinations)...

  Cluster results:
    A:ASN 1353  : No Flip

Working on cluster #18...
    A:GLN 1364  : 2 states

  Scoring exhaustively (2 potential combinations)...
    No valid conformations found. Trying again with less strict requirements.

  Cluster results:
    A:GLN 1364  : No Flip

Working on cluster #19...
    A:GLN 1367  : 2 states

  Scoring exhaustively (2 potential combinations)...

  Cluster results:
    A:GLN 1367  : Flip

Working on cluster #20...
    A:GLN 1369  : 2 states
    A:GLU 1371  : 3 states
    A:HID 1368  : 6 states

  Scoring exhaustively (36 potential combinations)...

  Cluster results:
    A:GLN 1369  : Flip
    A:GLU 1371  : Charged (pKa = 3.96)
    A:HID 1368  : HIE (pKa = 5.93)

Working on cluster #21...
    A:ASN 1375  : 2 states

  Scoring exhaustively (2 potential combinations)...
    No valid conformations found. Trying again with less strict requirements.

  Cluster results:
    A:ASN 1375  : Flip

Working on cluster #22...
    A:GLN 1388  : 2 states

  Scoring exhaustively (2 potential combinations)...

  Cluster results:
    A:GLN 1388  : Flip

Working on cluster #23...
    A:ASN 1394  : 2 states

  Scoring exhaustively (2 potential combinations)...

  Cluster results:
    A:ASN 1394  : Flip

Working on cluster #24...
    A:LYS 1114  : 16 states

  Scoring exhaustively (16 potential combinations)...

  Cluster results:
    A:LYS 1114  : Orientation 1/3 (pKa = 10.3)

Working on cluster #25...
    A:LYS 1150  : 16 states
    A:GLU 1167  : 3 states

  Scoring exhaustively (48 potential combinations)...
    No valid conformations found. Trying again with less strict requirements.
    No valid conformations found. Trying again with less strict requirements.

  Cluster results:
    A:LYS 1150  : Stagger (pKa = 11.45)
    A:GLU 1167  : Charged (pKa = 3.87)

Working on cluster #26...
    A:LYS 1173  : 12 states

  Scoring exhaustively (12 potential combinations)...
    No valid conformations found. Trying again with less strict requirements.
    No valid conformations found. Trying again with less strict requirements.

  Cluster results:
    A:LYS 1173  : Orientation 2/2 (pKa = 9.9)

Working on cluster #27...
    A:LYS 1205  : 20 states

  Scoring exhaustively (20 potential combinations)...
    No valid conformations found. Trying again with less strict requirements.
    No valid conformations found. Trying again with less strict requirements.

  Cluster results:
    A:LYS 1205  : Orientation 1/4 (pKa = 9.3)

Working on cluster #28...
    A:LYS 1267  : 24 states
    A:GLU 1197  : 3 states

  Scoring exhaustively (72 potential combinations)...
    No valid conformations found. Trying again with less strict requirements.
    No valid conformations found. Trying again with less strict requirements.

  Cluster results:
    A:LYS 1267  : Orientation 1/5 (pKa = 10.4)
    A:GLU 1197  : Charged (pKa = 4.11)

Working on cluster #29...
    A:LYS 1285  : 12 states

  Scoring exhaustively (12 potential combinations)...

  Cluster results:
    A:LYS 1285  : Stagger (pKa = 10.09)

Working on cluster #30...
    A:LYS 1294  : 12 states

  Scoring exhaustively (12 potential combinations)...

  Cluster results:
    A:LYS 1294  : Orientation 2/2 (pKa = 9.39)

Working on cluster #31...
    A:LYS 1309  : 24 states

  Scoring exhaustively (24 potential combinations)...
    No valid conformations found. Trying again with less strict requirements.

  Cluster results:
    A:LYS 1309  : Orientation 4/5 (pKa = 9.74)

Working on cluster #32...
    A:LYS 1333  : 8 states

  Scoring exhaustively (8 potential combinations)...

  Cluster results:
    A:LYS 1333  : Orientation 1/1 (pKa = 10.28)

Working on cluster #33...
    A:LYS 1352  : 12 states

  Scoring exhaustively (12 potential combinations)...
    No valid conformations found. Trying again with less strict requirements.

  Cluster results:
    A:LYS 1352  : Stagger (pKa = 10.51)

Working on cluster #34...
    A:LYS 1101  : 12 states

  Scoring exhaustively (12 potential combinations)...

  Cluster results:
    A:LYS 1101  : Stagger (pKa = 10.28)

Working on cluster #35...
    A:LYS 1109  : 12 states

  Scoring exhaustively (12 potential combinations)...

  Cluster results:
    A:LYS 1109  : Stagger (pKa = 10.26)

Working on cluster #36...
    A:HID 1124  : 6 states

  Scoring exhaustively (6 potential combinations)...

  Cluster results:
    A:HID 1124  : HID (pKa = 6.48)

Working on cluster #37...
    A:HID 1228  : 6 states

  Scoring exhaustively (6 potential combinations)...

  Cluster results:
    A:HID 1228  : HIE (pKa = 5.47)

Working on cluster #38...
    A:HID 1244  : 6 states

  Scoring exhaustively (6 potential combinations)...

  Cluster results:
    A:HID 1244  : Flip HID (pKa = 6.29)

Working on cluster #39...
    A:HID 1247  : 6 states

  Scoring exhaustively (6 potential combinations)...

  Cluster results:
    A:HID 1247  : HIE (pKa = 4.39)

Working on cluster #40...
    A:TYR 1096 : HH  : 5 states

  Scoring exhaustively (5 potential combinations)...

  Cluster results:
    A:TYR 1096 : HH  : Default 1 3/4 (pKa = 13.32)

Working on cluster #41...
    A:CYS 1097 : HG  : 9 states
    A:TYR 1278 : HH  : 4 states
    A:THR 1102 : HG1 : 6 states

  Scoring exhaustively (216 potential combinations)...

  Cluster results:
    A:CYS 1097 : HG  : Orientation 2/8 (pKa = 8.48)
    A:TYR 1278 : HH  : Orientation 1/3 (pKa = 10.91)
    A:THR 1102 : HG1 : Stagger 3 6/6

Working on cluster #42...
    A:SER 1103 : HG  : 8 states

  Scoring exhaustively (8 potential combinations)...

  Cluster results:
    A:SER 1103 : HG  : Orientation 5/8

Working on cluster #43...
    A:THR 1117 : HG1 : 5 states

  Scoring exhaustively (5 potential combinations)...

  Cluster results:
    A:THR 1117 : HG1 : Stagger 1 3/5

Working on cluster #44...
    A:TYR 1131 : HH  : 6 states
    A:GLU 1129  : 3 states

  Scoring exhaustively (18 potential combinations)...

  Cluster results:
    A:TYR 1131 : HH  : Orientation 1/5 (pKa = 11.19)
    A:GLU 1129  : Charged (pKa = 4.12)

Working on cluster #45...
    A:SER 1136 : HG  : 7 states

  Scoring exhaustively (7 potential combinations)...

  Cluster results:
    A:SER 1136 : HG  : Orientation 3/7

Working on cluster #46...
    A:SER 1143 : HG  : 6 states

  Scoring exhaustively (6 potential combinations)...

  Cluster results:
    A:SER 1143 : HG  : Orientation 1/6

Working on cluster #47...
    A:THR 1151 : HG1 : 7 states

  Scoring exhaustively (7 potential combinations)...

  Cluster results:
    A:THR 1151 : HG1 : Orientation 1/7

Working on cluster #48...
    A:CYS 1156 : HG  : 7 states

  Scoring exhaustively (7 potential combinations)...

  Cluster results:
    A:CYS 1156 : HG  : Orientation 1/6 (pKa = 10.24)

Working on cluster #49...
    A:SER 1157 : HG  : 11 states
    A:ASP 1160  : 3 states

  Scoring exhaustively (33 potential combinations)...

  Cluster results:
    A:SER 1157 : HG  : Orientation 4/11
    A:ASP 1160  : Charged (pKa = 2.75)

Working on cluster #50...
    A:SER 1172 : HG  : 9 states
    A:CYS 1182 : HG  : 7 states

  Scoring exhaustively (63 potential combinations)...

  Cluster results:
    A:SER 1172 : HG  : Orientation 2/9
    A:CYS 1182 : HG  : Stagger 3 6/6 (pKa = 11.28)

Working on cluster #51...
    A:SER 1186 : HG  : 8 states

  Scoring exhaustively (8 potential combinations)...

  Cluster results:
    A:SER 1186 : HG  : Orientation 3/8

Working on cluster #52...
    A:SER 1189 : HG  : 8 states

  Scoring exhaustively (8 potential combinations)...

  Cluster results:
    A:SER 1189 : HG  : Stagger 1 6/8

Working on cluster #53...
    A:SER 1206 : HG  : 10 states
    A:ASP 1203  : 3 states

  Scoring exhaustively (30 potential combinations)...

  Cluster results:
    A:SER 1206 : HG  : Orientation 4/10
    A:ASP 1203  : Charged (pKa = 3.62)

Working on cluster #54...
    A:THR 1211 : HG1 : 5 states

  Scoring exhaustively (5 potential combinations)...

  Cluster results:
    A:THR 1211 : HG1 : Orientation 1/5

Working on cluster #55...
    A:SER 1216 : HG  : 3 states

  Scoring exhaustively (3 potential combinations)...

  Cluster results:
    A:SER 1216 : HG  : Stagger 3 3/3

Working on cluster #56...
    A:SER 1219 : HG  : 5 states

  Scoring exhaustively (5 potential combinations)...

  Cluster results:
    A:SER 1219 : HG  : Stagger 1 3/5

Working on cluster #57...
    A:SER 1220 : HG  : 10 states

  Scoring exhaustively (10 potential combinations)...

  Cluster results:
    A:SER 1220 : HG  : Orientation 5/10

Working on cluster #58...
    A:CYS 1235 : HG  : 7 states

  Scoring exhaustively (7 potential combinations)...

  Cluster results:
    A:CYS 1235 : HG  : Default 3/6 (pKa = 10.43)

Working on cluster #59...
    A:CYS 1237 : HG  : 8 states

  Scoring exhaustively (8 potential combinations)...

  Cluster results:
    A:CYS 1237 : HG  : Orientation 1/7 (pKa = 14.29)

Working on cluster #60...
    A:TYR 1239 : HH  : 5 states

  Scoring exhaustively (5 potential combinations)...

  Cluster results:
    A:TYR 1239 : HH  : Default 2 4/4 (pKa = 10.66)

Working on cluster #61...
    A:CYS 1255 : HG  : 6 states

  Scoring exhaustively (6 potential combinations)...

  Cluster results:
    A:CYS 1255 : HG  : Stagger 1 3/5 (pKa = 12.88)

Working on cluster #62...
    A:THR 1258 : HG1 : 8 states

  Scoring exhaustively (8 potential combinations)...

  Cluster results:
    A:THR 1258 : HG1 : Orientation 5/8

Working on cluster #63...
    A:CYS 1259 : HG  : 6 states

  Scoring exhaustively (6 potential combinations)...

  Cluster results:
    A:CYS 1259 : HG  : Stagger 1 3/5 (pKa = 9.03)

Working on cluster #64...
    A:TYR 1282 : HH  : 5 states

  Scoring exhaustively (5 potential combinations)...

  Cluster results:
    A:TYR 1282 : HH  : Orientation 1/4 (pKa = 10.06)

Working on cluster #65...
    A:TYR 1283 : HH  : 4 states

  Scoring exhaustively (4 potential combinations)...

  Cluster results:
    A:TYR 1283 : HH  : Orientation 1/3 (pKa = 11.38)

Working on cluster #66...
    A:CYS 1288 : HG  : 6 states

  Scoring exhaustively (6 potential combinations)...

  Cluster results:
    A:CYS 1288 : HG  : Stagger 3 5/5 (pKa = 9.2)

Working on cluster #67...
    A:THR 1307 : HG1 : 8 states

  Scoring exhaustively (8 potential combinations)...

  Cluster results:
    A:THR 1307 : HG1 : Orientation 2/8

Working on cluster #68...
    A:SER 1308 : HG  : 9 states

  Scoring exhaustively (9 potential combinations)...

  Cluster results:
    A:SER 1308 : HG  : Orientation 2/9

Working on cluster #69...
    A:THR 1310 : HG1 : 8 states

  Scoring exhaustively (8 potential combinations)...
    No valid conformations found. Trying again with less strict requirements.

  Cluster results:
    A:THR 1310 : HG1 : Orientation 5/8

Working on cluster #70...
    A:THR 1312 : HG1 : 5 states

  Scoring exhaustively (5 potential combinations)...

  Cluster results:
    A:THR 1312 : HG1 : Stagger 1 3/5

Working on cluster #71...
    A:SER 1314 : HG  : 10 states

  Scoring exhaustively (10 potential combinations)...

  Cluster results:
    A:SER 1314 : HG  : Stagger 2 9/10

Working on cluster #72...
    A:SER 1324 : HG  : 11 states

  Scoring exhaustively (11 potential combinations)...

  Cluster results:
    A:SER 1324 : HG  : Stagger 3 11/11

Working on cluster #73...
    A:TYR 1327 : HH  : 5 states
    A:GLU 1400  : 3 states

  Scoring exhaustively (15 potential combinations)...

  Cluster results:
    A:TYR 1327 : HH  : Orientation 1/4 (pKa = 10.32)
    A:GLU 1400  : Charged (pKa = 3.15)

Working on cluster #74...
    A:TYR 1330 : HH  : 5 states

  Scoring exhaustively (5 potential combinations)...

  Cluster results:
    A:TYR 1330 : HH  : Orientation 1/4 (pKa = 12.71)

Working on cluster #75...
    A:SER 1332 : HG  : 6 states

  Scoring exhaustively (6 potential combinations)...

  Cluster results:
    A:SER 1332 : HG  : Orientation 1/6

Working on cluster #76...
    A:SER 1334 : HG  : 9 states
    A:GLU 1337  : 3 states

  Scoring exhaustively (27 potential combinations)...

  Cluster results:
    A:SER 1334 : HG  : Orientation 6/9
    A:GLU 1337  : Charged (pKa = 3.57)

Working on cluster #77...
    A:THR 1343 : HG1 : 9 states

  Scoring exhaustively (9 potential combinations)...

  Cluster results:
    A:THR 1343 : HG1 : Stagger 3 9/9

Working on cluster #78...
    A:SER 1344 : HG  : 7 states

  Scoring exhaustively (7 potential combinations)...

  Cluster results:
    A:SER 1344 : HG  : Stagger 1 5/7

Working on cluster #79...
    A:CYS 1354 : HG  : 5 states

  Scoring exhaustively (5 potential combinations)...

  Cluster results:
    A:CYS 1354 : HG  : Orientation 1/4 (pKa = 12.03)

Working on cluster #80...
    A:TYR 1359 : HH  : 5 states

  Scoring exhaustively (5 potential combinations)...

  Cluster results:
    A:TYR 1359 : HH  : Orientation 2/4 (pKa = 11.24)

Working on cluster #81...
    A:THR 1363 : HG1 : 7 states

  Scoring exhaustively (7 potential combinations)...

  Cluster results:
    A:THR 1363 : HG1 : Orientation 1/7

Working on cluster #82...
    A:CYS 1365 : HG  : 7 states

  Scoring exhaustively (7 potential combinations)...

  Cluster results:
    A:CYS 1365 : HG  : Orientation 1/6 (pKa = 12.54)

Working on cluster #83...
    A:TYR 1385 : HH  : 4 states

  Scoring exhaustively (4 potential combinations)...

  Cluster results:
    A:TYR 1385 : HH  : Orientation 1/3 (pKa = 10.17)

Working on cluster #84...
    A:CYS 1386 : HG  : 7 states

  Scoring exhaustively (7 potential combinations)...

  Cluster results:
    A:CYS 1386 : HG  : Stagger 1 4/6 (pKa = 11.14)

Working on cluster #85...
    A:THR 1387 : HG1 : 6 states

  Scoring exhaustively (6 potential combinations)...

  Cluster results:
    A:THR 1387 : HG1 : Stagger 3 6/6

Working on cluster #86...
    A:THR 1395 : HG1 : 6 states

  Scoring exhaustively (6 potential combinations)...

  Cluster results:
    A:THR 1395 : HG1 : Orientation 1/6

Working on cluster #87...
    A:TYR 1401 : HH  : 3 states

  Scoring exhaustively (3 potential combinations)...

  Cluster results:
    A:TYR 1401 : HH  : Orientation 1/2 (pKa = 10.04)

Working on cluster #88...
    A:GOL 1501 : HO1 : 5 states
    A:GOL 1501 : HO3 : 9 states
    A:GOL 1501 : HO2 : 6 states

  Scoring exhaustively (270 potential combinations)...

  Cluster results:
    A:GOL 1501 : HO1 : Stagger 3 5/5
    A:GOL 1501 : HO3 : Orientation 1/9
    A:GOL 1501 : HO2 : Stagger 2 5/6

Working on cluster #89...
    A:GOL 1502 : HO1 : 7 states
    A:GOL 1502 : HO3 : 5 states
    A:GOL 1502 : HO2 : 6 states

  Scoring exhaustively (210 potential combinations)...

  Cluster results:
    A:GOL 1502 : HO1 : Orientation 1/7
    A:GOL 1502 : HO3 : Orientation 3/5
    A:GOL 1502 : HO2 : Orientation 2/6

Working on cluster #90...
    A:GLU 1110  : 3 states

  Scoring exhaustively (3 potential combinations)...

  Cluster results:
    A:GLU 1110  : Charged (pKa = 4.16)

Working on cluster #91...
    A:GLU 1132  : 3 states

  Scoring exhaustively (3 potential combinations)...

  Cluster results:
    A:GLU 1132  : Charged (pKa = 4.53)

Working on cluster #92...
    A:ASP 1141  : 3 states

  Scoring exhaustively (3 potential combinations)...

  Cluster results:
    A:ASP 1141  : Charged (pKa = 3.92)

Working on cluster #93...
    A:GLU 1154  : 3 states

  Scoring exhaustively (3 potential combinations)...

  Cluster results:
    A:GLU 1154  : Charged (pKa = 4.75)

Working on cluster #94...
    A:GLU 1158  : 3 states

  Scoring exhaustively (3 potential combinations)...

  Cluster results:
    A:GLU 1158  : Charged (pKa = 4.59)

Working on cluster #95...
    A:GLU 1161  : 3 states

  Scoring exhaustively (3 potential combinations)...

  Cluster results:
    A:GLU 1161  : Charged (pKa = 3.56)

Working on cluster #96...
    A:ASP 1163  : 3 states

  Scoring exhaustively (3 potential combinations)...

  Cluster results:
    A:ASP 1163  : Charged (pKa = 3.47)

Working on cluster #97...
    A:GLU 1210  : 3 states

  Scoring exhaustively (3 potential combinations)...

  Cluster results:
    A:GLU 1210  : Charged (pKa = 4.63)

Working on cluster #98...
    A:ASP 1225  : 3 states

  Scoring exhaustively (3 potential combinations)...

  Cluster results:
    A:ASP 1225  : Charged (pKa = 2.98)

Working on cluster #99...
    A:ASP 1232  : 3 states

  Scoring exhaustively (3 potential combinations)...

  Cluster results:
    A:ASP 1232  : Charged (pKa = 4.92)

Working on cluster #100...
    A:GLU 1241  : 3 states

  Scoring exhaustively (3 potential combinations)...

  Cluster results:
    A:GLU 1241  : Charged (pKa = 5.07)

Working on cluster #101...
    A:GLU 1242  : 3 states

  Scoring exhaustively (3 potential combinations)...

  Cluster results:
    A:GLU 1242  : Charged (pKa = 4.75)

Working on cluster #102...
    A:ASP 1276  : 3 states

  Scoring exhaustively (3 potential combinations)...

  Cluster results:
    A:ASP 1276  : Charged (pKa = 4.61)

Working on cluster #103...
    A:GLU 1299  : 3 states

  Scoring exhaustively (3 potential combinations)...

  Cluster results:
    A:GLU 1299  : Charged (pKa = 3.76)

Working on cluster #104...
    A:GLU 1303  : 3 states

  Scoring exhaustively (3 potential combinations)...

  Cluster results:
    A:GLU 1303  : Charged (pKa = 4.62)

Working on cluster #105...
    A:ASP 1311  : 3 states

  Scoring exhaustively (3 potential combinations)...

  Cluster results:
    A:ASP 1311  : Charged (pKa = 6.48)

Working on cluster #106...
    A:GLU 1321  : 3 states

  Scoring exhaustively (3 potential combinations)...

  Cluster results:
    A:GLU 1321  : Charged (pKa = 6.32)

Working on cluster #107...
    A:ASP 1349  : 3 states

  Scoring exhaustively (3 potential combinations)...

  Cluster results:
    A:ASP 1349  : Charged (pKa = 3.95)

Working on cluster #108...
    A:ASP 1372  : 3 states

  Scoring exhaustively (3 potential combinations)...

  Cluster results:
    A:ASP 1372  : Charged (pKa = 4.1)

Working on cluster #109...
    A:GLU 1381  : 3 states

  Scoring exhaustively (3 potential combinations)...

  Cluster results:
    A:GLU 1381  : Charged (pKa = 4.62)

Working on cluster #110...
    A:GLU 1384  : 3 states

  Scoring exhaustively (3 potential combinations)...

  Cluster results:
    A:GLU 1384  : Charged (pKa = 4.98)

Working on cluster #111...
    A:ASP 1389  : 3 states

  Scoring exhaustively (3 potential combinations)...

  Cluster results:
    A:ASP 1389  : Charged (pKa = 3.81)

Working on cluster #112...
    A:ASP 1391  : 3 states

  Scoring exhaustively (3 potential combinations)...

  Cluster results:
    A:ASP 1391  : Charged (pKa = 4.19)


Recalculating pKas to identify changes in protonation penalties...
  Running PropKa to get pKas
    No changes in protonation penalties found.

Minimizing hydrogens...

Total score for structure: -162.184303468

Final pKas:
  A:LYS 1114  : 10.30
  A:LYS 1150  : 11.45
  A:LYS 1173  : 9.90
  A:LYS 1205  : 9.30
  A:LYS 1267  : 10.40
  A:LYS 1285  : 10.09
  A:LYS 1294  : 9.39
  A:LYS 1309  : 9.74
  A:LYS 1333  : 10.28
  A:LYS 1352  : 10.51
  A:LYS 1101  : 10.28
  A:LYS 1109  : 10.26
  A:HID 1124  : 6.48
  A:HID 1176  : 4.86
  A:HID 1228  : 5.47
  A:HID 1244  : 6.29
  A:HID 1247  : 5.34
  A:HID 1368  : 5.93
  A:TYR 1096 : HH  : 13.32
  A:CYS 1097 : HG  : 8.48
  A:TYR 1131 : HH  : 11.19
  A:CYS 1156 : HG  : 10.24
  A:CYS 1182 : HG  : 11.28
  A:CYS 1235 : HG  : 10.43
  A:CYS 1237 : HG  : 14.29
  A:TYR 1239 : HH  : 10.66
  A:CYS 1255 : HG  : 12.88
  A:CYS 1259 : HG  : 9.03
  A:TYR 1278 : HH  : 10.91
  A:TYR 1282 : HH  : 10.06
  A:TYR 1283 : HH  : 11.38
  A:CYS 1288 : HG  : 9.20
  A:TYR 1327 : HH  : 10.32
  A:TYR 1330 : HH  : 12.71
  A:CYS 1354 : HG  : 12.03
  A:TYR 1359 : HH  : 11.24
  A:CYS 1365 : HG  : 12.55
  A:TYR 1385 : HH  : 10.17
  A:CYS 1386 : HG  : 11.14
  A:TYR 1401 : HH  : 10.04
  A:ASP 1107  : 3.22
  A:GLU 1110  : 4.16
  A:GLU 1129  : 4.12
  A:GLU 1132  : 4.53
  A:ASP 1141  : 3.92
  A:GLU 1154  : 4.75
  A:GLU 1158  : 4.59
  A:ASP 1160  : 2.75
  A:GLU 1161  : 3.56
  A:ASP 1163  : 3.47
  A:GLU 1167  : 3.87
  A:GLU 1197  : 4.11
  A:ASP 1203  : 3.62
  A:GLU 1210  : 4.63
  A:ASP 1225  : 2.98
  A:ASP 1232  : 4.92
  A:GLU 1241  : 5.07
  A:GLU 1242  : 4.75
  A:ASP 1249  : 6.05
  A:ASP 1270  : 2.47
  A:ASP 1276  : 4.61
  A:GLU 1299  : 3.76
  A:GLU 1303  : 4.62
  A:ASP 1311  : 5.57
  A:GLU 1321  : 6.39
  A:GLU 1337  : 3.57
  A:GLU 1340  : 3.95
  A:ASP 1349  : 3.95
  A:GLU 1371  : 3.97
  A:ASP 1372  : 4.10
  A:GLU 1381  : 4.62
  A:GLU 1384  : 4.98
  A:ASP 1389  : 3.81
  A:ASP 1391  : 4.19
  A:GLU 1400  : 3.15
Structure extracted from file: 4MKC-protassign.mae
Output structure will be written to: 4MKC-protassign-out.mae

Complete. Output file: 4MKC-protassign-out.mae
