
** Heavy-atom coordinates will be fixed: maxlevel set to 0
  **
  ** Beginning refinement level 0
  **

%IMPACT-I (openwt): Request to open FORMATTED file 2GQG-impref_ref0.out on unit   2
 Entering IMPACT execution environment 
 Date: Wednesday, November 30 2016, at 21:20:45 EST
 Impact version 72014
 mmshare version        35014
 Copyright (c) Schrodinger, LLC.
 All Rights Reserved.

 Host: Linux cc05.local 2.6.32-573.18.1.el6.x86_64 #1 SMP Tue Feb 9 22:46:17 UTC 2016 x86_64
 Job Name: 2GQG-impref_ref0
 SCHRODINGER  directory: /cbio/jclab/share/schrodinger/schrodinger2016-3
 IMPACT_EXEC  directory: /cbio/jclab/share/schrodinger/schrodinger2016-3/impact-v7.2/bin/Linux-x86_64
 MMSHARE_EXEC directory: /cbio/jclab/share/schrodinger/schrodinger2016-3/mmshare-v3.5/bin/Linux-x86_64

 Clock-based global random seed:     1480558844
%IMPACT-I(foldmain): calling OPLS_2005 atomtyping ...
%IMPACT-I(foldmain): finished parameter assignment
 PARM read from file "paramstd.dat"
 Parameter obtained from atomtyping
      Current coord. are written to file: "2GQG-impref.init_coord.rst"
      Box dimensions not written


 Total number of atoms  =  4964
 
 Neighbor List Cutoff Settings
 ==================================
 Cutoff radius:   10.0000000000000     
 Update frequency: every           10  steps
 Species   1 : Neighbors are calculated on a per residue basis
 Species   1 : Cutoff by inter-atomic distances
 
 Step number:          0         Non-bonded count:  1177999
 E-pot        RMS grad     Max grad    
 -5.61325E+03  3.34871E+02  1.59321E+04
 Step number:         10         Non-bonded count:  1177999
 -1.18713E+04  1.86675E+00  6.96361E+01
 Step number:         20         Non-bonded count:  1177999
 -1.21146E+04  1.23332E+00  2.03902E+01
 Step number:         30         Non-bonded count:  1177999
 -1.22745E+04  9.31939E-01  1.37577E+01
 Step number:         40         Non-bonded count:  1177999
 -1.23538E+04  1.06449E+00  3.64061E+01
 Step number:         50         Non-bonded count:  1177999
 -1.24199E+04  9.42038E-01  2.96779E+01
 Step number:         60         Non-bonded count:  1177999
 -1.24612E+04  6.55812E-01  1.22434E+01
 Step number:         70         Non-bonded count:  1177999
 -1.24956E+04  6.11974E-01  1.37827E+01
 Step number:         80         Non-bonded count:  1177999
 -1.25223E+04  4.80763E-01  1.14177E+01
 Step number:         90         Non-bonded count:  1177999
 -1.25383E+04  4.58636E-01  8.59350E+00
 Step number:        100         Non-bonded count:  1177999
 -1.25492E+04  3.37645E-01  8.34323E+00
 Step number:        100         Non-bonded count:  1177999
 -1.25492E+04  3.37645E-01  8.34323E+00
      Current coord. are written to file: "2GQG-impref.min0_coord.rst"
      Box dimensions not written
      Current coordinates are read from file: "2GQG-impref.init_coord.rst"
      Box dimensions not read
          read from "2GQG-impref.init_coord.rst"
  
 Energy and Force Generation Info: 
 --------------------------------- 
 Number of E&F called:     325
 PARM read from file "paramstd.dat"
 Parameter obtained from atomtyping
      Current coordinates are read from file: "2GQG-impref.min0_coord.rst"
      Box dimensions not read
          read from "2GQG-impref.min0_coord.rst"


 Total number of atoms  =  4964
 
 Neighbor List Cutoff Settings
 ==================================
 Cutoff radius:   10.0000000000000     
 Update frequency: every           10  steps
 Species   1 : Neighbors are calculated on a per residue basis
 Species   1 : Cutoff by inter-atomic distances
 
 Step number:          0         Non-bonded count:  1177999
 E-pot        RMS grad     Max grad    
 -1.13988E+04  2.94070E+00  2.68018E+01
 Step number:         10         Non-bonded count:  1177999
 -1.21606E+04  1.78574E+00  6.69363E+01
 Step number:         20         Non-bonded count:  1177999
 -1.22464E+04  6.02079E-01  1.70757E+01
 Step number:         30         Non-bonded count:  1177999
 -1.22760E+04  6.00588E-01  1.52337E+01
 Step number:         40         Non-bonded count:  1177999
 -1.22907E+04  2.81337E-01  6.44559E+00
 Step number:         50         Non-bonded count:  1177999
 -1.22999E+04  3.02273E-01  7.06854E+00
 Step number:         60         Non-bonded count:  1177999
 -1.23040E+04  2.19215E-01  5.21862E+00
 Step number:         70         Non-bonded count:  1177999
 -1.23068E+04  1.79052E-01  6.63059E+00
 Step number:         80         Non-bonded count:  1177999
 -1.23087E+04  1.42259E-01  5.61753E+00
 Step number:         90         Non-bonded count:  1177999
 -1.23101E+04  1.20084E-01  3.24423E+00
 Step number:        100         Non-bonded count:  1177999
 -1.23113E+04  1.17227E-01  2.52102E+00
 Step number:        100         Non-bonded count:  1177999
 -1.23113E+04  1.17227E-01  2.52102E+00
  
 Energy and Force Generation Info: 
 --------------------------------- 
 Number of E&F called:     597


Final Energy Reports:
------------------------------------
 Total Energy of the system...... -1.23113E+04 kcal/mol
 Total Potential Energy.......... -1.23113E+04 kcal/mol
 Total Kinetic Energy............  0.00000E+00 kcal/mol
 Temperature of the system.......        0.000 K
 Bond Stretch Energy.............  2.13704E+01 kcal/mol
 Angle Bending Energy............  2.90789E+02 kcal/mol
 Torsion Angle Energy............  1.21775E+02 kcal/mol
 Restraining Energy for Torsions.  0.00000E+00 kcal/mol
 1,4 Lennard Jones Energy........  3.94684E+02 kcal/mol
 1,4 Electrostatic Energy........ -2.79250E+02 kcal/mol
 Lennard Jones Energy............ -3.43446E+02 kcal/mol
 Electrostatic Energy............ -1.25172E+04 kcal/mol
 H-bond Energy...................  0.00000E+00 kcal/mol
 
 Exiting IMPACT execution environment 
 Date: Wednesday, November 30 2016, at 21:21:07 EST
%IMPACT-I (timit): Total CPU time =      22.15 seconds (   0.4 minutes)
Total elapsed time = 24 seconds
  ** Completed refinement level 0      rmsd =  0.033

** Refinement finished. Final level: 0

** The refined complex file is 2GQG-impref_ref.mae.
