
Working on structure 1
Fixing common structure mistakes...
  No mistakes were found
Pre-treating metals...
Done treating metals
Assigning bond orders...
  Using CCD: True
CCD template assignment successfully used for HET "1N1 "
  Assigned the following bonds (format: atom1, atom2, order): set([(2262, 2261, 2), (2281, 2280, 2), (2267, 2284, 2), (2279, 2263, 2), (2268, 2285, 2), (2258, 2257, 2), (2265, 2266, 2), (2259, 2283, 2), (2275, 2276, 2)])
Adding hydrogens...
Treating metals...
Creating di-sulfur bonds...
Converting Selenomethionines...
Detecting missing residue atoms...
Filling missing loops using Prime...
Prime output file: /cbio/jclab/home/albaness/github/PDBfinder/pdbs/Dasatinib-BCR-ABL/fixed/2GQG-fixed/2gqg-missing-loops-out.maegz
Capping protein termini...
Replacing oxygen 4628 because it is trans
CapTermini:     Added NMA Cap: A:500A
CapTermini:     Added ACE Cap: A:222
  The following terminal residues have been capped: A:500, A:223
Finding het groups...
Coloring atoms by element (green carbons in hets)...
Finding het groups (for Epik)...
Processing 1 het groups...
  Using Epik with pH: 7.4
        and pH Range: 0.0
  Max states per het: 32
Running Epik on 1 het groups...
  Waiting for epik...
  Het A:1N1 (501): keeping all 1 state(s):
    State penalty: 0.33 kcal/mol; H-Bond count: 1.
Running ProtAssign...
  Uses -minimize option in ProtAssign
  Using PROPKA with pH: 7.4
  RUNNING: /cbio/jclab/share/schrodinger/schrodinger2016-3/utilities/protassign 2GQG-protassign.mae 2GQG-protassign-out.mae -NOJOBID -nowater -minimize -propka_pH 7.4
Optimize H-bond job completed.
Running restrained minimization...
  RMSD: 0.3
  Force field: 2005
  hydrogens only
done with preparation
Writing to file...
DONE. Output file: ../2GQG-fixed.pdb
