
** Heavy-atom coordinates will be fixed: maxlevel set to 0
  **
  ** Beginning refinement level 0
  **

%IMPACT-I (openwt): Request to open FORMATTED file 4ANS-impref_ref0.out on unit   2
 Entering IMPACT execution environment 
 Date: Thursday, December 21 2017, at 16:57:55 EST
 Impact version 77011
 mmshare version        40011
 Copyright (c) Schrodinger, LLC.
 All Rights Reserved.

 Host: Linux ls04 3.10.0-514.21.2.el7.x86_64 #1 SMP Tue Jun 20 12:24:47 UTC 2017 x86_64
 Job Name: 4ANS-impref_ref0
 SCHRODINGER  directory: /data/chodera/schrodinger/schrodinger2017-4-advanced
 IMPACT_EXEC  directory: /data/chodera/schrodinger/schrodinger2017-4-advanced/impact-v7.7/bin/Linux-x86_64
 MMSHARE_EXEC directory: /data/chodera/schrodinger/schrodinger2017-4-advanced/mmshare-v4.0/bin/Linux-x86_64

 Clock-based global random seed:     1513893474
%IMPACT-I(foldmain): calling OPLS3 atomtyping ...
%IMPACT-I(foldmain): finished parameter assignment
 PARM read from file "paramstd.dat"
 Parameter obtained from atomtyping
      Current coord. are written to file: "4ANS-impref.init_coord.rst"
      Box dimensions not written


 Total number of atoms  =  4904
 
 Neighbor List Cutoff Settings
 ==================================
 Cutoff radius:   10.0000000000000     
 Update frequency: every           10  steps
 Species   1 : Neighbors are calculated on a per residue basis
 Species   1 : Cutoff by inter-atomic distances
 
 Step number:          0         Non-bonded count:  1150753
 E-pot        RMS grad     Max grad    
 -7.05001E+03  2.56607E+01  7.20644E+02
 Step number:         10         Non-bonded count:  1150753
 -8.03009E+03  1.17249E+00  2.66597E+01
 Step number:         20         Non-bonded count:  1150753
 -8.11749E+03  8.21975E-01  1.67474E+01
 Step number:         30         Non-bonded count:  1150753
 -8.15331E+03  3.93065E-01  9.42443E+00
 Step number:         40         Non-bonded count:  1150753
 -8.16753E+03  4.72060E-01  2.18122E+01
 Step number:         50         Non-bonded count:  1150753
 -8.17670E+03  2.68229E-01  6.38386E+00
 Step number:         60         Non-bonded count:  1150753
 -8.18313E+03  2.07539E-01  6.01801E+00
 Step number:         70         Non-bonded count:  1150753
 -8.18665E+03  2.04140E-01  7.76599E+00
 Step number:         80         Non-bonded count:  1150753
 -8.18912E+03  1.81846E-01  5.39377E+00
 Step number:         90         Non-bonded count:  1150753
 -8.19139E+03  1.66374E-01  4.33756E+00
 Step number:        100         Non-bonded count:  1150753
 -8.19334E+03  1.48777E-01  4.32886E+00
 Step number:        100         Non-bonded count:  1150753
 -8.19334E+03  1.48777E-01  4.32886E+00
      Current coord. are written to file: "4ANS-impref.min0_coord.rst"
      Box dimensions not written
      Current coordinates are read from file: "4ANS-impref.init_coord.rst"
      Box dimensions not read
          read from "4ANS-impref.init_coord.rst"
  
 Energy and Force Generation Info: 
 --------------------------------- 
 Number of E&F called:     260
 PARM read from file "paramstd.dat"
 Parameter obtained from atomtyping
      Current coordinates are read from file: "4ANS-impref.min0_coord.rst"
      Box dimensions not read
          read from "4ANS-impref.min0_coord.rst"


 Total number of atoms  =  4904
 
 Neighbor List Cutoff Settings
 ==================================
 Cutoff radius:   10.0000000000000     
 Update frequency: every           10  steps
 Species   1 : Neighbors are calculated on a per residue basis
 Species   1 : Cutoff by inter-atomic distances
 
 Step number:          0         Non-bonded count:  1150753
 E-pot        RMS grad     Max grad    
 -7.07710E+03  2.71280E+00  2.45801E+01
 Step number:         10         Non-bonded count:  1150753
 -7.79944E+03  1.73960E+00  8.34533E+01
 Step number:         20         Non-bonded count:  1150753
 -7.93182E+03  9.30161E-01  3.51960E+01
 Step number:         30         Non-bonded count:  1150753
 -7.96334E+03  3.84117E-01  8.38055E+00
 Step number:         40         Non-bonded count:  1150753
 -7.97184E+03  3.70808E-01  1.78379E+01
 Step number:         50         Non-bonded count:  1150753
 -7.97751E+03  2.33497E-01  1.07823E+01
 Step number:         60         Non-bonded count:  1150753
 -7.97956E+03  1.35856E-01  4.13905E+00
 Step number:         70         Non-bonded count:  1150753
 -7.98119E+03  1.28637E-01  3.54626E+00
 Step number:         80         Non-bonded count:  1150753
 -7.98237E+03  1.41140E-01  6.51207E+00
 Step number:         90         Non-bonded count:  1150753
 -7.98350E+03  9.88763E-02  2.72466E+00
 Step number:        100         Non-bonded count:  1150753
 -7.98442E+03  1.59443E-01  8.24744E+00
 Step number:        100         Non-bonded count:  1150753
 -7.98442E+03  1.59443E-01  8.24744E+00
  
 Energy and Force Generation Info: 
 --------------------------------- 
 Number of E&F called:     549


Final Energy Reports:
------------------------------------
 Total Energy of the system...... -7.98442E+03 kcal/mol
 Total Potential Energy.......... -7.98442E+03 kcal/mol
 Total Kinetic Energy............  0.00000E+00 kcal/mol
 Temperature of the system.......        0.000 K
 Bond Stretch Energy.............  1.58971E+01 kcal/mol
 Angle Bending Energy............  2.63659E+02 kcal/mol
 Torsion Angle Energy............  6.09203E+01 kcal/mol
 Restraining Energy for Torsions.  0.00000E+00 kcal/mol
 1,4 Lennard Jones Energy........  4.35839E+02 kcal/mol
 1,4 Electrostatic Energy........ -3.89717E+02 kcal/mol
 Lennard Jones Energy............ -5.42591E+02 kcal/mol
 Electrostatic Energy............ -7.82843E+03 kcal/mol
 H-bond Energy...................  0.00000E+00 kcal/mol
 
 Exiting IMPACT execution environment 
 Date: Thursday, December 21 2017, at 16:58:14 EST
%IMPACT-I (timit): Total CPU time =      19.49 seconds (   0.3 minutes)
Total elapsed time = 20 seconds
  ** Completed refinement level 0      rmsd =  0.028

** Refinement finished. Final level: 0

** The refined complex file is 4ANS-impref_ref.mae.
