
Working on structure 1
Fixing common structure mistakes...
  No mistakes were found
Pre-treating metals...
Done treating metals
Assigning bond orders...
  Using CCD: True
CCD template assignment successfully used for HET "STI "
CCD template assignment successfully used for HET "3YY "
  Assigned the following bonds (format: atom1, atom2, order): set([(2195, 2188, 2), (2150, 2149, 2), (2172, 2171, 2), (2156, 2155, 2), (2184, 2183, 2), (2166, 2181, 2), (2197, 2201, 2), (2185, 2189, 2), (2198, 2205, 2), (2152, 2157, 2), (2186, 2193, 2), (2159, 2164, 2), (2170, 2169, 2), (2146, 2151, 2), (2148, 2147, 2), (2196, 2190, 2), (2199, 2206, 2), (2168, 2167, 2), (2187, 2191, 2), (2154, 2153, 2), (2163, 2162, 2), (2192, 2194, 2), (2161, 2160, 2)])
Adding hydrogens...
Treating metals...
Creating di-sulfur bonds...
Converting Selenomethionines...
Detecting missing residue atoms...
Filling missing side chains using Prime...
Prime output file: /cbio/jclab/home/albaness/github/PDBfinder/pdbs/Imatinib-BCR-ABL/fixed/3PYY-fixed/3pyy-missing-side-chains-out.maegz
Filling missing loops using Prime...
Prime output file: /cbio/jclab/home/albaness/github/PDBfinder/pdbs/Imatinib-BCR-ABL/fixed/3PYY-fixed/3pyy-missing-loops-out.maegz
Capping protein termini...
CapTermini:     Added NMA Cap: A:519A
CapTermini:     Added ACE Cap: A:250
  The following terminal residues have been capped: A:519, A:251
Finding het groups...
Coloring atoms by element (green carbons in hets)...
Finding het groups (for Epik)...
Processing 4 het groups...
  Using Epik with pH: 7.4
        and pH Range: 0.0
  Max states per het: 32
Running Epik on 4 het groups...
  Waiting for epik...
  Het A:STI (3): keeping all 1 state(s):
    State penalty: -0.00 kcal/mol; H-Bond count: 2.
  Het A:SO4 (4): keeping all 1 state(s):
    State penalty: -0.00 kcal/mol; H-Bond count: 3.
  Het A:SO4 (5): keeping all 1 state(s):
    State penalty: -0.00 kcal/mol; H-Bond count: 1.
  Het A:3YY (538): keeping all 1 state(s):
    State penalty: -0.00 kcal/mol; H-Bond count: 0.
Running ProtAssign...
  Uses -minimize option in ProtAssign
  Using PROPKA with pH: 7.4
  RUNNING: /cbio/jclab/share/schrodinger/schrodinger2016-3/utilities/protassign 3PYY-protassign.mae 3PYY-protassign-out.mae -NOJOBID -nowater -minimize -propka_pH 7.4
Optimize H-bond job completed.
Running restrained minimization...
  RMSD: 0.3
  Force field: 2005
  hydrogens only
done with preparation
Writing to file...
DONE. Output file: ../3PYY-fixed.pdb
