COMMAND:
 /data/chodera/schrodinger/schrodinger2017-3-advanced/epik-v4.1/bin/Linux-x86_64/epik_app -imae 3PYY-epik.mae -omae 3PYY-epik-out.mae -ms 32 -ph 7.4 -pht 0.0 -cg 0.3 0.3 -metal_binding
SCHRODINGER: /data/chodera/schrodinger/schrodinger2017-3-advanced

Running Epik version     4.1016
Epik. Copyright Schrodinger, LLC. All rights reserved.

Input file name:                        3PYY-epik.mae
Output file name:                       3PYY-epik-out.mae
Maximum number of states set to: 32
Structure adjustment calculation requested.
  Target pH set to 7.400
pHt tolerance set to 0.000000e+00
Both connectivity and geometry used in determining redundant structures.
  Structures are distinct if: 
    any position differs by more than 3.000000e-01
    the rms difference in positions is larger than 3.000000e-01
Metal binding mode turned on.

Adjusting structures for pH 7.400000e+00 and minimum probability 1.000000e+00
Solvent model name:                     water
Jobcontrol is not being used for this specific Epik calculation.
---------------------------
Processing Input Structure #1
        Title: 
                                              Calculated pKas
                                                 Conjugate
                                          Atom   Acid/Base  pKa
. . . . . . . . . . . . . . . . . . . . . . .
Variation: 1
                                            48   Conj_Acid 12.63
                                            69   Conj_Acid  8.58
                                            32   Conj_Base  4.34
                                             5   Conj_Base  3.89
                                            10   Conj_Base  3.11
                                            12   Conj_Base  2.75
                                            44   Conj_Acid 15.87
 pKa penalty:                                 0.04 kcal/mol
     Charging penalty:                        0.04 kcal/mol
     Neutralization penalty:                  0.00 kcal/mol
 Overall Penalty (tautomerization included): -0.00 kcal/mol
 Total Charge: 1
 Metal Penalty:                              -0.00 kcal/mol
---------------------------
Processing Input Structure #2
        Title: 
Metal Binding:    Using non-metal probability:          1.000000e+00
                                              Calculated pKas
                                                 Conjugate
                                          Atom   Acid/Base  pKa
. . . . . . . . . . . . . . . . . . . . . . .
Variation: 1
                                             4   Conj_Base  1.92
                                             5   Conj_Base  1.92
 pKa penalty:                                 0.00 kcal/mol
     Charging penalty:                        0.00 kcal/mol
     Neutralization penalty:                  0.00 kcal/mol
 Overall Penalty (tautomerization included): -0.00 kcal/mol
 Total Charge: -2
 Metal Penalty:                              -0.00 kcal/mol
---------------------------
Processing Input Structure #3
        Title: 
Metal Binding:    Using non-metal probability:          1.000000e+00
                                              Calculated pKas
                                                 Conjugate
                                          Atom   Acid/Base  pKa
. . . . . . . . . . . . . . . . . . . . . . .
Variation: 1
                                             4   Conj_Base  1.92
                                             5   Conj_Base  1.92
 pKa penalty:                                 0.00 kcal/mol
     Charging penalty:                        0.00 kcal/mol
     Neutralization penalty:                  0.00 kcal/mol
 Overall Penalty (tautomerization included): -0.00 kcal/mol
 Total Charge: -2
 Metal Penalty:                              -0.00 kcal/mol
---------------------------
Processing Input Structure #4
        Title: 
                                              Calculated pKas
                                                 Conjugate
                                          Atom   Acid/Base  pKa
. . . . . . . . . . . . . . . . . . . . . . .
Variation: 1
                                            37   Conj_Acid  8.31
                                            38   Conj_Acid 10.54
                                            19   Conj_Base  0.76
                                            24   Conj_Base  2.44
 pKa penalty:                                 0.07 kcal/mol
     Charging penalty:                        0.00 kcal/mol
     Neutralization penalty:                  0.07 kcal/mol
 Overall Penalty (tautomerization included): -0.00 kcal/mol
 Total Charge: 0
 Metal Penalty:                               0.44 kcal/mol
. . . . . . . . . . . . . . . . . . . . . . .
Variation: 2
                                            21   Conj_Base  8.31
                                            22   Conj_Base -1.71
                                            19   Conj_Base  0.89
                                            24   Conj_Base  1.61
 pKa penalty:                                 1.32 kcal/mol
     Charging penalty:                        1.32 kcal/mol
     Neutralization penalty:                  0.00 kcal/mol
 Overall Penalty (tautomerization included):  1.25 kcal/mol
 Total Charge: -1
 Metal Penalty:                               0.38 kcal/mol
 Structure generated due to metal binding treatment.
---------------------------
