
** Heavy-atom coordinates will be fixed: maxlevel set to 0
  **
  ** Beginning refinement level 0
  **

%IMPACT-I (openwt): Request to open FORMATTED file 3PYY-impref_ref0.out on unit   2
 Entering IMPACT execution environment 
 Date: Thursday, December 21 2017, at 15:15:16 EST
 Impact version 77011
 mmshare version        40011
 Copyright (c) Schrodinger, LLC.
 All Rights Reserved.

 Host: Linux ls04 3.10.0-514.21.2.el7.x86_64 #1 SMP Tue Jun 20 12:24:47 UTC 2017 x86_64
 Job Name: 3PYY-impref_ref0
 SCHRODINGER  directory: /data/chodera/schrodinger/schrodinger2017-4-advanced
 IMPACT_EXEC  directory: /data/chodera/schrodinger/schrodinger2017-4-advanced/impact-v7.7/bin/Linux-x86_64
 MMSHARE_EXEC directory: /data/chodera/schrodinger/schrodinger2017-4-advanced/mmshare-v4.0/bin/Linux-x86_64

 Clock-based global random seed:     1513887316
%IMPACT-I(foldmain): calling OPLS3 atomtyping ...
%IMPACT-I(foldmain): finished parameter assignment
 PARM read from file "paramstd.dat"
 Parameter obtained from atomtyping
      Current coord. are written to file: "3PYY-impref.init_coord.rst"
      Box dimensions not written


 Total number of atoms  =  4469
 
 Neighbor List Cutoff Settings
 ==================================
 Cutoff radius:   10.0000000000000     
 Update frequency: every           10  steps
 Species   1 : Neighbors are calculated on a per residue basis
 Species   1 : Cutoff by inter-atomic distances
 
 Step number:          0         Non-bonded count:  1077085
 E-pot        RMS grad     Max grad    
 -7.25276E+03  8.13551E+00  1.94382E+02
 Step number:         10         Non-bonded count:  1077085
 -7.67421E+03  1.13311E+00  3.09098E+01
 Step number:         20         Non-bonded count:  1077085
 -7.74262E+03  5.33851E-01  1.07936E+01
 Step number:         30         Non-bonded count:  1077085
 -7.76687E+03  3.96812E-01  7.69074E+00
 Step number:         40         Non-bonded count:  1077085
 -7.78002E+03  3.24267E-01  8.41178E+00
 Step number:         50         Non-bonded count:  1077085
 -7.78682E+03  3.01289E-01  1.12360E+01
 Step number:         60         Non-bonded count:  1077085
 -7.79154E+03  2.30968E-01  5.89355E+00
 Step number:         70         Non-bonded count:  1077085
 -7.79502E+03  1.59053E-01  5.14989E+00
 Step number:         80         Non-bonded count:  1077085
 -7.79706E+03  1.36871E-01  3.81673E+00
 Step number:         90         Non-bonded count:  1077085
 -7.79916E+03  1.65103E-01  6.64257E+00
 Step number:        100         Non-bonded count:  1077085
 -7.80086E+03  1.60932E-01  4.42560E+00
 Step number:        100         Non-bonded count:  1077085
 -7.80086E+03  1.60932E-01  4.42560E+00
      Current coord. are written to file: "3PYY-impref.min0_coord.rst"
      Box dimensions not written
      Current coordinates are read from file: "3PYY-impref.init_coord.rst"
      Box dimensions not read
          read from "3PYY-impref.init_coord.rst"
  
 Energy and Force Generation Info: 
 --------------------------------- 
 Number of E&F called:     279
 PARM read from file "paramstd.dat"
 Parameter obtained from atomtyping
      Current coordinates are read from file: "3PYY-impref.min0_coord.rst"
      Box dimensions not read
          read from "3PYY-impref.min0_coord.rst"


 Total number of atoms  =  4469
 
 Neighbor List Cutoff Settings
 ==================================
 Cutoff radius:   10.0000000000000     
 Update frequency: every           10  steps
 Species   1 : Neighbors are calculated on a per residue basis
 Species   1 : Cutoff by inter-atomic distances
 
 Step number:          0         Non-bonded count:  1077085
 E-pot        RMS grad     Max grad    
 -6.78389E+03  3.08937E+00  2.62329E+01
 Step number:         10         Non-bonded count:  1077085
 -7.54431E+03  1.24178E+00  2.25067E+01
 Step number:         20         Non-bonded count:  1077085
 -7.59852E+03  6.47707E-01  1.47178E+01
 Step number:         30         Non-bonded count:  1077085
 -7.62590E+03  4.52635E-01  1.43343E+01
 Step number:         40         Non-bonded count:  1077085
 -7.63443E+03  2.86130E-01  8.09422E+00
 Step number:         50         Non-bonded count:  1077085
 -7.63772E+03  1.43686E-01  3.04705E+00
 Step number:         60         Non-bonded count:  1077085
 -7.63938E+03  1.12597E-01  2.09683E+00
 Step number:         70         Non-bonded count:  1077085
 -7.64050E+03  1.58997E-01  4.57339E+00
 Step number:         80         Non-bonded count:  1077085
 -7.64147E+03  9.27750E-02  2.55706E+00
 Step number:         90         Non-bonded count:  1077085
 -7.64210E+03  1.00240E-01  2.35404E+00
 Step number:        100         Non-bonded count:  1077085
 -7.64277E+03  9.71952E-02  2.10744E+00
 Step number:        100         Non-bonded count:  1077085
 -7.64277E+03  9.71952E-02  2.10744E+00
  
 Energy and Force Generation Info: 
 --------------------------------- 
 Number of E&F called:     560


Final Energy Reports:
------------------------------------
 Total Energy of the system...... -7.64277E+03 kcal/mol
 Total Potential Energy.......... -7.64277E+03 kcal/mol
 Total Kinetic Energy............  0.00000E+00 kcal/mol
 Temperature of the system.......        0.000 K
 Bond Stretch Energy.............  7.34218E+00 kcal/mol
 Angle Bending Energy............  2.03443E+02 kcal/mol
 Torsion Angle Energy............  3.45921E+01 kcal/mol
 Restraining Energy for Torsions.  0.00000E+00 kcal/mol
 1,4 Lennard Jones Energy........  3.88716E+02 kcal/mol
 1,4 Electrostatic Energy........ -2.73755E+02 kcal/mol
 Lennard Jones Energy............ -6.20076E+02 kcal/mol
 Electrostatic Energy............ -7.38303E+03 kcal/mol
 H-bond Energy...................  0.00000E+00 kcal/mol
 
 Exiting IMPACT execution environment 
 Date: Thursday, December 21 2017, at 15:15:38 EST
%IMPACT-I (timit): Total CPU time =      21.50 seconds (   0.4 minutes)
Total elapsed time = 23 seconds
  ** Completed refinement level 0      rmsd =  0.089

** Refinement finished. Final level: 0

** The refined complex file is 3PYY-impref_ref.mae.
