
** Heavy-atom coordinates will be fixed: maxlevel set to 0
  **
  ** Beginning refinement level 0
  **

%IMPACT-I (openwt): Request to open FORMATTED file 4G5J-impref_ref0.out on unit   2
 Entering IMPACT execution environment 
 Date: Thursday, December 21 2017, at 16:08:58 EST
 Impact version 77011
 mmshare version        40011
 Copyright (c) Schrodinger, LLC.
 All Rights Reserved.

 Host: Linux ls04 3.10.0-514.21.2.el7.x86_64 #1 SMP Tue Jun 20 12:24:47 UTC 2017 x86_64
 Job Name: 4G5J-impref_ref0
 SCHRODINGER  directory: /data/chodera/schrodinger/schrodinger2017-4-advanced
 IMPACT_EXEC  directory: /data/chodera/schrodinger/schrodinger2017-4-advanced/impact-v7.7/bin/Linux-x86_64
 MMSHARE_EXEC directory: /data/chodera/schrodinger/schrodinger2017-4-advanced/mmshare-v4.0/bin/Linux-x86_64

 Clock-based global random seed:     1513890538
%IMPACT-I(foldmain): calling OPLS3 atomtyping ...
%IMPACT-I(foldmain): finished parameter assignment
 PARM read from file "paramstd.dat"
 Parameter obtained from atomtyping
      Current coord. are written to file: "4G5J-impref.init_coord.rst"
      Box dimensions not written


 Total number of atoms  =  5342
 
 Neighbor List Cutoff Settings
 ==================================
 Cutoff radius:   10.0000000000000     
 Update frequency: every           10  steps
 Species   1 : Neighbors are calculated on a per residue basis
 Species   1 : Cutoff by inter-atomic distances
 
 Step number:          0         Non-bonded count:  1282482
 E-pot        RMS grad     Max grad    
  3.44313E+06  5.77954E+05  4.45336E+07
 Step number:         10         Non-bonded count:  1282482
 -8.33877E+03  1.15566E+00  5.94166E+01
 Step number:         20         Non-bonded count:  1282482
 -8.43762E+03  5.66533E-01  1.73249E+01
 Step number:         30         Non-bonded count:  1282482
 -8.47005E+03  3.72722E-01  1.22281E+01
 Step number:         40         Non-bonded count:  1282482
 -8.48613E+03  2.76795E-01  5.97043E+00
 Step number:         50         Non-bonded count:  1282482
 -8.49491E+03  2.08590E-01  7.09477E+00
 Step number:         60         Non-bonded count:  1282482
 -8.50143E+03  2.05551E-01  5.52896E+00
 Step number:         70         Non-bonded count:  1282482
 -8.50666E+03  1.64759E-01  3.20547E+00
 Step number:         80         Non-bonded count:  1282482
 -8.50949E+03  1.02698E-01  2.87793E+00
 Step number:         90         Non-bonded count:  1282482
 -8.51087E+03  9.31997E-02  2.43126E+00
 Step number:        100         Non-bonded count:  1282482
 -8.51181E+03  7.71624E-02  2.08823E+00
 Step number:        100         Non-bonded count:  1282482
 -8.51181E+03  7.71624E-02  2.08823E+00
      Current coord. are written to file: "4G5J-impref.min0_coord.rst"
      Box dimensions not written
      Current coordinates are read from file: "4G5J-impref.init_coord.rst"
      Box dimensions not read
          read from "4G5J-impref.init_coord.rst"
  
 Energy and Force Generation Info: 
 --------------------------------- 
 Number of E&F called:     280
 PARM read from file "paramstd.dat"
 Parameter obtained from atomtyping
      Current coordinates are read from file: "4G5J-impref.min0_coord.rst"
      Box dimensions not read
          read from "4G5J-impref.min0_coord.rst"


 Total number of atoms  =  5342
 
 Neighbor List Cutoff Settings
 ==================================
 Cutoff radius:   10.0000000000000     
 Update frequency: every           10  steps
 Species   1 : Neighbors are calculated on a per residue basis
 Species   1 : Cutoff by inter-atomic distances
 
 Step number:          0         Non-bonded count:  1282482
 E-pot        RMS grad     Max grad    
 -7.15367E+03  2.93400E+00  4.75240E+01
 Step number:         10         Non-bonded count:  1282482
 -8.05772E+03  9.89132E-01  3.01721E+01
 Step number:         20         Non-bonded count:  1282482
 -8.23647E+03  6.13150E-01  1.63548E+01
 Step number:         30         Non-bonded count:  1282482
 -8.29531E+03  5.77423E-01  1.29294E+01
 Step number:         40         Non-bonded count:  1282482
 -8.31291E+03  2.23978E-01  5.46842E+00
 Step number:         50         Non-bonded count:  1282482
 -8.31749E+03  1.61513E-01  3.61620E+00
 Step number:         60         Non-bonded count:  1282482
 -8.32029E+03  1.35968E-01  2.67650E+00
 Step number:         70         Non-bonded count:  1282482
 -8.32209E+03  9.54649E-02  2.43659E+00
 Step number:         80         Non-bonded count:  1282482
 -8.32323E+03  9.21583E-02  2.47785E+00
 Step number:         90         Non-bonded count:  1282482
 -8.32430E+03  8.71675E-02  2.91730E+00
 Step number:        100         Non-bonded count:  1282482
 -8.32498E+03  6.19147E-02  1.47976E+00
 Step number:        100         Non-bonded count:  1282482
 E-pot        RMS grad     Max grad    
 -8.32498E+03  6.19147E-02  1.47976E+00
  
 Energy and Force Generation Info: 
 --------------------------------- 
 Number of E&F called:     576


Final Energy Reports:
------------------------------------
 Total Energy of the system...... -8.32498E+03 kcal/mol
 Total Potential Energy.......... -8.32498E+03 kcal/mol
 Total Kinetic Energy............  0.00000E+00 kcal/mol
 Temperature of the system.......        0.000 K
 Bond Stretch Energy.............  8.03385E+00 kcal/mol
 Angle Bending Energy............  3.00003E+02 kcal/mol
 Torsion Angle Energy............  1.70266E+01 kcal/mol
 Restraining Energy for Torsions.  0.00000E+00 kcal/mol
 1,4 Lennard Jones Energy........  5.17469E+02 kcal/mol
 1,4 Electrostatic Energy........ -3.57686E+02 kcal/mol
 Lennard Jones Energy............ -7.29228E+02 kcal/mol
 Electrostatic Energy............ -8.08060E+03 kcal/mol
 H-bond Energy...................  0.00000E+00 kcal/mol
 
 Exiting IMPACT execution environment 
 Date: Thursday, December 21 2017, at 16:09:25 EST
%IMPACT-I (timit): Total CPU time =      26.41 seconds (   0.4 minutes)
Total elapsed time = 28 seconds
  ** Completed refinement level 0      rmsd =  0.077

** Refinement finished. Final level: 0

** The refined complex file is 4G5J-impref_ref.mae.
