
** Heavy-atom coordinates will be fixed: maxlevel set to 0
  **
  ** Beginning refinement level 0
  **

%IMPACT-I (openwt): Request to open FORMATTED file 4LMN-impref_ref0.out on unit   2
 Entering IMPACT execution environment 
 Date: Thursday, December 01 2016, at 02:15:21 EST
 Impact version 72014
 mmshare version        35014
 Copyright (c) Schrodinger, LLC.
 All Rights Reserved.

 Host: Linux cc05.local 2.6.32-573.18.1.el6.x86_64 #1 SMP Tue Feb 9 22:46:17 UTC 2016 x86_64
 Job Name: 4LMN-impref_ref0
 SCHRODINGER  directory: /cbio/jclab/share/schrodinger/schrodinger2016-3
 IMPACT_EXEC  directory: /cbio/jclab/share/schrodinger/schrodinger2016-3/impact-v7.2/bin/Linux-x86_64
 MMSHARE_EXEC directory: /cbio/jclab/share/schrodinger/schrodinger2016-3/mmshare-v3.5/bin/Linux-x86_64

 Clock-based global random seed:     1480576521
%IMPACT-I(foldmain): calling OPLS_2005 atomtyping ...
%IMPACT-I(foldmain): finished parameter assignment
 PARM read from file "paramstd.dat"
 Parameter obtained from atomtyping
      Current coord. are written to file: "4LMN-impref.init_coord.rst"
      Box dimensions not written


 Total number of atoms  =  4721
 
 Neighbor List Cutoff Settings
 ==================================
 Cutoff radius:   10.0000000000000     
 Update frequency: every           10  steps
 Species   1 : Neighbors are calculated on a per residue basis
 Species   1 : Cutoff by inter-atomic distances
 
 Step number:          0         Non-bonded count:  1125212
 E-pot        RMS grad     Max grad    
 -3.15846E+03  7.37557E+02  3.37606E+04
 Step number:         10         Non-bonded count:  1125212
 -7.65861E+03  9.57050E-01  1.61075E+01
 Step number:         20         Non-bonded count:  1125212
 -7.73110E+03  5.42994E-01  1.16243E+01
 Step number:         30         Non-bonded count:  1125212
 -7.75682E+03  3.74795E-01  6.80598E+00
 Step number:         40         Non-bonded count:  1125212
 -7.77315E+03  3.72341E-01  8.15633E+00
 Step number:         50         Non-bonded count:  1125212
 -7.78425E+03  2.80660E-01  8.54937E+00
 Step number:         60         Non-bonded count:  1125212
 -7.79119E+03  1.87185E-01  3.60971E+00
 Step number:         70         Non-bonded count:  1125212
 -7.79424E+03  1.22746E-01  1.89701E+00
 Step number:         80         Non-bonded count:  1125212
 -7.79659E+03  1.34934E-01  3.64368E+00
 Step number:         90         Non-bonded count:  1125212
 -7.79804E+03  7.72755E-02  2.25151E+00
 Step number:        100         Non-bonded count:  1125212
 -7.79875E+03  7.61822E-02  1.99651E+00
 Step number:        100         Non-bonded count:  1125212
 -7.79875E+03  7.61822E-02  1.99651E+00
      Current coord. are written to file: "4LMN-impref.min0_coord.rst"
      Box dimensions not written
      Current coordinates are read from file: "4LMN-impref.init_coord.rst"
      Box dimensions not read
          read from "4LMN-impref.init_coord.rst"
  
 Energy and Force Generation Info: 
 --------------------------------- 
 Number of E&F called:     261
 PARM read from file "paramstd.dat"
 Parameter obtained from atomtyping
      Current coordinates are read from file: "4LMN-impref.min0_coord.rst"
      Box dimensions not read
          read from "4LMN-impref.min0_coord.rst"


 Total number of atoms  =  4721
 
 Neighbor List Cutoff Settings
 ==================================
 Cutoff radius:   10.0000000000000     
 Update frequency: every           10  steps
 Species   1 : Neighbors are calculated on a per residue basis
 Species   1 : Cutoff by inter-atomic distances
 
 Step number:          0         Non-bonded count:  1125212
 E-pot        RMS grad     Max grad    
 -6.64950E+03  2.57423E+00  2.64207E+01
 Step number:         10         Non-bonded count:  1125212
 -7.27564E+03  1.38050E+00  2.18337E+01
 Step number:         20         Non-bonded count:  1125212
 -7.39046E+03  8.56792E-01  2.67285E+01
 Step number:         30         Non-bonded count:  1125212
 -7.43387E+03  4.60190E-01  1.26591E+01
 Step number:         40         Non-bonded count:  1125212
 -7.44532E+03  2.11103E-01  6.13548E+00
 Step number:         50         Non-bonded count:  1125212
 -7.45139E+03  3.48395E-01  1.53830E+01
 Step number:         60         Non-bonded count:  1125212
 -7.45941E+03  1.49239E-01  5.81858E+00
 Step number:         70         Non-bonded count:  1125212
 -7.46061E+03  8.35020E-02  3.26116E+00
 Step number:         80         Non-bonded count:  1125212
 -7.46109E+03  5.62863E-02  2.44705E+00
 Step number:         81         Non-bonded count:  1125212
 -7.46111E+03  4.71631E-02  9.73936E-01
 Step number:         81         Non-bonded count:  1125212
 -7.46111E+03  4.71631E-02  9.73936E-01
  
 Energy and Force Generation Info: 
 --------------------------------- 
 Number of E&F called:     497


Final Energy Reports:
------------------------------------
 Total Energy of the system...... -7.46111E+03 kcal/mol
 Total Potential Energy.......... -7.46111E+03 kcal/mol
 Total Kinetic Energy............  0.00000E+00 kcal/mol
 Temperature of the system.......        0.000 K
 Bond Stretch Energy.............  9.99022E+00 kcal/mol
 Angle Bending Energy............  2.55766E+02 kcal/mol
 Torsion Angle Energy............  2.14291E+02 kcal/mol
 Restraining Energy for Torsions.  0.00000E+00 kcal/mol
 1,4 Lennard Jones Energy........  4.16347E+02 kcal/mol
 1,4 Electrostatic Energy........ -2.70594E+02 kcal/mol
 Lennard Jones Energy............ -6.78583E+02 kcal/mol
 Electrostatic Energy............ -7.40833E+03 kcal/mol
 H-bond Energy...................  0.00000E+00 kcal/mol
 
 Exiting IMPACT execution environment 
 Date: Thursday, December 01 2016, at 02:15:40 EST
%IMPACT-I (timit): Total CPU time =      18.84 seconds (   0.3 minutes)
Total elapsed time = 21 seconds
  ** Completed refinement level 0      rmsd =  0.080

** Refinement finished. Final level: 0

** The refined complex file is 4LMN-impref_ref.mae.
