
Working on structure 1
Fixing common structure mistakes...
  No mistakes were found
Pre-treating metals...
Done treating metals
Assigning bond orders...
  Using CCD: True
CCD template assignment successfully used for HET "LQQ "
  Assigned the following bonds (format: atom1, atom2, order): set([(2092, 2093, 2), (2094, 2095, 2), (2086, 2085, 2), (2091, 2096, 2), (2108, 2107, 2), (2106, 2111, 2), (2110, 2109, 2), (2088, 2089, 2), (2103, 2104, 2)])
Adding hydrogens...
Treating metals...
Creating di-sulfur bonds...
Converting Selenomethionines...
Detecting missing residue atoms...
Filling missing side chains using Prime...
Prime output file: /cbio/jclab/home/albaness/github/PDBfinder/pdbs/Palbociclib-CDK6/fixed/5L2I-fixed/5l2i-missing-side-chains-out.maegz
Filling missing loops using Prime...
Prime output file: /cbio/jclab/home/albaness/github/PDBfinder/pdbs/Palbociclib-CDK6/fixed/5L2I-fixed/5l2i-missing-loops-out.maegz
Capping protein termini...
CapTermini:     Added NMA Cap: A:301A
CapTermini:     Added ACE Cap: A:9
  The following terminal residues have been capped: A:301, A:10
Finding het groups...
Coloring atoms by element (green carbons in hets)...
Finding het groups (for Epik)...
Processing 1 het groups...
  Using Epik with pH: 7.4
        and pH Range: 0.0
  Max states per het: 32
Running Epik on 1 het groups...
  Waiting for epik...
  Het A:LQQ (900): keeping all 1 state(s):
    State penalty: -0.00 kcal/mol; H-Bond count: 2.
Running ProtAssign...
  Uses -minimize option in ProtAssign
  Using PROPKA with pH: 7.4
  RUNNING: /cbio/jclab/share/schrodinger/schrodinger2016-3/utilities/protassign 5L2I-protassign.mae 5L2I-protassign-out.mae -NOJOBID -nowater -minimize -propka_pH 7.4
Optimize H-bond job completed.
Running restrained minimization...
  RMSD: 0.3
  Force field: 2005
  hydrogens only
done with preparation
Writing to file...
DONE. Output file: ../5L2I-fixed.pdb
