
** Heavy-atom coordinates will be fixed: maxlevel set to 0
  **
  ** Beginning refinement level 0
  **

%IMPACT-I (openwt): Request to open FORMATTED file 5L2I-impref_ref0.out on unit   2
 Entering IMPACT execution environment 
 Date: Thursday, December 01 2016, at 02:10:31 EST
 Impact version 72014
 mmshare version        35014
 Copyright (c) Schrodinger, LLC.
 All Rights Reserved.

 Host: Linux cc05.local 2.6.32-573.18.1.el6.x86_64 #1 SMP Tue Feb 9 22:46:17 UTC 2016 x86_64
 Job Name: 5L2I-impref_ref0
 SCHRODINGER  directory: /cbio/jclab/share/schrodinger/schrodinger2016-3
 IMPACT_EXEC  directory: /cbio/jclab/share/schrodinger/schrodinger2016-3/impact-v7.2/bin/Linux-x86_64
 MMSHARE_EXEC directory: /cbio/jclab/share/schrodinger/schrodinger2016-3/mmshare-v3.5/bin/Linux-x86_64

 Clock-based global random seed:     1480576231
%IMPACT-I(foldmain): calling OPLS_2005 atomtyping ...
%IMPACT-I(foldmain): finished parameter assignment
 PARM read from file "paramstd.dat"
 Parameter obtained from atomtyping
      Current coord. are written to file: "5L2I-impref.init_coord.rst"
      Box dimensions not written


 Total number of atoms  =  4765
 
 Neighbor List Cutoff Settings
 ==================================
 Cutoff radius:   10.0000000000000     
 Update frequency: every           10  steps
 Species   1 : Neighbors are calculated on a per residue basis
 Species   1 : Cutoff by inter-atomic distances
 
 Step number:          0         Non-bonded count:  1121921
 E-pot        RMS grad     Max grad    
  1.17597E+11  3.77963E+10  2.33952E+12
 Step number:         10         Non-bonded count:  1121921
 -2.02875E+03  2.75788E+01  1.47040E+03
 Step number:         20         Non-bonded count:  1121921
 -4.77062E+03  4.88478E+00  1.64475E+02
 Step number:         30         Non-bonded count:  1121921
 -5.02221E+03  2.84304E+00  1.40407E+02
 Step number:         40         Non-bonded count:  1121921
 -5.13831E+03  1.47928E+00  5.21446E+01
 Step number:         50         Non-bonded count:  1121921
 -5.19602E+03  1.27621E+00  4.73469E+01
 Step number:         60         Non-bonded count:  1121921
 -5.22500E+03  8.49056E-01  3.74684E+01
 Step number:         70         Non-bonded count:  1121921
 -5.23943E+03  5.46707E-01  1.65506E+01
 Step number:         80         Non-bonded count:  1121921
 -5.24954E+03  4.80295E-01  1.34335E+01
 Step number:         90         Non-bonded count:  1121921
 -5.25697E+03  4.41270E-01  1.28602E+01
 Step number:        100         Non-bonded count:  1121921
 -5.26192E+03  3.68260E-01  1.24661E+01
 Step number:        100         Non-bonded count:  1121921
 -5.26192E+03  3.68260E-01  1.24661E+01
      Current coord. are written to file: "5L2I-impref.min0_coord.rst"
      Box dimensions not written
      Current coordinates are read from file: "5L2I-impref.init_coord.rst"
      Box dimensions not read
          read from "5L2I-impref.init_coord.rst"
  
 Energy and Force Generation Info: 
 --------------------------------- 
 Number of E&F called:     320
 PARM read from file "paramstd.dat"
 Parameter obtained from atomtyping
      Current coordinates are read from file: "5L2I-impref.min0_coord.rst"
      Box dimensions not read
          read from "5L2I-impref.min0_coord.rst"


 Total number of atoms  =  4765
 
 Neighbor List Cutoff Settings
 ==================================
 Cutoff radius:   10.0000000000000     
 Update frequency: every           10  steps
 Species   1 : Neighbors are calculated on a per residue basis
 Species   1 : Cutoff by inter-atomic distances
 
 Step number:          0         Non-bonded count:  1121921
 E-pot        RMS grad     Max grad    
 -4.14443E+03  2.73169E+00  2.90271E+01
 Step number:         10         Non-bonded count:  1121921
 -4.72824E+03  2.98370E+00  1.05405E+02
 Step number:         20         Non-bonded count:  1121921
 -4.80374E+03  1.07129E+00  4.87895E+01
 Step number:         30         Non-bonded count:  1121921
 -4.82666E+03  8.58500E-01  3.83736E+01
 Step number:         40         Non-bonded count:  1121921
 -4.84141E+03  6.50530E-01  2.97001E+01
 Step number:         50         Non-bonded count:  1121921
 -4.84682E+03  3.46937E-01  1.14039E+01
 Step number:         60         Non-bonded count:  1121921
 -4.84903E+03  2.56240E-01  1.14802E+01
 Step number:         70         Non-bonded count:  1121921
 -4.84996E+03  1.80174E-01  7.66393E+00
 Step number:         80         Non-bonded count:  1121921
 -4.85044E+03  1.26530E-01  5.93890E+00
 Step number:         90         Non-bonded count:  1121921
 -4.85070E+03  9.35563E-02  4.96815E+00
 Step number:        100         Non-bonded count:  1121921
 -4.85088E+03  8.82799E-02  4.42165E+00
 Step number:        100         Non-bonded count:  1121921
 -4.85088E+03  8.82799E-02  4.42165E+00
  
 Energy and Force Generation Info: 
 --------------------------------- 
 Number of E&F called:     587


Final Energy Reports:
------------------------------------
 Total Energy of the system...... -4.85088E+03 kcal/mol
 Total Potential Energy.......... -4.85088E+03 kcal/mol
 Total Kinetic Energy............  0.00000E+00 kcal/mol
 Temperature of the system.......        0.000 K
 Bond Stretch Energy.............  7.91054E+02 kcal/mol
 Angle Bending Energy............  1.05563E+03 kcal/mol
 Torsion Angle Energy............  2.71600E+02 kcal/mol
 Restraining Energy for Torsions.  0.00000E+00 kcal/mol
 1,4 Lennard Jones Energy........  5.19942E+02 kcal/mol
 1,4 Electrostatic Energy........ -4.24375E+02 kcal/mol
 Lennard Jones Energy............  2.31793E+02 kcal/mol
 Electrostatic Energy............ -7.29653E+03 kcal/mol
 H-bond Energy...................  0.00000E+00 kcal/mol
 
 Exiting IMPACT execution environment 
 Date: Thursday, December 01 2016, at 02:10:52 EST
%IMPACT-I (timit): Total CPU time =      21.00 seconds (   0.3 minutes)
Total elapsed time = 22 seconds
  ** Completed refinement level 0      rmsd =  0.040

** Refinement finished. Final level: 0

** The refined complex file is 5L2I-impref_ref.mae.
