
** Heavy-atom coordinates will be fixed: maxlevel set to 0
  **
  ** Beginning refinement level 0
  **

%IMPACT-I (openwt): Request to open FORMATTED file 3AOX-impref_ref0.out on unit   2
 Entering IMPACT execution environment 
 Date: Thursday, December 21 2017, at 18:10:29 EST
 Impact version 77011
 mmshare version        40011
 Copyright (c) Schrodinger, LLC.
 All Rights Reserved.

 Host: Linux ls04 3.10.0-514.21.2.el7.x86_64 #1 SMP Tue Jun 20 12:24:47 UTC 2017 x86_64
 Job Name: 3AOX-impref_ref0
 SCHRODINGER  directory: /data/chodera/schrodinger/schrodinger2017-4-advanced
 IMPACT_EXEC  directory: /data/chodera/schrodinger/schrodinger2017-4-advanced/impact-v7.7/bin/Linux-x86_64
 MMSHARE_EXEC directory: /data/chodera/schrodinger/schrodinger2017-4-advanced/mmshare-v4.0/bin/Linux-x86_64

 Clock-based global random seed:     1513897829
%IMPACT-I(foldmain): calling OPLS3 atomtyping ...
%IMPACT-I(foldmain): finished parameter assignment
 PARM read from file "paramstd.dat"
 Parameter obtained from atomtyping
      Current coord. are written to file: "3AOX-impref.init_coord.rst"
      Box dimensions not written


 Total number of atoms  =  5067
 
 Neighbor List Cutoff Settings
 ==================================
 Cutoff radius:   10.0000000000000     
 Update frequency: every           10  steps
 Species   1 : Neighbors are calculated on a per residue basis
 Species   1 : Cutoff by inter-atomic distances
 
 Step number:          0         Non-bonded count:  1201840
 E-pot        RMS grad     Max grad    
 -8.08656E+03  1.25989E+01  5.04851E+02
 Step number:         10         Non-bonded count:  1201840
 -8.59483E+03  1.11554E+00  3.25805E+01
 Step number:         20         Non-bonded count:  1201840
 -8.67236E+03  7.72052E-01  1.58371E+01
 Step number:         30         Non-bonded count:  1201840
 -8.70047E+03  5.29196E-01  1.37703E+01
 Step number:         40         Non-bonded count:  1201840
 -8.71379E+03  3.70324E-01  9.69296E+00
 Step number:         50         Non-bonded count:  1201840
 -8.72228E+03  2.29935E-01  5.90196E+00
 Step number:         60         Non-bonded count:  1201840
 -8.72949E+03  2.45248E-01  9.80390E+00
 Step number:         70         Non-bonded count:  1201840
 -8.73464E+03  3.12370E-01  1.43325E+01
 Step number:         80         Non-bonded count:  1201840
 -8.73759E+03  1.26447E-01  4.19694E+00
 Step number:         90         Non-bonded count:  1201840
 -8.73942E+03  1.71247E-01  5.70365E+00
 Step number:        100         Non-bonded count:  1201840
 -8.74089E+03  1.15669E-01  3.57286E+00
 Step number:        100         Non-bonded count:  1201840
 -8.74089E+03  1.15669E-01  3.57286E+00
      Current coord. are written to file: "3AOX-impref.min0_coord.rst"
      Box dimensions not written
      Current coordinates are read from file: "3AOX-impref.init_coord.rst"
      Box dimensions not read
          read from "3AOX-impref.init_coord.rst"
  
 Energy and Force Generation Info: 
 --------------------------------- 
 Number of E&F called:     265
 PARM read from file "paramstd.dat"
 Parameter obtained from atomtyping
      Current coordinates are read from file: "3AOX-impref.min0_coord.rst"
      Box dimensions not read
          read from "3AOX-impref.min0_coord.rst"


 Total number of atoms  =  5067
 
 Neighbor List Cutoff Settings
 ==================================
 Cutoff radius:   10.0000000000000     
 Update frequency: every           10  steps
 Species   1 : Neighbors are calculated on a per residue basis
 Species   1 : Cutoff by inter-atomic distances
 
 Step number:          0         Non-bonded count:  1201840
 E-pot        RMS grad     Max grad    
 -7.68515E+03  2.60765E+00  2.28861E+01
 Step number:         10         Non-bonded count:  1201840
 -8.36344E+03  1.20569E+00  5.59528E+01
 Step number:         20         Non-bonded count:  1201840
 -8.45822E+03  6.78606E-01  2.30136E+01
 Step number:         30         Non-bonded count:  1201840
 -8.49248E+03  6.82114E-01  4.54614E+01
 Step number:         40         Non-bonded count:  1201840
 -8.50505E+03  3.41349E-01  2.35441E+01
 Step number:         50         Non-bonded count:  1201840
 -8.51357E+03  2.47167E-01  7.22592E+00
 Step number:         60         Non-bonded count:  1201840
 -8.51790E+03  1.78229E-01  5.81700E+00
 Step number:         70         Non-bonded count:  1201840
 -8.52090E+03  1.82368E-01  7.68815E+00
 Step number:         80         Non-bonded count:  1201840
 -8.52244E+03  1.08328E-01  2.78813E+00
 Step number:         90         Non-bonded count:  1201840
 -8.52415E+03  1.50468E-01  4.20913E+00
 Step number:        100         Non-bonded count:  1201840
 -8.52521E+03  9.29492E-02  2.31553E+00
 Step number:        100         Non-bonded count:  1201840
 -8.52521E+03  9.29492E-02  2.31553E+00
  
 Energy and Force Generation Info: 
 --------------------------------- 
 Number of E&F called:     542


Final Energy Reports:
------------------------------------
 Total Energy of the system...... -8.52521E+03 kcal/mol
 Total Potential Energy.......... -8.52521E+03 kcal/mol
 Total Kinetic Energy............  0.00000E+00 kcal/mol
 Temperature of the system.......        0.000 K
 Bond Stretch Energy.............  6.34315E+00 kcal/mol
 Angle Bending Energy............  2.27125E+02 kcal/mol
 Torsion Angle Energy............  7.70565E+01 kcal/mol
 Restraining Energy for Torsions.  0.00000E+00 kcal/mol
 1,4 Lennard Jones Energy........  4.44158E+02 kcal/mol
 1,4 Electrostatic Energy........ -3.82258E+02 kcal/mol
 Lennard Jones Energy............ -7.78175E+02 kcal/mol
 Electrostatic Energy............ -8.11946E+03 kcal/mol
 H-bond Energy...................  0.00000E+00 kcal/mol
 
 Exiting IMPACT execution environment 
 Date: Thursday, December 21 2017, at 18:10:53 EST
%IMPACT-I (timit): Total CPU time =      24.08 seconds (   0.4 minutes)
Total elapsed time = 25 seconds
  ** Completed refinement level 0      rmsd =  0.035

** Refinement finished. Final level: 0

** The refined complex file is 3AOX-impref_ref.mae.
