
** Heavy-atom coordinates will be fixed: maxlevel set to 0
  **
  ** Beginning refinement level 0
  **

%IMPACT-I (openwt): Request to open FORMATTED file 4AN2-impref_ref0.out on unit   2
 Entering IMPACT execution environment 
 Date: Thursday, December 21 2017, at 18:01:12 EST
 Impact version 77011
 mmshare version        40011
 Copyright (c) Schrodinger, LLC.
 All Rights Reserved.

 Host: Linux ls04 3.10.0-514.21.2.el7.x86_64 #1 SMP Tue Jun 20 12:24:47 UTC 2017 x86_64
 Job Name: 4AN2-impref_ref0
 SCHRODINGER  directory: /data/chodera/schrodinger/schrodinger2017-4-advanced
 IMPACT_EXEC  directory: /data/chodera/schrodinger/schrodinger2017-4-advanced/impact-v7.7/bin/Linux-x86_64
 MMSHARE_EXEC directory: /data/chodera/schrodinger/schrodinger2017-4-advanced/mmshare-v4.0/bin/Linux-x86_64

 Clock-based global random seed:     1513897272
%IMPACT-I(foldmain): calling OPLS3 atomtyping ...
%IMPACT-I(foldmain): finished parameter assignment
 PARM read from file "paramstd.dat"
 Parameter obtained from atomtyping
      Current coord. are written to file: "4AN2-impref.init_coord.rst"
      Box dimensions not written


 Total number of atoms  =  4551
 
 Neighbor List Cutoff Settings
 ==================================
 Cutoff radius:   10.0000000000000     
 Update frequency: every           10  steps
 Species   1 : Neighbors are calculated on a per residue basis
 Species   1 : Cutoff by inter-atomic distances
 
 Step number:          0         Non-bonded count:  1096431
 E-pot        RMS grad     Max grad    
 -5.91912E+03  3.53478E+01  2.07010E+03
 Step number:         10         Non-bonded count:  1096431
 -7.20921E+03  1.21792E+00  2.73195E+01
 Step number:         20         Non-bonded count:  1096431
 -7.29645E+03  5.49752E-01  1.47071E+01
 Step number:         30         Non-bonded count:  1096431
 -7.32031E+03  3.22922E-01  6.93251E+00
 Step number:         40         Non-bonded count:  1096431
 -7.33266E+03  3.12026E-01  6.39419E+00
 Step number:         50         Non-bonded count:  1096431
 -7.34016E+03  2.38950E-01  7.07901E+00
 Step number:         60         Non-bonded count:  1096431
 -7.34485E+03  1.55982E-01  3.62039E+00
 Step number:         70         Non-bonded count:  1096431
 -7.34787E+03  1.26139E-01  2.37914E+00
 Step number:         80         Non-bonded count:  1096431
 -7.34999E+03  1.15932E-01  1.91515E+00
 Step number:         90         Non-bonded count:  1096431
 -7.35225E+03  1.56436E-01  2.33666E+00
 Step number:        100         Non-bonded count:  1096431
 -7.35373E+03  8.72587E-02  1.46120E+00
 Step number:        100         Non-bonded count:  1096431
 -7.35373E+03  8.72587E-02  1.46120E+00
      Current coord. are written to file: "4AN2-impref.min0_coord.rst"
      Box dimensions not written
      Current coordinates are read from file: "4AN2-impref.init_coord.rst"
      Box dimensions not read
          read from "4AN2-impref.init_coord.rst"
  
 Energy and Force Generation Info: 
 --------------------------------- 
 Number of E&F called:     286
 PARM read from file "paramstd.dat"
 Parameter obtained from atomtyping
      Current coordinates are read from file: "4AN2-impref.min0_coord.rst"
      Box dimensions not read
          read from "4AN2-impref.min0_coord.rst"


 Total number of atoms  =  4551
 
 Neighbor List Cutoff Settings
 ==================================
 Cutoff radius:   10.0000000000000     
 Update frequency: every           10  steps
 Species   1 : Neighbors are calculated on a per residue basis
 Species   1 : Cutoff by inter-atomic distances
 
 Step number:          0         Non-bonded count:  1096431
 E-pot        RMS grad     Max grad    
 -6.17484E+03  2.75940E+00  2.59138E+01
 Step number:         10         Non-bonded count:  1096431
 -6.90325E+03  1.44150E+00  2.95466E+01
 Step number:         20         Non-bonded count:  1096431
 -7.02680E+03  6.68401E-01  1.84366E+01
 Step number:         30         Non-bonded count:  1096431
 -7.04148E+03  2.96276E-01  9.68584E+00
 Step number:         40         Non-bonded count:  1096431
 -7.05820E+03  3.56375E-01  1.21104E+01
 Step number:         50         Non-bonded count:  1096431
 -7.06467E+03  2.22261E-01  5.67358E+00
 Step number:         60         Non-bonded count:  1096431
 -7.06756E+03  1.40270E-01  5.42570E+00
 Step number:         70         Non-bonded count:  1096431
 -7.06929E+03  1.27546E-01  4.28642E+00
 Step number:         80         Non-bonded count:  1096431
 -7.07048E+03  9.14938E-02  2.27753E+00
 Step number:         90         Non-bonded count:  1096431
 -7.07132E+03  8.51013E-02  2.34481E+00
 Step number:        100         Non-bonded count:  1096431
 -7.07184E+03  7.48510E-02  2.62628E+00
 Step number:        100         Non-bonded count:  1096431
 -7.07184E+03  7.48510E-02  2.62628E+00
  
 Energy and Force Generation Info: 
 --------------------------------- 
 Number of E&F called:     586


Final Energy Reports:
------------------------------------
 Total Energy of the system...... -7.07184E+03 kcal/mol
 Total Potential Energy.......... -7.07184E+03 kcal/mol
 Total Kinetic Energy............  0.00000E+00 kcal/mol
 Temperature of the system.......        0.000 K
 Bond Stretch Energy.............  1.35357E+01 kcal/mol
 Angle Bending Energy............  3.46537E+02 kcal/mol
 Torsion Angle Energy............  1.32307E+02 kcal/mol
 Restraining Energy for Torsions.  0.00000E+00 kcal/mol
 1,4 Lennard Jones Energy........  4.75305E+02 kcal/mol
 1,4 Electrostatic Energy........ -2.61141E+02 kcal/mol
 Lennard Jones Energy............ -4.99865E+02 kcal/mol
 Electrostatic Energy............ -7.27852E+03 kcal/mol
 H-bond Energy...................  0.00000E+00 kcal/mol
 
 Exiting IMPACT execution environment 
 Date: Thursday, December 21 2017, at 18:01:32 EST
%IMPACT-I (timit): Total CPU time =      20.48 seconds (   0.3 minutes)
Total elapsed time = 21 seconds
  ** Completed refinement level 0      rmsd =  0.105

** Refinement finished. Final level: 0

** The refined complex file is 4AN2-impref_ref.mae.
