
Working on structure 1
Fixing common structure mistakes...
  No mistakes were found
Pre-treating metals...
Done treating metals
Assigning bond orders...
  Using CCD: True
CCD template assignment successfully used for HET "0WN "
  Assigned the following bonds (format: atom1, atom2, order): set([(2398, 2399, 2), (2418, 2420, 2), (2397, 2396, 2), (2403, 2405, 2), (2401, 2400, 2), (2406, 2404, 2), (2407, 2408, 2), (2395, 2393, 2), (2392, 2394, 2)])
Adding hydrogens...
Treating metals...
Creating di-sulfur bonds...
Converting Selenomethionines...
Detecting missing residue atoms...
Filling missing loops using Prime...
Prime output file: /cbio/jclab/home/albaness/github/PDBfinder/pdbs/Afatinib-EGFR/fixed/4G5P-fixed/4g5p-missing-loops-out.maegz
Capping protein termini...
CapTermini:     Added NMA Cap: A:986A
CapTermini:     Added ACE Cap: A:695
  The following terminal residues have been capped: A:986, A:696
Finding het groups...
Coloring atoms by element (green carbons in hets)...
Finding het groups (for Epik)...
Processing 1 het groups...
  Using Epik with pH: 7.4
        and pH Range: 0.0
  Max states per het: 32
Running Epik on 1 het groups...
  Waiting for epik...
  Het A:0WN (1101): keeping all 1 state(s):
    State penalty: -0.00 kcal/mol; H-Bond count: 1.
Running ProtAssign...
  Uses -minimize option in ProtAssign
  Using PROPKA with pH: 7.4
  RUNNING: /cbio/jclab/share/schrodinger/schrodinger2016-3/utilities/protassign 4G5P-protassign.mae 4G5P-protassign-out.mae -NOJOBID -nowater -minimize -propka_pH 7.4
Optimize H-bond job completed.
Running restrained minimization...
  RMSD: 0.3
  Force field: 2005
  hydrogens only
done with preparation
Writing to file...
DONE. Output file: ../4G5P-fixed.pdb
