COMMAND:
 /cbio/jclab/share/schrodinger/schrodinger2016-3/epik-v3.7/bin/Linux-x86_64/epik_app -imae 4G5P-epik.mae -omae 4G5P-epik-out.mae -ms 32 -ph 7.4 -pht 0.0 -cg 0.3 0.3 -metal_binding
SCHRODINGER: /cbio/jclab/share/schrodinger/schrodinger2016-3

Running Epik version     3.7014
Epik. Copyright Schrodinger, LLC. All rights reserved.

Input file name:                        4G5P-epik.mae
Output file name:                       4G5P-epik-out.mae
Maximum number of states set to: 32
Structure adjustment calculation requested.
  Target pH set to 7.400
pHt tolerance set to 0.000000e+00
Both connectivity and geometry used in determining redundant structures.
  Structures are distinct if: 
    any position differs by more than 3.000000e-01
    the rms difference in positions is larger than 3.000000e-01
Metal binding mode turned on.

Adjusting structures for pH 7.400000e+00 and minimum probability 1.000000e+00
Solvent model name:                     water
Jobcontrol is not being used for this specific Epik calculation.
---------------------------
Processing Input Structure #1
        Title: 
                                              Calculated pKas
                                                 Conjugate
                                          Atom   Acid/Base  pKa
. . . . . . . . . . . . . . . . . . . . . . .
Variation: 1
                                            49   Conj_Acid 13.59
                                            62   Conj_Acid  9.29
                                             2   Conj_Base  4.02
                                             3   Conj_Base  4.29
                                            38   Conj_Acid 12.88
                                            29   Conj_Base  1.75
 pKa penalty:                                 0.01 kcal/mol
     Charging penalty:                        0.01 kcal/mol
     Neutralization penalty:                  0.00 kcal/mol
 Overall Penalty (tautomerization included): -0.00 kcal/mol
 Total Charge: 1
 Metal Penalty:                              -0.00 kcal/mol
---------------------------
