  Running PropKa to get pKas

Clusters to optimize:
    Cluster 1:
        A:ASN 700 
        A:SER 768 : HG 
        A:TYR 764 : HH 
    Cluster 2:
        A:GLN 701 
    Cluster 3:
        A:ASN 756 
    Cluster 4:
        A:ASN 771 
    Cluster 5:
        A:GLN 787 
        A:GLU 746 
        A:GLU 709 
        A:THR 785 : HG1
        A:TYR 727 : HH 
        A:LYS 714 
    Cluster 6:
        A:GLN 791 
        A:ASP 1014 
        A:ASP 1012 
        A:LYS 846 
    Cluster 7:
        A:ASN 808 
    Cluster 8:
        A:GLN 812 
        A:ASN 816 
    Cluster 9:
        A:GLN 820 
        A:HID 850 
        A:HID 773 
    Cluster 10:
        A:ASN 826 
        A:GLU 829 
        A:LYS 960 
        A:GLN 894 
    Cluster 11:
        A:ASN 842 
        A:ASP 855 
        A:ASP 837 
    Cluster 12:
        A:GLN 849 
        A:THR 847 : HG1
    Cluster 13:
        A:GLN 935 
    Cluster 14:
        A:GLN 976 
        A:GLU 985 
        A:ASP 984 
        A:SER 811 : HG 
    Cluster 15:
        A:GLN 982 
    Cluster 16:
        A:LYS 708 
        A:GLU 734 
    Cluster 17:
        A:LYS 713 
    Cluster 18:
        A:LYS 716 
    Cluster 19:
        A:LYS 728 
    Cluster 20:
        A:LYS 737 
    Cluster 21:
        A:LYS 739 
    Cluster 22:
        A:LYS 745 
        A:GLU 762 
    Cluster 23:
        A:LYS 754 
    Cluster 24:
        A:LYS 757 
    Cluster 25:
        A:LYS 806 
        A:ASP 807 
    Cluster 26:
        A:LYS 823 
    Cluster 27:
        A:LYS 852 
    Cluster 28:
        A:LYS 860 
        A:GLU 758 
    Cluster 29:
        A:LYS 867 
    Cluster 30:
        A:LYS 875 
    Cluster 31:
        A:LYS 879 
    Cluster 32:
        A:LYS 913 
        A:ASP 916 
    Cluster 33:
        A:LYS 929 
    Cluster 34:
        A:LYS 949 
    Cluster 35:
        A:LYS 970 
        A:GLU 967 
    Cluster 36:
        A:HID 805 
        A:GLU 804 
    Cluster 37:
        A:HID 835 
    Cluster 38:
        A:HID 870 
    Cluster 39:
        A:HID 888 
    Cluster 40:
        A:HID 893 
    Cluster 41:
        A:THR 710 : HG1
    Cluster 42:
        A:SER 720 : HG 
    Cluster 43:
        A:THR 725 : HG1
    Cluster 44:
        A:THR 751 : HG1
    Cluster 45:
        A:SER 752 : HG 
    Cluster 46:
        A:CYS 775 : HG 
    Cluster 47:
        A:CYS 781 : HG 
    Cluster 48:
        A:THR 783 : HG1
    Cluster 49:
        A:SER 784 : HG 
    Cluster 50:
        A:CYS 797 : HG 
        A:ASP 800 
    Cluster 51:
        A:TYR 801 : HH 
    Cluster 52:
        A:TYR 813 : HH 
    Cluster 53:
        A:CYS 818 : HG 
    Cluster 54:
        A:TYR 827 : HH 
    Cluster 55:
        A:THR 854 : HG1
    Cluster 56:
        A:TYR 869 : HH 
    Cluster 57:
        A:SER 885 : HG 
        A:SER 895 : HG 
    Cluster 58:
        A:TYR 891 : HH 
    Cluster 59:
        A:THR 892 : HG1
    Cluster 60:
        A:SER 899 : HG 
    Cluster 61:
        A:TYR 900 : HH 
    Cluster 62:
        A:THR 903 : HG1
    Cluster 63:
        A:THR 909 : HG1
        A:SER 912 : HG 
    Cluster 64:
        A:TYR 915 : HH 
    Cluster 65:
        A:SER 921 : HG 
        A:GLU 922 
    Cluster 66:
        A:SER 924 : HG 
        A:SER 925 : HG 
    Cluster 67:
        A:CYS 939 : HG 
    Cluster 68:
        A:THR 940 : HG1
    Cluster 69:
        A:TYR 944 : HH 
    Cluster 70:
        A:CYS 950 : HG 
    Cluster 71:
        A:SER 957 : HG 
        A:ASP 954 
    Cluster 72:
        A:SER 969 : HG 
    Cluster 73:
        A:TYR 978 : HH 
    Cluster 74:
        A:TYR 1016 : HH 
    Cluster 75:
        A:GLU 697 
    Cluster 76:
        A:GLU 711 
    Cluster 77:
        A:GLU 736 
    Cluster 78:
        A:GLU 749 
    Cluster 79:
        A:ASP 761 
    Cluster 80:
        A:ASP 770 
    Cluster 81:
        A:ASP 830 
    Cluster 82:
        A:GLU 865 
    Cluster 83:
        A:GLU 866 
    Cluster 84:
        A:GLU 868 
    Cluster 85:
        A:GLU 872 
    Cluster 86:
        A:GLU 884 
    Cluster 87:
        A:ASP 896 
    Cluster 88:
        A:GLU 906 
    Cluster 89:
        A:GLU 928 
    Cluster 90:
        A:GLU 931 
    Cluster 91:
        A:ASP 942 
    Cluster 92:
        A:ASP 956 
    Cluster 93:
        A:GLU 963 
    Cluster 94:
        A:ASP 974 
    Cluster 95:
        A:ASP 1009 
    Cluster 96:
        A:GLU 1015 

Working on cluster #1...
    A:ASN 700  : 2 states
    A:SER 768 : HG  : 6 states
    A:TYR 764 : HH  : 3 states

  Scoring exhaustively (36 potential combinations)...

  Cluster results:
    A:ASN 700  : Flip
    A:SER 768 : HG  : Orientation 1/6
    A:TYR 764 : HH  : Default 1 2/2 (pKa = 10.08)

Working on cluster #2...
    A:GLN 701  : 2 states

  Scoring exhaustively (2 potential combinations)...

  Cluster results:
    A:GLN 701  : No Flip

Working on cluster #3...
    A:ASN 756  : 2 states

  Scoring exhaustively (2 potential combinations)...

  Cluster results:
    A:ASN 756  : No Flip

Working on cluster #4...
    A:ASN 771  : 2 states

  Scoring exhaustively (2 potential combinations)...

  Cluster results:
    A:ASN 771  : Flip

Working on cluster #5...
    A:GLN 787  : 2 states
    A:GLU 746  : 3 states
    A:GLU 709  : 3 states
    A:THR 785 : HG1 : 6 states
    A:TYR 727 : HH  : 4 states
    A:LYS 714  : 28 states

  Scoring exhaustively (12096 potential combinations)...
    No valid conformations found. Trying again with less strict requirements.

  Cluster results:
    A:GLN 787  : No Flip
    A:GLU 746  : Charged (pKa = 3.12)
    A:GLU 709  : Charged (pKa = 4.51)
    A:THR 785 : HG1 : Orientation 2/6
    A:TYR 727 : HH  : Default 2 3/3 (pKa = 11.6)
    A:LYS 714  : Orientation 5/6 (pKa = 10.31)

Working on cluster #6...
    A:GLN 791  : 2 states
    A:ASP 1014  : 3 states
    A:ASP 1012  : 3 states
    A:LYS 846  : 8 states

  Scoring exhaustively (144 potential combinations)...

  Cluster results:
    A:GLN 791  : Flip
    A:ASP 1014  : Charged (pKa = 2.44)
    A:ASP 1012  : Charged (pKa = 5.18)
    A:LYS 846  : Orientation 1/1 (pKa = 11.26)

Working on cluster #7...
    A:ASN 808  : 2 states

  Scoring exhaustively (2 potential combinations)...

  Cluster results:
    A:ASN 808  : Flip

Working on cluster #8...
    A:GLN 812  : 2 states
    A:ASN 816  : 2 states

  Scoring exhaustively (4 potential combinations)...

  Cluster results:
    A:GLN 812  : No Flip
    A:ASN 816  : Flip

Working on cluster #9...
    A:GLN 820  : 2 states
    A:HID 850  : 6 states
    A:HID 773  : 6 states

  Scoring exhaustively (72 potential combinations)...
    No valid conformations found. Trying again with less strict requirements.

  Cluster results:
    A:GLN 820  : No Flip
    A:HID 850  : HIE (pKa = 5.64)
    A:HID 773  : Flip HID (pKa = 3.81)

Working on cluster #10...
    A:ASN 826  : 2 states
    A:GLU 829  : 3 states
    A:LYS 960  : 8 states
    A:GLN 894  : 2 states

  Scoring exhaustively (96 potential combinations)...

  Cluster results:
    A:ASN 826  : No Flip
    A:GLU 829  : Charged (pKa = 4.3)
    A:LYS 960  : Orientation 1/1 (pKa = 10.34)
    A:GLN 894  : No Flip

Working on cluster #11...
    A:ASN 842  : 2 states
    A:ASP 855  : 3 states
    A:ASP 837  : 3 states

  Scoring exhaustively (18 potential combinations)...

  Cluster results:
    A:ASN 842  : Flip
    A:ASP 855  : Charged (pKa = 2.87)
    A:ASP 837  : Charged (pKa = 7.15)

Working on cluster #12...
    A:GLN 849  : 2 states
    A:THR 847 : HG1 : 3 states

  Scoring exhaustively (6 potential combinations)...

  Cluster results:
    A:GLN 849  : No Flip
    A:THR 847 : HG1 : Stagger 1 1/3

Working on cluster #13...
    A:GLN 935  : 2 states

  Scoring exhaustively (2 potential combinations)...

  Cluster results:
    A:GLN 935  : No Flip

Working on cluster #14...
    A:GLN 976  : 2 states
    A:GLU 985  : 3 states
    A:ASP 984  : 3 states
    A:SER 811 : HG  : 8 states

  Scoring exhaustively (144 potential combinations)...

  Cluster results:
    A:GLN 976  : No Flip
    A:GLU 985  : Charged (pKa = 4.17)
    A:ASP 984  : Charged (pKa = 4.26)
    A:SER 811 : HG  : Orientation 3/8

Working on cluster #15...
    A:GLN 982  : 2 states

  Scoring exhaustively (2 potential combinations)...

  Cluster results:
    A:GLN 982  : No Flip

Working on cluster #16...
    A:LYS 708  : 8 states
    A:GLU 734  : 3 states

  Scoring exhaustively (24 potential combinations)...

  Cluster results:
    A:LYS 708  : Orientation 1/1 (pKa = 11.58)
    A:GLU 734  : Charged (pKa = 3.89)

Working on cluster #17...
    A:LYS 713  : 16 states

  Scoring exhaustively (16 potential combinations)...

  Cluster results:
    A:LYS 713  : Orientation 1/3 (pKa = 10.25)

Working on cluster #18...
    A:LYS 716  : 16 states

  Scoring exhaustively (16 potential combinations)...

  Cluster results:
    A:LYS 716  : Orientation 1/3 (pKa = 10.39)

Working on cluster #19...
    A:LYS 728  : 8 states

  Scoring exhaustively (8 potential combinations)...

  Cluster results:
    A:LYS 728  : Orientation 1/1 (pKa = 10.08)

Working on cluster #20...
    A:LYS 737  : 12 states

  Scoring exhaustively (12 potential combinations)...

  Cluster results:
    A:LYS 737  : Stagger (pKa = 10.45)

Working on cluster #21...
    A:LYS 739  : 16 states

  Scoring exhaustively (16 potential combinations)...

  Cluster results:
    A:LYS 739  : Orientation 1/3 (pKa = 10.37)

Working on cluster #22...
    A:LYS 745  : 8 states
    A:GLU 762  : 3 states

  Scoring exhaustively (24 potential combinations)...

  Cluster results:
    A:LYS 745  : Orientation 1/1 (pKa = 11.78)
    A:GLU 762  : Charged (pKa = 5.33)

Working on cluster #23...
    A:LYS 754  : 8 states

  Scoring exhaustively (8 potential combinations)...

  Cluster results:
    A:LYS 754  : Orientation 1/1 (pKa = 10.42)

Working on cluster #24...
    A:LYS 757  : 16 states

  Scoring exhaustively (16 potential combinations)...

  Cluster results:
    A:LYS 757  : Orientation 1/3 (pKa = 10.62)

Working on cluster #25...
    A:LYS 806  : 8 states
    A:ASP 807  : 3 states

  Scoring exhaustively (24 potential combinations)...

  Cluster results:
    A:LYS 806  : Orientation 1/1 (pKa = 10.77)
    A:ASP 807  : Charged (pKa = 3.49)

Working on cluster #26...
    A:LYS 823  : 8 states

  Scoring exhaustively (8 potential combinations)...

  Cluster results:
    A:LYS 823  : Orientation 1/1 (pKa = 9.74)

Working on cluster #27...
    A:LYS 852  : 8 states

  Scoring exhaustively (8 potential combinations)...

  Cluster results:
    A:LYS 852  : Stagger (pKa = 9.74)

Working on cluster #28...
    A:LYS 860  : 12 states
    A:GLU 758  : 3 states

  Scoring exhaustively (36 potential combinations)...

  Cluster results:
    A:LYS 860  : Orientation 2/2 (pKa = 10.84)
    A:GLU 758  : Charged (pKa = 3.72)

Working on cluster #29...
    A:LYS 867  : 16 states

  Scoring exhaustively (16 potential combinations)...

  Cluster results:
    A:LYS 867  : Orientation 1/3 (pKa = 10.43)

Working on cluster #30...
    A:LYS 875  : 8 states

  Scoring exhaustively (8 potential combinations)...

  Cluster results:
    A:LYS 875  : Orientation 1/1 (pKa = 10.32)

Working on cluster #31...
    A:LYS 879  : 8 states

  Scoring exhaustively (8 potential combinations)...

  Cluster results:
    A:LYS 879  : Stagger (pKa = 10.0)

Working on cluster #32...
    A:LYS 913  : 8 states
    A:ASP 916  : 3 states

  Scoring exhaustively (24 potential combinations)...

  Cluster results:
    A:LYS 913  : Orientation 1/1 (pKa = 11.18)
    A:ASP 916  : Charged (pKa = 3.01)

Working on cluster #33...
    A:LYS 929  : 12 states

  Scoring exhaustively (12 potential combinations)...

  Cluster results:
    A:LYS 929  : Orientation 1/2 (pKa = 10.49)

Working on cluster #34...
    A:LYS 949  : 8 states

  Scoring exhaustively (8 potential combinations)...
    No valid conformations found. Trying again with less strict requirements.

  Cluster results:
    A:LYS 949  : Orientation 1/1 (pKa = 10.06)

Working on cluster #35...
    A:LYS 970  : 8 states
    A:GLU 967  : 3 states

  Scoring exhaustively (24 potential combinations)...

  Cluster results:
    A:LYS 970  : Orientation 1/1 (pKa = 11.63)
    A:GLU 967  : Charged (pKa = 3.96)

Working on cluster #36...
    A:HID 805  : 6 states
    A:GLU 804  : 3 states

  Scoring exhaustively (18 potential combinations)...

  Cluster results:
    A:HID 805  : Flip HIE (pKa = 6.55)
    A:GLU 804  : Charged (pKa = 4.61)

Working on cluster #37...
    A:HID 835  : 6 states

  Scoring exhaustively (6 potential combinations)...

  Cluster results:
    A:HID 835  : HIE (pKa = 5.47)

Working on cluster #38...
    A:HID 870  : 6 states

  Scoring exhaustively (6 potential combinations)...

  Cluster results:
    A:HID 870  : HID (pKa = 6.7)

Working on cluster #39...
    A:HID 888  : 6 states

  Scoring exhaustively (6 potential combinations)...

  Cluster results:
    A:HID 888  : HID (pKa = 6.6)

Working on cluster #40...
    A:HID 893  : 6 states

  Scoring exhaustively (6 potential combinations)...

  Cluster results:
    A:HID 893  : HIE (pKa = 4.92)

Working on cluster #41...
    A:THR 710 : HG1 : 5 states

  Scoring exhaustively (5 potential combinations)...

  Cluster results:
    A:THR 710 : HG1 : Stagger 3 5/5

Working on cluster #42...
    A:SER 720 : HG  : 5 states

  Scoring exhaustively (5 potential combinations)...

  Cluster results:
    A:SER 720 : HG  : Stagger 1 3/5

Working on cluster #43...
    A:THR 725 : HG1 : 5 states

  Scoring exhaustively (5 potential combinations)...

  Cluster results:
    A:THR 725 : HG1 : Stagger 2 4/5

Working on cluster #44...
    A:THR 751 : HG1 : 5 states

  Scoring exhaustively (5 potential combinations)...

  Cluster results:
    A:THR 751 : HG1 : Orientation 1/5

Working on cluster #45...
    A:SER 752 : HG  : 3 states

  Scoring exhaustively (3 potential combinations)...

  Cluster results:
    A:SER 752 : HG  : Stagger 3 3/3

Working on cluster #46...
    A:CYS 775 : HG  : 7 states

  Scoring exhaustively (7 potential combinations)...

  Cluster results:
    A:CYS 775 : HG  : Default 3/6 (pKa = 11.04)

Working on cluster #47...
    A:CYS 781 : HG  : 6 states

  Scoring exhaustively (6 potential combinations)...

  Cluster results:
    A:CYS 781 : HG  : Orientation 2/5 (pKa = 9.97)

Working on cluster #48...
    A:THR 783 : HG1 : 5 states

  Scoring exhaustively (5 potential combinations)...

  Cluster results:
    A:THR 783 : HG1 : Stagger 3 5/5

Working on cluster #49...
    A:SER 784 : HG  : 6 states

  Scoring exhaustively (6 potential combinations)...

  Cluster results:
    A:SER 784 : HG  : Stagger 3 6/6

Working on cluster #50...
    A:CYS 797 : HG  : 11 states
    A:ASP 800  : 3 states

  Scoring exhaustively (33 potential combinations)...
    No valid conformations found. Trying again with less strict requirements.

  Cluster results:
    A:CYS 797 : HG  : Orientation 1/10 (pKa = 12.1)
    A:ASP 800  : Charged (pKa = 3.92)

Working on cluster #51...
    A:TYR 801 : HH  : 3 states

  Scoring exhaustively (3 potential combinations)...

  Cluster results:
    A:TYR 801 : HH  : Orientation 1/2 (pKa = 11.11)

Working on cluster #52...
    A:TYR 813 : HH  : 4 states

  Scoring exhaustively (4 potential combinations)...

  Cluster results:
    A:TYR 813 : HH  : Orientation 1/3 (pKa = 10.26)

Working on cluster #53...
    A:CYS 818 : HG  : 7 states

  Scoring exhaustively (7 potential combinations)...

  Cluster results:
    A:CYS 818 : HG  : Orientation 1/6 (pKa = 12.81)

Working on cluster #54...
    A:TYR 827 : HH  : 5 states

  Scoring exhaustively (5 potential combinations)...

  Cluster results:
    A:TYR 827 : HH  : Orientation 3/4 (pKa = 10.17)

Working on cluster #55...
    A:THR 854 : HG1 : 5 states

  Scoring exhaustively (5 potential combinations)...

  Cluster results:
    A:THR 854 : HG1 : Default 2/5

Working on cluster #56...
    A:TYR 869 : HH  : 5 states

  Scoring exhaustively (5 potential combinations)...

  Cluster results:
    A:TYR 869 : HH  : Default 1 3/4 (pKa = 10.2)

Working on cluster #57...
    A:SER 885 : HG  : 7 states
    A:SER 895 : HG  : 5 states

  Scoring exhaustively (35 potential combinations)...

  Cluster results:
    A:SER 885 : HG  : Orientation 1/7
    A:SER 895 : HG  : Stagger 2 4/5

Working on cluster #58...
    A:TYR 891 : HH  : 4 states

  Scoring exhaustively (4 potential combinations)...

  Cluster results:
    A:TYR 891 : HH  : Orientation 1/3 (pKa = 10.66)

Working on cluster #59...
    A:THR 892 : HG1 : 11 states

  Scoring exhaustively (11 potential combinations)...

  Cluster results:
    A:THR 892 : HG1 : Default 9/11

Working on cluster #60...
    A:SER 899 : HG  : 6 states

  Scoring exhaustively (6 potential combinations)...

  Cluster results:
    A:SER 899 : HG  : Orientation 1/6

Working on cluster #61...
    A:TYR 900 : HH  : 3 states

  Scoring exhaustively (3 potential combinations)...

  Cluster results:
    A:TYR 900 : HH  : Orientation 1/2 (pKa = 15.67)

Working on cluster #62...
    A:THR 903 : HG1 : 6 states

  Scoring exhaustively (6 potential combinations)...

  Cluster results:
    A:THR 903 : HG1 : Orientation 1/6

Working on cluster #63...
    A:THR 909 : HG1 : 7 states
    A:SER 912 : HG  : 6 states

  Scoring exhaustively (42 potential combinations)...

  Cluster results:
    A:THR 909 : HG1 : Stagger 2 6/7
    A:SER 912 : HG  : Default 4/6

Working on cluster #64...
    A:TYR 915 : HH  : 4 states

  Scoring exhaustively (4 potential combinations)...

  Cluster results:
    A:TYR 915 : HH  : Orientation 1/3 (pKa = 12.02)

Working on cluster #65...
    A:SER 921 : HG  : 6 states
    A:GLU 922  : 3 states

  Scoring exhaustively (18 potential combinations)...

  Cluster results:
    A:SER 921 : HG  : Orientation 1/6
    A:GLU 922  : Charged (pKa = 4.64)

Working on cluster #66...
    A:SER 924 : HG  : 7 states
    A:SER 925 : HG  : 6 states

  Scoring exhaustively (42 potential combinations)...

  Cluster results:
    A:SER 924 : HG  : Orientation 2/7
    A:SER 925 : HG  : Stagger 2 5/6

Working on cluster #67...
    A:CYS 939 : HG  : 6 states

  Scoring exhaustively (6 potential combinations)...

  Cluster results:
    A:CYS 939 : HG  : Stagger 2 4/5 (pKa = 11.97)

Working on cluster #68...
    A:THR 940 : HG1 : 6 states

  Scoring exhaustively (6 potential combinations)...

  Cluster results:
    A:THR 940 : HG1 : Orientation 1/6

Working on cluster #69...
    A:TYR 944 : HH  : 6 states

  Scoring exhaustively (6 potential combinations)...

  Cluster results:
    A:TYR 944 : HH  : Orientation 1/5 (pKa = 11.1)

Working on cluster #70...
    A:CYS 950 : HG  : 7 states

  Scoring exhaustively (7 potential combinations)...

  Cluster results:
    A:CYS 950 : HG  : Orientation 1/6 (pKa = 12.46)

Working on cluster #71...
    A:SER 957 : HG  : 8 states
    A:ASP 954  : 3 states

  Scoring exhaustively (24 potential combinations)...

  Cluster results:
    A:SER 957 : HG  : Orientation 1/8
    A:ASP 954  : Charged (pKa = 2.76)

Working on cluster #72...
    A:SER 969 : HG  : 6 states

  Scoring exhaustively (6 potential combinations)...

  Cluster results:
    A:SER 969 : HG  : Orientation 1/6

Working on cluster #73...
    A:TYR 978 : HH  : 3 states

  Scoring exhaustively (3 potential combinations)...

  Cluster results:
    A:TYR 978 : HH  : Default 1 2/2 (pKa = 10.13)

Working on cluster #74...
    A:TYR 1016 : HH  : 4 states

  Scoring exhaustively (4 potential combinations)...

  Cluster results:
    A:TYR 1016 : HH  : Orientation 1/3 (pKa = 10.04)

Working on cluster #75...
    A:GLU 697  : 3 states

  Scoring exhaustively (3 potential combinations)...

  Cluster results:
    A:GLU 697  : Charged (pKa = 4.53)

Working on cluster #76...
    A:GLU 711  : 3 states

  Scoring exhaustively (3 potential combinations)...

  Cluster results:
    A:GLU 711  : Charged (pKa = 3.6)

Working on cluster #77...
    A:GLU 736  : 3 states

  Scoring exhaustively (3 potential combinations)...

  Cluster results:
    A:GLU 736  : Charged (pKa = 4.87)

Working on cluster #78...
    A:GLU 749  : 3 states

  Scoring exhaustively (3 potential combinations)...

  Cluster results:
    A:GLU 749  : Charged (pKa = 4.0)

Working on cluster #79...
    A:ASP 761  : 3 states

  Scoring exhaustively (3 potential combinations)...

  Cluster results:
    A:ASP 761  : Charged (pKa = 4.19)

Working on cluster #80...
    A:ASP 770  : 3 states

  Scoring exhaustively (3 potential combinations)...

  Cluster results:
    A:ASP 770  : Charged (pKa = 3.66)

Working on cluster #81...
    A:ASP 830  : 3 states

  Scoring exhaustively (3 potential combinations)...

  Cluster results:
    A:ASP 830  : Charged (pKa = 4.46)

Working on cluster #82...
    A:GLU 865  : 3 states

  Scoring exhaustively (3 potential combinations)...

  Cluster results:
    A:GLU 865  : Charged (pKa = 4.55)

Working on cluster #83...
    A:GLU 866  : 3 states

  Scoring exhaustively (3 potential combinations)...

  Cluster results:
    A:GLU 866  : Charged (pKa = 3.92)

Working on cluster #84...
    A:GLU 868  : 3 states

  Scoring exhaustively (3 potential combinations)...

  Cluster results:
    A:GLU 868  : Charged (pKa = 4.74)

Working on cluster #85...
    A:GLU 872  : 3 states

  Scoring exhaustively (3 potential combinations)...

  Cluster results:
    A:GLU 872  : Charged (pKa = 4.41)

Working on cluster #86...
    A:GLU 884  : 3 states

  Scoring exhaustively (3 potential combinations)...

  Cluster results:
    A:GLU 884  : Charged (pKa = 5.88)

Working on cluster #87...
    A:ASP 896  : 3 states

  Scoring exhaustively (3 potential combinations)...

  Cluster results:
    A:ASP 896  : Charged (pKa = 5.77)

Working on cluster #88...
    A:GLU 906  : 3 states

  Scoring exhaustively (3 potential combinations)...

  Cluster results:
    A:GLU 906  : Charged (pKa = 7.41)

Working on cluster #89...
    A:GLU 928  : 3 states

  Scoring exhaustively (3 potential combinations)...

  Cluster results:
    A:GLU 928  : Charged (pKa = 4.52)

Working on cluster #90...
    A:GLU 931  : 3 states

  Scoring exhaustively (3 potential combinations)...

  Cluster results:
    A:GLU 931  : Charged (pKa = 4.71)

Working on cluster #91...
    A:ASP 942  : 3 states

  Scoring exhaustively (3 potential combinations)...

  Cluster results:
    A:ASP 942  : Charged (pKa = 3.61)

Working on cluster #92...
    A:ASP 956  : 3 states

  Scoring exhaustively (3 potential combinations)...

  Cluster results:
    A:ASP 956  : Charged (pKa = 3.99)

Working on cluster #93...
    A:GLU 963  : 3 states

  Scoring exhaustively (3 potential combinations)...

  Cluster results:
    A:GLU 963  : Charged (pKa = 4.7)

Working on cluster #94...
    A:ASP 974  : 3 states

  Scoring exhaustively (3 potential combinations)...

  Cluster results:
    A:ASP 974  : Charged (pKa = 3.76)

Working on cluster #95...
    A:ASP 1009  : 3 states

  Scoring exhaustively (3 potential combinations)...

  Cluster results:
    A:ASP 1009  : Charged (pKa = 3.75)

Working on cluster #96...
    A:GLU 1015  : 3 states

  Scoring exhaustively (3 potential combinations)...

  Cluster results:
    A:GLU 1015  : Charged (pKa = 4.93)


Recalculating pKas to identify changes in protonation penalties...
  Running PropKa to get pKas
    No changes in protonation penalties found.

Minimizing hydrogens...

Total score for structure: -90.7546508156

Final pKas:
  A:LYS 708  : 11.58
  A:LYS 713  : 10.25
  A:LYS 714  : 10.31
  A:LYS 716  : 10.39
  A:LYS 728  : 10.08
  A:LYS 737  : 10.45
  A:LYS 739  : 10.37
  A:LYS 745  : 11.78
  A:LYS 754  : 10.42
  A:LYS 757  : 10.62
  A:LYS 806  : 10.77
  A:LYS 823  : 9.74
  A:LYS 846  : 11.26
  A:LYS 852  : 9.74
  A:LYS 860  : 10.84
  A:LYS 867  : 10.43
  A:LYS 875  : 10.32
  A:LYS 879  : 10.00
  A:LYS 913  : 11.18
  A:LYS 929  : 10.49
  A:LYS 949  : 10.06
  A:LYS 960  : 10.34
  A:LYS 970  : 11.63
  A:HID 773  : 4.05
  A:HID 805  : 6.57
  A:HID 835  : 5.47
  A:HID 850  : 5.66
  A:HID 870  : 6.70
  A:HID 888  : 6.60
  A:HID 893  : 4.92
  A:TYR 727 : HH  : 11.60
  A:TYR 764 : HH  : 10.39
  A:CYS 775 : HG  : 11.04
  A:CYS 781 : HG  : 9.97
  A:CYS 797 : HG  : 12.10
  A:TYR 801 : HH  : 11.11
  A:TYR 813 : HH  : 10.26
  A:CYS 818 : HG  : 12.81
  A:TYR 827 : HH  : 10.17
  A:TYR 869 : HH  : 10.20
  A:TYR 891 : HH  : 10.66
  A:TYR 900 : HH  : 15.67
  A:TYR 915 : HH  : 12.02
  A:CYS 939 : HG  : 11.97
  A:TYR 944 : HH  : 11.10
  A:CYS 950 : HG  : 12.46
  A:TYR 978 : HH  : 10.13
  A:TYR 1016 : HH  : 10.04
  A:GLU 697  : 4.53
  A:GLU 709  : 4.51
  A:GLU 711  : 3.60
  A:GLU 734  : 3.89
  A:GLU 736  : 4.87
  A:GLU 746  : 3.12
  A:GLU 749  : 4.00
  A:GLU 758  : 3.72
  A:ASP 761  : 4.19
  A:GLU 762  : 5.33
  A:ASP 770  : 3.66
  A:ASP 800  : 3.92
  A:GLU 804  : 4.32
  A:ASP 807  : 3.49
  A:GLU 829  : 4.30
  A:ASP 830  : 4.46
  A:ASP 837  : 6.95
  A:ASP 855  : 2.93
  A:GLU 865  : 4.55
  A:GLU 866  : 3.92
  A:GLU 868  : 4.74
  A:GLU 872  : 4.41
  A:GLU 884  : 5.88
  A:ASP 896  : 5.77
  A:GLU 906  : 7.41
  A:ASP 916  : 3.01
  A:GLU 922  : 4.64
  A:GLU 928  : 4.52
  A:GLU 931  : 4.71
  A:ASP 942  : 3.61
  A:ASP 954  : 2.76
  A:ASP 956  : 3.99
  A:GLU 963  : 4.70
  A:GLU 967  : 3.96
  A:ASP 974  : 3.76
  A:ASP 984  : 4.26
  A:GLU 985  : 4.17
  A:ASP 1009  : 3.75
  A:ASP 1012  : 5.18
  A:ASP 1014  : 2.17
  A:GLU 1015  : 4.93
Structure extracted from file: 4G5P-protassign.mae
Output structure will be written to: 4G5P-protassign-out.mae

Complete. Output file: 4G5P-protassign-out.mae
