
Working on structure 1
Fixing common structure mistakes...
  No mistakes were found
Pre-treating metals...
Done treating metals
Assigning bond orders...
  Using CCD: True
CCD template assignment successfully used for HET "YY3 "
  Assigned the following bonds (format: atom1, atom2, order): set([(2189, 2190, 2), (2196, 2197, 2), (2194, 2195, 2), (2186, 2185, 2), (2192, 2193, 2), (2205, 2214, 2), (2211, 2210, 2), (2202, 2203, 2), (2204, 2200, 2), (2199, 2201, 2), (2209, 2208, 2), (2207, 2206, 2)])
Adding hydrogens...
Treating metals...
Creating di-sulfur bonds...
Converting Selenomethionines...
Detecting missing residue atoms...
Filling missing side chains using Prime...
Prime output file: /cbio/jclab/home/albaness/github/PDBfinder/pdbs/Osimertinib-EGFR/fixed/4ZAU-fixed/4zau-missing-side-chains-out.maegz
Filling missing loops using Prime...
Prime output file: /cbio/jclab/home/albaness/github/PDBfinder/pdbs/Osimertinib-EGFR/fixed/4ZAU-fixed/4zau-missing-loops-out.maegz
Capping protein termini...
CapTermini:     Added NMA Cap: A:984A
CapTermini:     Added ACE Cap: A:697
  The following terminal residues have been capped: A:984, A:698
Finding het groups...
Coloring atoms by element (green carbons in hets)...
Finding het groups (for Epik)...
Processing 1 het groups...
  Using Epik with pH: 7.4
        and pH Range: 0.0
  Max states per het: 32
Running Epik on 1 het groups...
  Waiting for epik...
  Het A:YY3 (1101): keeping all 1 state(s):
    State penalty: -0.00 kcal/mol; H-Bond count: 2.
Running ProtAssign...
  Uses -minimize option in ProtAssign
  Using PROPKA with pH: 7.4
  RUNNING: /cbio/jclab/share/schrodinger/schrodinger2016-3/utilities/protassign 4ZAU-protassign.mae 4ZAU-protassign-out.mae -NOJOBID -nowater -minimize -propka_pH 7.4
Optimize H-bond job completed.
Running restrained minimization...
  RMSD: 0.3
  Force field: 2005
  hydrogens only
done with preparation
Writing to file...
DONE. Output file: ../4ZAU-fixed.pdb
