
** Heavy-atom coordinates will be fixed: maxlevel set to 0
  **
  ** Beginning refinement level 0
  **

%IMPACT-I (openwt): Request to open FORMATTED file 3LXK-impref_ref0.out on unit   2
 Entering IMPACT execution environment 
 Date: Monday, October 02 2017, at 15:52:25 EDT
 Impact version 76016
 mmshare version        39016
 Copyright (c) Schrodinger, LLC.
 All Rights Reserved.

 Host: Linux ls04 3.10.0-514.21.2.el7.x86_64 #1 SMP Tue Jun 20 12:24:47 UTC 2017 x86_64
 Job Name: 3LXK-impref_ref0
 SCHRODINGER  directory: /data/chodera/schrodinger/schrodinger2017-3-advanced
 IMPACT_EXEC  directory: /data/chodera/schrodinger/schrodinger2017-3-advanced/impact-v7.6/bin/Linux-x86_64
 MMSHARE_EXEC directory: /data/chodera/schrodinger/schrodinger2017-3-advanced/mmshare-v3.9/bin/Linux-x86_64

 Clock-based global random seed:     1506973945
%IMPACT-I(foldmain): calling OPLS3 atomtyping ...
%IMPACT-I(foldmain): finished parameter assignment
 PARM read from file "paramstd.dat"
 Parameter obtained from atomtyping
      Current coord. are written to file: "3LXK-impref.init_coord.rst"
      Box dimensions not written


 Total number of atoms  =  4573
 
 Neighbor List Cutoff Settings
 ==================================
 Cutoff radius:   10.0000000000000     
 Update frequency: every           10  steps
 Species   1 : Neighbors are calculated on a per residue basis
 Species   1 : Cutoff by inter-atomic distances
 
 Step number:          0         Non-bonded count:  1069184
 E-pot        RMS grad     Max grad    
 -7.41765E+03  6.10390E+00  1.61122E+02
 Step number:         10         Non-bonded count:  1069184
 -7.79789E+03  7.57063E-01  1.32426E+01
 Step number:         20         Non-bonded count:  1069184
 -7.86087E+03  6.71256E-01  3.97100E+01
 Step number:         30         Non-bonded count:  1069184
 -7.88168E+03  3.34507E-01  4.96115E+00
 Step number:         40         Non-bonded count:  1069184
 -7.89392E+03  4.15095E-01  2.31934E+01
 Step number:         50         Non-bonded count:  1069184
 -7.90571E+03  2.86889E-01  5.85751E+00
 Step number:         60         Non-bonded count:  1069184
 -7.91346E+03  2.52751E-01  1.10346E+01
 Step number:         70         Non-bonded count:  1069184
 -7.91877E+03  2.49883E-01  8.59788E+00
 Step number:         80         Non-bonded count:  1069184
 -7.92312E+03  2.81311E-01  8.77632E+00
 Step number:         90         Non-bonded count:  1069184
 -7.92669E+03  2.60981E-01  1.46559E+01
 Step number:        100         Non-bonded count:  1069184
 -7.92984E+03  2.19315E-01  7.95793E+00
 Step number:        100         Non-bonded count:  1069184
 -7.92984E+03  2.19315E-01  7.95793E+00
      Current coord. are written to file: "3LXK-impref.min0_coord.rst"
      Box dimensions not written
      Current coordinates are read from file: "3LXK-impref.init_coord.rst"
      Box dimensions not read
          read from "3LXK-impref.init_coord.rst"
  
 Energy and Force Generation Info: 
 --------------------------------- 
 Number of E&F called:     277
 PARM read from file "paramstd.dat"
 Parameter obtained from atomtyping
      Current coordinates are read from file: "3LXK-impref.min0_coord.rst"
      Box dimensions not read
          read from "3LXK-impref.min0_coord.rst"


 Total number of atoms  =  4573
 
 Neighbor List Cutoff Settings
 ==================================
 Cutoff radius:   10.0000000000000     
 Update frequency: every           10  steps
 Species   1 : Neighbors are calculated on a per residue basis
 Species   1 : Cutoff by inter-atomic distances
 
 Step number:          0         Non-bonded count:  1069184
 E-pot        RMS grad     Max grad    
 -6.76646E+03  2.83487E+00  2.52307E+01
 Step number:         10         Non-bonded count:  1069184
 -7.51705E+03  1.85521E+00  7.80001E+01
 Step number:         20         Non-bonded count:  1069184
 -7.67760E+03  1.20796E+00  4.78637E+01
 Step number:         30         Non-bonded count:  1069184
 -7.73699E+03  7.55292E-01  2.78610E+01
 Step number:         40         Non-bonded count:  1069184
 -7.76096E+03  4.97651E-01  1.19217E+01
 Step number:         50         Non-bonded count:  1069184
 -7.76954E+03  2.59065E-01  8.53891E+00
 Step number:         60         Non-bonded count:  1069184
 -7.77254E+03  1.73918E-01  4.05949E+00
 Step number:         70         Non-bonded count:  1069184
 -7.77596E+03  1.87105E-01  6.51545E+00
 Step number:         80         Non-bonded count:  1069184
 -7.77804E+03  1.48584E-01  6.04560E+00
 Step number:         90         Non-bonded count:  1069184
 -7.77937E+03  1.48894E-01  5.87361E+00
 Step number:        100         Non-bonded count:  1069184
 -7.78060E+03  1.18619E-01  3.92543E+00
 Step number:        100         Non-bonded count:  1069184
 -7.78060E+03  1.18619E-01  3.92543E+00
  
 Energy and Force Generation Info: 
 --------------------------------- 
 Number of E&F called:     567


Final Energy Reports:
------------------------------------
 Total Energy of the system...... -7.78060E+03 kcal/mol
 Total Potential Energy.......... -7.78060E+03 kcal/mol
 Total Kinetic Energy............  0.00000E+00 kcal/mol
 Temperature of the system.......        0.000 K
 Bond Stretch Energy.............  7.21227E+00 kcal/mol
 Angle Bending Energy............  2.25385E+02 kcal/mol
 Torsion Angle Energy............  3.95776E+00 kcal/mol
 Restraining Energy for Torsions.  0.00000E+00 kcal/mol
 1,4 Lennard Jones Energy........  4.12609E+02 kcal/mol
 1,4 Electrostatic Energy........ -4.68402E+02 kcal/mol
 Lennard Jones Energy............ -6.59449E+02 kcal/mol
 Electrostatic Energy............ -7.30191E+03 kcal/mol
 H-bond Energy...................  0.00000E+00 kcal/mol
 
 Exiting IMPACT execution environment 
 Date: Monday, October 02 2017, at 15:52:41 EDT
%IMPACT-I (timit): Total CPU time =      15.94 seconds (   0.3 minutes)
Total elapsed time = 17 seconds
  ** Completed refinement level 0      rmsd =  0.057

** Refinement finished. Final level: 0

** The refined complex file is 3LXK-impref_ref.mae.
