
Working on structure 1
Fixing common structure mistakes...
  No mistakes were found
Pre-treating metals...
Done treating metals
Assigning bond orders...
  Using CCD: True
CCD template assignment successfully used for HET "MI1 "
  Assigned the following bonds (format: atom1, atom2, order): set([(2219, 2220, 3), (2231, 2230, 2), (2224, 2232, 2), (2227, 2226, 2), (2229, 2225, 2), (2217, 2216, 2)])
Adding hydrogens...
Treating metals...
Creating di-sulfur bonds...
Converting Selenomethionines...
Detecting missing residue atoms...
Filling missing side chains using Prime...
Prime output file: /cbio/jclab/home/albaness/github/PDBfinder/pdbs/Tofacitinib-JAK3/fixed/3LXK-fixed/3lxk-missing-side-chains-out.maegz
Filling missing loops using Prime...
Prime output file: /cbio/jclab/home/albaness/github/PDBfinder/pdbs/Tofacitinib-JAK3/fixed/3LXK-fixed/3lxk-missing-loops-out.maegz
Capping protein termini...
CapTermini:     Added NMA Cap: A:1098A
CapTermini:     Added ACE Cap: A:814
  The following terminal residues have been capped: A:1098, A:815
Finding het groups...
Coloring atoms by element (green carbons in hets)...
Finding het groups (for Epik)...
Processing 1 het groups...
  Using Epik with pH: 7.4
        and pH Range: 0.0
  Max states per het: 32
Running Epik on 1 het groups...
  Waiting for epik...
  Het A:MI1 (1125): keeping all 1 state(s):
    State penalty: -0.00 kcal/mol; H-Bond count: 1.
Running ProtAssign...
  Uses -minimize option in ProtAssign
  Using PROPKA with pH: 7.4
  RUNNING: /cbio/jclab/share/schrodinger/schrodinger2016-3/utilities/protassign 3LXK-protassign.mae 3LXK-protassign-out.mae -NOJOBID -nowater -minimize -propka_pH 7.4
Optimize H-bond job completed.
Running restrained minimization...
  RMSD: 0.3
  Force field: 2005
  hydrogens only
done with preparation
Writing to file...
DONE. Output file: ../3LXK-fixed.pdb
