
** Heavy-atom coordinates will be fixed: maxlevel set to 0
  **
  ** Beginning refinement level 0
  **

%IMPACT-I (openwt): Request to open FORMATTED file 4ZAU-impref_ref0.out on unit   2
 Entering IMPACT execution environment 
 Date: Thursday, December 01 2016, at 02:20:54 EST
 Impact version 72014
 mmshare version        35014
 Copyright (c) Schrodinger, LLC.
 All Rights Reserved.

 Host: Linux cc05.local 2.6.32-573.18.1.el6.x86_64 #1 SMP Tue Feb 9 22:46:17 UTC 2016 x86_64
 Job Name: 4ZAU-impref_ref0
 SCHRODINGER  directory: /cbio/jclab/share/schrodinger/schrodinger2016-3
 IMPACT_EXEC  directory: /cbio/jclab/share/schrodinger/schrodinger2016-3/impact-v7.2/bin/Linux-x86_64
 MMSHARE_EXEC directory: /cbio/jclab/share/schrodinger/schrodinger2016-3/mmshare-v3.5/bin/Linux-x86_64

 Clock-based global random seed:     1480576854
%IMPACT-I(foldmain): calling OPLS_2005 atomtyping ...
%IMPACT-I(foldmain): finished parameter assignment
 PARM read from file "paramstd.dat"
 Parameter obtained from atomtyping
      Current coord. are written to file: "4ZAU-impref.init_coord.rst"
      Box dimensions not written


 Total number of atoms  =  4889
 
 Neighbor List Cutoff Settings
 ==================================
 Cutoff radius:   10.0000000000000     
 Update frequency: every           10  steps
 Species   1 : Neighbors are calculated on a per residue basis
 Species   1 : Cutoff by inter-atomic distances
 
 Step number:          0         Non-bonded count:  1169376
 E-pot        RMS grad     Max grad    
  1.41340E+07  4.98165E+06  1.84839E+08
 Step number:         10         Non-bonded count:  1169376
 -7.23911E+03  1.68568E+00  3.73808E+01
 Step number:         20         Non-bonded count:  1169376
 -7.38480E+03  1.08415E+00  3.73878E+01
 Step number:         30         Non-bonded count:  1169376
 -7.44827E+03  6.29880E-01  1.99045E+01
 Step number:         40         Non-bonded count:  1169376
 -7.46995E+03  4.96099E-01  1.98973E+01
 Step number:         50         Non-bonded count:  1169376
 -7.48475E+03  3.85913E-01  1.70307E+01
 Step number:         60         Non-bonded count:  1169376
 -7.49144E+03  2.32449E-01  5.17990E+00
 Step number:         70         Non-bonded count:  1169376
 -7.49577E+03  1.85790E-01  4.38735E+00
 Step number:         80         Non-bonded count:  1169376
 -7.49860E+03  1.51351E-01  3.29635E+00
 Step number:         90         Non-bonded count:  1169376
 -7.50176E+03  2.20453E-01  4.54491E+00
 Step number:        100         Non-bonded count:  1169376
 -7.50550E+03  2.05856E-01  6.25234E+00
 Step number:        100         Non-bonded count:  1169376
 -7.50550E+03  2.05856E-01  6.25234E+00
      Current coord. are written to file: "4ZAU-impref.min0_coord.rst"
      Box dimensions not written
      Current coordinates are read from file: "4ZAU-impref.init_coord.rst"
      Box dimensions not read
          read from "4ZAU-impref.init_coord.rst"
  
 Energy and Force Generation Info: 
 --------------------------------- 
 Number of E&F called:     282
 PARM read from file "paramstd.dat"
 Parameter obtained from atomtyping
      Current coordinates are read from file: "4ZAU-impref.min0_coord.rst"
      Box dimensions not read
          read from "4ZAU-impref.min0_coord.rst"


 Total number of atoms  =  4889
 
 Neighbor List Cutoff Settings
 ==================================
 Cutoff radius:   10.0000000000000     
 Update frequency: every           10  steps
 Species   1 : Neighbors are calculated on a per residue basis
 Species   1 : Cutoff by inter-atomic distances
 
 Step number:          0         Non-bonded count:  1169376
 E-pot        RMS grad     Max grad    
 -6.28542E+03  2.94058E+00  3.05330E+01
 Step number:         10         Non-bonded count:  1169376
 -7.05500E+03  2.63797E+00  1.50446E+02
 Step number:         20         Non-bonded count:  1169376
 -7.16297E+03  8.99445E-01  4.46149E+01
 Step number:         30         Non-bonded count:  1169376
 -7.18996E+03  4.38274E-01  1.01259E+01
 Step number:         40         Non-bonded count:  1169376
 -7.20007E+03  3.03199E-01  1.55457E+01
 Step number:         50         Non-bonded count:  1169376
 -7.20385E+03  1.78596E-01  6.17112E+00
 Step number:         60         Non-bonded count:  1169376
 -7.20617E+03  1.54527E-01  4.84751E+00
 Step number:         70         Non-bonded count:  1169376
 -7.20758E+03  1.24868E-01  6.62696E+00
 Step number:         80         Non-bonded count:  1169376
 -7.20820E+03  6.89776E-02  1.71401E+00
 Step number:         90         Non-bonded count:  1169376
 -7.20859E+03  8.37751E-02  1.60717E+00
 Step number:        100         Non-bonded count:  1169376
 -7.20922E+03  7.83633E-02  2.87327E+00
 Step number:        100         Non-bonded count:  1169376
 -7.20922E+03  7.83633E-02  2.87327E+00
  
 Energy and Force Generation Info: 
 --------------------------------- 
 Number of E&F called:     558


Final Energy Reports:
------------------------------------
 Total Energy of the system...... -7.20922E+03 kcal/mol
 Total Potential Energy.......... -7.20922E+03 kcal/mol
 Total Kinetic Energy............  0.00000E+00 kcal/mol
 Temperature of the system.......        0.000 K
 Bond Stretch Energy.............  1.39278E+01 kcal/mol
 Angle Bending Energy............  4.75657E+02 kcal/mol
 Torsion Angle Energy............  1.83137E+02 kcal/mol
 Restraining Energy for Torsions.  0.00000E+00 kcal/mol
 1,4 Lennard Jones Energy........  4.93517E+02 kcal/mol
 1,4 Electrostatic Energy........ -3.15264E+02 kcal/mol
 Lennard Jones Energy............ -4.25641E+02 kcal/mol
 Electrostatic Energy............ -7.63455E+03 kcal/mol
 H-bond Energy...................  0.00000E+00 kcal/mol
 
 Exiting IMPACT execution environment 
 Date: Thursday, December 01 2016, at 02:21:16 EST
%IMPACT-I (timit): Total CPU time =      22.09 seconds (   0.4 minutes)
Total elapsed time = 23 seconds
  ** Completed refinement level 0      rmsd =  0.034

** Refinement finished. Final level: 0

** The refined complex file is 4ZAU-impref_ref.mae.
