
** Heavy-atom coordinates will be fixed: maxlevel set to 0
  **
  ** Beginning refinement level 0
  **

%IMPACT-I (openwt): Request to open FORMATTED file 2GQG-impref_ref0.out on unit   2
 Entering IMPACT execution environment 
 Date: Thursday, December 21 2017, at 15:16:38 EST
 Impact version 77011
 mmshare version        40011
 Copyright (c) Schrodinger, LLC.
 All Rights Reserved.

 Host: Linux ls04 3.10.0-514.21.2.el7.x86_64 #1 SMP Tue Jun 20 12:24:47 UTC 2017 x86_64
 Job Name: 2GQG-impref_ref0
 SCHRODINGER  directory: /data/chodera/schrodinger/schrodinger2017-4-advanced
 IMPACT_EXEC  directory: /data/chodera/schrodinger/schrodinger2017-4-advanced/impact-v7.7/bin/Linux-x86_64
 MMSHARE_EXEC directory: /data/chodera/schrodinger/schrodinger2017-4-advanced/mmshare-v4.0/bin/Linux-x86_64

 Clock-based global random seed:     1513887398
%IMPACT-I(foldmain): calling OPLS3 atomtyping ...
%IMPACT-I(foldmain): finished parameter assignment
 PARM read from file "paramstd.dat"
 Parameter obtained from atomtyping
      Current coord. are written to file: "2GQG-impref.init_coord.rst"
      Box dimensions not written


 Total number of atoms  =  4520
 
 Neighbor List Cutoff Settings
 ==================================
 Cutoff radius:   10.0000000000000     
 Update frequency: every           10  steps
 Species   1 : Neighbors are calculated on a per residue basis
 Species   1 : Cutoff by inter-atomic distances
 
 Step number:          0         Non-bonded count:  1052141
 E-pot        RMS grad     Max grad    
  1.15785E+05  3.18361E+04  1.58852E+06
 Step number:         10         Non-bonded count:  1052141
 -6.94396E+03  1.35217E+00  3.83383E+01
 Step number:         20         Non-bonded count:  1052099
 -7.08371E+03  7.99304E-01  1.57184E+01
 Step number:         30         Non-bonded count:  1052243
 -7.12251E+03  4.67646E-01  1.26411E+01
 Step number:         40         Non-bonded count:  1052222
 -7.14005E+03  4.24491E-01  9.62811E+00
 Step number:         50         Non-bonded count:  1052222
 -7.15532E+03  3.09697E-01  5.95315E+00
 Step number:         60         Non-bonded count:  1052222
 -7.16426E+03  2.02926E-01  6.34146E+00
 Step number:         70         Non-bonded count:  1052222
 -7.16913E+03  1.41023E-01  3.97944E+00
 Step number:         80         Non-bonded count:  1052222
 -7.17201E+03  1.50186E-01  2.82310E+00
 Step number:         90         Non-bonded count:  1052222
 -7.17368E+03  1.14127E-01  2.55422E+00
 Step number:        100         Non-bonded count:  1052243
 -7.17516E+03  1.06224E-01  1.75414E+00
 Step number:        100         Non-bonded count:  1052243
 -7.17516E+03  1.06224E-01  1.75414E+00
      Current coord. are written to file: "2GQG-impref.min0_coord.rst"
      Box dimensions not written
      Current coordinates are read from file: "2GQG-impref.init_coord.rst"
      Box dimensions not read
          read from "2GQG-impref.init_coord.rst"
  
 Energy and Force Generation Info: 
 --------------------------------- 
 Number of E&F called:     289
 PARM read from file "paramstd.dat"
 Parameter obtained from atomtyping
      Current coordinates are read from file: "2GQG-impref.min0_coord.rst"
      Box dimensions not read
          read from "2GQG-impref.min0_coord.rst"


 Total number of atoms  =  4520
 
 Neighbor List Cutoff Settings
 ==================================
 Cutoff radius:   10.0000000000000     
 Update frequency: every           10  steps
 Species   1 : Neighbors are calculated on a per residue basis
 Species   1 : Cutoff by inter-atomic distances
 
 Step number:          0         Non-bonded count:  1052243
 E-pot        RMS grad     Max grad    
 -5.99005E+03  3.10557E+00  2.51397E+01
 Step number:         10         Non-bonded count:  1052243
 -6.81583E+03  1.68829E+00  2.55296E+01
 Step number:         20         Non-bonded count:  1052072
 -6.93854E+03  6.65916E-01  2.53198E+01
 Step number:         30         Non-bonded count:  1052072
 -6.95683E+03  1.94191E-01  5.89354E+00
 Step number:         40         Non-bonded count:  1052072
 -6.95968E+03  1.38860E-01  4.03204E+00
 Step number:         50         Non-bonded count:  1052072
 -6.96175E+03  1.10438E-01  2.52012E+00
 Step number:         60         Non-bonded count:  1052072
 -6.96276E+03  7.43776E-02  2.16523E+00
 Step number:         70         Non-bonded count:  1052051
 -6.96335E+03  5.51735E-02  1.65391E+00
 Step number:         73         Non-bonded count:  1052051
 -6.96346E+03  4.97678E-02  1.37030E+00
 Step number:         73         Non-bonded count:  1052051
 -6.96346E+03  4.97678E-02  1.37030E+00
  
 Energy and Force Generation Info: 
 --------------------------------- 
 Number of E&F called:     514


Final Energy Reports:
------------------------------------
 Total Energy of the system...... -6.96346E+03 kcal/mol
 Total Potential Energy.......... -6.96346E+03 kcal/mol
 Total Kinetic Energy............  0.00000E+00 kcal/mol
 Temperature of the system.......        0.000 K
 Bond Stretch Energy.............  1.55662E+01 kcal/mol
 Angle Bending Energy............  2.82357E+02 kcal/mol
 Torsion Angle Energy............  6.09020E+01 kcal/mol
 Restraining Energy for Torsions.  0.00000E+00 kcal/mol
 1,4 Lennard Jones Energy........  4.10375E+02 kcal/mol
 1,4 Electrostatic Energy........ -2.72660E+02 kcal/mol
 Lennard Jones Energy............ -3.89053E+02 kcal/mol
 Electrostatic Energy............ -7.07095E+03 kcal/mol
 H-bond Energy...................  0.00000E+00 kcal/mol
 
 Exiting IMPACT execution environment 
 Date: Thursday, December 21 2017, at 15:16:57 EST
%IMPACT-I (timit): Total CPU time =      18.88 seconds (   0.3 minutes)
Total elapsed time = 20 seconds
  ** Completed refinement level 0      rmsd =  0.033

** Refinement finished. Final level: 0

** The refined complex file is 2GQG-impref_ref.mae.
