
** Heavy-atom coordinates will be fixed: maxlevel set to 0
  **
  ** Beginning refinement level 0
  **

%IMPACT-I (openwt): Request to open FORMATTED file 4WKQ-impref_ref0.out on unit   2
 Entering IMPACT execution environment 
 Date: Wednesday, November 30 2016, at 23:02:08 EST
 Impact version 72014
 mmshare version        35014
 Copyright (c) Schrodinger, LLC.
 All Rights Reserved.

 Host: Linux cc05.local 2.6.32-573.18.1.el6.x86_64 #1 SMP Tue Feb 9 22:46:17 UTC 2016 x86_64
 Job Name: 4WKQ-impref_ref0
 SCHRODINGER  directory: /cbio/jclab/share/schrodinger/schrodinger2016-3
 IMPACT_EXEC  directory: /cbio/jclab/share/schrodinger/schrodinger2016-3/impact-v7.2/bin/Linux-x86_64
 MMSHARE_EXEC directory: /cbio/jclab/share/schrodinger/schrodinger2016-3/mmshare-v3.5/bin/Linux-x86_64

 Clock-based global random seed:     1480564927
%IMPACT-I(foldmain): calling OPLS_2005 atomtyping ...
%IMPACT-I(foldmain): finished parameter assignment
 PARM read from file "paramstd.dat"
 Parameter obtained from atomtyping
      Current coord. are written to file: "4WKQ-impref.init_coord.rst"
      Box dimensions not written


 Total number of atoms  =  5375
 
 Neighbor List Cutoff Settings
 ==================================
 Cutoff radius:   10.0000000000000     
 Update frequency: every           10  steps
 Species   1 : Neighbors are calculated on a per residue basis
 Species   1 : Cutoff by inter-atomic distances
 
 Step number:          0         Non-bonded count:  1359262
 E-pot        RMS grad     Max grad    
 -1.07696E+04  1.00582E+02  4.21343E+03
 Step number:         10         Non-bonded count:  1359262
 -1.43104E+04  1.36351E+00  2.78201E+01
 Step number:         20         Non-bonded count:  1359262
 -1.43816E+04  6.86847E-01  2.17212E+01
 Step number:         30         Non-bonded count:  1359262
 -1.44075E+04  4.12535E-01  9.51378E+00
 Step number:         40         Non-bonded count:  1359262
 -1.44167E+04  2.87947E-01  6.90400E+00
 Step number:         50         Non-bonded count:  1359262
 -1.44229E+04  1.97268E-01  3.27520E+00
 Step number:         60         Non-bonded count:  1359262
 -1.44258E+04  1.52027E-01  2.85095E+00
 Step number:         70         Non-bonded count:  1359262
 -1.44274E+04  1.45618E-01  3.96402E+00
 Step number:         80         Non-bonded count:  1359262
 -1.44285E+04  9.46927E-02  2.08267E+00
 Step number:         90         Non-bonded count:  1359262
 -1.44294E+04  1.00638E-01  2.69286E+00
 Step number:        100         Non-bonded count:  1359262
 -1.44302E+04  1.00831E-01  2.35078E+00
 Step number:        100         Non-bonded count:  1359262
 -1.44302E+04  1.00831E-01  2.35078E+00
      Current coord. are written to file: "4WKQ-impref.min0_coord.rst"
      Box dimensions not written
      Current coordinates are read from file: "4WKQ-impref.init_coord.rst"
      Box dimensions not read
          read from "4WKQ-impref.init_coord.rst"
  
 Energy and Force Generation Info: 
 --------------------------------- 
 Number of E&F called:     260
 PARM read from file "paramstd.dat"
 Parameter obtained from atomtyping
      Current coordinates are read from file: "4WKQ-impref.min0_coord.rst"
      Box dimensions not read
          read from "4WKQ-impref.min0_coord.rst"


 Total number of atoms  =  5375
 
 Neighbor List Cutoff Settings
 ==================================
 Cutoff radius:   10.0000000000000     
 Update frequency: every           10  steps
 Species   1 : Neighbors are calculated on a per residue basis
 Species   1 : Cutoff by inter-atomic distances
 
 Step number:          0         Non-bonded count:  1359262
 E-pot        RMS grad     Max grad    
 -1.35638E+04  2.34876E+00  2.84762E+01
 Step number:         10         Non-bonded count:  1359262
 -1.40832E+04  1.18133E+00  2.79336E+01
 Step number:         20         Non-bonded count:  1359262
 -1.41387E+04  4.20713E-01  1.54310E+01
 Step number:         30         Non-bonded count:  1359262
 -1.41521E+04  2.95557E-01  5.96699E+00
 Step number:         40         Non-bonded count:  1359262
 -1.41568E+04  1.82662E-01  4.03294E+00
 Step number:         50         Non-bonded count:  1359262
 -1.41584E+04  1.05382E-01  2.25478E+00
 Step number:         59         Non-bonded count:  1359262
 -1.41589E+04  4.80366E-02  1.71510E+00
 Step number:         59         Non-bonded count:  1359262
 -1.41589E+04  4.80366E-02  1.71510E+00
  
 Energy and Force Generation Info: 
 --------------------------------- 
 Number of E&F called:     424


Final Energy Reports:
------------------------------------
 Total Energy of the system...... -1.41589E+04 kcal/mol
 Total Potential Energy.......... -1.41589E+04 kcal/mol
 Total Kinetic Energy............  0.00000E+00 kcal/mol
 Temperature of the system.......        0.000 K
 Bond Stretch Energy.............  1.63180E+01 kcal/mol
 Angle Bending Energy............  3.41520E+02 kcal/mol
 Torsion Angle Energy............  1.79011E+02 kcal/mol
 Restraining Energy for Torsions.  0.00000E+00 kcal/mol
 1,4 Lennard Jones Energy........  3.64936E+02 kcal/mol
 1,4 Electrostatic Energy........ -3.20549E+02 kcal/mol
 Lennard Jones Energy............ -7.92853E+02 kcal/mol
 Electrostatic Energy............ -1.39473E+04 kcal/mol
 H-bond Energy...................  0.00000E+00 kcal/mol
 
 Exiting IMPACT execution environment 
 Date: Wednesday, November 30 2016, at 23:02:28 EST
%IMPACT-I (timit): Total CPU time =      19.88 seconds (   0.3 minutes)
Total elapsed time = 22 seconds
  ** Completed refinement level 0      rmsd =  0.029

** Refinement finished. Final level: 0

** The refined complex file is 4WKQ-impref_ref.mae.
