  Running PropKa to get pKas

Clusters to optimize:
    Cluster 1:
        A:ASN 700 
        A:SER 768 : HG 
        A:TYR 764 : HH 
    Cluster 2:
        A:GLN 701 
    Cluster 3:
        A:ASN 756 
    Cluster 4:
        A:ASN 771 
    Cluster 5:
        A:GLN 787 
        A:GLU 746 
        A:GLU 709 
        A:THR 785 : HG1
        A:THR 783 : HG1
        A:CYS 781 : HG 
        A:LYS 714 
    Cluster 6:
        A:GLN 791 
        A:GLU 1015 
        A:ASP 1014 
        A:ASP 1012 
        A:HID 850 
        A:LYS 852 
        A:LYS 846 
    Cluster 7:
        A:ASN 808 
    Cluster 8:
        A:GLN 812 
        A:ASN 816 
    Cluster 9:
        A:GLN 820 
        A:HID 773 
    Cluster 10:
        A:ASN 826 
        A:ASP 830 
    Cluster 11:
        A:ASN 842 
        A:ASP 837 
    Cluster 12:
        A:GLN 849 
        A:THR 847 : HG1
    Cluster 13:
        A:GLN 894 
        A:GLU 829 
        A:HID 893 
        A:LYS 960 
    Cluster 14:
        A:GLN 935 
    Cluster 15:
        A:GLN 976 
        A:ASP 984 
        A:SER 811 : HG 
    Cluster 16:
        A:GLN 982 
    Cluster 17:
        A:GLN 1020 
        A:ASP 770 
    Cluster 18:
        A:LYS 708 
        A:GLU 734 
        A:GLU 711 
    Cluster 19:
        A:LYS 713 
    Cluster 20:
        A:LYS 716 
    Cluster 21:
        A:LYS 728 
    Cluster 22:
        A:LYS 737 
        A:ASP 1009 
        A:LYS 739 
    Cluster 23:
        A:LYS 745 
        A:ASP 855 
        A:GLU 762 
    Cluster 24:
        A:LYS 754 
    Cluster 25:
        A:LYS 757 
        A:ASP 761 
        A:GLU 758 
        A:LYS 860 
    Cluster 26:
        A:LYS 806 
        A:ASP 807 
    Cluster 27:
        A:LYS 823 
    Cluster 28:
        A:LYS 867 
        A:ASP 956 
    Cluster 29:
        A:LYS 875 
    Cluster 30:
        A:LYS 879 
    Cluster 31:
        A:LYS 913 
        A:ASP 916 
    Cluster 32:
        A:LYS 929 
        A:GLU 931 
    Cluster 33:
        A:LYS 949 
    Cluster 34:
        A:LYS 970 
        A:GLU 967 
    Cluster 35:
        A:HID 805 
    Cluster 36:
        A:HID 835 
    Cluster 37:
        A:HID 870 
        A:GLU 872 
    Cluster 38:
        A:HID 888 
    Cluster 39:
        A:THR 710 : HG1
    Cluster 40:
        A:SER 720 : HG 
    Cluster 41:
        A:THR 725 : HG1
    Cluster 42:
        A:TYR 727 : HH 
    Cluster 43:
        A:THR 751 : HG1
    Cluster 44:
        A:SER 752 : HG 
    Cluster 45:
        A:CYS 775 : HG 
    Cluster 46:
        A:SER 784 : HG 
    Cluster 47:
        A:THR 790 : HG1
    Cluster 48:
        A:CSX 797 : HD 
        A:ASP 800 
    Cluster 49:
        A:TYR 801 : HH 
    Cluster 50:
        A:TYR 813 : HH 
    Cluster 51:
        A:CYS 818 : HG 
    Cluster 52:
        A:TYR 827 : HH 
    Cluster 53:
        A:THR 854 : HG1
    Cluster 54:
        A:TYR 869 : HH 
    Cluster 55:
        A:SER 885 : HG 
        A:SER 895 : HG 
    Cluster 56:
        A:TYR 891 : HH 
    Cluster 57:
        A:THR 892 : HG1
    Cluster 58:
        A:SER 899 : HG 
    Cluster 59:
        A:TYR 900 : HH 
    Cluster 60:
        A:THR 903 : HG1
    Cluster 61:
        A:THR 909 : HG1
    Cluster 62:
        A:SER 912 : HG 
    Cluster 63:
        A:TYR 915 : HH 
    Cluster 64:
        A:SER 921 : HG 
    Cluster 65:
        A:SER 924 : HG 
        A:GLU 928 
    Cluster 66:
        A:SER 925 : HG 
    Cluster 67:
        A:CYS 939 : HG 
    Cluster 68:
        A:THR 940 : HG1
        A:ASP 942 
    Cluster 69:
        A:TYR 944 : HH 
    Cluster 70:
        A:CYS 950 : HG 
    Cluster 71:
        A:SER 957 : HG 
        A:ASP 954 
    Cluster 72:
        A:SER 969 : HG 
    Cluster 73:
        A:TYR 978 : HH 
    Cluster 74:
        A:TYR 1016 : HH 
    Cluster 75:
        A:GLU 697 
    Cluster 76:
        A:GLU 736 
    Cluster 77:
        A:GLU 749 
    Cluster 78:
        A:GLU 804 
    Cluster 79:
        A:GLU 865 
    Cluster 80:
        A:GLU 866 
    Cluster 81:
        A:GLU 868 
    Cluster 82:
        A:GLU 884 
    Cluster 83:
        A:ASP 896 
    Cluster 84:
        A:GLU 906 
    Cluster 85:
        A:GLU 922 
    Cluster 86:
        A:GLU 963 
    Cluster 87:
        A:ASP 974 
    Cluster 88:
        A:ASP 1008 

Working on cluster #1...
    A:ASN 700  : 2 states
    A:SER 768 : HG  : 7 states
    A:TYR 764 : HH  : 4 states

  Scoring exhaustively (56 potential combinations)...

  Cluster results:
    A:ASN 700  : No Flip
    A:SER 768 : HG  : Orientation 1/7
    A:TYR 764 : HH  : Orientation 1/3 (pKa = 9.67)

Working on cluster #2...
    A:GLN 701  : 2 states

  Scoring exhaustively (2 potential combinations)...

  Cluster results:
    A:GLN 701  : No Flip

Working on cluster #3...
    A:ASN 756  : 2 states

  Scoring exhaustively (2 potential combinations)...

  Cluster results:
    A:ASN 756  : No Flip

Working on cluster #4...
    A:ASN 771  : 2 states

  Scoring exhaustively (2 potential combinations)...
    No valid conformations found. Trying again with less strict requirements.

  Cluster results:
    A:ASN 771  : No Flip

Working on cluster #5...
    A:GLN 787  : 2 states
    A:GLU 746  : 3 states
    A:GLU 709  : 3 states
    A:THR 785 : HG1 : 8 states
    A:THR 783 : HG1 : 9 states
    A:CYS 781 : HG  : 9 states
    A:LYS 714  : 8 states

  Scoring exhaustively (93312 potential combinations)...

  Cluster results:
    A:GLN 787  : No Flip
    A:GLU 746  : Charged (pKa = 4.66)
    A:GLU 709  : Charged (pKa = 2.99)
    A:THR 785 : HG1 : Orientation 6/8
    A:THR 783 : HG1 : Orientation 1/9
    A:CYS 781 : HG  : Orientation 1/8 (pKa = 11.64)
    A:LYS 714  : Orientation 1/1 (pKa = 11.78)

Working on cluster #6...
    A:GLN 791  : 2 states
    A:GLU 1015  : 3 states
    A:ASP 1014  : 3 states
    A:ASP 1012  : 3 states
    A:HID 850  : 6 states
    A:LYS 852  : 24 states
    A:LYS 846  : 20 states

  Scoring exhaustively (155520 potential combinations)...
    No valid conformations found. Trying again with less strict requirements.

  Cluster results:
    A:GLN 791  : No Flip
    A:GLU 1015  : Charged (pKa = 4.98)
    A:ASP 1014  : Charged (pKa = 1.13)
    A:ASP 1012  : Charged (pKa = 2.63)
    A:HID 850  : Flip HIE (pKa = 5.0)
    A:LYS 852  : Orientation 5/5 (pKa = 10.27)
    A:LYS 846  : Orientation 1/4 (pKa = 12.17)

Working on cluster #7...
    A:ASN 808  : 2 states

  Scoring exhaustively (2 potential combinations)...

  Cluster results:
    A:ASN 808  : No Flip

Working on cluster #8...
    A:GLN 812  : 2 states
    A:ASN 816  : 2 states

  Scoring exhaustively (4 potential combinations)...

  Cluster results:
    A:GLN 812  : No Flip
    A:ASN 816  : No Flip

Working on cluster #9...
    A:GLN 820  : 2 states
    A:HID 773  : 6 states

  Scoring exhaustively (12 potential combinations)...

  Cluster results:
    A:GLN 820  : No Flip
    A:HID 773  : HID (pKa = 4.54)

Working on cluster #10...
    A:ASN 826  : 2 states
    A:ASP 830  : 3 states

  Scoring exhaustively (6 potential combinations)...

  Cluster results:
    A:ASN 826  : No Flip
    A:ASP 830  : Charged (pKa = 4.57)

Working on cluster #11...
    A:ASN 842  : 2 states
    A:ASP 837  : 3 states

  Scoring exhaustively (6 potential combinations)...

  Cluster results:
    A:ASN 842  : No Flip
    A:ASP 837  : Charged (pKa = 4.11)

Working on cluster #12...
    A:GLN 849  : 2 states
    A:THR 847 : HG1 : 4 states

  Scoring exhaustively (8 potential combinations)...

  Cluster results:
    A:GLN 849  : No Flip
    A:THR 847 : HG1 : Stagger 3 4/4

Working on cluster #13...
    A:GLN 894  : 2 states
    A:GLU 829  : 3 states
    A:HID 893  : 6 states
    A:LYS 960  : 24 states

  Scoring exhaustively (864 potential combinations)...

  Cluster results:
    A:GLN 894  : No Flip
    A:GLU 829  : Charged (pKa = 4.18)
    A:HID 893  : Flip HIE (pKa = 4.48)
    A:LYS 960  : Orientation 4/5 (pKa = 10.52)

Working on cluster #14...
    A:GLN 935  : 2 states

  Scoring exhaustively (2 potential combinations)...

  Cluster results:
    A:GLN 935  : No Flip

Working on cluster #15...
    A:GLN 976  : 2 states
    A:ASP 984  : 3 states
    A:SER 811 : HG  : 11 states

  Scoring exhaustively (66 potential combinations)...

  Cluster results:
    A:GLN 976  : No Flip
    A:ASP 984  : Charged (pKa = 3.19)
    A:SER 811 : HG  : Orientation 6/11

Working on cluster #16...
    A:GLN 982  : 2 states

  Scoring exhaustively (2 potential combinations)...

  Cluster results:
    A:GLN 982  : No Flip

Working on cluster #17...
    A:GLN 1020  : 2 states
    A:ASP 770  : 3 states

  Scoring exhaustively (6 potential combinations)...

  Cluster results:
    A:GLN 1020  : No Flip
    A:ASP 770  : Charged (pKa = 3.82)

Working on cluster #18...
    A:LYS 708  : 16 states
    A:GLU 734  : 3 states
    A:GLU 711  : 3 states

  Scoring exhaustively (144 potential combinations)...

  Cluster results:
    A:LYS 708  : Orientation 1/3 (pKa = 12.13)
    A:GLU 734  : Charged (pKa = 2.43)
    A:GLU 711  : Charged (pKa = 3.73)

Working on cluster #19...
    A:LYS 713  : 8 states

  Scoring exhaustively (8 potential combinations)...

  Cluster results:
    A:LYS 713  : Orientation 1/1 (pKa = 10.15)

Working on cluster #20...
    A:LYS 716  : 8 states

  Scoring exhaustively (8 potential combinations)...

  Cluster results:
    A:LYS 716  : Orientation 1/1 (pKa = 10.35)

Working on cluster #21...
    A:LYS 728  : 8 states

  Scoring exhaustively (8 potential combinations)...
    No valid conformations found. Trying again with less strict requirements.

  Cluster results:
    A:LYS 728  : Stagger (pKa = 9.25)

Working on cluster #22...
    A:LYS 737  : 8 states
    A:ASP 1009  : 3 states
    A:LYS 739  : 8 states

  Scoring exhaustively (192 potential combinations)...

  Cluster results:
    A:LYS 737  : Orientation 1/1 (pKa = 11.47)
    A:ASP 1009  : Charged (pKa = 1.83)
    A:LYS 739  : Stagger (pKa = 11.25)

Working on cluster #23...
    A:LYS 745  : 12 states
    A:ASP 855  : 3 states
    A:GLU 762  : 3 states

  Scoring exhaustively (108 potential combinations)...

  Cluster results:
    A:LYS 745  : Orientation 1/2 (pKa = 12.85)
    A:ASP 855  : Charged (pKa = 2.23)
    A:GLU 762  : Charged (pKa = 5.51)

Working on cluster #24...
    A:LYS 754  : 8 states

  Scoring exhaustively (8 potential combinations)...

  Cluster results:
    A:LYS 754  : Orientation 1/1 (pKa = 10.32)

Working on cluster #25...
    A:LYS 757  : 24 states
    A:ASP 761  : 3 states
    A:GLU 758  : 3 states
    A:LYS 860  : 16 states

  Scoring exhaustively (3456 potential combinations)...

  Cluster results:
    A:LYS 757  : Orientation 5/5 (pKa = 12.64)
    A:ASP 761  : Charged (pKa = 2.1)
    A:GLU 758  : Charged (pKa = 3.91)
    A:LYS 860  : Orientation 3/3 (pKa = 10.88)

Working on cluster #26...
    A:LYS 806  : 8 states
    A:ASP 807  : 3 states

  Scoring exhaustively (24 potential combinations)...

  Cluster results:
    A:LYS 806  : Orientation 1/1 (pKa = 11.39)
    A:ASP 807  : Charged (pKa = 2.61)

Working on cluster #27...
    A:LYS 823  : 20 states

  Scoring exhaustively (20 potential combinations)...
    No valid conformations found. Trying again with less strict requirements.

  Cluster results:
    A:LYS 823  : Orientation 4/4 (pKa = 10.15)

Working on cluster #28...
    A:LYS 867  : 8 states
    A:ASP 956  : 3 states

  Scoring exhaustively (24 potential combinations)...

  Cluster results:
    A:LYS 867  : Orientation 1/1 (pKa = 11.38)
    A:ASP 956  : Charged (pKa = 3.02)

Working on cluster #29...
    A:LYS 875  : 12 states

  Scoring exhaustively (12 potential combinations)...

  Cluster results:
    A:LYS 875  : Stagger (pKa = 9.53)

Working on cluster #30...
    A:LYS 879  : 12 states

  Scoring exhaustively (12 potential combinations)...

  Cluster results:
    A:LYS 879  : Orientation 1/2 (pKa = 9.69)

Working on cluster #31...
    A:LYS 913  : 8 states
    A:ASP 916  : 3 states

  Scoring exhaustively (24 potential combinations)...

  Cluster results:
    A:LYS 913  : Orientation 1/1 (pKa = 11.36)
    A:ASP 916  : Charged (pKa = 2.65)

Working on cluster #32...
    A:LYS 929  : 12 states
    A:GLU 931  : 3 states

  Scoring exhaustively (36 potential combinations)...

  Cluster results:
    A:LYS 929  : Orientation 2/2 (pKa = 11.32)
    A:GLU 931  : Charged (pKa = 3.64)

Working on cluster #33...
    A:LYS 949  : 12 states

  Scoring exhaustively (12 potential combinations)...

  Cluster results:
    A:LYS 949  : Orientation 1/2 (pKa = 10.39)

Working on cluster #34...
    A:LYS 970  : 8 states
    A:GLU 967  : 3 states

  Scoring exhaustively (24 potential combinations)...

  Cluster results:
    A:LYS 970  : Orientation 1/1 (pKa = 11.38)
    A:GLU 967  : Charged (pKa = 3.67)

Working on cluster #35...
    A:HID 805  : 6 states

  Scoring exhaustively (6 potential combinations)...

  Cluster results:
    A:HID 805  : HID (pKa = 6.34)

Working on cluster #36...
    A:HID 835  : 6 states

  Scoring exhaustively (6 potential combinations)...

  Cluster results:
    A:HID 835  : HID (pKa = 4.53)

Working on cluster #37...
    A:HID 870  : 6 states
    A:GLU 872  : 3 states

  Scoring exhaustively (18 potential combinations)...

  Cluster results:
    A:HID 870  : HID (pKa = 7.17)
    A:GLU 872  : Charged (pKa = 2.67)

Working on cluster #38...
    A:HID 888  : 6 states

  Scoring exhaustively (6 potential combinations)...

  Cluster results:
    A:HID 888  : Flip HID (pKa = 6.34)

Working on cluster #39...
    A:THR 710 : HG1 : 6 states

  Scoring exhaustively (6 potential combinations)...

  Cluster results:
    A:THR 710 : HG1 : Orientation 2/6

Working on cluster #40...
    A:SER 720 : HG  : 5 states

  Scoring exhaustively (5 potential combinations)...

  Cluster results:
    A:SER 720 : HG  : Stagger 2 4/5

Working on cluster #41...
    A:THR 725 : HG1 : 4 states

  Scoring exhaustively (4 potential combinations)...

  Cluster results:
    A:THR 725 : HG1 : Stagger 3 4/4

Working on cluster #42...
    A:TYR 727 : HH  : 3 states

  Scoring exhaustively (3 potential combinations)...

  Cluster results:
    A:TYR 727 : HH  : Default 2 2/2 (pKa = 9.92)

Working on cluster #43...
    A:THR 751 : HG1 : 5 states

  Scoring exhaustively (5 potential combinations)...

  Cluster results:
    A:THR 751 : HG1 : Default 3/5

Working on cluster #44...
    A:SER 752 : HG  : 3 states

  Scoring exhaustively (3 potential combinations)...

  Cluster results:
    A:SER 752 : HG  : Stagger 3 3/3

Working on cluster #45...
    A:CYS 775 : HG  : 8 states

  Scoring exhaustively (8 potential combinations)...

  Cluster results:
    A:CYS 775 : HG  : Orientation 1/7 (pKa = 11.3)

Working on cluster #46...
    A:SER 784 : HG  : 5 states

  Scoring exhaustively (5 potential combinations)...

  Cluster results:
    A:SER 784 : HG  : Stagger 2 4/5

Working on cluster #47...
    A:THR 790 : HG1 : 10 states

  Scoring exhaustively (10 potential combinations)...

  Cluster results:
    A:THR 790 : HG1 : Stagger 1 8/10

Working on cluster #48...
    A:CSX 797 : HD  : 4 states
    A:ASP 800  : 3 states

  Scoring exhaustively (12 potential combinations)...

  Cluster results:
    A:CSX 797 : HD  : Orientation 1/4
    A:ASP 800  : Charged (pKa = 2.52)

Working on cluster #49...
    A:TYR 801 : HH  : 4 states

  Scoring exhaustively (4 potential combinations)...

  Cluster results:
    A:TYR 801 : HH  : Orientation 1/3 (pKa = 11.56)

Working on cluster #50...
    A:TYR 813 : HH  : 3 states

  Scoring exhaustively (3 potential combinations)...

  Cluster results:
    A:TYR 813 : HH  : Orientation 1/2 (pKa = 10.24)

Working on cluster #51...
    A:CYS 818 : HG  : 7 states

  Scoring exhaustively (7 potential combinations)...

  Cluster results:
    A:CYS 818 : HG  : Orientation 1/6 (pKa = 13.29)

Working on cluster #52...
    A:TYR 827 : HH  : 6 states

  Scoring exhaustively (6 potential combinations)...

  Cluster results:
    A:TYR 827 : HH  : Default 1 4/5 (pKa = 10.58)

Working on cluster #53...
    A:THR 854 : HG1 : 8 states

  Scoring exhaustively (8 potential combinations)...

  Cluster results:
    A:THR 854 : HG1 : Orientation 2/8

Working on cluster #54...
    A:TYR 869 : HH  : 5 states

  Scoring exhaustively (5 potential combinations)...

  Cluster results:
    A:TYR 869 : HH  : Orientation 1/4 (pKa = 10.28)

Working on cluster #55...
    A:SER 885 : HG  : 8 states
    A:SER 895 : HG  : 11 states

  Scoring exhaustively (88 potential combinations)...

  Cluster results:
    A:SER 885 : HG  : Stagger 2 7/8
    A:SER 895 : HG  : Orientation 7/11

Working on cluster #56...
    A:TYR 891 : HH  : 5 states

  Scoring exhaustively (5 potential combinations)...

  Cluster results:
    A:TYR 891 : HH  : Orientation 1/4 (pKa = 11.43)

Working on cluster #57...
    A:THR 892 : HG1 : 9 states

  Scoring exhaustively (9 potential combinations)...

  Cluster results:
    A:THR 892 : HG1 : Default 6/9

Working on cluster #58...
    A:SER 899 : HG  : 8 states

  Scoring exhaustively (8 potential combinations)...

  Cluster results:
    A:SER 899 : HG  : Orientation 3/8

Working on cluster #59...
    A:TYR 900 : HH  : 4 states

  Scoring exhaustively (4 potential combinations)...

  Cluster results:
    A:TYR 900 : HH  : Orientation 1/3 (pKa = 16.34)

Working on cluster #60...
    A:THR 903 : HG1 : 6 states

  Scoring exhaustively (6 potential combinations)...

  Cluster results:
    A:THR 903 : HG1 : Orientation 1/6

Working on cluster #61...
    A:THR 909 : HG1 : 5 states

  Scoring exhaustively (5 potential combinations)...

  Cluster results:
    A:THR 909 : HG1 : Orientation 1/5

Working on cluster #62...
    A:SER 912 : HG  : 7 states

  Scoring exhaustively (7 potential combinations)...

  Cluster results:
    A:SER 912 : HG  : Stagger 2 6/7

Working on cluster #63...
    A:TYR 915 : HH  : 3 states

  Scoring exhaustively (3 potential combinations)...

  Cluster results:
    A:TYR 915 : HH  : Orientation 1/2 (pKa = 12.41)

Working on cluster #64...
    A:SER 921 : HG  : 6 states

  Scoring exhaustively (6 potential combinations)...

  Cluster results:
    A:SER 921 : HG  : Stagger 2 5/6

Working on cluster #65...
    A:SER 924 : HG  : 6 states
    A:GLU 928  : 3 states

  Scoring exhaustively (18 potential combinations)...

  Cluster results:
    A:SER 924 : HG  : Orientation 1/6
    A:GLU 928  : Charged (pKa = 4.0)

Working on cluster #66...
    A:SER 925 : HG  : 8 states

  Scoring exhaustively (8 potential combinations)...

  Cluster results:
    A:SER 925 : HG  : Stagger 2 7/8

Working on cluster #67...
    A:CYS 939 : HG  : 6 states

  Scoring exhaustively (6 potential combinations)...

  Cluster results:
    A:CYS 939 : HG  : Stagger 1 3/5 (pKa = 12.22)

Working on cluster #68...
    A:THR 940 : HG1 : 5 states
    A:ASP 942  : 3 states

  Scoring exhaustively (15 potential combinations)...

  Cluster results:
    A:THR 940 : HG1 : Orientation 2/5
    A:ASP 942  : Charged (pKa = 2.71)

Working on cluster #69...
    A:TYR 944 : HH  : 5 states

  Scoring exhaustively (5 potential combinations)...

  Cluster results:
    A:TYR 944 : HH  : Orientation 2/4 (pKa = 10.53)

Working on cluster #70...
    A:CYS 950 : HG  : 6 states

  Scoring exhaustively (6 potential combinations)...

  Cluster results:
    A:CYS 950 : HG  : Stagger 1 3/5 (pKa = 12.51)

Working on cluster #71...
    A:SER 957 : HG  : 9 states
    A:ASP 954  : 3 states

  Scoring exhaustively (27 potential combinations)...

  Cluster results:
    A:SER 957 : HG  : Orientation 6/9
    A:ASP 954  : Charged (pKa = 1.95)

Working on cluster #72...
    A:SER 969 : HG  : 6 states

  Scoring exhaustively (6 potential combinations)...

  Cluster results:
    A:SER 969 : HG  : Orientation 1/6

Working on cluster #73...
    A:TYR 978 : HH  : 4 states

  Scoring exhaustively (4 potential combinations)...

  Cluster results:
    A:TYR 978 : HH  : Orientation 1/3 (pKa = 10.35)

Working on cluster #74...
    A:TYR 1016 : HH  : 4 states

  Scoring exhaustively (4 potential combinations)...

  Cluster results:
    A:TYR 1016 : HH  : Default 1 2/3 (pKa = 10.3)

Working on cluster #75...
    A:GLU 697  : 3 states

  Scoring exhaustively (3 potential combinations)...

  Cluster results:
    A:GLU 697  : Charged (pKa = 3.3)

Working on cluster #76...
    A:GLU 736  : 3 states

  Scoring exhaustively (3 potential combinations)...

  Cluster results:
    A:GLU 736  : Charged (pKa = 3.99)

Working on cluster #77...
    A:GLU 749  : 3 states

  Scoring exhaustively (3 potential combinations)...

  Cluster results:
    A:GLU 749  : Charged (pKa = 4.61)

Working on cluster #78...
    A:GLU 804  : 3 states

  Scoring exhaustively (3 potential combinations)...

  Cluster results:
    A:GLU 804  : Charged (pKa = 4.65)

Working on cluster #79...
    A:GLU 865  : 3 states

  Scoring exhaustively (3 potential combinations)...

  Cluster results:
    A:GLU 865  : Charged (pKa = 4.5)

Working on cluster #80...
    A:GLU 866  : 3 states

  Scoring exhaustively (3 potential combinations)...

  Cluster results:
    A:GLU 866  : Charged (pKa = 4.01)

Working on cluster #81...
    A:GLU 868  : 3 states

  Scoring exhaustively (3 potential combinations)...

  Cluster results:
    A:GLU 868  : Charged (pKa = 4.64)

Working on cluster #82...
    A:GLU 884  : 3 states

  Scoring exhaustively (3 potential combinations)...

  Cluster results:
    A:GLU 884  : Charged (pKa = 5.11)

Working on cluster #83...
    A:ASP 896  : 3 states

  Scoring exhaustively (3 potential combinations)...

  Cluster results:
    A:ASP 896  : Charged (pKa = 6.75)

Working on cluster #84...
    A:GLU 906  : 3 states

  Scoring exhaustively (3 potential combinations)...

  Cluster results:
    A:GLU 906  : Charged (pKa = 6.17)

Working on cluster #85...
    A:GLU 922  : 3 states

  Scoring exhaustively (3 potential combinations)...

  Cluster results:
    A:GLU 922  : Charged (pKa = 4.76)

Working on cluster #86...
    A:GLU 963  : 3 states

  Scoring exhaustively (3 potential combinations)...

  Cluster results:
    A:GLU 963  : Charged (pKa = 3.42)

Working on cluster #87...
    A:ASP 974  : 3 states

  Scoring exhaustively (3 potential combinations)...

  Cluster results:
    A:ASP 974  : Charged (pKa = 3.09)

Working on cluster #88...
    A:ASP 1008  : 3 states

  Scoring exhaustively (3 potential combinations)...

  Cluster results:
    A:ASP 1008  : Charged (pKa = 4.15)


Recalculating pKas to identify changes in protonation penalties...
  Running PropKa to get pKas
    No changes in protonation penalties found.

Minimizing hydrogens...

Total score for structure: -266.285681132

Final pKas:
  A:LYS 708  : 12.13
  A:LYS 713  : 10.15
  A:LYS 714  : 11.78
  A:LYS 716  : 10.35
  A:LYS 728  : 9.25
  A:LYS 737  : 11.47
  A:LYS 739  : 11.25
  A:LYS 745  : 12.85
  A:LYS 754  : 10.32
  A:LYS 757  : 12.64
  A:LYS 806  : 11.39
  A:LYS 823  : 10.15
  A:LYS 846  : 12.17
  A:LYS 852  : 10.26
  A:LYS 860  : 10.88
  A:LYS 867  : 11.38
  A:LYS 875  : 9.53
  A:LYS 879  : 9.69
  A:LYS 913  : 11.36
  A:LYS 929  : 11.32
  A:LYS 949  : 10.39
  A:LYS 960  : 10.53
  A:LYS 970  : 11.38
  A:HID 773  : 4.54
  A:HID 805  : 6.34
  A:HID 835  : 4.53
  A:HID 850  : 4.88
  A:HID 870  : 7.17
  A:HID 888  : 6.34
  A:HID 893  : 4.87
  A:TYR 727 : HH  : 9.92
  A:TYR 764 : HH  : 9.67
  A:CYS 775 : HG  : 11.30
  A:CYS 781 : HG  : 11.64
  A:TYR 801 : HH  : 11.56
  A:TYR 813 : HH  : 10.24
  A:CYS 818 : HG  : 13.29
  A:TYR 827 : HH  : 10.58
  A:TYR 869 : HH  : 10.28
  A:TYR 891 : HH  : 11.43
  A:TYR 900 : HH  : 16.34
  A:TYR 915 : HH  : 12.41
  A:CYS 939 : HG  : 12.22
  A:TYR 944 : HH  : 10.53
  A:CYS 950 : HG  : 12.51
  A:TYR 978 : HH  : 10.35
  A:TYR 1016 : HH  : 10.30
  A:GLU 697  : 3.30
  A:GLU 709  : 2.99
  A:GLU 711  : 3.73
  A:GLU 734  : 2.43
  A:GLU 736  : 3.99
  A:GLU 746  : 4.66
  A:GLU 749  : 4.61
  A:GLU 758  : 3.91
  A:ASP 761  : 2.10
  A:GLU 762  : 5.51
  A:ASP 770  : 3.82
  A:ASP 800  : 2.52
  A:GLU 804  : 4.65
  A:ASP 807  : 2.61
  A:GLU 829  : 4.18
  A:ASP 830  : 4.55
  A:ASP 837  : 4.11
  A:ASP 855  : 2.23
  A:GLU 865  : 4.50
  A:GLU 866  : 4.01
  A:GLU 868  : 4.64
  A:GLU 872  : 2.67
  A:GLU 884  : 5.11
  A:ASP 896  : 6.76
  A:GLU 906  : 6.17
  A:ASP 916  : 2.65
  A:GLU 922  : 4.76
  A:GLU 928  : 4.00
  A:GLU 931  : 3.64
  A:ASP 942  : 2.71
  A:ASP 954  : 1.95
  A:ASP 956  : 3.02
  A:GLU 963  : 3.42
  A:GLU 967  : 3.67
  A:ASP 974  : 3.09
  A:ASP 984  : 3.19
  A:ASP 1008  : 4.15
  A:ASP 1009  : 1.83
  A:ASP 1012  : 2.63
  A:ASP 1014  : 1.13
  A:GLU 1015  : 5.01
Structure extracted from file: 4WKQ-protassign.mae
Output structure will be written to: 4WKQ-protassign-out.mae

Complete. Output file: 4WKQ-protassign-out.mae
