
Working on structure 1
Fixing common structure mistakes...
  No mistakes were found
Pre-treating metals...
Done treating metals
Assigning bond orders...
  Using CCD: True
CCD template assignment failed for HET "CSX " due to:
  Atom count mismatch between the HET and the CCD record.
  Falling back to bond order assignment based on geometry.
CCD template assignment successfully used for HET "IRE "
CCD template assignment successfully used for HET "MES "
  Assigned the following bonds (format: atom1, atom2, order): set([(2358, 2360, 2), (2337, 2338, 2), (695, 696, 2), (2341, 2348, 2), (2333, 2328, 2), (2358, 2361, 2), (2343, 2342, 2), (2329, 2330, 2), (2335, 2334, 2), (2339, 2340, 2), (2347, 2345, 2)])
Adding hydrogens...
Treating metals...
Creating di-sulfur bonds...
Converting Selenomethionines...
Detecting missing residue atoms...
Filling missing side chains using Prime...
Prime output file: /cbio/jclab/home/albaness/github/PDBfinder/pdbs/Gefitinib-EGFR/fixed/4WKQ-fixed/4wkq-missing-side-chains-out.maegz
Filling missing loops using Prime...
Prime output file: /cbio/jclab/home/albaness/github/PDBfinder/pdbs/Gefitinib-EGFR/fixed/4WKQ-fixed/4wkq-missing-loops-out.maegz
Capping protein termini...
CapTermini:     Added NMA Cap: A:984A
CapTermini:     Added NMA Cap: A:1020A
CapTermini:     Added ACE Cap: A:693
CapTermini:     Added ACE Cap: A:1006
  The following terminal residues have been capped: A:984, A:1020, A:694, A:1007
Finding het groups...
Coloring atoms by element (green carbons in hets)...
Finding het groups (for Epik)...
Processing 3 het groups...
  Using Epik with pH: 7.4
        and pH Range: 0.0
  Max states per het: 32
Running Epik on 2 het groups...
  Waiting for epik...
  Het A:IRE (1101): keeping all 1 state(s):
    State penalty: 0.19 kcal/mol; H-Bond count: 0.
  Het A:MES (1103): keeping all 1 state(s):
    State penalty: 0.10 kcal/mol; H-Bond count: 3.
Running ProtAssign...
  Uses -minimize option in ProtAssign
  Using PROPKA with pH: 7.4
  RUNNING: /cbio/jclab/share/schrodinger/schrodinger2016-3/utilities/protassign 4WKQ-protassign.mae 4WKQ-protassign-out.mae -NOJOBID -nowater -minimize -propka_pH 7.4
Optimize H-bond job completed.
Running restrained minimization...
  RMSD: 0.3
  Force field: 2005
  hydrogens only
done with preparation
Writing to file...
DONE. Output file: ../4WKQ-fixed.pdb
