
** Heavy-atom coordinates will be fixed: maxlevel set to 0
  **
  ** Beginning refinement level 0
  **

%IMPACT-I (openwt): Request to open FORMATTED file 3WZE-impref_ref0.out on unit   2
 Entering IMPACT execution environment 
 Date: Wednesday, November 30 2016, at 23:30:22 EST
 Impact version 72014
 mmshare version        35014
 Copyright (c) Schrodinger, LLC.
 All Rights Reserved.

 Host: Linux cc05.local 2.6.32-573.18.1.el6.x86_64 #1 SMP Tue Feb 9 22:46:17 UTC 2016 x86_64
 Job Name: 3WZE-impref_ref0
 SCHRODINGER  directory: /cbio/jclab/share/schrodinger/schrodinger2016-3
 IMPACT_EXEC  directory: /cbio/jclab/share/schrodinger/schrodinger2016-3/impact-v7.2/bin/Linux-x86_64
 MMSHARE_EXEC directory: /cbio/jclab/share/schrodinger/schrodinger2016-3/mmshare-v3.5/bin/Linux-x86_64

 Clock-based global random seed:     1480566622
%IMPACT-I(foldmain): calling OPLS_2005 atomtyping ...
%IMPACT-I(foldmain): finished parameter assignment
 PARM read from file "paramstd.dat"
 Parameter obtained from atomtyping
      Current coord. are written to file: "3WZE-impref.init_coord.rst"
      Box dimensions not written


 Total number of atoms  =  5285
 
 Neighbor List Cutoff Settings
 ==================================
 Cutoff radius:   10.0000000000000     
 Update frequency: every           10  steps
 Species   1 : Neighbors are calculated on a per residue basis
 Species   1 : Cutoff by inter-atomic distances
 
 Step number:          0         Non-bonded count:  1275959
 E-pot        RMS grad     Max grad    
  1.15216E+05  2.85567E+04  1.27856E+06
 Step number:         10         Non-bonded count:  1275959
 -1.21294E+04  2.08015E+00  6.88135E+01
 Step number:         20         Non-bonded count:  1275959
 -1.23479E+04  1.38486E+00  5.72552E+01
 Step number:         30         Non-bonded count:  1275959
 -1.24696E+04  1.23377E+00  5.17631E+01
 Step number:         40         Non-bonded count:  1275959
 -1.25519E+04  7.56635E-01  2.51020E+01
 Step number:         50         Non-bonded count:  1275959
 -1.25948E+04  6.57900E-01  1.35463E+01
 Step number:         60         Non-bonded count:  1275959
 -1.26167E+04  5.40348E-01  2.26122E+01
 Step number:         70         Non-bonded count:  1275959
 -1.26333E+04  4.42452E-01  1.92905E+01
 Step number:         80         Non-bonded count:  1275959
 -1.26462E+04  3.52130E-01  7.68542E+00
 Step number:         90         Non-bonded count:  1275959
 -1.26574E+04  3.45387E-01  1.57780E+01
 Step number:        100         Non-bonded count:  1275959
 -1.26662E+04  2.92487E-01  1.12965E+01
 Step number:        100         Non-bonded count:  1275959
 -1.26662E+04  2.92487E-01  1.12965E+01
      Current coord. are written to file: "3WZE-impref.min0_coord.rst"
      Box dimensions not written
      Current coordinates are read from file: "3WZE-impref.init_coord.rst"
      Box dimensions not read
          read from "3WZE-impref.init_coord.rst"
  
 Energy and Force Generation Info: 
 --------------------------------- 
 Number of E&F called:     286
 PARM read from file "paramstd.dat"
 Parameter obtained from atomtyping
      Current coordinates are read from file: "3WZE-impref.min0_coord.rst"
      Box dimensions not read
          read from "3WZE-impref.min0_coord.rst"


 Total number of atoms  =  5285
 
 Neighbor List Cutoff Settings
 ==================================
 Cutoff radius:   10.0000000000000     
 Update frequency: every           10  steps
 Species   1 : Neighbors are calculated on a per residue basis
 Species   1 : Cutoff by inter-atomic distances
 
 Step number:          0         Non-bonded count:  1275959
 E-pot        RMS grad     Max grad    
 -1.16181E+04  2.73527E+00  3.15120E+01
 Step number:         10         Non-bonded count:  1275959
 -1.23286E+04  1.27126E+00  4.30678E+01
 Step number:         20         Non-bonded count:  1275959
 -1.24199E+04  6.49122E-01  1.82901E+01
 Step number:         30         Non-bonded count:  1275959
 -1.24414E+04  3.44777E-01  1.02175E+01
 Step number:         40         Non-bonded count:  1275959
 -1.24522E+04  4.09057E-01  1.73889E+01
 Step number:         50         Non-bonded count:  1275959
 -1.24571E+04  1.80249E-01  8.62073E+00
 Step number:         60         Non-bonded count:  1275959
 -1.24586E+04  1.31962E-01  5.82754E+00
 Step number:         70         Non-bonded count:  1275959
 -1.24610E+04  2.06163E-01  5.19726E+00
 Step number:         80         Non-bonded count:  1275959
 -1.24635E+04  1.54537E-01  4.94297E+00
 Step number:         90         Non-bonded count:  1275959
 -1.24654E+04  1.82400E-01  6.74182E+00
 Step number:        100         Non-bonded count:  1275959
 -1.24676E+04  2.30235E-01  8.80662E+00
 Step number:        100         Non-bonded count:  1275959
 -1.24676E+04  2.30235E-01  8.80662E+00
  
 Energy and Force Generation Info: 
 --------------------------------- 
 Number of E&F called:     575


Final Energy Reports:
------------------------------------
 Total Energy of the system...... -1.24676E+04 kcal/mol
 Total Potential Energy.......... -1.24676E+04 kcal/mol
 Total Kinetic Energy............  0.00000E+00 kcal/mol
 Temperature of the system.......        0.000 K
 Bond Stretch Energy.............  1.20549E+01 kcal/mol
 Angle Bending Energy............  3.60144E+02 kcal/mol
 Torsion Angle Energy............  1.19753E+02 kcal/mol
 Restraining Energy for Torsions.  0.00000E+00 kcal/mol
 1,4 Lennard Jones Energy........  4.55200E+02 kcal/mol
 1,4 Electrostatic Energy........ -4.20579E+02 kcal/mol
 Lennard Jones Energy............ -6.98354E+02 kcal/mol
 Electrostatic Energy............ -1.22958E+04 kcal/mol
 H-bond Energy...................  0.00000E+00 kcal/mol
 
 Exiting IMPACT execution environment 
 Date: Wednesday, November 30 2016, at 23:30:46 EST
%IMPACT-I (timit): Total CPU time =      23.44 seconds (   0.4 minutes)
Total elapsed time = 25 seconds
  ** Completed refinement level 0      rmsd =  0.047

** Refinement finished. Final level: 0

** The refined complex file is 3WZE-impref_ref.mae.
