
Working on structure 1
Fixing common structure mistakes...
  No mistakes were found
Pre-treating metals...
Done treating metals
Assigning bond orders...
  Using CCD: True
CCD template assignment successfully used for HET "BAX "
CCD template assignment successfully used for HET "DTT "
  Assigned the following bonds (format: atom1, atom2, order): set([(2404, 2405, 2), (2407, 2430, 2), (2433, 2434, 2), (2409, 2408, 2), (2413, 2412, 2), (2417, 2418, 2), (2411, 2410, 2), (2416, 2432, 2), (2406, 2421, 2), (2422, 2403, 2), (2431, 2415, 2)])
Removing and re-adding hydrogens...
Treating metals...
Creating di-sulfur bonds...
Converting Selenomethionines...
Filling missing loops using Prime...
Attempting to build missing loops with Knowledge-Based Methods
    A:  939 -- A:  994   VAPE
    A: 1063 -- A: 1065   D
Generating models for each loop... 
Total number of loops: 2
Working on loop 0 - A:939,A:994,VAPE
Number of returned models for loop 0 : 2
Working on loop 1 - A:1063,A:1065,D
Number of returned models for loop 1 : 2
Combining models from all loops... 
Combination index: [0, 0]
Side chain optimizing...
Minimizing...
Accept model # 0
Detecting missing residue atoms...
Finding het groups...
Coloring atoms by element (green carbons in hets)...
Finding het groups (for Epik)...
Processing 3 het groups...
  Using Epik with pH: 7.4
        and pH Range: 0.0
  Max states per het: 32
Running Epik on 3 het groups...
  Waiting for epik...
  Het A:BAX (1201): keeping all 1 state(s):
    State penalty: -0.00 kcal/mol; H-Bond count: 5.
  Het A:ACT (1202): keeping all 1 state(s):
    State penalty: -0.00 kcal/mol; H-Bond count: 0.
  Het A:DTT (1203): keeping all 1 state(s):
    State penalty: -0.00 kcal/mol; H-Bond count: 0.
Running ProtAssign...
  Uses -minimize option in ProtAssign
  Using PROPKA with pH: 7.4
  RUNNING: /data/chodera/schrodinger/schrodinger2017-3-advanced/utilities/protassign 3WZE-protassign.mae 3WZE-protassign-out.mae -NOJOBID -nowater -minimize -propka_pH 7.4
Optimize H-bond job completed.
Deleting non-bridging waters...
  Deleted waters: A:3001, A:3002, A:3003, A:3004, A:3005, A:3006, A:3007, A:3008, A:3009, A:3010, A:3011, A:3012, A:3013, A:3014, A:3015, A:3016, A:3017, A:3018, A:3019, A:3020, A:3021, A:3022, A:3023, A:3024, A:3025, A:3026, A:3027, A:3028, A:3029, A:3030, A:3031, A:3032, A:3033, A:3034, A:3035, A:3036, A:3037, A:3038, A:3039, A:3040, A:3041, A:3042, A:3043, A:3044, A:3045, A:3046, A:3047, A:3048, A:3049, A:3050, A:3051, A:3052, A:3053, A:3054, A:3055, A:3056, A:3057, A:3058, A:3059, A:3060, A:3061, A:3062, A:3063, A:3064, A:3065, A:3066, A:3067, A:3068, A:3069, A:3070, A:3071, A:3072, A:3073, A:3074, A:3075, A:3076, A:3077, A:3078, A:3079, A:3080, A:3081, A:3082, A:3083, A:3084, A:3085, A:3086, A:3087, A:3088, A:3089, A:3090, A:3091, A:3092, A:3093, A:3094, A:3095, A:3096, A:3097, A:3098, A:3099, A:3100, A:3101, A:3102, A:3103, A:3104, A:3105, A:3106, A:3107
Running restrained minimization...
  RMSD: 0.3
  Force field: 3
  hydrogens only
done with preparation
Writing to file...
DONE. Output file: ../3WZE-fixed.pdb
