COMMAND:
 /data/chodera/schrodinger/schrodinger2017-4-advanced/epik-v4.2/bin/Linux-x86_64/epik_app -imae 4ANQ-epik.mae -omae 4ANQ-epik-out.mae -ms 32 -ph 7.4 -pht 0.0 -cg 0.3 0.3 -metal_binding
SCHRODINGER: /data/chodera/schrodinger/schrodinger2017-4-advanced

Running Epik version     4.2011
Epik. Copyright Schrodinger, LLC. All rights reserved.

Input file name:                        4ANQ-epik.mae
Output file name:                       4ANQ-epik-out.mae
Maximum number of states set to: 32
Structure adjustment calculation requested.
  Target pH set to 7.400
pHt tolerance set to 0.000000e+00
Both connectivity and geometry used in determining redundant structures.
  Structures are distinct if: 
    any position differs by more than 3.000000e-01
    the rms difference in positions is larger than 3.000000e-01
Metal binding mode turned on.

Adjusting structures for pH 7.400000e+00 and minimum probability 1.000000e+00
Solvent model name:                     water
WARNING The connections on two versions (2 and 3) of base atom differ in acid_pattern: [#1]-[NX2-1,NX3+1](~[CX3](~[OX1-1,OX1+0]))~[cX3]1[nX2][cX3][nX3-0,nX3+1][nX2-1,nX2+0]1
WARNING The charge on two versions (-1 and 1) of base atom do not differ by 1 acid_pattern: [#1]-[NX2-1,NX3+1](~[CX3](~[OX1-1,OX1+0]))~[cX3]1[nX2][cX3][nX3-0,nX3+1][nX2-1,nX2+0]1
Jobcontrol is not being used for this specific Epik calculation.
---------------------------
Processing Input Structure #1
        Title: 
                                              Calculated pKas
                                                 Conjugate
                                          Atom   Acid/Base  pKa
. . . . . . . . . . . . . . . . . . . . . . .
Variation: 1
                                            48   Conj_Acid  9.49
                                            53   Conj_Acid  9.49
                                            16   Conj_Base  4.28
                                            24   Conj_Base  2.00
                                            17   Conj_Base  6.89
                                            38   Conj_Acid 14.61
                                            39   Conj_Acid 14.61
 pKa penalty:                                 0.16 kcal/mol
     Charging penalty:                        0.00 kcal/mol
     Neutralization penalty:                  0.16 kcal/mol
 Overall Penalty (tautomerization included): -0.00 kcal/mol
 Total Charge: 1
 Metal Penalty:                              -0.00 kcal/mol
---------------------------
