
** Heavy-atom coordinates will be fixed: maxlevel set to 0
  **
  ** Beginning refinement level 0
  **

%IMPACT-I (openwt): Request to open FORMATTED file 4ANQ-impref_ref0.out on unit   2
 Entering IMPACT execution environment 
 Date: Monday, October 02 2017, at 15:21:31 EDT
 Impact version 76016
 mmshare version        39016
 Copyright (c) Schrodinger, LLC.
 All Rights Reserved.

 Host: Linux ls04 3.10.0-514.21.2.el7.x86_64 #1 SMP Tue Jun 20 12:24:47 UTC 2017 x86_64
 Job Name: 4ANQ-impref_ref0
 SCHRODINGER  directory: /data/chodera/schrodinger/schrodinger2017-3-advanced
 IMPACT_EXEC  directory: /data/chodera/schrodinger/schrodinger2017-3-advanced/impact-v7.6/bin/Linux-x86_64
 MMSHARE_EXEC directory: /data/chodera/schrodinger/schrodinger2017-3-advanced/mmshare-v3.9/bin/Linux-x86_64

 Clock-based global random seed:     1506972091
%IMPACT-I(foldmain): calling OPLS3 atomtyping ...
%IMPACT-I(foldmain): finished parameter assignment
 PARM read from file "paramstd.dat"
 Parameter obtained from atomtyping
      Current coord. are written to file: "4ANQ-impref.init_coord.rst"
      Box dimensions not written


 Total number of atoms  =  4903
 
 Neighbor List Cutoff Settings
 ==================================
 Cutoff radius:   10.0000000000000     
 Update frequency: every           10  steps
 Species   1 : Neighbors are calculated on a per residue basis
 Species   1 : Cutoff by inter-atomic distances
 
 Step number:          0         Non-bonded count:  1151541
 E-pot        RMS grad     Max grad    
 -7.14504E+03  2.17952E+01  5.88094E+02
 Step number:         10         Non-bonded count:  1151541
 -8.01148E+03  1.30114E+00  3.51341E+01
 Step number:         20         Non-bonded count:  1151541
 -8.10819E+03  7.50827E-01  1.50466E+01
 Step number:         30         Non-bonded count:  1151541
 -8.14057E+03  4.51726E-01  1.03962E+01
 Step number:         40         Non-bonded count:  1151541
 -8.15750E+03  2.96154E-01  5.31730E+00
 Step number:         50         Non-bonded count:  1151541
 -8.16566E+03  2.40053E-01  8.55141E+00
 Step number:         60         Non-bonded count:  1151541
 -8.17155E+03  2.22341E-01  1.19766E+01
 Step number:         70         Non-bonded count:  1151541
 -8.17499E+03  1.44034E-01  4.05879E+00
 Step number:         80         Non-bonded count:  1151541
 -8.17760E+03  1.74783E-01  1.18135E+01
 Step number:         90         Non-bonded count:  1151541
 -8.17940E+03  1.28494E-01  4.04880E+00
 Step number:        100         Non-bonded count:  1151541
 -8.18091E+03  1.73906E-01  1.18241E+01
 Step number:        100         Non-bonded count:  1151541
 -8.18091E+03  1.73906E-01  1.18241E+01
      Current coord. are written to file: "4ANQ-impref.min0_coord.rst"
      Box dimensions not written
      Current coordinates are read from file: "4ANQ-impref.init_coord.rst"
      Box dimensions not read
          read from "4ANQ-impref.init_coord.rst"
  
 Energy and Force Generation Info: 
 --------------------------------- 
 Number of E&F called:     269
 PARM read from file "paramstd.dat"
 Parameter obtained from atomtyping
      Current coordinates are read from file: "4ANQ-impref.min0_coord.rst"
      Box dimensions not read
          read from "4ANQ-impref.min0_coord.rst"


 Total number of atoms  =  4903
 
 Neighbor List Cutoff Settings
 ==================================
 Cutoff radius:   10.0000000000000     
 Update frequency: every           10  steps
 Species   1 : Neighbors are calculated on a per residue basis
 Species   1 : Cutoff by inter-atomic distances
 
 Step number:          0         Non-bonded count:  1151541
 E-pot        RMS grad     Max grad    
 -7.07474E+03  2.71495E+00  2.34313E+01
 Step number:         10         Non-bonded count:  1151541
 -7.76354E+03  1.17616E+00  3.17075E+01
 Step number:         20         Non-bonded count:  1151541
 -7.89900E+03  7.17418E-01  3.37173E+01
 Step number:         30         Non-bonded count:  1151541
 -7.93484E+03  5.54926E-01  1.62344E+01
 Step number:         40         Non-bonded count:  1151541
 -7.95326E+03  4.90003E-01  1.59584E+01
 Step number:         50         Non-bonded count:  1151541
 -7.96685E+03  2.62010E-01  1.57107E+01
 Step number:         60         Non-bonded count:  1151541
 -7.96937E+03  1.30642E-01  6.11789E+00
 Step number:         70         Non-bonded count:  1151541
 -7.97091E+03  1.39470E-01  5.40325E+00
 Step number:         80         Non-bonded count:  1151541
 -7.97215E+03  9.71424E-02  4.79889E+00
 Step number:         90         Non-bonded count:  1151541
 -7.97273E+03  9.34194E-02  3.39050E+00
 Step number:        100         Non-bonded count:  1151541
 -7.97344E+03  1.13667E-01  4.54660E+00
 Step number:        100         Non-bonded count:  1151541
 -7.97344E+03  1.13667E-01  4.54660E+00
  
 Energy and Force Generation Info: 
 --------------------------------- 
 Number of E&F called:     570


Final Energy Reports:
------------------------------------
 Total Energy of the system...... -7.97344E+03 kcal/mol
 Total Potential Energy.......... -7.97344E+03 kcal/mol
 Total Kinetic Energy............  0.00000E+00 kcal/mol
 Temperature of the system.......        0.000 K
 Bond Stretch Energy.............  1.38786E+01 kcal/mol
 Angle Bending Energy............  2.56974E+02 kcal/mol
 Torsion Angle Energy............  5.86201E+01 kcal/mol
 Restraining Energy for Torsions.  0.00000E+00 kcal/mol
 1,4 Lennard Jones Energy........  4.39218E+02 kcal/mol
 1,4 Electrostatic Energy........ -3.89463E+02 kcal/mol
 Lennard Jones Energy............ -5.68399E+02 kcal/mol
 Electrostatic Energy............ -7.78427E+03 kcal/mol
 H-bond Energy...................  0.00000E+00 kcal/mol
 
 Exiting IMPACT execution environment 
 Date: Monday, October 02 2017, at 15:21:51 EDT
%IMPACT-I (timit): Total CPU time =      19.35 seconds (   0.3 minutes)
Total elapsed time = 21 seconds
  ** Completed refinement level 0      rmsd =  0.032

** Refinement finished. Final level: 0

** The refined complex file is 4ANQ-impref_ref.mae.
