==============================================================================
  Prime version 4.5 (r000) Refine Structure: Sidechain prediction
==============================================================================
        
--------------------------------------------------------------------------------
JobId          : cc05-0-583f8d39
Name           : 2ito-missing-side-chains
Program        : RefineStructure
MMshareExec    : /cbio/jclab/share/schrodinger/schrodinger2016-3/mmshare-v3.5/bin/Linux-x86_64
Host           : cc05.local
Dir            : /cbio/jclab/home/albaness/github/PDBfinder/pdbs/Gefitinib-EGFR/fixed/2ITO-fixed
HostEntry      : localhost
JobHost        : cc05.local
JobDir         : /scratch/albaness/2ito-missing-side-chains
JobMMshareExec : /cbio/jclab/share/schrodinger/schrodinger2016-3/mmshare-v3.5/bin/Linux-x86_64
Commandline    : /cbio/jclab/share/schrodinger/schrodinger2016-3/prime 2ito-missing-side-chains
StartTime      : 2016-11-30-21:38:50
--------------------------------------------------------------------------------
Using the following input parameters:
   EXT_DIEL	80.0
   FIX_ATOM_NAMES	yes
   JOB_TYPE	refine
   NUM_SC_OUTPUT_STRUCT	1
   RESIDUE_0	A:1004
   RESIDUE_1	A:988
   SEED	0
   SELECT	pick
   STRUCT_FILE	2ito-missing-side-chains-in.mae
   USE_CRYSTAL_SYMMETRY	no
   USE_MEMBRANE	no
   USE_RANDOM_SEED	no

Number of CPU cores to use: 1

Using OPLS version 2005 for force-field parameters.

Pre-processing input
  Treating with residue ID check...
    Complete:  0 min  0 sec
  Treating with asl parsing...
    Complete:  0 min  0 sec
  Treating with naming consistency detection...
    Complete:  0 min  0 sec

 Random Number Seed Set to:    872273529
 
 Contents of the control file:
   
   file outdir "/scratch/albaness/2ito-missing-side-chains/"
   file datadir "/cbio/jclab/share/schrodinger/schrodinger2016-3/psp-v4.5/data/pop/"
   file vddir "/cbio/jclab/share/schrodinger/schrodinger2016-3/psp-v4.5/data/pop/"
   file tempdir "templates/"
   file protempdir "templates/"
   file usrtempdir "/scratch/albaness/2ito-missing-side-chains/"
   file gluefile "params.glue"
   file logfile stdout
   
   rand seed 0
   
   
   load simple 2ito-missing-side-chains_0 Structure(37)  het yes ions yes wat yes mse2met no sym none   highest_occ no     opls_version 2005 fix_atom_names yes
   
   
   
   constraints load_from_ct
   energy param solv vsgb2.0
   
   
   
   energy param nbcut2_nn  40.0
   energy param nbcut2_cn  40.0
   energy param nbcut2_cc  40.0
   
   energy param uselipo yes
   
   
   
   
   
   energy total
   side predict asl "atom.i_psp_select_atom 1" ofac_min 0.0 native_opt no failsafe no iter 1 maefile SWIG_OUTPUT_STRUCTURE
   
   energy total
   energy total
   
   
   write mae SWIG_OUTPUT_STRUCTURE
   
--Checked out   8 PSP Plop Tokens--
 Random number seed reset to :            0
 
 Parameters chosen for PDB loading:
   All protein chains will be loaded.
   Sequence read from ATOM lines.
   Ions from PDB file INCLUDED.
   PDB file assumed to be experimental data.
   Waters from PDB file INCLUDED.
   HETATMs from PDB file INCLUDED.
   Hydrogens from PDB file INCLUDED.
   NO symmetry will be used.
   Atoms not in PDB file will NOT be optimized.
   Atomtyping Parameters (when reading directly from mae)
      OPLS Version 2005                
      Planarity       None
      Using Force Field Charges
      Changing atom names to canonical values
 
 STARTING TO WORK ON FILE 2ito-missing-side-chains_0
 Reading residue sequence from atoms in mae file
 
 Amino acid sequence, chain: A A:GLY_696    A:GLU_866   
    0 GLYB GLU  ALA  PRO  ASN  GLN  ALA  LEU  LEU  ARG 
   10 ILE  LEU  LYS  GLU  THR  GLU  PHE  LYS  LYS  ILE 
   20 LYS  VAL  LEU  SER  SER  GLY  ALA  PHE  GLY  THR 
   30 VAL  TYR  LYS  GLY  LEU  TRP  ILE  PRO  GLU  GLY 
   40 GLU  LYS  VAL  LYS  ILE  PRO  VAL  ALA  ILE  LYS 
   50 GLU  LEU  ARG  GLU  ALA  THR  SER  PRO  LYS  ALA 
   60 ASN  LYS  GLU  ILE  LEU  ASP  GLU  ALA  TYR  VAL 
   70 MET  ALA  SER  VAL  ASP  ASN  PRO  HID  VAL  CYS 
   80 ARG  LEU  LEU  GLY  ILE  CYS  LEU  THR  SER  THR 
   90 VAL  GLN  LEU  ILE  THR  GLN  LEU  MET  PRO  PHE 
  100 GLY  CYS  LEU  LEU  ASP  TYR  VAL  ARG  GLU  HID 
  110 LYS  ASP  ASN  ILE  GLY  SER  GLN  TYR  LEU  LEU 
  120 ASN  TRP  CYS  VAL  GLN  ILE  ALA  LYS  GLY  MET 
  130 ASN  TYR  LEU  GLU  ASP  ARG  ARG  LEU  VAL  HID 
  140 ARG  ASP  LEU  ALA  ALA  ARG  ASN  VAL  LEU  VAL 
  150 LYS  THR  PRO  GLN  HID  VAL  LYS  ILE  THR  ASP 
  160 PHE  GLY  LEU  ALA  LYS  LEU  LEU  GLY  ALA  GLU 
  170 GLUE
 
 Amino acid sequence, chain: A A:VAL_876    A:LEU_989   
    0 VALB PRO  ILE  LYS  TRP  MET  ALA  LEU  GLU  SER 
   10 ILE  LEU  HID  ARG  ILE  TYR  THR  HID  GLN  SER 
   20 ASP  VAL  TRP  SER  TYR  GLY  VAL  THR  VAL  TRP 
   30 GLU  LEU  MET  THR  PHE  GLY  SER  LYS  PRO  TYR 
   40 ASP  GLY  ILE  PRO  ALA  SER  GLU  ILE  SER  SER 
   50 ILE  LEU  GLU  LYS  GLY  GLU  ARG  LEU  PRO  GLN 
   60 PRO  PRO  ILE  CYS  THR  ILE  ASP  VAL  TYR  MET 
   70 ILE  MET  VAL  LYS  CYS  TRP  MET  ILE  ASP  ALA 
   80 ASP  SER  ARG  PRO  LYS  PHE  ARG  GLU  LEU  ILE 
   90 ILE  GLU  PHE  SER  LYS  MET  ALA  ARG  ASP  PRO 
  100 GLN  ARG  TYR  LEU  VAL  ILE  GLN  GLY  ASP  GLU 
  110 ARG  MET  HID  LEUE
 
 Amino acid sequence, chain: A A:MET_1002   A:PRO_1019  
    0 METB ASP  GLU  GLU  ASP  MET  ASP  ASP  VAL  VAL 
   10 ASP  ALA  ASP  GLU  TYR  LEU  ILE  PROE
 
 Nonbonded initialization ...
 Time for loading nb parameters:   3.999999999999559E-003
 Build extended structure ...
 Charged terminal template did not match, trying neutral terminal template for 
  A:GLU_866   
 Charged terminal template did not match, trying neutral terminal template for 
  A:VAL_876   
 Charged terminal template did not match, trying neutral terminal template for 
  A:LEU_989   
 Charged terminal template did not match, trying neutral terminal template for 
  A:MET_1002  
 Charged terminal template did not match, trying neutral terminal template for 
  A:PRO_1019  
 Generating crosslinks ...
 Initialize 1/4 list ...
 Initialize parent/child list ...
 Initialize covalent pointers ...
 Initialize resinfo list ...
 ATTN: hetero res type IRE 
  not recognized - rotamer conformations will not be sampled.
 Initialize special atoms ...
 Initialize rank list ...
 Initialize sparse atom list ...
 
 Times for various book-keeping steps:
     build   3.989s
     cross   0.052s
     child   0.019s
      iper   0.000s
       rev   0.020s
      info   0.005s
     resat   0.000s
      rank   0.000s
     covpt   0.001s
    sparse   0.024s
 
 Times for steps in loading structure:
           Load sequence    0.25s
    Initialize structure    4.15s
      Assign coordinates    0.03s
     Initialize symmetry    0.00s
 
 Preparing for first energy calculation ...
 
 Time for assigning nb parameters:    0.013s
 
 Number of protein chains       3
   Number of residues         303
       (charged)               84
        (polar)                89
       (glycine)               16
     (hydrophobic)            114
 
 Number of RNA chains           0
   Number of nucleotides        0
 Number of DNA chains           0
   Number of nucleotides        0
 
 Number of waters              34
 Number of ions                 0
 Number of HET                  1
 
 Number of atoms             5153
   [sparse atoms]             438
 
 Number of bonds             5179
 Number of angles            9257
 Number of torsions         14504
 Number of 1/4s             13329
 
 Partial charges and molecular weights:
  HET group      A:IRE_2020        0.0000     446.9
  Protein chain            A       4.0000   19159.6
  Protein chain            A      -2.0000   13356.7
  Protein chain            A      -9.0000    2089.2
  Entire system                   -7.0000   35665.0
 
 Time for secondary structure initialization   0.002s
 
 Results of parameter assignment
    type    tot   time
    BOND   5179   0.00
    ANGL   9257   0.01
    TORS  14504   0.02
 
 Here are the parameters that will be used:
                      Solvent model   SGB
               Variable Dielectric:   ENABLED
                               LYS:    3.85
                               GLU:    2.78
                               ASP:    2.44
                               HIP:    2.86
                               HIS:    1.00
                               ARG:    2.11
                      Penalty terms   EXCLUDED
                Internal dielectric    1.00
                 Solvent dielectric   80.00
                 Ionic strength (M)    0.00
                 Debye length (Ang)     Inf
     Short NB cut (neutral/neutral)   10.00
      Long NB cut (neutral/neutral)   40.00
      Short NB cut (charge/neutral)   10.00
       Long NB cut (charge/neutral)   40.00
       Short NB cut (charge/charge)   15.00
        Long NB cut (charge/charge)   40.00
             Short NB cut (reduced)    6.00
              Long NB cut (reduced)   36.00
          Rotamer Frequency Scoring   OFF
 
 NOW REPORTING THE ENERGY (KCAL/MOL): 
 COVALENT ENERGIES:
                BOND           ANGLE             TOR           TOTAL
     COV      956.039312      655.129005     1414.141299     3025.309615
     SGB    23463.461685    -9034.866968    -7404.448216     7024.146500
   TOTAL    24419.500997    -8379.737963    -5990.306918    10049.456116
    TIME        0.000s          0.000s          0.000s          0.000s   
 
 NONBONDED (INTRAMOLECULAR) ENERGIES:
                  14           SHORT            LONG           TOTAL
      LJ     2276.647346     -187.463450     -134.956868     1954.227028
    LIPO        0.000000    -1742.317922        0.000000    -1742.317922
      EL     8912.372881   -18258.652899      390.030668    -8956.249350
     SGB    -7404.448216     8461.568765     -342.095740      715.024809
   TOTAL     3784.572010   -11726.865506      -87.021939    -8029.315435
    TIME        0.000s          0.000s          0.000s          0.000s   
 
 OTHER:
SGB SELF   -17068.073043
NONPOLAR        0.000000
PROT COR        0.000000
   HBOND     -103.654211
 PACKING       -6.189265
SelfCont     -106.711406
 
 SUM:
 SGB TOT    -1924.453517
SOLV TOT    -1924.453517
LIPO TOT    -1742.317922
  TOTALE  -7860.039027240    
 [NOTE: TOTAL ENERGY = COV_TOT + NB_TOT + OTHER - SGB_14|SGB_TOR]
 
 NOW REPORTING THE ENERGY (KCAL/MOL): 
 COVALENT ENERGIES:
                BOND           ANGLE             TOR           TOTAL
     COV      956.039312      655.129005     1414.141299     3025.309615
     SGB    23463.461685    -9034.866968    -7404.448216     7024.146500
   TOTAL    24419.500997    -8379.737963    -5990.306918    10049.456116
    TIME        0.000s          0.000s          0.000s          0.000s   
 
 NONBONDED (INTRAMOLECULAR) ENERGIES:
                  14           SHORT            LONG           TOTAL
      LJ     2276.647346     -187.463450     -134.956868     1954.227028
    LIPO        0.000000    -1742.317922        0.000000    -1742.317922
      EL     8912.372881   -18258.652899      390.030668    -8956.249350
     SGB    -7404.448216     8461.568765     -342.095740      715.024809
   TOTAL     3784.572010   -11726.865506      -87.021939    -8029.315435
    TIME        0.000s          0.000s          0.000s          0.000s   
 
 OTHER:
SGB SELF   -17068.073043
NONPOLAR        0.000000
PROT COR        0.000000
   HBOND     -103.654211
 PACKING       -6.189265
SelfCont     -106.711406
 
 SUM:
 SGB TOT    -1924.453517
SOLV TOT    -1924.453517
LIPO TOT    -1742.317922
  TOTALE  -7860.039027240    
 [NOTE: TOTAL ENERGY = COV_TOT + NB_TOT + OTHER - SGB_14|SGB_TOR]
 
 Preparing for first energy calculation ...
 
 
 NOW REPORTING THE ENERGY (KCAL/MOL): 
 COVALENT ENERGIES:
                BOND           ANGLE             TOR           TOTAL
     COV      956.039312      655.129005     1414.141299     3025.309615
     SGB    23463.461685    -9034.866968    -7404.448216     7024.146500
   TOTAL    24419.500997    -8379.737963    -5990.306918    10049.456116
    TIME        0.000s          0.000s          0.000s          0.000s   
 
 NONBONDED (INTRAMOLECULAR) ENERGIES:
                  14           SHORT            LONG           TOTAL
      LJ     2276.647346     -187.463450     -134.956868     1954.227028
    LIPO        0.000000    -1742.317922        0.000000    -1742.317922
      EL     8912.372881   -18258.652899      390.030668    -8956.249350
     SGB    -7404.448216     8461.568765     -342.095740      715.024809
   TOTAL     3784.572010   -11726.865506      -87.021939    -8029.315435
    TIME        0.000s          0.000s          0.000s          0.000s   
 
 OTHER:
SGB SELF   -17068.073043
NONPOLAR        0.000000
PROT COR        0.000000
   HBOND     -103.654211
 PACKING       -6.189265
SelfCont     -106.711406
 
 SUM:
 SGB TOT    -1924.453517
SOLV TOT    -1924.453517
LIPO TOT    -1742.317922
  TOTALE  -7860.039027240    
 [NOTE: TOTAL ENERGY = COV_TOT + NB_TOT + OTHER - SGB_14|SGB_TOR]
 
 ATTN:  large bond energies found:
      59     56 A:HOH_3001:_OW_         57 A:HOH_3001:_HW1         10.00
      60     56 A:HOH_3001:_OW_         58 A:HOH_3001:_HW2         10.00
      61     59 A:HOH_3002:_OW_         60 A:HOH_3002:_HW1         10.00
      62     59 A:HOH_3002:_OW_         61 A:HOH_3002:_HW2         10.00
      63     62 A:HOH_3003:_OW_         63 A:HOH_3003:_HW1         10.00
      64     62 A:HOH_3003:_OW_         64 A:HOH_3003:_HW2         10.00
      65     65 A:HOH_3004:_OW_         66 A:HOH_3004:_HW1         10.00
      66     65 A:HOH_3004:_OW_         67 A:HOH_3004:_HW2         10.00
      67     68 A:HOH_3005:_OW_         69 A:HOH_3005:_HW1         10.00
      68     68 A:HOH_3005:_OW_         70 A:HOH_3005:_HW2         10.00
      69     71 A:HOH_3006:_OW_         72 A:HOH_3006:_HW1         10.00
      70     71 A:HOH_3006:_OW_         73 A:HOH_3006:_HW2         10.00
      71     74 A:HOH_3007:_OW_         75 A:HOH_3007:_HW1         10.00
      72     74 A:HOH_3007:_OW_         76 A:HOH_3007:_HW2         10.00
      73     77 A:HOH_3008:_OW_         78 A:HOH_3008:_HW1         10.00
      74     77 A:HOH_3008:_OW_         79 A:HOH_3008:_HW2         10.00
      75     80 A:HOH_3009:_OW_         81 A:HOH_3009:_HW1         10.00
      76     80 A:HOH_3009:_OW_         82 A:HOH_3009:_HW2         10.00
      77     83 A:HOH_3010:_OW_         84 A:HOH_3010:_HW1         10.00
      78     83 A:HOH_3010:_OW_         85 A:HOH_3010:_HW2         10.00
      79     86 A:HOH_3011:_OW_         87 A:HOH_3011:_HW1         10.00
      80     86 A:HOH_3011:_OW_         88 A:HOH_3011:_HW2         10.00
      81     89 A:HOH_3012:_OW_         90 A:HOH_3012:_HW1         10.00
      82     89 A:HOH_3012:_OW_         91 A:HOH_3012:_HW2         10.00
      83     92 A:HOH_3013:_OW_         93 A:HOH_3013:_HW1         10.00
      84     92 A:HOH_3013:_OW_         94 A:HOH_3013:_HW2         10.00
      85     95 A:HOH_3014:_OW_         96 A:HOH_3014:_HW1         10.00
      86     95 A:HOH_3014:_OW_         97 A:HOH_3014:_HW2         10.00
      87     98 A:HOH_3015:_OW_         99 A:HOH_3015:_HW1         10.00
      88     98 A:HOH_3015:_OW_        100 A:HOH_3015:_HW2         10.00
      89    101 A:HOH_3016:_OW_        102 A:HOH_3016:_HW1         10.00
      90    101 A:HOH_3016:_OW_        103 A:HOH_3016:_HW2         10.00
      91    104 A:HOH_3017:_OW_        105 A:HOH_3017:_HW1         10.00
      92    104 A:HOH_3017:_OW_        106 A:HOH_3017:_HW2         10.00
      93    107 A:HOH_3018:_OW_        108 A:HOH_3018:_HW1         10.00
      94    107 A:HOH_3018:_OW_        109 A:HOH_3018:_HW2         10.00
      95    110 A:HOH_3019:_OW_        111 A:HOH_3019:_HW1         10.00
      96    110 A:HOH_3019:_OW_        112 A:HOH_3019:_HW2         10.00
      97    113 A:HOH_3020:_OW_        114 A:HOH_3020:_HW1         10.00
      98    113 A:HOH_3020:_OW_        115 A:HOH_3020:_HW2         10.00
      99    116 A:HOH_3021:_OW_        117 A:HOH_3021:_HW1         10.00
     100    116 A:HOH_3021:_OW_        118 A:HOH_3021:_HW2         10.00
     101    119 A:HOH_3022:_OW_        120 A:HOH_3022:_HW1         10.00
     102    119 A:HOH_3022:_OW_        121 A:HOH_3022:_HW2         10.00
     103    122 A:HOH_3023:_OW_        123 A:HOH_3023:_HW1         10.00
     104    122 A:HOH_3023:_OW_        124 A:HOH_3023:_HW2         10.00
     105    125 A:HOH_3024:_OW_        126 A:HOH_3024:_HW1         10.00
     106    125 A:HOH_3024:_OW_        127 A:HOH_3024:_HW2         10.00
     107    128 A:HOH_3025:_OW_        129 A:HOH_3025:_HW1         10.00
     108    128 A:HOH_3025:_OW_        130 A:HOH_3025:_HW2         10.00
     109    131 A:HOH_3026:_OW_        132 A:HOH_3026:_HW1         10.00
     110    131 A:HOH_3026:_OW_        133 A:HOH_3026:_HW2         10.00
     111    134 A:HOH_3027:_OW_        135 A:HOH_3027:_HW1         10.00
     112    134 A:HOH_3027:_OW_        136 A:HOH_3027:_HW2         10.00
     113    137 A:HOH_3028:_OW_        138 A:HOH_3028:_HW1         10.00
     114    137 A:HOH_3028:_OW_        139 A:HOH_3028:_HW2         10.00
     115    140 A:HOH_3029:_OW_        141 A:HOH_3029:_HW1         10.00
     116    140 A:HOH_3029:_OW_        142 A:HOH_3029:_HW2         10.00
     117    143 A:HOH_3030:_OW_        144 A:HOH_3030:_HW1         10.00
     118    143 A:HOH_3030:_OW_        145 A:HOH_3030:_HW2         10.00
     119    146 A:HOH_3031:_OW_        147 A:HOH_3031:_HW1         10.00
     120    146 A:HOH_3031:_OW_        148 A:HOH_3031:_HW2         10.00
     121    149 A:HOH_3032:_OW_        150 A:HOH_3032:_HW1         10.00
     122    149 A:HOH_3032:_OW_        151 A:HOH_3032:_HW2         10.00
     123    152 A:HOH_3033:_OW_        153 A:HOH_3033:_HW1         10.00
     124    152 A:HOH_3033:_OW_        154 A:HOH_3033:_HW2         10.00
     125    155 A:HOH_3034:_OW_        156 A:HOH_3034:_HW1         10.00
     126    155 A:HOH_3034:_OW_        157 A:HOH_3034:_HW2         10.00
 
 ATTN:  large 14 energies found:
      98 A:IRE_2020:_N3_     A:IRE_2020:_C6_          5.30    -15.31      9.12
    3278 A:VAL_769:_C__      A:VAL_769:_CG2           5.73     -5.62      4.61
    8208 A:THR_892:_C__      A:HID_893:_C__           5.02     14.67    -10.64
    9925 A:PRO_934:_C__      A:GLN_935:_C__           6.27     14.91    -13.41
   10147 A:CYS_939:_C__      A:THR_940:_C__           5.96     14.86    -12.69
   10848 A:ASP_956:_N__      A:SER_957:_N__           5.00     16.33    -14.65
 Cannot determine cbeta atoms for A:IRE_2020  
 Cannot determine cbeta atoms for A:HOH_3001  
 Cannot determine cbeta atoms for A:HOH_3002  
 Cannot determine cbeta atoms for A:HOH_3003  
 Cannot determine cbeta atoms for A:HOH_3004  
 Cannot determine cbeta atoms for A:HOH_3005  
 Cannot determine cbeta atoms for A:HOH_3006  
 Cannot determine cbeta atoms for A:HOH_3007  
 Cannot determine cbeta atoms for A:HOH_3008  
 Cannot determine cbeta atoms for A:HOH_3009  
 Cannot determine cbeta atoms for A:HOH_3010  
 Cannot determine cbeta atoms for A:HOH_3011  
 Cannot determine cbeta atoms for A:HOH_3012  
 Cannot determine cbeta atoms for A:HOH_3013  
 Cannot determine cbeta atoms for A:HOH_3014  
 Cannot determine cbeta atoms for A:HOH_3015  
 Cannot determine cbeta atoms for A:HOH_3016  
 Cannot determine cbeta atoms for A:HOH_3017  
 Cannot determine cbeta atoms for A:HOH_3018  
 Cannot determine cbeta atoms for A:HOH_3019  
 Cannot determine cbeta atoms for A:HOH_3020  
 Cannot determine cbeta atoms for A:HOH_3021  
 Cannot determine cbeta atoms for A:HOH_3022  
 Cannot determine cbeta atoms for A:HOH_3023  
 Cannot determine cbeta atoms for A:HOH_3024  
 Cannot determine cbeta atoms for A:HOH_3025  
 Cannot determine cbeta atoms for A:HOH_3026  
 Cannot determine cbeta atoms for A:HOH_3027  
 Cannot determine cbeta atoms for A:HOH_3028  
 Cannot determine cbeta atoms for A:HOH_3029  
 Cannot determine cbeta atoms for A:HOH_3030  
 Cannot determine cbeta atoms for A:HOH_3031  
 Cannot determine cbeta atoms for A:HOH_3032  
 Cannot determine cbeta atoms for A:HOH_3033  
 Cannot determine cbeta atoms for A:HOH_3034  
 
 Here are the parameters chosen for side predict:
 
  SC SCREENING PARAMETERS
   Initial overlap factor:   0.750000000000000     
   Minimum overlap factor:   0.000000000000000E+000
   Rotamer library resolution:    10.0000000000000     
   Total iterations:            1
   SCs randomized prior to optimization.
   Current SC rotamers NOT added to library.
   DO NOT Remove SC Clashes Prior to Prediction
   New tree-based energy routines used.
   All energy components are used in rotamer ranking.
   If sampling not succeed, will NOT revert to original structure.
   Ecut for full energy updates:   -1.00000000000000     
   Ecut for full minimizations:   -1.00000000000000     
   SGB and LR updated after each cycle.
   Option for SGB update:            1
   Minimize after rotamer placement converged.
 
  MINIMIZATION PARAMETERS
   Desired final RMS gradient:  1.000000000000000E-002
   Maximum number of iterations to achieve self-consistency:            2
   Energy cutoff for determining self-consistency  0.100kcals/mol
   Maximum number of TN iterations:           65
   Iterations between NBlist/LR updates:            2
   LR forces will be updated less frequently than SR.
   NB list will NOT be updated during minim.
   SGB will be updated during minim.
   Option for SGB update:            1
   Born alpha will NOT be updated during minim
   NB Clashes will be used in the preconditioning
 Total side chains to be optimized:            2
 
 ------------------------------------------
 NOW PRE-SCREENING ROTAMER STATES ...
 (res, # after screen, # total, ofac, rmsd_min, rmsd_max, time)
   A:HID_988        196     196   0.00  -1.00  -1.00   0.00s
   A:GLU_1004       958     958   0.00  -1.00  -1.00   0.01s
 
 Randomizing side chain positions ...
 
 ------------------------------------------
 NOW PICKING ROTAMER STATE BY ENERGY ...
 (res, # rotamers, # evaluated, ofac, cluster #, 
 rot #, old rot #, rmsd, elib, times)
 nlist =            2
one_lib:  A:HID_988        196     100  0.75   2  13 228654 228638 -1.0   -1027.79    0.02s ****
one_lib:  A:GLU_1004       958      41  0.75   1   9   1312   2683 -1.0   -1027.09    0.00s ****
Time for iteration:     0.04s
Rotamer placement not converged; flips (rot,prot,tot):     2    0    2
 
 ------------------------------------------
 NOW PICKING ROTAMER STATE BY ENERGY ...
 (res, # rotamers, # evaluated, ofac, cluster #, 
 rot #, old rot #, rmsd, elib, times)
 nlist =            2
one_lib:  A:HID_988        196     100  0.75   2  13 228654 228654 -1.0   -1026.16    0.02s
one_lib:  A:GLU_1004       958      41  0.75   1   9   1312   1312 -1.0   -1025.96    0.01s
Time for iteration:     0.04s
 Rotamer placement converged. Now minimizing...
Summary of library results(time,ener):     0.32       -7883.16     0.59       -7892.49
SIDE_PRED Time:       1.15s
 
 Preparing for first energy calculation ...
 
 
 NOW REPORTING THE ENERGY (KCAL/MOL): 
 COVALENT ENERGIES:
                BOND           ANGLE             TOR           TOTAL
     COV      955.413949      652.092894     1412.996193     3020.503036
     SGB    23452.785147    -9032.274824    -7403.314540     7017.195782
   TOTAL    24408.199096    -8380.181931    -5990.318347    10037.698818
    TIME        0.000s          0.000s          0.000s          0.000s   
 
 NONBONDED (INTRAMOLECULAR) ENERGIES:
                  14           SHORT            LONG           TOTAL
      LJ     2276.636611     -211.571500     -134.967178     1930.097933
    LIPO        0.000000    -1742.267631        0.000000    -1742.267631
      EL     8913.281245   -18260.099393      388.838275    -8957.979874
     SGB    -7403.314540     8456.679287     -340.898854      712.465892
   TOTAL     3786.603316   -11757.259237      -87.027758    -8057.683679
    TIME        0.000s          0.000s          0.000s          0.000s   
 
 OTHER:
SGB SELF   -17058.298193
NONPOLAR        0.000000
PROT COR        0.000000
   HBOND     -104.631008
 PACKING       -6.189265
SelfCont     -106.711406
 
 SUM:
 SGB TOT    -1925.321979
SOLV TOT    -1925.321979
LIPO TOT    -1742.267631
  TOTALE  -7892.500193301    
 [NOTE: TOTAL ENERGY = COV_TOT + NB_TOT + OTHER - SGB_14|SGB_TOR]
 
 NOW REPORTING THE ENERGY (KCAL/MOL): 
 COVALENT ENERGIES:
                BOND           ANGLE             TOR           TOTAL
     COV      955.413949      652.092894     1412.996193     3020.503036
     SGB    23452.785147    -9032.274824    -7403.314540     7017.195782
   TOTAL    24408.199096    -8380.181931    -5990.318347    10037.698818
    TIME        0.000s          0.000s          0.000s          0.000s   
 
 NONBONDED (INTRAMOLECULAR) ENERGIES:
                  14           SHORT            LONG           TOTAL
      LJ     2276.636611     -211.498152     -135.040538     1930.097920
    LIPO        0.000000    -1742.267631        0.000000    -1742.267631
      EL     8913.281245   -18259.929316      388.653112    -8957.994959
     SGB    -7403.314540     8456.559356     -340.752312      712.492504
   TOTAL     3786.603316   -11757.135744      -87.139738    -8057.672166
    TIME        0.000s          0.000s          0.000s          0.000s   
 
 OTHER:
SGB SELF   -17058.298193
NONPOLAR        0.000000
PROT COR        0.000000
   HBOND     -104.631008
 PACKING       -6.189265
SelfCont     -106.711406
 
 SUM:
 SGB TOT    -1925.295367
SOLV TOT    -1925.295367
LIPO TOT    -1742.267631
  TOTALE  -7892.488679615    
 [NOTE: TOTAL ENERGY = COV_TOT + NB_TOT + OTHER - SGB_14|SGB_TOR]
 
 Preparing for first energy calculation ...
 
 
 NOW REPORTING THE ENERGY (KCAL/MOL): 
 COVALENT ENERGIES:
                BOND           ANGLE             TOR           TOTAL
     COV      955.413949      652.092894     1412.996193     3020.503036
     SGB    23452.785147    -9032.274824    -7403.314540     7017.195782
   TOTAL    24408.199096    -8380.181931    -5990.318347    10037.698818
    TIME        0.000s          0.000s          0.000s          0.000s   
 
 NONBONDED (INTRAMOLECULAR) ENERGIES:
                  14           SHORT            LONG           TOTAL
      LJ     2276.636611     -211.498152     -135.040538     1930.097920
    LIPO        0.000000    -1742.267631        0.000000    -1742.267631
      EL     8913.281245   -18259.929316      388.653112    -8957.994959
     SGB    -7403.314540     8456.559356     -340.752312      712.492504
   TOTAL     3786.603316   -11757.135744      -87.139738    -8057.672166
    TIME        0.000s          0.000s          0.000s          0.000s   
 
 OTHER:
SGB SELF   -17058.298193
NONPOLAR        0.000000
PROT COR        0.000000
   HBOND     -104.631008
 PACKING       -6.189265
SelfCont     -106.711406
 
 SUM:
 SGB TOT    -1925.295367
SOLV TOT    -1925.295367
LIPO TOT    -1742.267631
  TOTALE  -7892.488679615    
 [NOTE: TOTAL ENERGY = COV_TOT + NB_TOT + OTHER - SGB_14|SGB_TOR]
 
 NOW REPORTING THE ENERGY (KCAL/MOL): 
 COVALENT ENERGIES:
                BOND           ANGLE             TOR           TOTAL
     COV      955.413949      652.092894     1412.996193     3020.503036
     SGB    23452.785147    -9032.274824    -7403.314540     7017.195782
   TOTAL    24408.199096    -8380.181931    -5990.318347    10037.698818
    TIME        0.000s          0.000s          0.000s          0.000s   
 
 NONBONDED (INTRAMOLECULAR) ENERGIES:
                  14           SHORT            LONG           TOTAL
      LJ     2276.636611     -211.498152     -135.040538     1930.097920
    LIPO        0.000000    -1742.267631        0.000000    -1742.267631
      EL     8913.281245   -18259.929316      388.653112    -8957.994959
     SGB    -7403.314540     8456.559356     -340.752312      712.492504
   TOTAL     3786.603316   -11757.135744      -87.139738    -8057.672166
    TIME        0.000s          0.000s          0.000s          0.000s   
 
 OTHER:
SGB SELF   -17058.298193
NONPOLAR        0.000000
PROT COR        0.000000
   HBOND     -104.631008
 PACKING       -6.189265
SelfCont     -106.711406
 
 SUM:
 SGB TOT    -1925.295367
SOLV TOT    -1925.295367
LIPO TOT    -1742.267631
  TOTALE  -7892.488679615    
 [NOTE: TOTAL ENERGY = COV_TOT + NB_TOT + OTHER - SGB_14|SGB_TOR]
 TOTAL TIME ELAPSED: 2ito-missing-side-chains_0          40.950s
 RETURNED LICENSE
Post-processing output...
  Processing output structure #1
Post-processing complete.


