
** Heavy-atom coordinates will be fixed: maxlevel set to 0
  **
  ** Beginning refinement level 0
  **

%IMPACT-I (openwt): Request to open FORMATTED file 4AG8-impref_ref0.out on unit   2
 Entering IMPACT execution environment 
 Date: Thursday, December 21 2017, at 16:26:31 EST
 Impact version 77011
 mmshare version        40011
 Copyright (c) Schrodinger, LLC.
 All Rights Reserved.

 Host: Linux ls04 3.10.0-514.21.2.el7.x86_64 #1 SMP Tue Jun 20 12:24:47 UTC 2017 x86_64
 Job Name: 4AG8-impref_ref0
 SCHRODINGER  directory: /data/chodera/schrodinger/schrodinger2017-4-advanced
 IMPACT_EXEC  directory: /data/chodera/schrodinger/schrodinger2017-4-advanced/impact-v7.7/bin/Linux-x86_64
 MMSHARE_EXEC directory: /data/chodera/schrodinger/schrodinger2017-4-advanced/mmshare-v4.0/bin/Linux-x86_64

 Clock-based global random seed:     1513891591
%IMPACT-I(foldmain): calling OPLS3 atomtyping ...
%IMPACT-I(foldmain): finished parameter assignment
 PARM read from file "paramstd.dat"
 Parameter obtained from atomtyping
      Current coord. are written to file: "4AG8-impref.init_coord.rst"
      Box dimensions not written


 Total number of atoms  =  4923
 
 Neighbor List Cutoff Settings
 ==================================
 Cutoff radius:   10.0000000000000     
 Update frequency: every           10  steps
 Species   1 : Neighbors are calculated on a per residue basis
 Species   1 : Cutoff by inter-atomic distances
 
 Step number:          0         Non-bonded count:  1151289
 E-pot        RMS grad     Max grad    
 -7.50272E+03  2.04213E+01  9.49851E+02
 Step number:         10         Non-bonded count:  1151289
 -8.06860E+03  8.02763E-01  1.92387E+01
 Step number:         20         Non-bonded count:  1151289
 -8.13330E+03  5.91038E-01  1.37550E+01
 Step number:         30         Non-bonded count:  1151289
 -8.16060E+03  4.05355E-01  5.96027E+00
 Step number:         40         Non-bonded count:  1151289
 -8.17413E+03  2.95328E-01  5.35007E+00
 Step number:         50         Non-bonded count:  1151289
 -8.18208E+03  2.45767E-01  4.46957E+00
 Step number:         60         Non-bonded count:  1151289
 -8.18822E+03  2.07947E-01  4.77398E+00
 Step number:         70         Non-bonded count:  1151289
 -8.19291E+03  1.67069E-01  3.11860E+00
 Step number:         80         Non-bonded count:  1151289
 -8.19602E+03  1.40761E-01  3.12636E+00
 Step number:         90         Non-bonded count:  1151289
 -8.19815E+03  1.15406E-01  2.40595E+00
 Step number:        100         Non-bonded count:  1151289
 -8.19953E+03  8.63735E-02  1.95835E+00
 Step number:        100         Non-bonded count:  1151289
 -8.19953E+03  8.63735E-02  1.95835E+00
      Current coord. are written to file: "4AG8-impref.min0_coord.rst"
      Box dimensions not written
      Current coordinates are read from file: "4AG8-impref.init_coord.rst"
      Box dimensions not read
          read from "4AG8-impref.init_coord.rst"
  
 Energy and Force Generation Info: 
 --------------------------------- 
 Number of E&F called:     265
 PARM read from file "paramstd.dat"
 Parameter obtained from atomtyping
      Current coordinates are read from file: "4AG8-impref.min0_coord.rst"
      Box dimensions not read
          read from "4AG8-impref.min0_coord.rst"


 Total number of atoms  =  4923
 
 Neighbor List Cutoff Settings
 ==================================
 Cutoff radius:   10.0000000000000     
 Update frequency: every           10  steps
 Species   1 : Neighbors are calculated on a per residue basis
 Species   1 : Cutoff by inter-atomic distances
 
 Step number:          0         Non-bonded count:  1151289
 E-pot        RMS grad     Max grad    
 -6.79784E+03  3.01556E+00  4.07559E+01
 Step number:         10         Non-bonded count:  1151289
 -7.67904E+03  8.16109E-01  1.31177E+01
 Step number:         20         Non-bonded count:  1151289
 -7.86089E+03  1.28696E+00  3.33094E+01
 Step number:         30         Non-bonded count:  1151289
 -7.90813E+03  4.01216E-01  7.23654E+00
 Step number:         40         Non-bonded count:  1151289
 -7.92823E+03  5.38645E-01  2.31810E+01
 Step number:         50         Non-bonded count:  1151289
 -7.94164E+03  2.38307E-01  9.51004E+00
 Step number:         60         Non-bonded count:  1151289
 -7.94445E+03  1.56895E-01  6.73422E+00
 Step number:         70         Non-bonded count:  1151289
 -7.94575E+03  1.37930E-01  4.86124E+00
 Step number:         80         Non-bonded count:  1151289
 -7.94711E+03  1.11492E-01  5.44593E+00
 Step number:         90         Non-bonded count:  1151289
 -7.94842E+03  1.14731E-01  2.90203E+00
 Step number:        100         Non-bonded count:  1151289
 -7.94920E+03  6.50677E-02  1.36232E+00
 Step number:        100         Non-bonded count:  1151289
 E-pot        RMS grad     Max grad    
 -7.94920E+03  6.50677E-02  1.36232E+00
  
 Energy and Force Generation Info: 
 --------------------------------- 
 Number of E&F called:     582


Final Energy Reports:
------------------------------------
 Total Energy of the system...... -7.94920E+03 kcal/mol
 Total Potential Energy.......... -7.94920E+03 kcal/mol
 Total Kinetic Energy............  0.00000E+00 kcal/mol
 Temperature of the system.......        0.000 K
 Bond Stretch Energy.............  7.77452E+00 kcal/mol
 Angle Bending Energy............  2.59713E+02 kcal/mol
 Torsion Angle Energy............  8.13459E+01 kcal/mol
 Restraining Energy for Torsions.  0.00000E+00 kcal/mol
 1,4 Lennard Jones Energy........  4.49239E+02 kcal/mol
 1,4 Electrostatic Energy........ -4.10201E+02 kcal/mol
 Lennard Jones Energy............ -7.20009E+02 kcal/mol
 Electrostatic Energy............ -7.61706E+03 kcal/mol
 H-bond Energy...................  0.00000E+00 kcal/mol
 
 Exiting IMPACT execution environment 
 Date: Thursday, December 21 2017, at 16:26:53 EST
%IMPACT-I (timit): Total CPU time =      21.30 seconds (   0.4 minutes)
Total elapsed time = 23 seconds
  ** Completed refinement level 0      rmsd =  0.088

** Refinement finished. Final level: 0

** The refined complex file is 4AG8-impref_ref.mae.
