
** Heavy-atom coordinates will be fixed: maxlevel set to 0
  **
  ** Beginning refinement level 0
  **

%IMPACT-I (openwt): Request to open FORMATTED file 4I22-impref_ref0.out on unit   2
 Entering IMPACT execution environment 
 Date: Wednesday, November 30 2016, at 22:41:22 EST
 Impact version 72014
 mmshare version        35014
 Copyright (c) Schrodinger, LLC.
 All Rights Reserved.

 Host: Linux cc05.local 2.6.32-573.18.1.el6.x86_64 #1 SMP Tue Feb 9 22:46:17 UTC 2016 x86_64
 Job Name: 4I22-impref_ref0
 SCHRODINGER  directory: /cbio/jclab/share/schrodinger/schrodinger2016-3
 IMPACT_EXEC  directory: /cbio/jclab/share/schrodinger/schrodinger2016-3/impact-v7.2/bin/Linux-x86_64
 MMSHARE_EXEC directory: /cbio/jclab/share/schrodinger/schrodinger2016-3/mmshare-v3.5/bin/Linux-x86_64

 Clock-based global random seed:     1480563682
%IMPACT-I(foldmain): calling OPLS_2005 atomtyping ...
%IMPACT-I(foldmain): finished parameter assignment
 PARM read from file "paramstd.dat"
 Parameter obtained from atomtyping
      Current coord. are written to file: "4I22-impref.init_coord.rst"
      Box dimensions not written


 Total number of atoms  =  5572
 
 Neighbor List Cutoff Settings
 ==================================
 Cutoff radius:   10.0000000000000     
 Update frequency: every           10  steps
 Species   1 : Neighbors are calculated on a per residue basis
 Species   1 : Cutoff by inter-atomic distances
 
 Step number:          0         Non-bonded count:  1380204
 E-pot        RMS grad     Max grad    
  4.30493E+06  1.27527E+06  7.04360E+07
 Step number:         10         Non-bonded count:  1380204
 -1.38252E+04  2.59905E+00  8.41734E+01
 Step number:         20         Non-bonded count:  1380204
 -1.41288E+04  1.84152E+00  3.73085E+01
 Step number:         30         Non-bonded count:  1380204
 -1.42964E+04  1.30849E+00  3.31997E+01
 Step number:         40         Non-bonded count:  1380204
 -1.43972E+04  8.84093E-01  2.33556E+01
 Step number:         50         Non-bonded count:  1380204
 -1.44496E+04  8.70968E-01  1.90327E+01
 Step number:         60         Non-bonded count:  1380204
 -1.44905E+04  8.54150E-01  1.59799E+01
 Step number:         70         Non-bonded count:  1380204
 -1.45212E+04  6.11147E-01  1.48862E+01
 Step number:         80         Non-bonded count:  1380204
 -1.45417E+04  5.15259E-01  1.21404E+01
 Step number:         90         Non-bonded count:  1380204
 -1.45573E+04  3.77205E-01  9.18814E+00
 Step number:        100         Non-bonded count:  1380204
 -1.45707E+04  3.41052E-01  8.92016E+00
 Step number:        100         Non-bonded count:  1380204
 -1.45707E+04  3.41052E-01  8.92016E+00
      Current coord. are written to file: "4I22-impref.min0_coord.rst"
      Box dimensions not written
      Current coordinates are read from file: "4I22-impref.init_coord.rst"
      Box dimensions not read
          read from "4I22-impref.init_coord.rst"
  
 Energy and Force Generation Info: 
 --------------------------------- 
 Number of E&F called:     311
 PARM read from file "paramstd.dat"
 Parameter obtained from atomtyping
      Current coordinates are read from file: "4I22-impref.min0_coord.rst"
      Box dimensions not read
          read from "4I22-impref.min0_coord.rst"


 Total number of atoms  =  5572
 
 Neighbor List Cutoff Settings
 ==================================
 Cutoff radius:   10.0000000000000     
 Update frequency: every           10  steps
 Species   1 : Neighbors are calculated on a per residue basis
 Species   1 : Cutoff by inter-atomic distances
 
 Step number:          0         Non-bonded count:  1380204
 E-pot        RMS grad     Max grad    
 -1.34372E+04  2.53949E+00  3.00491E+01
 Step number:         10         Non-bonded count:  1380204
 -1.40775E+04  1.39868E+00  3.51666E+01
 Step number:         20         Non-bonded count:  1380204
 -1.41785E+04  9.37119E-01  2.41819E+01
 Step number:         30         Non-bonded count:  1380204
 -1.42385E+04  6.52058E-01  1.85992E+01
 Step number:         40         Non-bonded count:  1380204
 -1.42598E+04  3.53853E-01  1.00054E+01
 Step number:         50         Non-bonded count:  1380204
 -1.42695E+04  3.05579E-01  7.54981E+00
 Step number:         60         Non-bonded count:  1380204
 -1.42747E+04  2.43070E-01  5.56951E+00
 Step number:         70         Non-bonded count:  1380204
 -1.42797E+04  2.00839E-01  6.35317E+00
 Step number:         80         Non-bonded count:  1380204
 -1.42823E+04  1.44952E-01  4.24005E+00
 Step number:         90         Non-bonded count:  1380204
 -1.42841E+04  1.28406E-01  3.12008E+00
 Step number:        100         Non-bonded count:  1380204
 -1.42852E+04  1.24097E-01  4.32587E+00
 Step number:        100         Non-bonded count:  1380204
 E-pot        RMS grad     Max grad    
 -1.42852E+04  1.24097E-01  4.32587E+00
  
 Energy and Force Generation Info: 
 --------------------------------- 
 Number of E&F called:     586


Final Energy Reports:
------------------------------------
 Total Energy of the system...... -1.42852E+04 kcal/mol
 Total Potential Energy.......... -1.42852E+04 kcal/mol
 Total Kinetic Energy............  0.00000E+00 kcal/mol
 Temperature of the system.......        0.000 K
 Bond Stretch Energy.............  1.77670E+01 kcal/mol
 Angle Bending Energy............  3.71959E+02 kcal/mol
 Torsion Angle Energy............  1.84242E+02 kcal/mol
 Restraining Energy for Torsions.  0.00000E+00 kcal/mol
 1,4 Lennard Jones Energy........  4.58779E+02 kcal/mol
 1,4 Electrostatic Energy........ -3.87557E+02 kcal/mol
 Lennard Jones Energy............ -5.13354E+02 kcal/mol
 Electrostatic Energy............ -1.44170E+04 kcal/mol
 H-bond Energy...................  0.00000E+00 kcal/mol
 
 Exiting IMPACT execution environment 
 Date: Wednesday, November 30 2016, at 22:41:48 EST
%IMPACT-I (timit): Total CPU time =      25.31 seconds (   0.4 minutes)
Total elapsed time = 27 seconds
  ** Completed refinement level 0      rmsd =  0.040

** Refinement finished. Final level: 0

** The refined complex file is 4I22-impref_ref.mae.
