
Working on structure 1
Fixing common structure mistakes...
  No mistakes were found
Pre-treating metals...
Done treating metals
Assigning bond orders...
  Using CCD: True
CCD template assignment successfully used for HET "P06 "
  Assigned the following bonds (format: atom1, atom2, order): set([(2076, 2080, 2), (2090, 2088, 2), (2078, 2079, 2), (2093, 2103, 2), (2074, 2073, 2), (2070, 2072, 2), (2093, 2102, 2), (2094, 2096, 2), (2099, 2098, 2), (2086, 2087, 2), (2095, 2097, 2), (2085, 2089, 2), (2069, 2071, 2)])
Adding hydrogens...
Treating metals...
Creating di-sulfur bonds...
Converting Selenomethionines...
Detecting missing residue atoms...
Filling missing loops using Prime...
Prime output file: /cbio/jclab/home/albaness/github/PDBfinder/pdbs/Dabrafenib-BRAF/fixed/5HIE-fixed/5hie-missing-loops-out.maegz
Capping protein termini...
CapTermini:     Added NMA Cap: A:722A
CapTermini:     Added ACE Cap: A:448
  The following terminal residues have been capped: A:722, A:449
Finding het groups...
Coloring atoms by element (green carbons in hets)...
Finding het groups (for Epik)...
Processing 1 het groups...
  Using Epik with pH: 7.4
        and pH Range: 0.0
  Max states per het: 32
Running Epik on 1 het groups...
  Waiting for epik...
  Het A:P06 (801): keeping all 1 state(s):
    State penalty: -0.00 kcal/mol; H-Bond count: 4.
Running ProtAssign...
  Uses -minimize option in ProtAssign
  Using PROPKA with pH: 7.4
  RUNNING: /cbio/jclab/share/schrodinger/schrodinger2016-3/utilities/protassign 5HIE-protassign.mae 5HIE-protassign-out.mae -NOJOBID -nowater -minimize -propka_pH 7.4
Optimize H-bond job completed.
Running restrained minimization...
  RMSD: 0.3
  Force field: 2005
  hydrogens only
done with preparation
Writing to file...
DONE. Output file: ../5HIE-fixed.pdb
