
** Heavy-atom coordinates will be fixed: maxlevel set to 0
  **
  ** Beginning refinement level 0
  **

%IMPACT-I (openwt): Request to open FORMATTED file 5HIE-impref_ref0.out on unit   2
 Entering IMPACT execution environment 
 Date: Thursday, December 01 2016, at 01:10:58 EST
 Impact version 72014
 mmshare version        35014
 Copyright (c) Schrodinger, LLC.
 All Rights Reserved.

 Host: Linux cc05.local 2.6.32-573.18.1.el6.x86_64 #1 SMP Tue Feb 9 22:46:17 UTC 2016 x86_64
 Job Name: 5HIE-impref_ref0
 SCHRODINGER  directory: /cbio/jclab/share/schrodinger/schrodinger2016-3
 IMPACT_EXEC  directory: /cbio/jclab/share/schrodinger/schrodinger2016-3/impact-v7.2/bin/Linux-x86_64
 MMSHARE_EXEC directory: /cbio/jclab/share/schrodinger/schrodinger2016-3/mmshare-v3.5/bin/Linux-x86_64

 Clock-based global random seed:     1480572658
%IMPACT-I(foldmain): calling OPLS_2005 atomtyping ...
%IMPACT-I(foldmain): finished parameter assignment
 PARM read from file "paramstd.dat"
 Parameter obtained from atomtyping
      Current coord. are written to file: "5HIE-impref.init_coord.rst"
      Box dimensions not written


 Total number of atoms  =  4480
 
 Neighbor List Cutoff Settings
 ==================================
 Cutoff radius:   10.0000000000000     
 Update frequency: every           10  steps
 Species   1 : Neighbors are calculated on a per residue basis
 Species   1 : Cutoff by inter-atomic distances
 
 Step number:          0         Non-bonded count:  1062047
 E-pot        RMS grad     Max grad    
 -5.50604E+03  7.88244E+01  4.97818E+03
 Step number:         10         Non-bonded count:  1062047
 -7.48158E+03  1.19047E+00  3.14953E+01
 Step number:         20         Non-bonded count:  1062047
 -7.56900E+03  1.06895E+00  2.75955E+01
 Step number:         30         Non-bonded count:  1062047
 -7.61840E+03  6.77149E-01  2.51528E+01
 Step number:         40         Non-bonded count:  1062047
 -7.64485E+03  5.89096E-01  2.27073E+01
 Step number:         50         Non-bonded count:  1062047
 -7.65633E+03  4.97923E-01  1.43811E+01
 Step number:         60         Non-bonded count:  1062047
 -7.66451E+03  4.57157E-01  1.56628E+01
 Step number:         70         Non-bonded count:  1062047
 -7.67122E+03  2.92541E-01  9.70062E+00
 Step number:         80         Non-bonded count:  1062047
 -7.67655E+03  2.46938E-01  6.93952E+00
 Step number:         90         Non-bonded count:  1062047
 -7.68038E+03  2.76485E-01  6.15386E+00
 Step number:        100         Non-bonded count:  1062047
 -7.68456E+03  2.16555E-01  4.90427E+00
 Step number:        100         Non-bonded count:  1062047
 -7.68456E+03  2.16555E-01  4.90427E+00
      Current coord. are written to file: "5HIE-impref.min0_coord.rst"
      Box dimensions not written
      Current coordinates are read from file: "5HIE-impref.init_coord.rst"
      Box dimensions not read
          read from "5HIE-impref.init_coord.rst"
  
 Energy and Force Generation Info: 
 --------------------------------- 
 Number of E&F called:     266
 PARM read from file "paramstd.dat"
 Parameter obtained from atomtyping
      Current coordinates are read from file: "5HIE-impref.min0_coord.rst"
      Box dimensions not read
          read from "5HIE-impref.min0_coord.rst"


 Total number of atoms  =  4480
 
 Neighbor List Cutoff Settings
 ==================================
 Cutoff radius:   10.0000000000000     
 Update frequency: every           10  steps
 Species   1 : Neighbors are calculated on a per residue basis
 Species   1 : Cutoff by inter-atomic distances
 
 Step number:          0         Non-bonded count:  1062047
 E-pot        RMS grad     Max grad    
 -6.55689E+03  2.81454E+00  2.91603E+01
 Step number:         10         Non-bonded count:  1062047
 -7.25370E+03  1.28771E+00  3.01209E+01
 Step number:         20         Non-bonded count:  1062047
 -7.35083E+03  7.32638E-01  1.54309E+01
 Step number:         30         Non-bonded count:  1062047
 -7.38817E+03  8.06090E-01  2.43959E+01
 Step number:         40         Non-bonded count:  1062047
 -7.41464E+03  4.04541E-01  9.33371E+00
 Step number:         50         Non-bonded count:  1062047
 -7.42288E+03  2.81640E-01  5.95622E+00
 Step number:         60         Non-bonded count:  1062047
 -7.42631E+03  1.38963E-01  5.28631E+00
 Step number:         70         Non-bonded count:  1062047
 -7.42754E+03  1.22720E-01  3.63528E+00
 Step number:         80         Non-bonded count:  1062047
 -7.42825E+03  7.16887E-02  1.54623E+00
 Step number:         90         Non-bonded count:  1062047
 -7.42874E+03  7.77588E-02  1.77818E+00
 Step number:        100         Non-bonded count:  1062047
 -7.42916E+03  6.54801E-02  1.73005E+00
 Step number:        100         Non-bonded count:  1062047
 -7.42916E+03  6.54801E-02  1.73005E+00
  
 Energy and Force Generation Info: 
 --------------------------------- 
 Number of E&F called:     554


Final Energy Reports:
------------------------------------
 Total Energy of the system...... -7.42916E+03 kcal/mol
 Total Potential Energy.......... -7.42916E+03 kcal/mol
 Total Kinetic Energy............  0.00000E+00 kcal/mol
 Temperature of the system.......        0.000 K
 Bond Stretch Energy.............  1.03664E+01 kcal/mol
 Angle Bending Energy............  2.79414E+02 kcal/mol
 Torsion Angle Energy............  1.41105E+02 kcal/mol
 Restraining Energy for Torsions.  0.00000E+00 kcal/mol
 1,4 Lennard Jones Energy........  3.80479E+02 kcal/mol
 1,4 Electrostatic Energy........ -3.33562E+02 kcal/mol
 Lennard Jones Energy............ -6.16431E+02 kcal/mol
 Electrostatic Energy............ -7.29053E+03 kcal/mol
 H-bond Energy...................  0.00000E+00 kcal/mol
 
 Exiting IMPACT execution environment 
 Date: Thursday, December 01 2016, at 01:11:17 EST
%IMPACT-I (timit): Total CPU time =      19.11 seconds (   0.3 minutes)
Total elapsed time = 20 seconds
  ** Completed refinement level 0      rmsd =  0.032

** Refinement finished. Final level: 0

** The refined complex file is 5HIE-impref_ref.mae.
