
Working on structure 1
Fixing common structure mistakes...
  No mistakes were found
Pre-treating metals...
Done treating metals
Assigning bond orders...
  Using CCD: True
  No bond orders were changed
Removing and re-adding hydrogens...
Treating metals...
Creating di-sulfur bonds...
Converting Selenomethionines...
Filling missing loops using Prime...
Attempting to build missing loops with Knowledge-Based Methods
    A:  123 -- A:  127   CDC
    B:   16 -- B:   24   AEIGEGA
    B:  244 -- B:  252   RDVALPR
Generating models for each loop... 
Total number of loops: 3
Working on loop 0 - A:123,A:127,CDC
Number of returned models for loop 0 : 2
Working on loop 1 - B:16,B:24,AEIGEGA
Number of returned models for loop 1 : 2
Working on loop 2 - B:244,B:252,RDVALPR
Number of returned models for loop 2 : 2
Combining models from all loops... 
Combination index: [0, 0, 0]
Side chain optimizing...
Minimizing...
Accept model # 0
Detecting missing residue atoms...
Filling missing side chains using Prime...
Prime output file: /lila/home/albaness/PDBfinder/pdbs/apo/Q00534/fixed/1JOW-fixed/1jow-missing-side-chains-out.maegz
Finding het groups...
Coloring atoms by element (green carbons in hets)...
Finding het groups (for Epik)...
Processing 0 het groups...
  Using Epik with pH: 7.4
        and pH Range: 0.0
  Max states per het: 32
  Epik was not run, as there are no preparable groups
Running ProtAssign...
  Uses -minimize option in ProtAssign
  Using PROPKA with pH: 7.4
  RUNNING: /data/chodera/schrodinger/schrodinger2017-3-advanced/utilities/protassign 1JOW-protassign.mae 1JOW-protassign-out.mae -NOJOBID -nowater -minimize -propka_pH 7.4
Optimize H-bond job completed.
Deleting non-bridging waters...
  Deleted waters: None
Running restrained minimization...
  RMSD: 0.3
  Force field: 3
  hydrogens only
done with preparation
Writing to file...
DONE. Output file: ../1JOW-fixed.pdb
