
** Heavy-atom coordinates will be fixed: maxlevel set to 0
  **
  ** Beginning refinement level 0
  **

%IMPACT-I (openwt): Request to open FORMATTED file 1JOW-impref_ref0.out on unit   2
 Entering IMPACT execution environment 
 Date: Friday, September 29 2017, at 16:08:07 EDT
 Impact version 76016
 mmshare version        39016
 Copyright (c) Schrodinger, LLC.
 All Rights Reserved.

 Host: Linux ls05 3.10.0-514.21.2.el7.x86_64 #1 SMP Tue Jun 20 12:24:47 UTC 2017 x86_64
 Job Name: 1JOW-impref_ref0
 SCHRODINGER  directory: /data/chodera/schrodinger/schrodinger2017-3-advanced
 IMPACT_EXEC  directory: /data/chodera/schrodinger/schrodinger2017-3-advanced/impact-v7.6/bin/Linux-x86_64
 MMSHARE_EXEC directory: /data/chodera/schrodinger/schrodinger2017-3-advanced/mmshare-v3.9/bin/Linux-x86_64

 Clock-based global random seed:     1506715687
%IMPACT-I(foldmain): calling OPLS3 atomtyping ...
%IMPACT-I(foldmain): finished parameter assignment
 PARM read from file "paramstd.dat"
 Parameter obtained from atomtyping
      Current coord. are written to file: "1JOW-impref.init_coord.rst"
      Box dimensions not written


 Total number of atoms  =  8637
 
 Neighbor List Cutoff Settings
 ==================================
 Cutoff radius:   10.0000000000000     
 Update frequency: every           10  steps
 Species   1 : Neighbors are calculated on a per residue basis
 Species   1 : Cutoff by inter-atomic distances
 
 Step number:          0         Non-bonded count:  2191995
 E-pot        RMS grad     Max grad    
 -7.55272E+03  1.78328E+02  9.24739E+03
 Step number:         10         Non-bonded count:  2191995
 -1.33541E+04  1.78724E+00  1.09294E+02
 Step number:         20         Non-bonded count:  2191995
 -1.37328E+04  1.16172E+00  5.33037E+01
 Step number:         30         Non-bonded count:  2191995
 -1.38933E+04  4.82389E-01  1.75639E+01
 Step number:         40         Non-bonded count:  2191995
 -1.39451E+04  3.37414E-01  9.95708E+00
 Step number:         50         Non-bonded count:  2191995
 -1.39669E+04  3.00714E-01  7.75231E+00
 Step number:         60         Non-bonded count:  2191995
 -1.39842E+04  2.48609E-01  5.73236E+00
 Step number:         70         Non-bonded count:  2191995
 -1.39972E+04  1.98678E-01  4.53708E+00
 Step number:         80         Non-bonded count:  2191995
 -1.40063E+04  1.76954E-01  4.89008E+00
 Step number:         90         Non-bonded count:  2191995
 -1.40116E+04  1.35824E-01  3.10071E+00
 Step number:        100         Non-bonded count:  2191995
 -1.40149E+04  1.01725E-01  2.07500E+00
 Step number:        100         Non-bonded count:  2191995
 -1.40149E+04  1.01725E-01  2.07500E+00
      Current coord. are written to file: "1JOW-impref.min0_coord.rst"
      Box dimensions not written
      Current coordinates are read from file: "1JOW-impref.init_coord.rst"
      Box dimensions not read
          read from "1JOW-impref.init_coord.rst"
  
 Energy and Force Generation Info: 
 --------------------------------- 
 Number of E&F called:     335
 PARM read from file "paramstd.dat"
 Parameter obtained from atomtyping
      Current coordinates are read from file: "1JOW-impref.min0_coord.rst"
      Box dimensions not read
          read from "1JOW-impref.min0_coord.rst"


 Total number of atoms  =  8637
 
 Neighbor List Cutoff Settings
 ==================================
 Cutoff radius:   10.0000000000000     
 Update frequency: every           10  steps
 Species   1 : Neighbors are calculated on a per residue basis
 Species   1 : Cutoff by inter-atomic distances
 
 Step number:          0         Non-bonded count:  2191995
 E-pot        RMS grad     Max grad    
 -1.16705E+04  2.86039E+00  2.52586E+01
 Step number:         10         Non-bonded count:  2191995
 -1.30737E+04  9.92290E-01  3.75306E+01
 Step number:         20         Non-bonded count:  2191995
 -1.34360E+04  9.94176E-01  3.04599E+01
 Step number:         30         Non-bonded count:  2191995
 -1.35434E+04  5.17476E-01  2.65573E+01
 Step number:         40         Non-bonded count:  2191995
 -1.35657E+04  2.43948E-01  5.27792E+00
 Step number:         50         Non-bonded count:  2191995
 -1.35767E+04  1.93457E-01  4.52735E+00
 Step number:         60         Non-bonded count:  2191995
 -1.35832E+04  1.54962E-01  3.79689E+00
 Step number:         70         Non-bonded count:  2191995
 -1.35863E+04  9.40012E-02  2.53339E+00
 Step number:         80         Non-bonded count:  2191995
 -1.35881E+04  9.82600E-02  2.24634E+00
 Step number:         90         Non-bonded count:  2191995
 -1.35892E+04  6.65966E-02  1.76950E+00
 Step number:        100         Non-bonded count:  2191995
 -1.35900E+04  5.99027E-02  2.14907E+00
 Step number:        100         Non-bonded count:  2191995
 -1.35900E+04  5.99027E-02  2.14907E+00
  
 Energy and Force Generation Info: 
 --------------------------------- 
 Number of E&F called:     655


Final Energy Reports:
------------------------------------
 Total Energy of the system...... -1.35900E+04 kcal/mol
 Total Potential Energy.......... -1.35900E+04 kcal/mol
 Total Kinetic Energy............  0.00000E+00 kcal/mol
 Temperature of the system.......        0.000 K
 Bond Stretch Energy.............  5.68409E+01 kcal/mol
 Angle Bending Energy............  7.81138E+02 kcal/mol
 Torsion Angle Energy............  6.73634E+01 kcal/mol
 Restraining Energy for Torsions.  0.00000E+00 kcal/mol
 1,4 Lennard Jones Energy........  8.91077E+02 kcal/mol
 1,4 Electrostatic Energy........ -6.25192E+02 kcal/mol
 Lennard Jones Energy............ -3.24856E+02 kcal/mol
 Electrostatic Energy............ -1.44363E+04 kcal/mol
 H-bond Energy...................  0.00000E+00 kcal/mol
 
 Exiting IMPACT execution environment 
 Date: Friday, September 29 2017, at 16:09:31 EDT
%IMPACT-I (timit): Total CPU time =      83.22 seconds (   1.4 minutes)
Total elapsed time = 85 seconds (1 minutes, 25 seconds)
  ** Completed refinement level 0      rmsd =  0.073

** Refinement finished. Final level: 0

** The refined complex file is 1JOW-impref_ref.mae.
