
** Heavy-atom coordinates will be fixed: maxlevel set to 0
  **
  ** Beginning refinement level 0
  **

%IMPACT-I (openwt): Request to open FORMATTED file 2EUF-impref_ref0.out on unit   2
 Entering IMPACT execution environment 
 Date: Thursday, December 01 2016, at 02:04:29 EST
 Impact version 72014
 mmshare version        35014
 Copyright (c) Schrodinger, LLC.
 All Rights Reserved.

 Host: Linux cc05.local 2.6.32-573.18.1.el6.x86_64 #1 SMP Tue Feb 9 22:46:17 UTC 2016 x86_64
 Job Name: 2EUF-impref_ref0
 SCHRODINGER  directory: /cbio/jclab/share/schrodinger/schrodinger2016-3
 IMPACT_EXEC  directory: /cbio/jclab/share/schrodinger/schrodinger2016-3/impact-v7.2/bin/Linux-x86_64
 MMSHARE_EXEC directory: /cbio/jclab/share/schrodinger/schrodinger2016-3/mmshare-v3.5/bin/Linux-x86_64

 Clock-based global random seed:     1480575869
%IMPACT-I(foldmain): calling OPLS_2005 atomtyping ...
%IMPACT-I(foldmain): finished parameter assignment
 PARM read from file "paramstd.dat"
 Parameter obtained from atomtyping
      Current coord. are written to file: "2EUF-impref.init_coord.rst"
      Box dimensions not written


 Total number of atoms  =  8850
 
 Neighbor List Cutoff Settings
 ==================================
 Cutoff radius:   10.0000000000000     
 Update frequency: every           10  steps
 Species   1 : Neighbors are calculated on a per residue basis
 Species   1 : Cutoff by inter-atomic distances
 
 Step number:          0         Non-bonded count:  2270625
 E-pot        RMS grad     Max grad    
 -9.28612E+03  1.56120E+02  8.16225E+03
 Step number:         10         Non-bonded count:  2270625
 -1.44002E+04  1.49513E+00  3.49638E+01
 Step number:         20         Non-bonded count:  2270625
 -1.46257E+04  1.13558E+00  4.53603E+01
 Step number:         30         Non-bonded count:  2270625
 -1.47460E+04  6.00521E-01  2.21295E+01
 Step number:         40         Non-bonded count:  2270625
 -1.47885E+04  5.77542E-01  5.51532E+01
 Step number:         50         Non-bonded count:  2270625
 -1.48122E+04  3.86381E-01  2.71096E+01
 Step number:         60         Non-bonded count:  2270625
 -1.48278E+04  2.81341E-01  6.90059E+00
 Step number:         70         Non-bonded count:  2270625
 -1.48383E+04  2.91301E-01  2.39352E+01
 Step number:         80         Non-bonded count:  2270625
 -1.48468E+04  2.09406E-01  1.08267E+01
 Step number:         90         Non-bonded count:  2270625
 -1.48523E+04  1.68589E-01  8.40236E+00
 Step number:        100         Non-bonded count:  2270625
 -1.48570E+04  1.51658E-01  7.93922E+00
 Step number:        100         Non-bonded count:  2270625
 -1.48570E+04  1.51658E-01  7.93922E+00
      Current coord. are written to file: "2EUF-impref.min0_coord.rst"
      Box dimensions not written
      Current coordinates are read from file: "2EUF-impref.init_coord.rst"
      Box dimensions not read
          read from "2EUF-impref.init_coord.rst"
  
 Energy and Force Generation Info: 
 --------------------------------- 
 Number of E&F called:     298
 PARM read from file "paramstd.dat"
 Parameter obtained from atomtyping
      Current coordinates are read from file: "2EUF-impref.min0_coord.rst"
      Box dimensions not read
          read from "2EUF-impref.min0_coord.rst"


 Total number of atoms  =  8850
 
 Neighbor List Cutoff Settings
 ==================================
 Cutoff radius:   10.0000000000000     
 Update frequency: every           10  steps
 Species   1 : Neighbors are calculated on a per residue basis
 Species   1 : Cutoff by inter-atomic distances
 
 Step number:          0         Non-bonded count:  2270625
 E-pot        RMS grad     Max grad    
 -1.24417E+04  2.74800E+00  2.86048E+01
 Step number:         10         Non-bonded count:  2270625
 -1.37300E+04  2.10615E+00  1.45151E+02
 Step number:         20         Non-bonded count:  2270625
 -1.39869E+04  9.84361E-01  7.28248E+01
 Step number:         30         Non-bonded count:  2270625
 -1.40906E+04  7.81077E-01  1.49676E+01
 Step number:         40         Non-bonded count:  2270625
 -1.41459E+04  3.33065E-01  1.02075E+01
 Step number:         50         Non-bonded count:  2270625
 -1.41602E+04  3.37294E-01  1.40278E+01
 Step number:         60         Non-bonded count:  2270625
 -1.41746E+04  1.94483E-01  8.37820E+00
 Step number:         70         Non-bonded count:  2270625
 -1.41783E+04  1.20105E-01  4.19908E+00
 Step number:         80         Non-bonded count:  2270625
 -1.41802E+04  1.31791E-01  5.08587E+00
 Step number:         90         Non-bonded count:  2270625
 -1.41820E+04  9.45048E-02  4.82625E+00
 Step number:        100         Non-bonded count:  2270625
 -1.41831E+04  8.62198E-02  4.34877E+00
 Step number:        100         Non-bonded count:  2270625
 E-pot        RMS grad     Max grad    
 -1.41831E+04  8.62198E-02  4.34877E+00
  
 Energy and Force Generation Info: 
 --------------------------------- 
 Number of E&F called:     594


Final Energy Reports:
------------------------------------
 Total Energy of the system...... -1.41831E+04 kcal/mol
 Total Potential Energy.......... -1.41831E+04 kcal/mol
 Total Kinetic Energy............  0.00000E+00 kcal/mol
 Temperature of the system.......        0.000 K
 Bond Stretch Energy.............  2.88546E+01 kcal/mol
 Angle Bending Energy............  6.20276E+02 kcal/mol
 Torsion Angle Energy............  4.05821E+02 kcal/mol
 Restraining Energy for Torsions.  0.00000E+00 kcal/mol
 1,4 Lennard Jones Energy........  8.49193E+02 kcal/mol
 1,4 Electrostatic Energy........ -6.64244E+02 kcal/mol
 Lennard Jones Energy............ -8.83751E+02 kcal/mol
 Electrostatic Energy............ -1.45393E+04 kcal/mol
 H-bond Energy...................  0.00000E+00 kcal/mol
 
 Exiting IMPACT execution environment 
 Date: Thursday, December 01 2016, at 02:05:13 EST
%IMPACT-I (timit): Total CPU time =      44.35 seconds (   0.7 minutes)
Total elapsed time = 46 seconds
  ** Completed refinement level 0      rmsd =  0.031

** Refinement finished. Final level: 0

** The refined complex file is 2EUF-impref_ref.mae.
