
Working on structure 1
Fixing common structure mistakes...
  No mistakes were found
Pre-treating metals...
Done treating metals
Assigning bond orders...
  Using CCD: True
CCD template assignment successfully used for HET "LQQ "
CCD template assignment successfully used for HET "DMS "
  Assigned the following bonds (format: atom1, atom2, order): set([(4050, 4051, 2), (4070, 4069, 2), (4065, 4066, 2), (4048, 4047, 2), (4068, 4073, 2), (4080, 4081, 2), (4053, 4058, 2), (4072, 4071, 2), (4056, 4057, 2), (4054, 4055, 2)])
Adding hydrogens...
Treating metals...
Creating di-sulfur bonds...
Converting Selenomethionines...
Detecting missing residue atoms...
Filling missing side chains using Prime...
Prime output file: /cbio/jclab/home/albaness/github/PDBfinder/pdbs/Palbociclib-CDK6/fixed/2EUF-fixed/2euf-missing-side-chains-out.maegz
Filling missing loops using Prime...
Prime output file: /cbio/jclab/home/albaness/github/PDBfinder/pdbs/Palbociclib-CDK6/fixed/2EUF-fixed/2euf-missing-loops-out.maegz
Capping protein termini...
Replacing oxygen 3979 because it is trans
CapTermini:     Added NMA Cap: A:254A
CapTermini:     Added NMA Cap: B:305A
CapTermini:     Added ACE Cap: A:7
CapTermini:     Added ACE Cap: B:9
  The following terminal residues have been capped: A:254, B:305, A:8, B:10
Finding het groups...
Coloring atoms by element (green carbons in hets)...
Finding het groups (for Epik)...
Processing 4 het groups...
  Using Epik with pH: 7.4
        and pH Range: 0.0
  Max states per het: 32
Running Epik on 3 het groups...
  Waiting for epik...
  Het B:ACT (309): keeping all 1 state(s):
    State penalty: -0.00 kcal/mol; H-Bond count: 1.
  Het B:LQQ (401): keeping all 1 state(s):
    State penalty: -0.00 kcal/mol; H-Bond count: 2.
  Het B:DMS (402): keeping all 1 state(s):
    State penalty: -0.00 kcal/mol; H-Bond count: 1.
Running ProtAssign...
  Uses -minimize option in ProtAssign
  Using PROPKA with pH: 7.4
  RUNNING: /cbio/jclab/share/schrodinger/schrodinger2016-3/utilities/protassign 2EUF-protassign.mae 2EUF-protassign-out.mae -NOJOBID -nowater -minimize -propka_pH 7.4
Optimize H-bond job completed.
Running restrained minimization...
  RMSD: 0.3
  Force field: 2005
  hydrogens only
done with preparation
Writing to file...
DONE. Output file: ../2EUF-fixed.pdb
