  Running PropKa to get pKas

Clusters to optimize:
    Cluster 1:
        A:ASN 700 
        A:SER 768 : HG 
        A:TYR 764 : HH 
    Cluster 2:
        A:GLN 701 
    Cluster 3:
        A:ASN 756 
    Cluster 4:
        A:ASN 771 
    Cluster 5:
        A:GLN 787 
        A:GLU 746 
        A:THR 783 : HG1
        A:TYR 727 : HH 
        A:LYS 714 
    Cluster 6:
        A:GLN 791 
        A:ASP 1014 
        A:ASP 1012 
        A:LYS 852 
        A:LYS 846 
    Cluster 7:
        A:ASN 808 
    Cluster 8:
        A:GLN 812 
        A:ASN 816 
    Cluster 9:
        A:GLN 820 
        A:HID 850 
        A:HID 773 
    Cluster 10:
        A:ASN 826 
    Cluster 11:
        A:ASN 842 
        A:ASP 855 
        A:ASP 837 
    Cluster 12:
        A:GLN 849 
        A:THR 847 : HG1
        A:TYR 813 : HH 
    Cluster 13:
        A:GLN 894 
        A:LYS 960 
    Cluster 14:
        A:GLN 935 
    Cluster 15:
        A:GLN 976 
        A:GLU 985 
    Cluster 16:
        A:GLN 982 
    Cluster 17:
        A:ASN 996 
        A:GLU 1005 
    Cluster 18:
        A:LYS 708 
        A:GLU 734 
    Cluster 19:
        A:LYS 713 
    Cluster 20:
        A:LYS 716 
        A:ASP 1003 
    Cluster 21:
        A:LYS 728 
        A:GLU 1004 
    Cluster 22:
        A:LYS 737 
    Cluster 23:
        A:LYS 739 
    Cluster 24:
        A:LYS 745 
    Cluster 25:
        A:LYS 754 
        A:GLU 758 
    Cluster 26:
        A:LYS 757 
    Cluster 27:
        A:LYS 806 
    Cluster 28:
        A:LYS 823 
    Cluster 29:
        A:LYS 860 
        A:TYR 869 : HH 
    Cluster 30:
        A:LYS 867 
    Cluster 31:
        A:LYS 875 
    Cluster 32:
        A:LYS 879 
    Cluster 33:
        A:LYS 913 
    Cluster 34:
        A:LYS 929 
    Cluster 35:
        A:LYS 949 
    Cluster 36:
        A:LYS 970 
        A:GLU 967 
    Cluster 37:
        A:HID 697 
    Cluster 38:
        A:HID 805 
    Cluster 39:
        A:HID 835 
    Cluster 40:
        A:HID 870 
        A:GLU 868 
    Cluster 41:
        A:HID 888 
    Cluster 42:
        A:HID 893 
        A:GLU 829 
    Cluster 43:
        A:HID 988 
    Cluster 44:
        A:THR 710 : HG1
    Cluster 45:
        A:SER 720 : HG 
        A:THR 725 : HG1
    Cluster 46:
        A:THR 751 : HG1
    Cluster 47:
        A:SER 752 : HG 
    Cluster 48:
        A:CYS 775 : HG 
    Cluster 49:
        A:CYS 781 : HG 
    Cluster 50:
        A:SER 784 : HG 
    Cluster 51:
        A:THR 785 : HG1
    Cluster 52:
        A:CYS 797 : HG 
        A:ASP 800 
    Cluster 53:
        A:TYR 801 : HH 
    Cluster 54:
        A:SER 811 : HG 
        A:ASP 984 
    Cluster 55:
        A:CYS 818 : HG 
    Cluster 56:
        A:TYR 827 : HH 
    Cluster 57:
        A:THR 854 : HG1
    Cluster 58:
        A:SER 885 : HG 
        A:SER 895 : HG 
    Cluster 59:
        A:TYR 891 : HH 
    Cluster 60:
        A:THR 892 : HG1
    Cluster 61:
        A:SER 899 : HG 
    Cluster 62:
        A:TYR 900 : HH 
    Cluster 63:
        A:THR 903 : HG1
    Cluster 64:
        A:THR 909 : HG1
        A:SER 912 : HG 
    Cluster 65:
        A:TYR 915 : HH 
    Cluster 66:
        A:SER 921 : HG 
    Cluster 67:
        A:SER 924 : HG 
    Cluster 68:
        A:SER 925 : HG 
    Cluster 69:
        A:CYS 939 : HG 
    Cluster 70:
        A:THR 940 : HG1
        A:ASP 942 
    Cluster 71:
        A:TYR 944 : HH 
    Cluster 72:
        A:CYS 950 : HG 
    Cluster 73:
        A:SER 957 : HG 
        A:ASP 954 
    Cluster 74:
        A:SER 969 : HG 
    Cluster 75:
        A:TYR 978 : HH 
    Cluster 76:
        A:SER 991 : HG 
        A:ASP 994 
        A:SER 995 : HG 
        A:THR 993 : HG1
    Cluster 77:
        A:TYR 998 : HH 
    Cluster 78:
        A:TYR 1016 : HH 
        A:GLU 736 
    Cluster 79:
        A:GLU 709 
    Cluster 80:
        A:GLU 711 
    Cluster 81:
        A:GLU 749 
    Cluster 82:
        A:ASP 761 
    Cluster 83:
        A:GLU 762 
    Cluster 84:
        A:ASP 770 
    Cluster 85:
        A:GLU 804 
    Cluster 86:
        A:ASP 807 
    Cluster 87:
        A:ASP 830 
    Cluster 88:
        A:GLU 865 
    Cluster 89:
        A:GLU 866 
    Cluster 90:
        A:GLU 872 
    Cluster 91:
        A:GLU 884 
    Cluster 92:
        A:ASP 896 
    Cluster 93:
        A:GLU 906 
    Cluster 94:
        A:ASP 916 
    Cluster 95:
        A:GLU 922 
    Cluster 96:
        A:GLU 928 
    Cluster 97:
        A:GLU 931 
    Cluster 98:
        A:ASP 956 
    Cluster 99:
        A:GLU 963 
    Cluster 100:
        A:ASP 974 
    Cluster 101:
        A:ASP 1006 
    Cluster 102:
        A:ASP 1008 
    Cluster 103:
        A:ASP 1009 
    Cluster 104:
        A:GLU 1015 

Working on cluster #1...
    A:ASN 700  : 2 states
    A:SER 768 : HG  : 6 states
    A:TYR 764 : HH  : 4 states

  Scoring exhaustively (48 potential combinations)...

  Cluster results:
    A:ASN 700  : No Flip
    A:SER 768 : HG  : Stagger 1 4/6
    A:TYR 764 : HH  : Orientation 1/3 (pKa = 9.88)

Working on cluster #2...
    A:GLN 701  : 2 states

  Scoring exhaustively (2 potential combinations)...

  Cluster results:
    A:GLN 701  : No Flip

Working on cluster #3...
    A:ASN 756  : 2 states

  Scoring exhaustively (2 potential combinations)...

  Cluster results:
    A:ASN 756  : No Flip

Working on cluster #4...
    A:ASN 771  : 2 states

  Scoring exhaustively (2 potential combinations)...
    No valid conformations found. Trying again with less strict requirements.

  Cluster results:
    A:ASN 771  : No Flip

Working on cluster #5...
    A:GLN 787  : 2 states
    A:GLU 746  : 3 states
    A:THR 783 : HG1 : 8 states
    A:TYR 727 : HH  : 5 states
    A:LYS 714  : 12 states

  Scoring exhaustively (2880 potential combinations)...
    No valid conformations found. Trying again with less strict requirements.

  Cluster results:
    A:GLN 787  : No Flip
    A:GLU 746  : Charged (pKa = 4.88)
    A:THR 783 : HG1 : Orientation 1/8
    A:TYR 727 : HH  : Orientation 1/4 (pKa = 10.61)
    A:LYS 714  : Orientation 2/2 (pKa = 9.89)

Working on cluster #6...
    A:GLN 791  : 2 states
    A:ASP 1014  : 3 states
    A:ASP 1012  : 3 states
    A:LYS 852  : 24 states
    A:LYS 846  : 24 states

  Scoring exhaustively (10368 potential combinations)...
    No valid conformations found. Trying again with less strict requirements.

  Cluster results:
    A:GLN 791  : No Flip
    A:ASP 1014  : Charged (pKa = 1.32)
    A:ASP 1012  : Charged (pKa = 4.19)
    A:LYS 852  : Stagger (pKa = 9.94)
    A:LYS 846  : Orientation 5/5 (pKa = 12.01)

Working on cluster #7...
    A:ASN 808  : 2 states

  Scoring exhaustively (2 potential combinations)...

  Cluster results:
    A:ASN 808  : Flip

Working on cluster #8...
    A:GLN 812  : 2 states
    A:ASN 816  : 2 states

  Scoring exhaustively (4 potential combinations)...

  Cluster results:
    A:GLN 812  : No Flip
    A:ASN 816  : No Flip

Working on cluster #9...
    A:GLN 820  : 2 states
    A:HID 850  : 6 states
    A:HID 773  : 6 states

  Scoring exhaustively (72 potential combinations)...

  Cluster results:
    A:GLN 820  : No Flip
    A:HID 850  : HIE (pKa = 5.47)
    A:HID 773  : Flip HID (pKa = 4.39)

Working on cluster #10...
    A:ASN 826  : 2 states

  Scoring exhaustively (2 potential combinations)...

  Cluster results:
    A:ASN 826  : No Flip

Working on cluster #11...
    A:ASN 842  : 2 states
    A:ASP 855  : 3 states
    A:ASP 837  : 3 states

  Scoring exhaustively (18 potential combinations)...
    No valid conformations found. Trying again with less strict requirements.

  Cluster results:
    A:ASN 842  : No Flip
    A:ASP 855  : Charged (pKa = 3.76)
    A:ASP 837  : Charged (pKa = 4.91)

Working on cluster #12...
    A:GLN 849  : 2 states
    A:THR 847 : HG1 : 8 states
    A:TYR 813 : HH  : 3 states

  Scoring exhaustively (48 potential combinations)...

  Cluster results:
    A:GLN 849  : No Flip
    A:THR 847 : HG1 : Orientation 5/8
    A:TYR 813 : HH  : Default 2 2/2 (pKa = 10.42)

Working on cluster #13...
    A:GLN 894  : 2 states
    A:LYS 960  : 16 states

  Scoring exhaustively (32 potential combinations)...

  Cluster results:
    A:GLN 894  : No Flip
    A:LYS 960  : Orientation 1/3 (pKa = 10.4)

Working on cluster #14...
    A:GLN 935  : 2 states

  Scoring exhaustively (2 potential combinations)...

  Cluster results:
    A:GLN 935  : No Flip

Working on cluster #15...
    A:GLN 976  : 2 states
    A:GLU 985  : 3 states

  Scoring exhaustively (6 potential combinations)...

  Cluster results:
    A:GLN 976  : No Flip
    A:GLU 985  : Charged (pKa = 4.21)

Working on cluster #16...
    A:GLN 982  : 2 states

  Scoring exhaustively (2 potential combinations)...

  Cluster results:
    A:GLN 982  : No Flip

Working on cluster #17...
    A:ASN 996  : 2 states
    A:GLU 1005  : 3 states

  Scoring exhaustively (6 potential combinations)...

  Cluster results:
    A:ASN 996  : No Flip
    A:GLU 1005  : Charged (pKa = 4.44)

Working on cluster #18...
    A:LYS 708  : 16 states
    A:GLU 734  : 3 states

  Scoring exhaustively (48 potential combinations)...

  Cluster results:
    A:LYS 708  : Orientation 2/3 (pKa = 11.12)
    A:GLU 734  : Charged (pKa = 4.1)

Working on cluster #19...
    A:LYS 713  : 8 states

  Scoring exhaustively (8 potential combinations)...

  Cluster results:
    A:LYS 713  : Orientation 1/1 (pKa = 10.34)

Working on cluster #20...
    A:LYS 716  : 8 states
    A:ASP 1003  : 3 states

  Scoring exhaustively (24 potential combinations)...

  Cluster results:
    A:LYS 716  : Orientation 1/1 (pKa = 10.68)
    A:ASP 1003  : Charged (pKa = 2.94)

Working on cluster #21...
    A:LYS 728  : 8 states
    A:GLU 1004  : 3 states

  Scoring exhaustively (24 potential combinations)...

  Cluster results:
    A:LYS 728  : Stagger (pKa = 11.19)
    A:GLU 1004  : Charged (pKa = 3.91)

Working on cluster #22...
    A:LYS 737  : 8 states

  Scoring exhaustively (8 potential combinations)...

  Cluster results:
    A:LYS 737  : Orientation 1/1 (pKa = 10.53)

Working on cluster #23...
    A:LYS 739  : 8 states

  Scoring exhaustively (8 potential combinations)...

  Cluster results:
    A:LYS 739  : Orientation 1/1 (pKa = 10.47)

Working on cluster #24...
    A:LYS 745  : 8 states

  Scoring exhaustively (8 potential combinations)...
    No valid conformations found. Trying again with less strict requirements.

  Cluster results:
    A:LYS 745  : Orientation 1/1 (pKa = 9.45)

Working on cluster #25...
    A:LYS 754  : 8 states
    A:GLU 758  : 3 states

  Scoring exhaustively (24 potential combinations)...

  Cluster results:
    A:LYS 754  : Orientation 1/1 (pKa = 10.89)
    A:GLU 758  : Charged (pKa = 4.21)

Working on cluster #26...
    A:LYS 757  : 16 states

  Scoring exhaustively (16 potential combinations)...

  Cluster results:
    A:LYS 757  : Orientation 1/3 (pKa = 10.6)

Working on cluster #27...
    A:LYS 806  : 12 states

  Scoring exhaustively (12 potential combinations)...
    No valid conformations found. Trying again with less strict requirements.

  Cluster results:
    A:LYS 806  : Orientation 2/2 (pKa = 9.98)

Working on cluster #28...
    A:LYS 823  : 12 states

  Scoring exhaustively (12 potential combinations)...
    No valid conformations found. Trying again with less strict requirements.

  Cluster results:
    A:LYS 823  : Stagger (pKa = 10.11)

Working on cluster #29...
    A:LYS 860  : 8 states
    A:TYR 869 : HH  : 6 states

  Scoring exhaustively (48 potential combinations)...

  Cluster results:
    A:LYS 860  : Stagger (pKa = 10.7)
    A:TYR 869 : HH  : Default 1 4/5 (pKa = 9.41)

Working on cluster #30...
    A:LYS 867  : 12 states

  Scoring exhaustively (12 potential combinations)...

  Cluster results:
    A:LYS 867  : Orientation 1/2 (pKa = 10.55)

Working on cluster #31...
    A:LYS 875  : 8 states

  Scoring exhaustively (8 potential combinations)...

  Cluster results:
    A:LYS 875  : Orientation 1/1 (pKa = 10.42)

Working on cluster #32...
    A:LYS 879  : 8 states

  Scoring exhaustively (8 potential combinations)...

  Cluster results:
    A:LYS 879  : Stagger (pKa = 9.73)

Working on cluster #33...
    A:LYS 913  : 8 states

  Scoring exhaustively (8 potential combinations)...

  Cluster results:
    A:LYS 913  : Orientation 1/1 (pKa = 10.44)

Working on cluster #34...
    A:LYS 929  : 8 states

  Scoring exhaustively (8 potential combinations)...

  Cluster results:
    A:LYS 929  : Orientation 1/1 (pKa = 10.44)

Working on cluster #35...
    A:LYS 949  : 20 states

  Scoring exhaustively (20 potential combinations)...

  Cluster results:
    A:LYS 949  : Orientation 4/4 (pKa = 10.37)

Working on cluster #36...
    A:LYS 970  : 8 states
    A:GLU 967  : 3 states

  Scoring exhaustively (24 potential combinations)...

  Cluster results:
    A:LYS 970  : Stagger (pKa = 11.41)
    A:GLU 967  : Charged (pKa = 3.84)

Working on cluster #37...
    A:HID 697  : 6 states

  Scoring exhaustively (6 potential combinations)...

  Cluster results:
    A:HID 697  : HIE (pKa = 7.83)

Working on cluster #38...
    A:HID 805  : 6 states

  Scoring exhaustively (6 potential combinations)...

  Cluster results:
    A:HID 805  : Flip HID (pKa = 6.35)

Working on cluster #39...
    A:HID 835  : 6 states

  Scoring exhaustively (6 potential combinations)...

  Cluster results:
    A:HID 835  : HIE (pKa = 6.28)

Working on cluster #40...
    A:HID 870  : 6 states
    A:GLU 868  : 3 states

  Scoring exhaustively (18 potential combinations)...

  Cluster results:
    A:HID 870  : Flip HIE (pKa = 6.37)
    A:GLU 868  : Charged (pKa = 4.62)

Working on cluster #41...
    A:HID 888  : 6 states

  Scoring exhaustively (6 potential combinations)...

  Cluster results:
    A:HID 888  : HID (pKa = 6.32)

Working on cluster #42...
    A:HID 893  : 6 states
    A:GLU 829  : 3 states

  Scoring exhaustively (18 potential combinations)...

  Cluster results:
    A:HID 893  : HIE (pKa = 5.62)
    A:GLU 829  : Charged (pKa = 5.41)

Working on cluster #43...
    A:HID 988  : 6 states

  Scoring exhaustively (6 potential combinations)...

  Cluster results:
    A:HID 988  : Flip HIE (pKa = 6.16)

Working on cluster #44...
    A:THR 710 : HG1 : 4 states

  Scoring exhaustively (4 potential combinations)...

  Cluster results:
    A:THR 710 : HG1 : Stagger 2 3/4

Working on cluster #45...
    A:SER 720 : HG  : 5 states
    A:THR 725 : HG1 : 4 states

  Scoring exhaustively (20 potential combinations)...

  Cluster results:
    A:SER 720 : HG  : Stagger 3 5/5
    A:THR 725 : HG1 : Stagger 1 2/4

Working on cluster #46...
    A:THR 751 : HG1 : 5 states

  Scoring exhaustively (5 potential combinations)...

  Cluster results:
    A:THR 751 : HG1 : Orientation 1/5

Working on cluster #47...
    A:SER 752 : HG  : 7 states

  Scoring exhaustively (7 potential combinations)...

  Cluster results:
    A:SER 752 : HG  : Orientation 2/7

Working on cluster #48...
    A:CYS 775 : HG  : 7 states

  Scoring exhaustively (7 potential combinations)...

  Cluster results:
    A:CYS 775 : HG  : Stagger 1 4/6 (pKa = 11.02)

Working on cluster #49...
    A:CYS 781 : HG  : 5 states

  Scoring exhaustively (5 potential combinations)...

  Cluster results:
    A:CYS 781 : HG  : Orientation 1/4 (pKa = 10.36)

Working on cluster #50...
    A:SER 784 : HG  : 6 states

  Scoring exhaustively (6 potential combinations)...

  Cluster results:
    A:SER 784 : HG  : Stagger 2 5/6

Working on cluster #51...
    A:THR 785 : HG1 : 8 states

  Scoring exhaustively (8 potential combinations)...

  Cluster results:
    A:THR 785 : HG1 : Orientation 1/8

Working on cluster #52...
    A:CYS 797 : HG  : 8 states
    A:ASP 800  : 3 states

  Scoring exhaustively (24 potential combinations)...
    No valid conformations found. Trying again with less strict requirements.

  Cluster results:
    A:CYS 797 : HG  : Orientation 4/7 (pKa = 11.81)
    A:ASP 800  : Charged (pKa = 3.85)

Working on cluster #53...
    A:TYR 801 : HH  : 4 states

  Scoring exhaustively (4 potential combinations)...

  Cluster results:
    A:TYR 801 : HH  : Default 2 3/3 (pKa = 12.56)

Working on cluster #54...
    A:SER 811 : HG  : 7 states
    A:ASP 984  : 3 states

  Scoring exhaustively (21 potential combinations)...

  Cluster results:
    A:SER 811 : HG  : Orientation 1/7
    A:ASP 984  : Charged (pKa = 3.73)

Working on cluster #55...
    A:CYS 818 : HG  : 7 states

  Scoring exhaustively (7 potential combinations)...

  Cluster results:
    A:CYS 818 : HG  : Orientation 1/6 (pKa = 12.98)

Working on cluster #56...
    A:TYR 827 : HH  : 3 states

  Scoring exhaustively (3 potential combinations)...
    No valid conformations found. Trying again with less strict requirements.

  Cluster results:
    A:TYR 827 : HH  : Orientation 1/2 (pKa = 10.53)

Working on cluster #57...
    A:THR 854 : HG1 : 7 states

  Scoring exhaustively (7 potential combinations)...

  Cluster results:
    A:THR 854 : HG1 : Stagger 2 6/7

Working on cluster #58...
    A:SER 885 : HG  : 9 states
    A:SER 895 : HG  : 10 states

  Scoring exhaustively (90 potential combinations)...

  Cluster results:
    A:SER 885 : HG  : Orientation 1/9
    A:SER 895 : HG  : Orientation 4/10

Working on cluster #59...
    A:TYR 891 : HH  : 5 states

  Scoring exhaustively (5 potential combinations)...
    No valid conformations found. Trying again with less strict requirements.

  Cluster results:
    A:TYR 891 : HH  : Default 1 3/4 (pKa = 9.71)

Working on cluster #60...
    A:THR 892 : HG1 : 8 states

  Scoring exhaustively (8 potential combinations)...

  Cluster results:
    A:THR 892 : HG1 : Orientation 5/8

Working on cluster #61...
    A:SER 899 : HG  : 9 states

  Scoring exhaustively (9 potential combinations)...

  Cluster results:
    A:SER 899 : HG  : Orientation 1/9

Working on cluster #62...
    A:TYR 900 : HH  : 4 states

  Scoring exhaustively (4 potential combinations)...

  Cluster results:
    A:TYR 900 : HH  : Default 2 3/3 (pKa = 16.23)

Working on cluster #63...
    A:THR 903 : HG1 : 4 states

  Scoring exhaustively (4 potential combinations)...

  Cluster results:
    A:THR 903 : HG1 : Orientation 1/4

Working on cluster #64...
    A:THR 909 : HG1 : 5 states
    A:SER 912 : HG  : 5 states

  Scoring exhaustively (25 potential combinations)...

  Cluster results:
    A:THR 909 : HG1 : Orientation 1/5
    A:SER 912 : HG  : Stagger 1 3/5

Working on cluster #65...
    A:TYR 915 : HH  : 4 states

  Scoring exhaustively (4 potential combinations)...

  Cluster results:
    A:TYR 915 : HH  : Default 1 3/3 (pKa = 12.54)

Working on cluster #66...
    A:SER 921 : HG  : 7 states

  Scoring exhaustively (7 potential combinations)...

  Cluster results:
    A:SER 921 : HG  : Orientation 3/7

Working on cluster #67...
    A:SER 924 : HG  : 9 states

  Scoring exhaustively (9 potential combinations)...

  Cluster results:
    A:SER 924 : HG  : Default 6/9

Working on cluster #68...
    A:SER 925 : HG  : 10 states

  Scoring exhaustively (10 potential combinations)...

  Cluster results:
    A:SER 925 : HG  : Orientation 4/10

Working on cluster #69...
    A:CYS 939 : HG  : 6 states

  Scoring exhaustively (6 potential combinations)...

  Cluster results:
    A:CYS 939 : HG  : Stagger 3 5/5 (pKa = 12.25)

Working on cluster #70...
    A:THR 940 : HG1 : 5 states
    A:ASP 942  : 3 states

  Scoring exhaustively (15 potential combinations)...

  Cluster results:
    A:THR 940 : HG1 : Orientation 1/5
    A:ASP 942  : Charged (pKa = 3.77)

Working on cluster #71...
    A:TYR 944 : HH  : 4 states

  Scoring exhaustively (4 potential combinations)...

  Cluster results:
    A:TYR 944 : HH  : Orientation 1/3 (pKa = 11.05)

Working on cluster #72...
    A:CYS 950 : HG  : 6 states

  Scoring exhaustively (6 potential combinations)...

  Cluster results:
    A:CYS 950 : HG  : Orientation 1/5 (pKa = 12.48)

Working on cluster #73...
    A:SER 957 : HG  : 8 states
    A:ASP 954  : 3 states

  Scoring exhaustively (24 potential combinations)...

  Cluster results:
    A:SER 957 : HG  : Orientation 1/8
    A:ASP 954  : Charged (pKa = 3.0)

Working on cluster #74...
    A:SER 969 : HG  : 5 states

  Scoring exhaustively (5 potential combinations)...

  Cluster results:
    A:SER 969 : HG  : Stagger 3 5/5

Working on cluster #75...
    A:TYR 978 : HH  : 5 states

  Scoring exhaustively (5 potential combinations)...

  Cluster results:
    A:TYR 978 : HH  : Default 1 3/4 (pKa = 10.39)

Working on cluster #76...
    A:SER 991 : HG  : 3 states
    A:ASP 994  : 3 states
    A:SER 995 : HG  : 8 states
    A:THR 993 : HG1 : 11 states

  Scoring exhaustively (792 potential combinations)...

  Cluster results:
    A:SER 991 : HG  : Stagger 3 3/3
    A:ASP 994  : Charged (pKa = 2.89)
    A:SER 995 : HG  : Orientation 4/8
    A:THR 993 : HG1 : Orientation 7/11

Working on cluster #77...
    A:TYR 998 : HH  : 7 states

  Scoring exhaustively (7 potential combinations)...

  Cluster results:
    A:TYR 998 : HH  : Orientation 1/6 (pKa = 10.01)

Working on cluster #78...
    A:TYR 1016 : HH  : 3 states
    A:GLU 736  : 3 states

  Scoring exhaustively (9 potential combinations)...

  Cluster results:
    A:TYR 1016 : HH  : Orientation 2/2 (pKa = 11.1)
    A:GLU 736  : Charged (pKa = 3.93)

Working on cluster #79...
    A:GLU 709  : 3 states

  Scoring exhaustively (3 potential combinations)...

  Cluster results:
    A:GLU 709  : Charged (pKa = 4.57)

Working on cluster #80...
    A:GLU 711  : 3 states

  Scoring exhaustively (3 potential combinations)...

  Cluster results:
    A:GLU 711  : Charged (pKa = 3.45)

Working on cluster #81...
    A:GLU 749  : 3 states

  Scoring exhaustively (3 potential combinations)...

  Cluster results:
    A:GLU 749  : Charged (pKa = 4.75)

Working on cluster #82...
    A:ASP 761  : 3 states

  Scoring exhaustively (3 potential combinations)...

  Cluster results:
    A:ASP 761  : Charged (pKa = 3.93)

Working on cluster #83...
    A:GLU 762  : 3 states

  Scoring exhaustively (3 potential combinations)...

  Cluster results:
    A:GLU 762  : Charged (pKa = 7.14)

Working on cluster #84...
    A:ASP 770  : 3 states

  Scoring exhaustively (3 potential combinations)...

  Cluster results:
    A:ASP 770  : Charged (pKa = 4.0)

Working on cluster #85...
    A:GLU 804  : 3 states

  Scoring exhaustively (3 potential combinations)...

  Cluster results:
    A:GLU 804  : Charged (pKa = 4.91)

Working on cluster #86...
    A:ASP 807  : 3 states

  Scoring exhaustively (3 potential combinations)...

  Cluster results:
    A:ASP 807  : Charged (pKa = 3.92)

Working on cluster #87...
    A:ASP 830  : 3 states

  Scoring exhaustively (3 potential combinations)...

  Cluster results:
    A:ASP 830  : Charged (pKa = 4.24)

Working on cluster #88...
    A:GLU 865  : 3 states

  Scoring exhaustively (3 potential combinations)...

  Cluster results:
    A:GLU 865  : Charged (pKa = 4.54)

Working on cluster #89...
    A:GLU 866  : 3 states

  Scoring exhaustively (3 potential combinations)...

  Cluster results:
    A:GLU 866  : Charged (pKa = 3.96)

Working on cluster #90...
    A:GLU 872  : 3 states

  Scoring exhaustively (3 potential combinations)...

  Cluster results:
    A:GLU 872  : Charged (pKa = 4.45)

Working on cluster #91...
    A:GLU 884  : 3 states

  Scoring exhaustively (3 potential combinations)...

  Cluster results:
    A:GLU 884  : Charged (pKa = 4.0)

Working on cluster #92...
    A:ASP 896  : 3 states

  Scoring exhaustively (3 potential combinations)...

  Cluster results:
    A:ASP 896  : Charged (pKa = 4.98)

Working on cluster #93...
    A:GLU 906  : 3 states

  Scoring exhaustively (3 potential combinations)...

  Cluster results:
    A:GLU 906  : Charged (pKa = 6.6)

Working on cluster #94...
    A:ASP 916  : 3 states

  Scoring exhaustively (3 potential combinations)...

  Cluster results:
    A:ASP 916  : Charged (pKa = 3.66)

Working on cluster #95...
    A:GLU 922  : 3 states

  Scoring exhaustively (3 potential combinations)...

  Cluster results:
    A:GLU 922  : Charged (pKa = 4.75)

Working on cluster #96...
    A:GLU 928  : 3 states

  Scoring exhaustively (3 potential combinations)...

  Cluster results:
    A:GLU 928  : Charged (pKa = 4.73)

Working on cluster #97...
    A:GLU 931  : 3 states

  Scoring exhaustively (3 potential combinations)...

  Cluster results:
    A:GLU 931  : Charged (pKa = 4.68)

Working on cluster #98...
    A:ASP 956  : 3 states

  Scoring exhaustively (3 potential combinations)...

  Cluster results:
    A:ASP 956  : Charged (pKa = 4.05)

Working on cluster #99...
    A:GLU 963  : 3 states

  Scoring exhaustively (3 potential combinations)...

  Cluster results:
    A:GLU 963  : Charged (pKa = 3.7)

Working on cluster #100...
    A:ASP 974  : 3 states

  Scoring exhaustively (3 potential combinations)...

  Cluster results:
    A:ASP 974  : Charged (pKa = 3.97)

Working on cluster #101...
    A:ASP 1006  : 3 states

  Scoring exhaustively (3 potential combinations)...

  Cluster results:
    A:ASP 1006  : Charged (pKa = 4.32)

Working on cluster #102...
    A:ASP 1008  : 3 states

  Scoring exhaustively (3 potential combinations)...

  Cluster results:
    A:ASP 1008  : Charged (pKa = 3.86)

Working on cluster #103...
    A:ASP 1009  : 3 states

  Scoring exhaustively (3 potential combinations)...

  Cluster results:
    A:ASP 1009  : Charged (pKa = 3.83)

Working on cluster #104...
    A:GLU 1015  : 3 states

  Scoring exhaustively (3 potential combinations)...

  Cluster results:
    A:GLU 1015  : Charged (pKa = 4.97)


Recalculating pKas to identify changes in protonation penalties...
  Running PropKa to get pKas
    No changes in protonation penalties found.

Minimizing hydrogens...

Total score for structure: -133.940871454

Final pKas:
  A:LYS 708  : 11.12
  A:LYS 713  : 10.34
  A:LYS 714  : 9.89
  A:LYS 716  : 10.68
  A:LYS 728  : 11.19
  A:LYS 737  : 10.53
  A:LYS 739  : 10.47
  A:LYS 745  : 9.45
  A:LYS 754  : 10.89
  A:LYS 757  : 10.60
  A:LYS 806  : 9.98
  A:LYS 823  : 10.11
  A:LYS 846  : 12.01
  A:LYS 852  : 9.93
  A:LYS 860  : 10.70
  A:LYS 867  : 10.55
  A:LYS 875  : 10.42
  A:LYS 879  : 9.73
  A:LYS 913  : 10.44
  A:LYS 929  : 10.44
  A:LYS 949  : 10.37
  A:LYS 960  : 10.40
  A:LYS 970  : 11.41
  A:HID 697  : 7.83
  A:HID 773  : 3.87
  A:HID 805  : 5.69
  A:HID 835  : 6.28
  A:HID 850  : 5.47
  A:HID 870  : 6.55
  A:HID 888  : 6.32
  A:HID 893  : 5.62
  A:HID 988  : 6.16
  A:TYR 727 : HH  : 10.61
  A:TYR 764 : HH  : 9.88
  A:CYS 775 : HG  : 11.02
  A:CYS 781 : HG  : 10.36
  A:CYS 797 : HG  : 11.81
  A:TYR 801 : HH  : 12.56
  A:TYR 813 : HH  : 10.41
  A:CYS 818 : HG  : 12.98
  A:TYR 827 : HH  : 10.53
  A:TYR 869 : HH  : 9.41
  A:TYR 891 : HH  : 9.71
  A:TYR 900 : HH  : 16.23
  A:TYR 915 : HH  : 12.54
  A:CYS 939 : HG  : 12.25
  A:TYR 944 : HH  : 11.05
  A:CYS 950 : HG  : 12.48
  A:TYR 978 : HH  : 10.39
  A:TYR 998 : HH  : 10.01
  A:TYR 1016 : HH  : 11.10
  A:GLU 709  : 4.57
  A:GLU 711  : 3.45
  A:GLU 734  : 4.10
  A:GLU 736  : 3.93
  A:GLU 746  : 4.88
  A:GLU 749  : 4.75
  A:GLU 758  : 4.21
  A:ASP 761  : 3.93
  A:GLU 762  : 7.14
  A:ASP 770  : 4.00
  A:ASP 800  : 3.86
  A:GLU 804  : 4.91
  A:ASP 807  : 3.92
  A:GLU 829  : 5.41
  A:ASP 830  : 4.24
  A:ASP 837  : 4.91
  A:ASP 855  : 3.76
  A:GLU 865  : 4.54
  A:GLU 866  : 3.95
  A:GLU 868  : 4.43
  A:GLU 872  : 4.45
  A:GLU 884  : 4.00
  A:ASP 896  : 4.98
  A:GLU 906  : 6.60
  A:ASP 916  : 3.66
  A:GLU 922  : 4.75
  A:GLU 928  : 4.73
  A:GLU 931  : 4.68
  A:ASP 942  : 3.77
  A:ASP 954  : 3.00
  A:ASP 956  : 4.05
  A:GLU 963  : 3.70
  A:GLU 967  : 3.84
  A:ASP 974  : 3.97
  A:ASP 984  : 3.73
  A:GLU 985  : 4.21
  A:ASP 994  : 2.89
  A:ASP 1003  : 2.94
  A:GLU 1004  : 3.91
  A:GLU 1005  : 4.44
  A:ASP 1006  : 4.32
  A:ASP 1008  : 3.86
  A:ASP 1009  : 3.83
  A:ASP 1012  : 4.19
  A:ASP 1014  : 1.32
  A:GLU 1015  : 4.97
Structure extracted from file: 3W2Q-protassign.mae
Output structure will be written to: 3W2Q-protassign-out.mae

Complete. Output file: 3W2Q-protassign-out.mae
