
Working on structure 1
Fixing common structure mistakes...
  No mistakes were found
Pre-treating metals...
Done treating metals
Assigning bond orders...
  Using CCD: True
CCD template assignment successfully used for HET "IRE "
CCD template assignment successfully used for HET "MES "
  Assigned the following bonds (format: atom1, atom2, order): set([(2368, 2366, 2), (2350, 2351, 2), (2378, 2381, 2), (2356, 2355, 2), (2354, 2349, 2), (2358, 2359, 2), (2364, 2363, 2), (2360, 2361, 2), (2362, 2369, 2), (2378, 2380, 2)])
Removing and re-adding hydrogens...
Treating metals...
Creating di-sulfur bonds...
Converting Selenomethionines...
Filling missing loops using Prime...
Attempting to build missing loops with Knowledge-Based Methods
    A:  720 -- A:  724   GAF
    A:  746 -- A:  752   LREAT
    A:  989 -- A: 1005   PSPTDSNFYRALMDE
Generating models for each loop... 
Total number of loops: 3
Working on loop 0 - A:720,A:724,GAF
Number of returned models for loop 0 : 2
Working on loop 1 - A:746,A:752,LREAT
Number of returned models for loop 1 : 2
Working on loop 2 - A:989,A:1005,PSPTDSNFYRALMDE
Number of returned models for loop 2 : 2
Combining models from all loops... 
Combination index: [0, 0, 0]
Side chain optimizing...
Minimizing...
Severe clashes still exist, discard this model...
Combination index: [1, 1, 1]
Side chain optimizing...
Minimizing...
Accept model # 0
Detecting missing residue atoms...
Filling missing side chains using Prime...
Prime output file: /lila/home/albaness/PDBfinder/pdbs/Gefitinib-EGFR/fixed/3UG2-fixed/3ug2-missing-side-chains-out.maegz
Finding het groups...
Coloring atoms by element (green carbons in hets)...
Finding het groups (for Epik)...
Processing 2 het groups...
  Using Epik with pH: 7.4
        and pH Range: 0.0
  Max states per het: 32
Running Epik on 2 het groups...
  Waiting for epik...
  Het A:IRE (1): keeping all 1 state(s):
    State penalty: 0.19 kcal/mol; H-Bond count: 1.
  Het A:MES (1023): keeping all 1 state(s):
    State penalty: 0.19 kcal/mol; H-Bond count: 3.
Running ProtAssign...
  Uses -minimize option in ProtAssign
  Using PROPKA with pH: 7.4
  RUNNING: /data/chodera/schrodinger/schrodinger2017-3-advanced/utilities/protassign 3UG2-protassign.mae 3UG2-protassign-out.mae -NOJOBID -nowater -minimize -propka_pH 7.4
Optimize H-bond job completed.
Deleting non-bridging waters...
  Deleted waters: A:2, A:3, A:4, A:5, A:6, A:7, A:8, A:9, A:10, A:11, A:12, A:13, A:14, A:15, A:16, A:17, A:18, A:19, A:20, A:21, A:22, A:23, A:24, A:26, A:27, A:28, A:29, A:30, A:31, A:32, A:33, A:34, A:35, A:36, A:37, A:38, A:39, A:40, A:41, A:42, A:43, A:44, A:45, A:46, A:47, A:48, A:49, A:50, A:51, A:52, A:53, A:54, A:55, A:1024
Running restrained minimization...
  RMSD: 0.3
  Force field: 3
  hydrogens only
done with preparation
Writing to file...

Working on structure 2
Fixing common structure mistakes...
  No mistakes were found
Pre-treating metals...
Done treating metals
Assigning bond orders...
  Using CCD: True
CCD template assignment successfully used for HET "IRE "
CCD template assignment successfully used for HET "MES "
  Assigned the following bonds (format: atom1, atom2, order): set([(2368, 2366, 2), (2350, 2351, 2), (2378, 2381, 2), (2356, 2355, 2), (2354, 2349, 2), (2358, 2359, 2), (2364, 2363, 2), (2360, 2361, 2), (2362, 2369, 2), (2378, 2380, 2)])
Removing and re-adding hydrogens...
Treating metals...
Creating di-sulfur bonds...
Converting Selenomethionines...
Filling missing loops using Prime...
Attempting to build missing loops with Knowledge-Based Methods
    A:  720 -- A:  724   GAF
    A:  746 -- A:  752   LREAT
    A:  989 -- A: 1005   PSPTDSNFYRALMDE
Generating models for each loop... 
Total number of loops: 3
Working on loop 0 - A:720,A:724,GAF
Number of returned models for loop 0 : 2
Working on loop 1 - A:746,A:752,LREAT
Number of returned models for loop 1 : 2
Working on loop 2 - A:989,A:1005,PSPTDSNFYRALMDE
Number of returned models for loop 2 : 2
Combining models from all loops... 
Combination index: [0, 0, 0]
Side chain optimizing...
Minimizing...
Severe clashes still exist, discard this model...
Combination index: [1, 1, 1]
Side chain optimizing...
Minimizing...
Accept model # 0
Detecting missing residue atoms...
Filling missing side chains using Prime...
Prime output file: /lila/home/albaness/PDBfinder/pdbs/Gefitinib-EGFR/fixed/3UG2-fixed/3ug2-missing-side-chains-out.maegz
Finding het groups...
Coloring atoms by element (green carbons in hets)...
Finding het groups (for Epik)...
Processing 2 het groups...
  Using Epik with pH: 7.4
        and pH Range: 0.0
  Max states per het: 32
Running Epik on 2 het groups...
  Waiting for epik...
  Het A:IRE (1): keeping all 1 state(s):
    State penalty: 0.19 kcal/mol; H-Bond count: 1.
  Het A:MES (1023): keeping all 1 state(s):
    State penalty: 0.19 kcal/mol; H-Bond count: 3.
Running ProtAssign...
  Uses -minimize option in ProtAssign
  Using PROPKA with pH: 7.4
  RUNNING: /data/chodera/schrodinger/schrodinger2017-3-advanced/utilities/protassign 3UG2-protassign.mae 3UG2-protassign-out.mae -NOJOBID -nowater -minimize -propka_pH 7.4
Optimize H-bond job completed.
Deleting non-bridging waters...
  Deleted waters: A:2, A:3, A:4, A:5, A:6, A:7, A:8, A:9, A:10, A:11, A:12, A:13, A:14, A:15, A:16, A:17, A:18, A:19, A:20, A:21, A:22, A:23, A:24, A:25, A:26, A:27, A:28, A:29, A:30, A:31, A:32, A:33, A:34, A:35, A:36, A:37, A:38, A:39, A:40, A:41, A:42, A:43, A:44, A:45, A:46, A:47, A:48, A:49, A:50, A:51, A:52, A:53, A:54, A:55, A:1024
Running restrained minimization...
  RMSD: 0.3
  Force field: 3
  hydrogens only
done with preparation
Writing to file...
