
** Heavy-atom coordinates will be fixed: maxlevel set to 0
  **
  ** Beginning refinement level 0
  **

%IMPACT-I (openwt): Request to open FORMATTED file 3UG2-impref_ref0.out on unit   2
 Entering IMPACT execution environment 
 Date: Monday, October 02 2017, at 14:28:52 EDT
 Impact version 76016
 mmshare version        39016
 Copyright (c) Schrodinger, LLC.
 All Rights Reserved.

 Host: Linux ls04 3.10.0-514.21.2.el7.x86_64 #1 SMP Tue Jun 20 12:24:47 UTC 2017 x86_64
 Job Name: 3UG2-impref_ref0
 SCHRODINGER  directory: /data/chodera/schrodinger/schrodinger2017-3-advanced
 IMPACT_EXEC  directory: /data/chodera/schrodinger/schrodinger2017-3-advanced/impact-v7.6/bin/Linux-x86_64
 MMSHARE_EXEC directory: /data/chodera/schrodinger/schrodinger2017-3-advanced/mmshare-v3.9/bin/Linux-x86_64

 Clock-based global random seed:     1506968932
%IMPACT-I(foldmain): calling OPLS3 atomtyping ...
%IMPACT-I(foldmain): finished parameter assignment
 PARM read from file "paramstd.dat"
 Parameter obtained from atomtyping
      Current coord. are written to file: "3UG2-impref.init_coord.rst"
      Box dimensions not written


 Total number of atoms  =  5277
 
 Neighbor List Cutoff Settings
 ==================================
 Cutoff radius:   10.0000000000000     
 Update frequency: every           10  steps
 Species   1 : Neighbors are calculated on a per residue basis
 Species   1 : Cutoff by inter-atomic distances
 
 Step number:          0         Non-bonded count:  1241016
 E-pot        RMS grad     Max grad    
 -5.87259E+03  8.93424E+01  5.01864E+03
 Step number:         10         Non-bonded count:  1241016
 -8.12733E+03  1.09128E+00  3.78835E+01
 Step number:         20         Non-bonded count:  1241016
 -8.22132E+03  6.21910E-01  1.35145E+01
 Step number:         30         Non-bonded count:  1241016
 -8.25222E+03  3.56065E-01  7.73567E+00
 Step number:         40         Non-bonded count:  1241016
 -8.26464E+03  2.32793E-01  7.65578E+00
 Step number:         50         Non-bonded count:  1241016
 -8.27082E+03  2.05887E-01  5.72492E+00
 Step number:         60         Non-bonded count:  1241016
 -8.27560E+03  1.58630E-01  3.23845E+00
 Step number:         70         Non-bonded count:  1241016
 -8.27986E+03  1.75500E-01  3.89544E+00
 Step number:         80         Non-bonded count:  1241016
 -8.28391E+03  1.70360E-01  5.72073E+00
 Step number:         90         Non-bonded count:  1241016
 -8.28657E+03  1.11105E-01  2.53823E+00
 Step number:        100         Non-bonded count:  1241016
 -8.28828E+03  9.65744E-02  2.28151E+00
 Step number:        100         Non-bonded count:  1241016
 -8.28828E+03  9.65744E-02  2.28151E+00
      Current coord. are written to file: "3UG2-impref.min0_coord.rst"
      Box dimensions not written
      Current coordinates are read from file: "3UG2-impref.init_coord.rst"
      Box dimensions not read
          read from "3UG2-impref.init_coord.rst"
  
 Energy and Force Generation Info: 
 --------------------------------- 
 Number of E&F called:     265
 PARM read from file "paramstd.dat"
 Parameter obtained from atomtyping
      Current coordinates are read from file: "3UG2-impref.min0_coord.rst"
      Box dimensions not read
          read from "3UG2-impref.min0_coord.rst"


 Total number of atoms  =  5277
 
 Neighbor List Cutoff Settings
 ==================================
 Cutoff radius:   10.0000000000000     
 Update frequency: every           10  steps
 Species   1 : Neighbors are calculated on a per residue basis
 Species   1 : Cutoff by inter-atomic distances
 
 Step number:          0         Non-bonded count:  1241016
 E-pot        RMS grad     Max grad    
 -7.03067E+03  2.65779E+00  2.54459E+01
 Step number:         10         Non-bonded count:  1241016
 -7.81373E+03  1.54664E+00  1.89903E+01
 Step number:         20         Non-bonded count:  1241016
 -7.96863E+03  8.71754E-01  2.03861E+01
 Step number:         30         Non-bonded count:  1241016
 -8.03950E+03  7.27925E-01  3.10204E+01
 Step number:         40         Non-bonded count:  1241016
 -8.06317E+03  2.84137E-01  9.29033E+00
 Step number:         50         Non-bonded count:  1241016
 -8.06827E+03  1.87940E-01  5.11289E+00
 Step number:         60         Non-bonded count:  1241016
 -8.07211E+03  1.53090E-01  3.99762E+00
 Step number:         70         Non-bonded count:  1241016
 -8.07448E+03  1.38697E-01  4.41827E+00
 Step number:         80         Non-bonded count:  1241016
 -8.07656E+03  1.20964E-01  4.39581E+00
 Step number:         90         Non-bonded count:  1241016
 -8.07816E+03  1.18523E-01  3.78028E+00
 Step number:        100         Non-bonded count:  1241016
 -8.07965E+03  9.09713E-02  3.07735E+00
 Step number:        100         Non-bonded count:  1241016
 -8.07965E+03  9.09713E-02  3.07735E+00
  
 Energy and Force Generation Info: 
 --------------------------------- 
 Number of E&F called:     555


Final Energy Reports:
------------------------------------
 Total Energy of the system...... -8.07965E+03 kcal/mol
 Total Potential Energy.......... -8.07965E+03 kcal/mol
 Total Kinetic Energy............  0.00000E+00 kcal/mol
 Temperature of the system.......        0.000 K
 Bond Stretch Energy.............  1.12030E+01 kcal/mol
 Angle Bending Energy............  3.96930E+02 kcal/mol
 Torsion Angle Energy............  4.62390E+01 kcal/mol
 Restraining Energy for Torsions.  0.00000E+00 kcal/mol
 1,4 Lennard Jones Energy........  5.60685E+02 kcal/mol
 1,4 Electrostatic Energy........ -3.54662E+02 kcal/mol
 Lennard Jones Energy............ -6.04173E+02 kcal/mol
 Electrostatic Energy............ -8.13587E+03 kcal/mol
 H-bond Energy...................  0.00000E+00 kcal/mol
 
 Exiting IMPACT execution environment 
 Date: Monday, October 02 2017, at 14:29:25 EDT
%IMPACT-I (timit): Total CPU time =      32.37 seconds (   0.5 minutes)
Total elapsed time = 34 seconds
  ** Completed refinement level 0      rmsd =  0.087

** Refinement finished. Final level: 0

** The refined complex file is 3UG2-impref_ref.mae.
