
** Heavy-atom coordinates will be fixed: maxlevel set to 0
  **
  ** Beginning refinement level 0
  **

%IMPACT-I (openwt): Request to open FORMATTED file 5HIE-impref_ref0.out on unit   2
 Entering IMPACT execution environment 
 Date: Thursday, December 21 2017, at 17:18:07 EST
 Impact version 77011
 mmshare version        40011
 Copyright (c) Schrodinger, LLC.
 All Rights Reserved.

 Host: Linux ls04 3.10.0-514.21.2.el7.x86_64 #1 SMP Tue Jun 20 12:24:47 UTC 2017 x86_64
 Job Name: 5HIE-impref_ref0
 SCHRODINGER  directory: /data/chodera/schrodinger/schrodinger2017-4-advanced
 IMPACT_EXEC  directory: /data/chodera/schrodinger/schrodinger2017-4-advanced/impact-v7.7/bin/Linux-x86_64
 MMSHARE_EXEC directory: /data/chodera/schrodinger/schrodinger2017-4-advanced/mmshare-v4.0/bin/Linux-x86_64

 Clock-based global random seed:     1513894687
%IMPACT-I(foldmain): calling OPLS3 atomtyping ...
%IMPACT-I(foldmain): finished parameter assignment
 PARM read from file "paramstd.dat"
 Parameter obtained from atomtyping
      Current coord. are written to file: "5HIE-impref.init_coord.rst"
      Box dimensions not written


 Total number of atoms  =  4410
 
 Neighbor List Cutoff Settings
 ==================================
 Cutoff radius:   10.0000000000000     
 Update frequency: every           10  steps
 Species   1 : Neighbors are calculated on a per residue basis
 Species   1 : Cutoff by inter-atomic distances
 
 Step number:          0         Non-bonded count:  1031056
 E-pot        RMS grad     Max grad    
 -6.58414E+03  9.12405E+00  4.24940E+02
 Step number:         10         Non-bonded count:  1031056
 -6.91948E+03  6.90348E-01  2.03658E+01
 Step number:         20         Non-bonded count:  1031056
 -6.97226E+03  5.12140E-01  1.35938E+01
 Step number:         30         Non-bonded count:  1031056
 -6.99739E+03  3.24387E-01  7.67587E+00
 Step number:         40         Non-bonded count:  1031056
 -7.00821E+03  2.91149E-01  6.22873E+00
 Step number:         50         Non-bonded count:  1031056
 -7.01504E+03  2.33113E-01  4.35051E+00
 Step number:         60         Non-bonded count:  1031056
 -7.02090E+03  1.92261E-01  4.15339E+00
 Step number:         70         Non-bonded count:  1031056
 -7.02625E+03  2.18391E-01  4.78049E+00
 Step number:         80         Non-bonded count:  1031056
 -7.02945E+03  1.46550E-01  3.17209E+00
 Step number:         90         Non-bonded count:  1031056
 -7.03174E+03  1.21139E-01  3.11272E+00
 Step number:        100         Non-bonded count:  1031056
 -7.03313E+03  9.03378E-02  1.97716E+00
 Step number:        100         Non-bonded count:  1031056
 -7.03313E+03  9.03378E-02  1.97716E+00
      Current coord. are written to file: "5HIE-impref.min0_coord.rst"
      Box dimensions not written
      Current coordinates are read from file: "5HIE-impref.init_coord.rst"
      Box dimensions not read
          read from "5HIE-impref.init_coord.rst"
  
 Energy and Force Generation Info: 
 --------------------------------- 
 Number of E&F called:     259
 PARM read from file "paramstd.dat"
 Parameter obtained from atomtyping
      Current coordinates are read from file: "5HIE-impref.min0_coord.rst"
      Box dimensions not read
          read from "5HIE-impref.min0_coord.rst"


 Total number of atoms  =  4410
 
 Neighbor List Cutoff Settings
 ==================================
 Cutoff radius:   10.0000000000000     
 Update frequency: every           10  steps
 Species   1 : Neighbors are calculated on a per residue basis
 Species   1 : Cutoff by inter-atomic distances
 
 Step number:          0         Non-bonded count:  1031056
 E-pot        RMS grad     Max grad    
 -5.84542E+03  2.72418E+00  2.53659E+01
 Step number:         10         Non-bonded count:  1031056
 -6.55064E+03  9.08084E-01  1.23261E+01
 Step number:         20         Non-bonded count:  1031056
 -6.74436E+03  9.61155E-01  1.55301E+01
 Step number:         30         Non-bonded count:  1031056
 -6.79914E+03  5.04894E-01  1.09593E+01
 Step number:         40         Non-bonded count:  1031056
 -6.80950E+03  1.87948E-01  4.97168E+00
 Step number:         50         Non-bonded count:  1031056
 -6.81599E+03  2.56874E-01  1.24806E+01
 Step number:         60         Non-bonded count:  1031056
 -6.81898E+03  1.35735E-01  7.07305E+00
 Step number:         70         Non-bonded count:  1031056
 -6.82147E+03  1.61436E-01  5.15224E+00
 Step number:         80         Non-bonded count:  1031056
 -6.82268E+03  1.29795E-01  5.37338E+00
 Step number:         90         Non-bonded count:  1031056
 -6.82410E+03  8.61219E-02  2.65029E+00
 Step number:        100         Non-bonded count:  1031056
 -6.82470E+03  7.25076E-02  1.83047E+00
 Step number:        100         Non-bonded count:  1031056
 E-pot        RMS grad     Max grad    
 -6.82470E+03  7.25076E-02  1.83047E+00
  
 Energy and Force Generation Info: 
 --------------------------------- 
 Number of E&F called:     563


Final Energy Reports:
------------------------------------
 Total Energy of the system...... -6.82470E+03 kcal/mol
 Total Potential Energy.......... -6.82470E+03 kcal/mol
 Total Kinetic Energy............  0.00000E+00 kcal/mol
 Temperature of the system.......        0.000 K
 Bond Stretch Energy.............  6.47505E+00 kcal/mol
 Angle Bending Energy............  2.30141E+02 kcal/mol
 Torsion Angle Energy............  7.01856E+01 kcal/mol
 Restraining Energy for Torsions.  0.00000E+00 kcal/mol
 1,4 Lennard Jones Energy........  3.96172E+02 kcal/mol
 1,4 Electrostatic Energy........ -3.32379E+02 kcal/mol
 Lennard Jones Energy............ -7.01961E+02 kcal/mol
 Electrostatic Energy............ -6.49333E+03 kcal/mol
 H-bond Energy...................  0.00000E+00 kcal/mol
 
 Exiting IMPACT execution environment 
 Date: Thursday, December 21 2017, at 17:18:26 EST
%IMPACT-I (timit): Total CPU time =      19.23 seconds (   0.3 minutes)
Total elapsed time = 21 seconds
  ** Completed refinement level 0      rmsd =  0.080

** Refinement finished. Final level: 0

** The refined complex file is 5HIE-impref_ref.mae.
