
** Heavy-atom coordinates will be fixed: maxlevel set to 0
  **
  ** Beginning refinement level 0
  **

%IMPACT-I (openwt): Request to open FORMATTED file 2ITY-impref_ref0.out on unit   2
 Entering IMPACT execution environment 
 Date: Wednesday, November 30 2016, at 21:49:38 EST
 Impact version 72014
 mmshare version        35014
 Copyright (c) Schrodinger, LLC.
 All Rights Reserved.

 Host: Linux cc05.local 2.6.32-573.18.1.el6.x86_64 #1 SMP Tue Feb 9 22:46:17 UTC 2016 x86_64
 Job Name: 2ITY-impref_ref0
 SCHRODINGER  directory: /cbio/jclab/share/schrodinger/schrodinger2016-3
 IMPACT_EXEC  directory: /cbio/jclab/share/schrodinger/schrodinger2016-3/impact-v7.2/bin/Linux-x86_64
 MMSHARE_EXEC directory: /cbio/jclab/share/schrodinger/schrodinger2016-3/mmshare-v3.5/bin/Linux-x86_64

 Clock-based global random seed:     1480560578
%IMPACT-I(foldmain): calling OPLS_2005 atomtyping ...
%IMPACT-I(foldmain): finished parameter assignment
 PARM read from file "paramstd.dat"
 Parameter obtained from atomtyping
      Current coord. are written to file: "2ITY-impref.init_coord.rst"
      Box dimensions not written


 Total number of atoms  =  5327
 
 Neighbor List Cutoff Settings
 ==================================
 Cutoff radius:   10.0000000000000     
 Update frequency: every           10  steps
 Species   1 : Neighbors are calculated on a per residue basis
 Species   1 : Cutoff by inter-atomic distances
 
 Step number:          0         Non-bonded count:  1287134
 E-pot        RMS grad     Max grad    
  5.44845E+04  1.15155E+04  5.76461E+05
 Step number:         10         Non-bonded count:  1287134
 -7.81005E+03  1.88603E+00  5.78931E+01
 Step number:         20         Non-bonded count:  1287134
 -7.99675E+03  1.39534E+00  4.07850E+01
 Step number:         30         Non-bonded count:  1287134
 -8.09351E+03  8.52295E-01  2.61259E+01
 Step number:         40         Non-bonded count:  1287134
 -8.12685E+03  5.67492E-01  2.64184E+01
 Step number:         50         Non-bonded count:  1287134
 -8.14163E+03  4.26123E-01  1.51511E+01
 Step number:         60         Non-bonded count:  1287134
 -8.15758E+03  3.72905E-01  9.67667E+00
 Step number:         70         Non-bonded count:  1287134
 -8.16908E+03  3.41171E-01  1.01384E+01
 Step number:         80         Non-bonded count:  1287134
 -8.17472E+03  2.32216E-01  6.90747E+00
 Step number:         90         Non-bonded count:  1287134
 -8.17955E+03  1.73629E-01  3.98789E+00
 Step number:        100         Non-bonded count:  1287134
 -8.18322E+03  1.97770E-01  5.94062E+00
 Step number:        100         Non-bonded count:  1287134
 -8.18322E+03  1.97770E-01  5.94062E+00
      Current coord. are written to file: "2ITY-impref.min0_coord.rst"
      Box dimensions not written
      Current coordinates are read from file: "2ITY-impref.init_coord.rst"
      Box dimensions not read
          read from "2ITY-impref.init_coord.rst"
  
 Energy and Force Generation Info: 
 --------------------------------- 
 Number of E&F called:     298
 PARM read from file "paramstd.dat"
 Parameter obtained from atomtyping
      Current coordinates are read from file: "2ITY-impref.min0_coord.rst"
      Box dimensions not read
          read from "2ITY-impref.min0_coord.rst"


 Total number of atoms  =  5327
 
 Neighbor List Cutoff Settings
 ==================================
 Cutoff radius:   10.0000000000000     
 Update frequency: every           10  steps
 Species   1 : Neighbors are calculated on a per residue basis
 Species   1 : Cutoff by inter-atomic distances
 
 Step number:          0         Non-bonded count:  1287134
 E-pot        RMS grad     Max grad    
 -6.69171E+03  2.87296E+00  3.31760E+01
 Step number:         10         Non-bonded count:  1287134
 -7.55046E+03  1.12778E+00  3.06386E+01
 Step number:         20         Non-bonded count:  1287134
 -7.65722E+03  9.66335E-01  3.40852E+01
 Step number:         30         Non-bonded count:  1287134
 -7.69150E+03  3.91015E-01  1.18034E+01
 Step number:         40         Non-bonded count:  1287134
 -7.69907E+03  2.49851E-01  1.00710E+01
 Step number:         50         Non-bonded count:  1287134
 -7.70313E+03  2.49035E-01  7.93540E+00
 Step number:         60         Non-bonded count:  1287134
 -7.70640E+03  1.46642E-01  5.18790E+00
 Step number:         70         Non-bonded count:  1287134
 -7.70744E+03  1.13516E-01  5.16669E+00
 Step number:         80         Non-bonded count:  1287134
 -7.70840E+03  1.02092E-01  3.93634E+00
 Step number:         90         Non-bonded count:  1287134
 -7.70917E+03  1.15726E-01  4.29294E+00
 Step number:        100         Non-bonded count:  1287134
 -7.71017E+03  7.62491E-02  3.64945E+00
 Step number:        100         Non-bonded count:  1287134
 E-pot        RMS grad     Max grad    
 -7.71017E+03  7.62491E-02  3.64945E+00
  
 Energy and Force Generation Info: 
 --------------------------------- 
 Number of E&F called:     582


Final Energy Reports:
------------------------------------
 Total Energy of the system...... -7.71017E+03 kcal/mol
 Total Potential Energy.......... -7.71017E+03 kcal/mol
 Total Kinetic Energy............  0.00000E+00 kcal/mol
 Temperature of the system.......        0.000 K
 Bond Stretch Energy.............  2.90024E+01 kcal/mol
 Angle Bending Energy............  6.85746E+02 kcal/mol
 Torsion Angle Energy............  3.05364E+02 kcal/mol
 Restraining Energy for Torsions.  0.00000E+00 kcal/mol
 1,4 Lennard Jones Energy........  5.94867E+02 kcal/mol
 1,4 Electrostatic Energy........ -3.52364E+02 kcal/mol
 Lennard Jones Energy............ -1.39204E+02 kcal/mol
 Electrostatic Energy............ -8.83358E+03 kcal/mol
 H-bond Energy...................  0.00000E+00 kcal/mol
 
 Exiting IMPACT execution environment 
 Date: Wednesday, November 30 2016, at 21:50:02 EST
%IMPACT-I (timit): Total CPU time =      23.92 seconds (   0.4 minutes)
Total elapsed time = 25 seconds
  ** Completed refinement level 0      rmsd =  0.039

** Refinement finished. Final level: 0

** The refined complex file is 2ITY-impref_ref.mae.
