
Working on structure 1
Fixing common structure mistakes...
  No mistakes were found
Pre-treating metals...
Done treating metals
Assigning bond orders...
  Using CCD: True
CCD template assignment failed for HET "CSO " due to:
  Atom count mismatch between the HET and the CCD record.
  Falling back to bond order assignment based on geometry.
CCD template assignment failed for HET "CSO " due to:
  Atom count mismatch between the HET and the CCD record.
  Falling back to bond order assignment based on geometry.
CCD template assignment successfully used for HET "KIM "
  Assigned the following bonds (format: atom1, atom2, order): set([(348, 349, 2), (1198, 1199, 2), (2267, 2281, 2), (2288, 2287, 2), (2282, 2268, 2), (2286, 2270, 2), (2266, 2261, 2), (2284, 2283, 2), (2262, 2277, 2), (2264, 2265, 2), (2276, 2272, 2), (2263, 2278, 2)])
Adding hydrogens...
Treating metals...
Creating di-sulfur bonds...
Converting Selenomethionines...
Detecting missing residue atoms...
Filling missing side chains using Prime...
Prime output file: /cbio/jclab/home/albaness/github/PDBfinder/pdbs/Pazopanib-VEGFR1/fixed/3CJG-fixed/3cjg-missing-side-chains-out.maegz
Filling missing loops using Prime...
Prime output file: /cbio/jclab/home/albaness/github/PDBfinder/pdbs/Pazopanib-VEGFR1/fixed/3CJG-fixed/3cjg-missing-loops-out.maegz
Capping protein termini...
CapTermini:     Added NMA Cap: A:937A
CapTermini:     Added NMA Cap: A:1166A
CapTermini:     Added ACE Cap: A:813
CapTermini:     Added ACE Cap: A:991
  The following terminal residues have been capped: A:937, A:1166, A:814, A:992
Finding het groups...
Coloring atoms by element (green carbons in hets)...
Finding het groups (for Epik)...
Processing 3 het groups...
  Using Epik with pH: 7.4
        and pH Range: 0.0
  Max states per het: 32
Running Epik on 3 het groups...
  Waiting for epik...
  Het A:SO4 (1): keeping all 1 state(s):
    State penalty: -0.00 kcal/mol; H-Bond count: 0.
  Het A:SO4 (2): keeping all 1 state(s):
    State penalty: -0.00 kcal/mol; H-Bond count: 4.
  Het A:KIM (1167): keeping all 1 state(s):
    State penalty: -0.00 kcal/mol; H-Bond count: 1.
Running ProtAssign...
  Uses -minimize option in ProtAssign
  Using PROPKA with pH: 7.4
  RUNNING: /cbio/jclab/share/schrodinger/schrodinger2016-3/utilities/protassign 3CJG-protassign.mae 3CJG-protassign-out.mae -NOJOBID -nowater -minimize -propka_pH 7.4
Optimize H-bond job completed.
Running restrained minimization...
  RMSD: 0.3
  Force field: 2005
  hydrogens only
done with preparation
Writing to file...
DONE. Output file: ../3CJG-fixed.pdb
