
** Heavy-atom coordinates will be fixed: maxlevel set to 0
  **
  ** Beginning refinement level 0
  **

%IMPACT-I (openwt): Request to open FORMATTED file 4ASD-impref_ref0.out on unit   2
 Entering IMPACT execution environment 
 Date: Thursday, December 21 2017, at 16:17:52 EST
 Impact version 77011
 mmshare version        40011
 Copyright (c) Schrodinger, LLC.
 All Rights Reserved.

 Host: Linux ls04 3.10.0-514.21.2.el7.x86_64 #1 SMP Tue Jun 20 12:24:47 UTC 2017 x86_64
 Job Name: 4ASD-impref_ref0
 SCHRODINGER  directory: /data/chodera/schrodinger/schrodinger2017-4-advanced
 IMPACT_EXEC  directory: /data/chodera/schrodinger/schrodinger2017-4-advanced/impact-v7.7/bin/Linux-x86_64
 MMSHARE_EXEC directory: /data/chodera/schrodinger/schrodinger2017-4-advanced/mmshare-v4.0/bin/Linux-x86_64

 Clock-based global random seed:     1513891072
%IMPACT-I(foldmain): calling OPLS3 atomtyping ...
%IMPACT-I(foldmain): finished parameter assignment
 PARM read from file "paramstd.dat"
 Parameter obtained from atomtyping
      Current coord. are written to file: "4ASD-impref.init_coord.rst"
      Box dimensions not written


 Total number of atoms  =  5056
 
 Neighbor List Cutoff Settings
 ==================================
 Cutoff radius:   10.0000000000000     
 Update frequency: every           10  steps
 Species   1 : Neighbors are calculated on a per residue basis
 Species   1 : Cutoff by inter-atomic distances
 
 Step number:          0         Non-bonded count:  1192827
 E-pot        RMS grad     Max grad    
 -7.51526E+03  2.64043E+01  1.44488E+03
 Step number:         10         Non-bonded count:  1192827
 -8.29376E+03  7.91227E-01  1.38425E+01
 Step number:         20         Non-bonded count:  1192827
 -8.36682E+03  5.15192E-01  9.38590E+00
 Step number:         30         Non-bonded count:  1192827
 -8.39064E+03  3.21143E-01  7.86664E+00
 Step number:         40         Non-bonded count:  1192827
 -8.40416E+03  2.67941E-01  6.59742E+00
 Step number:         50         Non-bonded count:  1192827
 -8.41399E+03  2.78357E-01  5.00854E+00
 Step number:         60         Non-bonded count:  1192827
 -8.42073E+03  2.20666E-01  3.96434E+00
 Step number:         70         Non-bonded count:  1192827
 -8.42593E+03  1.95913E-01  3.58858E+00
 Step number:         80         Non-bonded count:  1192827
 -8.43012E+03  1.77281E-01  6.10659E+00
 Step number:         90         Non-bonded count:  1192827
 -8.43261E+03  1.26444E-01  3.61761E+00
 Step number:        100         Non-bonded count:  1192827
 -8.43405E+03  1.17887E-01  4.25402E+00
 Step number:        100         Non-bonded count:  1192827
 -8.43405E+03  1.17887E-01  4.25402E+00
      Current coord. are written to file: "4ASD-impref.min0_coord.rst"
      Box dimensions not written
      Current coordinates are read from file: "4ASD-impref.init_coord.rst"
      Box dimensions not read
          read from "4ASD-impref.init_coord.rst"
  
 Energy and Force Generation Info: 
 --------------------------------- 
 Number of E&F called:     274
 PARM read from file "paramstd.dat"
 Parameter obtained from atomtyping
      Current coordinates are read from file: "4ASD-impref.min0_coord.rst"
      Box dimensions not read
          read from "4ASD-impref.min0_coord.rst"


 Total number of atoms  =  5056
 
 Neighbor List Cutoff Settings
 ==================================
 Cutoff radius:   10.0000000000000     
 Update frequency: every           10  steps
 Species   1 : Neighbors are calculated on a per residue basis
 Species   1 : Cutoff by inter-atomic distances
 
 Step number:          0         Non-bonded count:  1192827
 E-pot        RMS grad     Max grad    
 -7.06240E+03  2.93873E+00  2.57603E+01
 Step number:         10         Non-bonded count:  1192827
 -7.95053E+03  1.78795E+00  2.35610E+01
 Step number:         20         Non-bonded count:  1192827
 -8.13800E+03  8.59268E-01  2.26065E+01
 Step number:         30         Non-bonded count:  1192827
 -8.17755E+03  3.88617E-01  1.16417E+01
 Step number:         40         Non-bonded count:  1192827
 -8.19047E+03  3.03193E-01  1.37890E+01
 Step number:         50         Non-bonded count:  1192827
 -8.19557E+03  2.24293E-01  6.56150E+00
 Step number:         60         Non-bonded count:  1192827
 -8.19981E+03  1.57308E-01  4.37228E+00
 Step number:         70         Non-bonded count:  1192827
 -8.20167E+03  1.35477E-01  8.25467E+00
 Step number:         80         Non-bonded count:  1192827
 -8.20370E+03  1.40839E-01  4.35884E+00
 Step number:         90         Non-bonded count:  1192827
 -8.20502E+03  9.04497E-02  3.76129E+00
 Step number:        100         Non-bonded count:  1192827
 -8.20625E+03  1.31319E-01  4.57117E+00
 Step number:        100         Non-bonded count:  1192827
 -8.20625E+03  1.31319E-01  4.57117E+00
  
 Energy and Force Generation Info: 
 --------------------------------- 
 Number of E&F called:     576


Final Energy Reports:
------------------------------------
 Total Energy of the system...... -8.20625E+03 kcal/mol
 Total Potential Energy.......... -8.20625E+03 kcal/mol
 Total Kinetic Energy............  0.00000E+00 kcal/mol
 Temperature of the system.......        0.000 K
 Bond Stretch Energy.............  9.39761E+00 kcal/mol
 Angle Bending Energy............  3.12997E+02 kcal/mol
 Torsion Angle Energy............  5.53381E+01 kcal/mol
 Restraining Energy for Torsions.  0.00000E+00 kcal/mol
 1,4 Lennard Jones Energy........  4.58882E+02 kcal/mol
 1,4 Electrostatic Energy........ -4.19653E+02 kcal/mol
 Lennard Jones Energy............ -7.14506E+02 kcal/mol
 Electrostatic Energy............ -7.90871E+03 kcal/mol
 H-bond Energy...................  0.00000E+00 kcal/mol
 
 Exiting IMPACT execution environment 
 Date: Thursday, December 21 2017, at 16:18:14 EST
%IMPACT-I (timit): Total CPU time =      21.87 seconds (   0.4 minutes)
Total elapsed time = 23 seconds
  ** Completed refinement level 0      rmsd =  0.030

** Refinement finished. Final level: 0

** The refined complex file is 4ASD-impref_ref.mae.
