
Working on structure 1
Fixing common structure mistakes...
  No mistakes were found
Pre-treating metals...
Done treating metals
Assigning bond orders...
  Using CCD: True
CCD template assignment successfully used for HET "FMM "
  Assigned the following bonds (format: atom1, atom2, order): set([(2261, 2262, 2), (2268, 2269, 2), (2290, 2291, 2), (2284, 2285, 2), (2277, 2278, 2), (2292, 2294, 2), (2273, 2274, 2), (2279, 2280, 2), (2288, 2289, 2), (2282, 2283, 2), (2295, 2297, 2), (2271, 2270, 2), (2275, 2276, 2), (2261, 2263, 2), (2298, 2299, 2)])
Removing and re-adding hydrogens...
Treating metals...
Creating di-sulfur bonds...
Converting Selenomethionines...
Filling missing loops using Prime...
Attempting to build missing loops with Knowledge-Based Methods
    A:  733 -- A:  738   EGEK
    A:  749 -- A:  754   ATSP
    A:  867 -- A:  876   EYHAEGGK
    A:  987 -- A:  995   HLPSPTD
    A: 1004 -- A: 1010   EDMDD
Generating models for each loop... 
Total number of loops: 5
Working on loop 0 - A:733,A:738,EGEK
Number of returned models for loop 0 : 2
Working on loop 1 - A:749,A:754,ATSP
Number of returned models for loop 1 : 2
Working on loop 2 - A:867,A:876,EYHAEGGK
Number of returned models for loop 2 : 2
Working on loop 3 - A:987,A:995,HLPSPTD
Number of returned models for loop 3 : 2
Working on loop 4 - A:1004,A:1010,EDMDD
Number of returned models for loop 4 : 2
Combining models from all loops... 
Combination index: [0, 0, 0, 0, 0]
Side chain optimizing...
Minimizing...
Accept model # 0
Detecting missing residue atoms...
Filling missing side chains using Prime...
Prime output file: /lila/home/albaness/PDBfinder/pdbs/Lapatinib-EGFR/fixed/1XKK-fixed/1xkk-missing-side-chains-out.maegz
Finding het groups...
Coloring atoms by element (green carbons in hets)...
Finding het groups (for Epik)...
Processing 3 het groups...
  Using Epik with pH: 7.4
        and pH Range: 0.0
  Max states per het: 32
Running Epik on 3 het groups...
  Waiting for epik...
  Het A:PO4 (81): keeping all 1 state(s):
    State penalty: 0.65 kcal/mol; H-Bond count: 2.
  Het A:PO4 (82): keeping all 1 state(s):
    State penalty: 0.65 kcal/mol; H-Bond count: 3.
  Het A:FMM (91): keeping all 1 state(s):
    State penalty: -0.00 kcal/mol; H-Bond count: 1.
Running ProtAssign...
  Uses -minimize option in ProtAssign
  Using PROPKA with pH: 7.4
  RUNNING: /data/chodera/schrodinger/schrodinger2017-3-advanced/utilities/protassign 1XKK-protassign.mae 1XKK-protassign-out.mae -NOJOBID -nowater -minimize -propka_pH 7.4
Optimize H-bond job completed.
Deleting non-bridging waters...
  Deleted waters: A:1, A:2, A:3, A:4, A:5, A:6, A:7, A:8, A:9, A:10, A:11, A:12, A:13, A:14, A:15, A:16, A:17, A:18, A:19, A:20, A:21, A:22, A:23, A:24, A:25, A:26, A:27, A:28, A:29, A:30, A:31, A:32, A:33, A:34, A:35, A:36, A:37, A:38, A:39, A:40, A:41, A:42, A:43, A:44, A:45, A:46, A:47, A:48, A:49, A:50, A:51, A:52, A:53, A:54, A:55, A:56, A:57, A:58, A:59, A:60, A:61, A:62, A:63, A:64, A:65, A:66, A:67, A:68, A:69, A:70, A:71, A:72, A:73, A:74, A:75, A:76, A:77
Running restrained minimization...
  RMSD: 0.3
  Force field: 3
  hydrogens only
done with preparation
Writing to file...
DONE. Output file: ../1XKK-fixed.pdb
