
** Heavy-atom coordinates will be fixed: maxlevel set to 0
  **
  ** Beginning refinement level 0
  **

%IMPACT-I (openwt): Request to open FORMATTED file 1XKK-impref_ref0.out on unit   2
 Entering IMPACT execution environment 
 Date: Wednesday, November 30 2016, at 23:26:50 EST
 Impact version 72014
 mmshare version        35014
 Copyright (c) Schrodinger, LLC.
 All Rights Reserved.

 Host: Linux cc05.local 2.6.32-573.18.1.el6.x86_64 #1 SMP Tue Feb 9 22:46:17 UTC 2016 x86_64
 Job Name: 1XKK-impref_ref0
 SCHRODINGER  directory: /cbio/jclab/share/schrodinger/schrodinger2016-3
 IMPACT_EXEC  directory: /cbio/jclab/share/schrodinger/schrodinger2016-3/impact-v7.2/bin/Linux-x86_64
 MMSHARE_EXEC directory: /cbio/jclab/share/schrodinger/schrodinger2016-3/mmshare-v3.5/bin/Linux-x86_64

 Clock-based global random seed:     1480566409
%IMPACT-I(foldmain): calling OPLS_2005 atomtyping ...
%IMPACT-I(foldmain): finished parameter assignment
 PARM read from file "paramstd.dat"
 Parameter obtained from atomtyping
      Current coord. are written to file: "1XKK-impref.init_coord.rst"
      Box dimensions not written


 Total number of atoms  =  5442
 
 Neighbor List Cutoff Settings
 ==================================
 Cutoff radius:   10.0000000000000     
 Update frequency: every           10  steps
 Species   1 : Neighbors are calculated on a per residue basis
 Species   1 : Cutoff by inter-atomic distances
 
 Step number:          0         Non-bonded count:  1361653
 E-pot        RMS grad     Max grad    
  8.84000E+07  2.05926E+07  1.62634E+09
 Step number:         10         Non-bonded count:  1361653
 -1.02896E+04  7.84657E+00  6.35343E+02
 Step number:         20         Non-bonded count:  1361653
 -1.07930E+04  2.35764E+00  1.27680E+02
 Step number:         30         Non-bonded count:  1361653
 -1.10188E+04  1.52259E+00  8.58047E+01
 Step number:         40         Non-bonded count:  1361653
 -1.11082E+04  1.05511E+00  3.86233E+01
 Step number:         50         Non-bonded count:  1361653
 -1.11813E+04  7.40399E-01  2.26915E+01
 Step number:         60         Non-bonded count:  1361653
 -1.12241E+04  5.97313E-01  1.57524E+01
 Step number:         70         Non-bonded count:  1361653
 -1.12542E+04  5.48801E-01  2.21350E+01
 Step number:         80         Non-bonded count:  1361653
 -1.12768E+04  5.69533E-01  2.40032E+01
 Step number:         90         Non-bonded count:  1361653
 -1.12951E+04  5.65161E-01  1.62539E+01
 Step number:        100         Non-bonded count:  1361653
 -1.13133E+04  5.72861E-01  2.11145E+01
 Step number:        100         Non-bonded count:  1361653
 -1.13133E+04  5.72861E-01  2.11145E+01
      Current coord. are written to file: "1XKK-impref.min0_coord.rst"
      Box dimensions not written
      Current coordinates are read from file: "1XKK-impref.init_coord.rst"
      Box dimensions not read
          read from "1XKK-impref.init_coord.rst"
  
 Energy and Force Generation Info: 
 --------------------------------- 
 Number of E&F called:     306
 PARM read from file "paramstd.dat"
 Parameter obtained from atomtyping
      Current coordinates are read from file: "1XKK-impref.min0_coord.rst"
      Box dimensions not read
          read from "1XKK-impref.min0_coord.rst"


 Total number of atoms  =  5442
 
 Neighbor List Cutoff Settings
 ==================================
 Cutoff radius:   10.0000000000000     
 Update frequency: every           10  steps
 Species   1 : Neighbors are calculated on a per residue basis
 Species   1 : Cutoff by inter-atomic distances
 
 Step number:          0         Non-bonded count:  1361653
 E-pot        RMS grad     Max grad    
 -1.01437E+04  2.66256E+00  2.90742E+01
 Step number:         10         Non-bonded count:  1361653
 -1.08441E+04  1.46608E+00  9.17699E+01
 Step number:         20         Non-bonded count:  1361653
 -1.09458E+04  1.00470E+00  3.05096E+01
 Step number:         30         Non-bonded count:  1361653
 -1.09899E+04  5.74960E-01  1.32819E+01
 Step number:         40         Non-bonded count:  1361653
 -1.10072E+04  3.37830E-01  6.42541E+00
 Step number:         50         Non-bonded count:  1361653
 -1.10139E+04  2.28949E-01  6.88212E+00
 Step number:         60         Non-bonded count:  1361653
 -1.10173E+04  2.08707E-01  1.01406E+01
 Step number:         70         Non-bonded count:  1361653
 -1.10208E+04  2.34209E-01  5.63228E+00
 Step number:         80         Non-bonded count:  1361653
 -1.10244E+04  1.76112E-01  4.91461E+00
 Step number:         90         Non-bonded count:  1361653
 -1.10266E+04  1.56674E-01  5.31591E+00
 Step number:        100         Non-bonded count:  1361653
 -1.10281E+04  1.34045E-01  3.49779E+00
 Step number:        100         Non-bonded count:  1361653
 -1.10281E+04  1.34045E-01  3.49779E+00
  
 Energy and Force Generation Info: 
 --------------------------------- 
 Number of E&F called:     584


Final Energy Reports:
------------------------------------
 Total Energy of the system...... -1.10281E+04 kcal/mol
 Total Potential Energy.......... -1.10281E+04 kcal/mol
 Total Kinetic Energy............  0.00000E+00 kcal/mol
 Temperature of the system.......        0.000 K
 Bond Stretch Energy.............  2.98273E+01 kcal/mol
 Angle Bending Energy............  6.11455E+02 kcal/mol
 Torsion Angle Energy............  1.73087E+02 kcal/mol
 Restraining Energy for Torsions.  0.00000E+00 kcal/mol
 1,4 Lennard Jones Energy........  5.04352E+02 kcal/mol
 1,4 Electrostatic Energy........ -3.72974E+02 kcal/mol
 Lennard Jones Energy............ -2.47972E+02 kcal/mol
 Electrostatic Energy............ -1.17258E+04 kcal/mol
 H-bond Energy...................  0.00000E+00 kcal/mol
 
 Exiting IMPACT execution environment 
 Date: Wednesday, November 30 2016, at 23:27:15 EST
%IMPACT-I (timit): Total CPU time =      25.11 seconds (   0.4 minutes)
Total elapsed time = 27 seconds
  ** Completed refinement level 0      rmsd =  0.037

** Refinement finished. Final level: 0

** The refined complex file is 1XKK-impref_ref.mae.
