  Running PropKa to get pKas

Clusters to optimize:
    Cluster 1:
        A:GLN 252 
        A:ASP 325 
        A:TYR 253 : HH 
        A:ASN 322 
    Cluster 2:
        A:ASN 297 
        A:SER 349 : HG 
        A:TYR 342 : HH 
        A:HID 295 
        A:GLN 346 
    Cluster 3:
        A:GLN 300 
    Cluster 4:
        A:ASN 331 
    Cluster 5:
        A:GLN 333 
    Cluster 6:
        A:ASN 336 
    Cluster 7:
        A:ASN 358 
    Cluster 8:
        A:ASN 368 
        A:ASP 363 
        A:TYR 393 : HH 
    Cluster 9:
        A:ASN 374 
    Cluster 10:
        A:ASN 414 
        A:HID 396 
    Cluster 11:
        A:GLN 447 
        A:ASP 444 
        A:SER 446 : HG 
    Cluster 12:
        A:GLN 477 
    Cluster 13:
        A:ASN 479 
        A:ASP 482 
        A:SER 481 : HG 
    Cluster 14:
        A:GLN 498 
    Cluster 15:
        A:GLN 491 
        A:THR 495 : HG1
    Cluster 16:
        A:LYS 245 
        A:GLU 258 
    Cluster 17:
        A:LYS 247 
        A:GLU 255 
        A:TYR 257 : HH 
        A:LYS 274 
    Cluster 18:
        A:LYS 262 
    Cluster 19:
        A:LYS 263 
    Cluster 20:
        A:LYS 271 
        A:GLU 286 
    Cluster 21:
        A:LYS 291 
    Cluster 22:
        A:LYS 378 
        A:GLU 316 
    Cluster 23:
        A:LYS 400 
    Cluster 24:
        A:LYS 404 
    Cluster 25:
        A:LYS 415 
    Cluster 26:
        A:LYS 419 
    Cluster 27:
        A:LYS 454 
    Cluster 28:
        A:LYS 285 
    Cluster 29:
        A:LYS 294 
    Cluster 30:
        A:LYS 356 
        A:GLU 352 
        A:SER 348 : HG 
        A:HID 490 
    Cluster 31:
        A:LYS 357 
    Cluster 32:
        A:LYS 467 
    Cluster 33:
        A:HID 361 
    Cluster 34:
        A:HID 375 
        A:GLU 334 
        A:TYR 326 : HH 
    Cluster 35:
        A:HID 246 
    Cluster 36:
        A:THR 240 : HG1
    Cluster 37:
        A:THR 243 : HG1
    Cluster 38:
        A:TYR 264 : HH 
    Cluster 39:
        A:SER 265 : HG 
    Cluster 40:
        A:THR 267 : HG1
    Cluster 41:
        A:THR 272 : HG1
    Cluster 42:
        A:THR 277 : HG1
    Cluster 43:
        A:CYS 305 : HG 
    Cluster 44:
        A:THR 306 : HG1
        A:GLU 236 
    Cluster 45:
        A:TYR 312 : HH 
    Cluster 46:
        A:THR 315 : HG1
    Cluster 47:
        A:THR 319 : HG1
        A:GLU 373 
        A:TYR 320 : HH 
    Cluster 48:
        A:CYS 330 : HG 
    Cluster 49:
        A:THR 345 : HG1
    Cluster 50:
        A:TYR 353 : HH 
    Cluster 51:
        A:CYS 369 : HG 
    Cluster 52:
        A:SER 385 : HG 
    Cluster 53:
        A:THR 389 : HG1
    Cluster 54:
        A:THR 392 : HG1
    Cluster 55:
        A:THR 394 : HG1
    Cluster 56:
        A:THR 406 : HG1
    Cluster 57:
        A:SER 410 : HG 
        A:SER 420 : HG 
    Cluster 58:
        A:TYR 413 : HH 
    Cluster 59:
        A:SER 417 : HG 
    Cluster 60:
        A:THR 434 : HG1
    Cluster 61:
        A:TYR 435 : HH 
    Cluster 62:
        A:SER 438 : HG 
    Cluster 63:
        A:TYR 440 : HH 
    Cluster 64:
        A:TYR 449 : HH 
    Cluster 65:
        A:TYR 456 : HH 
    Cluster 66:
        A:CYS 464 : HG 
    Cluster 67:
        A:TYR 469 : HH 
    Cluster 68:
        A:CYS 475 : HG 
    Cluster 69:
        A:SER 485 : HG 
        A:GLU 488 
    Cluster 70:
        A:GLU 238 
    Cluster 71:
        A:ASP 241 
    Cluster 72:
        A:GLU 275 
    Cluster 73:
        A:ASP 276 
    Cluster 74:
        A:GLU 279 
        A:GLU 282 
    Cluster 75:
        A:GLU 281 
    Cluster 76:
        A:GLU 292 
    Cluster 77:
        A:GLU 329 
    Cluster 78:
        A:GLU 355 
    Cluster 79:
        A:ASP 381 
    Cluster 80:
        A:GLU 409 
    Cluster 81:
        A:ASP 421 
    Cluster 82:
        A:GLU 431 
    Cluster 83:
        A:GLU 450 
    Cluster 84:
        A:GLU 453 
    Cluster 85:
        A:ASP 455 
    Cluster 86:
        A:GLU 459 
    Cluster 87:
        A:GLU 462 
    Cluster 88:
        A:GLU 308 
    Cluster 89:
        A:ASP 391 
    Cluster 90:
        A:GLU 466 
    Cluster 91:
        A:GLU 470 
    Cluster 92:
        A:GLU 494 

Working on cluster #1...
    A:GLN 252  : 2 states
    A:ASP 325  : 3 states
    A:TYR 253 : HH  : 3 states
    A:ASN 322  : 2 states

  Scoring exhaustively (36 potential combinations)...

  Cluster results:
    A:GLN 252  : No Flip
    A:ASP 325  : Charged (pKa = 4.52)
    A:TYR 253 : HH  : Orientation 1/2 (pKa = 12.73)
    A:ASN 322  : Flip

Working on cluster #2...
    A:ASN 297  : 2 states
    A:SER 349 : HG  : 10 states
    A:TYR 342 : HH  : 5 states
    A:HID 295  : 6 states
    A:GLN 346  : 2 states

  Scoring exhaustively (1200 potential combinations)...

  Cluster results:
    A:ASN 297  : No Flip
    A:SER 349 : HG  : Orientation 3/10
    A:TYR 342 : HH  : Default 2 4/4 (pKa = 10.62)
    A:HID 295  : Flip HIE (pKa = 5.02)
    A:GLN 346  : No Flip

Working on cluster #3...
    A:GLN 300  : 2 states

  Scoring exhaustively (2 potential combinations)...

  Cluster results:
    A:GLN 300  : Flip

Working on cluster #4...
    A:ASN 331  : 2 states

  Scoring exhaustively (2 potential combinations)...
    No valid conformations found. Trying again with less strict requirements.

  Cluster results:
    A:ASN 331  : No Flip

Working on cluster #5...
    A:GLN 333  : 2 states

  Scoring exhaustively (2 potential combinations)...

  Cluster results:
    A:GLN 333  : Flip

Working on cluster #6...
    A:ASN 336  : 2 states

  Scoring exhaustively (2 potential combinations)...

  Cluster results:
    A:ASN 336  : No Flip

Working on cluster #7...
    A:ASN 358  : 2 states

  Scoring exhaustively (2 potential combinations)...

  Cluster results:
    A:ASN 358  : Flip

Working on cluster #8...
    A:ASN 368  : 2 states
    A:ASP 363  : 3 states
    A:TYR 393 : HH  : 5 states

  Scoring exhaustively (30 potential combinations)...

  Cluster results:
    A:ASN 368  : No Flip
    A:ASP 363  : Charged (pKa = 4.04)
    A:TYR 393 : HH  : Orientation 2/4 (pKa = 13.96)

Working on cluster #9...
    A:ASN 374  : 2 states

  Scoring exhaustively (2 potential combinations)...

  Cluster results:
    A:ASN 374  : No Flip

Working on cluster #10...
    A:ASN 414  : 2 states
    A:HID 396  : 6 states

  Scoring exhaustively (12 potential combinations)...

  Cluster results:
    A:ASN 414  : Flip
    A:HID 396  : HID (pKa = 6.44)

Working on cluster #11...
    A:GLN 447  : 2 states
    A:ASP 444  : 3 states
    A:SER 446 : HG  : 5 states

  Scoring exhaustively (30 potential combinations)...

  Cluster results:
    A:GLN 447  : No Flip
    A:ASP 444  : Charged (pKa = 2.63)
    A:SER 446 : HG  : Stagger 3 5/5

Working on cluster #12...
    A:GLN 477  : 2 states

  Scoring exhaustively (2 potential combinations)...

  Cluster results:
    A:GLN 477  : No Flip

Working on cluster #13...
    A:ASN 479  : 2 states
    A:ASP 482  : 3 states
    A:SER 481 : HG  : 6 states

  Scoring exhaustively (36 potential combinations)...

  Cluster results:
    A:ASN 479  : Flip
    A:ASP 482  : Charged (pKa = 4.05)
    A:SER 481 : HG  : Orientation 4/6

Working on cluster #14...
    A:GLN 498  : 2 states

  Scoring exhaustively (2 potential combinations)...

  Cluster results:
    A:GLN 498  : Flip

Working on cluster #15...
    A:GLN 491  : 2 states
    A:THR 495 : HG1 : 5 states

  Scoring exhaustively (10 potential combinations)...

  Cluster results:
    A:GLN 491  : Flip
    A:THR 495 : HG1 : Orientation 1/5

Working on cluster #16...
    A:LYS 245  : 8 states
    A:GLU 258  : 3 states

  Scoring exhaustively (24 potential combinations)...

  Cluster results:
    A:LYS 245  : Orientation 1/1 (pKa = 10.59)
    A:GLU 258  : Charged (pKa = 4.57)

Working on cluster #17...
    A:LYS 247  : 8 states
    A:GLU 255  : 3 states
    A:TYR 257 : HH  : 4 states
    A:LYS 274  : 8 states

  Scoring exhaustively (768 potential combinations)...

  Cluster results:
    A:LYS 247  : Orientation 1/1 (pKa = 11.17)
    A:GLU 255  : Charged (pKa = 2.36)
    A:TYR 257 : HH  : Orientation 1/3 (pKa = 12.0)
    A:LYS 274  : Orientation 1/1 (pKa = 10.99)

Working on cluster #18...
    A:LYS 262  : 8 states

  Scoring exhaustively (8 potential combinations)...

  Cluster results:
    A:LYS 262  : Orientation 1/1 (pKa = 10.25)

Working on cluster #19...
    A:LYS 263  : 8 states

  Scoring exhaustively (8 potential combinations)...

  Cluster results:
    A:LYS 263  : Orientation 1/1 (pKa = 10.89)

Working on cluster #20...
    A:LYS 271  : 12 states
    A:GLU 286  : 3 states

  Scoring exhaustively (36 potential combinations)...

  Cluster results:
    A:LYS 271  : Stagger (pKa = 11.25)
    A:GLU 286  : Charged (pKa = 5.18)

Working on cluster #21...
    A:LYS 291  : 8 states

  Scoring exhaustively (8 potential combinations)...

  Cluster results:
    A:LYS 291  : Orientation 1/1 (pKa = 10.16)

Working on cluster #22...
    A:LYS 378  : 8 states
    A:GLU 316  : 3 states

  Scoring exhaustively (24 potential combinations)...

  Cluster results:
    A:LYS 378  : Orientation 1/1 (pKa = 10.13)
    A:GLU 316  : Charged (pKa = 4.76)

Working on cluster #23...
    A:LYS 400  : 8 states

  Scoring exhaustively (8 potential combinations)...
    No valid conformations found. Trying again with less strict requirements.

  Cluster results:
    A:LYS 400  : Orientation 1/1 (pKa = 10.19)

Working on cluster #24...
    A:LYS 404  : 12 states

  Scoring exhaustively (12 potential combinations)...
    No valid conformations found. Trying again with less strict requirements.
    No valid conformations found. Trying again with less strict requirements.

  Cluster results:
    A:LYS 404  : Stagger (pKa = 9.27)

Working on cluster #25...
    A:LYS 415  : 12 states

  Scoring exhaustively (12 potential combinations)...

  Cluster results:
    A:LYS 415  : Orientation 1/2 (pKa = 10.45)

Working on cluster #26...
    A:LYS 419  : 16 states

  Scoring exhaustively (16 potential combinations)...
    No valid conformations found. Trying again with less strict requirements.
    No valid conformations found. Trying again with less strict requirements.

  Cluster results:
    A:LYS 419  : Orientation 1/3 (pKa = 9.68)

Working on cluster #27...
    A:LYS 454  : 8 states

  Scoring exhaustively (8 potential combinations)...

  Cluster results:
    A:LYS 454  : Orientation 1/1 (pKa = 10.57)

Working on cluster #28...
    A:LYS 285  : 8 states

  Scoring exhaustively (8 potential combinations)...

  Cluster results:
    A:LYS 285  : Orientation 1/1 (pKa = 10.68)

Working on cluster #29...
    A:LYS 294  : 8 states

  Scoring exhaustively (8 potential combinations)...

  Cluster results:
    A:LYS 294  : Orientation 1/1 (pKa = 10.35)

Working on cluster #30...
    A:LYS 356  : 12 states
    A:GLU 352  : 3 states
    A:SER 348 : HG  : 12 states
    A:HID 490  : 6 states

  Scoring exhaustively (2592 potential combinations)...

  Cluster results:
    A:LYS 356  : Orientation 1/2 (pKa = 11.4)
    A:GLU 352  : Charged (pKa = 3.84)
    A:SER 348 : HG  : Orientation 1/12
    A:HID 490  : HID (pKa = 6.09)

Working on cluster #31...
    A:LYS 357  : 8 states

  Scoring exhaustively (8 potential combinations)...

  Cluster results:
    A:LYS 357  : Orientation 1/1 (pKa = 10.67)

Working on cluster #32...
    A:LYS 467  : 8 states

  Scoring exhaustively (8 potential combinations)...

  Cluster results:
    A:LYS 467  : Orientation 1/1 (pKa = 10.26)

Working on cluster #33...
    A:HID 361  : 6 states

  Scoring exhaustively (6 potential combinations)...

  Cluster results:
    A:HID 361  : HIE (pKa = 4.08)

Working on cluster #34...
    A:HID 375  : 6 states
    A:GLU 334  : 3 states
    A:TYR 326 : HH  : 4 states

  Scoring exhaustively (72 potential combinations)...

  Cluster results:
    A:HID 375  : HIE (pKa = 6.48)
    A:GLU 334  : Charged (pKa = 4.03)
    A:TYR 326 : HH  : Default 1 2/3 (pKa = 11.9)

Working on cluster #35...
    A:HID 246  : 6 states

  Scoring exhaustively (6 potential combinations)...

  Cluster results:
    A:HID 246  : HID (pKa = 7.15)

Working on cluster #36...
    A:THR 240 : HG1 : 5 states

  Scoring exhaustively (5 potential combinations)...

  Cluster results:
    A:THR 240 : HG1 : Stagger 2 4/5

Working on cluster #37...
    A:THR 243 : HG1 : 5 states

  Scoring exhaustively (5 potential combinations)...

  Cluster results:
    A:THR 243 : HG1 : Stagger 2 4/5

Working on cluster #38...
    A:TYR 264 : HH  : 5 states

  Scoring exhaustively (5 potential combinations)...

  Cluster results:
    A:TYR 264 : HH  : Orientation 1/4 (pKa = 9.99)

Working on cluster #39...
    A:SER 265 : HG  : 5 states

  Scoring exhaustively (5 potential combinations)...

  Cluster results:
    A:SER 265 : HG  : Stagger 1 3/5

Working on cluster #40...
    A:THR 267 : HG1 : 5 states

  Scoring exhaustively (5 potential combinations)...

  Cluster results:
    A:THR 267 : HG1 : Stagger 2 4/5

Working on cluster #41...
    A:THR 272 : HG1 : 4 states

  Scoring exhaustively (4 potential combinations)...

  Cluster results:
    A:THR 272 : HG1 : Stagger 1 2/4

Working on cluster #42...
    A:THR 277 : HG1 : 4 states

  Scoring exhaustively (4 potential combinations)...

  Cluster results:
    A:THR 277 : HG1 : Stagger 3 4/4

Working on cluster #43...
    A:CYS 305 : HG  : 7 states

  Scoring exhaustively (7 potential combinations)...

  Cluster results:
    A:CYS 305 : HG  : Stagger 3 6/6 (pKa = 11.14)

Working on cluster #44...
    A:THR 306 : HG1 : 5 states
    A:GLU 236  : 3 states

  Scoring exhaustively (15 potential combinations)...

  Cluster results:
    A:THR 306 : HG1 : Default 2/5
    A:GLU 236  : Charged (pKa = 3.0)

Working on cluster #45...
    A:TYR 312 : HH  : 3 states

  Scoring exhaustively (3 potential combinations)...

  Cluster results:
    A:TYR 312 : HH  : Default 1 1/2 (pKa = 11.22)

Working on cluster #46...
    A:THR 315 : HG1 : 5 states

  Scoring exhaustively (5 potential combinations)...

  Cluster results:
    A:THR 315 : HG1 : Orientation 1/5

Working on cluster #47...
    A:THR 319 : HG1 : 8 states
    A:GLU 373  : 3 states
    A:TYR 320 : HH  : 5 states

  Scoring exhaustively (120 potential combinations)...

  Cluster results:
    A:THR 319 : HG1 : Stagger 2 7/8
    A:GLU 373  : Charged (pKa = 4.04)
    A:TYR 320 : HH  : Orientation 1/4 (pKa = 11.08)

Working on cluster #48...
    A:CYS 330 : HG  : 7 states

  Scoring exhaustively (7 potential combinations)...

  Cluster results:
    A:CYS 330 : HG  : Orientation 1/6 (pKa = 10.27)

Working on cluster #49...
    A:THR 345 : HG1 : 4 states

  Scoring exhaustively (4 potential combinations)...

  Cluster results:
    A:THR 345 : HG1 : Stagger 2 3/4

Working on cluster #50...
    A:TYR 353 : HH  : 3 states

  Scoring exhaustively (3 potential combinations)...

  Cluster results:
    A:TYR 353 : HH  : Orientation 1/2 (pKa = 9.85)

Working on cluster #51...
    A:CYS 369 : HG  : 6 states

  Scoring exhaustively (6 potential combinations)...

  Cluster results:
    A:CYS 369 : HG  : Stagger 1 3/5 (pKa = 12.9)

Working on cluster #52...
    A:SER 385 : HG  : 6 states

  Scoring exhaustively (6 potential combinations)...

  Cluster results:
    A:SER 385 : HG  : Stagger 2 5/6

Working on cluster #53...
    A:THR 389 : HG1 : 4 states

  Scoring exhaustively (4 potential combinations)...

  Cluster results:
    A:THR 389 : HG1 : Stagger 3 4/4

Working on cluster #54...
    A:THR 392 : HG1 : 9 states

  Scoring exhaustively (9 potential combinations)...

  Cluster results:
    A:THR 392 : HG1 : Orientation 6/9

Working on cluster #55...
    A:THR 394 : HG1 : 7 states

  Scoring exhaustively (7 potential combinations)...

  Cluster results:
    A:THR 394 : HG1 : Orientation 2/7

Working on cluster #56...
    A:THR 406 : HG1 : 5 states

  Scoring exhaustively (5 potential combinations)...

  Cluster results:
    A:THR 406 : HG1 : Orientation 1/5

Working on cluster #57...
    A:SER 410 : HG  : 6 states
    A:SER 420 : HG  : 13 states

  Scoring exhaustively (78 potential combinations)...
    No valid conformations found. Trying again with less strict requirements.

  Cluster results:
    A:SER 410 : HG  : Orientation 1/6
    A:SER 420 : HG  : Stagger 2 12/13

Working on cluster #58...
    A:TYR 413 : HH  : 3 states

  Scoring exhaustively (3 potential combinations)...

  Cluster results:
    A:TYR 413 : HH  : Orientation 1/2 (pKa = 10.2)

Working on cluster #59...
    A:SER 417 : HG  : 10 states

  Scoring exhaustively (10 potential combinations)...

  Cluster results:
    A:SER 417 : HG  : Orientation 3/10

Working on cluster #60...
    A:THR 434 : HG1 : 5 states

  Scoring exhaustively (5 potential combinations)...

  Cluster results:
    A:THR 434 : HG1 : Orientation 1/5

Working on cluster #61...
    A:TYR 435 : HH  : 3 states

  Scoring exhaustively (3 potential combinations)...

  Cluster results:
    A:TYR 435 : HH  : Orientation 1/2 (pKa = 11.01)

Working on cluster #62...
    A:SER 438 : HG  : 5 states

  Scoring exhaustively (5 potential combinations)...

  Cluster results:
    A:SER 438 : HG  : Stagger 2 4/5

Working on cluster #63...
    A:TYR 440 : HH  : 5 states

  Scoring exhaustively (5 potential combinations)...
    No valid conformations found. Trying again with less strict requirements.

  Cluster results:
    A:TYR 440 : HH  : Default 2 4/4 (pKa = 12.87)

Working on cluster #64...
    A:TYR 449 : HH  : 5 states

  Scoring exhaustively (5 potential combinations)...

  Cluster results:
    A:TYR 449 : HH  : Default 1 3/4 (pKa = 11.32)

Working on cluster #65...
    A:TYR 456 : HH  : 4 states

  Scoring exhaustively (4 potential combinations)...

  Cluster results:
    A:TYR 456 : HH  : Default 1 2/3 (pKa = 10.86)

Working on cluster #66...
    A:CYS 464 : HG  : 5 states

  Scoring exhaustively (5 potential combinations)...

  Cluster results:
    A:CYS 464 : HG  : Orientation 1/4 (pKa = 11.02)

Working on cluster #67...
    A:TYR 469 : HH  : 5 states

  Scoring exhaustively (5 potential combinations)...

  Cluster results:
    A:TYR 469 : HH  : Orientation 2/4 (pKa = 10.26)

Working on cluster #68...
    A:CYS 475 : HG  : 7 states

  Scoring exhaustively (7 potential combinations)...

  Cluster results:
    A:CYS 475 : HG  : Orientation 1/6 (pKa = 12.41)

Working on cluster #69...
    A:SER 485 : HG  : 7 states
    A:GLU 488  : 3 states

  Scoring exhaustively (21 potential combinations)...

  Cluster results:
    A:SER 485 : HG  : Orientation 3/7
    A:GLU 488  : Charged (pKa = 4.7)

Working on cluster #70...
    A:GLU 238  : 3 states

  Scoring exhaustively (3 potential combinations)...

  Cluster results:
    A:GLU 238  : Charged (pKa = 4.12)

Working on cluster #71...
    A:ASP 241  : 3 states

  Scoring exhaustively (3 potential combinations)...

  Cluster results:
    A:ASP 241  : Charged (pKa = 3.98)

Working on cluster #72...
    A:GLU 275  : 3 states

  Scoring exhaustively (3 potential combinations)...

  Cluster results:
    A:GLU 275  : Charged (pKa = 4.59)

Working on cluster #73...
    A:ASP 276  : 3 states

  Scoring exhaustively (3 potential combinations)...

  Cluster results:
    A:ASP 276  : Charged (pKa = 4.04)

Working on cluster #74...
    A:GLU 279  : 3 states
    A:GLU 282  : 3 states

  Scoring exhaustively (9 potential combinations)...

  Cluster results:
    A:GLU 279  : Charged (pKa = 4.13)
    A:GLU 282  : Charged (pKa = 4.8)

Working on cluster #75...
    A:GLU 281  : 3 states

  Scoring exhaustively (3 potential combinations)...

  Cluster results:
    A:GLU 281  : Charged (pKa = 4.46)

Working on cluster #76...
    A:GLU 292  : 3 states

  Scoring exhaustively (3 potential combinations)...

  Cluster results:
    A:GLU 292  : Charged (pKa = 4.6)

Working on cluster #77...
    A:GLU 329  : 3 states

  Scoring exhaustively (3 potential combinations)...

  Cluster results:
    A:GLU 329  : Charged (pKa = 5.0)

Working on cluster #78...
    A:GLU 355  : 3 states

  Scoring exhaustively (3 potential combinations)...

  Cluster results:
    A:GLU 355  : Charged (pKa = 4.8)

Working on cluster #79...
    A:ASP 381  : 3 states

  Scoring exhaustively (3 potential combinations)...

  Cluster results:
    A:ASP 381  : Charged (pKa = 5.45)

Working on cluster #80...
    A:GLU 409  : 3 states

  Scoring exhaustively (3 potential combinations)...

  Cluster results:
    A:GLU 409  : Charged (pKa = 4.33)

Working on cluster #81...
    A:ASP 421  : 3 states

  Scoring exhaustively (3 potential combinations)...

  Cluster results:
    A:ASP 421  : Charged (pKa = 6.59)

Working on cluster #82...
    A:GLU 431  : 3 states

  Scoring exhaustively (3 potential combinations)...

  Cluster results:
    A:GLU 431  : Charged (pKa = 6.38)

Working on cluster #83...
    A:GLU 450  : 3 states

  Scoring exhaustively (3 potential combinations)...

  Cluster results:
    A:GLU 450  : Charged (pKa = 4.64)

Working on cluster #84...
    A:GLU 453  : 3 states

  Scoring exhaustively (3 potential combinations)...

  Cluster results:
    A:GLU 453  : Charged (pKa = 4.77)

Working on cluster #85...
    A:ASP 455  : 3 states

  Scoring exhaustively (3 potential combinations)...

  Cluster results:
    A:ASP 455  : Charged (pKa = 3.68)

Working on cluster #86...
    A:GLU 459  : 3 states

  Scoring exhaustively (3 potential combinations)...

  Cluster results:
    A:GLU 459  : Charged (pKa = 4.32)

Working on cluster #87...
    A:GLU 462  : 3 states

  Scoring exhaustively (3 potential combinations)...

  Cluster results:
    A:GLU 462  : Charged (pKa = 4.55)

Working on cluster #88...
    A:GLU 308  : 3 states

  Scoring exhaustively (3 potential combinations)...

  Cluster results:
    A:GLU 308  : Charged (pKa = 3.81)

Working on cluster #89...
    A:ASP 391  : 3 states

  Scoring exhaustively (3 potential combinations)...

  Cluster results:
    A:ASP 391  : Charged (pKa = 3.9)

Working on cluster #90...
    A:GLU 466  : 3 states

  Scoring exhaustively (3 potential combinations)...

  Cluster results:
    A:GLU 466  : Charged (pKa = 4.58)

Working on cluster #91...
    A:GLU 470  : 3 states

  Scoring exhaustively (3 potential combinations)...

  Cluster results:
    A:GLU 470  : Charged (pKa = 4.7)

Working on cluster #92...
    A:GLU 494  : 3 states

  Scoring exhaustively (3 potential combinations)...

  Cluster results:
    A:GLU 494  : Charged (pKa = 4.55)


Recalculating pKas to identify changes in protonation penalties...
  Running PropKa to get pKas
    No changes in protonation penalties found.

Minimizing hydrogens...

Total score for structure: -117.545222509

Final pKas:
  A:LYS 245  : 10.59
  A:LYS 247  : 11.17
  A:LYS 262  : 10.25
  A:LYS 263  : 10.89
  A:LYS 271  : 11.25
  A:LYS 291  : 10.16
  A:LYS 378  : 10.13
  A:LYS 400  : 10.19
  A:LYS 404  : 9.27
  A:LYS 415  : 10.45
  A:LYS 419  : 9.68
  A:LYS 454  : 10.57
  A:LYS 274  : 10.99
  A:LYS 285  : 10.68
  A:LYS 294  : 10.35
  A:LYS 356  : 11.40
  A:LYS 357  : 10.67
  A:LYS 467  : 10.26
  A:HID 295  : 4.77
  A:HID 361  : 4.08
  A:HID 375  : 6.48
  A:HID 396  : 6.44
  A:HID 490  : 6.09
  A:HID 246  : 7.15
  A:TYR 253 : HH  : 12.03
  A:TYR 257 : HH  : 12.00
  A:TYR 264 : HH  : 9.99
  A:CYS 305 : HG  : 11.14
  A:TYR 312 : HH  : 11.22
  A:TYR 320 : HH  : 11.08
  A:TYR 326 : HH  : 11.90
  A:CYS 330 : HG  : 10.27
  A:TYR 342 : HH  : 10.62
  A:TYR 353 : HH  : 9.85
  A:CYS 369 : HG  : 12.90
  A:TYR 393 : HH  : 13.96
  A:TYR 413 : HH  : 10.20
  A:TYR 435 : HH  : 11.01
  A:TYR 440 : HH  : 12.87
  A:TYR 449 : HH  : 11.32
  A:TYR 456 : HH  : 10.86
  A:CYS 464 : HG  : 11.02
  A:TYR 469 : HH  : 10.26
  A:CYS 475 : HG  : 12.41
  A:GLU 236  : 3.00
  A:GLU 238  : 4.12
  A:ASP 241  : 3.98
  A:GLU 255  : 2.36
  A:GLU 258  : 4.57
  A:GLU 275  : 4.59
  A:ASP 276  : 4.04
  A:GLU 279  : 4.13
  A:GLU 281  : 4.46
  A:GLU 282  : 4.80
  A:GLU 286  : 5.18
  A:GLU 292  : 4.60
  A:GLU 316  : 4.76
  A:ASP 325  : 3.81
  A:GLU 329  : 5.00
  A:GLU 334  : 4.03
  A:GLU 352  : 3.84
  A:GLU 355  : 4.80
  A:ASP 363  : 4.04
  A:GLU 373  : 4.04
  A:ASP 381  : 5.45
  A:GLU 409  : 4.33
  A:ASP 421  : 6.59
  A:GLU 431  : 6.38
  A:ASP 444  : 2.63
  A:GLU 450  : 4.64
  A:GLU 453  : 4.77
  A:ASP 455  : 3.68
  A:GLU 459  : 4.32
  A:GLU 462  : 4.55
  A:ASP 482  : 4.00
  A:GLU 488  : 4.70
  A:GLU 308  : 3.81
  A:ASP 391  : 3.90
  A:GLU 466  : 4.58
  A:GLU 470  : 4.70
  A:GLU 494  : 4.55
Structure extracted from file: 2HYY-protassign.mae
Output structure will be written to: 2HYY-protassign-out.mae

Complete. Output file: 2HYY-protassign-out.mae
