
Working on structure 1
Fixing common structure mistakes...
  No mistakes were found
Pre-treating metals...
Done treating metals
Assigning bond orders...
  Using CCD: True
CCD template assignment successfully used for HET "STI "
  Assigned the following bonds (format: atom1, atom2, order): set([(2087, 2092, 2), (2078, 2077, 2), (2080, 2085, 2), (2082, 2081, 2), (2094, 2109, 2), (2076, 2075, 2), (2089, 2088, 2), (2100, 2099, 2), (2084, 2083, 2), (2091, 2090, 2), (2096, 2095, 2), (2098, 2097, 2), (2074, 2079, 2)])
Adding hydrogens...
Treating metals...
Creating di-sulfur bonds...
Converting Selenomethionines...
Detecting missing residue atoms...
Filling missing side chains using Prime...
Prime output file: /cbio/jclab/home/albaness/github/PDBfinder/pdbs/Imatinib-BCR-ABL/fixed/2HYY-fixed/2hyy-missing-side-chains-out.maegz
Filling missing loops using Prime...
Prime output file: /cbio/jclab/home/albaness/github/PDBfinder/pdbs/Imatinib-BCR-ABL/fixed/2HYY-fixed/2hyy-missing-loops-out.maegz
Capping protein termini...
CapTermini:     Added NMA Cap: A:498A
CapTermini:     Added ACE Cap: A:234
  The following terminal residues have been capped: A:498, A:235
Finding het groups...
Coloring atoms by element (green carbons in hets)...
Finding het groups (for Epik)...
Processing 1 het groups...
  Using Epik with pH: 7.4
        and pH Range: 0.0
  Max states per het: 32
Running Epik on 1 het groups...
  Waiting for epik...
  Het A:STI (600): keeping all 1 state(s):
    State penalty: -0.00 kcal/mol; H-Bond count: 2.
Running ProtAssign...
  Uses -minimize option in ProtAssign
  Using PROPKA with pH: 7.4
  RUNNING: /cbio/jclab/share/schrodinger/schrodinger2016-3/utilities/protassign 2HYY-protassign.mae 2HYY-protassign-out.mae -NOJOBID -nowater -minimize -propka_pH 7.4
Optimize H-bond job completed.
Running restrained minimization...
  RMSD: 0.3
  Force field: 2005
  hydrogens only
done with preparation
Writing to file...
DONE. Output file: ../2HYY-fixed.pdb
