
** Heavy-atom coordinates will be fixed: maxlevel set to 0
  **
  ** Beginning refinement level 0
  **

%IMPACT-I (openwt): Request to open FORMATTED file 2ITY-impref_ref0.out on unit   2
 Entering IMPACT execution environment 
 Date: Friday, June 01 2018, at 13:34:11 EDT
 Impact version 78011
 mmshare version        41011
 Copyright (c) Schrodinger, LLC.
 All Rights Reserved.

 Host: Linux ls17 3.10.0-514.21.2.el7.x86_64 #1 SMP Tue Jun 20 12:24:47 UTC 2017 x86_64
 Job Name: 2ITY-impref_ref0
 SCHRODINGER  directory: /data/chodera/schrodinger/schrodinger2018-1-advanced
 IMPACT_EXEC  directory: /data/chodera/schrodinger/schrodinger2018-1-advanced/impact-v7.8/bin/Linux-x86_64
 MMSHARE_EXEC directory: /data/chodera/schrodinger/schrodinger2018-1-advanced/mmshare-v4.1/bin/Linux-x86_64

 Clock-based global random seed:     1527874451
%IMPACT-I(foldmain): calling OPLS3 atomtyping ...
%IMPACT-I(foldmain): finished parameter assignment
 PARM read from file "paramstd.dat"
 Parameter obtained from atomtyping
      Current coord. are written to file: "2ITY-impref.init_coord.rst"
      Box dimensions not written


 Total number of atoms  =  5261
 
 Neighbor List Cutoff Settings
 ==================================
 Cutoff radius:   10.0000000000000     
 Update frequency: every           10  steps
 Species   1 : Neighbors are calculated on a per residue basis
 Species   1 : Cutoff by inter-atomic distances
 
 Step number:          0         Non-bonded count:  1285550
 E-pot        RMS grad     Max grad    
 -5.20636E+03  8.80410E+01  4.47051E+03
 Step number:         10         Non-bonded count:  1285550
 -8.02722E+03  1.10230E+00  2.46437E+01
 Step number:         20         Non-bonded count:  1285550
 -8.15460E+03  6.54043E-01  8.36001E+00
 Step number:         30         Non-bonded count:  1285550
 -8.19096E+03  3.78371E-01  7.11809E+00
 Step number:         40         Non-bonded count:  1285550
 -8.20485E+03  2.45556E-01  5.95148E+00
 Step number:         50         Non-bonded count:  1285550
 -8.21338E+03  2.28317E-01  8.56129E+00
 Step number:         60         Non-bonded count:  1285550
 -8.21787E+03  1.47818E-01  5.60523E+00
 Step number:         70         Non-bonded count:  1285550
 -8.22086E+03  1.43615E-01  5.12088E+00
 Step number:         80         Non-bonded count:  1285550
 -8.22464E+03  1.73316E-01  5.06377E+00
 Step number:         90         Non-bonded count:  1285550
 -8.22833E+03  1.56581E-01  3.04699E+00
 Step number:        100         Non-bonded count:  1285550
 -8.23037E+03  1.10281E-01  2.37984E+00
 Step number:        100         Non-bonded count:  1285550
 -8.23037E+03  1.10281E-01  2.37984E+00
      Current coord. are written to file: "2ITY-impref.min0_coord.rst"
      Box dimensions not written
      Current coordinates are read from file: "2ITY-impref.init_coord.rst"
      Box dimensions not read
          read from "2ITY-impref.init_coord.rst"
  
 Energy and Force Generation Info: 
 --------------------------------- 
 Number of E&F called:     284
 PARM read from file "paramstd.dat"
 Parameter obtained from atomtyping
      Current coordinates are read from file: "2ITY-impref.min0_coord.rst"
      Box dimensions not read
          read from "2ITY-impref.min0_coord.rst"


 Total number of atoms  =  5261
 
 Neighbor List Cutoff Settings
 ==================================
 Cutoff radius:   10.0000000000000     
 Update frequency: every           10  steps
 Species   1 : Neighbors are calculated on a per residue basis
 Species   1 : Cutoff by inter-atomic distances
 
 Step number:          0         Non-bonded count:  1285550
 E-pot        RMS grad     Max grad    
 -6.81826E+03  2.82649E+00  2.68394E+01
 Step number:         10         Non-bonded count:  1285550
 -7.71553E+03  1.24182E+00  2.24292E+01
 Step number:         20         Non-bonded count:  1285550
 -7.88381E+03  8.45871E-01  2.17058E+01
 Step number:         30         Non-bonded count:  1285550
 -7.92175E+03  2.83835E-01  7.59076E+00
 Step number:         40         Non-bonded count:  1285550
 -7.92799E+03  1.66998E-01  4.59314E+00
 Step number:         50         Non-bonded count:  1285550
 -7.93131E+03  1.46291E-01  4.32409E+00
 Step number:         60         Non-bonded count:  1285550
 -7.93381E+03  1.45325E-01  4.33516E+00
 Step number:         70         Non-bonded count:  1285550
 -7.93598E+03  9.37470E-02  3.05292E+00
 Step number:         80         Non-bonded count:  1285550
 -7.93703E+03  8.01518E-02  2.33882E+00
 Step number:         90         Non-bonded count:  1285550
 -7.93766E+03  5.23792E-02  1.42391E+00
 Step number:        100         Non-bonded count:  1285550
 -7.93810E+03  6.12415E-02  2.10806E+00
 Step number:        100         Non-bonded count:  1285550
 -7.93810E+03  6.12415E-02  2.10806E+00
  
 Energy and Force Generation Info: 
 --------------------------------- 
 Number of E&F called:     576


Final Energy Reports:
------------------------------------
 Total Energy of the system...... -7.93810E+03 kcal/mol
 Total Potential Energy.......... -7.93810E+03 kcal/mol
 Total Kinetic Energy............  0.00000E+00 kcal/mol
 Temperature of the system.......        0.000 K
 Bond Stretch Energy.............  2.14176E+01 kcal/mol
 Angle Bending Energy............  4.44062E+02 kcal/mol
 Torsion Angle Energy............  1.11993E+02 kcal/mol
 Restraining Energy for Torsions.  0.00000E+00 kcal/mol
 1,4 Lennard Jones Energy........  5.82533E+02 kcal/mol
 1,4 Electrostatic Energy........ -3.50368E+02 kcal/mol
 Lennard Jones Energy............ -4.21819E+02 kcal/mol
 Electrostatic Energy............ -8.32591E+03 kcal/mol
 H-bond Energy...................  0.00000E+00 kcal/mol
 
 Exiting IMPACT execution environment 
 Date: Friday, June 01 2018, at 13:34:34 EDT
%IMPACT-I (timit): Total CPU time =      22.14 seconds (   0.4 minutes)
Total elapsed time = 24 seconds
  ** Completed refinement level 0      rmsd =  0.088

** Refinement finished. Final level: 0

** The refined complex file is 2ITY-impref_ref.mae.
