
Working on structure 1
Fixing common structure mistakes...
  No mistakes were found
Pre-treating metals...
Done treating metals
Assigning bond orders...
  Using CCD: True
CCD template assignment successfully used for HET "IRE "
  Assigned the following bonds (format: atom1, atom2, order): set([(2418, 2419, 2), (2422, 2421, 2), (2420, 2427, 2), (2416, 2417, 2), (2412, 2407, 2), (2414, 2413, 2), (2408, 2409, 2), (2426, 2424, 2)])
Removing and re-adding hydrogens...
Treating metals...
Creating di-sulfur bonds...
Converting Selenomethionines...
Filling missing loops using Prime...
Attempting to build missing loops with Knowledge-Based Methods
    A:  865 -- A:  876   EKEYHAEGGK
    A:  989 -- A: 1003   PSPTDSNFYRALM
Generating models for each loop... 
Total number of loops: 2
Working on loop 0 - A:865,A:876,EKEYHAEGGK
Number of returned models for loop 0 : 2
Working on loop 1 - A:989,A:1003,PSPTDSNFYRALM
Number of returned models for loop 1 : 2
Combining models from all loops... 
Combination index: [0, 0]
Side chain optimizing...
Minimizing...
Severe clashes still exist, discard this model...
Combination index: [1, 1]
Side chain optimizing...
Minimizing...
Severe clashes still exist, discard this model...
Combination index: [1, 1]
Side chain optimizing...
Minimizing...
Severe clashes still exist, discard this model...
Combination index: [0, 0]
Side chain optimizing...
Minimizing...
The first 3 models have clashes, going to accept this model anyway...
Accept model # 0
Detecting missing residue atoms...
Filling missing side chains using Prime...
Prime output file: /lila/home/albaness/PDBfinder/pdbs/Gefitinib-EGFR/fixed/2ITY-fixed/2ity-missing-side-chains-out.maegz
Finding het groups...
Coloring atoms by element (green carbons in hets)...
Finding het groups (for Epik)...
Processing 1 het groups...
  Using Epik with pH: 7.4
        and pH Range: 0.0
  Max states per het: 32
Running Epik on 1 het groups...
  Waiting for epik...
  Het A:IRE (2020): keeping all 1 state(s):
    State penalty: 0.19 kcal/mol; H-Bond count: 2.
Running ProtAssign...
  Uses -minimize option in ProtAssign
  Using PROPKA with pH: 7.4
  RUNNING: /data/chodera/schrodinger/schrodinger2017-3-advanced/utilities/protassign 2ITY-protassign.mae 2ITY-protassign-out.mae -NOJOBID -nowater -minimize -propka_pH 7.4
Optimize H-bond job completed.
Deleting non-bridging waters...
  Deleted waters: A:2001, A:2002, A:2003, A:2004, A:2005, A:2006, A:2007, A:2008, A:2009, A:2010, A:2011, A:2012, A:2013, A:2014, A:2015, A:2016, A:2017, A:2018, A:2019
Running restrained minimization...
  RMSD: 0.3
  Force field: 3
  hydrogens only
done with preparation
Writing to file...
DONE. Output file: ../2ITY-fixed.pdb
