  Running PropKa to get pKas

Clusters to optimize:
    Cluster 1:
        A:ASN 700 
        A:SER 768 : HG 
        A:TYR 764 : HH 
    Cluster 2:
        A:GLN 701 
    Cluster 3:
        A:ASN 756 
    Cluster 4:
        A:ASN 771 
    Cluster 5:
        A:GLN 787 
        A:GLU 746 
        A:GLU 709 
        A:THR 783 : HG1
        A:CYS 781 : HG 
        A:TYR 727 : HH 
        A:LYS 714 
    Cluster 6:
        A:GLN 791 
        A:ASP 1014 
        A:ASP 1012 
        A:LYS 852 
        A:LYS 846 
    Cluster 7:
        A:ASN 808 
    Cluster 8:
        A:GLN 812 
        A:ASN 816 
    Cluster 9:
        A:GLN 820 
        A:HID 850 
        A:HID 773 
    Cluster 10:
        A:ASN 826 
        A:ASP 830 
    Cluster 11:
        A:ASN 842 
        A:ASP 855 
        A:ASP 837 
    Cluster 12:
        A:GLN 849 
        A:THR 847 : HG1
        A:TYR 813 : HH 
    Cluster 13:
        A:GLN 894 
        A:GLU 829 
        A:HID 893 
        A:LYS 960 
    Cluster 14:
        A:GLN 935 
    Cluster 15:
        A:GLN 976 
        A:GLU 985 
        A:ASP 984 
        A:SER 811 : HG 
    Cluster 16:
        A:GLN 982 
    Cluster 17:
        A:ASN 996 
        A:ASP 1003 
    Cluster 18:
        A:LYS 708 
    Cluster 19:
        A:LYS 713 
    Cluster 20:
        A:LYS 716 
        A:LYS 728 
    Cluster 21:
        A:LYS 737 
        A:ASP 1009 
    Cluster 22:
        A:LYS 739 
        A:ASP 1008 
        A:ASP 1006 
    Cluster 23:
        A:LYS 745 
        A:GLU 762 
    Cluster 24:
        A:LYS 754 
        A:GLU 872 
        A:GLU 758 
        A:TYR 869 : HH 
        A:HIS 870 
        A:LYS 875 
    Cluster 25:
        A:LYS 757 
        A:ASP 761 
    Cluster 26:
        A:LYS 806 
    Cluster 27:
        A:LYS 823 
    Cluster 28:
        A:LYS 867 
        A:GLU 866 
    Cluster 29:
        A:LYS 879 
    Cluster 30:
        A:LYS 913 
    Cluster 31:
        A:LYS 929 
    Cluster 32:
        A:LYS 949 
    Cluster 33:
        A:LYS 970 
        A:GLU 967 
    Cluster 34:
        A:LYS 860 
        A:GLU 868 
        A:GLU 865 
    Cluster 35:
        A:HID 805 
    Cluster 36:
        A:HID 835 
    Cluster 37:
        A:HID 888 
    Cluster 38:
        A:HID 988 
    Cluster 39:
        A:THR 710 : HG1
    Cluster 40:
        A:SER 720 : HG 
    Cluster 41:
        A:THR 725 : HG1
    Cluster 42:
        A:THR 751 : HG1
        A:GLU 749 
    Cluster 43:
        A:SER 752 : HG 
    Cluster 44:
        A:CYS 775 : HG 
        A:THR 854 : HG1
    Cluster 45:
        A:SER 784 : HG 
    Cluster 46:
        A:THR 785 : HG1
    Cluster 47:
        A:THR 790 : HG1
    Cluster 48:
        A:CYS 797 : HG 
        A:ASP 800 
    Cluster 49:
        A:TYR 801 : HH 
    Cluster 50:
        A:CYS 818 : HG 
    Cluster 51:
        A:TYR 827 : HH 
    Cluster 52:
        A:SER 885 : HG 
    Cluster 53:
        A:TYR 891 : HH 
    Cluster 54:
        A:THR 892 : HG1
    Cluster 55:
        A:SER 895 : HG 
    Cluster 56:
        A:SER 899 : HG 
    Cluster 57:
        A:TYR 900 : HH 
    Cluster 58:
        A:THR 903 : HG1
    Cluster 59:
        A:THR 909 : HG1
        A:SER 912 : HG 
    Cluster 60:
        A:TYR 915 : HH 
    Cluster 61:
        A:SER 921 : HG 
    Cluster 62:
        A:SER 924 : HG 
    Cluster 63:
        A:SER 925 : HG 
    Cluster 64:
        A:CYS 939 : HG 
    Cluster 65:
        A:THR 940 : HG1
        A:ASP 942 
    Cluster 66:
        A:TYR 944 : HH 
    Cluster 67:
        A:CYS 950 : HG 
    Cluster 68:
        A:SER 957 : HG 
        A:ASP 954 
    Cluster 69:
        A:SER 969 : HG 
    Cluster 70:
        A:TYR 978 : HH 
    Cluster 71:
        A:SER 991 : HG 
    Cluster 72:
        A:THR 993 : HG1
    Cluster 73:
        A:SER 995 : HG 
    Cluster 74:
        A:TYR 998 : HH 
        A:GLU 1015 
    Cluster 75:
        A:TYR 1016 : HH 
        A:GLU 736 
    Cluster 76:
        A:GLU 697 
    Cluster 77:
        A:GLU 711 
    Cluster 78:
        A:GLU 734 
    Cluster 79:
        A:ASP 770 
    Cluster 80:
        A:GLU 804 
    Cluster 81:
        A:ASP 807 
    Cluster 82:
        A:GLU 884 
    Cluster 83:
        A:ASP 896 
    Cluster 84:
        A:GLU 906 
    Cluster 85:
        A:ASP 916 
    Cluster 86:
        A:GLU 922 
    Cluster 87:
        A:GLU 928 
    Cluster 88:
        A:GLU 931 
    Cluster 89:
        A:ASP 956 
    Cluster 90:
        A:GLU 963 
    Cluster 91:
        A:ASP 974 
    Cluster 92:
        A:ASP 994 
    Cluster 93:
        A:GLU 1004 
        A:GLU 1005 

Working on cluster #1...
    A:ASN 700  : 2 states
    A:SER 768 : HG  : 6 states
    A:TYR 764 : HH  : 5 states

  Scoring exhaustively (60 potential combinations)...

  Cluster results:
    A:ASN 700  : Flip
    A:SER 768 : HG  : Stagger 1 4/6
    A:TYR 764 : HH  : Orientation 2/4 (pKa = 10.35)

Working on cluster #2...
    A:GLN 701  : 2 states

  Scoring exhaustively (2 potential combinations)...

  Cluster results:
    A:GLN 701  : No Flip

Working on cluster #3...
    A:ASN 756  : 2 states

  Scoring exhaustively (2 potential combinations)...

  Cluster results:
    A:ASN 756  : Flip

Working on cluster #4...
    A:ASN 771  : 2 states

  Scoring exhaustively (2 potential combinations)...

  Cluster results:
    A:ASN 771  : No Flip

Working on cluster #5...
    A:GLN 787  : 2 states
    A:GLU 746  : 3 states
    A:GLU 709  : 3 states
    A:THR 783 : HG1 : 6 states
    A:CYS 781 : HG  : 6 states
    A:TYR 727 : HH  : 4 states
    A:LYS 714  : 12 states

  Scoring exhaustively (31104 potential combinations)...

  Cluster results:
    A:GLN 787  : Flip
    A:GLU 746  : Charged (pKa = 4.49)
    A:GLU 709  : Charged (pKa = 4.89)
    A:THR 783 : HG1 : Stagger 2 5/6
    A:CYS 781 : HG  : Stagger 1 3/5 (pKa = 10.84)
    A:TYR 727 : HH  : Default 1 2/3 (pKa = 10.41)
    A:LYS 714  : Stagger (pKa = 10.83)

Working on cluster #6...
    A:GLN 791  : 2 states
    A:ASP 1014  : 3 states
    A:ASP 1012  : 3 states
    A:LYS 852  : 12 states
    A:LYS 846  : 8 states

  Scoring exhaustively (1728 potential combinations)...

  Cluster results:
    A:GLN 791  : Flip
    A:ASP 1014  : Charged (pKa = 2.0)
    A:ASP 1012  : Charged (pKa = 5.57)
    A:LYS 852  : Orientation 1/2 (pKa = 10.65)
    A:LYS 846  : Orientation 1/1 (pKa = 12.01)

Working on cluster #7...
    A:ASN 808  : 2 states

  Scoring exhaustively (2 potential combinations)...

  Cluster results:
    A:ASN 808  : Flip

Working on cluster #8...
    A:GLN 812  : 2 states
    A:ASN 816  : 2 states

  Scoring exhaustively (4 potential combinations)...

  Cluster results:
    A:GLN 812  : Flip
    A:ASN 816  : Flip

Working on cluster #9...
    A:GLN 820  : 2 states
    A:HID 850  : 6 states
    A:HID 773  : 6 states

  Scoring exhaustively (72 potential combinations)...

  Cluster results:
    A:GLN 820  : No Flip
    A:HID 850  : Flip HID (pKa = 4.34)
    A:HID 773  : HID (pKa = 4.88)

Working on cluster #10...
    A:ASN 826  : 2 states
    A:ASP 830  : 3 states

  Scoring exhaustively (6 potential combinations)...

  Cluster results:
    A:ASN 826  : No Flip
    A:ASP 830  : Charged (pKa = 4.25)

Working on cluster #11...
    A:ASN 842  : 2 states
    A:ASP 855  : 3 states
    A:ASP 837  : 3 states

  Scoring exhaustively (18 potential combinations)...

  Cluster results:
    A:ASN 842  : No Flip
    A:ASP 855  : Charged (pKa = 2.83)
    A:ASP 837  : Charged (pKa = 5.2)

Working on cluster #12...
    A:GLN 849  : 2 states
    A:THR 847 : HG1 : 8 states
    A:TYR 813 : HH  : 4 states

  Scoring exhaustively (64 potential combinations)...

  Cluster results:
    A:GLN 849  : No Flip
    A:THR 847 : HG1 : Default 7/8
    A:TYR 813 : HH  : Orientation 1/3 (pKa = 11.23)

Working on cluster #13...
    A:GLN 894  : 2 states
    A:GLU 829  : 3 states
    A:HID 893  : 6 states
    A:LYS 960  : 16 states

  Scoring exhaustively (576 potential combinations)...
    No valid conformations found. Trying again with less strict requirements.

  Cluster results:
    A:GLN 894  : No Flip
    A:GLU 829  : Charged (pKa = 4.11)
    A:HID 893  : Flip HIE (pKa = 5.54)
    A:LYS 960  : Stagger (pKa = 10.87)

Working on cluster #14...
    A:GLN 935  : 2 states

  Scoring exhaustively (2 potential combinations)...

  Cluster results:
    A:GLN 935  : No Flip

Working on cluster #15...
    A:GLN 976  : 2 states
    A:GLU 985  : 3 states
    A:ASP 984  : 3 states
    A:SER 811 : HG  : 9 states

  Scoring exhaustively (162 potential combinations)...

  Cluster results:
    A:GLN 976  : No Flip
    A:GLU 985  : Charged (pKa = 3.85)
    A:ASP 984  : Charged (pKa = 4.08)
    A:SER 811 : HG  : Orientation 2/9

Working on cluster #16...
    A:GLN 982  : 2 states

  Scoring exhaustively (2 potential combinations)...

  Cluster results:
    A:GLN 982  : No Flip

Working on cluster #17...
    A:ASN 996  : 2 states
    A:ASP 1003  : 3 states

  Scoring exhaustively (6 potential combinations)...

  Cluster results:
    A:ASN 996  : No Flip
    A:ASP 1003  : Charged (pKa = 3.58)

Working on cluster #18...
    A:LYS 708  : 4 states

  Scoring exhaustively (4 potential combinations)...

  Cluster results:
    A:LYS 708  : Stagger (pKa = 10.69)

Working on cluster #19...
    A:LYS 713  : 8 states

  Scoring exhaustively (8 potential combinations)...

  Cluster results:
    A:LYS 713  : Orientation 1/1 (pKa = 10.23)

Working on cluster #20...
    A:LYS 716  : 8 states
    A:LYS 728  : 16 states

  Scoring exhaustively (128 potential combinations)...
    No valid conformations found. Trying again with less strict requirements.
    No valid conformations found. Trying again with less strict requirements.

  Cluster results:
    A:LYS 716  : Orientation 1/1 (pKa = 11.11)
    A:LYS 728  : Orientation 2/3 (pKa = 8.66)

Working on cluster #21...
    A:LYS 737  : 16 states
    A:ASP 1009  : 3 states

  Scoring exhaustively (48 potential combinations)...

  Cluster results:
    A:LYS 737  : Orientation 1/3 (pKa = 10.92)
    A:ASP 1009  : Charged (pKa = 3.89)

Working on cluster #22...
    A:LYS 739  : 8 states
    A:ASP 1008  : 3 states
    A:ASP 1006  : 3 states

  Scoring exhaustively (72 potential combinations)...

  Cluster results:
    A:LYS 739  : Orientation 1/1 (pKa = 11.41)
    A:ASP 1008  : Charged (pKa = 4.31)
    A:ASP 1006  : Charged (pKa = 2.51)

Working on cluster #23...
    A:LYS 745  : 8 states
    A:GLU 762  : 3 states

  Scoring exhaustively (24 potential combinations)...

  Cluster results:
    A:LYS 745  : Orientation 1/1 (pKa = 12.39)
    A:GLU 762  : Charged (pKa = 5.68)

Working on cluster #24...
    A:LYS 754  : 8 states
    A:GLU 872  : 3 states
    A:GLU 758  : 3 states
    A:TYR 869 : HH  : 5 states
    A:HIS 870  : 6 states
    A:LYS 875  : 8 states

  Scoring exhaustively (17280 potential combinations)...

  Cluster results:
    A:LYS 754  : Orientation 1/1 (pKa = 11.68)
    A:GLU 872  : Charged (pKa = 3.56)
    A:GLU 758  : Neutral 2 (pKa = 7.91)
    A:TYR 869 : HH  : Orientation 1/4 (pKa = 9.57)
    A:HIS 870  : HID (pKa = 6.24)
    A:LYS 875  : Orientation 1/1 (pKa = 9.8)

Working on cluster #25...
    A:LYS 757  : 8 states
    A:ASP 761  : 3 states

  Scoring exhaustively (24 potential combinations)...

  Cluster results:
    A:LYS 757  : Orientation 1/1 (pKa = 11.29)
    A:ASP 761  : Charged (pKa = 3.56)

Working on cluster #26...
    A:LYS 806  : 8 states

  Scoring exhaustively (8 potential combinations)...

  Cluster results:
    A:LYS 806  : Orientation 1/1 (pKa = 10.53)

Working on cluster #27...
    A:LYS 823  : 12 states

  Scoring exhaustively (12 potential combinations)...

  Cluster results:
    A:LYS 823  : Orientation 1/2 (pKa = 10.05)

Working on cluster #28...
    A:LYS 867  : 8 states
    A:GLU 866  : 3 states

  Scoring exhaustively (24 potential combinations)...

  Cluster results:
    A:LYS 867  : Orientation 1/1 (pKa = 11.26)
    A:GLU 866  : Charged (pKa = 2.41)

Working on cluster #29...
    A:LYS 879  : 8 states

  Scoring exhaustively (8 potential combinations)...

  Cluster results:
    A:LYS 879  : Stagger (pKa = 9.92)

Working on cluster #30...
    A:LYS 913  : 12 states

  Scoring exhaustively (12 potential combinations)...

  Cluster results:
    A:LYS 913  : Orientation 1/2 (pKa = 10.38)

Working on cluster #31...
    A:LYS 929  : 8 states

  Scoring exhaustively (8 potential combinations)...

  Cluster results:
    A:LYS 929  : Orientation 1/1 (pKa = 10.54)

Working on cluster #32...
    A:LYS 949  : 8 states

  Scoring exhaustively (8 potential combinations)...

  Cluster results:
    A:LYS 949  : Stagger (pKa = 10.36)

Working on cluster #33...
    A:LYS 970  : 8 states
    A:GLU 967  : 3 states

  Scoring exhaustively (24 potential combinations)...

  Cluster results:
    A:LYS 970  : Orientation 1/1 (pKa = 11.19)
    A:GLU 967  : Charged (pKa = 4.08)

Working on cluster #34...
    A:LYS 860  : 8 states
    A:GLU 868  : 3 states
    A:GLU 865  : 3 states

  Scoring exhaustively (72 potential combinations)...

  Cluster results:
    A:LYS 860  : Stagger (pKa = 10.0)
    A:GLU 868  : Charged (pKa = 3.52)
    A:GLU 865  : Charged (pKa = 4.86)

Working on cluster #35...
    A:HID 805  : 6 states

  Scoring exhaustively (6 potential combinations)...

  Cluster results:
    A:HID 805  : Flip HID (pKa = 5.79)

Working on cluster #36...
    A:HID 835  : 6 states

  Scoring exhaustively (6 potential combinations)...

  Cluster results:
    A:HID 835  : HIE (pKa = 6.29)

Working on cluster #37...
    A:HID 888  : 6 states

  Scoring exhaustively (6 potential combinations)...
    No valid conformations found. Trying again with less strict requirements.

  Cluster results:
    A:HID 888  : HID (pKa = 6.33)

Working on cluster #38...
    A:HID 988  : 6 states

  Scoring exhaustively (6 potential combinations)...

  Cluster results:
    A:HID 988  : HIE (pKa = 6.21)

Working on cluster #39...
    A:THR 710 : HG1 : 5 states

  Scoring exhaustively (5 potential combinations)...

  Cluster results:
    A:THR 710 : HG1 : Stagger 1 3/5

Working on cluster #40...
    A:SER 720 : HG  : 6 states

  Scoring exhaustively (6 potential combinations)...

  Cluster results:
    A:SER 720 : HG  : Orientation 3/6

Working on cluster #41...
    A:THR 725 : HG1 : 5 states

  Scoring exhaustively (5 potential combinations)...

  Cluster results:
    A:THR 725 : HG1 : Default 2/5

Working on cluster #42...
    A:THR 751 : HG1 : 7 states
    A:GLU 749  : 3 states

  Scoring exhaustively (21 potential combinations)...

  Cluster results:
    A:THR 751 : HG1 : Stagger 1 5/7
    A:GLU 749  : Charged (pKa = 4.91)

Working on cluster #43...
    A:SER 752 : HG  : 5 states

  Scoring exhaustively (5 potential combinations)...

  Cluster results:
    A:SER 752 : HG  : Stagger 2 4/5

Working on cluster #44...
    A:CYS 775 : HG  : 8 states
    A:THR 854 : HG1 : 8 states

  Scoring exhaustively (64 potential combinations)...

  Cluster results:
    A:CYS 775 : HG  : Orientation 4/7 (pKa = 10.55)
    A:THR 854 : HG1 : Orientation 1/8

Working on cluster #45...
    A:SER 784 : HG  : 5 states

  Scoring exhaustively (5 potential combinations)...

  Cluster results:
    A:SER 784 : HG  : Default 3/5

Working on cluster #46...
    A:THR 785 : HG1 : 5 states

  Scoring exhaustively (5 potential combinations)...

  Cluster results:
    A:THR 785 : HG1 : Stagger 2 4/5

Working on cluster #47...
    A:THR 790 : HG1 : 5 states

  Scoring exhaustively (5 potential combinations)...

  Cluster results:
    A:THR 790 : HG1 : Orientation 1/5

Working on cluster #48...
    A:CYS 797 : HG  : 9 states
    A:ASP 800  : 3 states

  Scoring exhaustively (27 potential combinations)...

  Cluster results:
    A:CYS 797 : HG  : Orientation 6/8 (pKa = 11.03)
    A:ASP 800  : Charged (pKa = 3.87)

Working on cluster #49...
    A:TYR 801 : HH  : 4 states

  Scoring exhaustively (4 potential combinations)...

  Cluster results:
    A:TYR 801 : HH  : Orientation 1/3 (pKa = 12.49)

Working on cluster #50...
    A:CYS 818 : HG  : 6 states

  Scoring exhaustively (6 potential combinations)...

  Cluster results:
    A:CYS 818 : HG  : Orientation 1/5 (pKa = 12.77)

Working on cluster #51...
    A:TYR 827 : HH  : 4 states

  Scoring exhaustively (4 potential combinations)...

  Cluster results:
    A:TYR 827 : HH  : Orientation 2/3 (pKa = 9.86)

Working on cluster #52...
    A:SER 885 : HG  : 7 states

  Scoring exhaustively (7 potential combinations)...

  Cluster results:
    A:SER 885 : HG  : Orientation 1/7

Working on cluster #53...
    A:TYR 891 : HH  : 5 states

  Scoring exhaustively (5 potential combinations)...

  Cluster results:
    A:TYR 891 : HH  : Orientation 2/4 (pKa = 11.4)

Working on cluster #54...
    A:THR 892 : HG1 : 5 states

  Scoring exhaustively (5 potential combinations)...

  Cluster results:
    A:THR 892 : HG1 : Orientation 3/5

Working on cluster #55...
    A:SER 895 : HG  : 8 states

  Scoring exhaustively (8 potential combinations)...

  Cluster results:
    A:SER 895 : HG  : Orientation 4/8

Working on cluster #56...
    A:SER 899 : HG  : 7 states

  Scoring exhaustively (7 potential combinations)...

  Cluster results:
    A:SER 899 : HG  : Stagger 3 7/7

Working on cluster #57...
    A:TYR 900 : HH  : 3 states

  Scoring exhaustively (3 potential combinations)...

  Cluster results:
    A:TYR 900 : HH  : Orientation 1/2 (pKa = 16.05)

Working on cluster #58...
    A:THR 903 : HG1 : 4 states

  Scoring exhaustively (4 potential combinations)...

  Cluster results:
    A:THR 903 : HG1 : Orientation 2/4

Working on cluster #59...
    A:THR 909 : HG1 : 7 states
    A:SER 912 : HG  : 5 states

  Scoring exhaustively (35 potential combinations)...

  Cluster results:
    A:THR 909 : HG1 : Orientation 1/7
    A:SER 912 : HG  : Stagger 1 3/5

Working on cluster #60...
    A:TYR 915 : HH  : 4 states

  Scoring exhaustively (4 potential combinations)...

  Cluster results:
    A:TYR 915 : HH  : Orientation 1/3 (pKa = 12.52)

Working on cluster #61...
    A:SER 921 : HG  : 4 states

  Scoring exhaustively (4 potential combinations)...

  Cluster results:
    A:SER 921 : HG  : Stagger 2 3/4

Working on cluster #62...
    A:SER 924 : HG  : 5 states

  Scoring exhaustively (5 potential combinations)...

  Cluster results:
    A:SER 924 : HG  : Stagger 1 3/5

Working on cluster #63...
    A:SER 925 : HG  : 5 states

  Scoring exhaustively (5 potential combinations)...

  Cluster results:
    A:SER 925 : HG  : Stagger 3 5/5

Working on cluster #64...
    A:CYS 939 : HG  : 6 states

  Scoring exhaustively (6 potential combinations)...

  Cluster results:
    A:CYS 939 : HG  : Stagger 1 3/5 (pKa = 12.19)

Working on cluster #65...
    A:THR 940 : HG1 : 5 states
    A:ASP 942  : 3 states

  Scoring exhaustively (15 potential combinations)...

  Cluster results:
    A:THR 940 : HG1 : Orientation 1/5
    A:ASP 942  : Charged (pKa = 3.64)

Working on cluster #66...
    A:TYR 944 : HH  : 4 states

  Scoring exhaustively (4 potential combinations)...

  Cluster results:
    A:TYR 944 : HH  : Orientation 1/3 (pKa = 11.26)

Working on cluster #67...
    A:CYS 950 : HG  : 6 states

  Scoring exhaustively (6 potential combinations)...

  Cluster results:
    A:CYS 950 : HG  : Stagger 1 3/5 (pKa = 12.53)

Working on cluster #68...
    A:SER 957 : HG  : 8 states
    A:ASP 954  : 3 states

  Scoring exhaustively (24 potential combinations)...

  Cluster results:
    A:SER 957 : HG  : Orientation 1/8
    A:ASP 954  : Charged (pKa = 3.27)

Working on cluster #69...
    A:SER 969 : HG  : 3 states

  Scoring exhaustively (3 potential combinations)...

  Cluster results:
    A:SER 969 : HG  : Stagger 3 3/3

Working on cluster #70...
    A:TYR 978 : HH  : 5 states

  Scoring exhaustively (5 potential combinations)...

  Cluster results:
    A:TYR 978 : HH  : Default 2 4/4 (pKa = 10.44)

Working on cluster #71...
    A:SER 991 : HG  : 5 states

  Scoring exhaustively (5 potential combinations)...

  Cluster results:
    A:SER 991 : HG  : Stagger 3 5/5

Working on cluster #72...
    A:THR 993 : HG1 : 4 states

  Scoring exhaustively (4 potential combinations)...

  Cluster results:
    A:THR 993 : HG1 : Stagger 2 3/4

Working on cluster #73...
    A:SER 995 : HG  : 4 states

  Scoring exhaustively (4 potential combinations)...

  Cluster results:
    A:SER 995 : HG  : Stagger 3 4/4

Working on cluster #74...
    A:TYR 998 : HH  : 6 states
    A:GLU 1015  : 3 states

  Scoring exhaustively (18 potential combinations)...

  Cluster results:
    A:TYR 998 : HH  : Orientation 2/5 (pKa = 12.5)
    A:GLU 1015  : Charged (pKa = 4.23)

Working on cluster #75...
    A:TYR 1016 : HH  : 4 states
    A:GLU 736  : 3 states

  Scoring exhaustively (12 potential combinations)...

  Cluster results:
    A:TYR 1016 : HH  : Default 2 3/3 (pKa = 11.42)
    A:GLU 736  : Charged (pKa = 3.95)

Working on cluster #76...
    A:GLU 697  : 3 states

  Scoring exhaustively (3 potential combinations)...

  Cluster results:
    A:GLU 697  : Charged (pKa = 3.87)

Working on cluster #77...
    A:GLU 711  : 3 states

  Scoring exhaustively (3 potential combinations)...

  Cluster results:
    A:GLU 711  : Charged (pKa = 4.16)

Working on cluster #78...
    A:GLU 734  : 3 states

  Scoring exhaustively (3 potential combinations)...

  Cluster results:
    A:GLU 734  : Charged (pKa = 4.45)

Working on cluster #79...
    A:ASP 770  : 3 states

  Scoring exhaustively (3 potential combinations)...

  Cluster results:
    A:ASP 770  : Charged (pKa = 3.97)

Working on cluster #80...
    A:GLU 804  : 3 states

  Scoring exhaustively (3 potential combinations)...

  Cluster results:
    A:GLU 804  : Charged (pKa = 4.45)

Working on cluster #81...
    A:ASP 807  : 3 states

  Scoring exhaustively (3 potential combinations)...

  Cluster results:
    A:ASP 807  : Charged (pKa = 3.83)

Working on cluster #82...
    A:GLU 884  : 3 states

  Scoring exhaustively (3 potential combinations)...

  Cluster results:
    A:GLU 884  : Charged (pKa = 4.89)

Working on cluster #83...
    A:ASP 896  : 3 states

  Scoring exhaustively (3 potential combinations)...

  Cluster results:
    A:ASP 896  : Charged (pKa = 5.31)

Working on cluster #84...
    A:GLU 906  : 3 states

  Scoring exhaustively (3 potential combinations)...

  Cluster results:
    A:GLU 906  : Charged (pKa = 7.03)

Working on cluster #85...
    A:ASP 916  : 3 states

  Scoring exhaustively (3 potential combinations)...

  Cluster results:
    A:ASP 916  : Charged (pKa = 3.51)

Working on cluster #86...
    A:GLU 922  : 3 states

  Scoring exhaustively (3 potential combinations)...

  Cluster results:
    A:GLU 922  : Charged (pKa = 4.76)

Working on cluster #87...
    A:GLU 928  : 3 states

  Scoring exhaustively (3 potential combinations)...

  Cluster results:
    A:GLU 928  : Charged (pKa = 4.73)

Working on cluster #88...
    A:GLU 931  : 3 states

  Scoring exhaustively (3 potential combinations)...

  Cluster results:
    A:GLU 931  : Charged (pKa = 4.71)

Working on cluster #89...
    A:ASP 956  : 3 states

  Scoring exhaustively (3 potential combinations)...

  Cluster results:
    A:ASP 956  : Charged (pKa = 4.11)

Working on cluster #90...
    A:GLU 963  : 3 states

  Scoring exhaustively (3 potential combinations)...

  Cluster results:
    A:GLU 963  : Charged (pKa = 4.19)

Working on cluster #91...
    A:ASP 974  : 3 states

  Scoring exhaustively (3 potential combinations)...

  Cluster results:
    A:ASP 974  : Charged (pKa = 3.99)

Working on cluster #92...
    A:ASP 994  : 3 states

  Scoring exhaustively (3 potential combinations)...

  Cluster results:
    A:ASP 994  : Charged (pKa = 2.53)

Working on cluster #93...
    A:GLU 1004  : 3 states
    A:GLU 1005  : 3 states

  Scoring exhaustively (9 potential combinations)...

  Cluster results:
    A:GLU 1004  : Charged (pKa = 4.38)
    A:GLU 1005  : Charged (pKa = 5.51)


Recalculating pKas to identify changes in protonation penalties...
  Running PropKa to get pKas
    No changes in protonation penalties found.

Minimizing hydrogens...

Total score for structure: -126.900451176

Final pKas:
  A:LYS 708  : 10.69
  A:LYS 713  : 10.23
  A:LYS 714  : 10.83
  A:LYS 716  : 11.11
  A:LYS 728  : 8.66
  A:LYS 737  : 10.92
  A:LYS 739  : 11.41
  A:LYS 745  : 12.39
  A:LYS 754  : 11.68
  A:LYS 757  : 11.29
  A:LYS 806  : 10.53
  A:LYS 823  : 10.05
  A:LYS 846  : 12.00
  A:LYS 852  : 10.65
  A:LYS 867  : 11.26
  A:LYS 875  : 9.80
  A:LYS 879  : 9.92
  A:LYS 913  : 10.38
  A:LYS 929  : 10.54
  A:LYS 949  : 10.36
  A:LYS 960  : 10.88
  A:LYS 970  : 11.19
  A:LYS 860  : 10.00
  A:HID 773  : 4.37
  A:HID 805  : 6.05
  A:HID 835  : 6.29
  A:HID 850  : 5.00
  A:HIS 870  : 6.24
  A:HID 888  : 6.33
  A:HID 893  : 5.84
  A:HID 988  : 6.21
  A:TYR 727 : HH  : 10.41
  A:TYR 764 : HH  : 9.75
  A:CYS 775 : HG  : 10.55
  A:CYS 781 : HG  : 10.92
  A:CYS 797 : HG  : 11.03
  A:TYR 801 : HH  : 12.48
  A:TYR 813 : HH  : 11.23
  A:CYS 818 : HG  : 12.77
  A:TYR 827 : HH  : 9.86
  A:TYR 869 : HH  : 9.57
  A:TYR 891 : HH  : 11.40
  A:TYR 900 : HH  : 16.05
  A:TYR 915 : HH  : 12.52
  A:CYS 939 : HG  : 12.19
  A:TYR 944 : HH  : 11.26
  A:CYS 950 : HG  : 12.53
  A:TYR 978 : HH  : 10.44
  A:TYR 998 : HH  : 12.50
  A:TYR 1016 : HH  : 11.42
  A:GLU 697  : 3.87
  A:GLU 709  : 4.89
  A:GLU 711  : 4.16
  A:GLU 734  : 4.45
  A:GLU 736  : 3.95
  A:GLU 746  : 4.49
  A:GLU 749  : 4.91
  A:GLU 758  : 7.91
  A:ASP 761  : 3.56
  A:GLU 762  : 5.68
  A:ASP 770  : 3.97
  A:ASP 800  : 3.87
  A:GLU 804  : 4.45
  A:ASP 807  : 3.83
  A:GLU 829  : 4.09
  A:ASP 830  : 4.25
  A:ASP 837  : 5.20
  A:ASP 855  : 2.83
  A:GLU 865  : 4.86
  A:GLU 866  : 2.41
  A:GLU 868  : 3.52
  A:GLU 872  : 3.56
  A:GLU 884  : 4.89
  A:ASP 896  : 5.33
  A:GLU 906  : 7.03
  A:ASP 916  : 3.51
  A:GLU 922  : 4.76
  A:GLU 928  : 4.73
  A:GLU 931  : 4.71
  A:ASP 942  : 3.64
  A:ASP 954  : 3.27
  A:ASP 956  : 4.11
  A:GLU 963  : 4.19
  A:GLU 967  : 4.08
  A:ASP 974  : 3.99
  A:ASP 984  : 4.08
  A:GLU 985  : 3.85
  A:ASP 994  : 2.53
  A:ASP 1003  : 3.58
  A:GLU 1004  : 4.38
  A:GLU 1005  : 5.51
  A:ASP 1006  : 2.51
  A:ASP 1008  : 4.31
  A:ASP 1009  : 3.89
  A:ASP 1012  : 4.79
  A:ASP 1014  : 1.25
  A:GLU 1015  : 4.23
Structure extracted from file: 2ITY-protassign.mae
Output structure will be written to: 2ITY-protassign-out.mae

Complete. Output file: 2ITY-protassign-out.mae
