
** Heavy-atom coordinates will be fixed: maxlevel set to 0
  **
  ** Beginning refinement level 0
  **

%IMPACT-I (openwt): Request to open FORMATTED file 5AAB-impref_ref0.out on unit   2
 Entering IMPACT execution environment 
 Date: Thursday, December 21 2017, at 17:01:50 EST
 Impact version 77011
 mmshare version        40011
 Copyright (c) Schrodinger, LLC.
 All Rights Reserved.

 Host: Linux ls04 3.10.0-514.21.2.el7.x86_64 #1 SMP Tue Jun 20 12:24:47 UTC 2017 x86_64
 Job Name: 5AAB-impref_ref0
 SCHRODINGER  directory: /data/chodera/schrodinger/schrodinger2017-4-advanced
 IMPACT_EXEC  directory: /data/chodera/schrodinger/schrodinger2017-4-advanced/impact-v7.7/bin/Linux-x86_64
 MMSHARE_EXEC directory: /data/chodera/schrodinger/schrodinger2017-4-advanced/mmshare-v4.0/bin/Linux-x86_64

 Clock-based global random seed:     1513893710
%IMPACT-I(foldmain): calling OPLS3 atomtyping ...
%IMPACT-I(foldmain): finished parameter assignment
 PARM read from file "paramstd.dat"
 Parameter obtained from atomtyping
      Current coord. are written to file: "5AAB-impref.init_coord.rst"
      Box dimensions not written


 Total number of atoms  =  4911
 
 Neighbor List Cutoff Settings
 ==================================
 Cutoff radius:   10.0000000000000     
 Update frequency: every           10  steps
 Species   1 : Neighbors are calculated on a per residue basis
 Species   1 : Cutoff by inter-atomic distances
 
 Step number:          0         Non-bonded count:  1152249
 E-pot        RMS grad     Max grad    
 -7.08008E+03  2.45299E+01  9.50562E+02
 Step number:         10         Non-bonded count:  1152249
 -7.93312E+03  1.45873E+00  4.21550E+01
 Step number:         20         Non-bonded count:  1152249
 -8.03581E+03  9.28432E-01  3.00353E+01
 Step number:         30         Non-bonded count:  1152249
 -8.07671E+03  5.00752E-01  1.36946E+01
 Step number:         40         Non-bonded count:  1152249
 -8.09529E+03  3.80687E-01  1.05880E+01
 Step number:         50         Non-bonded count:  1152249
 -8.10510E+03  3.04952E-01  1.04258E+01
 Step number:         60         Non-bonded count:  1152249
 -8.11024E+03  2.17793E-01  8.64656E+00
 Step number:         70         Non-bonded count:  1152249
 -8.11402E+03  2.41416E-01  1.02589E+01
 Step number:         80         Non-bonded count:  1152249
 -8.11779E+03  1.64849E-01  3.09702E+00
 Step number:         90         Non-bonded count:  1152249
 -8.11987E+03  1.40069E-01  4.00382E+00
 Step number:        100         Non-bonded count:  1152249
 -8.12166E+03  1.70813E-01  6.60673E+00
 Step number:        100         Non-bonded count:  1152249
 -8.12166E+03  1.70813E-01  6.60673E+00
      Current coord. are written to file: "5AAB-impref.min0_coord.rst"
      Box dimensions not written
      Current coordinates are read from file: "5AAB-impref.init_coord.rst"
      Box dimensions not read
          read from "5AAB-impref.init_coord.rst"
  
 Energy and Force Generation Info: 
 --------------------------------- 
 Number of E&F called:     277
 PARM read from file "paramstd.dat"
 Parameter obtained from atomtyping
      Current coordinates are read from file: "5AAB-impref.min0_coord.rst"
      Box dimensions not read
          read from "5AAB-impref.min0_coord.rst"


 Total number of atoms  =  4911
 
 Neighbor List Cutoff Settings
 ==================================
 Cutoff radius:   10.0000000000000     
 Update frequency: every           10  steps
 Species   1 : Neighbors are calculated on a per residue basis
 Species   1 : Cutoff by inter-atomic distances
 
 Step number:          0         Non-bonded count:  1152249
 E-pot        RMS grad     Max grad    
 -6.94995E+03  2.81211E+00  2.66513E+01
 Step number:         10         Non-bonded count:  1152249
 -7.67102E+03  2.22075E+00  1.06338E+02
 Step number:         20         Non-bonded count:  1152249
 -7.78552E+03  1.08664E+00  1.75408E+01
 Step number:         30         Non-bonded count:  1152249
 -7.84230E+03  6.99838E-01  2.17204E+01
 Step number:         40         Non-bonded count:  1152249
 -7.87008E+03  4.01540E-01  1.49720E+01
 Step number:         50         Non-bonded count:  1152249
 -7.87683E+03  1.79297E-01  4.54686E+00
 Step number:         60         Non-bonded count:  1152249
 -7.87914E+03  1.79469E-01  6.38202E+00
 Step number:         70         Non-bonded count:  1152249
 -7.88201E+03  1.53133E-01  4.40947E+00
 Step number:         80         Non-bonded count:  1152249
 -7.88383E+03  9.86650E-02  3.22249E+00
 Step number:         90         Non-bonded count:  1152249
 -7.88472E+03  1.09270E-01  2.98860E+00
 Step number:        100         Non-bonded count:  1152249
 -7.88557E+03  8.34083E-02  1.97526E+00
 Step number:        100         Non-bonded count:  1152249
 E-pot        RMS grad     Max grad    
 -7.88557E+03  8.34083E-02  1.97526E+00
  
 Energy and Force Generation Info: 
 --------------------------------- 
 Number of E&F called:     557


Final Energy Reports:
------------------------------------
 Total Energy of the system...... -7.88557E+03 kcal/mol
 Total Potential Energy.......... -7.88557E+03 kcal/mol
 Total Kinetic Energy............  0.00000E+00 kcal/mol
 Temperature of the system.......        0.000 K
 Bond Stretch Energy.............  1.31696E+01 kcal/mol
 Angle Bending Energy............  2.63295E+02 kcal/mol
 Torsion Angle Energy............  7.78688E+01 kcal/mol
 Restraining Energy for Torsions.  0.00000E+00 kcal/mol
 1,4 Lennard Jones Energy........  4.45938E+02 kcal/mol
 1,4 Electrostatic Energy........ -3.91031E+02 kcal/mol
 Lennard Jones Energy............ -5.55486E+02 kcal/mol
 Electrostatic Energy............ -7.73933E+03 kcal/mol
 H-bond Energy...................  0.00000E+00 kcal/mol
 
 Exiting IMPACT execution environment 
 Date: Thursday, December 21 2017, at 17:02:10 EST
%IMPACT-I (timit): Total CPU time =      20.08 seconds (   0.3 minutes)
Total elapsed time = 21 seconds
  ** Completed refinement level 0      rmsd =  0.046

** Refinement finished. Final level: 0

** The refined complex file is 5AAB-impref_ref.mae.
