
Working on structure 1
Fixing common structure mistakes...
  No mistakes were found
Pre-treating metals...
Done treating metals
Assigning bond orders...
  Using CCD: True
CCD template assignment successfully used for HET "IRE "
  Assigned the following bonds (format: atom1, atom2, order): set([(2428, 2429, 2), (2436, 2437, 2), (2442, 2441, 2), (2440, 2447, 2), (2446, 2444, 2), (2432, 2427, 2), (2438, 2439, 2), (2434, 2433, 2)])
Removing and re-adding hydrogens...
Treating metals...
Creating di-sulfur bonds...
Converting Selenomethionines...
Filling missing loops using Prime...
Attempting to build missing loops with Knowledge-Based Methods
    A:  865 -- A:  876   EKEYHAEGGK
    A:  990 -- A: 1002   SPTDSNFYRAL
Generating models for each loop... 
Total number of loops: 2
Working on loop 0 - A:865,A:876,EKEYHAEGGK
Number of returned models for loop 0 : 2
Working on loop 1 - A:990,A:1002,SPTDSNFYRAL
Number of returned models for loop 1 : 2
Combining models from all loops... 
Combination index: [0, 0]
Side chain optimizing...
Minimizing...
Severe clashes still exist, discard this model...
Combination index: [1, 1]
Side chain optimizing...
Minimizing...
Accept model # 0
Detecting missing residue atoms...
Filling missing side chains using Prime...
Prime output file: /lila/home/albaness/PDBfinder/pdbs/Gefitinib-EGFR/fixed/2ITZ-fixed/2itz-missing-side-chains-out.maegz
Finding het groups...
Coloring atoms by element (green carbons in hets)...
Finding het groups (for Epik)...
Processing 2 het groups...
  Using Epik with pH: 7.4
        and pH Range: 0.0
  Max states per het: 32
Running Epik on 2 het groups...
  Waiting for epik...
  Het A:CL (2020): keeping all 1 state(s):
    State penalty: -0.00 kcal/mol; H-Bond count: 0.
  Het A:IRE (2021): keeping all 1 state(s):
    State penalty: 0.19 kcal/mol; H-Bond count: 2.
Running ProtAssign...
  Uses -minimize option in ProtAssign
  Using PROPKA with pH: 7.4
  RUNNING: /data/chodera/schrodinger/schrodinger2017-3-advanced/utilities/protassign 2ITZ-protassign.mae 2ITZ-protassign-out.mae -NOJOBID -nowater -minimize -propka_pH 7.4
Optimize H-bond job completed.
Deleting non-bridging waters...
  Deleted waters: A:3001, A:3002, A:3003, A:3004, A:3005, A:3006, A:3007, A:3008, A:3009, A:3010, A:3011, A:3012, A:3013, A:3014, A:3015, A:3016, A:3017, A:3018, A:3019, A:3020, A:3021, A:3022, A:3023, A:3024, A:3025, A:3026, A:3027, A:3028, A:3029, A:3030, A:3031, A:3032, A:3033, A:3034, A:3035, A:3036, A:3037, A:3038, A:3039, A:3040, A:3041, A:3042, A:3043, A:3044, A:3045, A:3046, A:3047, A:3048, A:3049, A:3050, A:3051, A:3052, A:3053, A:3054, A:3055, A:3056, A:3057, A:3058, A:3059, A:3060, A:3061, A:3062, A:3063, A:3064, A:3065
Running restrained minimization...
  RMSD: 0.3
  Force field: 3
  hydrogens only
done with preparation
Writing to file...
DONE. Output file: ../2ITZ-fixed.pdb
