
** Heavy-atom coordinates will be fixed: maxlevel set to 0
  **
  ** Beginning refinement level 0
  **

%IMPACT-I (openwt): Request to open FORMATTED file 2ITZ-impref_ref0.out on unit   2
 Entering IMPACT execution environment 
 Date: Friday, June 01 2018, at 13:39:10 EDT
 Impact version 78011
 mmshare version        41011
 Copyright (c) Schrodinger, LLC.
 All Rights Reserved.

 Host: Linux ls17 3.10.0-514.21.2.el7.x86_64 #1 SMP Tue Jun 20 12:24:47 UTC 2017 x86_64
 Job Name: 2ITZ-impref_ref0
 SCHRODINGER  directory: /data/chodera/schrodinger/schrodinger2018-1-advanced
 IMPACT_EXEC  directory: /data/chodera/schrodinger/schrodinger2018-1-advanced/impact-v7.8/bin/Linux-x86_64
 MMSHARE_EXEC directory: /data/chodera/schrodinger/schrodinger2018-1-advanced/mmshare-v4.1/bin/Linux-x86_64

 Clock-based global random seed:     1527874750
%IMPACT-I(foldmain): calling OPLS3 atomtyping ...
%IMPACT-I(foldmain): finished parameter assignment
 PARM read from file "paramstd.dat"
 Parameter obtained from atomtyping
      Current coord. are written to file: "2ITZ-impref.init_coord.rst"
      Box dimensions not written


 Total number of atoms  =  5268
 
 Neighbor List Cutoff Settings
 ==================================
 Cutoff radius:   10.0000000000000     
 Update frequency: every           10  steps
 Species   1 : Neighbors are calculated on a per residue basis
 Species   1 : Cutoff by inter-atomic distances
 
 Step number:          0         Non-bonded count:  1293454
 E-pot        RMS grad     Max grad    
 -5.58490E+03  3.11800E+02  1.94836E+04
 Step number:         10         Non-bonded count:  1293454
 -8.39877E+03  1.05055E+00  3.68693E+01
 Step number:         20         Non-bonded count:  1293454
 -8.49972E+03  5.42863E-01  1.20885E+01
 Step number:         30         Non-bonded count:  1293454
 -8.53290E+03  3.22143E-01  6.65570E+00
 Step number:         40         Non-bonded count:  1293454
 -8.54791E+03  2.84025E-01  5.82368E+00
 Step number:         50         Non-bonded count:  1293454
 -8.55615E+03  1.88442E-01  4.19896E+00
 Step number:         60         Non-bonded count:  1293454
 -8.56105E+03  1.99578E-01  4.39166E+00
 Step number:         70         Non-bonded count:  1293454
 -8.56559E+03  1.87695E-01  5.09062E+00
 Step number:         80         Non-bonded count:  1293454
 -8.56970E+03  1.75033E-01  5.83068E+00
 Step number:         90         Non-bonded count:  1293454
 -8.57265E+03  1.38059E-01  3.56342E+00
 Step number:        100         Non-bonded count:  1293454
 -8.57512E+03  1.12091E-01  2.82698E+00
 Step number:        100         Non-bonded count:  1293454
 -8.57512E+03  1.12091E-01  2.82698E+00
      Current coord. are written to file: "2ITZ-impref.min0_coord.rst"
      Box dimensions not written
      Current coordinates are read from file: "2ITZ-impref.init_coord.rst"
      Box dimensions not read
          read from "2ITZ-impref.init_coord.rst"
  
 Energy and Force Generation Info: 
 --------------------------------- 
 Number of E&F called:     277
 PARM read from file "paramstd.dat"
 Parameter obtained from atomtyping
      Current coordinates are read from file: "2ITZ-impref.min0_coord.rst"
      Box dimensions not read
          read from "2ITZ-impref.min0_coord.rst"


 Total number of atoms  =  5268
 
 Neighbor List Cutoff Settings
 ==================================
 Cutoff radius:   10.0000000000000     
 Update frequency: every           10  steps
 Species   1 : Neighbors are calculated on a per residue basis
 Species   1 : Cutoff by inter-atomic distances
 
 Step number:          0         Non-bonded count:  1293454
 E-pot        RMS grad     Max grad    
 -7.22077E+03  2.75336E+00  2.75395E+01
 Step number:         10         Non-bonded count:  1293454
 -8.01832E+03  1.54323E+00  1.87759E+01
 Step number:         20         Non-bonded count:  1293454
 -8.19772E+03  9.57091E-01  2.11712E+01
 Step number:         30         Non-bonded count:  1293454
 -8.28561E+03  6.62018E-01  1.73191E+01
 Step number:         40         Non-bonded count:  1293454
 -8.31971E+03  4.86718E-01  1.45427E+01
 Step number:         50         Non-bonded count:  1293454
 -8.33314E+03  2.07654E-01  4.66481E+00
 Step number:         60         Non-bonded count:  1293454
 -8.33658E+03  1.49899E-01  5.73317E+00
 Step number:         70         Non-bonded count:  1293454
 -8.33890E+03  1.31305E-01  4.74088E+00
 Step number:         80         Non-bonded count:  1293454
 -8.34093E+03  1.28373E-01  4.37918E+00
 Step number:         90         Non-bonded count:  1293454
 -8.34277E+03  9.98646E-02  2.44779E+00
 Step number:        100         Non-bonded count:  1293454
 -8.34382E+03  6.95205E-02  1.51304E+00
 Step number:        100         Non-bonded count:  1293454
 -8.34382E+03  6.95205E-02  1.51304E+00
  
 Energy and Force Generation Info: 
 --------------------------------- 
 Number of E&F called:     568


Final Energy Reports:
------------------------------------
 Total Energy of the system...... -8.34382E+03 kcal/mol
 Total Potential Energy.......... -8.34382E+03 kcal/mol
 Total Kinetic Energy............  0.00000E+00 kcal/mol
 Temperature of the system.......        0.000 K
 Bond Stretch Energy.............  1.54895E+01 kcal/mol
 Angle Bending Energy............  3.87327E+02 kcal/mol
 Torsion Angle Energy............  5.38524E+01 kcal/mol
 Restraining Energy for Torsions.  0.00000E+00 kcal/mol
 1,4 Lennard Jones Energy........  5.49455E+02 kcal/mol
 1,4 Electrostatic Energy........ -3.71993E+02 kcal/mol
 Lennard Jones Energy............ -5.07387E+02 kcal/mol
 Electrostatic Energy............ -8.47056E+03 kcal/mol
 H-bond Energy...................  0.00000E+00 kcal/mol
 
 Exiting IMPACT execution environment 
 Date: Friday, June 01 2018, at 13:39:33 EDT
%IMPACT-I (timit): Total CPU time =      22.62 seconds (   0.4 minutes)
Total elapsed time = 25 seconds
  ** Completed refinement level 0      rmsd =  0.135

** Refinement finished. Final level: 0

** The refined complex file is 2ITZ-impref_ref.mae.
