  Running PropKa to get pKas

Clusters to optimize:
    Cluster 1:
        A:ASN 700 
        A:SER 768 : HG 
        A:TYR 764 : HH 
    Cluster 2:
        A:GLN 701 
    Cluster 3:
        A:ASN 756 
    Cluster 4:
        A:ASN 771 
    Cluster 5:
        A:GLN 787 
        A:GLU 746 
        A:THR 783 : HG1
        A:TYR 727 : HH 
        A:THR 725 : HG1
    Cluster 6:
        A:GLN 791 
        A:ASP 1014 
        A:ASP 1012 
        A:LYS 852 
        A:LYS 846 
    Cluster 7:
        A:ASN 808 
    Cluster 8:
        A:GLN 812 
        A:ASN 816 
    Cluster 9:
        A:GLN 820 
        A:HID 850 
        A:HID 773 
    Cluster 10:
        A:ASN 826 
        A:ASP 830 
    Cluster 11:
        A:ASN 842 
        A:ASP 855 
        A:ASP 837 
        A:GLU 762 
        A:LYS 745 
    Cluster 12:
        A:GLN 849 
        A:THR 847 : HG1
        A:TYR 813 : HH 
    Cluster 13:
        A:GLN 894 
        A:GLU 829 
        A:LYS 960 
    Cluster 14:
        A:GLN 935 
    Cluster 15:
        A:GLN 976 
        A:GLU 985 
        A:ASP 984 
        A:SER 811 : HG 
    Cluster 16:
        A:GLN 982 
    Cluster 17:
        A:ASN 996 
        A:ASP 994 
        A:SER 995 : HG 
    Cluster 18:
        A:LYS 708 
        A:GLU 734 
        A:GLU 711 
    Cluster 19:
        A:LYS 713 
    Cluster 20:
        A:LYS 714 
        A:GLU 1004 
    Cluster 21:
        A:LYS 716 
        A:LYS 728 
    Cluster 22:
        A:LYS 737 
        A:ASP 1009 
    Cluster 23:
        A:LYS 739 
    Cluster 24:
        A:LYS 754 
        A:GLU 868 
        A:ASP 761 
        A:GLU 758 
        A:LYS 757 
    Cluster 25:
        A:LYS 806 
    Cluster 26:
        A:LYS 823 
    Cluster 27:
        A:LYS 860 
    Cluster 28:
        A:LYS 867 
        A:GLU 866 
    Cluster 29:
        A:LYS 875 
        A:GLU 872 
    Cluster 30:
        A:LYS 879 
    Cluster 31:
        A:LYS 913 
    Cluster 32:
        A:LYS 929 
    Cluster 33:
        A:LYS 949 
    Cluster 34:
        A:LYS 970 
    Cluster 35:
        A:HID 805 
    Cluster 36:
        A:HID 835 
    Cluster 37:
        A:HIS 870 
    Cluster 38:
        A:HID 888 
    Cluster 39:
        A:HID 893 
    Cluster 40:
        A:HID 988 
    Cluster 41:
        A:THR 710 : HG1
    Cluster 42:
        A:SER 720 : HG 
    Cluster 43:
        A:THR 751 : HG1
    Cluster 44:
        A:SER 752 : HG 
    Cluster 45:
        A:CYS 775 : HG 
        A:THR 854 : HG1
    Cluster 46:
        A:CYS 781 : HG 
    Cluster 47:
        A:SER 784 : HG 
    Cluster 48:
        A:THR 785 : HG1
    Cluster 49:
        A:THR 790 : HG1
    Cluster 50:
        A:CYS 797 : HG 
        A:ASP 800 
    Cluster 51:
        A:TYR 801 : HH 
    Cluster 52:
        A:CYS 818 : HG 
    Cluster 53:
        A:TYR 827 : HH 
    Cluster 54:
        A:TYR 869 : HH 
    Cluster 55:
        A:SER 885 : HG 
    Cluster 56:
        A:TYR 891 : HH 
    Cluster 57:
        A:THR 892 : HG1
    Cluster 58:
        A:SER 895 : HG 
    Cluster 59:
        A:SER 899 : HG 
    Cluster 60:
        A:TYR 900 : HH 
    Cluster 61:
        A:THR 903 : HG1
    Cluster 62:
        A:THR 909 : HG1
        A:SER 912 : HG 
    Cluster 63:
        A:TYR 915 : HH 
    Cluster 64:
        A:SER 921 : HG 
    Cluster 65:
        A:SER 924 : HG 
    Cluster 66:
        A:SER 925 : HG 
    Cluster 67:
        A:CYS 939 : HG 
    Cluster 68:
        A:THR 940 : HG1
        A:ASP 942 
    Cluster 69:
        A:TYR 944 : HH 
    Cluster 70:
        A:CYS 950 : HG 
    Cluster 71:
        A:SER 957 : HG 
        A:ASP 954 
    Cluster 72:
        A:SER 969 : HG 
    Cluster 73:
        A:TYR 978 : HH 
    Cluster 74:
        A:SER 991 : HG 
    Cluster 75:
        A:THR 993 : HG1
    Cluster 76:
        A:TYR 998 : HH 
    Cluster 77:
        A:TYR 1016 : HH 
        A:GLU 736 
    Cluster 78:
        A:GLU 697 
    Cluster 79:
        A:GLU 709 
    Cluster 80:
        A:GLU 749 
    Cluster 81:
        A:ASP 770 
    Cluster 82:
        A:GLU 804 
    Cluster 83:
        A:ASP 807 
    Cluster 84:
        A:GLU 865 
    Cluster 85:
        A:GLU 884 
    Cluster 86:
        A:ASP 896 
    Cluster 87:
        A:GLU 906 
    Cluster 88:
        A:ASP 916 
    Cluster 89:
        A:GLU 922 
    Cluster 90:
        A:GLU 928 
    Cluster 91:
        A:GLU 931 
    Cluster 92:
        A:ASP 956 
    Cluster 93:
        A:GLU 963 
    Cluster 94:
        A:GLU 967 
    Cluster 95:
        A:ASP 974 
    Cluster 96:
        A:ASP 1003 
    Cluster 97:
        A:GLU 1005 
    Cluster 98:
        A:ASP 1006 
        A:ASP 1008 
    Cluster 99:
        A:GLU 1015 

Working on cluster #1...
    A:ASN 700  : 2 states
    A:SER 768 : HG  : 6 states
    A:TYR 764 : HH  : 5 states

  Scoring exhaustively (60 potential combinations)...

  Cluster results:
    A:ASN 700  : Flip
    A:SER 768 : HG  : Orientation 1/6
    A:TYR 764 : HH  : Orientation 2/4 (pKa = 10.37)

Working on cluster #2...
    A:GLN 701  : 2 states

  Scoring exhaustively (2 potential combinations)...

  Cluster results:
    A:GLN 701  : No Flip

Working on cluster #3...
    A:ASN 756  : 2 states

  Scoring exhaustively (2 potential combinations)...

  Cluster results:
    A:ASN 756  : No Flip

Working on cluster #4...
    A:ASN 771  : 2 states

  Scoring exhaustively (2 potential combinations)...

  Cluster results:
    A:ASN 771  : No Flip

Working on cluster #5...
    A:GLN 787  : 2 states
    A:GLU 746  : 3 states
    A:THR 783 : HG1 : 5 states
    A:TYR 727 : HH  : 6 states
    A:THR 725 : HG1 : 5 states

  Scoring exhaustively (900 potential combinations)...

  Cluster results:
    A:GLN 787  : No Flip
    A:GLU 746  : Charged (pKa = 5.35)
    A:THR 783 : HG1 : Orientation 1/5
    A:TYR 727 : HH  : Orientation 1/5 (pKa = 10.93)
    A:THR 725 : HG1 : Orientation 1/5

Working on cluster #6...
    A:GLN 791  : 2 states
    A:ASP 1014  : 3 states
    A:ASP 1012  : 3 states
    A:LYS 852  : 20 states
    A:LYS 846  : 8 states

  Scoring exhaustively (2880 potential combinations)...

  Cluster results:
    A:GLN 791  : Flip
    A:ASP 1014  : Charged (pKa = 1.37)
    A:ASP 1012  : Charged (pKa = 5.57)
    A:LYS 852  : Orientation 4/4 (pKa = 10.51)
    A:LYS 846  : Orientation 1/1 (pKa = 11.71)

Working on cluster #7...
    A:ASN 808  : 2 states

  Scoring exhaustively (2 potential combinations)...

  Cluster results:
    A:ASN 808  : Flip

Working on cluster #8...
    A:GLN 812  : 2 states
    A:ASN 816  : 2 states

  Scoring exhaustively (4 potential combinations)...

  Cluster results:
    A:GLN 812  : No Flip
    A:ASN 816  : Flip

Working on cluster #9...
    A:GLN 820  : 2 states
    A:HID 850  : 6 states
    A:HID 773  : 6 states

  Scoring exhaustively (72 potential combinations)...
    No valid conformations found. Trying again with less strict requirements.

  Cluster results:
    A:GLN 820  : No Flip
    A:HID 850  : Flip HIE (pKa = 3.46)
    A:HID 773  : HID (pKa = 4.71)

Working on cluster #10...
    A:ASN 826  : 2 states
    A:ASP 830  : 3 states

  Scoring exhaustively (6 potential combinations)...

  Cluster results:
    A:ASN 826  : No Flip
    A:ASP 830  : Charged (pKa = 4.3)

Working on cluster #11...
    A:ASN 842  : 2 states
    A:ASP 855  : 3 states
    A:ASP 837  : 3 states
    A:GLU 762  : 3 states
    A:LYS 745  : 8 states

  Scoring exhaustively (432 potential combinations)...

  Cluster results:
    A:ASN 842  : No Flip
    A:ASP 855  : Charged (pKa = 2.53)
    A:ASP 837  : Charged (pKa = 4.8)
    A:GLU 762  : Charged (pKa = 6.39)
    A:LYS 745  : Orientation 1/1 (pKa = 12.4)

Working on cluster #12...
    A:GLN 849  : 2 states
    A:THR 847 : HG1 : 6 states
    A:TYR 813 : HH  : 5 states

  Scoring exhaustively (60 potential combinations)...

  Cluster results:
    A:GLN 849  : Flip
    A:THR 847 : HG1 : Orientation 3/6
    A:TYR 813 : HH  : Orientation 1/4 (pKa = 10.94)

Working on cluster #13...
    A:GLN 894  : 2 states
    A:GLU 829  : 3 states
    A:LYS 960  : 12 states

  Scoring exhaustively (72 potential combinations)...

  Cluster results:
    A:GLN 894  : No Flip
    A:GLU 829  : Charged (pKa = 4.66)
    A:LYS 960  : Stagger (pKa = 10.58)

Working on cluster #14...
    A:GLN 935  : 2 states

  Scoring exhaustively (2 potential combinations)...

  Cluster results:
    A:GLN 935  : No Flip

Working on cluster #15...
    A:GLN 976  : 2 states
    A:GLU 985  : 3 states
    A:ASP 984  : 3 states
    A:SER 811 : HG  : 7 states

  Scoring exhaustively (126 potential combinations)...

  Cluster results:
    A:GLN 976  : No Flip
    A:GLU 985  : Charged (pKa = 4.48)
    A:ASP 984  : Charged (pKa = 4.17)
    A:SER 811 : HG  : Orientation 2/7

Working on cluster #16...
    A:GLN 982  : 2 states

  Scoring exhaustively (2 potential combinations)...

  Cluster results:
    A:GLN 982  : Flip

Working on cluster #17...
    A:ASN 996  : 2 states
    A:ASP 994  : 3 states
    A:SER 995 : HG  : 5 states

  Scoring exhaustively (30 potential combinations)...

  Cluster results:
    A:ASN 996  : No Flip
    A:ASP 994  : Charged (pKa = 2.09)
    A:SER 995 : HG  : Stagger 2 4/5

Working on cluster #18...
    A:LYS 708  : 12 states
    A:GLU 734  : 3 states
    A:GLU 711  : 3 states

  Scoring exhaustively (108 potential combinations)...

  Cluster results:
    A:LYS 708  : Orientation 2/2 (pKa = 11.62)
    A:GLU 734  : Charged (pKa = 3.52)
    A:GLU 711  : Charged (pKa = 4.46)

Working on cluster #19...
    A:LYS 713  : 8 states

  Scoring exhaustively (8 potential combinations)...

  Cluster results:
    A:LYS 713  : Stagger (pKa = 10.08)

Working on cluster #20...
    A:LYS 714  : 8 states
    A:GLU 1004  : 3 states

  Scoring exhaustively (24 potential combinations)...
    No valid conformations found. Trying again with less strict requirements.

  Cluster results:
    A:LYS 714  : Orientation 1/1 (pKa = 11.14)
    A:GLU 1004  : Charged (pKa = 3.82)

Working on cluster #21...
    A:LYS 716  : 16 states
    A:LYS 728  : 8 states

  Scoring exhaustively (128 potential combinations)...

  Cluster results:
    A:LYS 716  : Orientation 1/3 (pKa = 9.45)
    A:LYS 728  : Orientation 1/1 (pKa = 10.74)

Working on cluster #22...
    A:LYS 737  : 8 states
    A:ASP 1009  : 3 states

  Scoring exhaustively (24 potential combinations)...

  Cluster results:
    A:LYS 737  : Orientation 1/1 (pKa = 11.24)
    A:ASP 1009  : Charged (pKa = 3.3)

Working on cluster #23...
    A:LYS 739  : 12 states

  Scoring exhaustively (12 potential combinations)...
    No valid conformations found. Trying again with less strict requirements.

  Cluster results:
    A:LYS 739  : Stagger (pKa = 10.43)

Working on cluster #24...
    A:LYS 754  : 8 states
    A:GLU 868  : 3 states
    A:ASP 761  : 3 states
    A:GLU 758  : 3 states
    A:LYS 757  : 12 states

  Scoring exhaustively (2592 potential combinations)...
    No valid conformations found. Trying again with less strict requirements.

  Cluster results:
    A:LYS 754  : Orientation 1/1 (pKa = 11.59)
    A:GLU 868  : Charged (pKa = 2.43)
    A:ASP 761  : Charged (pKa = 4.18)
    A:GLU 758  : Charged (pKa = 5.76)
    A:LYS 757  : Orientation 1/2 (pKa = 12.14)

Working on cluster #25...
    A:LYS 806  : 16 states

  Scoring exhaustively (16 potential combinations)...

  Cluster results:
    A:LYS 806  : Stagger (pKa = 10.57)

Working on cluster #26...
    A:LYS 823  : 8 states

  Scoring exhaustively (8 potential combinations)...

  Cluster results:
    A:LYS 823  : Orientation 1/1 (pKa = 9.94)

Working on cluster #27...
    A:LYS 860  : 20 states

  Scoring exhaustively (20 potential combinations)...

  Cluster results:
    A:LYS 860  : Orientation 1/4 (pKa = 8.08)

Working on cluster #28...
    A:LYS 867  : 8 states
    A:GLU 866  : 3 states

  Scoring exhaustively (24 potential combinations)...

  Cluster results:
    A:LYS 867  : Orientation 1/1 (pKa = 11.3)
    A:GLU 866  : Charged (pKa = 3.3)

Working on cluster #29...
    A:LYS 875  : 8 states
    A:GLU 872  : 3 states

  Scoring exhaustively (24 potential combinations)...
    No valid conformations found. Trying again with less strict requirements.

  Cluster results:
    A:LYS 875  : Orientation 1/1 (pKa = 10.87)
    A:GLU 872  : Charged (pKa = 4.58)

Working on cluster #30...
    A:LYS 879  : 12 states

  Scoring exhaustively (12 potential combinations)...

  Cluster results:
    A:LYS 879  : Stagger (pKa = 10.06)

Working on cluster #31...
    A:LYS 913  : 8 states

  Scoring exhaustively (8 potential combinations)...

  Cluster results:
    A:LYS 913  : Stagger (pKa = 10.46)

Working on cluster #32...
    A:LYS 929  : 8 states

  Scoring exhaustively (8 potential combinations)...

  Cluster results:
    A:LYS 929  : Orientation 1/1 (pKa = 10.53)

Working on cluster #33...
    A:LYS 949  : 8 states

  Scoring exhaustively (8 potential combinations)...

  Cluster results:
    A:LYS 949  : Orientation 1/1 (pKa = 10.41)

Working on cluster #34...
    A:LYS 970  : 12 states

  Scoring exhaustively (12 potential combinations)...

  Cluster results:
    A:LYS 970  : Orientation 1/2 (pKa = 10.74)

Working on cluster #35...
    A:HID 805  : 6 states

  Scoring exhaustively (6 potential combinations)...

  Cluster results:
    A:HID 805  : HID (pKa = 6.55)

Working on cluster #36...
    A:HID 835  : 6 states

  Scoring exhaustively (6 potential combinations)...

  Cluster results:
    A:HID 835  : HIE (pKa = 6.03)

Working on cluster #37...
    A:HIS 870  : 6 states

  Scoring exhaustively (6 potential combinations)...

  Cluster results:
    A:HIS 870  : HIE (pKa = 4.69)

Working on cluster #38...
    A:HID 888  : 6 states

  Scoring exhaustively (6 potential combinations)...

  Cluster results:
    A:HID 888  : HIE (pKa = 6.25)

Working on cluster #39...
    A:HID 893  : 6 states

  Scoring exhaustively (6 potential combinations)...

  Cluster results:
    A:HID 893  : Flip HIE (pKa = 5.61)

Working on cluster #40...
    A:HID 988  : 6 states

  Scoring exhaustively (6 potential combinations)...

  Cluster results:
    A:HID 988  : HIE (pKa = 6.3)

Working on cluster #41...
    A:THR 710 : HG1 : 4 states

  Scoring exhaustively (4 potential combinations)...

  Cluster results:
    A:THR 710 : HG1 : Stagger 2 3/4

Working on cluster #42...
    A:SER 720 : HG  : 6 states

  Scoring exhaustively (6 potential combinations)...

  Cluster results:
    A:SER 720 : HG  : Stagger 2 5/6

Working on cluster #43...
    A:THR 751 : HG1 : 4 states

  Scoring exhaustively (4 potential combinations)...

  Cluster results:
    A:THR 751 : HG1 : Stagger 1 2/4

Working on cluster #44...
    A:SER 752 : HG  : 5 states

  Scoring exhaustively (5 potential combinations)...

  Cluster results:
    A:SER 752 : HG  : Stagger 3 5/5

Working on cluster #45...
    A:CYS 775 : HG  : 8 states
    A:THR 854 : HG1 : 7 states

  Scoring exhaustively (56 potential combinations)...

  Cluster results:
    A:CYS 775 : HG  : Orientation 3/7 (pKa = 10.93)
    A:THR 854 : HG1 : Orientation 1/7

Working on cluster #46...
    A:CYS 781 : HG  : 4 states

  Scoring exhaustively (4 potential combinations)...

  Cluster results:
    A:CYS 781 : HG  : Orientation 1/3 (pKa = 10.64)

Working on cluster #47...
    A:SER 784 : HG  : 6 states

  Scoring exhaustively (6 potential combinations)...

  Cluster results:
    A:SER 784 : HG  : Stagger 2 5/6

Working on cluster #48...
    A:THR 785 : HG1 : 5 states

  Scoring exhaustively (5 potential combinations)...

  Cluster results:
    A:THR 785 : HG1 : Stagger 2 4/5

Working on cluster #49...
    A:THR 790 : HG1 : 6 states

  Scoring exhaustively (6 potential combinations)...

  Cluster results:
    A:THR 790 : HG1 : Stagger 1 4/6

Working on cluster #50...
    A:CYS 797 : HG  : 5 states
    A:ASP 800  : 3 states

  Scoring exhaustively (15 potential combinations)...

  Cluster results:
    A:CYS 797 : HG  : Stagger 1 2/4 (pKa = 11.06)
    A:ASP 800  : Charged (pKa = 3.29)

Working on cluster #51...
    A:TYR 801 : HH  : 5 states

  Scoring exhaustively (5 potential combinations)...

  Cluster results:
    A:TYR 801 : HH  : Orientation 1/4 (pKa = 12.22)

Working on cluster #52...
    A:CYS 818 : HG  : 7 states

  Scoring exhaustively (7 potential combinations)...

  Cluster results:
    A:CYS 818 : HG  : Orientation 1/6 (pKa = 13.04)

Working on cluster #53...
    A:TYR 827 : HH  : 4 states

  Scoring exhaustively (4 potential combinations)...

  Cluster results:
    A:TYR 827 : HH  : Orientation 1/3 (pKa = 10.3)

Working on cluster #54...
    A:TYR 869 : HH  : 4 states

  Scoring exhaustively (4 potential combinations)...

  Cluster results:
    A:TYR 869 : HH  : Orientation 1/3 (pKa = 10.13)

Working on cluster #55...
    A:SER 885 : HG  : 6 states

  Scoring exhaustively (6 potential combinations)...

  Cluster results:
    A:SER 885 : HG  : Orientation 1/6

Working on cluster #56...
    A:TYR 891 : HH  : 4 states

  Scoring exhaustively (4 potential combinations)...

  Cluster results:
    A:TYR 891 : HH  : Orientation 1/3 (pKa = 9.74)

Working on cluster #57...
    A:THR 892 : HG1 : 5 states

  Scoring exhaustively (5 potential combinations)...

  Cluster results:
    A:THR 892 : HG1 : Orientation 2/5

Working on cluster #58...
    A:SER 895 : HG  : 8 states

  Scoring exhaustively (8 potential combinations)...

  Cluster results:
    A:SER 895 : HG  : Orientation 4/8

Working on cluster #59...
    A:SER 899 : HG  : 7 states

  Scoring exhaustively (7 potential combinations)...

  Cluster results:
    A:SER 899 : HG  : Orientation 1/7

Working on cluster #60...
    A:TYR 900 : HH  : 3 states

  Scoring exhaustively (3 potential combinations)...

  Cluster results:
    A:TYR 900 : HH  : Orientation 1/2 (pKa = 16.32)

Working on cluster #61...
    A:THR 903 : HG1 : 4 states

  Scoring exhaustively (4 potential combinations)...

  Cluster results:
    A:THR 903 : HG1 : Orientation 1/4

Working on cluster #62...
    A:THR 909 : HG1 : 5 states
    A:SER 912 : HG  : 5 states

  Scoring exhaustively (25 potential combinations)...

  Cluster results:
    A:THR 909 : HG1 : Orientation 1/5
    A:SER 912 : HG  : Stagger 1 3/5

Working on cluster #63...
    A:TYR 915 : HH  : 5 states

  Scoring exhaustively (5 potential combinations)...

  Cluster results:
    A:TYR 915 : HH  : Default 2 4/4 (pKa = 12.46)

Working on cluster #64...
    A:SER 921 : HG  : 7 states

  Scoring exhaustively (7 potential combinations)...

  Cluster results:
    A:SER 921 : HG  : Orientation 3/7

Working on cluster #65...
    A:SER 924 : HG  : 7 states

  Scoring exhaustively (7 potential combinations)...

  Cluster results:
    A:SER 924 : HG  : Stagger 2 6/7

Working on cluster #66...
    A:SER 925 : HG  : 6 states

  Scoring exhaustively (6 potential combinations)...

  Cluster results:
    A:SER 925 : HG  : Stagger 3 6/6

Working on cluster #67...
    A:CYS 939 : HG  : 6 states

  Scoring exhaustively (6 potential combinations)...

  Cluster results:
    A:CYS 939 : HG  : Stagger 1 3/5 (pKa = 12.26)

Working on cluster #68...
    A:THR 940 : HG1 : 10 states
    A:ASP 942  : 3 states

  Scoring exhaustively (30 potential combinations)...

  Cluster results:
    A:THR 940 : HG1 : Orientation 1/10
    A:ASP 942  : Charged (pKa = 3.95)

Working on cluster #69...
    A:TYR 944 : HH  : 5 states

  Scoring exhaustively (5 potential combinations)...

  Cluster results:
    A:TYR 944 : HH  : Orientation 1/4 (pKa = 11.15)

Working on cluster #70...
    A:CYS 950 : HG  : 6 states

  Scoring exhaustively (6 potential combinations)...

  Cluster results:
    A:CYS 950 : HG  : Stagger 1 3/5 (pKa = 12.4)

Working on cluster #71...
    A:SER 957 : HG  : 8 states
    A:ASP 954  : 3 states

  Scoring exhaustively (24 potential combinations)...

  Cluster results:
    A:SER 957 : HG  : Orientation 1/8
    A:ASP 954  : Charged (pKa = 3.62)

Working on cluster #72...
    A:SER 969 : HG  : 8 states

  Scoring exhaustively (8 potential combinations)...

  Cluster results:
    A:SER 969 : HG  : Orientation 1/8

Working on cluster #73...
    A:TYR 978 : HH  : 4 states

  Scoring exhaustively (4 potential combinations)...

  Cluster results:
    A:TYR 978 : HH  : Default 2 3/3 (pKa = 10.36)

Working on cluster #74...
    A:SER 991 : HG  : 5 states

  Scoring exhaustively (5 potential combinations)...

  Cluster results:
    A:SER 991 : HG  : Stagger 3 5/5

Working on cluster #75...
    A:THR 993 : HG1 : 4 states

  Scoring exhaustively (4 potential combinations)...

  Cluster results:
    A:THR 993 : HG1 : Stagger 2 3/4

Working on cluster #76...
    A:TYR 998 : HH  : 3 states

  Scoring exhaustively (3 potential combinations)...

  Cluster results:
    A:TYR 998 : HH  : Default 2 2/2 (pKa = 12.05)

Working on cluster #77...
    A:TYR 1016 : HH  : 4 states
    A:GLU 736  : 3 states

  Scoring exhaustively (12 potential combinations)...

  Cluster results:
    A:TYR 1016 : HH  : Default 2 3/3 (pKa = 11.4)
    A:GLU 736  : Charged (pKa = 4.17)

Working on cluster #78...
    A:GLU 697  : 3 states

  Scoring exhaustively (3 potential combinations)...

  Cluster results:
    A:GLU 697  : Charged (pKa = 3.91)

Working on cluster #79...
    A:GLU 709  : 3 states

  Scoring exhaustively (3 potential combinations)...

  Cluster results:
    A:GLU 709  : Charged (pKa = 4.87)

Working on cluster #80...
    A:GLU 749  : 3 states

  Scoring exhaustively (3 potential combinations)...

  Cluster results:
    A:GLU 749  : Charged (pKa = 4.6)

Working on cluster #81...
    A:ASP 770  : 3 states

  Scoring exhaustively (3 potential combinations)...

  Cluster results:
    A:ASP 770  : Charged (pKa = 4.1)

Working on cluster #82...
    A:GLU 804  : 3 states

  Scoring exhaustively (3 potential combinations)...

  Cluster results:
    A:GLU 804  : Charged (pKa = 4.46)

Working on cluster #83...
    A:ASP 807  : 3 states

  Scoring exhaustively (3 potential combinations)...

  Cluster results:
    A:ASP 807  : Charged (pKa = 3.83)

Working on cluster #84...
    A:GLU 865  : 3 states

  Scoring exhaustively (3 potential combinations)...

  Cluster results:
    A:GLU 865  : Charged (pKa = 4.55)

Working on cluster #85...
    A:GLU 884  : 3 states

  Scoring exhaustively (3 potential combinations)...

  Cluster results:
    A:GLU 884  : Charged (pKa = 4.97)

Working on cluster #86...
    A:ASP 896  : 3 states

  Scoring exhaustively (3 potential combinations)...

  Cluster results:
    A:ASP 896  : Charged (pKa = 5.51)

Working on cluster #87...
    A:GLU 906  : 3 states

  Scoring exhaustively (3 potential combinations)...

  Cluster results:
    A:GLU 906  : Charged (pKa = 6.67)

Working on cluster #88...
    A:ASP 916  : 3 states

  Scoring exhaustively (3 potential combinations)...

  Cluster results:
    A:ASP 916  : Charged (pKa = 3.55)

Working on cluster #89...
    A:GLU 922  : 3 states

  Scoring exhaustively (3 potential combinations)...

  Cluster results:
    A:GLU 922  : Charged (pKa = 4.75)

Working on cluster #90...
    A:GLU 928  : 3 states

  Scoring exhaustively (3 potential combinations)...

  Cluster results:
    A:GLU 928  : Charged (pKa = 4.73)

Working on cluster #91...
    A:GLU 931  : 3 states

  Scoring exhaustively (3 potential combinations)...

  Cluster results:
    A:GLU 931  : Charged (pKa = 4.64)

Working on cluster #92...
    A:ASP 956  : 3 states

  Scoring exhaustively (3 potential combinations)...

  Cluster results:
    A:ASP 956  : Charged (pKa = 4.06)

Working on cluster #93...
    A:GLU 963  : 3 states

  Scoring exhaustively (3 potential combinations)...

  Cluster results:
    A:GLU 963  : Charged (pKa = 4.21)

Working on cluster #94...
    A:GLU 967  : 3 states

  Scoring exhaustively (3 potential combinations)...

  Cluster results:
    A:GLU 967  : Charged (pKa = 4.62)

Working on cluster #95...
    A:ASP 974  : 3 states

  Scoring exhaustively (3 potential combinations)...

  Cluster results:
    A:ASP 974  : Charged (pKa = 4.01)

Working on cluster #96...
    A:ASP 1003  : 3 states

  Scoring exhaustively (3 potential combinations)...

  Cluster results:
    A:ASP 1003  : Charged (pKa = 4.12)

Working on cluster #97...
    A:GLU 1005  : 3 states

  Scoring exhaustively (3 potential combinations)...

  Cluster results:
    A:GLU 1005  : Charged (pKa = 4.56)

Working on cluster #98...
    A:ASP 1006  : 3 states
    A:ASP 1008  : 3 states

  Scoring exhaustively (9 potential combinations)...

  Cluster results:
    A:ASP 1006  : Charged (pKa = 3.67)
    A:ASP 1008  : Charged (pKa = 4.2)

Working on cluster #99...
    A:GLU 1015  : 3 states

  Scoring exhaustively (3 potential combinations)...

  Cluster results:
    A:GLU 1015  : Charged (pKa = 6.59)


Recalculating pKas to identify changes in protonation penalties...
  Running PropKa to get pKas
    No changes in protonation penalties found.

Minimizing hydrogens...

Total score for structure: -133.219914766

Final pKas:
  A:LYS 708  : 11.62
  A:LYS 713  : 10.08
  A:LYS 714  : 11.14
  A:LYS 716  : 9.45
  A:LYS 728  : 10.74
  A:LYS 737  : 11.24
  A:LYS 739  : 10.43
  A:LYS 745  : 12.40
  A:LYS 754  : 11.59
  A:LYS 757  : 12.14
  A:LYS 806  : 10.57
  A:LYS 823  : 9.94
  A:LYS 846  : 11.73
  A:LYS 852  : 10.52
  A:LYS 860  : 8.08
  A:LYS 867  : 11.30
  A:LYS 875  : 10.87
  A:LYS 879  : 10.06
  A:LYS 913  : 10.46
  A:LYS 929  : 10.53
  A:LYS 949  : 10.41
  A:LYS 960  : 10.58
  A:LYS 970  : 10.74
  A:HID 773  : 4.71
  A:HID 805  : 6.55
  A:HID 835  : 6.03
  A:HID 850  : 4.02
  A:HIS 870  : 4.69
  A:HID 888  : 6.25
  A:HID 893  : 5.74
  A:HID 988  : 6.30
  A:TYR 727 : HH  : 10.93
  A:TYR 764 : HH  : 9.54
  A:CYS 775 : HG  : 10.93
  A:CYS 781 : HG  : 10.64
  A:CYS 797 : HG  : 11.06
  A:TYR 801 : HH  : 12.22
  A:TYR 813 : HH  : 11.06
  A:CYS 818 : HG  : 13.04
  A:TYR 827 : HH  : 10.30
  A:TYR 869 : HH  : 10.13
  A:TYR 891 : HH  : 9.74
  A:TYR 900 : HH  : 16.32
  A:TYR 915 : HH  : 12.46
  A:CYS 939 : HG  : 12.26
  A:TYR 944 : HH  : 11.15
  A:CYS 950 : HG  : 12.40
  A:TYR 978 : HH  : 10.36
  A:TYR 998 : HH  : 12.05
  A:TYR 1016 : HH  : 11.40
  A:GLU 697  : 3.91
  A:GLU 709  : 4.87
  A:GLU 711  : 4.46
  A:GLU 734  : 3.52
  A:GLU 736  : 4.17
  A:GLU 746  : 5.35
  A:GLU 749  : 4.60
  A:GLU 758  : 5.76
  A:ASP 761  : 4.18
  A:GLU 762  : 6.39
  A:ASP 770  : 4.10
  A:ASP 800  : 3.29
  A:GLU 804  : 4.46
  A:ASP 807  : 3.83
  A:GLU 829  : 4.65
  A:ASP 830  : 4.30
  A:ASP 837  : 4.80
  A:ASP 855  : 2.53
  A:GLU 865  : 4.55
  A:GLU 866  : 3.30
  A:GLU 868  : 2.43
  A:GLU 872  : 4.58
  A:GLU 884  : 4.97
  A:ASP 896  : 5.52
  A:GLU 906  : 6.67
  A:ASP 916  : 3.55
  A:GLU 922  : 4.75
  A:GLU 928  : 4.73
  A:GLU 931  : 4.64
  A:ASP 942  : 3.95
  A:ASP 954  : 3.62
  A:ASP 956  : 4.06
  A:GLU 963  : 4.21
  A:GLU 967  : 4.62
  A:ASP 974  : 4.01
  A:ASP 984  : 4.17
  A:GLU 985  : 4.48
  A:ASP 994  : 2.09
  A:ASP 1003  : 4.12
  A:GLU 1004  : 3.82
  A:GLU 1005  : 4.56
  A:ASP 1006  : 3.67
  A:ASP 1008  : 4.20
  A:ASP 1009  : 3.30
  A:ASP 1012  : 5.06
  A:ASP 1014  : 0.95
  A:GLU 1015  : 6.59
Structure extracted from file: 2ITZ-protassign.mae
Output structure will be written to: 2ITZ-protassign-out.mae

Complete. Output file: 2ITZ-protassign-out.mae
