
** Heavy-atom coordinates will be fixed: maxlevel set to 0
  **
  ** Beginning refinement level 0
  **

%IMPACT-I (openwt): Request to open FORMATTED file 4ZAU-impref_ref0.out on unit   2
 Entering IMPACT execution environment 
 Date: Monday, October 02 2017, at 16:40:26 EDT
 Impact version 76016
 mmshare version        39016
 Copyright (c) Schrodinger, LLC.
 All Rights Reserved.

 Host: Linux ls04 3.10.0-514.21.2.el7.x86_64 #1 SMP Tue Jun 20 12:24:47 UTC 2017 x86_64
 Job Name: 4ZAU-impref_ref0
 SCHRODINGER  directory: /data/chodera/schrodinger/schrodinger2017-3-advanced
 IMPACT_EXEC  directory: /data/chodera/schrodinger/schrodinger2017-3-advanced/impact-v7.6/bin/Linux-x86_64
 MMSHARE_EXEC directory: /data/chodera/schrodinger/schrodinger2017-3-advanced/mmshare-v3.9/bin/Linux-x86_64

 Clock-based global random seed:     1506976826
%IMPACT-I(foldmain): calling OPLS3 atomtyping ...
%IMPACT-I(foldmain): finished parameter assignment
 PARM read from file "paramstd.dat"
 Parameter obtained from atomtyping
      Current coord. are written to file: "4ZAU-impref.init_coord.rst"
      Box dimensions not written


 Total number of atoms  =  4866
 
 Neighbor List Cutoff Settings
 ==================================
 Cutoff radius:   10.0000000000000     
 Update frequency: every           10  steps
 Species   1 : Neighbors are calculated on a per residue basis
 Species   1 : Cutoff by inter-atomic distances
 
 Step number:          0         Non-bonded count:  1169374
 E-pot        RMS grad     Max grad    
  1.82388E+16  2.23308E+16  1.79060E+18
 Step number:         10         Non-bonded count:  1169374
 -3.83909E+03  1.59987E+01  9.35895E+02
 Step number:         20         Non-bonded count:  1169374
 -5.25411E+03  7.61972E+00  4.95317E+02
 Step number:         30         Non-bonded count:  1169374
 -5.73471E+03  2.14357E+00  7.18227E+01
 Step number:         40         Non-bonded count:  1169374
 -5.83408E+03  1.20300E+00  5.29804E+01
 Step number:         50         Non-bonded count:  1169374
 -5.89548E+03  1.09571E+00  4.25601E+01
 Step number:         60         Non-bonded count:  1169374
 -5.97363E+03  6.26763E-01  2.68029E+01
 Step number:         70         Non-bonded count:  1169374
 -5.98795E+03  6.05076E-01  2.39459E+01
 Step number:         80         Non-bonded count:  1169374
 -5.99721E+03  4.02519E-01  1.89399E+01
 Step number:         90         Non-bonded count:  1169374
 -6.00302E+03  3.22436E-01  1.57667E+01
 Step number:        100         Non-bonded count:  1169374
 -6.00669E+03  3.62501E-01  1.80356E+01
 Step number:        100         Non-bonded count:  1169374
 -6.00669E+03  3.62501E-01  1.80356E+01
      Current coord. are written to file: "4ZAU-impref.min0_coord.rst"
      Box dimensions not written
      Current coordinates are read from file: "4ZAU-impref.init_coord.rst"
      Box dimensions not read
          read from "4ZAU-impref.init_coord.rst"
  
 Energy and Force Generation Info: 
 --------------------------------- 
 Number of E&F called:     307
 PARM read from file "paramstd.dat"
 Parameter obtained from atomtyping
      Current coordinates are read from file: "4ZAU-impref.min0_coord.rst"
      Box dimensions not read
          read from "4ZAU-impref.min0_coord.rst"


 Total number of atoms  =  4866
 
 Neighbor List Cutoff Settings
 ==================================
 Cutoff radius:   10.0000000000000     
 Update frequency: every           10  steps
 Species   1 : Neighbors are calculated on a per residue basis
 Species   1 : Cutoff by inter-atomic distances
 
 Step number:          0         Non-bonded count:  1169374
 E-pot        RMS grad     Max grad    
 -5.08870E+03  2.74315E+00  3.13864E+01
 Step number:         10         Non-bonded count:  1169374
 -5.68889E+03  2.36705E+00  1.39971E+02
 Step number:         20         Non-bonded count:  1169374
 -5.74213E+03  7.94160E-01  2.72074E+01
 Step number:         30         Non-bonded count:  1169374
 -5.75898E+03  5.80150E-01  2.43253E+01
 Step number:         40         Non-bonded count:  1169374
 -5.76809E+03  3.81072E-01  1.25322E+01
 Step number:         50         Non-bonded count:  1169374
 -5.77252E+03  2.68649E-01  1.51386E+01
 Step number:         60         Non-bonded count:  1169374
 -5.77543E+03  3.22027E-01  1.56523E+01
 Step number:         70         Non-bonded count:  1169374
 -5.77918E+03  3.02968E-01  1.48181E+01
 Step number:         80         Non-bonded count:  1169374
 -5.78173E+03  2.16171E-01  1.17708E+01
 Step number:         90         Non-bonded count:  1169374
 -5.78303E+03  1.72458E-01  8.07188E+00
 Step number:        100         Non-bonded count:  1169374
 -5.78442E+03  1.58510E-01  6.23790E+00
 Step number:        100         Non-bonded count:  1169374
 -5.78442E+03  1.58510E-01  6.23790E+00
  
 Energy and Force Generation Info: 
 --------------------------------- 
 Number of E&F called:     572


Final Energy Reports:
------------------------------------
 Total Energy of the system...... -5.78442E+03 kcal/mol
 Total Potential Energy.......... -5.78442E+03 kcal/mol
 Total Kinetic Energy............  0.00000E+00 kcal/mol
 Temperature of the system.......        0.000 K
 Bond Stretch Energy.............  3.99331E+02 kcal/mol
 Angle Bending Energy............  9.97527E+02 kcal/mol
 Torsion Angle Energy............  9.00475E+01 kcal/mol
 Restraining Energy for Torsions.  0.00000E+00 kcal/mol
 1,4 Lennard Jones Energy........  5.55641E+02 kcal/mol
 1,4 Electrostatic Energy........ -3.09444E+02 kcal/mol
 Lennard Jones Energy............  1.24552E+02 kcal/mol
 Electrostatic Energy............ -7.64208E+03 kcal/mol
 H-bond Energy...................  0.00000E+00 kcal/mol
 
 Exiting IMPACT execution environment 
 Date: Monday, October 02 2017, at 16:40:55 EDT
%IMPACT-I (timit): Total CPU time =      29.15 seconds (   0.5 minutes)
Total elapsed time = 30 seconds
  ** Completed refinement level 0      rmsd =  0.050

** Refinement finished. Final level: 0

** The refined complex file is 4ZAU-impref_ref.mae.
