
** Heavy-atom coordinates will be fixed: maxlevel set to 0
  **
  ** Beginning refinement level 0
  **

%IMPACT-I (openwt): Request to open FORMATTED file 5L2T-impref_ref0.out on unit   2
 Entering IMPACT execution environment 
 Date: Thursday, December 21 2017, at 18:25:24 EST
 Impact version 77011
 mmshare version        40011
 Copyright (c) Schrodinger, LLC.
 All Rights Reserved.

 Host: Linux ls04 3.10.0-514.21.2.el7.x86_64 #1 SMP Tue Jun 20 12:24:47 UTC 2017 x86_64
 Job Name: 5L2T-impref_ref0
 SCHRODINGER  directory: /data/chodera/schrodinger/schrodinger2017-4-advanced
 IMPACT_EXEC  directory: /data/chodera/schrodinger/schrodinger2017-4-advanced/impact-v7.7/bin/Linux-x86_64
 MMSHARE_EXEC directory: /data/chodera/schrodinger/schrodinger2017-4-advanced/mmshare-v4.0/bin/Linux-x86_64

 Clock-based global random seed:     1513898724
%IMPACT-I(foldmain): calling OPLS3 atomtyping ...
%IMPACT-I(foldmain): finished parameter assignment
 PARM read from file "paramstd.dat"
 Parameter obtained from atomtyping
      Current coord. are written to file: "5L2T-impref.init_coord.rst"
      Box dimensions not written


 Total number of atoms  =  4743
 
 Neighbor List Cutoff Settings
 ==================================
 Cutoff radius:   10.0000000000000     
 Update frequency: every           10  steps
 Species   1 : Neighbors are calculated on a per residue basis
 Species   1 : Cutoff by inter-atomic distances
 
 Step number:          0         Non-bonded count:  1106055
 E-pot        RMS grad     Max grad    
 -7.30636E+03  6.44946E+00  1.57441E+02
 Step number:         10         Non-bonded count:  1106055
 -7.71010E+03  1.02257E+00  2.27008E+01
 Step number:         20         Non-bonded count:  1106055
 -7.77632E+03  5.03758E-01  1.10363E+01
 Step number:         30         Non-bonded count:  1106055
 -7.79946E+03  3.51899E-01  8.42144E+00
 Step number:         40         Non-bonded count:  1106055
 -7.80765E+03  2.05914E-01  4.30853E+00
 Step number:         50         Non-bonded count:  1106055
 -7.81248E+03  1.65562E-01  3.44624E+00
 Step number:         60         Non-bonded count:  1106055
 -7.81614E+03  1.43040E-01  2.59906E+00
 Step number:         70         Non-bonded count:  1106055
 -7.81878E+03  1.20811E-01  2.46419E+00
 Step number:         80         Non-bonded count:  1106055
 -7.82106E+03  1.06530E-01  1.56789E+00
 Step number:         90         Non-bonded count:  1106055
 -7.82290E+03  1.04324E-01  1.36364E+00
 Step number:        100         Non-bonded count:  1106055
 -7.82479E+03  1.19546E-01  1.82672E+00
 Step number:        100         Non-bonded count:  1106055
 -7.82479E+03  1.19546E-01  1.82672E+00
      Current coord. are written to file: "5L2T-impref.min0_coord.rst"
      Box dimensions not written
      Current coordinates are read from file: "5L2T-impref.init_coord.rst"
      Box dimensions not read
          read from "5L2T-impref.init_coord.rst"
  
 Energy and Force Generation Info: 
 --------------------------------- 
 Number of E&F called:     268
 PARM read from file "paramstd.dat"
 Parameter obtained from atomtyping
      Current coordinates are read from file: "5L2T-impref.min0_coord.rst"
      Box dimensions not read
          read from "5L2T-impref.min0_coord.rst"


 Total number of atoms  =  4743
 
 Neighbor List Cutoff Settings
 ==================================
 Cutoff radius:   10.0000000000000     
 Update frequency: every           10  steps
 Species   1 : Neighbors are calculated on a per residue basis
 Species   1 : Cutoff by inter-atomic distances
 
 Step number:          0         Non-bonded count:  1106055
 E-pot        RMS grad     Max grad    
 -6.62868E+03  2.68866E+00  2.69814E+01
 Step number:         10         Non-bonded count:  1106055
 -7.36202E+03  1.72964E+00  2.37278E+01
 Step number:         20         Non-bonded count:  1106055
 -7.50977E+03  7.03654E-01  1.42371E+01
 Step number:         30         Non-bonded count:  1106055
 -7.54631E+03  4.89218E-01  1.48032E+01
 Step number:         40         Non-bonded count:  1106055
 -7.55890E+03  2.52600E-01  8.42948E+00
 Step number:         50         Non-bonded count:  1106055
 -7.56363E+03  1.99298E-01  8.53709E+00
 Step number:         60         Non-bonded count:  1106055
 -7.56654E+03  1.61087E-01  3.76998E+00
 Step number:         70         Non-bonded count:  1106055
 -7.56837E+03  1.38614E-01  3.83229E+00
 Step number:         80         Non-bonded count:  1106055
 -7.56966E+03  1.00585E-01  2.71576E+00
 Step number:         90         Non-bonded count:  1106055
 -7.57077E+03  1.02835E-01  4.35932E+00
 Step number:        100         Non-bonded count:  1106055
 -7.57189E+03  9.14939E-02  1.98779E+00
 Step number:        100         Non-bonded count:  1106055
 -7.57189E+03  9.14939E-02  1.98779E+00
  
 Energy and Force Generation Info: 
 --------------------------------- 
 Number of E&F called:     555


Final Energy Reports:
------------------------------------
 Total Energy of the system...... -7.57189E+03 kcal/mol
 Total Potential Energy.......... -7.57189E+03 kcal/mol
 Total Kinetic Energy............  0.00000E+00 kcal/mol
 Temperature of the system.......        0.000 K
 Bond Stretch Energy.............  7.89076E+00 kcal/mol
 Angle Bending Energy............  2.83704E+02 kcal/mol
 Torsion Angle Energy............  1.01024E+02 kcal/mol
 Restraining Energy for Torsions.  0.00000E+00 kcal/mol
 1,4 Lennard Jones Energy........  4.15965E+02 kcal/mol
 1,4 Electrostatic Energy........ -4.18377E+02 kcal/mol
 Lennard Jones Energy............ -6.95005E+02 kcal/mol
 Electrostatic Energy............ -7.26709E+03 kcal/mol
 H-bond Energy...................  0.00000E+00 kcal/mol
 
 Exiting IMPACT execution environment 
 Date: Thursday, December 21 2017, at 18:25:47 EST
%IMPACT-I (timit): Total CPU time =      21.45 seconds (   0.4 minutes)
Total elapsed time = 24 seconds
  ** Completed refinement level 0      rmsd =  0.092

** Refinement finished. Final level: 0

** The refined complex file is 5L2T-impref_ref.mae.
