
Working on structure 1
Fixing common structure mistakes...
  No mistakes were found
Pre-treating metals...
Done treating metals
Assigning bond orders...
  Using CCD: True
CCD template assignment successfully used for HET "6ZZ "
  Assigned the following bonds (format: atom1, atom2, order): set([(2083, 2080, 2), (2076, 2077, 2), (2078, 2079, 2), (2081, 2082, 2), (2075, 2098, 2), (2085, 2105, 2), (2084, 2097, 2), (2074, 2099, 2)])
Removing and re-adding hydrogens...
Treating metals...
Creating di-sulfur bonds...
Converting Selenomethionines...
Filling missing loops using Prime...
Attempting to build missing loops with Knowledge-Based Methods
    A:   47 -- A:   57   QTGEEGMPL
    A:   84 -- A:   93   VSRTDRET
    A:  167 -- A:  181   RIYSFQMALTSVV
Generating models for each loop... 
Total number of loops: 3
Working on loop 0 - A:47,A:57,QTGEEGMPL
Number of returned models for loop 0 : 2
Working on loop 1 - A:84,A:93,VSRTDRET
Number of returned models for loop 1 : 2
Working on loop 2 - A:167,A:181,RIYSFQMALTSVV
Number of returned models for loop 2 : 2
Combining models from all loops... 
Combination index: [0, 0, 0]
Side chain optimizing...
Minimizing...
Accept model # 0
Detecting missing residue atoms...
Filling missing side chains using Prime...
Prime output file: /lila/home/albaness/PDBfinder/pdbs/Ribociclib-CDK6/fixed/5L2T-fixed/5l2t-missing-side-chains-out.maegz
Finding het groups...
Coloring atoms by element (green carbons in hets)...
Finding het groups (for Epik)...
Processing 1 het groups...
  Using Epik with pH: 7.4
        and pH Range: 0.0
  Max states per het: 32
Running Epik on 1 het groups...
  Waiting for epik...
  Het A:6ZZ (900): keeping all 1 state(s):
    State penalty: -0.00 kcal/mol; H-Bond count: 3.
Running ProtAssign...
  Uses -minimize option in ProtAssign
  Using PROPKA with pH: 7.4
  RUNNING: /data/chodera/schrodinger/schrodinger2017-4-advanced/utilities/protassign 5L2T-protassign.mae 5L2T-protassign-out.mae -NOJOBID -nowater -minimize -propka_pH 7.4
Optimize H-bond job completed.
Deleting non-bridging waters...
  Deleted waters: A:1001, A:1002
Running restrained minimization...
  RMSD: 0.3
  Force field: 3
  hydrogens only
done with preparation
Writing to file...
DONE. Output file: ../5L2T-fixed.pdb
