
** Heavy-atom coordinates will be fixed: maxlevel set to 0
  **
  ** Beginning refinement level 0
  **

%IMPACT-I (openwt): Request to open FORMATTED file 3AOX-impref_ref0.out on unit   2
 Entering IMPACT execution environment 
 Date: Thursday, December 01 2016, at 02:25:26 EST
 Impact version 72014
 mmshare version        35014
 Copyright (c) Schrodinger, LLC.
 All Rights Reserved.

 Host: Linux cc05.local 2.6.32-573.18.1.el6.x86_64 #1 SMP Tue Feb 9 22:46:17 UTC 2016 x86_64
 Job Name: 3AOX-impref_ref0
 SCHRODINGER  directory: /cbio/jclab/share/schrodinger/schrodinger2016-3
 IMPACT_EXEC  directory: /cbio/jclab/share/schrodinger/schrodinger2016-3/impact-v7.2/bin/Linux-x86_64
 MMSHARE_EXEC directory: /cbio/jclab/share/schrodinger/schrodinger2016-3/mmshare-v3.5/bin/Linux-x86_64

 Clock-based global random seed:     1480577125
%IMPACT-I(foldmain): calling OPLS_2005 atomtyping ...
%IMPACT-I(foldmain): finished parameter assignment
 PARM read from file "paramstd.dat"
 Parameter obtained from atomtyping
      Current coord. are written to file: "3AOX-impref.init_coord.rst"
      Box dimensions not written


 Total number of atoms  =  5779
 
 Neighbor List Cutoff Settings
 ==================================
 Cutoff radius:   10.0000000000000     
 Update frequency: every           10  steps
 Species   1 : Neighbors are calculated on a per residue basis
 Species   1 : Cutoff by inter-atomic distances
 
 Step number:          0         Non-bonded count:  1433918
 E-pot        RMS grad     Max grad    
  6.65815E+03  1.14158E+03  8.74489E+04
 Step number:         10         Non-bonded count:  1433918
 -1.71568E+04  2.60779E+00  5.28753E+01
 Step number:         20         Non-bonded count:  1433918
 -1.75218E+04  1.43996E+00  5.60268E+01
 Step number:         30         Non-bonded count:  1433918
 -1.77266E+04  1.52068E+00  3.78905E+01
 Step number:         40         Non-bonded count:  1433918
 -1.78702E+04  1.26147E+00  3.84599E+01
 Step number:         50         Non-bonded count:  1433918
 -1.79620E+04  1.11276E+00  4.01448E+01
 Step number:         60         Non-bonded count:  1433918
 -1.80286E+04  9.52954E-01  4.99160E+01
 Step number:         70         Non-bonded count:  1433918
 -1.80813E+04  6.38183E-01  1.57717E+01
 Step number:         80         Non-bonded count:  1433918
 -1.81107E+04  5.00326E-01  1.96902E+01
 Step number:         90         Non-bonded count:  1433918
 -1.81348E+04  4.91689E-01  1.44330E+01
 Step number:        100         Non-bonded count:  1433918
 -1.81523E+04  4.06241E-01  1.53436E+01
 Step number:        100         Non-bonded count:  1433918
 -1.81523E+04  4.06241E-01  1.53436E+01
      Current coord. are written to file: "3AOX-impref.min0_coord.rst"
      Box dimensions not written
      Current coordinates are read from file: "3AOX-impref.init_coord.rst"
      Box dimensions not read
          read from "3AOX-impref.init_coord.rst"
  
 Energy and Force Generation Info: 
 --------------------------------- 
 Number of E&F called:     337
 PARM read from file "paramstd.dat"
 Parameter obtained from atomtyping
      Current coordinates are read from file: "3AOX-impref.min0_coord.rst"
      Box dimensions not read
          read from "3AOX-impref.min0_coord.rst"


 Total number of atoms  =  5779
 
 Neighbor List Cutoff Settings
 ==================================
 Cutoff radius:   10.0000000000000     
 Update frequency: every           10  steps
 Species   1 : Neighbors are calculated on a per residue basis
 Species   1 : Cutoff by inter-atomic distances
 
 Step number:          0         Non-bonded count:  1433918
 E-pot        RMS grad     Max grad    
 -1.70309E+04  2.47633E+00  3.17474E+01
 Step number:         10         Non-bonded count:  1433918
 -1.76881E+04  1.02027E+00  2.88640E+01
 Step number:         20         Non-bonded count:  1433918
 -1.78082E+04  6.29549E-01  1.74440E+01
 Step number:         30         Non-bonded count:  1433918
 -1.78408E+04  4.07670E-01  1.23754E+01
 Step number:         40         Non-bonded count:  1433918
 -1.78557E+04  3.15262E-01  1.07429E+01
 Step number:         50         Non-bonded count:  1433918
 -1.78650E+04  3.10783E-01  1.00672E+01
 Step number:         60         Non-bonded count:  1433918
 -1.78721E+04  3.01909E-01  7.96567E+00
 Step number:         70         Non-bonded count:  1433918
 -1.78776E+04  2.03331E-01  8.02756E+00
 Step number:         80         Non-bonded count:  1433918
 -1.78822E+04  2.41777E-01  7.22696E+00
 Step number:         90         Non-bonded count:  1433918
 -1.78857E+04  2.15327E-01  7.24272E+00
 Step number:        100         Non-bonded count:  1433918
 -1.78884E+04  1.48938E-01  4.19225E+00
 Step number:        100         Non-bonded count:  1433918
 -1.78884E+04  1.48938E-01  4.19225E+00
  
 Energy and Force Generation Info: 
 --------------------------------- 
 Number of E&F called:     624


Final Energy Reports:
------------------------------------
 Total Energy of the system...... -1.78884E+04 kcal/mol
 Total Potential Energy.......... -1.78884E+04 kcal/mol
 Total Kinetic Energy............  0.00000E+00 kcal/mol
 Temperature of the system.......        0.000 K
 Bond Stretch Energy.............  2.16232E+01 kcal/mol
 Angle Bending Energy............  4.67016E+02 kcal/mol
 Torsion Angle Energy............  1.92345E+02 kcal/mol
 Restraining Energy for Torsions.  0.00000E+00 kcal/mol
 1,4 Lennard Jones Energy........  4.59199E+02 kcal/mol
 1,4 Electrostatic Energy........ -3.87055E+02 kcal/mol
 Lennard Jones Energy............ -6.34068E+02 kcal/mol
 Electrostatic Energy............ -1.80075E+04 kcal/mol
 H-bond Energy...................  0.00000E+00 kcal/mol
 
 Exiting IMPACT execution environment 
 Date: Thursday, December 01 2016, at 02:25:53 EST
%IMPACT-I (timit): Total CPU time =      27.47 seconds (   0.5 minutes)
Total elapsed time = 29 seconds
  ** Completed refinement level 0      rmsd =  0.039

** Refinement finished. Final level: 0

** The refined complex file is 3AOX-impref_ref.mae.
