
Working on structure 1
Fixing common structure mistakes...
  No mistakes were found
Pre-treating metals...
Done treating metals
Assigning bond orders...
  Using CCD: True
CCD template assignment successfully used for HET "6ZV "
  Assigned the following bonds (format: atom1, atom2, order): set([(2094, 2122, 2), (2104, 2098, 2), (2121, 2109, 2), (2096, 2095, 2), (2099, 2108, 2), (2103, 2101, 2), (2092, 2120, 2), (2119, 2102, 2), (2107, 2105, 2), (2106, 2100, 2)])
Removing and re-adding hydrogens...
Treating metals...
Creating di-sulfur bonds...
Converting Selenomethionines...
Filling missing loops using Prime...
Attempting to build missing loops with Knowledge-Based Methods
    A:   47 -- A:   55   QTGEEGM
    A:   84 -- A:   93   VSRTDRET
    A:  167 -- A:  181   RIYSFQMALTSVV
Generating models for each loop... 
Total number of loops: 3
Working on loop 0 - A:47,A:55,QTGEEGM
Number of returned models for loop 0 : 2
Working on loop 1 - A:84,A:93,VSRTDRET
Number of returned models for loop 1 : 2
Working on loop 2 - A:167,A:181,RIYSFQMALTSVV
Number of returned models for loop 2 : 2
Combining models from all loops... 
Combination index: [0, 0, 0]
Side chain optimizing...
Minimizing...
Accept model # 0
Detecting missing residue atoms...
Filling missing side chains using Prime...
Prime output file: /lila/data/chodera/albaness/PDBfinder/pdbs/Abemaciclib-CDK6/fixed/5L2S-fixed/5l2s-missing-side-chains-out.maegz
Finding het groups...
Coloring atoms by element (green carbons in hets)...
Finding het groups (for Epik)...
Processing 1 het groups...
  Using Epik with pH: 7.4
        and pH Range: 0.0
  Max states per het: 32
Running Epik on 1 het groups...
  Waiting for epik...
  Het A:6ZV (900): keeping all 1 state(s):
    State penalty: 0.22 kcal/mol; H-Bond count: 2.
Running ProtAssign...
  Uses -minimize option in ProtAssign
  Using PROPKA with pH: 7.4
  RUNNING: /data/chodera/schrodinger/schrodinger2018-1-advanced/utilities/protassign 5L2S-protassign.mae 5L2S-protassign-out.mae -NOJOBID -nowater -minimize -propka_pH 7.4
Optimize H-bond job completed.
Deleting non-bridging waters...
  Deleted waters: A:1001, A:1002, A:1003, A:1004, A:1005, A:1006, A:1007, A:1008, A:1009, A:1010, A:1011, A:1012, A:1013, A:1014, A:1015, A:1016, A:1017, A:1018, A:1019, A:1020, A:1021
Running restrained minimization...
  RMSD: 0.3
  Force field: 3
  hydrogens only
done with preparation
Writing to file...
DONE. Output file: ../5L2S-fixed.pdb
