
** Heavy-atom coordinates will be fixed: maxlevel set to 0
  **
  ** Beginning refinement level 0
  **

%IMPACT-I (openwt): Request to open FORMATTED file 4AGC-impref_ref0.out on unit   2
 Entering IMPACT execution environment 
 Date: Wednesday, November 30 2016, at 23:52:17 EST
 Impact version 72014
 mmshare version        35014
 Copyright (c) Schrodinger, LLC.
 All Rights Reserved.

 Host: Linux cc05.local 2.6.32-573.18.1.el6.x86_64 #1 SMP Tue Feb 9 22:46:17 UTC 2016 x86_64
 Job Name: 4AGC-impref_ref0
 SCHRODINGER  directory: /cbio/jclab/share/schrodinger/schrodinger2016-3
 IMPACT_EXEC  directory: /cbio/jclab/share/schrodinger/schrodinger2016-3/impact-v7.2/bin/Linux-x86_64
 MMSHARE_EXEC directory: /cbio/jclab/share/schrodinger/schrodinger2016-3/mmshare-v3.5/bin/Linux-x86_64

 Clock-based global random seed:     1480567937
%IMPACT-I(foldmain): calling OPLS_2005 atomtyping ...
%IMPACT-I(foldmain): finished parameter assignment
 PARM read from file "paramstd.dat"
 Parameter obtained from atomtyping
      Current coord. are written to file: "4AGC-impref.init_coord.rst"
      Box dimensions not written


 Total number of atoms  =  5618
 
 Neighbor List Cutoff Settings
 ==================================
 Cutoff radius:   10.0000000000000     
 Update frequency: every           10  steps
 Species   1 : Neighbors are calculated on a per residue basis
 Species   1 : Cutoff by inter-atomic distances
 
 Step number:          0         Non-bonded count:  1370490
 E-pot        RMS grad     Max grad    
  3.64429E+03  1.01019E+03  9.23530E+04
 Step number:         10         Non-bonded count:  1370490
 -1.36117E+04  1.57611E+00  4.70166E+01
 Step number:         20         Non-bonded count:  1370490
 -1.38580E+04  1.18789E+00  1.96663E+01
 Step number:         30         Non-bonded count:  1370490
 -1.39794E+04  9.54226E-01  3.40194E+01
 Step number:         40         Non-bonded count:  1370490
 -1.40504E+04  8.65936E-01  1.80197E+01
 Step number:         50         Non-bonded count:  1370490
 -1.40928E+04  7.66355E-01  1.94759E+01
 Step number:         60         Non-bonded count:  1370490
 -1.41254E+04  7.14707E-01  2.36874E+01
 Step number:         70         Non-bonded count:  1370490
 -1.41525E+04  5.51612E-01  1.75980E+01
 Step number:         80         Non-bonded count:  1370490
 -1.41747E+04  4.46018E-01  1.73336E+01
 Step number:         90         Non-bonded count:  1370490
 -1.41941E+04  4.60019E-01  1.66852E+01
 Step number:        100         Non-bonded count:  1370490
 -1.42063E+04  4.29800E-01  1.34325E+01
 Step number:        100         Non-bonded count:  1370490
 -1.42063E+04  4.29800E-01  1.34325E+01
      Current coord. are written to file: "4AGC-impref.min0_coord.rst"
      Box dimensions not written
      Current coordinates are read from file: "4AGC-impref.init_coord.rst"
      Box dimensions not read
          read from "4AGC-impref.init_coord.rst"
  
 Energy and Force Generation Info: 
 --------------------------------- 
 Number of E&F called:     290
 PARM read from file "paramstd.dat"
 Parameter obtained from atomtyping
      Current coordinates are read from file: "4AGC-impref.min0_coord.rst"
      Box dimensions not read
          read from "4AGC-impref.min0_coord.rst"


 Total number of atoms  =  5618
 
 Neighbor List Cutoff Settings
 ==================================
 Cutoff radius:   10.0000000000000     
 Update frequency: every           10  steps
 Species   1 : Neighbors are calculated on a per residue basis
 Species   1 : Cutoff by inter-atomic distances
 
 Step number:          0         Non-bonded count:  1370490
 E-pot        RMS grad     Max grad    
 -1.28587E+04  2.88468E+00  3.00700E+01
 Step number:         10         Non-bonded count:  1370490
 -1.37009E+04  1.21510E+00  4.47459E+01
 Step number:         20         Non-bonded count:  1370490
 -1.38553E+04  6.92612E-01  1.41155E+01
 Step number:         30         Non-bonded count:  1370490
 -1.39064E+04  5.15735E-01  1.45305E+01
 Step number:         40         Non-bonded count:  1370490
 -1.39249E+04  4.57217E-01  2.18696E+01
 Step number:         50         Non-bonded count:  1370490
 -1.39366E+04  2.00117E-01  9.67812E+00
 Step number:         60         Non-bonded count:  1370490
 -1.39402E+04  1.93761E-01  6.79575E+00
 Step number:         70         Non-bonded count:  1370490
 -1.39431E+04  1.74069E-01  6.53136E+00
 Step number:         80         Non-bonded count:  1370490
 -1.39455E+04  1.59677E-01  5.42041E+00
 Step number:         90         Non-bonded count:  1370490
 -1.39481E+04  2.22754E-01  7.48285E+00
 Step number:        100         Non-bonded count:  1370490
 -1.39518E+04  1.52039E-01  3.43535E+00
 Step number:        100         Non-bonded count:  1370490
 -1.39518E+04  1.52039E-01  3.43535E+00
  
 Energy and Force Generation Info: 
 --------------------------------- 
 Number of E&F called:     575


Final Energy Reports:
------------------------------------
 Total Energy of the system...... -1.39518E+04 kcal/mol
 Total Potential Energy.......... -1.39518E+04 kcal/mol
 Total Kinetic Energy............  0.00000E+00 kcal/mol
 Temperature of the system.......        0.000 K
 Bond Stretch Energy.............  1.98310E+01 kcal/mol
 Angle Bending Energy............  4.27957E+02 kcal/mol
 Torsion Angle Energy............  1.44447E+02 kcal/mol
 Restraining Energy for Torsions.  0.00000E+00 kcal/mol
 1,4 Lennard Jones Energy........  4.64345E+02 kcal/mol
 1,4 Electrostatic Energy........ -4.18335E+02 kcal/mol
 Lennard Jones Energy............ -4.37238E+02 kcal/mol
 Electrostatic Energy............ -1.41528E+04 kcal/mol
 H-bond Energy...................  0.00000E+00 kcal/mol
 
 Exiting IMPACT execution environment 
 Date: Wednesday, November 30 2016, at 23:52:42 EST
%IMPACT-I (timit): Total CPU time =      24.92 seconds (   0.4 minutes)
Total elapsed time = 26 seconds
  ** Completed refinement level 0      rmsd =  0.055

** Refinement finished. Final level: 0

** The refined complex file is 4AGC-impref_ref.mae.
