
Working on structure 1
Fixing common structure mistakes...
  No mistakes were found
Pre-treating metals...
Done treating metals
Assigning bond orders...
  Using CCD: True
CCD template assignment successfully used for HET "0LI "
CCD template assignment successfully used for HET "EDO "
CCD template assignment successfully used for HET "EDO "
CCD template assignment successfully used for HET "0LI "
  Assigned the following bonds (format: atom1, atom2, order): set([(2394, 2373, 2), (2432, 2431, 2), (2434, 2416, 2), (2440, 2419, 2), (2393, 2372, 2), (2389, 2390, 2), (2427, 2428, 2), (2413, 2417, 2), (2366, 2370, 2), (2363, 2383, 2), (2378, 2379, 2), (2441, 2420, 2), (2425, 2426, 2), (2415, 2414, 2), (2365, 2386, 3), (2436, 2437, 2), (2392, 2371, 2), (2412, 2433, 3), (2385, 2384, 2), (2380, 2381, 2), (2410, 2430, 2), (2387, 2369, 2), (2368, 2367, 2), (2439, 2418, 2)])
Removing and re-adding hydrogens...
Treating metals...
Creating di-sulfur bonds...
Converting Selenomethionines...
Filling missing loops using Prime...
Attempting to build missing loops with Knowledge-Based Methods
    A:  720 -- A:  732   KAAEGAPGDGQ
Generating models for each loop... 
Total number of loops: 1
Working on loop 0 - A:720,A:732,KAAEGAPGDGQ
Number of returned models for loop 0 : 2
Combining models from all loops... 
Combination index: [0]
Side chain optimizing...
Minimizing...
Accept model # 0
Detecting missing residue atoms...
Filling missing side chains using Prime...
Prime output file: /lila/home/albaness/PDBfinder/pdbs/Ponatinib-DDR1/fixed/3ZOS-fixed/3zos-missing-side-chains-out.maegz
Finding het groups...
Coloring atoms by element (green carbons in hets)...
Finding het groups (for Epik)...
Processing 4 het groups...
  Using Epik with pH: 7.4
        and pH Range: 0.0
  Max states per het: 32
Running Epik on 4 het groups...
  Waiting for epik...
  Het A:0LI (1000): keeping all 1 state(s):
    State penalty: -0.00 kcal/mol; H-Bond count: 3.
  Het A:EDO (1001): keeping all 1 state(s):
    State penalty: -0.00 kcal/mol; H-Bond count: 0.
  Het A:EDO (1002): keeping all 1 state(s):
    State penalty: -0.00 kcal/mol; H-Bond count: 1.
  Het A:0LI (1004): keeping all 1 state(s):
    State penalty: -0.00 kcal/mol; H-Bond count: 1.
Running ProtAssign...
  Uses -minimize option in ProtAssign
  Using PROPKA with pH: 7.4
  RUNNING: /data/chodera/schrodinger/schrodinger2017-3-advanced/utilities/protassign 3ZOS-protassign.mae 3ZOS-protassign-out.mae -NOJOBID -nowater -minimize -propka_pH 7.4
Optimize H-bond job completed.
Deleting non-bridging waters...
  Deleted waters: A:2001, A:2002, A:2003, A:2004, A:2005, A:2006, A:2007, A:2008, A:2009, A:2010, A:2011, A:2012, A:2013, A:2014, A:2015, A:2016, A:2017, A:2018, A:2019, A:2020, A:2021, A:2022, A:2023, A:2024, A:2025, A:2026, A:2027, A:2028, A:2029, A:2030, A:2031, A:2032, A:2033, A:2034, A:2035, A:2036, A:2037, A:2038, A:2039, A:2040, A:2041, A:2042, A:2043, A:2044, A:2045, A:2046, A:2047, A:2048, A:2049, A:2050, A:2051, A:2052, A:2053, A:2054, A:2055, A:2056, A:2057, A:2058, A:2059, A:2060, A:2061, A:2062, A:2063, A:2064, A:2065, A:2066, A:2067, A:2068, A:2069, A:2070, A:2071, A:2072, A:2073, A:2074, A:2075, A:2076, A:2077, A:2078, A:2079, A:2080, A:2081, A:2082, A:2083, A:2084, A:2085, A:2086, A:2087, A:2088, A:2089, A:2090, A:2091, A:2092, A:2093, A:2094, A:2095, A:2096, A:2097, A:2098, A:2099, A:2100, A:2101, A:2102, A:2103, A:2104, A:2105, A:2106, A:2107, A:2108, A:2109, A:2110, A:2111, A:2112, A:2113, A:2114, A:2115, A:2116, A:2117, A:2118, A:2119, A:2120, A:2121, A:2122, A:2123, A:2124, A:2125, A:2126, A:2127, A:2128, A:2129, A:2130, A:2131, A:2132, A:2133, A:2134, A:2135, A:2136, A:2137, A:2138, A:2139, A:2140, A:2141, A:2142, A:2143, A:2144, A:2145, A:2146, A:2147, A:2148, A:2149, A:2150, A:2151, A:2152, A:2153, A:2154, A:2155, A:2156, A:2157, A:2158, A:2159, A:2160, A:2161, A:2162, A:2163, A:2164, A:2165, A:2166, A:2167, A:2168, A:2169, A:2170, A:2171
Running restrained minimization...
  RMSD: 0.3
  Force field: 3
  hydrogens only
done with preparation
Writing to file...
DONE. Output file: ../3ZOS-fixed.pdb
