
** Heavy-atom coordinates will be fixed: maxlevel set to 0
  **
  ** Beginning refinement level 0
  **

%IMPACT-I (openwt): Request to open FORMATTED file 2YFX-impref_ref0.out on unit   2
 Entering IMPACT execution environment 
 Date: Thursday, December 01 2016, at 00:19:34 EST
 Impact version 72014
 mmshare version        35014
 Copyright (c) Schrodinger, LLC.
 All Rights Reserved.

 Host: Linux cc05.local 2.6.32-573.18.1.el6.x86_64 #1 SMP Tue Feb 9 22:46:17 UTC 2016 x86_64
 Job Name: 2YFX-impref_ref0
 SCHRODINGER  directory: /cbio/jclab/share/schrodinger/schrodinger2016-3
 IMPACT_EXEC  directory: /cbio/jclab/share/schrodinger/schrodinger2016-3/impact-v7.2/bin/Linux-x86_64
 MMSHARE_EXEC directory: /cbio/jclab/share/schrodinger/schrodinger2016-3/mmshare-v3.5/bin/Linux-x86_64

 Clock-based global random seed:     1480569573
%IMPACT-I(foldmain): calling OPLS_2005 atomtyping ...
%IMPACT-I(foldmain): finished parameter assignment
 PARM read from file "paramstd.dat"
 Parameter obtained from atomtyping
      Current coord. are written to file: "2YFX-impref.init_coord.rst"
      Box dimensions not written


 Total number of atoms  =  5590
 
 Neighbor List Cutoff Settings
 ==================================
 Cutoff radius:   10.0000000000000     
 Update frequency: every           10  steps
 Species   1 : Neighbors are calculated on a per residue basis
 Species   1 : Cutoff by inter-atomic distances
 
 Step number:          0         Non-bonded count:  1359117
 E-pot        RMS grad     Max grad    
 -6.83838E+02  6.30408E+02  2.45474E+04
 Step number:         10         Non-bonded count:  1359117
 -1.65748E+04  2.18443E+00  5.97748E+01
 Step number:         20         Non-bonded count:  1359117
 -1.69174E+04  1.86073E+00  9.98504E+01
 Step number:         30         Non-bonded count:  1359117
 -1.71391E+04  1.48997E+00  8.65025E+01
 Step number:         40         Non-bonded count:  1359117
 -1.72599E+04  1.15465E+00  3.12106E+01
 Step number:         50         Non-bonded count:  1359117
 -1.73472E+04  9.39312E-01  1.91299E+01
 Step number:         60         Non-bonded count:  1359117
 -1.74088E+04  8.01314E-01  2.93275E+01
 Step number:         70         Non-bonded count:  1359117
 -1.74476E+04  7.95386E-01  4.47513E+01
 Step number:         80         Non-bonded count:  1359117
 -1.74734E+04  5.32191E-01  2.38223E+01
 Step number:         90         Non-bonded count:  1359117
 -1.74934E+04  4.19350E-01  8.21536E+00
 Step number:        100         Non-bonded count:  1359117
 -1.75097E+04  3.95785E-01  1.16587E+01
 Step number:        100         Non-bonded count:  1359117
 -1.75097E+04  3.95785E-01  1.16587E+01
      Current coord. are written to file: "2YFX-impref.min0_coord.rst"
      Box dimensions not written
      Current coordinates are read from file: "2YFX-impref.init_coord.rst"
      Box dimensions not read
          read from "2YFX-impref.init_coord.rst"
  
 Energy and Force Generation Info: 
 --------------------------------- 
 Number of E&F called:     343
 PARM read from file "paramstd.dat"
 Parameter obtained from atomtyping
      Current coordinates are read from file: "2YFX-impref.min0_coord.rst"
      Box dimensions not read
          read from "2YFX-impref.min0_coord.rst"


 Total number of atoms  =  5590
 
 Neighbor List Cutoff Settings
 ==================================
 Cutoff radius:   10.0000000000000     
 Update frequency: every           10  steps
 Species   1 : Neighbors are calculated on a per residue basis
 Species   1 : Cutoff by inter-atomic distances
 
 Step number:          0         Non-bonded count:  1359117
 E-pot        RMS grad     Max grad    
 -1.64172E+04  2.50364E+00  3.12987E+01
 Step number:         10         Non-bonded count:  1359117
 -1.70726E+04  1.47138E+00  4.11799E+01
 Step number:         20         Non-bonded count:  1359117
 -1.71737E+04  7.51741E-01  3.30347E+01
 Step number:         30         Non-bonded count:  1359117
 -1.72088E+04  4.49994E-01  9.56042E+00
 Step number:         40         Non-bonded count:  1359117
 -1.72204E+04  3.17978E-01  8.09336E+00
 Step number:         50         Non-bonded count:  1359117
 -1.72287E+04  3.87511E-01  1.40026E+01
 Step number:         60         Non-bonded count:  1359117
 -1.72381E+04  3.07435E-01  1.14040E+01
 Step number:         70         Non-bonded count:  1359117
 -1.72438E+04  2.77209E-01  8.47743E+00
 Step number:         80         Non-bonded count:  1359117
 -1.72498E+04  2.59223E-01  9.44955E+00
 Step number:         90         Non-bonded count:  1359117
 -1.72536E+04  1.64449E-01  4.63715E+00
 Step number:        100         Non-bonded count:  1359117
 -1.72565E+04  1.78633E-01  5.66759E+00
 Step number:        100         Non-bonded count:  1359117
 -1.72565E+04  1.78633E-01  5.66759E+00
  
 Energy and Force Generation Info: 
 --------------------------------- 
 Number of E&F called:     614


Final Energy Reports:
------------------------------------
 Total Energy of the system...... -1.72565E+04 kcal/mol
 Total Potential Energy.......... -1.72565E+04 kcal/mol
 Total Kinetic Energy............  0.00000E+00 kcal/mol
 Temperature of the system.......        0.000 K
 Bond Stretch Energy.............  4.26437E+01 kcal/mol
 Angle Bending Energy............  5.26350E+02 kcal/mol
 Torsion Angle Energy............  1.76748E+02 kcal/mol
 Restraining Energy for Torsions.  0.00000E+00 kcal/mol
 1,4 Lennard Jones Energy........  4.74346E+02 kcal/mol
 1,4 Electrostatic Energy........ -3.91277E+02 kcal/mol
 Lennard Jones Energy............ -3.02020E+02 kcal/mol
 Electrostatic Energy............ -1.77832E+04 kcal/mol
 H-bond Energy...................  0.00000E+00 kcal/mol
 
 Exiting IMPACT execution environment 
 Date: Thursday, December 01 2016, at 00:20:00 EST
%IMPACT-I (timit): Total CPU time =      26.04 seconds (   0.4 minutes)
Total elapsed time = 28 seconds
  ** Completed refinement level 0      rmsd =  0.031

** Refinement finished. Final level: 0

** The refined complex file is 2YFX-impref_ref.mae.
