  Running PropKa to get pKas

Clusters to optimize:
    Cluster 1:
        A:GLN 153 
        A:HID 151 
    Cluster 2:
        A:ASN 163 
    Cluster 3:
        A:GLN 165 
    Cluster 4:
        A:ASN 229 
    Cluster 5:
        B:GLN 153 
    Cluster 6:
        B:ASN 163 
    Cluster 7:
        B:GLN 165 
    Cluster 8:
        B:GLN 201 
        B:GLU 220 
    Cluster 9:
        B:ASN 229 
    Cluster 10:
        A:GLN 201 
    Cluster 11:
        A:LYS 154 
    Cluster 12:
        A:LYS 164 
    Cluster 13:
        A:LYS 182 
        A:ASP 179 
        A:THR 176 : HG1
    Cluster 14:
        A:LYS 183 
    Cluster 15:
        A:LYS 206 
        A:ASP 202 
    Cluster 16:
        B:LYS 154 
    Cluster 17:
        B:LYS 164 
    Cluster 18:
        B:LYS 182 
    Cluster 19:
        B:LYS 183 
    Cluster 20:
        B:LYS 206 
    Cluster 21:
        A:LYS 205 
    Cluster 22:
        B:LYS 205 
    Cluster 23:
        A:HID 223 
        A:GLU 221 
    Cluster 24:
        B:HID 151 
        B:SER 150 : HG 
    Cluster 25:
        B:HID 223 
    Cluster 26:
        B:HID 235 
    Cluster 27:
        A:THR 167 : HG1
    Cluster 28:
        A:CYS 173 : HG 
        A:ASP 213 
        A:SER 215 : HG 
    Cluster 29:
        A:SER 180 : HG 
    Cluster 30:
        A:CYS 194 : HG 
        A:CYS 195 : HG 
    Cluster 31:
        A:TYR 198 : HH 
        B:GLU 225 
        A:GLU 225 
        B:TYR 198 : HH 
    Cluster 32:
        A:THR 212 : HG1
    Cluster 33:
        A:THR 218 : HG1
    Cluster 34:
        A:THR 233 : HG1
        B:ASP 213 
        B:SER 215 : HG 
        B:CYS 173 : HG 
    Cluster 35:
        B:THR 167 : HG1
    Cluster 36:
        B:THR 176 : HG1
        B:ASP 179 
    Cluster 37:
        B:SER 180 : HG 
    Cluster 38:
        B:CYS 194 : HG 
        B:CYS 195 : HG 
    Cluster 39:
        B:THR 212 : HG1
    Cluster 40:
        B:THR 218 : HG1
    Cluster 41:
        B:THR 233 : HG1
    Cluster 42:
        B:THR 234 : HG1
    Cluster 43:
        A:GLU 193 
    Cluster 44:
        A:GLU 204 
    Cluster 45:
        A:ASP 211 
    Cluster 46:
        A:GLU 220 
    Cluster 47:
        A:GLU 228 
    Cluster 48:
        B:GLU 193 
    Cluster 49:
        B:ASP 202 
    Cluster 50:
        B:ASP 211 
    Cluster 51:
        B:GLU 221 
    Cluster 52:
        B:GLU 228 
    Cluster 53:
        B:GLU 204 

Working on cluster #1...
    A:GLN 153  : 2 states
    A:HID 151  : 6 states

  Scoring exhaustively (12 potential combinations)...

  Cluster results:
    A:GLN 153  : Flip
    A:HID 151  : HIE (pKa = 7.68)

Working on cluster #2...
    A:ASN 163  : 2 states

  Scoring exhaustively (2 potential combinations)...

  Cluster results:
    A:ASN 163  : Flip

Working on cluster #3...
    A:GLN 165  : 2 states

  Scoring exhaustively (2 potential combinations)...
    No valid conformations found. Trying again with less strict requirements.
    No valid conformations found. Trying again with less strict requirements.

  Cluster results:
    A:GLN 165  : No Flip

Working on cluster #4...
    A:ASN 229  : 2 states

  Scoring exhaustively (2 potential combinations)...

  Cluster results:
    A:ASN 229  : Flip

Working on cluster #5...
    B:GLN 153  : 2 states

  Scoring exhaustively (2 potential combinations)...

  Cluster results:
    B:GLN 153  : No Flip

Working on cluster #6...
    B:ASN 163  : 2 states

  Scoring exhaustively (2 potential combinations)...

  Cluster results:
    B:ASN 163  : Flip

Working on cluster #7...
    B:GLN 165  : 2 states

  Scoring exhaustively (2 potential combinations)...
    No valid conformations found. Trying again with less strict requirements.
    No valid conformations found. Trying again with less strict requirements.

  Cluster results:
    B:GLN 165  : No Flip

Working on cluster #8...
    B:GLN 201  : 2 states
    B:GLU 220  : 3 states

  Scoring exhaustively (6 potential combinations)...

  Cluster results:
    B:GLN 201  : Flip
    B:GLU 220  : Charged (pKa = 4.7)

Working on cluster #9...
    B:ASN 229  : 2 states

  Scoring exhaustively (2 potential combinations)...

  Cluster results:
    B:ASN 229  : Flip

Working on cluster #10...
    A:GLN 201  : 2 states

  Scoring exhaustively (2 potential combinations)...

  Cluster results:
    A:GLN 201  : No Flip

Working on cluster #11...
    A:LYS 154  : 12 states

  Scoring exhaustively (12 potential combinations)...

  Cluster results:
    A:LYS 154  : Stagger (pKa = 10.41)

Working on cluster #12...
    A:LYS 164  : 12 states

  Scoring exhaustively (12 potential combinations)...

  Cluster results:
    A:LYS 164  : Orientation 1/2 (pKa = 10.45)

Working on cluster #13...
    A:LYS 182  : 8 states
    A:ASP 179  : 3 states
    A:THR 176 : HG1 : 12 states

  Scoring exhaustively (288 potential combinations)...

  Cluster results:
    A:LYS 182  : Stagger (pKa = 11.26)
    A:ASP 179  : Charged (pKa = 2.73)
    A:THR 176 : HG1 : Default 11/12

Working on cluster #14...
    A:LYS 183  : 16 states

  Scoring exhaustively (16 potential combinations)...
    No valid conformations found. Trying again with less strict requirements.

  Cluster results:
    A:LYS 183  : Stagger (pKa = 10.31)

Working on cluster #15...
    A:LYS 206  : 12 states
    A:ASP 202  : 3 states

  Scoring exhaustively (36 potential combinations)...

  Cluster results:
    A:LYS 206  : Orientation 1/2 (pKa = 11.32)
    A:ASP 202  : Charged (pKa = 2.56)

Working on cluster #16...
    B:LYS 154  : 12 states

  Scoring exhaustively (12 potential combinations)...

  Cluster results:
    B:LYS 154  : Orientation 1/2 (pKa = 10.41)

Working on cluster #17...
    B:LYS 164  : 8 states

  Scoring exhaustively (8 potential combinations)...

  Cluster results:
    B:LYS 164  : Orientation 1/1 (pKa = 10.44)

Working on cluster #18...
    B:LYS 182  : 12 states

  Scoring exhaustively (12 potential combinations)...

  Cluster results:
    B:LYS 182  : Stagger (pKa = 10.58)

Working on cluster #19...
    B:LYS 183  : 12 states

  Scoring exhaustively (12 potential combinations)...

  Cluster results:
    B:LYS 183  : Stagger (pKa = 10.35)

Working on cluster #20...
    B:LYS 206  : 16 states

  Scoring exhaustively (16 potential combinations)...

  Cluster results:
    B:LYS 206  : Orientation 1/3 (pKa = 10.57)

Working on cluster #21...
    A:LYS 205  : 12 states

  Scoring exhaustively (12 potential combinations)...

  Cluster results:
    A:LYS 205  : Orientation 1/2 (pKa = 10.19)

Working on cluster #22...
    B:LYS 205  : 8 states

  Scoring exhaustively (8 potential combinations)...

  Cluster results:
    B:LYS 205  : Stagger (pKa = 10.44)

Working on cluster #23...
    A:HID 223  : 6 states
    A:GLU 221  : 3 states

  Scoring exhaustively (18 potential combinations)...

  Cluster results:
    A:HID 223  : HID (pKa = 5.57)
    A:GLU 221  : Charged (pKa = 4.29)

Working on cluster #24...
    B:HID 151  : 6 states
    B:SER 150 : HG  : 6 states

  Scoring exhaustively (36 potential combinations)...

  Cluster results:
    B:HID 151  : HIE (pKa = 5.89)
    B:SER 150 : HG  : Orientation 1/6 (pKa = 7.77)

Working on cluster #25...
    B:HID 223  : 6 states

  Scoring exhaustively (6 potential combinations)...

  Cluster results:
    B:HID 223  : Flip HID (pKa = 5.49)

Working on cluster #26...
    B:HID 235  : 6 states

  Scoring exhaustively (6 potential combinations)...

  Cluster results:
    B:HID 235  : HIE (pKa = 6.18)

Working on cluster #27...
    A:THR 167 : HG1 : 8 states

  Scoring exhaustively (8 potential combinations)...

  Cluster results:
    A:THR 167 : HG1 : Stagger 2 7/8

Working on cluster #28...
    A:CYS 173 : HG  : 6 states
    A:ASP 213  : 3 states
    A:SER 215 : HG  : 8 states

  Scoring exhaustively (144 potential combinations)...

  Cluster results:
    A:CYS 173 : HG  : Stagger 1 3/5 (pKa = 8.86)
    A:ASP 213  : Charged (pKa = 2.37)
    A:SER 215 : HG  : Orientation 1/8

Working on cluster #29...
    A:SER 180 : HG  : 7 states

  Scoring exhaustively (7 potential combinations)...

  Cluster results:
    A:SER 180 : HG  : Orientation 2/7

Working on cluster #30...
    A:CYS 194 : HG  : 10 states
    A:CYS 195 : HG  : 7 states

  Scoring exhaustively (70 potential combinations)...

  Cluster results:
    A:CYS 194 : HG  : Stagger 2 8/9 (pKa = 8.63)
    A:CYS 195 : HG  : Stagger 1 4/6 (pKa = 12.04)

Working on cluster #31...
    A:TYR 198 : HH  : 7 states
    B:GLU 225  : 3 states
    A:GLU 225  : 3 states
    B:TYR 198 : HH  : 7 states

  Scoring exhaustively (441 potential combinations)...

  Cluster results:
    A:TYR 198 : HH  : Orientation 2/6 (pKa = 15.4)
    B:GLU 225  : Charged (pKa = 5.32)
    A:GLU 225  : Charged (pKa = 5.17)
    B:TYR 198 : HH  : Orientation 2/6 (pKa = 13.2)

Working on cluster #32...
    A:THR 212 : HG1 : 9 states

  Scoring exhaustively (9 potential combinations)...

  Cluster results:
    A:THR 212 : HG1 : Orientation 1/9

Working on cluster #33...
    A:THR 218 : HG1 : 6 states

  Scoring exhaustively (6 potential combinations)...

  Cluster results:
    A:THR 218 : HG1 : Orientation 1/6

Working on cluster #34...
    A:THR 233 : HG1 : 5 states
    B:ASP 213  : 3 states
    B:SER 215 : HG  : 8 states
    B:CYS 173 : HG  : 6 states

  Scoring exhaustively (720 potential combinations)...

  Cluster results:
    A:THR 233 : HG1 : Stagger 3 5/5
    B:ASP 213  : Charged (pKa = 2.21)
    B:SER 215 : HG  : Stagger 3 8/8
    B:CYS 173 : HG  : Stagger 3 5/5 (pKa = 8.8)

Working on cluster #35...
    B:THR 167 : HG1 : 7 states

  Scoring exhaustively (7 potential combinations)...

  Cluster results:
    B:THR 167 : HG1 : Stagger 2 6/7

Working on cluster #36...
    B:THR 176 : HG1 : 9 states
    B:ASP 179  : 3 states

  Scoring exhaustively (27 potential combinations)...

  Cluster results:
    B:THR 176 : HG1 : Orientation 2/9
    B:ASP 179  : Charged (pKa = 3.56)

Working on cluster #37...
    B:SER 180 : HG  : 7 states

  Scoring exhaustively (7 potential combinations)...

  Cluster results:
    B:SER 180 : HG  : Orientation 1/7

Working on cluster #38...
    B:CYS 194 : HG  : 8 states
    B:CYS 195 : HG  : 7 states

  Scoring exhaustively (56 potential combinations)...

  Cluster results:
    B:CYS 194 : HG  : Stagger 2 6/7 (pKa = 8.67)
    B:CYS 195 : HG  : Stagger 1 4/6 (pKa = 12.16)

Working on cluster #39...
    B:THR 212 : HG1 : 7 states

  Scoring exhaustively (7 potential combinations)...

  Cluster results:
    B:THR 212 : HG1 : Orientation 1/7

Working on cluster #40...
    B:THR 218 : HG1 : 6 states

  Scoring exhaustively (6 potential combinations)...

  Cluster results:
    B:THR 218 : HG1 : Stagger 2 5/6

Working on cluster #41...
    B:THR 233 : HG1 : 10 states

  Scoring exhaustively (10 potential combinations)...

  Cluster results:
    B:THR 233 : HG1 : Orientation 1/10

Working on cluster #42...
    B:THR 234 : HG1 : 6 states

  Scoring exhaustively (6 potential combinations)...

  Cluster results:
    B:THR 234 : HG1 : Orientation 2/6

Working on cluster #43...
    A:GLU 193  : 3 states

  Scoring exhaustively (3 potential combinations)...

  Cluster results:
    A:GLU 193  : Charged (pKa = 3.84)

Working on cluster #44...
    A:GLU 204  : 3 states

  Scoring exhaustively (3 potential combinations)...

  Cluster results:
    A:GLU 204  : Charged (pKa = 4.28)

Working on cluster #45...
    A:ASP 211  : 3 states

  Scoring exhaustively (3 potential combinations)...

  Cluster results:
    A:ASP 211  : Charged (pKa = 3.42)

Working on cluster #46...
    A:GLU 220  : 3 states

  Scoring exhaustively (3 potential combinations)...

  Cluster results:
    A:GLU 220  : Charged (pKa = 4.59)

Working on cluster #47...
    A:GLU 228  : 3 states

  Scoring exhaustively (3 potential combinations)...

  Cluster results:
    A:GLU 228  : Charged (pKa = 4.76)

Working on cluster #48...
    B:GLU 193  : 3 states

  Scoring exhaustively (3 potential combinations)...

  Cluster results:
    B:GLU 193  : Charged (pKa = 3.9)

Working on cluster #49...
    B:ASP 202  : 3 states

  Scoring exhaustively (3 potential combinations)...

  Cluster results:
    B:ASP 202  : Charged (pKa = 3.5)

Working on cluster #50...
    B:ASP 211  : 3 states

  Scoring exhaustively (3 potential combinations)...

  Cluster results:
    B:ASP 211  : Charged (pKa = 3.42)

Working on cluster #51...
    B:GLU 221  : 3 states

  Scoring exhaustively (3 potential combinations)...

  Cluster results:
    B:GLU 221  : Charged (pKa = 4.32)

Working on cluster #52...
    B:GLU 228  : 3 states

  Scoring exhaustively (3 potential combinations)...

  Cluster results:
    B:GLU 228  : Charged (pKa = 4.53)

Working on cluster #53...
    B:GLU 204  : 3 states

  Scoring exhaustively (3 potential combinations)...

  Cluster results:
    B:GLU 204  : Charged (pKa = 4.52)


Recalculating pKas to identify changes in protonation penalties...
  Running PropKa to get pKas
    No changes in protonation penalties found.

Minimizing hydrogens...

Total score for structure: -82.7395026908

Final pKas:
  A:LYS 154  : 10.41
  A:LYS 164  : 10.45
  A:LYS 182  : 11.26
  A:LYS 183  : 10.31
  A:LYS 206  : 11.32
  B:LYS 154  : 10.41
  B:LYS 164  : 10.44
  B:LYS 182  : 10.58
  B:LYS 183  : 10.35
  B:LYS 206  : 10.57
  A:LYS 205  : 10.19
  B:LYS 205  : 10.44
  A:HID 223  : 5.57
  B:HID 151  : 5.89
  B:HID 223  : 5.49
  B:HID 235  : 6.18
  A:HID 151  : 7.68
  A:CYS 173 : HG  : 8.86
  A:CYS 194 : HG  : 8.63
  A:CYS 195 : HG  : 12.04
  A:TYR 198 : HH  : 15.40
  B:SER 150 : HG  : 7.77
  B:CYS 173 : HG  : 8.80
  B:CYS 194 : HG  : 8.67
  B:CYS 195 : HG  : 12.16
  B:TYR 198 : HH  : 13.20
  A:ASP 179  : 2.73
  A:GLU 193  : 3.84
  A:ASP 202  : 2.56
  A:GLU 204  : 4.28
  A:ASP 211  : 3.42
  A:ASP 213  : 2.37
  A:GLU 220  : 4.59
  A:GLU 221  : 4.29
  A:GLU 225  : 5.17
  A:GLU 228  : 4.76
  B:ASP 179  : 3.56
  B:GLU 193  : 3.90
  B:ASP 202  : 3.50
  B:ASP 211  : 3.42
  B:ASP 213  : 2.21
  B:GLU 220  : 4.21
  B:GLU 221  : 4.37
  B:GLU 225  : 5.32
  B:GLU 228  : 4.53
  B:GLU 204  : 4.52
Structure extracted from file: 3NY5-protassign.mae
Output structure will be written to: 3NY5-protassign-out.mae

Complete. Output file: 3NY5-protassign-out.mae
