
** Heavy-atom coordinates will be fixed: maxlevel set to 0
  **
  ** Beginning refinement level 0
  **

%IMPACT-I (openwt): Request to open FORMATTED file 3NY5-impref_ref0.out on unit   2
 Entering IMPACT execution environment 
 Date: Friday, September 29 2017, at 16:57:59 EDT
 Impact version 76016
 mmshare version        39016
 Copyright (c) Schrodinger, LLC.
 All Rights Reserved.

 Host: Linux ls05 3.10.0-514.21.2.el7.x86_64 #1 SMP Tue Jun 20 12:24:47 UTC 2017 x86_64
 Job Name: 3NY5-impref_ref0
 SCHRODINGER  directory: /data/chodera/schrodinger/schrodinger2017-3-advanced
 IMPACT_EXEC  directory: /data/chodera/schrodinger/schrodinger2017-3-advanced/impact-v7.6/bin/Linux-x86_64
 MMSHARE_EXEC directory: /data/chodera/schrodinger/schrodinger2017-3-advanced/mmshare-v3.9/bin/Linux-x86_64

 Clock-based global random seed:     1506718678
%IMPACT-I(foldmain): calling OPLS3 atomtyping ...
%IMPACT-I(foldmain): finished parameter assignment
 PARM read from file "paramstd.dat"
 Parameter obtained from atomtyping
      Current coord. are written to file: "3NY5-impref.init_coord.rst"
      Box dimensions not written


 Total number of atoms  =  2742
 
 Neighbor List Cutoff Settings
 ==================================
 Cutoff radius:   10.0000000000000     
 Update frequency: every           10  steps
 Species   1 : Neighbors are calculated on a per residue basis
 Species   1 : Cutoff by inter-atomic distances
 
 Step number:          0         Non-bonded count:   572156
 E-pot        RMS grad     Max grad    
 -3.52007E+03  7.94439E+00  1.49890E+02
 Step number:         10         Non-bonded count:   572156
 -3.88283E+03  9.57701E-01  3.22557E+01
 Step number:         20         Non-bonded count:   572156
 -3.92566E+03  4.33748E-01  1.00647E+01
 Step number:         30         Non-bonded count:   572156
 -3.94095E+03  3.48266E-01  6.01619E+00
 Step number:         40         Non-bonded count:   572156
 -3.95143E+03  2.87542E-01  7.01695E+00
 Step number:         50         Non-bonded count:   572156
 -3.95609E+03  2.04080E-01  3.23684E+00
 Step number:         60         Non-bonded count:   572156
 -3.95953E+03  2.20775E-01  3.31447E+00
 Step number:         70         Non-bonded count:   572156
 -3.96266E+03  2.23087E-01  3.63259E+00
 Step number:         80         Non-bonded count:   572156
 -3.96517E+03  1.78479E-01  2.70953E+00
 Step number:         90         Non-bonded count:   572156
 -3.96732E+03  1.44549E-01  2.67655E+00
 Step number:        100         Non-bonded count:   572156
 -3.96844E+03  1.16137E-01  2.48802E+00
 Step number:        100         Non-bonded count:   572156
 -3.96844E+03  1.16137E-01  2.48802E+00
      Current coord. are written to file: "3NY5-impref.min0_coord.rst"
      Box dimensions not written
      Current coordinates are read from file: "3NY5-impref.init_coord.rst"
      Box dimensions not read
          read from "3NY5-impref.init_coord.rst"
  
 Energy and Force Generation Info: 
 --------------------------------- 
 Number of E&F called:     260
 PARM read from file "paramstd.dat"
 Parameter obtained from atomtyping
      Current coordinates are read from file: "3NY5-impref.min0_coord.rst"
      Box dimensions not read
          read from "3NY5-impref.min0_coord.rst"


 Total number of atoms  =  2742
 
 Neighbor List Cutoff Settings
 ==================================
 Cutoff radius:   10.0000000000000     
 Update frequency: every           10  steps
 Species   1 : Neighbors are calculated on a per residue basis
 Species   1 : Cutoff by inter-atomic distances
 
 Step number:          0         Non-bonded count:   572156
 E-pot        RMS grad     Max grad    
 -3.17134E+03  2.51493E+00  2.42763E+01
 Step number:         10         Non-bonded count:   572156
 -3.63296E+03  2.11083E+00  2.38280E+01
 Step number:         20         Non-bonded count:   572156
 -3.77342E+03  8.57570E-01  1.32432E+01
 Step number:         30         Non-bonded count:   572156
 -3.80165E+03  3.87197E-01  9.50177E+00
 Step number:         40         Non-bonded count:   572156
 -3.80728E+03  1.80810E-01  2.57940E+00
 Step number:         50         Non-bonded count:   572156
 -3.80970E+03  2.21369E-01  4.57911E+00
 Step number:         60         Non-bonded count:   572156
 -3.81259E+03  1.41640E-01  2.69007E+00
 Step number:         70         Non-bonded count:   572156
 -3.81393E+03  1.18473E-01  2.19984E+00
 Step number:         80         Non-bonded count:   572156
 -3.81465E+03  9.79182E-02  2.49606E+00
 Step number:         90         Non-bonded count:   572156
 -3.81510E+03  6.10558E-02  1.26304E+00
 Step number:         95         Non-bonded count:   572156
 -3.81524E+03  4.89637E-02  1.05291E+00
 Step number:         95         Non-bonded count:   572156
 -3.81524E+03  4.89637E-02  1.05291E+00
  
 Energy and Force Generation Info: 
 --------------------------------- 
 Number of E&F called:     537


Final Energy Reports:
------------------------------------
 Total Energy of the system...... -3.81524E+03 kcal/mol
 Total Potential Energy.......... -3.81524E+03 kcal/mol
 Total Kinetic Energy............  0.00000E+00 kcal/mol
 Temperature of the system.......        0.000 K
 Bond Stretch Energy.............  4.83616E+00 kcal/mol
 Angle Bending Energy............  1.66109E+02 kcal/mol
 Torsion Angle Energy............  5.40868E+01 kcal/mol
 Restraining Energy for Torsions.  0.00000E+00 kcal/mol
 1,4 Lennard Jones Energy........  2.71834E+02 kcal/mol
 1,4 Electrostatic Energy........ -2.31119E+02 kcal/mol
 Lennard Jones Energy............ -2.74753E+02 kcal/mol
 Electrostatic Energy............ -3.80624E+03 kcal/mol
 H-bond Energy...................  0.00000E+00 kcal/mol
 
 Exiting IMPACT execution environment 
 Date: Friday, September 29 2017, at 16:58:23 EDT
%IMPACT-I (timit): Total CPU time =      24.31 seconds (   0.4 minutes)
Total elapsed time = 26 seconds
  ** Completed refinement level 0      rmsd =  0.117

** Refinement finished. Final level: 0

** The refined complex file is 3NY5-impref_ref.mae.
