
** Heavy-atom coordinates will be fixed: maxlevel set to 0
  **
  ** Beginning refinement level 0
  **

%IMPACT-I (openwt): Request to open FORMATTED file 3CJG-impref_ref0.out on unit   2
 Entering IMPACT execution environment 
 Date: Wednesday, November 30 2016, at 23:44:11 EST
 Impact version 72014
 mmshare version        35014
 Copyright (c) Schrodinger, LLC.
 All Rights Reserved.

 Host: Linux cc05.local 2.6.32-573.18.1.el6.x86_64 #1 SMP Tue Feb 9 22:46:17 UTC 2016 x86_64
 Job Name: 3CJG-impref_ref0
 SCHRODINGER  directory: /cbio/jclab/share/schrodinger/schrodinger2016-3
 IMPACT_EXEC  directory: /cbio/jclab/share/schrodinger/schrodinger2016-3/impact-v7.2/bin/Linux-x86_64
 MMSHARE_EXEC directory: /cbio/jclab/share/schrodinger/schrodinger2016-3/mmshare-v3.5/bin/Linux-x86_64

 Clock-based global random seed:     1480567451
%IMPACT-I(foldmain): calling OPLS_2005 atomtyping ...
%IMPACT-I(foldmain): finished parameter assignment
 PARM read from file "paramstd.dat"
 Parameter obtained from atomtyping
      Current coord. are written to file: "3CJG-impref.init_coord.rst"
      Box dimensions not written


 Total number of atoms  =  5250
 
 Neighbor List Cutoff Settings
 ==================================
 Cutoff radius:   10.0000000000000     
 Update frequency: every           10  steps
 Species   1 : Neighbors are calculated on a per residue basis
 Species   1 : Cutoff by inter-atomic distances
 
 Step number:          0         Non-bonded count:  1242798
 E-pot        RMS grad     Max grad    
  1.76604E+09  4.09743E+08  2.98023E+10
 Step number:         10         Non-bonded count:  1242798
 -1.04945E+04  4.79371E+00  1.26899E+02
 Step number:         20         Non-bonded count:  1242798
 -1.10336E+04  1.44243E+00  6.86681E+01
 Step number:         30         Non-bonded count:  1242798
 -1.12047E+04  1.35030E+00  3.87777E+01
 Step number:         40         Non-bonded count:  1242798
 -1.12996E+04  8.82812E-01  3.29586E+01
 Step number:         50         Non-bonded count:  1242798
 -1.13627E+04  7.59769E-01  3.16945E+01
 Step number:         60         Non-bonded count:  1242798
 -1.13988E+04  5.92991E-01  1.61056E+01
 Step number:         70         Non-bonded count:  1242798
 -1.14228E+04  5.12053E-01  1.11404E+01
 Step number:         80         Non-bonded count:  1242798
 -1.14419E+04  4.54650E-01  1.19174E+01
 Step number:         90         Non-bonded count:  1242798
 -1.14588E+04  4.09726E-01  1.03174E+01
 Step number:        100         Non-bonded count:  1242798
 -1.14687E+04  3.45842E-01  1.43731E+01
 Step number:        100         Non-bonded count:  1242798
 -1.14687E+04  3.45842E-01  1.43731E+01
      Current coord. are written to file: "3CJG-impref.min0_coord.rst"
      Box dimensions not written
      Current coordinates are read from file: "3CJG-impref.init_coord.rst"
      Box dimensions not read
          read from "3CJG-impref.init_coord.rst"
  
 Energy and Force Generation Info: 
 --------------------------------- 
 Number of E&F called:     327
 PARM read from file "paramstd.dat"
 Parameter obtained from atomtyping
      Current coordinates are read from file: "3CJG-impref.min0_coord.rst"
      Box dimensions not read
          read from "3CJG-impref.min0_coord.rst"


 Total number of atoms  =  5250
 
 Neighbor List Cutoff Settings
 ==================================
 Cutoff radius:   10.0000000000000     
 Update frequency: every           10  steps
 Species   1 : Neighbors are calculated on a per residue basis
 Species   1 : Cutoff by inter-atomic distances
 
 Step number:          0         Non-bonded count:  1242798
 E-pot        RMS grad     Max grad    
 -1.01533E+04  2.79061E+00  2.86750E+01
 Step number:         10         Non-bonded count:  1242798
 -1.09092E+04  2.28949E+00  6.51168E+01
 Step number:         20         Non-bonded count:  1242798
 -1.10328E+04  9.91044E-01  3.44797E+01
 Step number:         30         Non-bonded count:  1242798
 -1.10809E+04  6.24840E-01  2.59818E+01
 Step number:         40         Non-bonded count:  1242798
 -1.10959E+04  2.98960E-01  1.35444E+01
 Step number:         50         Non-bonded count:  1242798
 -1.11014E+04  1.98243E-01  9.62356E+00
 Step number:         60         Non-bonded count:  1242798
 -1.11034E+04  1.41512E-01  4.27757E+00
 Step number:         70         Non-bonded count:  1242798
 -1.11049E+04  1.39249E-01  4.33184E+00
 Step number:         80         Non-bonded count:  1242798
 -1.11065E+04  1.21624E-01  4.83573E+00
 Step number:         90         Non-bonded count:  1242798
 -1.11086E+04  1.79712E-01  4.87736E+00
 Step number:        100         Non-bonded count:  1242798
 -1.11114E+04  1.73406E-01  4.37074E+00
 Step number:        100         Non-bonded count:  1242798
 -1.11114E+04  1.73406E-01  4.37074E+00
  
 Energy and Force Generation Info: 
 --------------------------------- 
 Number of E&F called:     614


Final Energy Reports:
------------------------------------
 Total Energy of the system...... -1.11114E+04 kcal/mol
 Total Potential Energy.......... -1.11114E+04 kcal/mol
 Total Kinetic Energy............  0.00000E+00 kcal/mol
 Temperature of the system.......        0.000 K
 Bond Stretch Energy.............  3.15958E+01 kcal/mol
 Angle Bending Energy............  6.48553E+02 kcal/mol
 Torsion Angle Energy............  2.38722E+02 kcal/mol
 Restraining Energy for Torsions.  0.00000E+00 kcal/mol
 1,4 Lennard Jones Energy........  4.41243E+02 kcal/mol
 1,4 Electrostatic Energy........ -4.23445E+02 kcal/mol
 Lennard Jones Energy............ -3.39906E+02 kcal/mol
 Electrostatic Energy............ -1.17082E+04 kcal/mol
 H-bond Energy...................  0.00000E+00 kcal/mol
 
 Exiting IMPACT execution environment 
 Date: Wednesday, November 30 2016, at 23:44:35 EST
%IMPACT-I (timit): Total CPU time =      23.93 seconds (   0.4 minutes)
Total elapsed time = 25 seconds
  ** Completed refinement level 0      rmsd =  0.055

** Refinement finished. Final level: 0

** The refined complex file is 3CJG-impref_ref.mae.
