
Working on structure 1
Fixing common structure mistakes...
  No mistakes were found
Pre-treating metals...
Done treating metals
Assigning bond orders...
  Using CCD: True
CCD template assignment failed for HET "CSO " due to:
  Atom count mismatch between the HET and the CCD record.
  Falling back to bond order assignment based on geometry.
CCD template assignment failed for HET "CSO " due to:
  Atom count mismatch between the HET and the CCD record.
  Falling back to bond order assignment based on geometry.
CCD template assignment successfully used for HET "KIM "
  Assigned the following bonds (format: atom1, atom2, order): set([(348, 349, 2), (1198, 1199, 2), (2267, 2281, 2), (2288, 2287, 2), (2282, 2268, 2), (2286, 2270, 2), (2266, 2261, 2), (2284, 2283, 2), (2262, 2277, 2), (2264, 2265, 2), (2276, 2272, 2), (2263, 2278, 2)])
Removing and re-adding hydrogens...
Treating metals...
Creating di-sulfur bonds...
Converting Selenomethionines...
Filling missing loops using Prime...
Attempting to build missing loops with Knowledge-Based Methods
    A:  840 -- A:  844   GAF
    A: 1051 -- A: 1066   YKDPDYVRKGDARL
Generating models for each loop... 
Total number of loops: 2
Working on loop 0 - A:840,A:844,GAF
Number of returned models for loop 0 : 2
Working on loop 1 - A:1051,A:1066,YKDPDYVRKGDARL
Now trying to expand the loop...
Closing loop: 1050 - 1066
Number of returned models for loop 1 : 2
Combining models from all loops... 
Combination index: [0, 0]
Side chain optimizing...
Minimizing...
Accept model # 0
Detecting missing residue atoms...
Filling missing side chains using Prime...
Prime output file: /lila/home/albaness/PDBfinder/pdbs/Pazopanib-VEGFR1/fixed/3CJG-fixed/3cjg-missing-side-chains-out.maegz
Finding het groups...
Coloring atoms by element (green carbons in hets)...
Finding het groups (for Epik)...
Processing 3 het groups...
  Using Epik with pH: 7.4
        and pH Range: 0.0
  Max states per het: 32
Running Epik on 3 het groups...
  Waiting for epik...
  Het A:SO4 (1): keeping all 1 state(s):
    State penalty: -0.00 kcal/mol; H-Bond count: 0.
  Het A:SO4 (2): keeping all 1 state(s):
    State penalty: -0.00 kcal/mol; H-Bond count: 4.
  Het A:KIM (1167): keeping all 1 state(s):
    State penalty: -0.00 kcal/mol; H-Bond count: 2.
Running ProtAssign...
  Uses -minimize option in ProtAssign
  Using PROPKA with pH: 7.4
  RUNNING: /data/chodera/schrodinger/schrodinger2017-3-advanced/utilities/protassign 3CJG-protassign.mae 3CJG-protassign-out.mae -NOJOBID -nowater -minimize -propka_pH 7.4
Optimize H-bond job completed.
Deleting non-bridging waters...
  Deleted waters: A:1168, A:1169, A:1170, A:1171, A:1172, A:1173, A:1174, A:1175, A:1176, A:1177, A:1178, A:1179, A:1180, A:1181, A:1182, A:1183, A:1184, A:1185, A:1186, A:1187, A:1188, A:1189, A:1190, A:1191, A:1192, A:1193, A:1194, A:1195, A:1196, A:1197, A:1198, A:1199, A:1200, A:1201, A:1202, A:1203, A:1204, A:1205, A:1206, A:1207, A:1208, A:1209, A:1210, A:1211, A:1212, A:1213, A:1214, A:1215, A:1216, A:1217, A:1218, A:1219, A:1220, A:1221, A:1222, A:1223, A:1224, A:1225, A:1226, A:1227, A:1228, A:1229, A:1230, A:1231, A:1232, A:1233, A:1234, A:1235, A:1236, A:1237, A:1238, A:1239, A:1240, A:1241, A:1242, A:1243, A:1244, A:1245, A:1246, A:1247, A:1248, A:1249, A:1250, A:1251, A:1252, A:1253, A:1254, A:1255, A:1256, A:1258, A:1259, A:1260, A:1261, A:1262, A:1263, A:1264, A:1265, A:1266, A:1267, A:1268, A:1269, A:1270, A:1271, A:1272, A:1273, A:1274, A:1275, A:1276, A:1277, A:1278, A:1279, A:1280, A:1281, A:1282, A:1283
Running restrained minimization...
  RMSD: 0.3
  Force field: 3
  hydrogens only
done with preparation
Writing to file...
DONE. Output file: ../3CJG-fixed.pdb
