
Working on structure 1
Fixing common structure mistakes...
  No mistakes were found
Pre-treating metals...
Done treating metals
Assigning bond orders...
  Using CCD: True
CCD template assignment successfully used for HET "6GY "
  Assigned the following bonds (format: atom1, atom2, order): set([(2321, 2326, 2), (2294, 2306, 2), (2298, 2297, 2), (2296, 2308, 2), (2292, 2305, 2), (2323, 2322, 2), (2300, 2299, 2), (2325, 2324, 2), (2327, 2329, 2), (2295, 2291, 2)])
Removing and re-adding hydrogens...
Treating metals...
Creating di-sulfur bonds...
Converting Selenomethionines...
Filling missing loops using Prime...
Attempting to build missing loops with Knowledge-Based Methods
    A: 1136 -- A: 1143   GMPNDP
    A: 1275 -- A: 1288   DIYRASYYRKGG
Generating models for each loop... 
Total number of loops: 2
Working on loop 0 - A:1136,A:1143,GMPNDP
Number of returned models for loop 0 : 2
Working on loop 1 - A:1275,A:1288,DIYRASYYRKGG
Number of returned models for loop 1 : 2
Combining models from all loops... 
Combination index: [0, 0]
Side chain optimizing...
Minimizing...
Severe clashes still exist, discard this model...
Combination index: [1, 1]
Side chain optimizing...
Minimizing...
Accept model # 0
Detecting missing residue atoms...
Finding het groups...
Coloring atoms by element (green carbons in hets)...
Finding het groups (for Epik)...
Processing 1 het groups...
  Using Epik with pH: 7.4
        and pH Range: 0.0
  Max states per het: 32
Running Epik on 1 het groups...
  Waiting for epik...
  Het A:6GY (1501): keeping all 1 state(s):
    State penalty: -0.00 kcal/mol; H-Bond count: 2.
Running ProtAssign...
  Uses -minimize option in ProtAssign
  Using PROPKA with pH: 7.4
  RUNNING: /data/chodera/schrodinger/schrodinger2017-3-advanced/utilities/protassign 5J7H-protassign.mae 5J7H-protassign-out.mae -NOJOBID -nowater -minimize -propka_pH 7.4
Optimize H-bond job completed.
Deleting non-bridging waters...
  Deleted waters: A:1601, A:1602, A:1603, A:1604, A:1605, A:1606, A:1607, A:1608, A:1609, A:1610, A:1611, A:1612, A:1613, A:1614, A:1615, A:1616, A:1617, A:1618, A:1619, A:1621, A:1622, A:1623, A:1624, A:1625, A:1626, A:1627, A:1628, A:1629, A:1630, A:1631, A:1632, A:1633, A:1634, A:1635, A:1636, A:1637, A:1638, A:1639, A:1640, A:1641, A:1642, A:1643, A:1644, A:1645, A:1646, A:1647, A:1648, A:1649, A:1650, A:1651, A:1652, A:1653, A:1654, A:1655, A:1656, A:1657, A:1658, A:1659, A:1660, A:1661, A:1662, A:1663, A:1664, A:1665, A:1666, A:1667, A:1668, A:1669, A:1670
Running restrained minimization...
  RMSD: 0.3
  Force field: 3
  hydrogens only
done with preparation
Writing to file...
DONE. Output file: ../5J7H-fixed.pdb
