COMMAND:
 /data/chodera/schrodinger/schrodinger2018-1-advanced/epik-v4.3/bin/Linux-x86_64/epik_app -imae 5J7H-epik.mae -omae 5J7H-epik-out.mae -ms 32 -ph 7.4 -pht 0.0 -cg 0.3 0.3 -metal_binding
SCHRODINGER: /data/chodera/schrodinger/schrodinger2018-1-advanced

Running Epik version     4.3011
Epik. Copyright Schrodinger, LLC. All rights reserved.

Input file name:                        5J7H-epik.mae
Output file name:                       5J7H-epik-out.mae
Maximum number of states set to: 32
Structure adjustment calculation requested.
  Target pH set to 7.400
pHt tolerance set to 0.000000e+00
Both connectivity and geometry used in determining redundant structures.
  Structures are distinct if: 
    any position differs by more than 3.000000e-01
    the rms difference in positions is larger than 3.000000e-01
Metal binding mode turned on.

Adjusting structures for pH 7.400000e+00 and minimum probability 1.000000e+00
Solvent model name:                     water
WARNING The connections on two versions (2 and 3) of base atom differ in acid_pattern: [#1]-[NX2-1,NX3+1](~[CX3](~[OX1-1,OX1+0]))~[cX3]1[nX2][cX3][nX3-0,nX3+1][nX2-1,nX2+0]1
WARNING The charge on two versions (-1 and 1) of base atom do not differ by 1 acid_pattern: [#1]-[NX2-1,NX3+1](~[CX3](~[OX1-1,OX1+0]))~[cX3]1[nX2][cX3][nX3-0,nX3+1][nX2-1,nX2+0]1
Jobcontrol is not being used for this specific Epik calculation.
---------------------------
Processing Input Structure #1
        Title: 
                                              Calculated pKas
                                                 Conjugate
                                          Atom   Acid/Base  pKa
. . . . . . . . . . . . . . . . . . . . . . .
Variation: 1
                                            80   Conj_Acid  9.94
                                            17   Conj_Base -1.95
                                            19   Conj_Base  4.99
                                            27   Conj_Base  4.55
                                            15   Conj_Base  1.92
                                            16   Conj_Base  3.74
                                            55   Conj_Acid 16.41
                                            72   Conj_Acid 12.33
 pKa penalty:                                 0.00 kcal/mol
     Charging penalty:                        0.00 kcal/mol
     Neutralization penalty:                  0.00 kcal/mol
 Overall Penalty (tautomerization included): -0.00 kcal/mol
 Total Charge: 1
 Metal Penalty:                              -0.00 kcal/mol
---------------------------
