  Running PropKa to get pKas

Clusters to optimize:
    Cluster 1:
        A:ASN 1093 
    Cluster 2:
        A:ASN 1095 
    Cluster 3:
        A:ASN 1115 
        A:SER 1136 : HG 
    Cluster 4:
        A:GLN 1134 
    Cluster 5:
        A:ASN 1140 
    Cluster 6:
        A:GLN 1146 
    Cluster 7:
        A:GLN 1159 
        A:ASP 1163 
        A:ASP 1160 
        A:SER 1157 : HG 
        A:LYS 1285 
    Cluster 8:
        A:ASN 1175 
    Cluster 9:
        A:GLN 1177 
        A:HID 1176 
        A:ASN 1178 
    Cluster 10:
        A:GLN 1188 
    Cluster 11:
        A:GLN 1217 
        A:SER 1220 : HG 
    Cluster 12:
        A:GLN 1238 
    Cluster 13:
        A:ASN 1243 
    Cluster 14:
        A:ASN 1254 
        A:ASP 1270 
        A:ASP 1249 
        A:GLU 1167 
        A:LYS 1150 
    Cluster 15:
        A:ASN 1335 
    Cluster 16:
        A:GLN 1336 
        A:GLU 1340 
    Cluster 17:
        A:ASN 1353 
    Cluster 18:
        A:GLN 1364 
    Cluster 19:
        A:GLN 1367 
    Cluster 20:
        A:GLN 1369 
        A:ASP 1372 
        A:HID 1368 
    Cluster 21:
        A:ASN 1375 
    Cluster 22:
        A:GLN 1388 
    Cluster 23:
        A:ASN 1394 
    Cluster 24:
        A:LYS 1101 
    Cluster 25:
        A:LYS 1109 
    Cluster 26:
        A:LYS 1114 
    Cluster 27:
        A:LYS 1173 
    Cluster 28:
        A:LYS 1205 
    Cluster 29:
        A:LYS 1267 
        A:GLU 1197 
    Cluster 30:
        A:LYS 1294 
    Cluster 31:
        A:LYS 1309 
    Cluster 32:
        A:LYS 1333 
    Cluster 33:
        A:LYS 1352 
    Cluster 34:
        A:HID 1124 
        A:GLU 1129 
    Cluster 35:
        A:HID 1228 
    Cluster 36:
        A:HID 1244 
    Cluster 37:
        A:HID 1247 
    Cluster 38:
        A:TYR 1096 : HH 
    Cluster 39:
        A:CYS 1097 : HG 
        A:THR 1102 : HG1
    Cluster 40:
        A:SER 1103 : HG 
        A:ASP 1107 
        A:SER 1106 : HG 
        A:SER 1104 : HG 
    Cluster 41:
        A:THR 1117 : HG1
    Cluster 42:
        A:TYR 1131 : HH 
    Cluster 43:
        A:SER 1143 : HG 
    Cluster 44:
        A:THR 1151 : HG1
    Cluster 45:
        A:CYS 1156 : HG 
    Cluster 46:
        A:SER 1172 : HG 
        A:CYS 1182 : HG 
    Cluster 47:
        A:SER 1186 : HG 
        A:GLU 1110 
    Cluster 48:
        A:SER 1189 : HG 
    Cluster 49:
        A:SER 1206 : HG 
        A:ASP 1203 
    Cluster 50:
        A:THR 1211 : HG1
    Cluster 51:
        A:SER 1216 : HG 
    Cluster 52:
        A:SER 1219 : HG 
    Cluster 53:
        A:CYS 1235 : HG 
    Cluster 54:
        A:CYS 1237 : HG 
    Cluster 55:
        A:TYR 1239 : HH 
    Cluster 56:
        A:CYS 1255 : HG 
    Cluster 57:
        A:THR 1258 : HG1
    Cluster 58:
        A:CYS 1259 : HG 
    Cluster 59:
        A:TYR 1278 : HH 
    Cluster 60:
        A:SER 1281 : HG 
    Cluster 61:
        A:TYR 1282 : HH 
    Cluster 62:
        A:TYR 1283 : HH 
    Cluster 63:
        A:CYS 1288 : HG 
    Cluster 64:
        A:THR 1307 : HG1
        A:THR 1310 : HG1
    Cluster 65:
        A:SER 1308 : HG 
    Cluster 66:
        A:THR 1312 : HG1
    Cluster 67:
        A:SER 1314 : HG 
    Cluster 68:
        A:SER 1324 : HG 
    Cluster 69:
        A:TYR 1327 : HH 
    Cluster 70:
        A:TYR 1330 : HH 
    Cluster 71:
        A:SER 1332 : HG 
    Cluster 72:
        A:SER 1334 : HG 
        A:GLU 1337 
    Cluster 73:
        A:THR 1343 : HG1
    Cluster 74:
        A:SER 1344 : HG 
    Cluster 75:
        A:CYS 1354 : HG 
    Cluster 76:
        A:TYR 1359 : HH 
    Cluster 77:
        A:THR 1363 : HG1
    Cluster 78:
        A:CYS 1365 : HG 
    Cluster 79:
        A:TYR 1385 : HH 
    Cluster 80:
        A:CYS 1386 : HG 
    Cluster 81:
        A:THR 1387 : HG1
    Cluster 82:
        A:THR 1395 : HG1
    Cluster 83:
        A:TYR 1401 : HH 
    Cluster 84:
        A:GLU 1132 
    Cluster 85:
        A:ASP 1141 
    Cluster 86:
        A:GLU 1154 
    Cluster 87:
        A:GLU 1158 
    Cluster 88:
        A:GLU 1161 
    Cluster 89:
        A:GLU 1210 
    Cluster 90:
        A:ASP 1225 
    Cluster 91:
        A:ASP 1232 
    Cluster 92:
        A:GLU 1241 
    Cluster 93:
        A:GLU 1242 
    Cluster 94:
        A:ASP 1276 
    Cluster 95:
        A:GLU 1299 
    Cluster 96:
        A:GLU 1303 
    Cluster 97:
        A:ASP 1311 
    Cluster 98:
        A:GLU 1321 
    Cluster 99:
        A:ASP 1349 
    Cluster 100:
        A:GLU 1371 
    Cluster 101:
        A:GLU 1381 
    Cluster 102:
        A:GLU 1384 
    Cluster 103:
        A:ASP 1389 
    Cluster 104:
        A:ASP 1391 
    Cluster 105:
        A:GLU 1400 

Working on cluster #1...
    A:ASN 1093  : 2 states

  Scoring exhaustively (2 potential combinations)...

  Cluster results:
    A:ASN 1093  : No Flip

Working on cluster #2...
    A:ASN 1095  : 2 states

  Scoring exhaustively (2 potential combinations)...

  Cluster results:
    A:ASN 1095  : Flip

Working on cluster #3...
    A:ASN 1115  : 2 states
    A:SER 1136 : HG  : 5 states

  Scoring exhaustively (10 potential combinations)...

  Cluster results:
    A:ASN 1115  : Flip
    A:SER 1136 : HG  : Stagger 1 3/5

Working on cluster #4...
    A:GLN 1134  : 2 states

  Scoring exhaustively (2 potential combinations)...

  Cluster results:
    A:GLN 1134  : Flip

Working on cluster #5...
    A:ASN 1140  : 2 states

  Scoring exhaustively (2 potential combinations)...

  Cluster results:
    A:ASN 1140  : No Flip

Working on cluster #6...
    A:GLN 1146  : 2 states

  Scoring exhaustively (2 potential combinations)...

  Cluster results:
    A:GLN 1146  : No Flip

Working on cluster #7...
    A:GLN 1159  : 2 states
    A:ASP 1163  : 3 states
    A:ASP 1160  : 3 states
    A:SER 1157 : HG  : 14 states
    A:LYS 1285  : 8 states

  Scoring exhaustively (2016 potential combinations)...

  Cluster results:
    A:GLN 1159  : No Flip
    A:ASP 1163  : Charged (pKa = 4.0)
    A:ASP 1160  : Charged (pKa = 1.95)
    A:SER 1157 : HG  : Orientation 5/14
    A:LYS 1285  : Orientation 1/1 (pKa = 11.91)

Working on cluster #8...
    A:ASN 1175  : 2 states

  Scoring exhaustively (2 potential combinations)...

  Cluster results:
    A:ASN 1175  : No Flip

Working on cluster #9...
    A:GLN 1177  : 2 states
    A:HID 1176  : 6 states
    A:ASN 1178  : 2 states

  Scoring exhaustively (24 potential combinations)...

  Cluster results:
    A:GLN 1177  : Flip
    A:HID 1176  : HIE (pKa = 4.98)
    A:ASN 1178  : No Flip

Working on cluster #10...
    A:GLN 1188  : 2 states

  Scoring exhaustively (2 potential combinations)...

  Cluster results:
    A:GLN 1188  : Flip

Working on cluster #11...
    A:GLN 1217  : 2 states
    A:SER 1220 : HG  : 8 states

  Scoring exhaustively (16 potential combinations)...

  Cluster results:
    A:GLN 1217  : Flip
    A:SER 1220 : HG  : Orientation 4/8

Working on cluster #12...
    A:GLN 1238  : 2 states

  Scoring exhaustively (2 potential combinations)...

  Cluster results:
    A:GLN 1238  : No Flip

Working on cluster #13...
    A:ASN 1243  : 2 states

  Scoring exhaustively (2 potential combinations)...

  Cluster results:
    A:ASN 1243  : Flip

Working on cluster #14...
    A:ASN 1254  : 2 states
    A:ASP 1270  : 3 states
    A:ASP 1249  : 3 states
    A:GLU 1167  : 3 states
    A:LYS 1150  : 16 states

  Scoring exhaustively (864 potential combinations)...

  Cluster results:
    A:ASN 1254  : No Flip
    A:ASP 1270  : Charged (pKa = 2.32)
    A:ASP 1249  : Charged (pKa = 6.17)
    A:GLU 1167  : Charged (pKa = 4.67)
    A:LYS 1150  : Stagger (pKa = 14.29)

Working on cluster #15...
    A:ASN 1335  : 2 states

  Scoring exhaustively (2 potential combinations)...

  Cluster results:
    A:ASN 1335  : No Flip

Working on cluster #16...
    A:GLN 1336  : 2 states
    A:GLU 1340  : 3 states

  Scoring exhaustively (6 potential combinations)...

  Cluster results:
    A:GLN 1336  : No Flip
    A:GLU 1340  : Charged (pKa = 4.12)

Working on cluster #17...
    A:ASN 1353  : 2 states

  Scoring exhaustively (2 potential combinations)...

  Cluster results:
    A:ASN 1353  : No Flip

Working on cluster #18...
    A:GLN 1364  : 2 states

  Scoring exhaustively (2 potential combinations)...

  Cluster results:
    A:GLN 1364  : No Flip

Working on cluster #19...
    A:GLN 1367  : 2 states

  Scoring exhaustively (2 potential combinations)...

  Cluster results:
    A:GLN 1367  : No Flip

Working on cluster #20...
    A:GLN 1369  : 2 states
    A:ASP 1372  : 3 states
    A:HID 1368  : 6 states

  Scoring exhaustively (36 potential combinations)...

  Cluster results:
    A:GLN 1369  : No Flip
    A:ASP 1372  : Charged (pKa = 4.0)
    A:HID 1368  : Flip HIE (pKa = 5.9)

Working on cluster #21...
    A:ASN 1375  : 2 states

  Scoring exhaustively (2 potential combinations)...

  Cluster results:
    A:ASN 1375  : No Flip

Working on cluster #22...
    A:GLN 1388  : 2 states

  Scoring exhaustively (2 potential combinations)...

  Cluster results:
    A:GLN 1388  : Flip

Working on cluster #23...
    A:ASN 1394  : 2 states

  Scoring exhaustively (2 potential combinations)...

  Cluster results:
    A:ASN 1394  : No Flip

Working on cluster #24...
    A:LYS 1101  : 4 states

  Scoring exhaustively (4 potential combinations)...

  Cluster results:
    A:LYS 1101  : Stagger (pKa = 10.45)

Working on cluster #25...
    A:LYS 1109  : 8 states

  Scoring exhaustively (8 potential combinations)...

  Cluster results:
    A:LYS 1109  : Orientation 1/1 (pKa = 10.38)

Working on cluster #26...
    A:LYS 1114  : 4 states

  Scoring exhaustively (4 potential combinations)...

  Cluster results:
    A:LYS 1114  : Stagger (pKa = 10.43)

Working on cluster #27...
    A:LYS 1173  : 8 states

  Scoring exhaustively (8 potential combinations)...

  Cluster results:
    A:LYS 1173  : Orientation 1/1 (pKa = 10.3)

Working on cluster #28...
    A:LYS 1205  : 8 states

  Scoring exhaustively (8 potential combinations)...
    No valid conformations found. Trying again with less strict requirements.

  Cluster results:
    A:LYS 1205  : Orientation 1/1 (pKa = 9.12)

Working on cluster #29...
    A:LYS 1267  : 16 states
    A:GLU 1197  : 3 states

  Scoring exhaustively (48 potential combinations)...
    No valid conformations found. Trying again with less strict requirements.

  Cluster results:
    A:LYS 1267  : Orientation 3/3 (pKa = 10.3)
    A:GLU 1197  : Charged (pKa = 4.0)

Working on cluster #30...
    A:LYS 1294  : 8 states

  Scoring exhaustively (8 potential combinations)...

  Cluster results:
    A:LYS 1294  : Orientation 1/1 (pKa = 9.61)

Working on cluster #31...
    A:LYS 1309  : 8 states

  Scoring exhaustively (8 potential combinations)...

  Cluster results:
    A:LYS 1309  : Orientation 1/1 (pKa = 9.67)

Working on cluster #32...
    A:LYS 1333  : 12 states

  Scoring exhaustively (12 potential combinations)...

  Cluster results:
    A:LYS 1333  : Orientation 1/2 (pKa = 10.3)

Working on cluster #33...
    A:LYS 1352  : 8 states

  Scoring exhaustively (8 potential combinations)...

  Cluster results:
    A:LYS 1352  : Orientation 1/1 (pKa = 10.38)

Working on cluster #34...
    A:HID 1124  : 6 states
    A:GLU 1129  : 3 states

  Scoring exhaustively (18 potential combinations)...

  Cluster results:
    A:HID 1124  : Flip HIE (pKa = 6.62)
    A:GLU 1129  : Charged (pKa = 4.22)

Working on cluster #35...
    A:HID 1228  : 6 states

  Scoring exhaustively (6 potential combinations)...

  Cluster results:
    A:HID 1228  : HID (pKa = 5.49)

Working on cluster #36...
    A:HID 1244  : 6 states

  Scoring exhaustively (6 potential combinations)...

  Cluster results:
    A:HID 1244  : HIE (pKa = 6.3)

Working on cluster #37...
    A:HID 1247  : 6 states

  Scoring exhaustively (6 potential combinations)...

  Cluster results:
    A:HID 1247  : HIE (pKa = 4.38)

Working on cluster #38...
    A:TYR 1096 : HH  : 4 states

  Scoring exhaustively (4 potential combinations)...

  Cluster results:
    A:TYR 1096 : HH  : Default 1 2/3 (pKa = 12.86)

Working on cluster #39...
    A:CYS 1097 : HG  : 7 states
    A:THR 1102 : HG1 : 4 states

  Scoring exhaustively (28 potential combinations)...

  Cluster results:
    A:CYS 1097 : HG  : Stagger 1 4/6 (pKa = 8.77)
    A:THR 1102 : HG1 : Orientation 1/4

Working on cluster #40...
    A:SER 1103 : HG  : 5 states
    A:ASP 1107  : 3 states
    A:SER 1106 : HG  : 12 states
    A:SER 1104 : HG  : 6 states

  Scoring exhaustively (1080 potential combinations)...

  Cluster results:
    A:SER 1103 : HG  : Stagger 1 3/5
    A:ASP 1107  : Charged (pKa = 2.77)
    A:SER 1106 : HG  : Stagger 1 10/12
    A:SER 1104 : HG  : Stagger 3 6/6

Working on cluster #41...
    A:THR 1117 : HG1 : 4 states

  Scoring exhaustively (4 potential combinations)...

  Cluster results:
    A:THR 1117 : HG1 : Stagger 1 2/4

Working on cluster #42...
    A:TYR 1131 : HH  : 5 states

  Scoring exhaustively (5 potential combinations)...

  Cluster results:
    A:TYR 1131 : HH  : Orientation 1/4 (pKa = 10.66)

Working on cluster #43...
    A:SER 1143 : HG  : 3 states

  Scoring exhaustively (3 potential combinations)...

  Cluster results:
    A:SER 1143 : HG  : Stagger 3 3/3

Working on cluster #44...
    A:THR 1151 : HG1 : 6 states

  Scoring exhaustively (6 potential combinations)...

  Cluster results:
    A:THR 1151 : HG1 : Orientation 1/6

Working on cluster #45...
    A:CYS 1156 : HG  : 7 states

  Scoring exhaustively (7 potential combinations)...

  Cluster results:
    A:CYS 1156 : HG  : Orientation 1/6 (pKa = 10.27)

Working on cluster #46...
    A:SER 1172 : HG  : 8 states
    A:CYS 1182 : HG  : 7 states

  Scoring exhaustively (56 potential combinations)...

  Cluster results:
    A:SER 1172 : HG  : Orientation 1/8
    A:CYS 1182 : HG  : Stagger 1 4/6 (pKa = 10.82)

Working on cluster #47...
    A:SER 1186 : HG  : 9 states
    A:GLU 1110  : 3 states

  Scoring exhaustively (27 potential combinations)...
    No valid conformations found. Trying again with less strict requirements.

  Cluster results:
    A:SER 1186 : HG  : Orientation 5/9
    A:GLU 1110  : Charged (pKa = 4.24)

Working on cluster #48...
    A:SER 1189 : HG  : 5 states

  Scoring exhaustively (5 potential combinations)...

  Cluster results:
    A:SER 1189 : HG  : Stagger 1 3/5

Working on cluster #49...
    A:SER 1206 : HG  : 9 states
    A:ASP 1203  : 3 states

  Scoring exhaustively (27 potential combinations)...

  Cluster results:
    A:SER 1206 : HG  : Orientation 1/9
    A:ASP 1203  : Charged (pKa = 3.85)

Working on cluster #50...
    A:THR 1211 : HG1 : 5 states

  Scoring exhaustively (5 potential combinations)...

  Cluster results:
    A:THR 1211 : HG1 : Orientation 1/5

Working on cluster #51...
    A:SER 1216 : HG  : 8 states

  Scoring exhaustively (8 potential combinations)...

  Cluster results:
    A:SER 1216 : HG  : Stagger 2 7/8

Working on cluster #52...
    A:SER 1219 : HG  : 5 states

  Scoring exhaustively (5 potential combinations)...

  Cluster results:
    A:SER 1219 : HG  : Stagger 1 3/5

Working on cluster #53...
    A:CYS 1235 : HG  : 7 states

  Scoring exhaustively (7 potential combinations)...

  Cluster results:
    A:CYS 1235 : HG  : Orientation 1/6 (pKa = 10.62)

Working on cluster #54...
    A:CYS 1237 : HG  : 8 states

  Scoring exhaustively (8 potential combinations)...

  Cluster results:
    A:CYS 1237 : HG  : Orientation 1/7 (pKa = 14.18)

Working on cluster #55...
    A:TYR 1239 : HH  : 4 states

  Scoring exhaustively (4 potential combinations)...

  Cluster results:
    A:TYR 1239 : HH  : Orientation 1/3 (pKa = 10.55)

Working on cluster #56...
    A:CYS 1255 : HG  : 6 states

  Scoring exhaustively (6 potential combinations)...

  Cluster results:
    A:CYS 1255 : HG  : Stagger 1 3/5 (pKa = 12.82)

Working on cluster #57...
    A:THR 1258 : HG1 : 9 states

  Scoring exhaustively (9 potential combinations)...

  Cluster results:
    A:THR 1258 : HG1 : Orientation 4/9

Working on cluster #58...
    A:CYS 1259 : HG  : 9 states

  Scoring exhaustively (9 potential combinations)...

  Cluster results:
    A:CYS 1259 : HG  : Default 5/8 (pKa = 9.0)

Working on cluster #59...
    A:TYR 1278 : HH  : 4 states

  Scoring exhaustively (4 potential combinations)...

  Cluster results:
    A:TYR 1278 : HH  : Orientation 1/3 (pKa = 10.01)

Working on cluster #60...
    A:SER 1281 : HG  : 8 states

  Scoring exhaustively (8 potential combinations)...

  Cluster results:
    A:SER 1281 : HG  : Orientation 4/8

Working on cluster #61...
    A:TYR 1282 : HH  : 4 states

  Scoring exhaustively (4 potential combinations)...

  Cluster results:
    A:TYR 1282 : HH  : Orientation 1/3 (pKa = 11.86)

Working on cluster #62...
    A:TYR 1283 : HH  : 4 states

  Scoring exhaustively (4 potential combinations)...

  Cluster results:
    A:TYR 1283 : HH  : Orientation 1/3 (pKa = 12.11)

Working on cluster #63...
    A:CYS 1288 : HG  : 7 states

  Scoring exhaustively (7 potential combinations)...

  Cluster results:
    A:CYS 1288 : HG  : Default 3/6 (pKa = 9.22)

Working on cluster #64...
    A:THR 1307 : HG1 : 9 states
    A:THR 1310 : HG1 : 4 states

  Scoring exhaustively (36 potential combinations)...

  Cluster results:
    A:THR 1307 : HG1 : Orientation 5/9
    A:THR 1310 : HG1 : Stagger 3 4/4

Working on cluster #65...
    A:SER 1308 : HG  : 11 states

  Scoring exhaustively (11 potential combinations)...

  Cluster results:
    A:SER 1308 : HG  : Orientation 3/11

Working on cluster #66...
    A:THR 1312 : HG1 : 5 states

  Scoring exhaustively (5 potential combinations)...

  Cluster results:
    A:THR 1312 : HG1 : Stagger 1 3/5

Working on cluster #67...
    A:SER 1314 : HG  : 10 states

  Scoring exhaustively (10 potential combinations)...

  Cluster results:
    A:SER 1314 : HG  : Orientation 1/10

Working on cluster #68...
    A:SER 1324 : HG  : 7 states

  Scoring exhaustively (7 potential combinations)...

  Cluster results:
    A:SER 1324 : HG  : Stagger 3 7/7

Working on cluster #69...
    A:TYR 1327 : HH  : 3 states

  Scoring exhaustively (3 potential combinations)...

  Cluster results:
    A:TYR 1327 : HH  : Orientation 1/2 (pKa = 10.2)

Working on cluster #70...
    A:TYR 1330 : HH  : 6 states

  Scoring exhaustively (6 potential combinations)...

  Cluster results:
    A:TYR 1330 : HH  : Default 1 4/5 (pKa = 12.63)

Working on cluster #71...
    A:SER 1332 : HG  : 6 states

  Scoring exhaustively (6 potential combinations)...

  Cluster results:
    A:SER 1332 : HG  : Stagger 3 6/6

Working on cluster #72...
    A:SER 1334 : HG  : 8 states
    A:GLU 1337  : 3 states

  Scoring exhaustively (24 potential combinations)...

  Cluster results:
    A:SER 1334 : HG  : Orientation 6/8
    A:GLU 1337  : Charged (pKa = 3.92)

Working on cluster #73...
    A:THR 1343 : HG1 : 6 states

  Scoring exhaustively (6 potential combinations)...

  Cluster results:
    A:THR 1343 : HG1 : Orientation 1/6

Working on cluster #74...
    A:SER 1344 : HG  : 6 states

  Scoring exhaustively (6 potential combinations)...

  Cluster results:
    A:SER 1344 : HG  : Orientation 1/6

Working on cluster #75...
    A:CYS 1354 : HG  : 5 states

  Scoring exhaustively (5 potential combinations)...

  Cluster results:
    A:CYS 1354 : HG  : Orientation 1/4 (pKa = 11.98)

Working on cluster #76...
    A:TYR 1359 : HH  : 3 states

  Scoring exhaustively (3 potential combinations)...

  Cluster results:
    A:TYR 1359 : HH  : Orientation 1/2 (pKa = 11.3)

Working on cluster #77...
    A:THR 1363 : HG1 : 5 states

  Scoring exhaustively (5 potential combinations)...

  Cluster results:
    A:THR 1363 : HG1 : Stagger 3 5/5

Working on cluster #78...
    A:CYS 1365 : HG  : 7 states

  Scoring exhaustively (7 potential combinations)...

  Cluster results:
    A:CYS 1365 : HG  : Orientation 1/6 (pKa = 12.44)

Working on cluster #79...
    A:TYR 1385 : HH  : 4 states

  Scoring exhaustively (4 potential combinations)...

  Cluster results:
    A:TYR 1385 : HH  : Orientation 1/3 (pKa = 10.19)

Working on cluster #80...
    A:CYS 1386 : HG  : 7 states

  Scoring exhaustively (7 potential combinations)...

  Cluster results:
    A:CYS 1386 : HG  : Orientation 1/6 (pKa = 11.05)

Working on cluster #81...
    A:THR 1387 : HG1 : 5 states

  Scoring exhaustively (5 potential combinations)...

  Cluster results:
    A:THR 1387 : HG1 : Stagger 2 4/5

Working on cluster #82...
    A:THR 1395 : HG1 : 5 states

  Scoring exhaustively (5 potential combinations)...

  Cluster results:
    A:THR 1395 : HG1 : Orientation 1/5

Working on cluster #83...
    A:TYR 1401 : HH  : 4 states

  Scoring exhaustively (4 potential combinations)...

  Cluster results:
    A:TYR 1401 : HH  : Orientation 1/3 (pKa = 10.06)

Working on cluster #84...
    A:GLU 1132  : 3 states

  Scoring exhaustively (3 potential combinations)...

  Cluster results:
    A:GLU 1132  : Charged (pKa = 4.27)

Working on cluster #85...
    A:ASP 1141  : 3 states

  Scoring exhaustively (3 potential combinations)...

  Cluster results:
    A:ASP 1141  : Charged (pKa = 2.88)

Working on cluster #86...
    A:GLU 1154  : 3 states

  Scoring exhaustively (3 potential combinations)...

  Cluster results:
    A:GLU 1154  : Charged (pKa = 4.74)

Working on cluster #87...
    A:GLU 1158  : 3 states

  Scoring exhaustively (3 potential combinations)...

  Cluster results:
    A:GLU 1158  : Charged (pKa = 4.61)

Working on cluster #88...
    A:GLU 1161  : 3 states

  Scoring exhaustively (3 potential combinations)...

  Cluster results:
    A:GLU 1161  : Charged (pKa = 3.69)

Working on cluster #89...
    A:GLU 1210  : 3 states

  Scoring exhaustively (3 potential combinations)...

  Cluster results:
    A:GLU 1210  : Charged (pKa = 3.75)

Working on cluster #90...
    A:ASP 1225  : 3 states

  Scoring exhaustively (3 potential combinations)...

  Cluster results:
    A:ASP 1225  : Charged (pKa = 3.29)

Working on cluster #91...
    A:ASP 1232  : 3 states

  Scoring exhaustively (3 potential combinations)...

  Cluster results:
    A:ASP 1232  : Charged (pKa = 5.06)

Working on cluster #92...
    A:GLU 1241  : 3 states

  Scoring exhaustively (3 potential combinations)...

  Cluster results:
    A:GLU 1241  : Charged (pKa = 5.05)

Working on cluster #93...
    A:GLU 1242  : 3 states

  Scoring exhaustively (3 potential combinations)...

  Cluster results:
    A:GLU 1242  : Charged (pKa = 4.88)

Working on cluster #94...
    A:ASP 1276  : 3 states

  Scoring exhaustively (3 potential combinations)...

  Cluster results:
    A:ASP 1276  : Charged (pKa = 3.75)

Working on cluster #95...
    A:GLU 1299  : 3 states

  Scoring exhaustively (3 potential combinations)...

  Cluster results:
    A:GLU 1299  : Charged (pKa = 3.75)

Working on cluster #96...
    A:GLU 1303  : 3 states

  Scoring exhaustively (3 potential combinations)...

  Cluster results:
    A:GLU 1303  : Charged (pKa = 4.63)

Working on cluster #97...
    A:ASP 1311  : 3 states

  Scoring exhaustively (3 potential combinations)...

  Cluster results:
    A:ASP 1311  : Charged (pKa = 6.53)

Working on cluster #98...
    A:GLU 1321  : 3 states

  Scoring exhaustively (3 potential combinations)...

  Cluster results:
    A:GLU 1321  : Charged (pKa = 6.5)

Working on cluster #99...
    A:ASP 1349  : 3 states

  Scoring exhaustively (3 potential combinations)...

  Cluster results:
    A:ASP 1349  : Charged (pKa = 3.97)

Working on cluster #100...
    A:GLU 1371  : 3 states

  Scoring exhaustively (3 potential combinations)...

  Cluster results:
    A:GLU 1371  : Charged (pKa = 4.32)

Working on cluster #101...
    A:GLU 1381  : 3 states

  Scoring exhaustively (3 potential combinations)...

  Cluster results:
    A:GLU 1381  : Charged (pKa = 4.68)

Working on cluster #102...
    A:GLU 1384  : 3 states

  Scoring exhaustively (3 potential combinations)...

  Cluster results:
    A:GLU 1384  : Charged (pKa = 5.03)

Working on cluster #103...
    A:ASP 1389  : 3 states

  Scoring exhaustively (3 potential combinations)...

  Cluster results:
    A:ASP 1389  : Charged (pKa = 3.52)

Working on cluster #104...
    A:ASP 1391  : 3 states

  Scoring exhaustively (3 potential combinations)...

  Cluster results:
    A:ASP 1391  : Charged (pKa = 4.23)

Working on cluster #105...
    A:GLU 1400  : 3 states

  Scoring exhaustively (3 potential combinations)...

  Cluster results:
    A:GLU 1400  : Charged (pKa = 4.2)


Recalculating pKas to identify changes in protonation penalties...
  Running PropKa to get pKas
    No changes in protonation penalties found.

Minimizing hydrogens...

Total score for structure: -144.16698468

Final pKas:
  A:LYS 1101  : 10.45
  A:LYS 1109  : 10.38
  A:LYS 1114  : 10.43
  A:LYS 1150  : 14.29
  A:LYS 1173  : 10.30
  A:LYS 1205  : 9.12
  A:LYS 1267  : 10.30
  A:LYS 1285  : 11.91
  A:LYS 1294  : 9.61
  A:LYS 1309  : 9.67
  A:LYS 1333  : 10.30
  A:LYS 1352  : 10.38
  A:HID 1124  : 6.62
  A:HID 1176  : 4.99
  A:HID 1228  : 5.49
  A:HID 1244  : 6.30
  A:HID 1247  : 4.38
  A:HID 1368  : 5.90
  A:TYR 1096 : HH  : 12.86
  A:CYS 1097 : HG  : 8.77
  A:TYR 1131 : HH  : 10.66
  A:CYS 1156 : HG  : 10.27
  A:CYS 1182 : HG  : 10.82
  A:CYS 1235 : HG  : 10.62
  A:CYS 1237 : HG  : 14.18
  A:TYR 1239 : HH  : 10.55
  A:CYS 1255 : HG  : 12.82
  A:CYS 1259 : HG  : 9.00
  A:TYR 1278 : HH  : 10.01
  A:TYR 1282 : HH  : 11.86
  A:TYR 1283 : HH  : 12.11
  A:CYS 1288 : HG  : 9.22
  A:TYR 1327 : HH  : 10.20
  A:TYR 1330 : HH  : 12.63
  A:CYS 1354 : HG  : 11.98
  A:TYR 1359 : HH  : 11.30
  A:CYS 1365 : HG  : 12.44
  A:TYR 1385 : HH  : 10.19
  A:CYS 1386 : HG  : 11.05
  A:TYR 1401 : HH  : 10.06
  A:ASP 1107  : 2.77
  A:GLU 1110  : 4.24
  A:GLU 1129  : 4.22
  A:GLU 1132  : 4.27
  A:ASP 1141  : 2.88
  A:GLU 1154  : 4.74
  A:GLU 1158  : 4.61
  A:ASP 1160  : 1.95
  A:GLU 1161  : 3.69
  A:ASP 1163  : 4.00
  A:GLU 1167  : 4.67
  A:GLU 1197  : 4.00
  A:ASP 1203  : 3.85
  A:GLU 1210  : 3.75
  A:ASP 1225  : 3.29
  A:ASP 1232  : 5.06
  A:GLU 1241  : 5.05
  A:GLU 1242  : 4.88
  A:ASP 1249  : 6.17
  A:ASP 1270  : 2.32
  A:ASP 1276  : 3.75
  A:GLU 1299  : 3.75
  A:GLU 1303  : 4.63
  A:ASP 1311  : 6.53
  A:GLU 1321  : 6.50
  A:GLU 1337  : 3.92
  A:GLU 1340  : 4.12
  A:ASP 1349  : 3.97
  A:GLU 1371  : 4.32
  A:ASP 1372  : 4.00
  A:GLU 1381  : 4.68
  A:GLU 1384  : 5.03
  A:ASP 1389  : 3.52
  A:ASP 1391  : 4.23
  A:GLU 1400  : 4.20
Structure extracted from file: 5J7H-protassign.mae
Output structure will be written to: 5J7H-protassign-out.mae

Complete. Output file: 5J7H-protassign-out.mae
