
Working on structure 1
Fixing common structure mistakes...
  No mistakes were found
Pre-treating metals...
Done treating metals
Assigning bond orders...
  Using CCD: True
CCD template assignment successfully used for HET "0LI "
CCD template assignment successfully used for HET "EDO "
CCD template assignment successfully used for HET "EDO "
CCD template assignment successfully used for HET "0LI "
  Assigned the following bonds (format: atom1, atom2, order): set([(2394, 2373, 2), (2432, 2431, 2), (2434, 2416, 2), (2440, 2419, 2), (2393, 2372, 2), (2389, 2390, 2), (2427, 2428, 2), (2413, 2417, 2), (2366, 2370, 2), (2363, 2383, 2), (2378, 2379, 2), (2441, 2420, 2), (2425, 2426, 2), (2415, 2414, 2), (2365, 2386, 3), (2436, 2437, 2), (2392, 2371, 2), (2412, 2433, 3), (2385, 2384, 2), (2380, 2381, 2), (2410, 2430, 2), (2387, 2369, 2), (2368, 2367, 2), (2439, 2418, 2)])
Adding hydrogens...
Treating metals...
Creating di-sulfur bonds...
Converting Selenomethionines...
Detecting missing residue atoms...
Filling missing side chains using Prime...
Prime output file: /cbio/jclab/home/albaness/github/PDBfinder/pdbs/Ponatinib-DDR1/fixed/3ZOS-fixed/3zos-missing-side-chains-out.maegz
Filling missing loops using Prime...
Prime output file: /cbio/jclab/home/albaness/github/PDBfinder/pdbs/Ponatinib-DDR1/fixed/3ZOS-fixed/3zos-missing-loops-out.maegz
Capping protein termini...
Replacing oxygen 5603 because it is trans
CapTermini:     Added NMA Cap: A:913A
CapTermini:     Added ACE Cap: A:601
  The following terminal residues have been capped: A:913, A:602
Finding het groups...
Coloring atoms by element (green carbons in hets)...
Finding het groups (for Epik)...
Processing 4 het groups...
  Using Epik with pH: 7.4
        and pH Range: 0.0
  Max states per het: 32
Running Epik on 4 het groups...
  Waiting for epik...
  Het A:0LI (1000): keeping all 1 state(s):
    State penalty: -0.00 kcal/mol; H-Bond count: 2.
  Het A:EDO (1001): keeping all 1 state(s):
    State penalty: -0.00 kcal/mol; H-Bond count: 0.
  Het A:EDO (1002): keeping all 1 state(s):
    State penalty: -0.00 kcal/mol; H-Bond count: 0.
  Het A:0LI (1004): keeping all 1 state(s):
    State penalty: -0.00 kcal/mol; H-Bond count: 0.
Running ProtAssign...
  Uses -minimize option in ProtAssign
  Using PROPKA with pH: 7.4
  RUNNING: /cbio/jclab/share/schrodinger/schrodinger2016-3/utilities/protassign 3ZOS-protassign.mae 3ZOS-protassign-out.mae -NOJOBID -nowater -minimize -propka_pH 7.4
Optimize H-bond job completed.
Running restrained minimization...
  RMSD: 0.3
  Force field: 2005
  hydrogens only
done with preparation
Writing to file...
DONE. Output file: ../3ZOS-fixed.pdb
