
** Heavy-atom coordinates will be fixed: maxlevel set to 0
  **
  ** Beginning refinement level 0
  **

%IMPACT-I (openwt): Request to open FORMATTED file 4XE0-impref_ref0.out on unit   2
 Entering IMPACT execution environment 
 Date: Thursday, December 01 2016, at 01:46:21 EST
 Impact version 72014
 mmshare version        35014
 Copyright (c) Schrodinger, LLC.
 All Rights Reserved.

 Host: Linux cc05.local 2.6.32-573.18.1.el6.x86_64 #1 SMP Tue Feb 9 22:46:17 UTC 2016 x86_64
 Job Name: 4XE0-impref_ref0
 SCHRODINGER  directory: /cbio/jclab/share/schrodinger/schrodinger2016-3
 IMPACT_EXEC  directory: /cbio/jclab/share/schrodinger/schrodinger2016-3/impact-v7.2/bin/Linux-x86_64
 MMSHARE_EXEC directory: /cbio/jclab/share/schrodinger/schrodinger2016-3/mmshare-v3.5/bin/Linux-x86_64

 Clock-based global random seed:     1480574781
%IMPACT-I(foldmain): calling OPLS_2005 atomtyping ...
%IMPACT-I(foldmain): finished parameter assignment
 PARM read from file "paramstd.dat"
 Parameter obtained from atomtyping
      Current coord. are written to file: "4XE0-impref.init_coord.rst"
      Box dimensions not written


 Total number of atoms  = 15161
 
 Neighbor List Cutoff Settings
 ==================================
 Cutoff radius:   10.0000000000000     
 Update frequency: every           10  steps
 Species   1 : Neighbors are calculated on a per residue basis
 Species   1 : Cutoff by inter-atomic distances
 
 Step number:          0         Non-bonded count:  3771501
 E-pot        RMS grad     Max grad    
  1.04334E+07  9.06786E+05  1.13186E+08
 Step number:         10         Non-bonded count:  3771501
 -2.81576E+04  9.12858E+00  8.73504E+02
 Step number:         20         Non-bonded count:  3771501
 -3.04920E+04  3.54198E+00  3.71649E+02
 Step number:         30         Non-bonded count:  3771501
 -3.10709E+04  1.43092E+00  1.38167E+02
 Step number:         40         Non-bonded count:  3771501
 -3.14008E+04  1.60403E+00  1.53644E+02
 Step number:         50         Non-bonded count:  3771501
 -3.16659E+04  1.19949E+00  7.09541E+01
 Step number:         60         Non-bonded count:  3771501
 -3.18632E+04  1.15130E+00  8.16580E+01
 Step number:         70         Non-bonded count:  3771501
 -3.20028E+04  9.42763E-01  6.38639E+01
 Step number:         80         Non-bonded count:  3771501
 -3.21065E+04  8.52332E-01  5.55387E+01
 Step number:         90         Non-bonded count:  3771501
 -3.21880E+04  7.53362E-01  5.83169E+01
 Step number:        100         Non-bonded count:  3771501
 -3.22536E+04  6.31943E-01  5.25648E+01
 Step number:        100         Non-bonded count:  3771501
 -3.22536E+04  6.31943E-01  5.25648E+01
      Current coord. are written to file: "4XE0-impref.min0_coord.rst"
      Box dimensions not written
      Current coordinates are read from file: "4XE0-impref.init_coord.rst"
      Box dimensions not read
          read from "4XE0-impref.init_coord.rst"
  
 Energy and Force Generation Info: 
 --------------------------------- 
 Number of E&F called:     375
 PARM read from file "paramstd.dat"
 Parameter obtained from atomtyping
      Current coordinates are read from file: "4XE0-impref.min0_coord.rst"
      Box dimensions not read
          read from "4XE0-impref.min0_coord.rst"


 Total number of atoms  = 15161
 
 Neighbor List Cutoff Settings
 ==================================
 Cutoff radius:   10.0000000000000     
 Update frequency: every           10  steps
 Species   1 : Neighbors are calculated on a per residue basis
 Species   1 : Cutoff by inter-atomic distances
 
 Step number:          0         Non-bonded count:  3771501
 E-pot        RMS grad     Max grad    
 -2.86953E+04  2.90018E+00  5.25648E+01
 Step number:         10         Non-bonded count:  3771501
 -3.06948E+04  3.41031E+00  3.43943E+02
 Step number:         20         Non-bonded count:  3771501
 -3.10977E+04  9.76555E-01  6.90419E+01
 Step number:         30         Non-bonded count:  3771501
 -3.11960E+04  5.95483E-01  3.04690E+01
 Step number:         40         Non-bonded count:  3771501
 -3.12507E+04  5.57493E-01  2.79004E+01
 Step number:         50         Non-bonded count:  3771501
 -3.12785E+04  2.90588E-01  1.65837E+01
 Step number:         60         Non-bonded count:  3771501
 -3.12913E+04  2.39127E-01  1.32534E+01
 Step number:         70         Non-bonded count:  3771501
 -3.13007E+04  2.12102E-01  1.27769E+01
 Step number:         80         Non-bonded count:  3771501
 -3.13080E+04  2.24260E-01  2.12690E+01
 Step number:         90         Non-bonded count:  3771501
 -3.13157E+04  3.04614E-01  2.46967E+01
 Step number:        100         Non-bonded count:  3771501
 -3.13249E+04  1.86024E-01  7.59469E+00
 Step number:        100         Non-bonded count:  3771501
 -3.13249E+04  1.86024E-01  7.59469E+00
  
 Energy and Force Generation Info: 
 --------------------------------- 
 Number of E&F called:     684


Final Energy Reports:
------------------------------------
 Total Energy of the system...... -3.13249E+04 kcal/mol
 Total Potential Energy.......... -3.13249E+04 kcal/mol
 Total Kinetic Energy............  0.00000E+00 kcal/mol
 Temperature of the system.......        0.000 K
 Bond Stretch Energy.............  1.34823E+02 kcal/mol
 Angle Bending Energy............  1.78103E+03 kcal/mol
 Torsion Angle Energy............  6.07827E+02 kcal/mol
 Restraining Energy for Torsions.  0.00000E+00 kcal/mol
 1,4 Lennard Jones Energy........  1.43984E+03 kcal/mol
 1,4 Electrostatic Energy........ -1.13844E+03 kcal/mol
 Lennard Jones Energy............ -6.36761E+02 kcal/mol
 Electrostatic Energy............ -3.35133E+04 kcal/mol
 H-bond Energy...................  0.00000E+00 kcal/mol
 
 Exiting IMPACT execution environment 
 Date: Thursday, December 01 2016, at 01:47:50 EST
%IMPACT-I (timit): Total CPU time =      88.71 seconds (   1.5 minutes)
Total elapsed time = 90 seconds (1 minutes, 30 seconds)
  ** Completed refinement level 0      rmsd =  0.035

** Refinement finished. Final level: 0

** The refined complex file is 4XE0-impref_ref.mae.
