
Working on structure 1
Fixing common structure mistakes...
  No mistakes were found
Pre-treating metals...
Done treating metals
Assigning bond orders...
  Using CCD: True
CCD template assignment successfully used for HET "IRE "
  Assigned the following bonds (format: atom1, atom2, order): set([(2412, 2413, 2), (2420, 2421, 2), (2426, 2425, 2), (2424, 2431, 2), (2430, 2428, 2), (2416, 2411, 2), (2422, 2423, 2), (2418, 2417, 2)])
Adding hydrogens...
Treating metals...
Creating di-sulfur bonds...
Converting Selenomethionines...
Detecting missing residue atoms...
Filling missing loops using Prime...
Prime output file: /cbio/jclab/home/albaness/github/PDBfinder/pdbs/Gefitinib-EGFR/fixed/4I22-fixed/4i22-missing-loops-out.maegz
Capping protein termini...
CapTermini:     Added NMA Cap: A:1014A
CapTermini:     Added ACE Cap: A:699
  The following terminal residues have been capped: A:1014, A:700
Finding het groups...
Coloring atoms by element (green carbons in hets)...
Finding het groups (for Epik)...
Processing 3 het groups...
  Using Epik with pH: 7.4
        and pH Range: 0.0
  Max states per het: 32
Running Epik on 3 het groups...
  Waiting for epik...
  Het A:IRE (9001): keeping all 1 state(s):
    State penalty: 0.19 kcal/mol; H-Bond count: 1.
  Het A:SO4 (9002): keeping all 1 state(s):
    State penalty: -0.00 kcal/mol; H-Bond count: 0.
  Het A:SO4 (9003): keeping all 1 state(s):
    State penalty: -0.00 kcal/mol; H-Bond count: 6.
Running ProtAssign...
  Uses -minimize option in ProtAssign
  Using PROPKA with pH: 7.4
  RUNNING: /cbio/jclab/share/schrodinger/schrodinger2016-3/utilities/protassign 4I22-protassign.mae 4I22-protassign-out.mae -NOJOBID -nowater -minimize -propka_pH 7.4
Optimize H-bond job completed.
Running restrained minimization...
  RMSD: 0.3
  Force field: 2005
  hydrogens only
done with preparation
Writing to file...
DONE. Output file: ../4I22-fixed.pdb
