  Running PropKa to get pKas

Clusters to optimize:
    Cluster 1:
        A:ASN 700 
    Cluster 2:
        A:GLN 701 
        A:TYR 764 : HH 
    Cluster 3:
        A:ASN 756 
    Cluster 4:
        A:ASN 771 
    Cluster 5:
        A:GLN 787 
        A:GLU 746 
        A:THR 785 : HG1
        A:SER 784 : HG 
        A:THR 783 : HG1
        A:LYS 714 
    Cluster 6:
        A:GLN 791 
    Cluster 7:
        A:ASN 808 
    Cluster 8:
        A:GLN 812 
        A:ASP 1012 
        A:HID 988 
    Cluster 9:
        A:ASN 816 
    Cluster 10:
        A:GLN 820 
        A:GLU 1005 
        A:ASP 1003 
        A:HID 850 
        A:HID 773 
        A:LYS 852 
        A:LYS 846 
    Cluster 11:
        A:ASN 826 
        A:ASP 830 
    Cluster 12:
        A:ASN 842 
        A:ASP 855 
        A:ASP 837 
        A:LYS 745 
    Cluster 13:
        A:GLN 849 
        A:THR 847 : HG1
        A:TYR 813 : HH 
    Cluster 14:
        A:GLN 894 
        A:GLU 829 
        A:HID 893 
        A:LYS 960 
    Cluster 15:
        A:GLN 935 
    Cluster 16:
        A:GLN 976 
    Cluster 17:
        A:GLN 982 
    Cluster 18:
        A:ASN 996 
    Cluster 19:
        A:LYS 708 
    Cluster 20:
        A:LYS 713 
    Cluster 21:
        A:LYS 716 
    Cluster 22:
        A:LYS 728 
    Cluster 23:
        A:LYS 737 
    Cluster 24:
        A:LYS 739 
    Cluster 25:
        A:LYS 754 
    Cluster 26:
        A:LYS 757 
    Cluster 27:
        A:LYS 806 
        A:ASP 807 
    Cluster 28:
        A:LYS 823 
        A:ASP 1008 
    Cluster 29:
        A:LYS 860 
    Cluster 30:
        A:LYS 867 
        A:GLU 865 
        A:THR 751 : HG1
    Cluster 31:
        A:LYS 875 
        A:GLU 872 
        A:TYR 869 : HH 
    Cluster 32:
        A:LYS 879 
    Cluster 33:
        A:LYS 913 
    Cluster 34:
        A:LYS 929 
    Cluster 35:
        A:LYS 949 
    Cluster 36:
        A:LYS 970 
        A:GLU 967 
        A:TYR 978 : HH 
    Cluster 37:
        A:HID 805 
        A:TYR 801 : HH 
    Cluster 38:
        A:HID 835 
    Cluster 39:
        A:HIS 870 
    Cluster 40:
        A:HID 888 
    Cluster 41:
        A:THR 710 : HG1
    Cluster 42:
        A:SER 720 : HG 
    Cluster 43:
        A:THR 725 : HG1
    Cluster 44:
        A:TYR 727 : HH 
    Cluster 45:
        A:SER 752 : HG 
    Cluster 46:
        A:SER 768 : HG 
    Cluster 47:
        A:CYS 775 : HG 
    Cluster 48:
        A:CYS 781 : HG 
    Cluster 49:
        A:CYS 797 : HG 
        A:ASP 800 
    Cluster 50:
        A:SER 811 : HG 
        A:ASP 984 
    Cluster 51:
        A:CYS 818 : HG 
    Cluster 52:
        A:TYR 827 : HH 
    Cluster 53:
        A:THR 854 : HG1
    Cluster 54:
        A:SER 885 : HG 
        A:SER 895 : HG 
        A:THR 892 : HG1
    Cluster 55:
        A:TYR 891 : HH 
    Cluster 56:
        A:SER 899 : HG 
    Cluster 57:
        A:TYR 900 : HH 
    Cluster 58:
        A:THR 903 : HG1
    Cluster 59:
        A:THR 909 : HG1
        A:SER 912 : HG 
    Cluster 60:
        A:TYR 915 : HH 
    Cluster 61:
        A:SER 921 : HG 
    Cluster 62:
        A:SER 924 : HG 
    Cluster 63:
        A:SER 925 : HG 
    Cluster 64:
        A:CYS 939 : HG 
    Cluster 65:
        A:THR 940 : HG1
    Cluster 66:
        A:TYR 944 : HH 
    Cluster 67:
        A:CYS 950 : HG 
    Cluster 68:
        A:SER 957 : HG 
        A:ASP 954 
    Cluster 69:
        A:SER 969 : HG 
    Cluster 70:
        A:SER 991 : HG 
        A:ASP 994 
    Cluster 71:
        A:THR 993 : HG1
    Cluster 72:
        A:SER 995 : HG 
    Cluster 73:
        A:TYR 998 : HH 
    Cluster 74:
        A:GLU 709 
    Cluster 75:
        A:GLU 711 
    Cluster 76:
        A:GLU 734 
    Cluster 77:
        A:GLU 736 
    Cluster 78:
        A:GLU 749 
    Cluster 79:
        A:GLU 758 
    Cluster 80:
        A:ASP 761 
    Cluster 81:
        A:GLU 762 
    Cluster 82:
        A:ASP 770 
    Cluster 83:
        A:GLU 804 
    Cluster 84:
        A:GLU 866 
    Cluster 85:
        A:GLU 868 
    Cluster 86:
        A:GLU 884 
    Cluster 87:
        A:ASP 896 
    Cluster 88:
        A:GLU 906 
    Cluster 89:
        A:ASP 916 
    Cluster 90:
        A:GLU 922 
    Cluster 91:
        A:GLU 928 
    Cluster 92:
        A:GLU 931 
    Cluster 93:
        A:ASP 942 
    Cluster 94:
        A:ASP 956 
    Cluster 95:
        A:GLU 963 
    Cluster 96:
        A:ASP 974 
    Cluster 97:
        A:GLU 985 
    Cluster 98:
        A:GLU 1004 
    Cluster 99:
        A:ASP 1006 
    Cluster 100:
        A:ASP 1009 
    Cluster 101:
        A:ASP 1014 

Working on cluster #1...
    A:ASN 700  : 2 states

  Scoring exhaustively (2 potential combinations)...

  Cluster results:
    A:ASN 700  : No Flip

Working on cluster #2...
    A:GLN 701  : 2 states
    A:TYR 764 : HH  : 4 states

  Scoring exhaustively (8 potential combinations)...

  Cluster results:
    A:GLN 701  : Flip
    A:TYR 764 : HH  : Default 1 2/3 (pKa = 10.49)

Working on cluster #3...
    A:ASN 756  : 2 states

  Scoring exhaustively (2 potential combinations)...

  Cluster results:
    A:ASN 756  : No Flip

Working on cluster #4...
    A:ASN 771  : 2 states

  Scoring exhaustively (2 potential combinations)...
    No valid conformations found. Trying again with less strict requirements.

  Cluster results:
    A:ASN 771  : Flip

Working on cluster #5...
    A:GLN 787  : 2 states
    A:GLU 746  : 3 states
    A:THR 785 : HG1 : 6 states
    A:SER 784 : HG  : 8 states
    A:THR 783 : HG1 : 9 states
    A:LYS 714  : 12 states

  Scoring exhaustively (31104 potential combinations)...

  Cluster results:
    A:GLN 787  : No Flip
    A:GLU 746  : Charged (pKa = 4.16)
    A:THR 785 : HG1 : Orientation 1/6
    A:SER 784 : HG  : Stagger 2 7/8
    A:THR 783 : HG1 : Default 7/9
    A:LYS 714  : Orientation 1/2 (pKa = 10.28)

Working on cluster #6...
    A:GLN 791  : 2 states

  Scoring exhaustively (2 potential combinations)...

  Cluster results:
    A:GLN 791  : No Flip

Working on cluster #7...
    A:ASN 808  : 2 states

  Scoring exhaustively (2 potential combinations)...

  Cluster results:
    A:ASN 808  : No Flip

Working on cluster #8...
    A:GLN 812  : 2 states
    A:ASP 1012  : 3 states
    A:HID 988  : 6 states

  Scoring exhaustively (36 potential combinations)...

  Cluster results:
    A:GLN 812  : Flip
    A:ASP 1012  : Charged (pKa = 2.45)
    A:HID 988  : HIP (pKa = 7.28)

Working on cluster #9...
    A:ASN 816  : 2 states

  Scoring exhaustively (2 potential combinations)...

  Cluster results:
    A:ASN 816  : No Flip

Working on cluster #10...
    A:GLN 820  : 2 states
    A:GLU 1005  : 3 states
    A:ASP 1003  : 3 states
    A:HID 850  : 6 states
    A:HID 773  : 6 states
    A:LYS 852  : 16 states
    A:LYS 846  : 20 states

  Scoring exhaustively (207360 potential combinations)...
    No valid conformations found. Trying again with less strict requirements.
    No valid conformations found. Trying again with less strict requirements.

  Cluster results:
    A:GLN 820  : No Flip
    A:GLU 1005  : Charged (pKa = 1.96)
    A:ASP 1003  : Charged (pKa = 3.81)
    A:HID 850  : Flip HIE (pKa = 5.98)
    A:HID 773  : Flip HID (pKa = 2.67)
    A:LYS 852  : Orientation 3/3 (pKa = 11.3)
    A:LYS 846  : Stagger (pKa = 10.75)

Working on cluster #11...
    A:ASN 826  : 2 states
    A:ASP 830  : 3 states

  Scoring exhaustively (6 potential combinations)...

  Cluster results:
    A:ASN 826  : Flip
    A:ASP 830  : Charged (pKa = 4.26)

Working on cluster #12...
    A:ASN 842  : 2 states
    A:ASP 855  : 3 states
    A:ASP 837  : 3 states
    A:LYS 745  : 12 states

  Scoring exhaustively (216 potential combinations)...
    No valid conformations found. Trying again with less strict requirements.

  Cluster results:
    A:ASN 842  : Flip
    A:ASP 855  : Charged (pKa = 1.78)
    A:ASP 837  : Charged (pKa = 4.25)
    A:LYS 745  : Orientation 2/2 (pKa = 9.17)

Working on cluster #13...
    A:GLN 849  : 2 states
    A:THR 847 : HG1 : 8 states
    A:TYR 813 : HH  : 3 states

  Scoring exhaustively (48 potential combinations)...

  Cluster results:
    A:GLN 849  : No Flip
    A:THR 847 : HG1 : Orientation 6/8
    A:TYR 813 : HH  : Default 2 2/2 (pKa = 11.37)

Working on cluster #14...
    A:GLN 894  : 2 states
    A:GLU 829  : 3 states
    A:HID 893  : 6 states
    A:LYS 960  : 16 states

  Scoring exhaustively (576 potential combinations)...
    No valid conformations found. Trying again with less strict requirements.

  Cluster results:
    A:GLN 894  : Flip
    A:GLU 829  : Charged (pKa = 3.82)
    A:HID 893  : Flip HIE (pKa = 5.97)
    A:LYS 960  : Orientation 2/3 (pKa = 10.79)

Working on cluster #15...
    A:GLN 935  : 2 states

  Scoring exhaustively (2 potential combinations)...

  Cluster results:
    A:GLN 935  : Flip

Working on cluster #16...
    A:GLN 976  : 2 states

  Scoring exhaustively (2 potential combinations)...

  Cluster results:
    A:GLN 976  : No Flip

Working on cluster #17...
    A:GLN 982  : 2 states

  Scoring exhaustively (2 potential combinations)...

  Cluster results:
    A:GLN 982  : No Flip

Working on cluster #18...
    A:ASN 996  : 2 states

  Scoring exhaustively (2 potential combinations)...

  Cluster results:
    A:ASN 996  : No Flip

Working on cluster #19...
    A:LYS 708  : 12 states

  Scoring exhaustively (12 potential combinations)...

  Cluster results:
    A:LYS 708  : Orientation 1/2 (pKa = 10.55)

Working on cluster #20...
    A:LYS 713  : 8 states

  Scoring exhaustively (8 potential combinations)...

  Cluster results:
    A:LYS 713  : Stagger (pKa = 10.17)

Working on cluster #21...
    A:LYS 716  : 8 states

  Scoring exhaustively (8 potential combinations)...

  Cluster results:
    A:LYS 716  : Orientation 1/1 (pKa = 10.33)

Working on cluster #22...
    A:LYS 728  : 12 states

  Scoring exhaustively (12 potential combinations)...

  Cluster results:
    A:LYS 728  : Orientation 1/2 (pKa = 10.14)

Working on cluster #23...
    A:LYS 737  : 4 states

  Scoring exhaustively (4 potential combinations)...

  Cluster results:
    A:LYS 737  : Stagger (pKa = 10.47)

Working on cluster #24...
    A:LYS 739  : 12 states

  Scoring exhaustively (12 potential combinations)...

  Cluster results:
    A:LYS 739  : Orientation 1/2 (pKa = 10.37)

Working on cluster #25...
    A:LYS 754  : 16 states

  Scoring exhaustively (16 potential combinations)...

  Cluster results:
    A:LYS 754  : Stagger (pKa = 10.41)

Working on cluster #26...
    A:LYS 757  : 12 states

  Scoring exhaustively (12 potential combinations)...

  Cluster results:
    A:LYS 757  : Orientation 1/2 (pKa = 10.25)

Working on cluster #27...
    A:LYS 806  : 8 states
    A:ASP 807  : 3 states

  Scoring exhaustively (24 potential combinations)...

  Cluster results:
    A:LYS 806  : Orientation 1/1 (pKa = 11.37)
    A:ASP 807  : Charged (pKa = 3.05)

Working on cluster #28...
    A:LYS 823  : 8 states
    A:ASP 1008  : 3 states

  Scoring exhaustively (24 potential combinations)...
    No valid conformations found. Trying again with less strict requirements.

  Cluster results:
    A:LYS 823  : Stagger (pKa = 10.27)
    A:ASP 1008  : Charged (pKa = 3.25)

Working on cluster #29...
    A:LYS 860  : 8 states

  Scoring exhaustively (8 potential combinations)...

  Cluster results:
    A:LYS 860  : Orientation 1/1 (pKa = 10.59)

Working on cluster #30...
    A:LYS 867  : 8 states
    A:GLU 865  : 3 states
    A:THR 751 : HG1 : 5 states

  Scoring exhaustively (120 potential combinations)...

  Cluster results:
    A:LYS 867  : Orientation 1/1 (pKa = 11.49)
    A:GLU 865  : Charged (pKa = 3.44)
    A:THR 751 : HG1 : Stagger 2 4/5

Working on cluster #31...
    A:LYS 875  : 12 states
    A:GLU 872  : 3 states
    A:TYR 869 : HH  : 4 states

  Scoring exhaustively (144 potential combinations)...

  Cluster results:
    A:LYS 875  : Orientation 2/2 (pKa = 11.35)
    A:GLU 872  : Charged (pKa = 2.82)
    A:TYR 869 : HH  : Default 2 3/3 (pKa = 11.3)

Working on cluster #32...
    A:LYS 879  : 12 states

  Scoring exhaustively (12 potential combinations)...

  Cluster results:
    A:LYS 879  : Stagger (pKa = 9.76)

Working on cluster #33...
    A:LYS 913  : 12 states

  Scoring exhaustively (12 potential combinations)...

  Cluster results:
    A:LYS 913  : Stagger (pKa = 10.13)

Working on cluster #34...
    A:LYS 929  : 8 states

  Scoring exhaustively (8 potential combinations)...

  Cluster results:
    A:LYS 929  : Orientation 1/1 (pKa = 10.6)

Working on cluster #35...
    A:LYS 949  : 12 states

  Scoring exhaustively (12 potential combinations)...
    No valid conformations found. Trying again with less strict requirements.
    No valid conformations found. Trying again with less strict requirements.

  Cluster results:
    A:LYS 949  : Stagger (pKa = 10.55)

Working on cluster #36...
    A:LYS 970  : 8 states
    A:GLU 967  : 3 states
    A:TYR 978 : HH  : 4 states

  Scoring exhaustively (96 potential combinations)...

  Cluster results:
    A:LYS 970  : Orientation 1/1 (pKa = 11.17)
    A:GLU 967  : Charged (pKa = 4.72)
    A:TYR 978 : HH  : Default 1 2/3 (pKa = 10.05)

Working on cluster #37...
    A:HID 805  : 6 states
    A:TYR 801 : HH  : 3 states

  Scoring exhaustively (18 potential combinations)...

  Cluster results:
    A:HID 805  : HID (pKa = 6.32)
    A:TYR 801 : HH  : Default 1 2/2 (pKa = 12.13)

Working on cluster #38...
    A:HID 835  : 6 states

  Scoring exhaustively (6 potential combinations)...

  Cluster results:
    A:HID 835  : HIE (pKa = 6.53)

Working on cluster #39...
    A:HIS 870  : 6 states

  Scoring exhaustively (6 potential combinations)...

  Cluster results:
    A:HIS 870  : HID (pKa = 6.35)

Working on cluster #40...
    A:HID 888  : 6 states

  Scoring exhaustively (6 potential combinations)...

  Cluster results:
    A:HID 888  : Flip HID (pKa = 6.28)

Working on cluster #41...
    A:THR 710 : HG1 : 3 states

  Scoring exhaustively (3 potential combinations)...

  Cluster results:
    A:THR 710 : HG1 : Stagger 3 3/3

Working on cluster #42...
    A:SER 720 : HG  : 5 states

  Scoring exhaustively (5 potential combinations)...

  Cluster results:
    A:SER 720 : HG  : Stagger 1 3/5

Working on cluster #43...
    A:THR 725 : HG1 : 4 states

  Scoring exhaustively (4 potential combinations)...

  Cluster results:
    A:THR 725 : HG1 : Stagger 1 2/4

Working on cluster #44...
    A:TYR 727 : HH  : 4 states

  Scoring exhaustively (4 potential combinations)...

  Cluster results:
    A:TYR 727 : HH  : Orientation 1/3 (pKa = 10.72)

Working on cluster #45...
    A:SER 752 : HG  : 6 states

  Scoring exhaustively (6 potential combinations)...

  Cluster results:
    A:SER 752 : HG  : Stagger 2 5/6

Working on cluster #46...
    A:SER 768 : HG  : 9 states

  Scoring exhaustively (9 potential combinations)...

  Cluster results:
    A:SER 768 : HG  : Stagger 3 9/9

Working on cluster #47...
    A:CYS 775 : HG  : 7 states

  Scoring exhaustively (7 potential combinations)...

  Cluster results:
    A:CYS 775 : HG  : Stagger 1 4/6 (pKa = 10.08)

Working on cluster #48...
    A:CYS 781 : HG  : 9 states

  Scoring exhaustively (9 potential combinations)...

  Cluster results:
    A:CYS 781 : HG  : Orientation 2/8 (pKa = 10.7)

Working on cluster #49...
    A:CYS 797 : HG  : 8 states
    A:ASP 800  : 3 states

  Scoring exhaustively (24 potential combinations)...

  Cluster results:
    A:CYS 797 : HG  : Orientation 5/7 (pKa = 11.38)
    A:ASP 800  : Charged (pKa = 3.77)

Working on cluster #50...
    A:SER 811 : HG  : 9 states
    A:ASP 984  : 3 states

  Scoring exhaustively (27 potential combinations)...

  Cluster results:
    A:SER 811 : HG  : Orientation 1/9
    A:ASP 984  : Charged (pKa = 4.11)

Working on cluster #51...
    A:CYS 818 : HG  : 7 states

  Scoring exhaustively (7 potential combinations)...

  Cluster results:
    A:CYS 818 : HG  : Orientation 1/6 (pKa = 13.02)

Working on cluster #52...
    A:TYR 827 : HH  : 3 states

  Scoring exhaustively (3 potential combinations)...

  Cluster results:
    A:TYR 827 : HH  : Orientation 1/2 (pKa = 9.54)

Working on cluster #53...
    A:THR 854 : HG1 : 8 states

  Scoring exhaustively (8 potential combinations)...

  Cluster results:
    A:THR 854 : HG1 : Default 5/8

Working on cluster #54...
    A:SER 885 : HG  : 9 states
    A:SER 895 : HG  : 8 states
    A:THR 892 : HG1 : 9 states

  Scoring exhaustively (648 potential combinations)...
    No valid conformations found. Trying again with less strict requirements.

  Cluster results:
    A:SER 885 : HG  : Orientation 1/9
    A:SER 895 : HG  : Stagger 2 7/8
    A:THR 892 : HG1 : Orientation 4/9

Working on cluster #55...
    A:TYR 891 : HH  : 5 states

  Scoring exhaustively (5 potential combinations)...

  Cluster results:
    A:TYR 891 : HH  : Default 1 3/4 (pKa = 11.46)

Working on cluster #56...
    A:SER 899 : HG  : 7 states

  Scoring exhaustively (7 potential combinations)...

  Cluster results:
    A:SER 899 : HG  : Orientation 1/7

Working on cluster #57...
    A:TYR 900 : HH  : 3 states

  Scoring exhaustively (3 potential combinations)...

  Cluster results:
    A:TYR 900 : HH  : Orientation 1/2 (pKa = 16.25)

Working on cluster #58...
    A:THR 903 : HG1 : 6 states

  Scoring exhaustively (6 potential combinations)...

  Cluster results:
    A:THR 903 : HG1 : Orientation 1/6

Working on cluster #59...
    A:THR 909 : HG1 : 5 states
    A:SER 912 : HG  : 5 states

  Scoring exhaustively (25 potential combinations)...

  Cluster results:
    A:THR 909 : HG1 : Orientation 1/5
    A:SER 912 : HG  : Stagger 1 3/5

Working on cluster #60...
    A:TYR 915 : HH  : 4 states

  Scoring exhaustively (4 potential combinations)...
    No valid conformations found. Trying again with less strict requirements.

  Cluster results:
    A:TYR 915 : HH  : Default 1 3/3 (pKa = 12.48)

Working on cluster #61...
    A:SER 921 : HG  : 7 states

  Scoring exhaustively (7 potential combinations)...

  Cluster results:
    A:SER 921 : HG  : Orientation 3/7

Working on cluster #62...
    A:SER 924 : HG  : 9 states

  Scoring exhaustively (9 potential combinations)...

  Cluster results:
    A:SER 924 : HG  : Orientation 2/9

Working on cluster #63...
    A:SER 925 : HG  : 12 states

  Scoring exhaustively (12 potential combinations)...

  Cluster results:
    A:SER 925 : HG  : Stagger 3 12/12

Working on cluster #64...
    A:CYS 939 : HG  : 6 states

  Scoring exhaustively (6 potential combinations)...

  Cluster results:
    A:CYS 939 : HG  : Stagger 3 5/5 (pKa = 12.44)

Working on cluster #65...
    A:THR 940 : HG1 : 5 states

  Scoring exhaustively (5 potential combinations)...

  Cluster results:
    A:THR 940 : HG1 : Orientation 2/5

Working on cluster #66...
    A:TYR 944 : HH  : 4 states

  Scoring exhaustively (4 potential combinations)...

  Cluster results:
    A:TYR 944 : HH  : Orientation 1/3 (pKa = 10.22)

Working on cluster #67...
    A:CYS 950 : HG  : 6 states

  Scoring exhaustively (6 potential combinations)...

  Cluster results:
    A:CYS 950 : HG  : Orientation 1/5 (pKa = 12.44)

Working on cluster #68...
    A:SER 957 : HG  : 8 states
    A:ASP 954  : 3 states

  Scoring exhaustively (24 potential combinations)...

  Cluster results:
    A:SER 957 : HG  : Orientation 1/8
    A:ASP 954  : Charged (pKa = 2.9)

Working on cluster #69...
    A:SER 969 : HG  : 7 states

  Scoring exhaustively (7 potential combinations)...

  Cluster results:
    A:SER 969 : HG  : Orientation 1/7

Working on cluster #70...
    A:SER 991 : HG  : 12 states
    A:ASP 994  : 3 states

  Scoring exhaustively (36 potential combinations)...

  Cluster results:
    A:SER 991 : HG  : Default 9/12
    A:ASP 994  : Charged (pKa = 3.86)

Working on cluster #71...
    A:THR 993 : HG1 : 7 states

  Scoring exhaustively (7 potential combinations)...

  Cluster results:
    A:THR 993 : HG1 : Orientation 1/7

Working on cluster #72...
    A:SER 995 : HG  : 3 states

  Scoring exhaustively (3 potential combinations)...

  Cluster results:
    A:SER 995 : HG  : Stagger 3 3/3

Working on cluster #73...
    A:TYR 998 : HH  : 4 states

  Scoring exhaustively (4 potential combinations)...

  Cluster results:
    A:TYR 998 : HH  : Orientation 1/3 (pKa = 10.74)

Working on cluster #74...
    A:GLU 709  : 3 states

  Scoring exhaustively (3 potential combinations)...

  Cluster results:
    A:GLU 709  : Charged (pKa = 4.61)

Working on cluster #75...
    A:GLU 711  : 3 states

  Scoring exhaustively (3 potential combinations)...

  Cluster results:
    A:GLU 711  : Charged (pKa = 3.28)

Working on cluster #76...
    A:GLU 734  : 3 states

  Scoring exhaustively (3 potential combinations)...

  Cluster results:
    A:GLU 734  : Charged (pKa = 4.62)

Working on cluster #77...
    A:GLU 736  : 3 states

  Scoring exhaustively (3 potential combinations)...

  Cluster results:
    A:GLU 736  : Charged (pKa = 4.65)

Working on cluster #78...
    A:GLU 749  : 3 states

  Scoring exhaustively (3 potential combinations)...

  Cluster results:
    A:GLU 749  : Charged (pKa = 2.61)

Working on cluster #79...
    A:GLU 758  : 3 states

  Scoring exhaustively (3 potential combinations)...

  Cluster results:
    A:GLU 758  : Charged (pKa = 4.82)

Working on cluster #80...
    A:ASP 761  : 3 states

  Scoring exhaustively (3 potential combinations)...

  Cluster results:
    A:ASP 761  : Charged (pKa = 4.08)

Working on cluster #81...
    A:GLU 762  : 3 states

  Scoring exhaustively (3 potential combinations)...

  Cluster results:
    A:GLU 762  : Charged (pKa = 6.55)

Working on cluster #82...
    A:ASP 770  : 3 states

  Scoring exhaustively (3 potential combinations)...

  Cluster results:
    A:ASP 770  : Charged (pKa = 4.02)

Working on cluster #83...
    A:GLU 804  : 3 states

  Scoring exhaustively (3 potential combinations)...

  Cluster results:
    A:GLU 804  : Charged (pKa = 4.84)

Working on cluster #84...
    A:GLU 866  : 3 states

  Scoring exhaustively (3 potential combinations)...

  Cluster results:
    A:GLU 866  : Charged (pKa = 4.99)

Working on cluster #85...
    A:GLU 868  : 3 states

  Scoring exhaustively (3 potential combinations)...

  Cluster results:
    A:GLU 868  : Charged (pKa = 3.25)

Working on cluster #86...
    A:GLU 884  : 3 states

  Scoring exhaustively (3 potential combinations)...

  Cluster results:
    A:GLU 884  : Charged (pKa = 3.57)

Working on cluster #87...
    A:ASP 896  : 3 states

  Scoring exhaustively (3 potential combinations)...

  Cluster results:
    A:ASP 896  : Charged (pKa = 5.52)

Working on cluster #88...
    A:GLU 906  : 3 states

  Scoring exhaustively (3 potential combinations)...

  Cluster results:
    A:GLU 906  : Charged (pKa = 6.58)

Working on cluster #89...
    A:ASP 916  : 3 states

  Scoring exhaustively (3 potential combinations)...

  Cluster results:
    A:ASP 916  : Charged (pKa = 3.7)

Working on cluster #90...
    A:GLU 922  : 3 states

  Scoring exhaustively (3 potential combinations)...

  Cluster results:
    A:GLU 922  : Charged (pKa = 4.7)

Working on cluster #91...
    A:GLU 928  : 3 states

  Scoring exhaustively (3 potential combinations)...

  Cluster results:
    A:GLU 928  : Charged (pKa = 4.83)

Working on cluster #92...
    A:GLU 931  : 3 states

  Scoring exhaustively (3 potential combinations)...

  Cluster results:
    A:GLU 931  : Charged (pKa = 4.58)

Working on cluster #93...
    A:ASP 942  : 3 states

  Scoring exhaustively (3 potential combinations)...

  Cluster results:
    A:ASP 942  : Charged (pKa = 3.91)

Working on cluster #94...
    A:ASP 956  : 3 states

  Scoring exhaustively (3 potential combinations)...

  Cluster results:
    A:ASP 956  : Charged (pKa = 4.13)

Working on cluster #95...
    A:GLU 963  : 3 states

  Scoring exhaustively (3 potential combinations)...

  Cluster results:
    A:GLU 963  : Charged (pKa = 3.74)

Working on cluster #96...
    A:ASP 974  : 3 states

  Scoring exhaustively (3 potential combinations)...

  Cluster results:
    A:ASP 974  : Charged (pKa = 3.33)

Working on cluster #97...
    A:GLU 985  : 3 states

  Scoring exhaustively (3 potential combinations)...

  Cluster results:
    A:GLU 985  : Charged (pKa = 3.81)

Working on cluster #98...
    A:GLU 1004  : 3 states

  Scoring exhaustively (3 potential combinations)...

  Cluster results:
    A:GLU 1004  : Charged (pKa = 4.59)

Working on cluster #99...
    A:ASP 1006  : 3 states

  Scoring exhaustively (3 potential combinations)...

  Cluster results:
    A:ASP 1006  : Charged (pKa = 3.9)

Working on cluster #100...
    A:ASP 1009  : 3 states

  Scoring exhaustively (3 potential combinations)...

  Cluster results:
    A:ASP 1009  : Charged (pKa = 3.94)

Working on cluster #101...
    A:ASP 1014  : 3 states

  Scoring exhaustively (3 potential combinations)...

  Cluster results:
    A:ASP 1014  : Charged (pKa = 4.05)


Recalculating pKas to identify changes in protonation penalties...
  Running PropKa to get pKas
    No changes in protonation penalties found.

Minimizing hydrogens...

Total score for structure: -147.082156615

Final pKas:
  A:LYS 708  : 10.55
  A:LYS 713  : 10.17
  A:LYS 714  : 10.28
  A:LYS 716  : 10.33
  A:LYS 728  : 10.14
  A:LYS 737  : 10.47
  A:LYS 739  : 10.37
  A:LYS 745  : 9.17
  A:LYS 754  : 10.41
  A:LYS 757  : 10.25
  A:LYS 806  : 11.37
  A:LYS 823  : 10.27
  A:LYS 846  : 10.76
  A:LYS 852  : 11.30
  A:LYS 860  : 10.59
  A:LYS 867  : 11.49
  A:LYS 875  : 11.35
  A:LYS 879  : 9.76
  A:LYS 913  : 10.13
  A:LYS 929  : 10.60
  A:LYS 949  : 10.55
  A:LYS 960  : 10.79
  A:LYS 970  : 11.17
  A:HID 773  : 3.38
  A:HID 805  : 6.32
  A:HID 835  : 6.53
  A:HID 850  : 6.61
  A:HIS 870  : 6.35
  A:HID 888  : 6.27
  A:HID 893  : 5.89
  A:HID 988  : 7.28
  A:TYR 727 : HH  : 10.72
  A:TYR 764 : HH  : 10.49
  A:CYS 775 : HG  : 10.08
  A:CYS 781 : HG  : 10.70
  A:CYS 797 : HG  : 11.38
  A:TYR 801 : HH  : 12.13
  A:TYR 813 : HH  : 11.37
  A:CYS 818 : HG  : 13.02
  A:TYR 827 : HH  : 9.54
  A:TYR 869 : HH  : 11.30
  A:TYR 891 : HH  : 11.46
  A:TYR 900 : HH  : 16.25
  A:TYR 915 : HH  : 12.48
  A:CYS 939 : HG  : 12.44
  A:TYR 944 : HH  : 10.22
  A:CYS 950 : HG  : 12.44
  A:TYR 978 : HH  : 10.05
  A:TYR 998 : HH  : 10.74
  A:GLU 709  : 4.61
  A:GLU 711  : 3.28
  A:GLU 734  : 4.62
  A:GLU 736  : 4.65
  A:GLU 746  : 4.16
  A:GLU 749  : 2.61
  A:GLU 758  : 4.82
  A:ASP 761  : 4.08
  A:GLU 762  : 6.55
  A:ASP 770  : 3.93
  A:ASP 800  : 3.77
  A:GLU 804  : 4.84
  A:ASP 807  : 3.05
  A:GLU 829  : 3.83
  A:ASP 830  : 4.26
  A:ASP 837  : 4.07
  A:ASP 855  : 1.78
  A:GLU 865  : 3.44
  A:GLU 866  : 4.99
  A:GLU 868  : 3.25
  A:GLU 872  : 2.82
  A:GLU 884  : 3.57
  A:ASP 896  : 5.51
  A:GLU 906  : 6.58
  A:ASP 916  : 3.70
  A:GLU 922  : 4.70
  A:GLU 928  : 4.83
  A:GLU 931  : 4.58
  A:ASP 942  : 3.91
  A:ASP 954  : 2.90
  A:ASP 956  : 4.13
  A:GLU 963  : 3.74
  A:GLU 967  : 4.72
  A:ASP 974  : 3.33
  A:ASP 984  : 4.11
  A:GLU 985  : 3.81
  A:ASP 994  : 3.86
  A:ASP 1003  : 1.62
  A:GLU 1004  : 4.59
  A:GLU 1005  : 4.28
  A:ASP 1006  : 3.85
  A:ASP 1008  : 3.07
  A:ASP 1009  : 3.94
  A:ASP 1012  : 3.17
  A:ASP 1014  : 4.05
Structure extracted from file: 4I22-protassign.mae
Output structure will be written to: 4I22-protassign-out.mae

Complete. Output file: 4I22-protassign-out.mae
