
** Heavy-atom coordinates will be fixed: maxlevel set to 0
  **
  ** Beginning refinement level 0
  **

%IMPACT-I (openwt): Request to open FORMATTED file 4I22-impref_ref0.out on unit   2
 Entering IMPACT execution environment 
 Date: Friday, June 01 2018, at 13:52:57 EDT
 Impact version 78011
 mmshare version        41011
 Copyright (c) Schrodinger, LLC.
 All Rights Reserved.

 Host: Linux ls17 3.10.0-514.21.2.el7.x86_64 #1 SMP Tue Jun 20 12:24:47 UTC 2017 x86_64
 Job Name: 4I22-impref_ref0
 SCHRODINGER  directory: /data/chodera/schrodinger/schrodinger2018-1-advanced
 IMPACT_EXEC  directory: /data/chodera/schrodinger/schrodinger2018-1-advanced/impact-v7.8/bin/Linux-x86_64
 MMSHARE_EXEC directory: /data/chodera/schrodinger/schrodinger2018-1-advanced/mmshare-v4.1/bin/Linux-x86_64

 Clock-based global random seed:     1527875577
%IMPACT-I(foldmain): calling OPLS3 atomtyping ...
%IMPACT-I(foldmain): finished parameter assignment
 PARM read from file "paramstd.dat"
 Parameter obtained from atomtyping
      Current coord. are written to file: "4I22-impref.init_coord.rst"
      Box dimensions not written


 Total number of atoms  =  5163
 
 Neighbor List Cutoff Settings
 ==================================
 Cutoff radius:   10.0000000000000     
 Update frequency: every           10  steps
 Species   1 : Neighbors are calculated on a per residue basis
 Species   1 : Cutoff by inter-atomic distances
 
 Step number:          0         Non-bonded count:  1231563
 E-pot        RMS grad     Max grad    
 -7.92758E+03  1.31096E+01  4.10199E+02
 Step number:         10         Non-bonded count:  1231563
 -8.55590E+03  1.06618E+00  2.56550E+01
 Step number:         20         Non-bonded count:  1231563
 -8.63827E+03  7.75191E-01  3.66631E+01
 Step number:         30         Non-bonded count:  1231563
 -8.67169E+03  4.51395E-01  1.00771E+01
 Step number:         40         Non-bonded count:  1231563
 -8.68850E+03  3.80504E-01  1.40539E+01
 Step number:         50         Non-bonded count:  1231563
 -8.69972E+03  2.76851E-01  7.63893E+00
 Step number:         60         Non-bonded count:  1231563
 -8.70851E+03  2.93657E-01  1.00131E+01
 Step number:         70         Non-bonded count:  1231563
 -8.71286E+03  1.72870E-01  5.86645E+00
 Step number:         80         Non-bonded count:  1231563
 -8.71607E+03  1.61525E-01  2.82134E+00
 Step number:         90         Non-bonded count:  1231563
 -8.71950E+03  2.32628E-01  1.11464E+01
 Step number:        100         Non-bonded count:  1231563
 -8.72168E+03  1.76148E-01  6.20178E+00
 Step number:        100         Non-bonded count:  1231563
 -8.72168E+03  1.76148E-01  6.20178E+00
      Current coord. are written to file: "4I22-impref.min0_coord.rst"
      Box dimensions not written
      Current coordinates are read from file: "4I22-impref.init_coord.rst"
      Box dimensions not read
          read from "4I22-impref.init_coord.rst"
  
 Energy and Force Generation Info: 
 --------------------------------- 
 Number of E&F called:     272
 PARM read from file "paramstd.dat"
 Parameter obtained from atomtyping
      Current coordinates are read from file: "4I22-impref.min0_coord.rst"
      Box dimensions not read
          read from "4I22-impref.min0_coord.rst"


 Total number of atoms  =  5163
 
 Neighbor List Cutoff Settings
 ==================================
 Cutoff radius:   10.0000000000000     
 Update frequency: every           10  steps
 Species   1 : Neighbors are calculated on a per residue basis
 Species   1 : Cutoff by inter-atomic distances
 
 Step number:          0         Non-bonded count:  1231563
 E-pot        RMS grad     Max grad    
 -7.70180E+03  2.63311E+00  2.69324E+01
 Step number:         10         Non-bonded count:  1231563
 -8.39389E+03  1.24770E+00  3.58932E+01
 Step number:         20         Non-bonded count:  1231563
 -8.52212E+03  1.08731E+00  3.67225E+01
 Step number:         30         Non-bonded count:  1231563
 -8.58266E+03  4.64748E-01  1.71277E+01
 Step number:         40         Non-bonded count:  1231563
 -8.59457E+03  2.51235E-01  6.26632E+00
 Step number:         50         Non-bonded count:  1231563
 -8.59854E+03  2.15361E-01  9.98357E+00
 Step number:         60         Non-bonded count:  1231563
 -8.60117E+03  1.69158E-01  5.41413E+00
 Step number:         70         Non-bonded count:  1231563
 -8.60334E+03  1.47418E-01  4.25141E+00
 Step number:         80         Non-bonded count:  1231563
 -8.60548E+03  1.48586E-01  3.96783E+00
 Step number:         90         Non-bonded count:  1231563
 -8.60762E+03  1.30624E-01  3.39762E+00
 Step number:        100         Non-bonded count:  1231563
 -8.60941E+03  1.40137E-01  3.35252E+00
 Step number:        100         Non-bonded count:  1231563
 -8.60941E+03  1.40137E-01  3.35252E+00
  
 Energy and Force Generation Info: 
 --------------------------------- 
 Number of E&F called:     552


Final Energy Reports:
------------------------------------
 Total Energy of the system...... -8.60941E+03 kcal/mol
 Total Potential Energy.......... -8.60941E+03 kcal/mol
 Total Kinetic Energy............  0.00000E+00 kcal/mol
 Temperature of the system.......        0.000 K
 Bond Stretch Energy.............  1.18643E+01 kcal/mol
 Angle Bending Energy............  2.45177E+02 kcal/mol
 Torsion Angle Energy............ -3.63614E+01 kcal/mol
 Restraining Energy for Torsions.  0.00000E+00 kcal/mol
 1,4 Lennard Jones Energy........  4.73502E+02 kcal/mol
 1,4 Electrostatic Energy........ -3.86596E+02 kcal/mol
 Lennard Jones Energy............ -6.45022E+02 kcal/mol
 Electrostatic Energy............ -8.27197E+03 kcal/mol
 H-bond Energy...................  0.00000E+00 kcal/mol
 
 Exiting IMPACT execution environment 
 Date: Friday, June 01 2018, at 13:53:19 EDT
%IMPACT-I (timit): Total CPU time =      20.74 seconds (   0.3 minutes)
Total elapsed time = 23 seconds
  ** Completed refinement level 0      rmsd =  0.046

** Refinement finished. Final level: 0

** The refined complex file is 4I22-impref_ref.mae.
