==============================================================================
  Prime version 4.5 (r000) Refine Structure: Sidechain prediction
==============================================================================
        
--------------------------------------------------------------------------------
JobId          : cc05-0-583fba7a
Name           : 4xv2-missing-side-chains
Program        : RefineStructure
MMshareExec    : /cbio/jclab/share/schrodinger/schrodinger2016-3/mmshare-v3.5/bin/Linux-x86_64
Host           : cc05.local
Dir            : /cbio/jclab/home/albaness/github/PDBfinder/pdbs/Dabrafenib-BRAF/fixed/4XV2-fixed
HostEntry      : localhost
JobHost        : cc05.local
JobDir         : /scratch/albaness/4xv2-missing-side-chains
JobMMshareExec : /cbio/jclab/share/schrodinger/schrodinger2016-3/mmshare-v3.5/bin/Linux-x86_64
Commandline    : /cbio/jclab/share/schrodinger/schrodinger2016-3/prime 4xv2-missing-side-chains
StartTime      : 2016-12-01-00:51:55
--------------------------------------------------------------------------------
Using the following input parameters:
   EXT_DIEL	80.0
   FIX_ATOM_NAMES	yes
   JOB_TYPE	refine
   NUM_SC_OUTPUT_STRUCT	1
   RESIDUE_0	B:522
   RESIDUE_1	A:522
   SEED	0
   SELECT	pick
   STRUCT_FILE	4xv2-missing-side-chains-in.mae
   USE_CRYSTAL_SYMMETRY	no
   USE_MEMBRANE	no
   USE_RANDOM_SEED	no

Number of CPU cores to use: 1

Using OPLS version 2005 for force-field parameters.

Pre-processing input
  Treating with residue ID check...
    Complete:  0 min  1 sec
  Treating with asl parsing...
    Complete:  0 min  0 sec
  Treating with naming consistency detection...
    Complete:  0 min  0 sec

 Random Number Seed Set to:    988131996
 
 Contents of the control file:
   
   file outdir "/scratch/albaness/4xv2-missing-side-chains/"
   file datadir "/cbio/jclab/share/schrodinger/schrodinger2016-3/psp-v4.5/data/pop/"
   file vddir "/cbio/jclab/share/schrodinger/schrodinger2016-3/psp-v4.5/data/pop/"
   file tempdir "templates/"
   file protempdir "templates/"
   file usrtempdir "/scratch/albaness/4xv2-missing-side-chains/"
   file gluefile "params.glue"
   file logfile stdout
   
   rand seed 0
   
   
   load simple 4xv2-missing-side-chains_0 Structure(37)  het yes ions yes wat yes mse2met no sym none   highest_occ no     opls_version 2005 fix_atom_names yes
   
   
   
   constraints load_from_ct
   energy param solv vsgb2.0
   
   
   
   energy param nbcut2_nn  40.0
   energy param nbcut2_cn  40.0
   energy param nbcut2_cc  40.0
   
   energy param uselipo yes
   
   
   
   
   
   energy total
   side predict asl "atom.i_psp_select_atom 1" ofac_min 0.0 native_opt no failsafe no iter 1 maefile SWIG_OUTPUT_STRUCTURE
   
   energy total
   energy total
   
   
   write mae SWIG_OUTPUT_STRUCTURE
   
--Checked out   8 PSP Plop Tokens--
 Random number seed reset to :            0
 
 Parameters chosen for PDB loading:
   All protein chains will be loaded.
   Sequence read from ATOM lines.
   Ions from PDB file INCLUDED.
   PDB file assumed to be experimental data.
   Waters from PDB file INCLUDED.
   HETATMs from PDB file INCLUDED.
   Hydrogens from PDB file INCLUDED.
   NO symmetry will be used.
   Atoms not in PDB file will NOT be optimized.
   Atomtyping Parameters (when reading directly from mae)
      OPLS Version 2005                
      Planarity       None
      Using Force Field Charges
      Changing atom names to canonical values
 
 STARTING TO WORK ON FILE 4xv2-missing-side-chains_0
 Reading residue sequence from atoms in mae file
 
 Amino acid sequence, chain: A A:ASP_449    A:VAL_487   
    0 ASPB TRP  GLU  ILE  PRO  ASP  GLY  GLN  ILE  THR 
   10 VAL  GLY  GLN  ARG  ILE  GLY  SER  GLY  SER  PHE 
   20 GLY  THR  VAL  TYR  LYS  GLY  LYS  TRP  HID  GLY 
   30 ASP  VAL  ALA  VAL  LYS  MET  LEU  ASN  VALE
 
 Amino acid sequence, chain: A A:PRO_490    A:GLY_596   
    0 PROB THR  PRO  GLN  GLN  LEU  GLN  ALA  PHE  LYS 
   10 ASN  GLU  VAL  GLY  VAL  LEU  ARG  LYS  THR  ARG 
   20 HID  VAL  ASN  ILE  LEU  LEU  PHE  MET  GLY  TYR 
   30 SER  THR  LYS  PRO  GLN  LEU  ALA  ILE  VAL  THR 
   40 GLN  TRP  CYS  GLU  GLY  SER  SER  LEU  TYR  HID 
   50 HID  LEU  HID  ALA  SER  GLU  THR  LYS  PHE  GLU 
   60 MET  LYS  LYS  LEU  ILE  ASP  ILE  ALA  ARG  GLN 
   70 THR  ALA  ARG  GLY  MET  ASP  TYR  LEU  HID  ALA 
   80 LYS  SER  ILE  ILE  HID  ARG  ASP  LEU  LYS  SER 
   90 ASN  ASN  ILE  PHE  LEU  HID  GLU  ASP  ASN  THR 
  100 VAL  LYS  ILE  GLY  ASP  PHE  GLYE
 
 Amino acid sequence, chain: A A:GLY_615    A:ARG_626   
    0 GLYB SER  ILE  LEU  TRP  MET  ALA  PRO  GLU  VAL 
   10 ILE  ARGE
 
 Amino acid sequence, chain: A A:PRO_632    A:GLU_720   
    0 PROB TYR  SER  PHE  GLN  SER  ASP  VAL  TYR  ALA 
   10 PHE  GLY  ILE  VAL  LEU  TYR  GLU  LEU  MET  THR 
   20 GLY  GLN  LEU  PRO  TYR  SER  ASN  ILE  ASN  ASN 
   30 ARG  ASP  GLN  ILE  ILE  GLU  MET  VAL  GLY  ARG 
   40 GLY  SER  LEU  SER  PRO  ASP  LEU  SER  LYS  VAL 
   50 ARG  SER  ASN  CYS  PRO  LYS  ARG  MET  LYS  ARG 
   60 LEU  MET  ALA  GLU  CYS  LEU  LYS  LYS  LYS  ARG 
   70 ASP  GLU  ARG  PRO  SER  PHE  PRO  ARG  ILE  LEU 
   80 ALA  GLU  ILE  GLU  GLU  LEU  ALA  ARG  GLUE
 
 Amino acid sequence, chain: B B:ASP_448    B:GLU_545   
    0 ASPB ASP  TRP  GLU  ILE  PRO  ASP  GLY  GLN  ILE 
   10 THR  VAL  GLY  GLN  ARG  ILE  GLY  SER  GLY  SER 
   20 PHE  GLY  THR  VAL  TYR  LYS  GLY  LYS  TRP  HID 
   30 GLY  ASP  VAL  ALA  VAL  LYS  MET  LEU  ASN  VAL 
   40 THR  ALA  PRO  THR  PRO  GLN  GLN  LEU  GLN  ALA 
   50 PHE  LYS  ASN  GLU  VAL  GLY  VAL  LEU  ARG  LYS 
   60 THR  ARG  HID  VAL  ASN  ILE  LEU  LEU  PHE  MET 
   70 GLY  TYR  SER  THR  LYS  PRO  GLN  LEU  ALA  ILE 
   80 VAL  THR  GLN  TRP  CYS  GLU  GLY  SER  SER  LEU 
   90 TYR  HID  HID  LEU  HID  ALA  SER  GLUE
 
 Amino acid sequence, chain: B B:PHE_548    B:GLY_596   
    0 PHEB GLU  MET  LYS  LYS  LEU  ILE  ASP  ILE  ALA 
   10 ARG  GLN  THR  ALA  ARG  GLY  MET  ASP  TYR  LEU 
   20 HID  ALA  LYS  SER  ILE  ILE  HID  ARG  ASP  LEU 
   30 LYS  SER  ASN  ASN  ILE  PHE  LEU  HID  GLU  ASP 
   40 ASN  THR  VAL  LYS  ILE  GLY  ASP  PHE  GLYE
 
 Amino acid sequence, chain: B B:GLY_615    B:ARG_626   
    0 GLYB SER  ILE  LEU  TRP  MET  ALA  PRO  GLU  VAL 
   10 ILE  ARGE
 
 Amino acid sequence, chain: B B:ASN_631    B:GLU_720   
    0 ASNB PRO  TYR  SER  PHE  GLN  SER  ASP  VAL  TYR 
   10 ALA  PHE  GLY  ILE  VAL  LEU  TYR  GLU  LEU  MET 
   20 THR  GLY  GLN  LEU  PRO  TYR  SER  ASN  ILE  ASN 
   30 ASN  ARG  ASP  GLN  ILE  ILE  GLU  MET  VAL  GLY 
   40 ARG  GLY  SER  LEU  SER  PRO  ASP  LEU  SER  LYS 
   50 VAL  ARG  SER  ASN  CYS  PRO  LYS  ARG  MET  LYS 
   60 ARG  LEU  MET  ALA  GLU  CYS  LEU  LYS  LYS  LYS 
   70 ARG  ASP  GLU  ARG  PRO  SER  PHE  PRO  ARG  ILE 
   80 LEU  ALA  GLU  ILE  GLU  GLU  LEU  ALA  ARG  GLUE
 
 Nonbonded initialization ...
 Time for loading nb parameters:   5.998999999999199E-003
 Build extended structure ...
 Charged terminal template did not match, trying neutral terminal template for 
  A:ASP_449   
 Charged terminal template did not match, trying neutral terminal template for 
  A:VAL_487   
 Charged terminal template did not match, trying neutral terminal template for 
  A:PRO_490   
 Charged terminal template did not match, trying neutral terminal template for 
  A:GLY_596   
 Charged terminal template did not match, trying neutral terminal template for 
  A:GLY_615   
 Charged terminal template did not match, trying neutral terminal template for 
  A:ARG_626   
 Charged terminal template did not match, trying neutral terminal template for 
  A:PRO_632   
 Charged terminal template did not match, trying neutral terminal template for 
  A:GLU_720   
 Charged terminal template did not match, trying neutral terminal template for 
  B:ASP_448   
 Charged terminal template did not match, trying neutral terminal template for 
  B:GLU_545   
 Charged terminal template did not match, trying neutral terminal template for 
  B:PHE_548   
 Charged terminal template did not match, trying neutral terminal template for 
  B:GLY_596   
 Charged terminal template did not match, trying neutral terminal template for 
  B:GLY_615   
 Charged terminal template did not match, trying neutral terminal template for 
  B:ARG_626   
 Charged terminal template did not match, trying neutral terminal template for 
  B:ASN_631   
 Charged terminal template did not match, trying neutral terminal template for 
  B:GLU_720   
 Generating crosslinks ...
 Initialize 1/4 list ...
 Initialize parent/child list ...
 Initialize covalent pointers ...
 Initialize resinfo list ...
 ATTN: hetero res type P01 
  not recognized - rotamer conformations will not be sampled.
 ATTN: hetero res type P06 
  not recognized - rotamer conformations will not be sampled.
 Initialize special atoms ...
 Initialize rank list ...
 Initialize sparse atom list ...
 
 Times for various book-keeping steps:
     build   5.966s
     cross   0.142s
     child   0.045s
      iper   0.000s
       rev   0.048s
      info   0.010s
     resat   0.001s
      rank   0.000s
     covpt   0.001s
    sparse   0.062s
 
 Times for steps in loading structure:
           Load sequence    0.89s
    Initialize structure    6.35s
      Assign coordinates    0.04s
     Initialize symmetry    0.00s
 
 Preparing for first energy calculation ...
 
 Time for assigning nb parameters:    0.028s
 
 Number of protein chains       8
   Number of residues         496
       (charged)              127
        (polar)               162
       (glycine)               36
     (hydrophobic)            171
 
 Number of RNA chains           0
   Number of nucleotides        0
 Number of DNA chains           0
   Number of nucleotides        0
 
 Number of waters              54
 Number of ions                 0
 Number of HET                  2
 
 Number of atoms             8404
   [sparse atoms]             735
 
 Number of bonds             8452
 Number of angles           15043
 Number of torsions         23657
 Number of 1/4s             21638
 
 Partial charges and molecular weights:
  HET group      A:P06_801        -0.0000     519.6
  HET group      B:P06_801        -0.0000     519.6
  Protein chain            A      -0.0000    4230.8
  Protein chain            A       4.0000   12305.3
  Protein chain            A      -0.0000    1355.7
  Protein chain            A       3.0000   10326.1
  Protein chain            B       1.0000   10905.5
  Protein chain            B       1.0000    5686.6
  Protein chain            B      -0.0000    1355.7
  Protein chain            B       3.0000   10440.2
  Entire system                   12.0000   58618.0
 
 Time for secondary structure initialization   0.002s
 
 Results of parameter assignment
    type    tot   time
    BOND   8452   0.00
    ANGL  15043   0.01
    TORS  23657   0.05
 
 Here are the parameters that will be used:
                      Solvent model   SGB
               Variable Dielectric:   ENABLED
                               LYS:    3.85
                               GLU:    2.78
                               ASP:    2.44
                               HIP:    2.86
                               HIS:    1.00
                               ARG:    2.11
                      Penalty terms   EXCLUDED
                Internal dielectric    1.00
                 Solvent dielectric   80.00
                 Ionic strength (M)    0.00
                 Debye length (Ang)     Inf
     Short NB cut (neutral/neutral)   10.00
      Long NB cut (neutral/neutral)   40.00
      Short NB cut (charge/neutral)   10.00
       Long NB cut (charge/neutral)   40.00
       Short NB cut (charge/charge)   15.00
        Long NB cut (charge/charge)   40.00
             Short NB cut (reduced)    6.00
              Long NB cut (reduced)   36.00
          Rotamer Frequency Scoring   OFF
 
 NOW REPORTING THE ENERGY (KCAL/MOL): 
 COVALENT ENERGIES:
                BOND           ANGLE             TOR           TOTAL
     COV     1247.609398      732.655926     1697.767143     3678.032467
     SGB    38591.617068   -16939.797445    -9178.557446    12473.262176
   TOTAL    39839.226466   -16207.141520    -7480.790303    16151.294644
    TIME        0.000s          0.000s          0.000s          0.000s   
 
 NONBONDED (INTRAMOLECULAR) ENERGIES:
                  14           SHORT            LONG           TOTAL
      LJ     3433.349013    -2823.416711     -232.484798      377.447504
    LIPO        0.000000    -2964.653076        0.000000    -2964.653076
      EL    12878.679699   -28403.148270      687.615664   -14836.852907
     SGB    -9178.557446    11806.006519     -555.110765     2072.338307
   TOTAL     7133.471265   -22385.211538      -99.979899   -15351.720172
    TIME        0.000s          0.000s          0.000s          0.000s   
 
 OTHER:
SGB SELF   -27099.016673
NONPOLAR        0.000000
PROT COR        0.000000
   HBOND     -193.323451
 PACKING      -11.057035
SelfCont     -238.598107
 
 SUM:
 SGB TOT    -3374.858743
SOLV TOT    -3374.858743
LIPO TOT    -2964.653076
  TOTALE  -17563.86334671    
 [NOTE: TOTAL ENERGY = COV_TOT + NB_TOT + OTHER - SGB_14|SGB_TOR]
 
 NOW REPORTING THE ENERGY (KCAL/MOL): 
 COVALENT ENERGIES:
                BOND           ANGLE             TOR           TOTAL
     COV     1247.609398      732.655926     1697.767143     3678.032467
     SGB    38591.617068   -16939.797445    -9178.557446    12473.262176
   TOTAL    39839.226466   -16207.141520    -7480.790303    16151.294644
    TIME        0.000s          0.000s          0.000s          0.000s   
 
 NONBONDED (INTRAMOLECULAR) ENERGIES:
                  14           SHORT            LONG           TOTAL
      LJ     3433.349013    -2823.416711     -232.484798      377.447504
    LIPO        0.000000    -2964.653076        0.000000    -2964.653076
      EL    12878.679699   -28403.148270      687.615664   -14836.852907
     SGB    -9178.557446    11806.006519     -555.110765     2072.338307
   TOTAL     7133.471265   -22385.211538      -99.979899   -15351.720172
    TIME        0.000s          0.000s          0.000s          0.000s   
 
 OTHER:
SGB SELF   -27099.016673
NONPOLAR        0.000000
PROT COR        0.000000
   HBOND     -193.323451
 PACKING      -11.057035
SelfCont     -238.598107
 
 SUM:
 SGB TOT    -3374.858743
SOLV TOT    -3374.858743
LIPO TOT    -2964.653076
  TOTALE  -17563.86334671    
 [NOTE: TOTAL ENERGY = COV_TOT + NB_TOT + OTHER - SGB_14|SGB_TOR]
 
 Preparing for first energy calculation ...
 
 
 NOW REPORTING THE ENERGY (KCAL/MOL): 
 COVALENT ENERGIES:
                BOND           ANGLE             TOR           TOTAL
     COV     1247.609398      732.655926     1697.767143     3678.032467
     SGB    38591.617068   -16939.797445    -9178.557446    12473.262176
   TOTAL    39839.226466   -16207.141520    -7480.790303    16151.294644
    TIME        0.000s          0.000s          0.000s          0.000s   
 
 NONBONDED (INTRAMOLECULAR) ENERGIES:
                  14           SHORT            LONG           TOTAL
      LJ     3433.349013    -2823.416711     -232.484798      377.447504
    LIPO        0.000000    -2964.653076        0.000000    -2964.653076
      EL    12878.679699   -28403.148270      687.615664   -14836.852907
     SGB    -9178.557446    11806.006519     -555.110765     2072.338307
   TOTAL     7133.471265   -22385.211538      -99.979899   -15351.720172
    TIME        0.000s          0.000s          0.000s          0.000s   
 
 OTHER:
SGB SELF   -27099.016673
NONPOLAR        0.000000
PROT COR        0.000000
   HBOND     -193.323451
 PACKING      -11.057035
SelfCont     -238.598107
 
 SUM:
 SGB TOT    -3374.858743
SOLV TOT    -3374.858743
LIPO TOT    -2964.653076
  TOTALE  -17563.86334671    
 [NOTE: TOTAL ENERGY = COV_TOT + NB_TOT + OTHER - SGB_14|SGB_TOR]
 
 ATTN:  large bond energies found:
     117    111 A:HOH_901:_OW_         112 A:HOH_901:_HW1          10.00
     118    111 A:HOH_901:_OW_         113 A:HOH_901:_HW2          10.00
     119    114 A:HOH_902:_OW_         115 A:HOH_902:_HW1          10.00
     120    114 A:HOH_902:_OW_         116 A:HOH_902:_HW2          10.00
     121    117 A:HOH_903:_OW_         118 A:HOH_903:_HW1          10.00
     122    117 A:HOH_903:_OW_         119 A:HOH_903:_HW2          10.00
     123    120 A:HOH_904:_OW_         121 A:HOH_904:_HW1          10.00
     124    120 A:HOH_904:_OW_         122 A:HOH_904:_HW2          10.00
     125    123 A:HOH_905:_OW_         124 A:HOH_905:_HW1          10.00
     126    123 A:HOH_905:_OW_         125 A:HOH_905:_HW2          10.00
     127    126 A:HOH_906:_OW_         127 A:HOH_906:_HW1          10.00
     128    126 A:HOH_906:_OW_         128 A:HOH_906:_HW2          10.00
     129    129 A:HOH_907:_OW_         130 A:HOH_907:_HW1          10.00
     130    129 A:HOH_907:_OW_         131 A:HOH_907:_HW2          10.00
     131    132 A:HOH_908:_OW_         133 A:HOH_908:_HW1          10.00
     132    132 A:HOH_908:_OW_         134 A:HOH_908:_HW2          10.00
     133    135 A:HOH_909:_OW_         136 A:HOH_909:_HW1          10.00
     134    135 A:HOH_909:_OW_         137 A:HOH_909:_HW2          10.00
     135    138 A:HOH_910:_OW_         139 A:HOH_910:_HW1          10.00
     136    138 A:HOH_910:_OW_         140 A:HOH_910:_HW2          10.00
     137    141 A:HOH_911:_OW_         142 A:HOH_911:_HW1          10.00
     138    141 A:HOH_911:_OW_         143 A:HOH_911:_HW2          10.00
     139    144 A:HOH_912:_OW_         145 A:HOH_912:_HW1          10.00
     140    144 A:HOH_912:_OW_         146 A:HOH_912:_HW2          10.00
     141    147 A:HOH_913:_OW_         148 A:HOH_913:_HW1          10.00
     142    147 A:HOH_913:_OW_         149 A:HOH_913:_HW2          10.00
     143    150 A:HOH_914:_OW_         151 A:HOH_914:_HW1          10.00
     144    150 A:HOH_914:_OW_         152 A:HOH_914:_HW2          10.00
     145    153 A:HOH_915:_OW_         154 A:HOH_915:_HW1          10.00
     146    153 A:HOH_915:_OW_         155 A:HOH_915:_HW2          10.00
     147    156 A:HOH_916:_OW_         157 A:HOH_916:_HW1          10.00
     148    156 A:HOH_916:_OW_         158 A:HOH_916:_HW2          10.00
     149    159 A:HOH_917:_OW_         160 A:HOH_917:_HW1          10.00
     150    159 A:HOH_917:_OW_         161 A:HOH_917:_HW2          10.00
     151    162 A:HOH_918:_OW_         163 A:HOH_918:_HW1          10.00
     152    162 A:HOH_918:_OW_         164 A:HOH_918:_HW2          10.00
     153    165 A:HOH_919:_OW_         166 A:HOH_919:_HW1          10.00
     154    165 A:HOH_919:_OW_         167 A:HOH_919:_HW2          10.00
     155    168 A:HOH_920:_OW_         169 A:HOH_920:_HW1          10.00
     156    168 A:HOH_920:_OW_         170 A:HOH_920:_HW2          10.00
     157    171 A:HOH_921:_OW_         172 A:HOH_921:_HW1          10.00
     158    171 A:HOH_921:_OW_         173 A:HOH_921:_HW2          10.00
     159    174 A:HOH_922:_OW_         175 A:HOH_922:_HW1          10.00
     160    174 A:HOH_922:_OW_         176 A:HOH_922:_HW2          10.00
     161    177 A:HOH_923:_OW_         178 A:HOH_923:_HW1          10.00
     162    177 A:HOH_923:_OW_         179 A:HOH_923:_HW2          10.00
     163    180 A:HOH_924:_OW_         181 A:HOH_924:_HW1          10.00
     164    180 A:HOH_924:_OW_         182 A:HOH_924:_HW2          10.00
     165    183 A:HOH_925:_OW_         184 A:HOH_925:_HW1          10.00
     166    183 A:HOH_925:_OW_         185 A:HOH_925:_HW2          10.00
     167    186 A:HOH_926:_OW_         187 A:HOH_926:_HW1          10.00
     168    186 A:HOH_926:_OW_         188 A:HOH_926:_HW2          10.00
     169    189 A:HOH_927:_OW_         190 A:HOH_927:_HW1          10.00
     170    189 A:HOH_927:_OW_         191 A:HOH_927:_HW2          10.00
     171    192 A:HOH_928:_OW_         193 A:HOH_928:_HW1          10.00
     172    192 A:HOH_928:_OW_         194 A:HOH_928:_HW2          10.00
     173    195 B:HOH_901:_OW_         196 B:HOH_901:_HW1          10.00
     174    195 B:HOH_901:_OW_         197 B:HOH_901:_HW2          10.00
     175    198 B:HOH_902:_OW_         199 B:HOH_902:_HW1          10.00
     176    198 B:HOH_902:_OW_         200 B:HOH_902:_HW2          10.00
     177    201 B:HOH_903:_OW_         202 B:HOH_903:_HW1          10.00
     178    201 B:HOH_903:_OW_         203 B:HOH_903:_HW2          10.00
     179    204 B:HOH_904:_OW_         205 B:HOH_904:_HW1          10.00
     180    204 B:HOH_904:_OW_         206 B:HOH_904:_HW2          10.00
     181    207 B:HOH_905:_OW_         208 B:HOH_905:_HW1          10.00
     182    207 B:HOH_905:_OW_         209 B:HOH_905:_HW2          10.00
     183    210 B:HOH_906:_OW_         211 B:HOH_906:_HW1          10.00
     184    210 B:HOH_906:_OW_         212 B:HOH_906:_HW2          10.00
     185    213 B:HOH_907:_OW_         214 B:HOH_907:_HW1          10.00
     186    213 B:HOH_907:_OW_         215 B:HOH_907:_HW2          10.00
     187    216 B:HOH_908:_OW_         217 B:HOH_908:_HW1          10.00
     188    216 B:HOH_908:_OW_         218 B:HOH_908:_HW2          10.00
     189    219 B:HOH_909:_OW_         220 B:HOH_909:_HW1          10.00
     190    219 B:HOH_909:_OW_         221 B:HOH_909:_HW2          10.00
     191    222 B:HOH_910:_OW_         223 B:HOH_910:_HW1          10.00
     192    222 B:HOH_910:_OW_         224 B:HOH_910:_HW2          10.00
     193    225 B:HOH_911:_OW_         226 B:HOH_911:_HW1          10.00
     194    225 B:HOH_911:_OW_         227 B:HOH_911:_HW2          10.00
     195    228 B:HOH_912:_OW_         229 B:HOH_912:_HW1          10.00
     196    228 B:HOH_912:_OW_         230 B:HOH_912:_HW2          10.00
     197    231 B:HOH_913:_OW_         232 B:HOH_913:_HW1          10.00
     198    231 B:HOH_913:_OW_         233 B:HOH_913:_HW2          10.00
     199    234 B:HOH_914:_OW_         235 B:HOH_914:_HW1          10.00
     200    234 B:HOH_914:_OW_         236 B:HOH_914:_HW2          10.00
     201    237 B:HOH_915:_OW_         238 B:HOH_915:_HW1          10.00
     202    237 B:HOH_915:_OW_         239 B:HOH_915:_HW2          10.00
     203    240 B:HOH_916:_OW_         241 B:HOH_916:_HW1          10.00
     204    240 B:HOH_916:_OW_         242 B:HOH_916:_HW2          10.00
     205    243 B:HOH_917:_OW_         244 B:HOH_917:_HW1          10.00
     206    243 B:HOH_917:_OW_         245 B:HOH_917:_HW2          10.00
     207    246 B:HOH_918:_OW_         247 B:HOH_918:_HW1          10.00
     208    246 B:HOH_918:_OW_         248 B:HOH_918:_HW2          10.00
     209    249 B:HOH_919:_OW_         250 B:HOH_919:_HW1          10.00
     210    249 B:HOH_919:_OW_         251 B:HOH_919:_HW2          10.00
     211    252 B:HOH_920:_OW_         253 B:HOH_920:_HW1          10.00
     212    252 B:HOH_920:_OW_         254 B:HOH_920:_HW2          10.00
     213    255 B:HOH_921:_OW_         256 B:HOH_921:_HW1          10.00
     214    255 B:HOH_921:_OW_         257 B:HOH_921:_HW2          10.00
     215    258 B:HOH_922:_OW_         259 B:HOH_922:_HW1          10.00
     216    258 B:HOH_922:_OW_         260 B:HOH_922:_HW2          10.00
     217    261 B:HOH_923:_OW_         262 B:HOH_923:_HW1          10.00
     218    261 B:HOH_923:_OW_         263 B:HOH_923:_HW2          10.00
     219    264 B:HOH_924:_OW_         265 B:HOH_924:_HW1          10.00
     220    264 B:HOH_924:_OW_         266 B:HOH_924:_HW2          10.00
     221    267 B:HOH_925:_OW_         268 B:HOH_925:_HW1          10.00
     222    267 B:HOH_925:_OW_         269 B:HOH_925:_HW2          10.00
     223    270 B:HOH_926:_OW_         271 B:HOH_926:_HW1          10.00
     224    270 B:HOH_926:_OW_         272 B:HOH_926:_HW2          10.00
 Cannot determine cbeta atoms for A:P06_801   
 Cannot determine cbeta atoms for B:P06_801   
 Cannot determine cbeta atoms for A:HOH_901   
 Cannot determine cbeta atoms for A:HOH_902   
 Cannot determine cbeta atoms for A:HOH_903   
 Cannot determine cbeta atoms for A:HOH_904   
 Cannot determine cbeta atoms for A:HOH_905   
 Cannot determine cbeta atoms for A:HOH_906   
 Cannot determine cbeta atoms for A:HOH_907   
 Cannot determine cbeta atoms for A:HOH_908   
 Cannot determine cbeta atoms for A:HOH_909   
 Cannot determine cbeta atoms for A:HOH_910   
 Cannot determine cbeta atoms for A:HOH_911   
 Cannot determine cbeta atoms for A:HOH_912   
 Cannot determine cbeta atoms for A:HOH_913   
 Cannot determine cbeta atoms for A:HOH_914   
 Cannot determine cbeta atoms for A:HOH_915   
 Cannot determine cbeta atoms for A:HOH_916   
 Cannot determine cbeta atoms for A:HOH_917   
 Cannot determine cbeta atoms for A:HOH_918   
 Cannot determine cbeta atoms for A:HOH_919   
 Cannot determine cbeta atoms for A:HOH_920   
 Cannot determine cbeta atoms for A:HOH_921   
 Cannot determine cbeta atoms for A:HOH_922   
 Cannot determine cbeta atoms for A:HOH_923   
 Cannot determine cbeta atoms for A:HOH_924   
 Cannot determine cbeta atoms for A:HOH_925   
 Cannot determine cbeta atoms for A:HOH_926   
 Cannot determine cbeta atoms for A:HOH_927   
 Cannot determine cbeta atoms for A:HOH_928   
 Cannot determine cbeta atoms for B:HOH_901   
 Cannot determine cbeta atoms for B:HOH_902   
 Cannot determine cbeta atoms for B:HOH_903   
 Cannot determine cbeta atoms for B:HOH_904   
 Cannot determine cbeta atoms for B:HOH_905   
 Cannot determine cbeta atoms for B:HOH_906   
 Cannot determine cbeta atoms for B:HOH_907   
 Cannot determine cbeta atoms for B:HOH_908   
 Cannot determine cbeta atoms for B:HOH_909   
 Cannot determine cbeta atoms for B:HOH_910   
 Cannot determine cbeta atoms for B:HOH_911   
 Cannot determine cbeta atoms for B:HOH_912   
 Cannot determine cbeta atoms for B:HOH_913   
 Cannot determine cbeta atoms for B:HOH_914   
 Cannot determine cbeta atoms for B:HOH_915   
 Cannot determine cbeta atoms for B:HOH_916   
 Cannot determine cbeta atoms for B:HOH_917   
 Cannot determine cbeta atoms for B:HOH_918   
 Cannot determine cbeta atoms for B:HOH_919   
 Cannot determine cbeta atoms for B:HOH_920   
 Cannot determine cbeta atoms for B:HOH_921   
 Cannot determine cbeta atoms for B:HOH_922   
 Cannot determine cbeta atoms for B:HOH_923   
 Cannot determine cbeta atoms for B:HOH_924   
 Cannot determine cbeta atoms for B:HOH_925   
 Cannot determine cbeta atoms for B:HOH_926   
 
 Here are the parameters chosen for side predict:
 
  SC SCREENING PARAMETERS
   Initial overlap factor:   0.750000000000000     
   Minimum overlap factor:   0.000000000000000E+000
   Rotamer library resolution:    10.0000000000000     
   Total iterations:            1
   SCs randomized prior to optimization.
   Current SC rotamers NOT added to library.
   DO NOT Remove SC Clashes Prior to Prediction
   New tree-based energy routines used.
   All energy components are used in rotamer ranking.
   If sampling not succeed, will NOT revert to original structure.
   Ecut for full energy updates:   -1.00000000000000     
   Ecut for full minimizations:   -1.00000000000000     
   SGB and LR updated after each cycle.
   Option for SGB update:            1
   Minimize after rotamer placement converged.
 
  MINIMIZATION PARAMETERS
   Desired final RMS gradient:  1.000000000000000E-002
   Maximum number of iterations to achieve self-consistency:            2
   Energy cutoff for determining self-consistency  0.100kcals/mol
   Maximum number of TN iterations:           65
   Iterations between NBlist/LR updates:            2
   LR forces will be updated less frequently than SR.
   NB list will NOT be updated during minim.
   SGB will be updated during minim.
   Option for SGB update:            1
   Born alpha will NOT be updated during minim
   NB Clashes will be used in the preconditioning
 Total side chains to be optimized:            2
 
 ------------------------------------------
 NOW PRE-SCREENING ROTAMER STATES ...
 (res, # after screen, # total, ofac, rmsd_min, rmsd_max, time)
   A:LYS_522       2091    2091   0.00  -1.00  -1.00   0.02s
   B:LYS_522       2091    2091   0.00  -1.00  -1.00   0.02s
 
 Randomizing side chain positions ...
 
 ------------------------------------------
 NOW PICKING ROTAMER STATE BY ENERGY ...
 (res, # rotamers, # evaluated, ofac, cluster #, 
 rot #, old rot #, rmsd, elib, times)
 nlist =            2
one_lib:  A:LYS_522       8364    1783  0.75   1 632 164690 162258 -1.0   -3466.91    0.13s ****
one_lib:  B:LYS_522       8364    4519  0.75   13948 169006 167622 -1.0   -3469.94    0.32s ****
Time for iteration:     0.53s
Rotamer placement not converged; flips (rot,prot,tot):     2    0    2
 
 ------------------------------------------
 NOW PICKING ROTAMER STATE BY ENERGY ...
 (res, # rotamers, # evaluated, ofac, cluster #, 
 rot #, old rot #, rmsd, elib, times)
 nlist =            2
one_lib:  A:LYS_522       8364    1783  0.75   1 632 164690 164690 -1.0   -3467.44    0.13s
one_lib:  B:LYS_522       8364    4519  0.75   13948 169006 169006 -1.0   -3470.12    0.32s
Time for iteration:     0.53s
 Rotamer placement converged. Now minimizing...
Summary of library results(time,ener):     1.58      -17576.31     0.94      -17581.66
SIDE_PRED Time:       3.06s
 
 Preparing for first energy calculation ...
 
 
 NOW REPORTING THE ENERGY (KCAL/MOL): 
 COVALENT ENERGIES:
                BOND           ANGLE             TOR           TOTAL
     COV     1247.731310      729.013413     1700.865704     3677.610427
     SGB    38584.060610   -16938.148740    -9176.717595    12469.194275
   TOTAL    39831.791920   -16209.135327    -7475.851891    16146.804702
    TIME        0.000s          0.000s          0.000s          0.000s   
 
 NONBONDED (INTRAMOLECULAR) ENERGIES:
                  14           SHORT            LONG           TOTAL
      LJ     3433.464076    -2838.535400     -232.594253      362.334423
    LIPO        0.000000    -2964.653076        0.000000    -2964.653076
      EL    12881.618359   -28408.638467      689.034492   -14837.985616
     SGB    -9176.717595    11804.919447     -556.654678     2071.547175
   TOTAL     7138.364841   -22406.907496     -100.214439   -15368.757094
    TIME        0.000s          0.000s          0.000s          0.000s   
 
 OTHER:
SGB SELF   -27093.454554
NONPOLAR        0.000000
PROT COR        0.000000
   HBOND     -193.314441
 PACKING      -11.057035
SelfCont     -238.598107
 
 SUM:
 SGB TOT    -3375.995510
SOLV TOT    -3375.995510
LIPO TOT    -2964.653076
  TOTALE  -17581.65893433    
 [NOTE: TOTAL ENERGY = COV_TOT + NB_TOT + OTHER - SGB_14|SGB_TOR]
 
 NOW REPORTING THE ENERGY (KCAL/MOL): 
 COVALENT ENERGIES:
                BOND           ANGLE             TOR           TOTAL
     COV     1247.731310      729.013413     1700.865704     3677.610427
     SGB    38584.060610   -16938.148740    -9176.717595    12469.194275
   TOTAL    39831.791920   -16209.135327    -7475.851891    16146.804702
    TIME        0.000s          0.000s          0.000s          0.000s   
 
 NONBONDED (INTRAMOLECULAR) ENERGIES:
                  14           SHORT            LONG           TOTAL
      LJ     3433.464076    -2838.535400     -232.594310      362.334367
    LIPO        0.000000    -2964.653076        0.000000    -2964.653076
      EL    12881.618359   -28408.638467      689.026420   -14837.993688
     SGB    -9176.717595    11804.835517     -556.455110     2071.662813
   TOTAL     7138.364841   -22406.991425     -100.022999   -15368.649584
    TIME        0.000s          0.000s          0.000s          0.000s   
 
 OTHER:
SGB SELF   -27093.454554
NONPOLAR        0.000000
PROT COR        0.000000
   HBOND     -193.314441
 PACKING      -11.057035
SelfCont     -238.598107
 
 SUM:
 SGB TOT    -3375.879871
SOLV TOT    -3375.879871
LIPO TOT    -2964.653076
  TOTALE  -17581.55142454    
 [NOTE: TOTAL ENERGY = COV_TOT + NB_TOT + OTHER - SGB_14|SGB_TOR]
 
 Preparing for first energy calculation ...
 
 
 NOW REPORTING THE ENERGY (KCAL/MOL): 
 COVALENT ENERGIES:
                BOND           ANGLE             TOR           TOTAL
     COV     1247.731310      729.013413     1700.865704     3677.610427
     SGB    38584.060610   -16938.148740    -9176.717595    12469.194275
   TOTAL    39831.791920   -16209.135327    -7475.851891    16146.804702
    TIME        0.000s          0.000s          0.000s          0.000s   
 
 NONBONDED (INTRAMOLECULAR) ENERGIES:
                  14           SHORT            LONG           TOTAL
      LJ     3433.464076    -2838.535400     -232.594310      362.334367
    LIPO        0.000000    -2964.653076        0.000000    -2964.653076
      EL    12881.618359   -28408.638467      689.026420   -14837.993688
     SGB    -9176.717595    11804.835517     -556.455110     2071.662813
   TOTAL     7138.364841   -22406.991425     -100.022999   -15368.649584
    TIME        0.000s          0.000s          0.000s          0.000s   
 
 OTHER:
SGB SELF   -27093.454554
NONPOLAR        0.000000
PROT COR        0.000000
   HBOND     -193.314441
 PACKING      -11.057035
SelfCont     -238.598107
 
 SUM:
 SGB TOT    -3375.879871
SOLV TOT    -3375.879871
LIPO TOT    -2964.653076
  TOTALE  -17581.55142454    
 [NOTE: TOTAL ENERGY = COV_TOT + NB_TOT + OTHER - SGB_14|SGB_TOR]
 
 NOW REPORTING THE ENERGY (KCAL/MOL): 
 COVALENT ENERGIES:
                BOND           ANGLE             TOR           TOTAL
     COV     1247.731310      729.013413     1700.865704     3677.610427
     SGB    38584.060610   -16938.148740    -9176.717595    12469.194275
   TOTAL    39831.791920   -16209.135327    -7475.851891    16146.804702
    TIME        0.000s          0.000s          0.000s          0.000s   
 
 NONBONDED (INTRAMOLECULAR) ENERGIES:
                  14           SHORT            LONG           TOTAL
      LJ     3433.464076    -2838.535400     -232.594310      362.334367
    LIPO        0.000000    -2964.653076        0.000000    -2964.653076
      EL    12881.618359   -28408.638467      689.026420   -14837.993688
     SGB    -9176.717595    11804.835517     -556.455110     2071.662813
   TOTAL     7138.364841   -22406.991425     -100.022999   -15368.649584
    TIME        0.000s          0.000s          0.000s          0.000s   
 
 OTHER:
SGB SELF   -27093.454554
NONPOLAR        0.000000
PROT COR        0.000000
   HBOND     -193.314441
 PACKING      -11.057035
SelfCont     -238.598107
 
 SUM:
 SGB TOT    -3375.879871
SOLV TOT    -3375.879871
LIPO TOT    -2964.653076
  TOTALE  -17581.55142454    
 [NOTE: TOTAL ENERGY = COV_TOT + NB_TOT + OTHER - SGB_14|SGB_TOR]
 TOTAL TIME ELAPSED: 4xv2-missing-side-chains_0          79.457s
 RETURNED LICENSE
Post-processing output...
  Processing output structure #1
Post-processing complete.


