
** Heavy-atom coordinates will be fixed: maxlevel set to 0
  **
  ** Beginning refinement level 0
  **

%IMPACT-I (openwt): Request to open FORMATTED file 3LXK-impref_ref0.out on unit   2
 Entering IMPACT execution environment 
 Date: Thursday, December 21 2017, at 17:20:54 EST
 Impact version 77011
 mmshare version        40011
 Copyright (c) Schrodinger, LLC.
 All Rights Reserved.

 Host: Linux ls04 3.10.0-514.21.2.el7.x86_64 #1 SMP Tue Jun 20 12:24:47 UTC 2017 x86_64
 Job Name: 3LXK-impref_ref0
 SCHRODINGER  directory: /data/chodera/schrodinger/schrodinger2017-4-advanced
 IMPACT_EXEC  directory: /data/chodera/schrodinger/schrodinger2017-4-advanced/impact-v7.7/bin/Linux-x86_64
 MMSHARE_EXEC directory: /data/chodera/schrodinger/schrodinger2017-4-advanced/mmshare-v4.0/bin/Linux-x86_64

 Clock-based global random seed:     1513894854
%IMPACT-I(foldmain): calling OPLS3 atomtyping ...
%IMPACT-I(foldmain): finished parameter assignment
 PARM read from file "paramstd.dat"
 Parameter obtained from atomtyping
      Current coord. are written to file: "3LXK-impref.init_coord.rst"
      Box dimensions not written


 Total number of atoms  =  4576
 
 Neighbor List Cutoff Settings
 ==================================
 Cutoff radius:   10.0000000000000     
 Update frequency: every           10  steps
 Species   1 : Neighbors are calculated on a per residue basis
 Species   1 : Cutoff by inter-atomic distances
 
 Step number:          0         Non-bonded count:  1070567
 E-pot        RMS grad     Max grad    
 -7.45724E+03  6.87364E+00  1.16974E+02
 Step number:         10         Non-bonded count:  1070567
 -7.85314E+03  8.87717E-01  1.63107E+01
 Step number:         20         Non-bonded count:  1070567
 -7.91793E+03  5.81863E-01  1.09592E+01
 Step number:         30         Non-bonded count:  1070567
 -7.94032E+03  5.81139E-01  2.22037E+01
 Step number:         40         Non-bonded count:  1070567
 -7.95364E+03  4.67554E-01  9.64205E+00
 Step number:         50         Non-bonded count:  1070567
 -7.96429E+03  3.94891E-01  1.62573E+01
 Step number:         60         Non-bonded count:  1070567
 -7.97251E+03  2.69334E-01  5.42939E+00
 Step number:         70         Non-bonded count:  1070567
 -7.97852E+03  2.57638E-01  1.20302E+01
 Step number:         80         Non-bonded count:  1070567
 -7.98310E+03  2.80547E-01  1.10358E+01
 Step number:         90         Non-bonded count:  1070567
 -7.98682E+03  2.15947E-01  7.40605E+00
 Step number:        100         Non-bonded count:  1070567
 -7.99020E+03  2.46128E-01  1.20870E+01
 Step number:        100         Non-bonded count:  1070567
 -7.99020E+03  2.46128E-01  1.20870E+01
      Current coord. are written to file: "3LXK-impref.min0_coord.rst"
      Box dimensions not written
      Current coordinates are read from file: "3LXK-impref.init_coord.rst"
      Box dimensions not read
          read from "3LXK-impref.init_coord.rst"
  
 Energy and Force Generation Info: 
 --------------------------------- 
 Number of E&F called:     267
 PARM read from file "paramstd.dat"
 Parameter obtained from atomtyping
      Current coordinates are read from file: "3LXK-impref.min0_coord.rst"
      Box dimensions not read
          read from "3LXK-impref.min0_coord.rst"


 Total number of atoms  =  4576
 
 Neighbor List Cutoff Settings
 ==================================
 Cutoff radius:   10.0000000000000     
 Update frequency: every           10  steps
 Species   1 : Neighbors are calculated on a per residue basis
 Species   1 : Cutoff by inter-atomic distances
 
 Step number:          0         Non-bonded count:  1070567
 E-pot        RMS grad     Max grad    
 -6.85107E+03  2.82911E+00  2.47362E+01
 Step number:         10         Non-bonded count:  1070567
 -7.59647E+03  2.48482E+00  1.55798E+02
 Step number:         20         Non-bonded count:  1070567
 -7.74261E+03  8.15331E-01  2.09373E+01
 Step number:         30         Non-bonded count:  1070567
 -7.77465E+03  7.29009E-01  2.30786E+01
 Step number:         40         Non-bonded count:  1070567
 -7.80329E+03  5.79163E-01  1.45974E+01
 Step number:         50         Non-bonded count:  1070567
 -7.82233E+03  2.98881E-01  7.63735E+00
 Step number:         60         Non-bonded count:  1070567
 -7.82847E+03  2.44617E-01  1.16128E+01
 Step number:         70         Non-bonded count:  1070567
 -7.83141E+03  1.67746E-01  5.90400E+00
 Step number:         80         Non-bonded count:  1070567
 -7.83333E+03  1.49909E-01  6.74629E+00
 Step number:         90         Non-bonded count:  1070567
 -7.83491E+03  1.35036E-01  6.36934E+00
 Step number:        100         Non-bonded count:  1070567
 -7.83607E+03  1.35620E-01  8.07347E+00
 Step number:        100         Non-bonded count:  1070567
 -7.83607E+03  1.35620E-01  8.07347E+00
  
 Energy and Force Generation Info: 
 --------------------------------- 
 Number of E&F called:     552


Final Energy Reports:
------------------------------------
 Total Energy of the system...... -7.83607E+03 kcal/mol
 Total Potential Energy.......... -7.83607E+03 kcal/mol
 Total Kinetic Energy............  0.00000E+00 kcal/mol
 Temperature of the system.......        0.000 K
 Bond Stretch Energy.............  7.22706E+00 kcal/mol
 Angle Bending Energy............  2.23638E+02 kcal/mol
 Torsion Angle Energy............  7.93136E+00 kcal/mol
 Restraining Energy for Torsions.  0.00000E+00 kcal/mol
 1,4 Lennard Jones Energy........  4.12570E+02 kcal/mol
 1,4 Electrostatic Energy........ -4.68252E+02 kcal/mol
 Lennard Jones Energy............ -6.60700E+02 kcal/mol
 Electrostatic Energy............ -7.35849E+03 kcal/mol
 H-bond Energy...................  0.00000E+00 kcal/mol
 
 Exiting IMPACT execution environment 
 Date: Thursday, December 21 2017, at 17:21:13 EST
%IMPACT-I (timit): Total CPU time =      19.08 seconds (   0.3 minutes)
Total elapsed time = 20 seconds
  ** Completed refinement level 0      rmsd =  0.054

** Refinement finished. Final level: 0

** The refined complex file is 3LXK-impref_ref.mae.
