
** Heavy-atom coordinates will be fixed: maxlevel set to 0
  **
  ** Beginning refinement level 0
  **

%IMPACT-I (openwt): Request to open FORMATTED file 4G5P-impref_ref0.out on unit   2
 Entering IMPACT execution environment 
 Date: Wednesday, November 30 2016, at 23:19:05 EST
 Impact version 72014
 mmshare version        35014
 Copyright (c) Schrodinger, LLC.
 All Rights Reserved.

 Host: Linux cc05.local 2.6.32-573.18.1.el6.x86_64 #1 SMP Tue Feb 9 22:46:17 UTC 2016 x86_64
 Job Name: 4G5P-impref_ref0
 SCHRODINGER  directory: /cbio/jclab/share/schrodinger/schrodinger2016-3
 IMPACT_EXEC  directory: /cbio/jclab/share/schrodinger/schrodinger2016-3/impact-v7.2/bin/Linux-x86_64
 MMSHARE_EXEC directory: /cbio/jclab/share/schrodinger/schrodinger2016-3/mmshare-v3.5/bin/Linux-x86_64

 Clock-based global random seed:     1480565944
%IMPACT-I(foldmain): calling OPLS_2005 atomtyping ...
%IMPACT-I(foldmain): finished parameter assignment
 PARM read from file "paramstd.dat"
 Parameter obtained from atomtyping
      Current coord. are written to file: "4G5P-impref.init_coord.rst"
      Box dimensions not written


 Total number of atoms  =  4942
 
 Neighbor List Cutoff Settings
 ==================================
 Cutoff radius:   10.0000000000000     
 Update frequency: every           10  steps
 Species   1 : Neighbors are calculated on a per residue basis
 Species   1 : Cutoff by inter-atomic distances
 
 Step number:          0         Non-bonded count:  1163892
 E-pot        RMS grad     Max grad    
  6.31067E+06  1.15030E+06  8.60191E+07
 Step number:         10         Non-bonded count:  1163892
 -7.72309E+03  1.04851E+00  3.90272E+01
 Step number:         20         Non-bonded count:  1163892
 -7.84015E+03  9.07019E-01  2.02010E+01
 Step number:         30         Non-bonded count:  1163892
 -7.88414E+03  6.93107E-01  2.54079E+01
 Step number:         40         Non-bonded count:  1163892
 -7.90482E+03  5.99058E-01  2.42865E+01
 Step number:         50         Non-bonded count:  1163892
 -7.92131E+03  4.02538E-01  7.44701E+00
 Step number:         60         Non-bonded count:  1163892
 -7.93064E+03  2.61597E-01  5.79790E+00
 Step number:         70         Non-bonded count:  1163892
 -7.93634E+03  2.62542E-01  6.62402E+00
 Step number:         80         Non-bonded count:  1163892
 -7.94148E+03  2.75671E-01  6.50057E+00
 Step number:         90         Non-bonded count:  1163892
 -7.94565E+03  1.98619E-01  3.85229E+00
 Step number:        100         Non-bonded count:  1163892
 -7.94859E+03  2.02104E-01  5.79932E+00
 Step number:        100         Non-bonded count:  1163892
 -7.94859E+03  2.02104E-01  5.79932E+00
      Current coord. are written to file: "4G5P-impref.min0_coord.rst"
      Box dimensions not written
      Current coordinates are read from file: "4G5P-impref.init_coord.rst"
      Box dimensions not read
          read from "4G5P-impref.init_coord.rst"
  
 Energy and Force Generation Info: 
 --------------------------------- 
 Number of E&F called:     276
 PARM read from file "paramstd.dat"
 Parameter obtained from atomtyping
      Current coordinates are read from file: "4G5P-impref.min0_coord.rst"
      Box dimensions not read
          read from "4G5P-impref.min0_coord.rst"


 Total number of atoms  =  4942
 
 Neighbor List Cutoff Settings
 ==================================
 Cutoff radius:   10.0000000000000     
 Update frequency: every           10  steps
 Species   1 : Neighbors are calculated on a per residue basis
 Species   1 : Cutoff by inter-atomic distances
 
 Step number:          0         Non-bonded count:  1163892
 E-pot        RMS grad     Max grad    
 -6.60567E+03  2.88554E+00  3.33165E+01
 Step number:         10         Non-bonded count:  1163892
 -7.40427E+03  1.17766E+00  2.16680E+01
 Step number:         20         Non-bonded count:  1163892
 -7.54402E+03  9.89903E-01  2.36968E+01
 Step number:         30         Non-bonded count:  1163892
 -7.59083E+03  3.86807E-01  1.08274E+01
 Step number:         40         Non-bonded count:  1163892
 -7.60133E+03  2.39480E-01  6.25742E+00
 Step number:         50         Non-bonded count:  1163892
 -7.60661E+03  2.07129E-01  6.00903E+00
 Step number:         60         Non-bonded count:  1163892
 -7.60889E+03  1.04740E-01  2.18795E+00
 Step number:         70         Non-bonded count:  1163892
 -7.60973E+03  8.47464E-02  2.23794E+00
 Step number:         80         Non-bonded count:  1163892
 -7.61066E+03  1.10652E-01  2.37131E+00
 Step number:         90         Non-bonded count:  1163892
 -7.61138E+03  6.26473E-02  1.30553E+00
 Step number:        100         Non-bonded count:  1163892
 E-pot        RMS grad     Max grad    
 -7.61191E+03  9.43188E-02  3.19809E+00
 Step number:        100         Non-bonded count:  1163892
 -7.61191E+03  9.43188E-02  3.19809E+00
  
 Energy and Force Generation Info: 
 --------------------------------- 
 Number of E&F called:     571


Final Energy Reports:
------------------------------------
 Total Energy of the system...... -7.61191E+03 kcal/mol
 Total Potential Energy.......... -7.61191E+03 kcal/mol
 Total Kinetic Energy............  0.00000E+00 kcal/mol
 Temperature of the system.......        0.000 K
 Bond Stretch Energy.............  1.13070E+01 kcal/mol
 Angle Bending Energy............  2.82450E+02 kcal/mol
 Torsion Angle Energy............  1.81478E+02 kcal/mol
 Restraining Energy for Torsions.  0.00000E+00 kcal/mol
 1,4 Lennard Jones Energy........  4.52859E+02 kcal/mol
 1,4 Electrostatic Energy........ -3.26773E+02 kcal/mol
 Lennard Jones Energy............ -5.47650E+02 kcal/mol
 Electrostatic Energy............ -7.66558E+03 kcal/mol
 H-bond Energy...................  0.00000E+00 kcal/mol
 
 Exiting IMPACT execution environment 
 Date: Wednesday, November 30 2016, at 23:19:26 EST
%IMPACT-I (timit): Total CPU time =      21.37 seconds (   0.4 minutes)
Total elapsed time = 23 seconds
  ** Completed refinement level 0      rmsd =  0.100

** Refinement finished. Final level: 0

** The refined complex file is 4G5P-impref_ref.mae.
