
Working on structure 1
Fixing common structure mistakes...
  No mistakes were found
Pre-treating metals...
Done treating metals
Assigning bond orders...
  Using CCD: True
CCD template assignment successfully used for HET "4MK "
  Assigned the following bonds (format: atom1, atom2, order): set([(2413, 2414, 2), (2429, 2430, 2), (2418, 2419, 2), (2404, 2411, 2), (2427, 2428, 2), (2416, 2417, 2), (2421, 2435, 2), (2425, 2426, 2), (2402, 2403, 2), (2423, 2424, 2), (2429, 2431, 2)])
Adding hydrogens...
Treating metals...
Creating di-sulfur bonds...
Converting Selenomethionines...
Detecting missing residue atoms...
Filling missing side chains using Prime...
Prime output file: /cbio/jclab/home/albaness/github/PDBfinder/pdbs/Ceritinib-ALK/fixed/4MKC-fixed/4mkc-missing-side-chains-out.maegz
Filling missing loops using Prime...
Prime output file: /cbio/jclab/home/albaness/github/PDBfinder/pdbs/Ceritinib-ALK/fixed/4MKC-fixed/4mkc-missing-loops-out.maegz
Capping protein termini...
CapTermini:     Added NMA Cap: A:1401A
CapTermini:     Added ACE Cap: A:1092
  The following terminal residues have been capped: A:1401, A:1093
Finding het groups...
Coloring atoms by element (green carbons in hets)...
Finding het groups (for Epik)...
Processing 3 het groups...
  Using Epik with pH: 7.4
        and pH Range: 0.0
  Max states per het: 32
Running Epik on 3 het groups...
  Waiting for epik...
  Het A:GOL (1501): keeping all 1 state(s):
    State penalty: -0.00 kcal/mol; H-Bond count: 0.
  Het A:GOL (1502): keeping all 1 state(s):
    State penalty: -0.00 kcal/mol; H-Bond count: 0.
  Het A:4MK (1503): keeping all 1 state(s):
    State penalty: -0.00 kcal/mol; H-Bond count: 2.
Running ProtAssign...
  Uses -minimize option in ProtAssign
  Using PROPKA with pH: 7.4
  RUNNING: /cbio/jclab/share/schrodinger/schrodinger2016-3/utilities/protassign 4MKC-protassign.mae 4MKC-protassign-out.mae -NOJOBID -nowater -minimize -propka_pH 7.4
Optimize H-bond job completed.
Running restrained minimization...
  RMSD: 0.3
  Force field: 2005
  hydrogens only
done with preparation
Writing to file...
DONE. Output file: ../4MKC-fixed.pdb
