==============================================================================
  Prime version 4.5 (r000) Refine Structure: Sidechain prediction
==============================================================================
        
--------------------------------------------------------------------------------
JobId          : cc05-0-583f8feb
Name           : 2itz-missing-side-chains
Program        : RefineStructure
MMshareExec    : /cbio/jclab/share/schrodinger/schrodinger2016-3/mmshare-v3.5/bin/Linux-x86_64
Host           : cc05.local
Dir            : /cbio/jclab/home/albaness/github/PDBfinder/pdbs/Gefitinib-EGFR/fixed/2ITZ-fixed
HostEntry      : localhost
JobHost        : cc05.local
JobDir         : /scratch/albaness/2itz-missing-side-chains
JobMMshareExec : /cbio/jclab/share/schrodinger/schrodinger2016-3/mmshare-v3.5/bin/Linux-x86_64
Commandline    : /cbio/jclab/share/schrodinger/schrodinger2016-3/prime 2itz-missing-side-chains
StartTime      : 2016-11-30-21:50:20
--------------------------------------------------------------------------------
Using the following input parameters:
   EXT_DIEL	80.0
   FIX_ATOM_NAMES	yes
   JOB_TYPE	refine
   NUM_SC_OUTPUT_STRUCT	1
   RESIDUE_0	A:723
   RESIDUE_1	A:1007
   SEED	0
   SELECT	pick
   STRUCT_FILE	2itz-missing-side-chains-in.mae
   USE_CRYSTAL_SYMMETRY	no
   USE_MEMBRANE	no
   USE_RANDOM_SEED	no

Number of CPU cores to use: 1

Using OPLS version 2005 for force-field parameters.

Pre-processing input
  Treating with residue ID check...
    Complete:  0 min  0 sec
  Treating with asl parsing...
    Complete:  0 min  0 sec
  Treating with naming consistency detection...
    Complete:  0 min  0 sec

 Random Number Seed Set to:    879162976
 
 Contents of the control file:
   
   file outdir "/scratch/albaness/2itz-missing-side-chains/"
   file datadir "/cbio/jclab/share/schrodinger/schrodinger2016-3/psp-v4.5/data/pop/"
   file vddir "/cbio/jclab/share/schrodinger/schrodinger2016-3/psp-v4.5/data/pop/"
   file tempdir "templates/"
   file protempdir "templates/"
   file usrtempdir "/scratch/albaness/2itz-missing-side-chains/"
   file gluefile "params.glue"
   file logfile stdout
   
   rand seed 0
   
   
   load simple 2itz-missing-side-chains_0 Structure(37)  het yes ions yes wat yes mse2met no sym none   highest_occ no     opls_version 2005 fix_atom_names yes
   
   
   
   constraints load_from_ct
   energy param solv vsgb2.0
   
   
   
   energy param nbcut2_nn  40.0
   energy param nbcut2_cn  40.0
   energy param nbcut2_cc  40.0
   
   energy param uselipo yes
   
   
   
   
   
   energy total
   side predict asl "atom.i_psp_select_atom 1" ofac_min 0.0 native_opt no failsafe no iter 1 maefile SWIG_OUTPUT_STRUCTURE
   
   energy total
   energy total
   
   
   write mae SWIG_OUTPUT_STRUCTURE
   
--Checked out   8 PSP Plop Tokens--
 Random number seed reset to :            0
 
 Parameters chosen for PDB loading:
   All protein chains will be loaded.
   Sequence read from ATOM lines.
   Ions from PDB file INCLUDED.
   PDB file assumed to be experimental data.
   Waters from PDB file INCLUDED.
   HETATMs from PDB file INCLUDED.
   Hydrogens from PDB file INCLUDED.
   NO symmetry will be used.
   Atoms not in PDB file will NOT be optimized.
   Atomtyping Parameters (when reading directly from mae)
      OPLS Version 2005                
      Planarity       None
      Using Force Field Charges
      Changing atom names to canonical values
 
 STARTING TO WORK ON FILE 2itz-missing-side-chains_0
 Reading residue sequence from atoms in mae file
 
 Amino acid sequence, chain: A A:GLU_697    A:GLU_865   
    0 GLUB ALA  PRO  ASN  GLN  ALA  LEU  LEU  ARG  ILE 
   10 LEU  LYS  GLU  THR  GLU  PHE  LYS  LYS  ILE  LYS 
   20 VAL  LEU  GLY  SER  GLY  ALA  PHE  GLY  THR  VAL 
   30 TYR  LYS  GLY  LEU  TRP  ILE  PRO  GLU  GLY  GLU 
   40 LYS  VAL  LYS  ILE  PRO  VAL  ALA  ILE  LYS  GLU 
   50 LEU  ARG  GLU  ALA  THR  SER  PRO  LYS  ALA  ASN 
   60 LYS  GLU  ILE  LEU  ASP  GLU  ALA  TYR  VAL  MET 
   70 ALA  SER  VAL  ASP  ASN  PRO  HID  VAL  CYS  ARG 
   80 LEU  LEU  GLY  ILE  CYS  LEU  THR  SER  THR  VAL 
   90 GLN  LEU  ILE  THR  GLN  LEU  MET  PRO  PHE  GLY 
  100 CYS  LEU  LEU  ASP  TYR  VAL  ARG  GLU  HID  LYS 
  110 ASP  ASN  ILE  GLY  SER  GLN  TYR  LEU  LEU  ASN 
  120 TRP  CYS  VAL  GLN  ILE  ALA  LYS  GLY  MET  ASN 
  130 TYR  LEU  GLU  ASP  ARG  ARG  LEU  VAL  HID  ARG 
  140 ASP  LEU  ALA  ALA  ARG  ASN  VAL  LEU  VAL  LYS 
  150 THR  PRO  GLN  HID  VAL  LYS  ILE  THR  ASP  PHE 
  160 GLY  ARG  ALA  LYS  LEU  LEU  GLY  ALA  GLUE
 
 Amino acid sequence, chain: A A:VAL_876    A:PRO_990   
    0 VALB PRO  ILE  LYS  TRP  MET  ALA  LEU  GLU  SER 
   10 ILE  LEU  HID  ARG  ILE  TYR  THR  HID  GLN  SER 
   20 ASP  VAL  TRP  SER  TYR  GLY  VAL  THR  VAL  TRP 
   30 GLU  LEU  MET  THR  PHE  GLY  SER  LYS  PRO  TYR 
   40 ASP  GLY  ILE  PRO  ALA  SER  GLU  ILE  SER  SER 
   50 ILE  LEU  GLU  LYS  GLY  GLU  ARG  LEU  PRO  GLN 
   60 PRO  PRO  ILE  CYS  THR  ILE  ASP  VAL  TYR  MET 
   70 ILE  MET  VAL  LYS  CYS  TRP  MET  ILE  ASP  ALA 
   80 ASP  SER  ARG  PRO  LYS  PHE  ARG  GLU  LEU  ILE 
   90 ILE  GLU  PHE  SER  LYS  MET  ALA  ARG  ASP  PRO 
  100 GLN  ARG  TYR  LEU  VAL  ILE  GLN  GLY  ASP  GLU 
  110 ARG  MET  HID  LEU  PROE
 
 Amino acid sequence, chain: A A:MET_1002   A:GLN_1020  
    0 METB ASP  GLU  GLU  ASP  MET  ASP  ASP  VAL  VAL 
   10 ASP  ALA  ASP  GLU  TYR  LEU  ILE  PRO  GLNE
 
 Nonbonded initialization ...
 Time for loading nb parameters:   4.998999999999754E-003
 Build extended structure ...
 Charged terminal template did not match, trying neutral terminal template for 
  A:GLU_697   
 Charged terminal template did not match, trying neutral terminal template for 
  A:GLU_865   
 Charged terminal template did not match, trying neutral terminal template for 
  A:VAL_876   
 Charged terminal template did not match, trying neutral terminal template for 
  A:PRO_990   
 Charged terminal template did not match, trying neutral terminal template for 
  A:MET_1002  
 Charged terminal template did not match, trying neutral terminal template for 
  A:GLN_1020  
 Standard template does not match for  A:GLN_1020   making custom template
 Generating crosslinks ...
 Initialize 1/4 list ...
 Initialize parent/child list ...
 Initialize covalent pointers ...
 Initialize resinfo list ...
 ATTN: hetero res type CL  
  not recognized - rotamer conformations will not be sampled.
 ATTN: hetero res type IRE 
  not recognized - rotamer conformations will not be sampled.
 Initialize special atoms ...
 Initialize rank list ...
 Initialize sparse atom list ...
 
 Times for various book-keeping steps:
     build   3.666s
     cross   0.055s
     child   0.019s
      iper   0.000s
       rev   0.021s
      info   0.005s
     resat   0.000s
      rank   0.000s
     covpt   0.000s
    sparse   0.025s
 
 Times for steps in loading structure:
           Load sequence    0.42s
    Initialize structure    3.83s
      Assign coordinates    0.03s
     Initialize symmetry    0.00s
 
 Preparing for first energy calculation ...
 
 Time for assigning nb parameters:    0.013s
 
 Number of protein chains       3
   Number of residues         303
       (charged)               84
        (polar)                89
       (glycine)               16
     (hydrophobic)            114
 
 Number of RNA chains           0
   Number of nucleotides        0
 Number of DNA chains           0
   Number of nucleotides        0
 
 Number of waters              65
 Number of ions                 0
 Number of HET                  2
 
 Number of atoms             5239
   [sparse atoms]             471
 
 Number of bonds             5234
 Number of angles            9276
 Number of torsions         14493
 Number of 1/4s             13311
 
 Partial charges and molecular weights:
  HET group      A:CL_2020        -1.0000      35.5
  HET group      A:IRE_2021        0.0000     446.9
  Protein chain            A       5.0000   18987.5
  Protein chain            A      -2.0000   13453.8
  Protein chain            A      -9.0000    2104.2
  Entire system                   -7.0000   36198.9
 
 Time for secondary structure initialization   0.002s
 
 Results of parameter assignment
    type    tot   time
    BOND   5234   0.00
    ANGL   9276   0.00
    TORS  14493   0.02
 
 Here are the parameters that will be used:
                      Solvent model   SGB
               Variable Dielectric:   ENABLED
                               LYS:    3.85
                               GLU:    2.78
                               ASP:    2.44
                               HIP:    2.86
                               HIS:    1.00
                               ARG:    2.11
                      Penalty terms   EXCLUDED
                Internal dielectric    1.00
                 Solvent dielectric   80.00
                 Ionic strength (M)    0.00
                 Debye length (Ang)     Inf
     Short NB cut (neutral/neutral)   10.00
      Long NB cut (neutral/neutral)   40.00
      Short NB cut (charge/neutral)   10.00
       Long NB cut (charge/neutral)   40.00
       Short NB cut (charge/charge)   15.00
        Long NB cut (charge/charge)   40.00
             Short NB cut (reduced)    6.00
              Long NB cut (reduced)   36.00
          Rotamer Frequency Scoring   OFF
 
 NOW REPORTING THE ENERGY (KCAL/MOL): 
 COVALENT ENERGIES:
                BOND           ANGLE             TOR           TOTAL
     COV     1582.837360      636.640867     1220.071968     3439.550195
     SGB    25445.309886    -9554.101772    -7138.597373     8752.610741
   TOTAL    27028.147246    -8917.460905    -5918.525405    12192.160936
    TIME        0.000s          0.000s          0.000s          0.000s   
 
 NONBONDED (INTRAMOLECULAR) ENERGIES:
                  14           SHORT            LONG           TOTAL
      LJ     2161.491664 53534816.593810     -136.902112 53536841.183362
    LIPO        0.000000    -1772.123852        0.000000    -1772.123852
      EL     8813.096453   -18139.663625      409.332932    -8917.234240
     SGB    -7138.597373     8253.858201     -344.618304      770.642524
   TOTAL     3835.990745 53523158.664535      -72.187484 53526922.467795
    TIME        0.000s          0.000s          0.000s          0.000s   
 
 OTHER:
SGB SELF   -18603.726027
NONPOLAR        0.000000
PROT COR        0.000000
   HBOND     -111.108400
 PACKING       -4.968898
SelfCont      -92.359179
 
 SUM:
 SGB TOT    -1941.875389
SOLV TOT    -1941.875389
LIPO TOT    -1772.123852
  TOTALE   53527441.06360    
 [NOTE: TOTAL ENERGY = COV_TOT + NB_TOT + OTHER - SGB_14|SGB_TOR]
 
 NOW REPORTING THE ENERGY (KCAL/MOL): 
 COVALENT ENERGIES:
                BOND           ANGLE             TOR           TOTAL
     COV     1582.837360      636.640867     1220.071968     3439.550195
     SGB    25445.309886    -9554.101772    -7138.597373     8752.610741
   TOTAL    27028.147246    -8917.460905    -5918.525405    12192.160936
    TIME        0.000s          0.000s          0.000s          0.000s   
 
 NONBONDED (INTRAMOLECULAR) ENERGIES:
                  14           SHORT            LONG           TOTAL
      LJ     2161.491664 53534816.593810     -136.902112 53536841.183362
    LIPO        0.000000    -1772.123852        0.000000    -1772.123852
      EL     8813.096453   -18139.663625      409.332932    -8917.234240
     SGB    -7138.597373     8253.858201     -344.618304      770.642524
   TOTAL     3835.990745 53523158.664535      -72.187484 53526922.467795
    TIME        0.000s          0.000s          0.000s          0.000s   
 
 OTHER:
SGB SELF   -18603.726027
NONPOLAR        0.000000
PROT COR        0.000000
   HBOND     -111.108400
 PACKING       -4.968898
SelfCont      -92.359179
 
 SUM:
 SGB TOT    -1941.875389
SOLV TOT    -1941.875389
LIPO TOT    -1772.123852
  TOTALE   53527441.06360    
 [NOTE: TOTAL ENERGY = COV_TOT + NB_TOT + OTHER - SGB_14|SGB_TOR]
 
 Preparing for first energy calculation ...
 
 
 NOW REPORTING THE ENERGY (KCAL/MOL): 
 COVALENT ENERGIES:
                BOND           ANGLE             TOR           TOTAL
     COV     1582.837360      636.640867     1220.071968     3439.550195
     SGB    25445.309886    -9554.101772    -7138.597373     8752.610741
   TOTAL    27028.147246    -8917.460905    -5918.525405    12192.160936
    TIME        0.000s          0.000s          0.000s          0.000s   
 
 NONBONDED (INTRAMOLECULAR) ENERGIES:
                  14           SHORT            LONG           TOTAL
      LJ     2161.491664 53534816.593810     -136.902112 53536841.183362
    LIPO        0.000000    -1772.123852        0.000000    -1772.123852
      EL     8813.096453   -18139.663625      409.332932    -8917.234240
     SGB    -7138.597373     8253.858201     -344.618304      770.642524
   TOTAL     3835.990745 53523158.664535      -72.187484 53526922.467795
    TIME        0.000s          0.000s          0.000s          0.000s   
 
 OTHER:
SGB SELF   -18603.726027
NONPOLAR        0.000000
PROT COR        0.000000
   HBOND     -111.108400
 PACKING       -4.968898
SelfCont      -92.359179
 
 SUM:
 SGB TOT    -1941.875389
SOLV TOT    -1941.875389
LIPO TOT    -1772.123852
  TOTALE   53527441.06360    
 [NOTE: TOTAL ENERGY = COV_TOT + NB_TOT + OTHER - SGB_14|SGB_TOR]
 
 ATTN:  large bond energies found:
      59     57 A:HOH_3001:_OW_         58 A:HOH_3001:_HW1         10.00
      60     57 A:HOH_3001:_OW_         59 A:HOH_3001:_HW2         10.00
      61     60 A:HOH_3002:_OW_         61 A:HOH_3002:_HW1         10.00
      62     60 A:HOH_3002:_OW_         62 A:HOH_3002:_HW2         10.00
      63     63 A:HOH_3003:_OW_         64 A:HOH_3003:_HW1         10.00
      64     63 A:HOH_3003:_OW_         65 A:HOH_3003:_HW2         10.00
      65     66 A:HOH_3004:_OW_         67 A:HOH_3004:_HW1         10.00
      66     66 A:HOH_3004:_OW_         68 A:HOH_3004:_HW2         10.00
      67     69 A:HOH_3005:_OW_         70 A:HOH_3005:_HW1         10.00
      68     69 A:HOH_3005:_OW_         71 A:HOH_3005:_HW2         10.00
      69     72 A:HOH_3006:_OW_         73 A:HOH_3006:_HW1         10.00
      70     72 A:HOH_3006:_OW_         74 A:HOH_3006:_HW2         10.00
      71     75 A:HOH_3007:_OW_         76 A:HOH_3007:_HW1         10.00
      72     75 A:HOH_3007:_OW_         77 A:HOH_3007:_HW2         10.00
      73     78 A:HOH_3008:_OW_         79 A:HOH_3008:_HW1         10.00
      74     78 A:HOH_3008:_OW_         80 A:HOH_3008:_HW2         10.00
      75     81 A:HOH_3009:_OW_         82 A:HOH_3009:_HW1         10.00
      76     81 A:HOH_3009:_OW_         83 A:HOH_3009:_HW2         10.00
      77     84 A:HOH_3010:_OW_         85 A:HOH_3010:_HW1         10.00
      78     84 A:HOH_3010:_OW_         86 A:HOH_3010:_HW2         10.00
      79     87 A:HOH_3011:_OW_         88 A:HOH_3011:_HW1         10.00
      80     87 A:HOH_3011:_OW_         89 A:HOH_3011:_HW2         10.00
      81     90 A:HOH_3012:_OW_         91 A:HOH_3012:_HW1         10.00
      82     90 A:HOH_3012:_OW_         92 A:HOH_3012:_HW2         10.00
      83     93 A:HOH_3013:_OW_         94 A:HOH_3013:_HW1         10.00
      84     93 A:HOH_3013:_OW_         95 A:HOH_3013:_HW2         10.00
      85     96 A:HOH_3014:_OW_         97 A:HOH_3014:_HW1         10.00
      86     96 A:HOH_3014:_OW_         98 A:HOH_3014:_HW2         10.00
      87     99 A:HOH_3015:_OW_        100 A:HOH_3015:_HW1         10.00
      88     99 A:HOH_3015:_OW_        101 A:HOH_3015:_HW2         10.00
      89    102 A:HOH_3016:_OW_        103 A:HOH_3016:_HW1         10.00
      90    102 A:HOH_3016:_OW_        104 A:HOH_3016:_HW2         10.00
      91    105 A:HOH_3017:_OW_        106 A:HOH_3017:_HW1         10.00
      92    105 A:HOH_3017:_OW_        107 A:HOH_3017:_HW2         10.00
      93    108 A:HOH_3018:_OW_        109 A:HOH_3018:_HW1         10.00
      94    108 A:HOH_3018:_OW_        110 A:HOH_3018:_HW2         10.00
      95    111 A:HOH_3019:_OW_        112 A:HOH_3019:_HW1         10.00
      96    111 A:HOH_3019:_OW_        113 A:HOH_3019:_HW2         10.00
      97    114 A:HOH_3020:_OW_        115 A:HOH_3020:_HW1         10.00
      98    114 A:HOH_3020:_OW_        116 A:HOH_3020:_HW2         10.00
      99    117 A:HOH_3021:_OW_        118 A:HOH_3021:_HW1         10.00
     100    117 A:HOH_3021:_OW_        119 A:HOH_3021:_HW2         10.00
     101    120 A:HOH_3022:_OW_        121 A:HOH_3022:_HW1         10.00
     102    120 A:HOH_3022:_OW_        122 A:HOH_3022:_HW2         10.00
     103    123 A:HOH_3023:_OW_        124 A:HOH_3023:_HW1         10.00
     104    123 A:HOH_3023:_OW_        125 A:HOH_3023:_HW2         10.00
     105    126 A:HOH_3024:_OW_        127 A:HOH_3024:_HW1         10.00
     106    126 A:HOH_3024:_OW_        128 A:HOH_3024:_HW2         10.00
     107    129 A:HOH_3025:_OW_        130 A:HOH_3025:_HW1         10.00
     108    129 A:HOH_3025:_OW_        131 A:HOH_3025:_HW2         10.00
     109    132 A:HOH_3026:_OW_        133 A:HOH_3026:_HW1         10.00
     110    132 A:HOH_3026:_OW_        134 A:HOH_3026:_HW2         10.00
     111    135 A:HOH_3027:_OW_        136 A:HOH_3027:_HW1         10.00
     112    135 A:HOH_3027:_OW_        137 A:HOH_3027:_HW2         10.00
     113    138 A:HOH_3028:_OW_        139 A:HOH_3028:_HW1         10.00
     114    138 A:HOH_3028:_OW_        140 A:HOH_3028:_HW2         10.00
     115    141 A:HOH_3029:_OW_        142 A:HOH_3029:_HW1         10.00
     116    141 A:HOH_3029:_OW_        143 A:HOH_3029:_HW2         10.00
     117    144 A:HOH_3030:_OW_        145 A:HOH_3030:_HW1         10.00
     118    144 A:HOH_3030:_OW_        146 A:HOH_3030:_HW2         10.00
     119    147 A:HOH_3031:_OW_        148 A:HOH_3031:_HW1         10.00
     120    147 A:HOH_3031:_OW_        149 A:HOH_3031:_HW2         10.00
     121    150 A:HOH_3032:_OW_        151 A:HOH_3032:_HW1         10.00
     122    150 A:HOH_3032:_OW_        152 A:HOH_3032:_HW2         10.00
     123    153 A:HOH_3033:_OW_        154 A:HOH_3033:_HW1         10.00
     124    153 A:HOH_3033:_OW_        155 A:HOH_3033:_HW2         10.00
     125    156 A:HOH_3034:_OW_        157 A:HOH_3034:_HW1         10.00
     126    156 A:HOH_3034:_OW_        158 A:HOH_3034:_HW2         10.00
     127    159 A:HOH_3035:_OW_        160 A:HOH_3035:_HW1         10.00
     128    159 A:HOH_3035:_OW_        161 A:HOH_3035:_HW2         10.00
     129    162 A:HOH_3036:_OW_        163 A:HOH_3036:_HW1         10.00
     130    162 A:HOH_3036:_OW_        164 A:HOH_3036:_HW2         10.00
     131    165 A:HOH_3037:_OW_        166 A:HOH_3037:_HW1         10.00
     132    165 A:HOH_3037:_OW_        167 A:HOH_3037:_HW2         10.00
     133    168 A:HOH_3038:_OW_        169 A:HOH_3038:_HW1         10.00
     134    168 A:HOH_3038:_OW_        170 A:HOH_3038:_HW2         10.00
     135    171 A:HOH_3039:_OW_        172 A:HOH_3039:_HW1         10.00
     136    171 A:HOH_3039:_OW_        173 A:HOH_3039:_HW2         10.00
     137    174 A:HOH_3040:_OW_        175 A:HOH_3040:_HW1         10.00
     138    174 A:HOH_3040:_OW_        176 A:HOH_3040:_HW2         10.00
     139    177 A:HOH_3041:_OW_        178 A:HOH_3041:_HW1         10.00
     140    177 A:HOH_3041:_OW_        179 A:HOH_3041:_HW2         10.00
     141    180 A:HOH_3042:_OW_        181 A:HOH_3042:_HW1         10.00
     142    180 A:HOH_3042:_OW_        182 A:HOH_3042:_HW2         10.00
     143    183 A:HOH_3043:_OW_        184 A:HOH_3043:_HW1         10.00
     144    183 A:HOH_3043:_OW_        185 A:HOH_3043:_HW2         10.00
     145    186 A:HOH_3044:_OW_        187 A:HOH_3044:_HW1         10.00
     146    186 A:HOH_3044:_OW_        188 A:HOH_3044:_HW2         10.00
     147    189 A:HOH_3045:_OW_        190 A:HOH_3045:_HW1         10.00
     148    189 A:HOH_3045:_OW_        191 A:HOH_3045:_HW2         10.00
     149    192 A:HOH_3046:_OW_        193 A:HOH_3046:_HW1         10.00
     150    192 A:HOH_3046:_OW_        194 A:HOH_3046:_HW2         10.00
     151    195 A:HOH_3047:_OW_        196 A:HOH_3047:_HW1         10.00
     152    195 A:HOH_3047:_OW_        197 A:HOH_3047:_HW2         10.00
     153    198 A:HOH_3048:_OW_        199 A:HOH_3048:_HW1         10.00
     154    198 A:HOH_3048:_OW_        200 A:HOH_3048:_HW2         10.00
     155    201 A:HOH_3049:_OW_        202 A:HOH_3049:_HW1         10.00
     156    201 A:HOH_3049:_OW_        203 A:HOH_3049:_HW2         10.00
     157    204 A:HOH_3050:_OW_        205 A:HOH_3050:_HW1         10.00
     158    204 A:HOH_3050:_OW_        206 A:HOH_3050:_HW2         10.00
     159    207 A:HOH_3051:_OW_        208 A:HOH_3051:_HW1         10.00
     160    207 A:HOH_3051:_OW_        209 A:HOH_3051:_HW2         10.00
     161    210 A:HOH_3052:_OW_        211 A:HOH_3052:_HW1         10.00
     162    210 A:HOH_3052:_OW_        212 A:HOH_3052:_HW2         10.00
     163    213 A:HOH_3053:_OW_        214 A:HOH_3053:_HW1         10.00
     164    213 A:HOH_3053:_OW_        215 A:HOH_3053:_HW2         10.00
     165    216 A:HOH_3054:_OW_        217 A:HOH_3054:_HW1         10.00
     166    216 A:HOH_3054:_OW_        218 A:HOH_3054:_HW2         10.00
     167    219 A:HOH_3055:_OW_        220 A:HOH_3055:_HW1         10.00
     168    219 A:HOH_3055:_OW_        221 A:HOH_3055:_HW2         10.00
     169    222 A:HOH_3056:_OW_        223 A:HOH_3056:_HW1         10.00
     170    222 A:HOH_3056:_OW_        224 A:HOH_3056:_HW2         10.00
     171    225 A:HOH_3057:_OW_        226 A:HOH_3057:_HW1         10.00
     172    225 A:HOH_3057:_OW_        227 A:HOH_3057:_HW2         10.00
     173    228 A:HOH_3058:_OW_        229 A:HOH_3058:_HW1         10.00
     174    228 A:HOH_3058:_OW_        230 A:HOH_3058:_HW2         10.00
     175    231 A:HOH_3059:_OW_        232 A:HOH_3059:_HW1         10.00
     176    231 A:HOH_3059:_OW_        233 A:HOH_3059:_HW2         10.00
     177    234 A:HOH_3060:_OW_        235 A:HOH_3060:_HW1         10.00
     178    234 A:HOH_3060:_OW_        236 A:HOH_3060:_HW2         10.00
     179    237 A:HOH_3061:_OW_        238 A:HOH_3061:_HW1         10.00
     180    237 A:HOH_3061:_OW_        239 A:HOH_3061:_HW2         10.00
     181    240 A:HOH_3062:_OW_        241 A:HOH_3062:_HW1         10.00
     182    240 A:HOH_3062:_OW_        242 A:HOH_3062:_HW2         10.00
     183    243 A:HOH_3063:_OW_        244 A:HOH_3063:_HW1         10.00
     184    243 A:HOH_3063:_OW_        245 A:HOH_3063:_HW2         10.00
     185    246 A:HOH_3064:_OW_        247 A:HOH_3064:_HW1         10.00
     186    246 A:HOH_3064:_OW_        248 A:HOH_3064:_HW2         10.00
     187    249 A:HOH_3065:_OW_        250 A:HOH_3065:_HW1         10.00
     188    249 A:HOH_3065:_OW_        251 A:HOH_3065:_HW2         10.00
    4399   4411 A:LYS_960:_CD_        4414 A:LYS_960:_CE_           6.36
 
 ATTN:  large 14 energies found:
      35 A:IRE_2021:_CAP     A:IRE_2021:_CAJ         10.06     -0.74      0.72
      60 A:IRE_2021:_CAK     A:IRE_2021:_CAI          5.45     -1.05      0.84
      93 A:IRE_2021:_C5_     A:IRE_2021:_C2_          5.72      0.08     -0.04
    9083 A:TYR_915:_C__      A:ASP_916:_C__           5.06     14.68    -15.04
 Cannot determine cbeta atoms for A:CL_2020   
 Cannot determine cbeta atoms for A:IRE_2021  
 Cannot determine cbeta atoms for A:HOH_3001  
 Cannot determine cbeta atoms for A:HOH_3002  
 Cannot determine cbeta atoms for A:HOH_3003  
 Cannot determine cbeta atoms for A:HOH_3004  
 Cannot determine cbeta atoms for A:HOH_3005  
 Cannot determine cbeta atoms for A:HOH_3006  
 Cannot determine cbeta atoms for A:HOH_3007  
 Cannot determine cbeta atoms for A:HOH_3008  
 Cannot determine cbeta atoms for A:HOH_3009  
 Cannot determine cbeta atoms for A:HOH_3010  
 Cannot determine cbeta atoms for A:HOH_3011  
 Cannot determine cbeta atoms for A:HOH_3012  
 Cannot determine cbeta atoms for A:HOH_3013  
 Cannot determine cbeta atoms for A:HOH_3014  
 Cannot determine cbeta atoms for A:HOH_3015  
 Cannot determine cbeta atoms for A:HOH_3016  
 Cannot determine cbeta atoms for A:HOH_3017  
 Cannot determine cbeta atoms for A:HOH_3018  
 Cannot determine cbeta atoms for A:HOH_3019  
 Cannot determine cbeta atoms for A:HOH_3020  
 Cannot determine cbeta atoms for A:HOH_3021  
 Cannot determine cbeta atoms for A:HOH_3022  
 Cannot determine cbeta atoms for A:HOH_3023  
 Cannot determine cbeta atoms for A:HOH_3024  
 Cannot determine cbeta atoms for A:HOH_3025  
 Cannot determine cbeta atoms for A:HOH_3026  
 Cannot determine cbeta atoms for A:HOH_3027  
 Cannot determine cbeta atoms for A:HOH_3028  
 Cannot determine cbeta atoms for A:HOH_3029  
 Cannot determine cbeta atoms for A:HOH_3030  
 Cannot determine cbeta atoms for A:HOH_3031  
 Cannot determine cbeta atoms for A:HOH_3032  
 Cannot determine cbeta atoms for A:HOH_3033  
 Cannot determine cbeta atoms for A:HOH_3034  
 Cannot determine cbeta atoms for A:HOH_3035  
 Cannot determine cbeta atoms for A:HOH_3036  
 Cannot determine cbeta atoms for A:HOH_3037  
 Cannot determine cbeta atoms for A:HOH_3038  
 Cannot determine cbeta atoms for A:HOH_3039  
 Cannot determine cbeta atoms for A:HOH_3040  
 Cannot determine cbeta atoms for A:HOH_3041  
 Cannot determine cbeta atoms for A:HOH_3042  
 Cannot determine cbeta atoms for A:HOH_3043  
 Cannot determine cbeta atoms for A:HOH_3044  
 Cannot determine cbeta atoms for A:HOH_3045  
 Cannot determine cbeta atoms for A:HOH_3046  
 Cannot determine cbeta atoms for A:HOH_3047  
 Cannot determine cbeta atoms for A:HOH_3048  
 Cannot determine cbeta atoms for A:HOH_3049  
 Cannot determine cbeta atoms for A:HOH_3050  
 Cannot determine cbeta atoms for A:HOH_3051  
 Cannot determine cbeta atoms for A:HOH_3052  
 Cannot determine cbeta atoms for A:HOH_3053  
 Cannot determine cbeta atoms for A:HOH_3054  
 Cannot determine cbeta atoms for A:HOH_3055  
 Cannot determine cbeta atoms for A:HOH_3056  
 Cannot determine cbeta atoms for A:HOH_3057  
 Cannot determine cbeta atoms for A:HOH_3058  
 Cannot determine cbeta atoms for A:HOH_3059  
 Cannot determine cbeta atoms for A:HOH_3060  
 Cannot determine cbeta atoms for A:HOH_3061  
 Cannot determine cbeta atoms for A:HOH_3062  
 Cannot determine cbeta atoms for A:HOH_3063  
 Cannot determine cbeta atoms for A:HOH_3064  
 Cannot determine cbeta atoms for A:HOH_3065  
 Cannot determine cbeta atoms for A:GLN_1020  
 
 Here are the parameters chosen for side predict:
 
  SC SCREENING PARAMETERS
   Initial overlap factor:   0.750000000000000     
   Minimum overlap factor:   0.000000000000000E+000
   Rotamer library resolution:    10.0000000000000     
   Total iterations:            1
   SCs randomized prior to optimization.
   Current SC rotamers NOT added to library.
   DO NOT Remove SC Clashes Prior to Prediction
   New tree-based energy routines used.
   All energy components are used in rotamer ranking.
   If sampling not succeed, will NOT revert to original structure.
   Ecut for full energy updates:   -1.00000000000000     
   Ecut for full minimizations:   -1.00000000000000     
   SGB and LR updated after each cycle.
   Option for SGB update:            1
   Minimize after rotamer placement converged.
 
  MINIMIZATION PARAMETERS
   Desired final RMS gradient:  1.000000000000000E-002
   Maximum number of iterations to achieve self-consistency:            2
   Energy cutoff for determining self-consistency  0.100kcals/mol
   Maximum number of TN iterations:           65
   Iterations between NBlist/LR updates:            2
   LR forces will be updated less frequently than SR.
   NB list will NOT be updated during minim.
   SGB will be updated during minim.
   Option for SGB update:            1
   Born alpha will NOT be updated during minim
   NB Clashes will be used in the preconditioning
 Total side chains to be optimized:            2
 
 ------------------------------------------
 NOW PRE-SCREENING ROTAMER STATES ...
 (res, # after screen, # total, ofac, rmsd_min, rmsd_max, time)
   A:PHE_723        141     141   0.00  -1.00  -1.00   0.00s
   A:MET_1007       441     441   0.00  -1.00  -1.00   0.00s
 
 Randomizing side chain positions ...
 
 ------------------------------------------
 NOW PICKING ROTAMER STATE BY ENERGY ...
 (res, # rotamers, # evaluated, ofac, cluster #, 
 rot #, old rot #, rmsd, elib, times)
 nlist =            2
one_lib:  A:PHE_723        141       1  0.75   1   1 214930 214738 -1.0    -495.91    0.00s ****
one_lib:  A:MET_1007       441     161  0.75   1  50 221091 221730 -1.0    -507.00    0.03s ****
Time for iteration:     0.05s
Rotamer placement not converged; flips (rot,prot,tot):     2    0    2
 
 ------------------------------------------
 NOW PICKING ROTAMER STATE BY ENERGY ...
 (res, # rotamers, # evaluated, ofac, cluster #, 
 rot #, old rot #, rmsd, elib, times)
 nlist =            2
one_lib:  A:PHE_723        141       1  0.75   1   1 214930 214930 -1.0    -496.40    0.00s
one_lib:  A:MET_1007       441     161  0.75   1  50 221091 221091 -1.0    -507.22    0.03s
Time for iteration:     0.05s
 Rotamer placement converged. Now minimizing...
Summary of library results(time,ener):     0.43       -5950.43     1.18       -5953.95
SIDE_PRED Time:       1.92s
 
 Preparing for first energy calculation ...
 
 
 NOW REPORTING THE ENERGY (KCAL/MOL): 
 COVALENT ENERGIES:
                BOND           ANGLE             TOR           TOTAL
     COV     1583.010900      635.165790     1226.101058     3444.277748
     SGB    25423.943893    -9545.262670    -7128.648258     8750.032966
   TOTAL    27006.954794    -8910.096881    -5902.547200    12194.310714
    TIME        0.000s          0.000s          0.000s          0.000s   
 
 NONBONDED (INTRAMOLECULAR) ENERGIES:
                  14           SHORT            LONG           TOTAL
      LJ     2163.124432     1422.445450     -137.087797     3448.482085
    LIPO        0.000000    -1766.306154        0.000000    -1766.306154
      EL     8815.815848   -18156.377826      407.643615    -8932.918363
     SGB    -7128.648258     8244.892786     -343.339332      772.905197
   TOTAL     3850.292023   -10255.345744      -72.783514    -6477.837235
    TIME        0.000s          0.000s          0.000s          0.000s   
 
 OTHER:
SGB SELF   -18590.637183
NONPOLAR        0.000000
PROT COR        0.000000
   HBOND     -111.108400
 PACKING       -4.968898
SelfCont      -92.359179
 
 SUM:
 SGB TOT    -1939.050763
SOLV TOT    -1939.050763
LIPO TOT    -1766.306154
  TOTALE  -5953.951923866    
 [NOTE: TOTAL ENERGY = COV_TOT + NB_TOT + OTHER - SGB_14|SGB_TOR]
 
 NOW REPORTING THE ENERGY (KCAL/MOL): 
 COVALENT ENERGIES:
                BOND           ANGLE             TOR           TOTAL
     COV     1583.010900      635.165790     1226.101058     3444.277748
     SGB    25423.943893    -9545.262670    -7128.648258     8750.032966
   TOTAL    27006.954794    -8910.096881    -5902.547200    12194.310714
    TIME        0.000s          0.000s          0.000s          0.000s   
 
 NONBONDED (INTRAMOLECULAR) ENERGIES:
                  14           SHORT            LONG           TOTAL
      LJ     2163.124432     1422.680379     -137.322680     3448.482131
    LIPO        0.000000    -1766.306154        0.000000    -1766.306154
      EL     8815.815848   -18158.479849      409.410891    -8933.253109
     SGB    -7128.648258     8245.806245     -344.667310      772.490678
   TOTAL     3850.292023   -10256.299378      -72.579099    -6478.586454
    TIME        0.000s          0.000s          0.000s          0.000s   
 
 OTHER:
SGB SELF   -18590.637183
NONPOLAR        0.000000
PROT COR        0.000000
   HBOND     -111.108400
 PACKING       -4.968898
SelfCont      -92.359179
 
 SUM:
 SGB TOT    -1939.465282
SOLV TOT    -1939.465282
LIPO TOT    -1766.306154
  TOTALE  -5954.701142901    
 [NOTE: TOTAL ENERGY = COV_TOT + NB_TOT + OTHER - SGB_14|SGB_TOR]
 
 Preparing for first energy calculation ...
 
 
 NOW REPORTING THE ENERGY (KCAL/MOL): 
 COVALENT ENERGIES:
                BOND           ANGLE             TOR           TOTAL
     COV     1583.010900      635.165790     1226.101058     3444.277748
     SGB    25423.943893    -9545.262670    -7128.648258     8750.032966
   TOTAL    27006.954794    -8910.096881    -5902.547200    12194.310714
    TIME        0.000s          0.000s          0.000s          0.000s   
 
 NONBONDED (INTRAMOLECULAR) ENERGIES:
                  14           SHORT            LONG           TOTAL
      LJ     2163.124432     1422.680379     -137.322680     3448.482131
    LIPO        0.000000    -1766.306154        0.000000    -1766.306154
      EL     8815.815848   -18158.479849      409.410891    -8933.253109
     SGB    -7128.648258     8245.806245     -344.667310      772.490678
   TOTAL     3850.292023   -10256.299378      -72.579099    -6478.586454
    TIME        0.000s          0.000s          0.000s          0.000s   
 
 OTHER:
SGB SELF   -18590.637183
NONPOLAR        0.000000
PROT COR        0.000000
   HBOND     -111.108400
 PACKING       -4.968898
SelfCont      -92.359179
 
 SUM:
 SGB TOT    -1939.465282
SOLV TOT    -1939.465282
LIPO TOT    -1766.306154
  TOTALE  -5954.701142901    
 [NOTE: TOTAL ENERGY = COV_TOT + NB_TOT + OTHER - SGB_14|SGB_TOR]
 
 NOW REPORTING THE ENERGY (KCAL/MOL): 
 COVALENT ENERGIES:
                BOND           ANGLE             TOR           TOTAL
     COV     1583.010900      635.165790     1226.101058     3444.277748
     SGB    25423.943893    -9545.262670    -7128.648258     8750.032966
   TOTAL    27006.954794    -8910.096881    -5902.547200    12194.310714
    TIME        0.000s          0.000s          0.000s          0.000s   
 
 NONBONDED (INTRAMOLECULAR) ENERGIES:
                  14           SHORT            LONG           TOTAL
      LJ     2163.124432     1422.680379     -137.322680     3448.482131
    LIPO        0.000000    -1766.306154        0.000000    -1766.306154
      EL     8815.815848   -18158.479849      409.410891    -8933.253109
     SGB    -7128.648258     8245.806245     -344.667310      772.490678
   TOTAL     3850.292023   -10256.299378      -72.579099    -6478.586454
    TIME        0.000s          0.000s          0.000s          0.000s   
 
 OTHER:
SGB SELF   -18590.637183
NONPOLAR        0.000000
PROT COR        0.000000
   HBOND     -111.108400
 PACKING       -4.968898
SelfCont      -92.359179
 
 SUM:
 SGB TOT    -1939.465282
SOLV TOT    -1939.465282
LIPO TOT    -1766.306154
  TOTALE  -5954.701142901    
 [NOTE: TOTAL ENERGY = COV_TOT + NB_TOT + OTHER - SGB_14|SGB_TOR]
 TOTAL TIME ELAPSED: 2itz-missing-side-chains_0          42.396s
 RETURNED LICENSE
Post-processing output...
  Processing output structure #1
Post-processing complete.


