
** Heavy-atom coordinates will be fixed: maxlevel set to 0
  **
  ** Beginning refinement level 0
  **

%IMPACT-I (openwt): Request to open FORMATTED file 2XP2-impref_ref0.out on unit   2
 Entering IMPACT execution environment 
 Date: Thursday, December 01 2016, at 00:15:11 EST
 Impact version 72014
 mmshare version        35014
 Copyright (c) Schrodinger, LLC.
 All Rights Reserved.

 Host: Linux cc05.local 2.6.32-573.18.1.el6.x86_64 #1 SMP Tue Feb 9 22:46:17 UTC 2016 x86_64
 Job Name: 2XP2-impref_ref0
 SCHRODINGER  directory: /cbio/jclab/share/schrodinger/schrodinger2016-3
 IMPACT_EXEC  directory: /cbio/jclab/share/schrodinger/schrodinger2016-3/impact-v7.2/bin/Linux-x86_64
 MMSHARE_EXEC directory: /cbio/jclab/share/schrodinger/schrodinger2016-3/mmshare-v3.5/bin/Linux-x86_64

 Clock-based global random seed:     1480569311
%IMPACT-I(foldmain): calling OPLS_2005 atomtyping ...
%IMPACT-I(foldmain): finished parameter assignment
 PARM read from file "paramstd.dat"
 Parameter obtained from atomtyping
      Current coord. are written to file: "2XP2-impref.init_coord.rst"
      Box dimensions not written


 Total number of atoms  =  5383
 
 Neighbor List Cutoff Settings
 ==================================
 Cutoff radius:   10.0000000000000     
 Update frequency: every           10  steps
 Species   1 : Neighbors are calculated on a per residue basis
 Species   1 : Cutoff by inter-atomic distances
 
 Step number:          0         Non-bonded count:  1321342
 E-pot        RMS grad     Max grad    
 -1.56793E+04  4.19803E+00  1.40425E+02
 Step number:         10         Non-bonded count:  1321342
 -1.57936E+04  3.69653E-01  5.26223E+00
 Step number:         20         Non-bonded count:  1321342
 -1.58160E+04  2.89841E-01  6.69291E+00
 Step number:         30         Non-bonded count:  1321342
 -1.58225E+04  2.23331E-01  4.59565E+00
 Step number:         40         Non-bonded count:  1321342
 -1.58259E+04  2.23715E-01  5.24142E+00
 Step number:         50         Non-bonded count:  1321342
 -1.58283E+04  1.75871E-01  4.07126E+00
 Step number:         60         Non-bonded count:  1321342
 -1.58301E+04  1.86448E-01  4.84666E+00
 Step number:         70         Non-bonded count:  1321342
 -1.58314E+04  1.23846E-01  2.86964E+00
 Step number:         80         Non-bonded count:  1321342
 -1.58324E+04  1.09910E-01  3.52704E+00
 Step number:         90         Non-bonded count:  1321342
 -1.58331E+04  8.27704E-02  2.10980E+00
 Step number:        100         Non-bonded count:  1321342
 -1.58336E+04  8.11266E-02  1.43778E+00
 Step number:        100         Non-bonded count:  1321342
 -1.58336E+04  8.11266E-02  1.43778E+00
      Current coord. are written to file: "2XP2-impref.min0_coord.rst"
      Box dimensions not written
      Current coordinates are read from file: "2XP2-impref.init_coord.rst"
      Box dimensions not read
          read from "2XP2-impref.init_coord.rst"
  
 Energy and Force Generation Info: 
 --------------------------------- 
 Number of E&F called:     273
 PARM read from file "paramstd.dat"
 Parameter obtained from atomtyping
      Current coordinates are read from file: "2XP2-impref.min0_coord.rst"
      Box dimensions not read
          read from "2XP2-impref.min0_coord.rst"


 Total number of atoms  =  5383
 
 Neighbor List Cutoff Settings
 ==================================
 Cutoff radius:   10.0000000000000     
 Update frequency: every           10  steps
 Species   1 : Neighbors are calculated on a per residue basis
 Species   1 : Cutoff by inter-atomic distances
 
 Step number:          0         Non-bonded count:  1321342
 E-pot        RMS grad     Max grad    
 -1.49176E+04  2.43632E+00  2.76989E+01
 Step number:         10         Non-bonded count:  1321342
 -1.54832E+04  8.64367E-01  2.60746E+01
 Step number:         20         Non-bonded count:  1321342
 -1.55235E+04  6.37615E-01  2.13304E+01
 Step number:         30         Non-bonded count:  1321342
 -1.55482E+04  4.89727E-01  2.42529E+01
 Step number:         40         Non-bonded count:  1321342
 -1.55620E+04  2.64530E-01  8.44939E+00
 Step number:         50         Non-bonded count:  1321342
 -1.55642E+04  6.92646E-02  2.44615E+00
 Step number:         55         Non-bonded count:  1321342
 -1.55644E+04  4.83483E-02  1.84495E+00
 Step number:         55         Non-bonded count:  1321342
 -1.55644E+04  4.83483E-02  1.84495E+00
  
 Energy and Force Generation Info: 
 --------------------------------- 
 Number of E&F called:     434


Final Energy Reports:
------------------------------------
 Total Energy of the system...... -1.55644E+04 kcal/mol
 Total Potential Energy.......... -1.55644E+04 kcal/mol
 Total Kinetic Energy............  0.00000E+00 kcal/mol
 Temperature of the system.......        0.000 K
 Bond Stretch Energy.............  1.02034E+01 kcal/mol
 Angle Bending Energy............  2.28063E+02 kcal/mol
 Torsion Angle Energy............  1.78644E+02 kcal/mol
 Restraining Energy for Torsions.  0.00000E+00 kcal/mol
 1,4 Lennard Jones Energy........  3.30134E+02 kcal/mol
 1,4 Electrostatic Energy........ -3.95122E+02 kcal/mol
 Lennard Jones Energy............ -8.93987E+02 kcal/mol
 Electrostatic Energy............ -1.50223E+04 kcal/mol
 H-bond Energy...................  0.00000E+00 kcal/mol
 
 Exiting IMPACT execution environment 
 Date: Thursday, December 01 2016, at 00:15:31 EST
%IMPACT-I (timit): Total CPU time =      19.61 seconds (   0.3 minutes)
Total elapsed time = 21 seconds
  ** Completed refinement level 0      rmsd =  0.052

** Refinement finished. Final level: 0

** The refined complex file is 2XP2-impref_ref.mae.
