  Running PropKa to get pKas

Clusters to optimize:
    Cluster 1:
        A:ASN 1093 
        A:SER 1104 : HG 
        A:ASN 1095 
    Cluster 2:
        A:ASN 1115 
        A:ASP 1141 
        A:SER 1136 : HG 
        A:LYS 1114 
    Cluster 3:
        A:GLN 1134 
    Cluster 4:
        A:ASN 1140 
    Cluster 5:
        A:GLN 1146 
    Cluster 6:
        A:GLN 1159 
    Cluster 7:
        A:ASN 1175 
    Cluster 8:
        A:GLN 1177 
    Cluster 9:
        A:ASN 1178 
        A:ASP 1232 
        A:CYS 1235 : HG 
        A:HID 1176 
    Cluster 10:
        A:GLN 1188 
    Cluster 11:
        A:GLN 1217 
    Cluster 12:
        A:GLN 1238 
    Cluster 13:
        A:ASN 1243 
    Cluster 14:
        A:ASN 1254 
        A:ASP 1270 
        A:ASP 1249 
    Cluster 15:
        A:ASN 1335 
        A:LYS 1294 
    Cluster 16:
        A:GLN 1336 
        A:GLU 1340 
    Cluster 17:
        A:ASN 1353 
    Cluster 18:
        A:GLN 1364 
    Cluster 19:
        A:GLN 1367 
    Cluster 20:
        A:GLN 1369 
        A:GLU 1371 
        A:HID 1368 
    Cluster 21:
        A:ASN 1375 
    Cluster 22:
        A:GLN 1388 
    Cluster 23:
        A:ASN 1394 
    Cluster 24:
        A:LYS 1101 
    Cluster 25:
        A:LYS 1109 
    Cluster 26:
        A:LYS 1150 
        A:HIS 1124 
    Cluster 27:
        A:LYS 1173 
        A:SER 1103 : HG 
    Cluster 28:
        A:LYS 1205 
        A:GLU 1321 
    Cluster 29:
        A:LYS 1267 
        A:GLU 1197 
    Cluster 30:
        A:LYS 1285 
        A:SER 1189 : HG 
    Cluster 31:
        A:LYS 1309 
    Cluster 32:
        A:LYS 1333 
    Cluster 33:
        A:LYS 1352 
        A:TYR 1327 : HH 
    Cluster 34:
        A:HID 1228 
    Cluster 35:
        A:HID 1244 
    Cluster 36:
        A:HID 1247 
    Cluster 37:
        A:TYR 1096 : HH 
    Cluster 38:
        A:CYS 1097 : HG 
        A:TYR 1278 : HH 
        A:THR 1102 : HG1
    Cluster 39:
        A:SER 1106 : HG 
    Cluster 40:
        A:THR 1117 : HG1
    Cluster 41:
        A:TYR 1131 : HH 
        A:GLU 1129 
        A:THR 1151 : HG1
    Cluster 42:
        A:SER 1143 : HG 
    Cluster 43:
        A:CYS 1156 : HG 
        A:GLU 1161 
    Cluster 44:
        A:SER 1157 : HG 
        A:ASP 1160 
    Cluster 45:
        A:SER 1172 : HG 
        A:CYS 1182 : HG 
    Cluster 46:
        A:SER 1186 : HG 
    Cluster 47:
        A:SER 1206 : HG 
        A:ASP 1203 
    Cluster 48:
        A:THR 1211 : HG1
        A:SER 1220 : HG 
    Cluster 49:
        A:SER 1216 : HG 
    Cluster 50:
        A:SER 1219 : HG 
    Cluster 51:
        A:CYS 1237 : HG 
    Cluster 52:
        A:TYR 1239 : HH 
    Cluster 53:
        A:CYS 1255 : HG 
    Cluster 54:
        A:THR 1258 : HG1
    Cluster 55:
        A:CYS 1259 : HG 
    Cluster 56:
        A:SER 1281 : HG 
    Cluster 57:
        A:TYR 1282 : HH 
    Cluster 58:
        A:TYR 1283 : HH 
    Cluster 59:
        A:CYS 1288 : HG 
    Cluster 60:
        A:THR 1307 : HG1
        A:GLU 1299 
        A:THR 1310 : HG1
    Cluster 61:
        A:SER 1308 : HG 
    Cluster 62:
        A:THR 1312 : HG1
    Cluster 63:
        A:SER 1314 : HG 
    Cluster 64:
        A:SER 1324 : HG 
    Cluster 65:
        A:TYR 1330 : HH 
    Cluster 66:
        A:SER 1332 : HG 
    Cluster 67:
        A:SER 1334 : HG 
        A:GLU 1337 
    Cluster 68:
        A:THR 1343 : HG1
    Cluster 69:
        A:SER 1344 : HG 
    Cluster 70:
        A:CYS 1354 : HG 
    Cluster 71:
        A:TYR 1359 : HH 
    Cluster 72:
        A:THR 1363 : HG1
    Cluster 73:
        A:CYS 1365 : HG 
    Cluster 74:
        A:TYR 1385 : HH 
        A:ASP 1389 
    Cluster 75:
        A:CYS 1386 : HG 
    Cluster 76:
        A:THR 1387 : HG1
        A:GLU 1384 
    Cluster 77:
        A:THR 1395 : HG1
    Cluster 78:
        A:ASP 1107 
    Cluster 79:
        A:GLU 1110 
    Cluster 80:
        A:GLU 1132 
    Cluster 81:
        A:GLU 1154 
    Cluster 82:
        A:GLU 1158 
    Cluster 83:
        A:ASP 1163 
    Cluster 84:
        A:GLU 1167 
    Cluster 85:
        A:GLU 1210 
    Cluster 86:
        A:ASP 1225 
    Cluster 87:
        A:GLU 1241 
    Cluster 88:
        A:GLU 1242 
    Cluster 89:
        A:ASP 1276 
    Cluster 90:
        A:GLU 1303 
    Cluster 91:
        A:ASP 1311 
    Cluster 92:
        A:ASP 1349 
    Cluster 93:
        A:ASP 1372 
    Cluster 94:
        A:GLU 1381 
    Cluster 95:
        A:ASP 1391 
    Cluster 96:
        A:GLU 1400 

Working on cluster #1...
    A:ASN 1093  : 2 states
    A:SER 1104 : HG  : 7 states
    A:ASN 1095  : 2 states

  Scoring exhaustively (28 potential combinations)...

  Cluster results:
    A:ASN 1093  : No Flip
    A:SER 1104 : HG  : Orientation 1/7
    A:ASN 1095  : No Flip

Working on cluster #2...
    A:ASN 1115  : 2 states
    A:ASP 1141  : 3 states
    A:SER 1136 : HG  : 9 states
    A:LYS 1114  : 20 states

  Scoring exhaustively (1080 potential combinations)...

  Cluster results:
    A:ASN 1115  : No Flip
    A:ASP 1141  : Charged (pKa = 1.97)
    A:SER 1136 : HG  : Stagger 1 7/9
    A:LYS 1114  : Orientation 1/4 (pKa = 10.21)

Working on cluster #3...
    A:GLN 1134  : 2 states

  Scoring exhaustively (2 potential combinations)...

  Cluster results:
    A:GLN 1134  : No Flip

Working on cluster #4...
    A:ASN 1140  : 2 states

  Scoring exhaustively (2 potential combinations)...

  Cluster results:
    A:ASN 1140  : No Flip

Working on cluster #5...
    A:GLN 1146  : 2 states

  Scoring exhaustively (2 potential combinations)...

  Cluster results:
    A:GLN 1146  : No Flip

Working on cluster #6...
    A:GLN 1159  : 2 states

  Scoring exhaustively (2 potential combinations)...

  Cluster results:
    A:GLN 1159  : No Flip

Working on cluster #7...
    A:ASN 1175  : 2 states

  Scoring exhaustively (2 potential combinations)...

  Cluster results:
    A:ASN 1175  : No Flip

Working on cluster #8...
    A:GLN 1177  : 2 states

  Scoring exhaustively (2 potential combinations)...

  Cluster results:
    A:GLN 1177  : No Flip

Working on cluster #9...
    A:ASN 1178  : 2 states
    A:ASP 1232  : 3 states
    A:CYS 1235 : HG  : 5 states
    A:HID 1176  : 6 states

  Scoring exhaustively (180 potential combinations)...

  Cluster results:
    A:ASN 1178  : No Flip
    A:ASP 1232  : Charged (pKa = 4.8)
    A:CYS 1235 : HG  : Stagger 3 4/4 (pKa = 10.17)
    A:HID 1176  : HID (pKa = 5.26)

Working on cluster #10...
    A:GLN 1188  : 2 states

  Scoring exhaustively (2 potential combinations)...

  Cluster results:
    A:GLN 1188  : No Flip

Working on cluster #11...
    A:GLN 1217  : 2 states

  Scoring exhaustively (2 potential combinations)...

  Cluster results:
    A:GLN 1217  : Flip

Working on cluster #12...
    A:GLN 1238  : 2 states

  Scoring exhaustively (2 potential combinations)...

  Cluster results:
    A:GLN 1238  : No Flip

Working on cluster #13...
    A:ASN 1243  : 2 states

  Scoring exhaustively (2 potential combinations)...

  Cluster results:
    A:ASN 1243  : No Flip

Working on cluster #14...
    A:ASN 1254  : 2 states
    A:ASP 1270  : 3 states
    A:ASP 1249  : 3 states

  Scoring exhaustively (18 potential combinations)...

  Cluster results:
    A:ASN 1254  : No Flip
    A:ASP 1270  : Charged (pKa = 7.22)
    A:ASP 1249  : Charged (pKa = 3.73)

Working on cluster #15...
    A:ASN 1335  : 2 states
    A:LYS 1294  : 20 states

  Scoring exhaustively (40 potential combinations)...

  Cluster results:
    A:ASN 1335  : No Flip
    A:LYS 1294  : Orientation 2/4 (pKa = 9.02)

Working on cluster #16...
    A:GLN 1336  : 2 states
    A:GLU 1340  : 3 states

  Scoring exhaustively (6 potential combinations)...

  Cluster results:
    A:GLN 1336  : No Flip
    A:GLU 1340  : Charged (pKa = 4.07)

Working on cluster #17...
    A:ASN 1353  : 2 states

  Scoring exhaustively (2 potential combinations)...

  Cluster results:
    A:ASN 1353  : No Flip

Working on cluster #18...
    A:GLN 1364  : 2 states

  Scoring exhaustively (2 potential combinations)...

  Cluster results:
    A:GLN 1364  : No Flip

Working on cluster #19...
    A:GLN 1367  : 2 states

  Scoring exhaustively (2 potential combinations)...

  Cluster results:
    A:GLN 1367  : No Flip

Working on cluster #20...
    A:GLN 1369  : 2 states
    A:GLU 1371  : 3 states
    A:HID 1368  : 6 states

  Scoring exhaustively (36 potential combinations)...

  Cluster results:
    A:GLN 1369  : No Flip
    A:GLU 1371  : Charged (pKa = 3.24)
    A:HID 1368  : HID (pKa = 6.65)

Working on cluster #21...
    A:ASN 1375  : 2 states

  Scoring exhaustively (2 potential combinations)...

  Cluster results:
    A:ASN 1375  : No Flip

Working on cluster #22...
    A:GLN 1388  : 2 states

  Scoring exhaustively (2 potential combinations)...

  Cluster results:
    A:GLN 1388  : No Flip

Working on cluster #23...
    A:ASN 1394  : 2 states

  Scoring exhaustively (2 potential combinations)...

  Cluster results:
    A:ASN 1394  : No Flip

Working on cluster #24...
    A:LYS 1101  : 4 states

  Scoring exhaustively (4 potential combinations)...

  Cluster results:
    A:LYS 1101  : Stagger (pKa = 10.47)

Working on cluster #25...
    A:LYS 1109  : 12 states

  Scoring exhaustively (12 potential combinations)...

  Cluster results:
    A:LYS 1109  : Orientation 1/2 (pKa = 10.04)

Working on cluster #26...
    A:LYS 1150  : 16 states
    A:HIS 1124  : 6 states

  Scoring exhaustively (96 potential combinations)...

  Cluster results:
    A:LYS 1150  : Orientation 2/3 (pKa = 7.97)
    A:HIS 1124  : HID (pKa = 5.11)

Working on cluster #27...
    A:LYS 1173  : 12 states
    A:SER 1103 : HG  : 8 states

  Scoring exhaustively (96 potential combinations)...

  Cluster results:
    A:LYS 1173  : Orientation 2/2 (pKa = 9.32)
    A:SER 1103 : HG  : Orientation 2/8

Working on cluster #28...
    A:LYS 1205  : 20 states
    A:GLU 1321  : 3 states

  Scoring exhaustively (60 potential combinations)...

  Cluster results:
    A:LYS 1205  : Orientation 3/4 (pKa = 9.49)
    A:GLU 1321  : Charged (pKa = 6.25)

Working on cluster #29...
    A:LYS 1267  : 24 states
    A:GLU 1197  : 3 states

  Scoring exhaustively (72 potential combinations)...

  Cluster results:
    A:LYS 1267  : Orientation 5/5 (pKa = 10.45)
    A:GLU 1197  : Charged (pKa = 4.28)

Working on cluster #30...
    A:LYS 1285  : 20 states
    A:SER 1189 : HG  : 11 states

  Scoring exhaustively (220 potential combinations)...

  Cluster results:
    A:LYS 1285  : Stagger (pKa = 8.14)
    A:SER 1189 : HG  : Orientation 2/11

Working on cluster #31...
    A:LYS 1309  : 12 states

  Scoring exhaustively (12 potential combinations)...

  Cluster results:
    A:LYS 1309  : Stagger (pKa = 9.63)

Working on cluster #32...
    A:LYS 1333  : 20 states

  Scoring exhaustively (20 potential combinations)...

  Cluster results:
    A:LYS 1333  : Orientation 4/4 (pKa = 10.33)

Working on cluster #33...
    A:LYS 1352  : 12 states
    A:TYR 1327 : HH  : 4 states

  Scoring exhaustively (48 potential combinations)...

  Cluster results:
    A:LYS 1352  : Orientation 2/2 (pKa = 11.2)
    A:TYR 1327 : HH  : Orientation 1/3 (pKa = 8.93)

Working on cluster #34...
    A:HID 1228  : 6 states

  Scoring exhaustively (6 potential combinations)...

  Cluster results:
    A:HID 1228  : HID (pKa = 5.57)

Working on cluster #35...
    A:HID 1244  : 6 states

  Scoring exhaustively (6 potential combinations)...

  Cluster results:
    A:HID 1244  : HID (pKa = 6.37)

Working on cluster #36...
    A:HID 1247  : 6 states

  Scoring exhaustively (6 potential combinations)...

  Cluster results:
    A:HID 1247  : HID (pKa = 4.55)

Working on cluster #37...
    A:TYR 1096 : HH  : 5 states

  Scoring exhaustively (5 potential combinations)...

  Cluster results:
    A:TYR 1096 : HH  : Orientation 2/4 (pKa = 13.03)

Working on cluster #38...
    A:CYS 1097 : HG  : 8 states
    A:TYR 1278 : HH  : 4 states
    A:THR 1102 : HG1 : 6 states

  Scoring exhaustively (192 potential combinations)...

  Cluster results:
    A:CYS 1097 : HG  : Stagger 3 7/7 (pKa = 7.82)
    A:TYR 1278 : HH  : Orientation 1/3 (pKa = 11.09)
    A:THR 1102 : HG1 : Orientation 3/6

Working on cluster #39...
    A:SER 1106 : HG  : 5 states

  Scoring exhaustively (5 potential combinations)...

  Cluster results:
    A:SER 1106 : HG  : Stagger 1 3/5

Working on cluster #40...
    A:THR 1117 : HG1 : 5 states

  Scoring exhaustively (5 potential combinations)...

  Cluster results:
    A:THR 1117 : HG1 : Stagger 1 3/5

Working on cluster #41...
    A:TYR 1131 : HH  : 6 states
    A:GLU 1129  : 3 states
    A:THR 1151 : HG1 : 8 states

  Scoring exhaustively (144 potential combinations)...

  Cluster results:
    A:TYR 1131 : HH  : Orientation 1/5 (pKa = 11.64)
    A:GLU 1129  : Charged (pKa = 3.19)
    A:THR 1151 : HG1 : Orientation 1/8

Working on cluster #42...
    A:SER 1143 : HG  : 4 states

  Scoring exhaustively (4 potential combinations)...

  Cluster results:
    A:SER 1143 : HG  : Stagger 3 4/4

Working on cluster #43...
    A:CYS 1156 : HG  : 8 states
    A:GLU 1161  : 3 states

  Scoring exhaustively (24 potential combinations)...

  Cluster results:
    A:CYS 1156 : HG  : Orientation 2/7 (pKa = 10.46)
    A:GLU 1161  : Charged (pKa = 2.62)

Working on cluster #44...
    A:SER 1157 : HG  : 9 states
    A:ASP 1160  : 3 states

  Scoring exhaustively (27 potential combinations)...

  Cluster results:
    A:SER 1157 : HG  : Orientation 1/9
    A:ASP 1160  : Charged (pKa = 2.55)

Working on cluster #45...
    A:SER 1172 : HG  : 8 states
    A:CYS 1182 : HG  : 9 states

  Scoring exhaustively (72 potential combinations)...

  Cluster results:
    A:SER 1172 : HG  : Orientation 1/8
    A:CYS 1182 : HG  : Orientation 1/8 (pKa = 10.98)

Working on cluster #46...
    A:SER 1186 : HG  : 8 states

  Scoring exhaustively (8 potential combinations)...

  Cluster results:
    A:SER 1186 : HG  : Stagger 1 6/8

Working on cluster #47...
    A:SER 1206 : HG  : 8 states
    A:ASP 1203  : 3 states

  Scoring exhaustively (24 potential combinations)...

  Cluster results:
    A:SER 1206 : HG  : Orientation 1/8
    A:ASP 1203  : Charged (pKa = 4.4)

Working on cluster #48...
    A:THR 1211 : HG1 : 3 states
    A:SER 1220 : HG  : 4 states

  Scoring exhaustively (12 potential combinations)...

  Cluster results:
    A:THR 1211 : HG1 : Stagger 3 3/3
    A:SER 1220 : HG  : Orientation 1/4

Working on cluster #49...
    A:SER 1216 : HG  : 8 states

  Scoring exhaustively (8 potential combinations)...

  Cluster results:
    A:SER 1216 : HG  : Orientation 3/8

Working on cluster #50...
    A:SER 1219 : HG  : 9 states

  Scoring exhaustively (9 potential combinations)...

  Cluster results:
    A:SER 1219 : HG  : Orientation 2/9

Working on cluster #51...
    A:CYS 1237 : HG  : 8 states

  Scoring exhaustively (8 potential combinations)...

  Cluster results:
    A:CYS 1237 : HG  : Orientation 2/7 (pKa = 14.0)

Working on cluster #52...
    A:TYR 1239 : HH  : 3 states

  Scoring exhaustively (3 potential combinations)...

  Cluster results:
    A:TYR 1239 : HH  : Orientation 1/2 (pKa = 10.33)

Working on cluster #53...
    A:CYS 1255 : HG  : 8 states

  Scoring exhaustively (8 potential combinations)...

  Cluster results:
    A:CYS 1255 : HG  : Orientation 1/7 (pKa = 13.29)

Working on cluster #54...
    A:THR 1258 : HG1 : 9 states

  Scoring exhaustively (9 potential combinations)...

  Cluster results:
    A:THR 1258 : HG1 : Orientation 2/9

Working on cluster #55...
    A:CYS 1259 : HG  : 6 states

  Scoring exhaustively (6 potential combinations)...

  Cluster results:
    A:CYS 1259 : HG  : Stagger 2 4/5 (pKa = 8.75)

Working on cluster #56...
    A:SER 1281 : HG  : 7 states

  Scoring exhaustively (7 potential combinations)...

  Cluster results:
    A:SER 1281 : HG  : Orientation 1/7

Working on cluster #57...
    A:TYR 1282 : HH  : 6 states

  Scoring exhaustively (6 potential combinations)...

  Cluster results:
    A:TYR 1282 : HH  : Orientation 2/5 (pKa = 10.7)

Working on cluster #58...
    A:TYR 1283 : HH  : 3 states

  Scoring exhaustively (3 potential combinations)...

  Cluster results:
    A:TYR 1283 : HH  : Default 2 2/2 (pKa = 14.69)

Working on cluster #59...
    A:CYS 1288 : HG  : 5 states

  Scoring exhaustively (5 potential combinations)...

  Cluster results:
    A:CYS 1288 : HG  : Orientation 1/4 (pKa = 12.42)

Working on cluster #60...
    A:THR 1307 : HG1 : 9 states
    A:GLU 1299  : 3 states
    A:THR 1310 : HG1 : 10 states

  Scoring exhaustively (270 potential combinations)...

  Cluster results:
    A:THR 1307 : HG1 : Orientation 1/9
    A:GLU 1299  : Charged (pKa = 2.8)
    A:THR 1310 : HG1 : Orientation 1/10

Working on cluster #61...
    A:SER 1308 : HG  : 9 states

  Scoring exhaustively (9 potential combinations)...

  Cluster results:
    A:SER 1308 : HG  : Orientation 2/9

Working on cluster #62...
    A:THR 1312 : HG1 : 7 states

  Scoring exhaustively (7 potential combinations)...

  Cluster results:
    A:THR 1312 : HG1 : Default 4/7

Working on cluster #63...
    A:SER 1314 : HG  : 8 states

  Scoring exhaustively (8 potential combinations)...

  Cluster results:
    A:SER 1314 : HG  : Stagger 3 8/8

Working on cluster #64...
    A:SER 1324 : HG  : 10 states

  Scoring exhaustively (10 potential combinations)...

  Cluster results:
    A:SER 1324 : HG  : Orientation 1/10

Working on cluster #65...
    A:TYR 1330 : HH  : 5 states

  Scoring exhaustively (5 potential combinations)...

  Cluster results:
    A:TYR 1330 : HH  : Orientation 1/4 (pKa = 12.64)

Working on cluster #66...
    A:SER 1332 : HG  : 6 states

  Scoring exhaustively (6 potential combinations)...

  Cluster results:
    A:SER 1332 : HG  : Stagger 2 5/6

Working on cluster #67...
    A:SER 1334 : HG  : 7 states
    A:GLU 1337  : 3 states

  Scoring exhaustively (21 potential combinations)...

  Cluster results:
    A:SER 1334 : HG  : Orientation 3/7
    A:GLU 1337  : Charged (pKa = 3.1)

Working on cluster #68...
    A:THR 1343 : HG1 : 5 states

  Scoring exhaustively (5 potential combinations)...

  Cluster results:
    A:THR 1343 : HG1 : Orientation 1/5

Working on cluster #69...
    A:SER 1344 : HG  : 7 states

  Scoring exhaustively (7 potential combinations)...

  Cluster results:
    A:SER 1344 : HG  : Orientation 1/7

Working on cluster #70...
    A:CYS 1354 : HG  : 8 states

  Scoring exhaustively (8 potential combinations)...

  Cluster results:
    A:CYS 1354 : HG  : Orientation 1/7 (pKa = 12.2)

Working on cluster #71...
    A:TYR 1359 : HH  : 3 states

  Scoring exhaustively (3 potential combinations)...

  Cluster results:
    A:TYR 1359 : HH  : Orientation 1/2 (pKa = 10.98)

Working on cluster #72...
    A:THR 1363 : HG1 : 5 states

  Scoring exhaustively (5 potential combinations)...

  Cluster results:
    A:THR 1363 : HG1 : Stagger 3 5/5

Working on cluster #73...
    A:CYS 1365 : HG  : 8 states

  Scoring exhaustively (8 potential combinations)...

  Cluster results:
    A:CYS 1365 : HG  : Orientation 1/7 (pKa = 12.66)

Working on cluster #74...
    A:TYR 1385 : HH  : 7 states
    A:ASP 1389  : 3 states

  Scoring exhaustively (21 potential combinations)...

  Cluster results:
    A:TYR 1385 : HH  : Orientation 2/6 (pKa = 11.64)
    A:ASP 1389  : Charged (pKa = 2.37)

Working on cluster #75...
    A:CYS 1386 : HG  : 8 states

  Scoring exhaustively (8 potential combinations)...

  Cluster results:
    A:CYS 1386 : HG  : Default 4/7 (pKa = 11.29)

Working on cluster #76...
    A:THR 1387 : HG1 : 9 states
    A:GLU 1384  : 3 states

  Scoring exhaustively (27 potential combinations)...

  Cluster results:
    A:THR 1387 : HG1 : Stagger 2 8/9
    A:GLU 1384  : Charged (pKa = 3.06)

Working on cluster #77...
    A:THR 1395 : HG1 : 6 states

  Scoring exhaustively (6 potential combinations)...

  Cluster results:
    A:THR 1395 : HG1 : Orientation 1/6

Working on cluster #78...
    A:ASP 1107  : 3 states

  Scoring exhaustively (3 potential combinations)...

  Cluster results:
    A:ASP 1107  : Charged (pKa = 2.76)

Working on cluster #79...
    A:GLU 1110  : 3 states

  Scoring exhaustively (3 potential combinations)...

  Cluster results:
    A:GLU 1110  : Charged (pKa = 4.09)

Working on cluster #80...
    A:GLU 1132  : 3 states

  Scoring exhaustively (3 potential combinations)...

  Cluster results:
    A:GLU 1132  : Charged (pKa = 3.78)

Working on cluster #81...
    A:GLU 1154  : 3 states

  Scoring exhaustively (3 potential combinations)...

  Cluster results:
    A:GLU 1154  : Charged (pKa = 4.07)

Working on cluster #82...
    A:GLU 1158  : 3 states

  Scoring exhaustively (3 potential combinations)...

  Cluster results:
    A:GLU 1158  : Charged (pKa = 4.75)

Working on cluster #83...
    A:ASP 1163  : 3 states

  Scoring exhaustively (3 potential combinations)...

  Cluster results:
    A:ASP 1163  : Charged (pKa = 2.37)

Working on cluster #84...
    A:GLU 1167  : 3 states

  Scoring exhaustively (3 potential combinations)...

  Cluster results:
    A:GLU 1167  : Neutral 1 (pKa = 7.98)

Working on cluster #85...
    A:GLU 1210  : 3 states

  Scoring exhaustively (3 potential combinations)...

  Cluster results:
    A:GLU 1210  : Charged (pKa = 5.1)

Working on cluster #86...
    A:ASP 1225  : 3 states

  Scoring exhaustively (3 potential combinations)...

  Cluster results:
    A:ASP 1225  : Charged (pKa = 3.19)

Working on cluster #87...
    A:GLU 1241  : 3 states

  Scoring exhaustively (3 potential combinations)...

  Cluster results:
    A:GLU 1241  : Charged (pKa = 4.99)

Working on cluster #88...
    A:GLU 1242  : 3 states

  Scoring exhaustively (3 potential combinations)...

  Cluster results:
    A:GLU 1242  : Charged (pKa = 4.71)

Working on cluster #89...
    A:ASP 1276  : 3 states

  Scoring exhaustively (3 potential combinations)...

  Cluster results:
    A:ASP 1276  : Charged (pKa = 3.53)

Working on cluster #90...
    A:GLU 1303  : 3 states

  Scoring exhaustively (3 potential combinations)...

  Cluster results:
    A:GLU 1303  : Charged (pKa = 4.73)

Working on cluster #91...
    A:ASP 1311  : 3 states

  Scoring exhaustively (3 potential combinations)...

  Cluster results:
    A:ASP 1311  : Charged (pKa = 6.73)

Working on cluster #92...
    A:ASP 1349  : 3 states

  Scoring exhaustively (3 potential combinations)...

  Cluster results:
    A:ASP 1349  : Charged (pKa = 3.77)

Working on cluster #93...
    A:ASP 1372  : 3 states

  Scoring exhaustively (3 potential combinations)...

  Cluster results:
    A:ASP 1372  : Charged (pKa = 4.23)

Working on cluster #94...
    A:GLU 1381  : 3 states

  Scoring exhaustively (3 potential combinations)...

  Cluster results:
    A:GLU 1381  : Charged (pKa = 3.73)

Working on cluster #95...
    A:ASP 1391  : 3 states

  Scoring exhaustively (3 potential combinations)...

  Cluster results:
    A:ASP 1391  : Charged (pKa = 4.2)

Working on cluster #96...
    A:GLU 1400  : 3 states

  Scoring exhaustively (3 potential combinations)...

  Cluster results:
    A:GLU 1400  : Charged (pKa = 3.55)


Recalculating pKas to identify changes in protonation penalties...
  Running PropKa to get pKas
    No changes in protonation penalties found.

Minimizing hydrogens...

Total score for structure: -297.114917883

Final pKas:
  A:LYS 1101  : 10.47
  A:LYS 1109  : 10.04
  A:LYS 1114  : 10.21
  A:LYS 1150  : 7.97
  A:LYS 1173  : 9.32
  A:LYS 1205  : 9.49
  A:LYS 1267  : 10.45
  A:LYS 1285  : 8.14
  A:LYS 1294  : 9.02
  A:LYS 1309  : 9.63
  A:LYS 1333  : 10.33
  A:LYS 1352  : 11.20
  A:HIS 1124  : 5.11
  A:HID 1176  : 5.26
  A:HID 1228  : 5.57
  A:HID 1244  : 6.37
  A:HID 1247  : 4.55
  A:HID 1368  : 6.65
  A:TYR 1096 : HH  : 13.03
  A:CYS 1097 : HG  : 7.82
  A:TYR 1131 : HH  : 11.64
  A:CYS 1156 : HG  : 10.46
  A:CYS 1182 : HG  : 10.98
  A:CYS 1235 : HG  : 10.17
  A:CYS 1237 : HG  : 14.00
  A:TYR 1239 : HH  : 10.33
  A:CYS 1255 : HG  : 13.29
  A:CYS 1259 : HG  : 8.75
  A:TYR 1278 : HH  : 11.09
  A:TYR 1282 : HH  : 10.70
  A:TYR 1283 : HH  : 14.69
  A:CYS 1288 : HG  : 12.42
  A:TYR 1327 : HH  : 8.93
  A:TYR 1330 : HH  : 12.64
  A:CYS 1354 : HG  : 12.20
  A:TYR 1359 : HH  : 10.98
  A:CYS 1365 : HG  : 12.66
  A:TYR 1385 : HH  : 11.64
  A:CYS 1386 : HG  : 11.29
  A:ASP 1107  : 2.76
  A:GLU 1110  : 4.09
  A:GLU 1129  : 3.19
  A:GLU 1132  : 3.78
  A:ASP 1141  : 1.97
  A:GLU 1154  : 4.07
  A:GLU 1158  : 4.75
  A:ASP 1160  : 2.55
  A:GLU 1161  : 2.62
  A:ASP 1163  : 2.37
  A:GLU 1167  : 7.98
  A:GLU 1197  : 4.28
  A:ASP 1203  : 4.40
  A:GLU 1210  : 5.10
  A:ASP 1225  : 3.19
  A:ASP 1232  : 4.80
  A:GLU 1241  : 4.99
  A:GLU 1242  : 4.71
  A:ASP 1249  : 3.73
  A:ASP 1270  : 7.22
  A:ASP 1276  : 3.53
  A:GLU 1299  : 2.80
  A:GLU 1303  : 4.73
  A:ASP 1311  : 6.73
  A:GLU 1321  : 6.25
  A:GLU 1337  : 3.10
  A:GLU 1340  : 4.07
  A:ASP 1349  : 3.77
  A:GLU 1371  : 3.24
  A:ASP 1372  : 4.23
  A:GLU 1381  : 3.73
  A:GLU 1384  : 3.06
  A:ASP 1389  : 2.37
  A:ASP 1391  : 4.20
  A:GLU 1400  : 3.55
Structure extracted from file: 2XP2-protassign.mae
Output structure will be written to: 2XP2-protassign-out.mae

Complete. Output file: 2XP2-protassign-out.mae
