
** Heavy-atom coordinates will be fixed: maxlevel set to 0
  **
  ** Beginning refinement level 0
  **

%IMPACT-I (openwt): Request to open FORMATTED file 3W2Q-impref_ref0.out on unit   2
 Entering IMPACT execution environment 
 Date: Friday, June 01 2018, at 16:14:09 EDT
 Impact version 78011
 mmshare version        41011
 Copyright (c) Schrodinger, LLC.
 All Rights Reserved.

 Host: Linux ls17 3.10.0-514.21.2.el7.x86_64 #1 SMP Tue Jun 20 12:24:47 UTC 2017 x86_64
 Job Name: 3W2Q-impref_ref0
 SCHRODINGER  directory: /data/chodera/schrodinger/schrodinger2018-1-advanced
 IMPACT_EXEC  directory: /data/chodera/schrodinger/schrodinger2018-1-advanced/impact-v7.8/bin/Linux-x86_64
 MMSHARE_EXEC directory: /data/chodera/schrodinger/schrodinger2018-1-advanced/mmshare-v4.1/bin/Linux-x86_64

 Clock-based global random seed:     1527884049
%IMPACT-I(foldmain): calling OPLS3 atomtyping ...
%IMPACT-I(foldmain): finished parameter assignment
 PARM read from file "paramstd.dat"
 Parameter obtained from atomtyping
      Current coord. are written to file: "3W2Q-impref.init_coord.rst"
      Box dimensions not written


 Total number of atoms  =  5278
 
 Neighbor List Cutoff Settings
 ==================================
 Cutoff radius:   10.0000000000000     
 Update frequency: every           10  steps
 Species   1 : Neighbors are calculated on a per residue basis
 Species   1 : Cutoff by inter-atomic distances
 
 Step number:          0         Non-bonded count:  1265746
 E-pot        RMS grad     Max grad    
  4.63433E+06  8.00362E+05  4.67088E+07
 Step number:         10         Non-bonded count:  1265746
 -8.53783E+03  8.45938E-01  4.50212E+01
 Step number:         20         Non-bonded count:  1265746
 -8.60814E+03  5.57072E-01  1.57066E+01
 Step number:         30         Non-bonded count:  1265746
 -8.63500E+03  3.39628E-01  9.17051E+00
 Step number:         40         Non-bonded count:  1265746
 -8.64802E+03  2.52787E-01  4.88382E+00
 Step number:         50         Non-bonded count:  1265746
 -8.65577E+03  1.90387E-01  4.29885E+00
 Step number:         60         Non-bonded count:  1265746
 -8.66176E+03  1.86847E-01  4.45591E+00
 Step number:         70         Non-bonded count:  1265746
 -8.66610E+03  1.75555E-01  4.68403E+00
 Step number:         80         Non-bonded count:  1265746
 -8.66912E+03  1.32367E-01  3.27152E+00
 Step number:         90         Non-bonded count:  1265746
 -8.67137E+03  1.10736E-01  2.00118E+00
 Step number:        100         Non-bonded count:  1265746
 -8.67353E+03  1.14935E-01  2.68344E+00
 Step number:        100         Non-bonded count:  1265746
 -8.67353E+03  1.14935E-01  2.68344E+00
      Current coord. are written to file: "3W2Q-impref.min0_coord.rst"
      Box dimensions not written
      Current coordinates are read from file: "3W2Q-impref.init_coord.rst"
      Box dimensions not read
          read from "3W2Q-impref.init_coord.rst"
  
 Energy and Force Generation Info: 
 --------------------------------- 
 Number of E&F called:     269
 PARM read from file "paramstd.dat"
 Parameter obtained from atomtyping
      Current coordinates are read from file: "3W2Q-impref.min0_coord.rst"
      Box dimensions not read
          read from "3W2Q-impref.min0_coord.rst"


 Total number of atoms  =  5278
 
 Neighbor List Cutoff Settings
 ==================================
 Cutoff radius:   10.0000000000000     
 Update frequency: every           10  steps
 Species   1 : Neighbors are calculated on a per residue basis
 Species   1 : Cutoff by inter-atomic distances
 
 Step number:          0         Non-bonded count:  1265746
 E-pot        RMS grad     Max grad    
 -7.56306E+03  2.59970E+00  2.57559E+01
 Step number:         10         Non-bonded count:  1265746
 -8.30130E+03  1.47335E+00  2.01271E+01
 Step number:         20         Non-bonded count:  1265746
 -8.45370E+03  7.46309E-01  1.86561E+01
 Step number:         30         Non-bonded count:  1265746
 -8.49703E+03  4.64516E-01  1.57687E+01
 Step number:         40         Non-bonded count:  1265746
 -8.51953E+03  3.00001E-01  9.79234E+00
 Step number:         50         Non-bonded count:  1265746
 -8.52575E+03  1.66658E-01  4.27647E+00
 Step number:         60         Non-bonded count:  1265746
 -8.52905E+03  1.26651E-01  2.88247E+00
 Step number:         70         Non-bonded count:  1265746
 -8.53092E+03  9.61107E-02  2.56684E+00
 Step number:         80         Non-bonded count:  1265746
 -8.53182E+03  7.16073E-02  2.01526E+00
 Step number:         90         Non-bonded count:  1265746
 -8.53241E+03  6.30391E-02  1.94843E+00
 Step number:        100         Non-bonded count:  1265746
 E-pot        RMS grad     Max grad    
 -8.53298E+03  6.36155E-02  1.22838E+00
 Step number:        100         Non-bonded count:  1265746
 -8.53298E+03  6.36155E-02  1.22838E+00
  
 Energy and Force Generation Info: 
 --------------------------------- 
 Number of E&F called:     565


Final Energy Reports:
------------------------------------
 Total Energy of the system...... -8.53298E+03 kcal/mol
 Total Potential Energy.......... -8.53298E+03 kcal/mol
 Total Kinetic Energy............  0.00000E+00 kcal/mol
 Temperature of the system.......        0.000 K
 Bond Stretch Energy.............  6.73531E+00 kcal/mol
 Angle Bending Energy............  3.01741E+02 kcal/mol
 Torsion Angle Energy............ -2.33232E+00 kcal/mol
 Restraining Energy for Torsions.  0.00000E+00 kcal/mol
 1,4 Lennard Jones Energy........  4.93189E+02 kcal/mol
 1,4 Electrostatic Energy........ -3.71391E+02 kcal/mol
 Lennard Jones Energy............ -7.94127E+02 kcal/mol
 Electrostatic Energy............ -8.16679E+03 kcal/mol
 H-bond Energy...................  0.00000E+00 kcal/mol
 
 Exiting IMPACT execution environment 
 Date: Friday, June 01 2018, at 16:14:34 EDT
%IMPACT-I (timit): Total CPU time =      24.15 seconds (   0.4 minutes)
Total elapsed time = 26 seconds
  ** Completed refinement level 0      rmsd =  0.036

** Refinement finished. Final level: 0

** The refined complex file is 3W2Q-impref_ref.mae.
