
Working on structure 1
Fixing common structure mistakes...
  No mistakes were found
Pre-treating metals...
Done treating metals
Assigning bond orders...
  Using CCD: True
CCD template assignment successfully used for HET "HKI "
CCD template assignment successfully used for HET "MES "
  Assigned the following bonds (format: atom1, atom2, order): set([(2482, 2467, 2), (2462, 2492, 3), (2510, 2512, 2), (2510, 2513, 2), (2481, 2470, 2), (2471, 2494, 2), (2483, 2498, 2), (2476, 2465, 2), (2466, 2479, 2), (2475, 2474, 2), (2473, 2478, 2), (2468, 2477, 2), (2480, 2469, 2), (2463, 2464, 2), (2493, 2472, 2)])
Removing and re-adding hydrogens...
Treating metals...
Creating di-sulfur bonds...
Converting Selenomethionines...
Filling missing loops using Prime...
Attempting to build missing loops with Knowledge-Based Methods
    A:  992 -- A: 1007   TDSNFYRALMDEED
Generating models for each loop... 
Total number of loops: 1
Working on loop 0 - A:992,A:1007,TDSNFYRALMDEED
Number of returned models for loop 0 : 2
Combining models from all loops... 
Combination index: [0]
Side chain optimizing...
Minimizing...
Accept model # 0
Detecting missing residue atoms...
Finding het groups...
Coloring atoms by element (green carbons in hets)...
Finding het groups (for Epik)...
Processing 2 het groups...
  Using Epik with pH: 7.4
        and pH Range: 0.0
  Max states per het: 32
Running Epik on 2 het groups...
  Waiting for epik...
  Het A:HKI (1101): keeping all 1 state(s):
    State penalty: -0.00 kcal/mol; H-Bond count: 3.
  Het A:MES (1102): keeping all 1 state(s):
    State penalty: 0.10 kcal/mol; H-Bond count: 2.
Running ProtAssign...
  Uses -minimize option in ProtAssign
  Using PROPKA with pH: 7.4
  RUNNING: /data/chodera/schrodinger/schrodinger2018-1-advanced/utilities/protassign 3W2Q-protassign.mae 3W2Q-protassign-out.mae -NOJOBID -nowater -minimize -propka_pH 7.4
Optimize H-bond job completed.
Deleting non-bridging waters...
  Deleted waters: A:2001, A:2002, A:2003, A:2004, A:2005, A:2006, A:2007, A:2008, A:2009, A:2010, A:2011, A:2012, A:2013, A:2014, A:2015, A:2016, A:2017, A:2018, A:2019, A:2020, A:2021, A:2022, A:2023, A:2024, A:2025, A:2026, A:2027, A:2028, A:2029, A:2030, A:2031, A:2032, A:2033, A:2034, A:2035, A:2036, A:2037, A:2038, A:2039, A:2040, A:2041, A:2042, A:2043, A:2044, A:2045, A:2046, A:2047, A:2048, A:2049, A:2050, A:2051, A:2052, A:2053, A:2054, A:2055, A:2056, A:2057, A:2058, A:2059, A:2060, A:2061, A:2062, A:2063, A:2064, A:2065, A:2066, A:2067, A:2068, A:2069, A:2070, A:2071, A:2072, A:2073, A:2074, A:2075, A:2076, A:2077, A:2078, A:2079, A:2080, A:2081, A:2082, A:2083, A:2084, A:2085, A:2086, A:2087, A:2088, A:2089, A:2090, A:2091, A:2092, A:2093, A:2094, A:2095, A:2096
Running restrained minimization...
  RMSD: 0.3
  Force field: 3
  hydrogens only
done with preparation
Writing to file...
DONE. Output file: ../3W2Q-fixed.pdb
