
** Heavy-atom coordinates will be fixed: maxlevel set to 0
  **
  ** Beginning refinement level 0
  **

%IMPACT-I (openwt): Request to open FORMATTED file 4ANQ-impref_ref0.out on unit   2
 Entering IMPACT execution environment 
 Date: Thursday, December 21 2017, at 16:55:02 EST
 Impact version 77011
 mmshare version        40011
 Copyright (c) Schrodinger, LLC.
 All Rights Reserved.

 Host: Linux ls04 3.10.0-514.21.2.el7.x86_64 #1 SMP Tue Jun 20 12:24:47 UTC 2017 x86_64
 Job Name: 4ANQ-impref_ref0
 SCHRODINGER  directory: /data/chodera/schrodinger/schrodinger2017-4-advanced
 IMPACT_EXEC  directory: /data/chodera/schrodinger/schrodinger2017-4-advanced/impact-v7.7/bin/Linux-x86_64
 MMSHARE_EXEC directory: /data/chodera/schrodinger/schrodinger2017-4-advanced/mmshare-v4.0/bin/Linux-x86_64

 Clock-based global random seed:     1513893302
%IMPACT-I(foldmain): calling OPLS3 atomtyping ...
%IMPACT-I(foldmain): finished parameter assignment
 PARM read from file "paramstd.dat"
 Parameter obtained from atomtyping
      Current coord. are written to file: "4ANQ-impref.init_coord.rst"
      Box dimensions not written


 Total number of atoms  =  4906
 
 Neighbor List Cutoff Settings
 ==================================
 Cutoff radius:   10.0000000000000     
 Update frequency: every           10  steps
 Species   1 : Neighbors are calculated on a per residue basis
 Species   1 : Cutoff by inter-atomic distances
 
 Step number:          0         Non-bonded count:  1154901
 E-pot        RMS grad     Max grad    
 -7.18649E+03  2.20270E+01  5.88141E+02
 Step number:         10         Non-bonded count:  1154901
 -8.07557E+03  1.25276E+00  2.87813E+01
 Step number:         20         Non-bonded count:  1154901
 -8.17088E+03  7.60118E-01  2.55925E+01
 Step number:         30         Non-bonded count:  1154901
 -8.20137E+03  5.23111E-01  1.60234E+01
 Step number:         40         Non-bonded count:  1154901
 -8.21826E+03  3.28587E-01  9.15311E+00
 Step number:         50         Non-bonded count:  1154901
 -8.22717E+03  3.25735E-01  1.22673E+01
 Step number:         60         Non-bonded count:  1154901
 -8.23288E+03  2.90133E-01  1.04492E+01
 Step number:         70         Non-bonded count:  1154901
 -8.23620E+03  2.55009E-01  1.16614E+01
 Step number:         80         Non-bonded count:  1154901
 -8.23880E+03  1.51520E-01  4.10593E+00
 Step number:         90         Non-bonded count:  1154901
 -8.24070E+03  1.18713E-01  1.97775E+00
 Step number:        100         Non-bonded count:  1154901
 -8.24218E+03  1.29413E-01  3.69731E+00
 Step number:        100         Non-bonded count:  1154901
 -8.24218E+03  1.29413E-01  3.69731E+00
      Current coord. are written to file: "4ANQ-impref.min0_coord.rst"
      Box dimensions not written
      Current coordinates are read from file: "4ANQ-impref.init_coord.rst"
      Box dimensions not read
          read from "4ANQ-impref.init_coord.rst"
  
 Energy and Force Generation Info: 
 --------------------------------- 
 Number of E&F called:     270
 PARM read from file "paramstd.dat"
 Parameter obtained from atomtyping
      Current coordinates are read from file: "4ANQ-impref.min0_coord.rst"
      Box dimensions not read
          read from "4ANQ-impref.min0_coord.rst"


 Total number of atoms  =  4906
 
 Neighbor List Cutoff Settings
 ==================================
 Cutoff radius:   10.0000000000000     
 Update frequency: every           10  steps
 Species   1 : Neighbors are calculated on a per residue basis
 Species   1 : Cutoff by inter-atomic distances
 
 Step number:          0         Non-bonded count:  1154901
 E-pot        RMS grad     Max grad    
 -7.15011E+03  2.71337E+00  2.38850E+01
 Step number:         10         Non-bonded count:  1154901
 -7.86529E+03  1.64526E+00  6.04511E+01
 Step number:         20         Non-bonded count:  1154901
 -7.98114E+03  9.19112E-01  2.91854E+01
 Step number:         30         Non-bonded count:  1154901
 -8.02394E+03  5.11919E-01  1.55742E+01
 Step number:         40         Non-bonded count:  1154901
 -8.03174E+03  2.93555E-01  7.60380E+00
 Step number:         50         Non-bonded count:  1154901
 -8.03557E+03  1.82605E-01  6.30602E+00
 Step number:         60         Non-bonded count:  1154901
 -8.03741E+03  1.55826E-01  5.44002E+00
 Step number:         70         Non-bonded count:  1154901
 -8.03914E+03  1.06652E-01  4.03890E+00
 Step number:         80         Non-bonded count:  1154901
 -8.04001E+03  1.34498E-01  5.20857E+00
 Step number:         90         Non-bonded count:  1154901
 -8.04076E+03  9.70967E-02  3.53302E+00
 Step number:        100         Non-bonded count:  1154901
 -8.04146E+03  1.10251E-01  4.12812E+00
 Step number:        100         Non-bonded count:  1154901
 E-pot        RMS grad     Max grad    
 -8.04146E+03  1.10251E-01  4.12812E+00
  
 Energy and Force Generation Info: 
 --------------------------------- 
 Number of E&F called:     558


Final Energy Reports:
------------------------------------
 Total Energy of the system...... -8.04146E+03 kcal/mol
 Total Potential Energy.......... -8.04146E+03 kcal/mol
 Total Kinetic Energy............  0.00000E+00 kcal/mol
 Temperature of the system.......        0.000 K
 Bond Stretch Energy.............  1.37885E+01 kcal/mol
 Angle Bending Energy............  2.56235E+02 kcal/mol
 Torsion Angle Energy............  5.57790E+01 kcal/mol
 Restraining Energy for Torsions.  0.00000E+00 kcal/mol
 1,4 Lennard Jones Energy........  4.37857E+02 kcal/mol
 1,4 Electrostatic Energy........ -3.88237E+02 kcal/mol
 Lennard Jones Energy............ -5.69349E+02 kcal/mol
 Electrostatic Energy............ -7.84754E+03 kcal/mol
 H-bond Energy...................  0.00000E+00 kcal/mol
 
 Exiting IMPACT execution environment 
 Date: Thursday, December 21 2017, at 16:55:22 EST
%IMPACT-I (timit): Total CPU time =      19.87 seconds (   0.3 minutes)
Total elapsed time = 21 seconds
  ** Completed refinement level 0      rmsd =  0.029

** Refinement finished. Final level: 0

** The refined complex file is 4ANQ-impref_ref.mae.
