
** Heavy-atom coordinates will be fixed: maxlevel set to 0
  **
  ** Beginning refinement level 0
  **

%IMPACT-I (openwt): Request to open FORMATTED file 4XEY-impref_ref0.out on unit   2
 Entering IMPACT execution environment 
 Date: Friday, June 01 2018, at 13:09:42 EDT
 Impact version 78011
 mmshare version        41011
 Copyright (c) Schrodinger, LLC.
 All Rights Reserved.

 Host: Linux ls17 3.10.0-514.21.2.el7.x86_64 #1 SMP Tue Jun 20 12:24:47 UTC 2017 x86_64
 Job Name: 4XEY-impref_ref0
 SCHRODINGER  directory: /data/chodera/schrodinger/schrodinger2018-1-advanced
 IMPACT_EXEC  directory: /data/chodera/schrodinger/schrodinger2018-1-advanced/impact-v7.8/bin/Linux-x86_64
 MMSHARE_EXEC directory: /data/chodera/schrodinger/schrodinger2018-1-advanced/mmshare-v4.1/bin/Linux-x86_64

 Clock-based global random seed:     1527872981
%IMPACT-I(foldmain): calling OPLS3 atomtyping ...
%IMPACT-I(foldmain): finished parameter assignment
 PARM read from file "paramstd.dat"
 Parameter obtained from atomtyping
      Current coord. are written to file: "4XEY-impref.init_coord.rst"
      Box dimensions not written


 Total number of atoms  =  4462
 
 Neighbor List Cutoff Settings
 ==================================
 Cutoff radius:   10.0000000000000     
 Update frequency: every           10  steps
 Species   1 : Neighbors are calculated on a per residue basis
 Species   1 : Cutoff by inter-atomic distances
 
 Step number:          0         Non-bonded count:  1055240
 E-pot        RMS grad     Max grad    
 -6.80253E+03  9.03972E+00  2.82997E+02
 Step number:         10         Non-bonded count:  1055240
 -7.30086E+03  9.79856E-01  2.94636E+01
 Step number:         20         Non-bonded count:  1055240
 -7.37354E+03  5.28357E-01  1.41358E+01
 Step number:         30         Non-bonded count:  1055240
 -7.39797E+03  4.38139E-01  9.81867E+00
 Step number:         40         Non-bonded count:  1055240
 -7.41086E+03  2.59939E-01  5.83029E+00
 Step number:         50         Non-bonded count:  1055240
 -7.41761E+03  2.34655E-01  5.56278E+00
 Step number:         60         Non-bonded count:  1055240
 -7.42175E+03  2.24949E-01  1.01589E+01
 Step number:         70         Non-bonded count:  1055240
 -7.42469E+03  1.81269E-01  1.00567E+01
 Step number:         80         Non-bonded count:  1055240
 -7.42660E+03  1.43397E-01  7.23498E+00
 Step number:         90         Non-bonded count:  1055240
 -7.42820E+03  1.18228E-01  5.76212E+00
 Step number:        100         Non-bonded count:  1055240
 -7.42946E+03  1.01907E-01  4.74570E+00
 Step number:        100         Non-bonded count:  1055240
 -7.42946E+03  1.01907E-01  4.74570E+00
      Current coord. are written to file: "4XEY-impref.min0_coord.rst"
      Box dimensions not written
      Current coordinates are read from file: "4XEY-impref.init_coord.rst"
      Box dimensions not read
          read from "4XEY-impref.init_coord.rst"
  
 Energy and Force Generation Info: 
 --------------------------------- 
 Number of E&F called:     255
 PARM read from file "paramstd.dat"
 Parameter obtained from atomtyping
      Current coordinates are read from file: "4XEY-impref.min0_coord.rst"
      Box dimensions not read
          read from "4XEY-impref.min0_coord.rst"


 Total number of atoms  =  4462
 
 Neighbor List Cutoff Settings
 ==================================
 Cutoff radius:   10.0000000000000     
 Update frequency: every           10  steps
 Species   1 : Neighbors are calculated on a per residue basis
 Species   1 : Cutoff by inter-atomic distances
 
 Step number:          0         Non-bonded count:  1055240
 E-pot        RMS grad     Max grad    
 -6.27402E+03  3.09764E+00  2.77998E+01
 Step number:         10         Non-bonded count:  1055240
 -7.05910E+03  1.58948E+00  1.70086E+01
 Step number:         20         Non-bonded count:  1055240
 -7.17713E+03  6.80475E-01  1.47540E+01
 Step number:         30         Non-bonded count:  1055240
 -7.19679E+03  4.67799E-01  1.87368E+01
 Step number:         40         Non-bonded count:  1055240
 -7.20799E+03  3.34402E-01  1.00729E+01
 Step number:         50         Non-bonded count:  1055240
 -7.21396E+03  1.84914E-01  7.02856E+00
 Step number:         60         Non-bonded count:  1055240
 -7.21641E+03  1.67284E-01  5.15792E+00
 Step number:         70         Non-bonded count:  1055240
 -7.21840E+03  1.44445E-01  3.61807E+00
 Step number:         80         Non-bonded count:  1055240
 -7.21992E+03  1.28403E-01  3.74562E+00
 Step number:         90         Non-bonded count:  1055240
 -7.22103E+03  1.13610E-01  2.62275E+00
 Step number:        100         Non-bonded count:  1055240
 -7.22173E+03  8.07417E-02  3.24458E+00
 Step number:        100         Non-bonded count:  1055240
 -7.22173E+03  8.07417E-02  3.24458E+00
  
 Energy and Force Generation Info: 
 --------------------------------- 
 Number of E&F called:     543


Final Energy Reports:
------------------------------------
 Total Energy of the system...... -7.22173E+03 kcal/mol
 Total Potential Energy.......... -7.22173E+03 kcal/mol
 Total Kinetic Energy............  0.00000E+00 kcal/mol
 Temperature of the system.......        0.000 K
 Bond Stretch Energy.............  9.20751E+00 kcal/mol
 Angle Bending Energy............  1.97309E+02 kcal/mol
 Torsion Angle Energy............  7.29146E+01 kcal/mol
 Restraining Energy for Torsions.  0.00000E+00 kcal/mol
 1,4 Lennard Jones Energy........  4.13397E+02 kcal/mol
 1,4 Electrostatic Energy........ -2.80815E+02 kcal/mol
 Lennard Jones Energy............ -5.71747E+02 kcal/mol
 Electrostatic Energy............ -7.06200E+03 kcal/mol
 H-bond Energy...................  0.00000E+00 kcal/mol
 
 Exiting IMPACT execution environment 
 Date: Friday, June 01 2018, at 13:10:01 EDT
%IMPACT-I (timit): Total CPU time =      18.88 seconds (   0.3 minutes)
Total elapsed time = 21 seconds
  ** Completed refinement level 0      rmsd =  0.031

** Refinement finished. Final level: 0

** The refined complex file is 4XEY-impref_ref.mae.
