  Running PropKa to get pKas

Clusters to optimize:
    Cluster 1:
        A:ASN 250 
    Cluster 2:
        A:GLN 271 
    Cluster 3:
        A:ASN 316 
        A:GLU 513 
        A:GLU 371 
        A:SER 368 : HG 
        A:SER 367 : HG 
        A:TYR 361 : HH 
        A:HID 509 
        A:HID 314 
        A:LYS 375 
        A:GLN 365 
    Cluster 4:
        A:GLN 319 
    Cluster 5:
        A:ASN 341 
        A:ASP 344 
    Cluster 6:
        A:ASN 350 
    Cluster 7:
        A:GLN 352 
    Cluster 8:
        A:ASN 355 
    Cluster 9:
        A:ASN 377 
    Cluster 10:
        A:ASN 387 
        A:ASP 382 
        A:TYR 272 : HH 
    Cluster 11:
        A:ASN 393 
    Cluster 12:
        A:ASN 433 
    Cluster 13:
        A:GLN 466 
        A:GLU 469 
        A:ASP 463 
        A:SER 465 : HG 
        A:LYS 473 
    Cluster 14:
        A:GLN 496 
    Cluster 15:
        A:ASN 498 
        A:ASP 501 
    Cluster 16:
        A:GLN 510 
    Cluster 17:
        A:GLN 517 
    Cluster 18:
        A:LYS 253 
    Cluster 19:
        A:LYS 264 
    Cluster 20:
        A:LYS 266 
    Cluster 21:
        A:LYS 281 
    Cluster 22:
        A:LYS 282 
        A:TYR 283 : HH 
    Cluster 23:
        A:LYS 290 
    Cluster 24:
        A:LYS 293 
    Cluster 25:
        A:LYS 304 
    Cluster 26:
        A:LYS 310 
        A:ASP 252 
    Cluster 27:
        A:LYS 313 
    Cluster 28:
        A:LYS 376 
        A:TYR 372 : HH 
    Cluster 29:
        A:LYS 397 
        A:GLU 335 
    Cluster 30:
        A:LYS 419 
    Cluster 31:
        A:LYS 423 
    Cluster 32:
        A:LYS 434 
        A:THR 413 : HG1
    Cluster 33:
        A:LYS 438 
    Cluster 34:
        A:LYS 486 
        A:GLU 518 
    Cluster 35:
        A:HID 265 
    Cluster 36:
        A:HID 380 
    Cluster 37:
        A:HID 394 
        A:GLU 353 
        A:TYR 345 : HH 
    Cluster 38:
        A:HID 415 
    Cluster 39:
        A:TYR 251 : HH 
    Cluster 40:
        A:THR 259 : HG1
    Cluster 41:
        A:THR 262 : HG1
    Cluster 42:
        A:TYR 276 : HH 
        A:GLU 274 
    Cluster 43:
        A:SER 284 : HG 
    Cluster 44:
        A:THR 286 : HG1
    Cluster 45:
        A:THR 291 : HG1
    Cluster 46:
        A:THR 296 : HG1
    Cluster 47:
        A:CYS 324 : HG 
    Cluster 48:
        A:THR 325 : HG1
        A:GLU 255 
    Cluster 49:
        A:TYR 331 : HH 
    Cluster 50:
        A:THR 334 : HG1
    Cluster 51:
        A:THR 338 : HG1
        A:GLU 392 
    Cluster 52:
        A:TYR 339 : HH 
    Cluster 53:
        A:CYS 349 : HG 
    Cluster 54:
        A:THR 364 : HG1
    Cluster 55:
        A:CYS 388 : HG 
    Cluster 56:
        A:SER 404 : HG 
        A:TYR 412 : HH 
    Cluster 57:
        A:THR 408 : HG1
    Cluster 58:
        A:THR 411 : HG1
        A:ASP 410 
    Cluster 59:
        A:THR 425 : HG1
    Cluster 60:
        A:SER 429 : HG 
        A:GLU 428 
        A:SER 439 : HG 
        A:SER 436 : HG 
    Cluster 61:
        A:TYR 432 : HH 
    Cluster 62:
        A:THR 453 : HG1
    Cluster 63:
        A:TYR 454 : HH 
    Cluster 64:
        A:SER 457 : HG 
    Cluster 65:
        A:TYR 459 : HH 
    Cluster 66:
        A:TYR 468 : HH 
    Cluster 67:
        A:TYR 475 : HH 
    Cluster 68:
        A:CYS 483 : HG 
    Cluster 69:
        A:TYR 488 : HH 
    Cluster 70:
        A:CYS 494 : HG 
    Cluster 71:
        A:SER 500 : HG 
    Cluster 72:
        A:SER 504 : HG 
        A:GLU 507 
    Cluster 73:
        A:THR 514 : HG1
    Cluster 74:
        A:SER 519 : HG 
    Cluster 75:
        A:SER 520 : HG 
    Cluster 76:
        A:SER 522 : HG 
    Cluster 77:
        A:1N1 601 : HO1
    Cluster 78:
        A:GLU 257 
    Cluster 79:
        A:ASP 260 
    Cluster 80:
        A:GLU 277 
    Cluster 81:
        A:GLU 294 
    Cluster 82:
        A:ASP 295 
    Cluster 83:
        A:GLU 298 
    Cluster 84:
        A:GLU 300 
    Cluster 85:
        A:GLU 301 
        A:GLU 305 
    Cluster 86:
        A:GLU 311 
    Cluster 87:
        A:GLU 327 
    Cluster 88:
        A:GLU 348 
    Cluster 89:
        A:GLU 374 
    Cluster 90:
        A:ASP 400 
    Cluster 91:
        A:ASP 440 
    Cluster 92:
        A:GLU 450 
    Cluster 93:
        A:GLU 472 
    Cluster 94:
        A:ASP 474 
    Cluster 95:
        A:GLU 478 
    Cluster 96:
        A:GLU 481 
    Cluster 97:
        A:GLU 485 
        A:GLU 489 

Working on cluster #1...
    A:ASN 250  : 2 states

  Scoring exhaustively (2 potential combinations)...

  Cluster results:
    A:ASN 250  : No Flip

Working on cluster #2...
    A:GLN 271  : 2 states

  Scoring exhaustively (2 potential combinations)...

  Cluster results:
    A:GLN 271  : No Flip

Working on cluster #3...
    A:ASN 316  : 2 states
    A:GLU 513  : 3 states
    A:GLU 371  : 3 states
    A:SER 368 : HG  : 9 states
    A:SER 367 : HG  : 11 states
    A:TYR 361 : HH  : 5 states
    A:HID 509  : 6 states
    A:HID 314  : 6 states
    A:LYS 375  : 8 states
    A:GLN 365  : 2 states

  Scoring via sequential iteration and hybridization (5132160 potential combinations)...
    Beginning sequential iteration...
      Stage 1: Sequential iteration with hybridization
        Best solution after Stage 1: -8.08666431651
      Stage 2: Diversification of existing solutions
        Best solution after Stage 2: -8.08666431651
      Stage 3: Recombination of existing solutions
        Best solution after Stage 3: -8.08666431651

  Cluster results:
    A:ASN 316  : No Flip
    A:GLU 513  : Charged (pKa = 4.66)
    A:GLU 371  : Charged (pKa = 4.34)
    A:SER 368 : HG  : Stagger 1 7/9
    A:SER 367 : HG  : Stagger 3 11/11
    A:TYR 361 : HH  : Default 2 4/4 (pKa = 10.72)
    A:HID 509  : HID (pKa = 6.22)
    A:HID 314  : HIE (pKa = 4.6)
    A:LYS 375  : Stagger (pKa = 11.06)
    A:GLN 365  : No Flip

Working on cluster #4...
    A:GLN 319  : 2 states

  Scoring exhaustively (2 potential combinations)...

  Cluster results:
    A:GLN 319  : No Flip

Working on cluster #5...
    A:ASN 341  : 2 states
    A:ASP 344  : 3 states

  Scoring exhaustively (6 potential combinations)...

  Cluster results:
    A:ASN 341  : No Flip
    A:ASP 344  : Charged (pKa = 3.38)

Working on cluster #6...
    A:ASN 350  : 2 states

  Scoring exhaustively (2 potential combinations)...

  Cluster results:
    A:ASN 350  : No Flip

Working on cluster #7...
    A:GLN 352  : 2 states

  Scoring exhaustively (2 potential combinations)...

  Cluster results:
    A:GLN 352  : Flip

Working on cluster #8...
    A:ASN 355  : 2 states

  Scoring exhaustively (2 potential combinations)...

  Cluster results:
    A:ASN 355  : No Flip

Working on cluster #9...
    A:ASN 377  : 2 states

  Scoring exhaustively (2 potential combinations)...

  Cluster results:
    A:ASN 377  : Flip

Working on cluster #10...
    A:ASN 387  : 2 states
    A:ASP 382  : 3 states
    A:TYR 272 : HH  : 4 states

  Scoring exhaustively (24 potential combinations)...

  Cluster results:
    A:ASN 387  : No Flip
    A:ASP 382  : Charged (pKa = 3.59)
    A:TYR 272 : HH  : Orientation 1/3 (pKa = 12.18)

Working on cluster #11...
    A:ASN 393  : 2 states

  Scoring exhaustively (2 potential combinations)...

  Cluster results:
    A:ASN 393  : No Flip

Working on cluster #12...
    A:ASN 433  : 2 states

  Scoring exhaustively (2 potential combinations)...

  Cluster results:
    A:ASN 433  : Flip

Working on cluster #13...
    A:GLN 466  : 2 states
    A:GLU 469  : 3 states
    A:ASP 463  : 3 states
    A:SER 465 : HG  : 8 states
    A:LYS 473  : 8 states

  Scoring exhaustively (1152 potential combinations)...

  Cluster results:
    A:GLN 466  : Flip
    A:GLU 469  : Charged (pKa = 3.48)
    A:ASP 463  : Charged (pKa = 2.75)
    A:SER 465 : HG  : Orientation 1/8
    A:LYS 473  : Stagger (pKa = 11.52)

Working on cluster #14...
    A:GLN 496  : 2 states

  Scoring exhaustively (2 potential combinations)...

  Cluster results:
    A:GLN 496  : No Flip

Working on cluster #15...
    A:ASN 498  : 2 states
    A:ASP 501  : 3 states

  Scoring exhaustively (6 potential combinations)...

  Cluster results:
    A:ASN 498  : No Flip
    A:ASP 501  : Charged (pKa = 3.92)

Working on cluster #16...
    A:GLN 510  : 2 states

  Scoring exhaustively (2 potential combinations)...

  Cluster results:
    A:GLN 510  : No Flip

Working on cluster #17...
    A:GLN 517  : 2 states

  Scoring exhaustively (2 potential combinations)...

  Cluster results:
    A:GLN 517  : No Flip

Working on cluster #18...
    A:LYS 253  : 4 states

  Scoring exhaustively (4 potential combinations)...

  Cluster results:
    A:LYS 253  : Stagger (pKa = 10.42)

Working on cluster #19...
    A:LYS 264  : 8 states

  Scoring exhaustively (8 potential combinations)...

  Cluster results:
    A:LYS 264  : Orientation 1/1 (pKa = 10.57)

Working on cluster #20...
    A:LYS 266  : 8 states

  Scoring exhaustively (8 potential combinations)...

  Cluster results:
    A:LYS 266  : Orientation 1/1 (pKa = 10.37)

Working on cluster #21...
    A:LYS 281  : 12 states

  Scoring exhaustively (12 potential combinations)...

  Cluster results:
    A:LYS 281  : Orientation 1/2 (pKa = 10.31)

Working on cluster #22...
    A:LYS 282  : 8 states
    A:TYR 283 : HH  : 5 states

  Scoring exhaustively (40 potential combinations)...

  Cluster results:
    A:LYS 282  : Orientation 1/1 (pKa = 11.32)
    A:TYR 283 : HH  : Orientation 2/4 (pKa = 9.39)

Working on cluster #23...
    A:LYS 290  : 8 states

  Scoring exhaustively (8 potential combinations)...

  Cluster results:
    A:LYS 290  : Stagger LYN3 (pKa = 7.33)

Working on cluster #24...
    A:LYS 293  : 8 states

  Scoring exhaustively (8 potential combinations)...

  Cluster results:
    A:LYS 293  : Stagger (pKa = 10.26)

Working on cluster #25...
    A:LYS 304  : 8 states

  Scoring exhaustively (8 potential combinations)...

  Cluster results:
    A:LYS 304  : Orientation 1/1 (pKa = 10.66)

Working on cluster #26...
    A:LYS 310  : 8 states
    A:ASP 252  : 3 states

  Scoring exhaustively (24 potential combinations)...

  Cluster results:
    A:LYS 310  : Orientation 1/1 (pKa = 10.87)
    A:ASP 252  : Charged (pKa = 1.98)

Working on cluster #27...
    A:LYS 313  : 12 states

  Scoring exhaustively (12 potential combinations)...

  Cluster results:
    A:LYS 313  : Orientation 1/2 (pKa = 10.26)

Working on cluster #28...
    A:LYS 376  : 8 states
    A:TYR 372 : HH  : 3 states

  Scoring exhaustively (24 potential combinations)...

  Cluster results:
    A:LYS 376  : Stagger (pKa = 10.7)
    A:TYR 372 : HH  : Orientation 1/2 (pKa = 9.82)

Working on cluster #29...
    A:LYS 397  : 8 states
    A:GLU 335  : 3 states

  Scoring exhaustively (24 potential combinations)...

  Cluster results:
    A:LYS 397  : Orientation 1/1 (pKa = 10.51)
    A:GLU 335  : Charged (pKa = 4.55)

Working on cluster #30...
    A:LYS 419  : 8 states

  Scoring exhaustively (8 potential combinations)...

  Cluster results:
    A:LYS 419  : Orientation 1/1 (pKa = 10.43)

Working on cluster #31...
    A:LYS 423  : 8 states

  Scoring exhaustively (8 potential combinations)...

  Cluster results:
    A:LYS 423  : Orientation 1/1 (pKa = 9.55)

Working on cluster #32...
    A:LYS 434  : 8 states
    A:THR 413 : HG1 : 4 states

  Scoring exhaustively (32 potential combinations)...

  Cluster results:
    A:LYS 434  : Orientation 1/1 (pKa = 10.31)
    A:THR 413 : HG1 : Stagger 3 4/4

Working on cluster #33...
    A:LYS 438  : 8 states

  Scoring exhaustively (8 potential combinations)...

  Cluster results:
    A:LYS 438  : Orientation 1/1 (pKa = 9.6)

Working on cluster #34...
    A:LYS 486  : 8 states
    A:GLU 518  : 3 states

  Scoring exhaustively (24 potential combinations)...

  Cluster results:
    A:LYS 486  : Stagger (pKa = 10.88)
    A:GLU 518  : Charged (pKa = 4.14)

Working on cluster #35...
    A:HID 265  : 6 states

  Scoring exhaustively (6 potential combinations)...

  Cluster results:
    A:HID 265  : Flip HIE (pKa = 6.37)

Working on cluster #36...
    A:HID 380  : 6 states

  Scoring exhaustively (6 potential combinations)...

  Cluster results:
    A:HID 380  : HIE (pKa = 4.38)

Working on cluster #37...
    A:HID 394  : 6 states
    A:GLU 353  : 3 states
    A:TYR 345 : HH  : 5 states

  Scoring exhaustively (90 potential combinations)...

  Cluster results:
    A:HID 394  : HIE (pKa = 5.94)
    A:GLU 353  : Charged (pKa = 4.56)
    A:TYR 345 : HH  : Orientation 1/4 (pKa = 12.01)

Working on cluster #38...
    A:HID 415  : 6 states

  Scoring exhaustively (6 potential combinations)...

  Cluster results:
    A:HID 415  : HIE (pKa = 6.5)

Working on cluster #39...
    A:TYR 251 : HH  : 4 states

  Scoring exhaustively (4 potential combinations)...

  Cluster results:
    A:TYR 251 : HH  : Orientation 1/3 (pKa = 10.29)

Working on cluster #40...
    A:THR 259 : HG1 : 5 states

  Scoring exhaustively (5 potential combinations)...

  Cluster results:
    A:THR 259 : HG1 : Stagger 2 4/5

Working on cluster #41...
    A:THR 262 : HG1 : 5 states

  Scoring exhaustively (5 potential combinations)...

  Cluster results:
    A:THR 262 : HG1 : Stagger 1 3/5

Working on cluster #42...
    A:TYR 276 : HH  : 4 states
    A:GLU 274  : 3 states

  Scoring exhaustively (12 potential combinations)...

  Cluster results:
    A:TYR 276 : HH  : Default 1 2/3 (pKa = 11.59)
    A:GLU 274  : Charged (pKa = 3.94)

Working on cluster #43...
    A:SER 284 : HG  : 5 states

  Scoring exhaustively (5 potential combinations)...

  Cluster results:
    A:SER 284 : HG  : Stagger 1 3/5

Working on cluster #44...
    A:THR 286 : HG1 : 4 states

  Scoring exhaustively (4 potential combinations)...

  Cluster results:
    A:THR 286 : HG1 : Stagger 2 3/4

Working on cluster #45...
    A:THR 291 : HG1 : 5 states

  Scoring exhaustively (5 potential combinations)...

  Cluster results:
    A:THR 291 : HG1 : Stagger 2 4/5

Working on cluster #46...
    A:THR 296 : HG1 : 6 states

  Scoring exhaustively (6 potential combinations)...

  Cluster results:
    A:THR 296 : HG1 : Default 3/6

Working on cluster #47...
    A:CYS 324 : HG  : 6 states

  Scoring exhaustively (6 potential combinations)...

  Cluster results:
    A:CYS 324 : HG  : Stagger 3 5/5 (pKa = 11.63)

Working on cluster #48...
    A:THR 325 : HG1 : 6 states
    A:GLU 255  : 3 states

  Scoring exhaustively (18 potential combinations)...

  Cluster results:
    A:THR 325 : HG1 : Orientation 1/6
    A:GLU 255  : Charged (pKa = 4.08)

Working on cluster #49...
    A:TYR 331 : HH  : 3 states

  Scoring exhaustively (3 potential combinations)...

  Cluster results:
    A:TYR 331 : HH  : Orientation 1/2 (pKa = 10.43)

Working on cluster #50...
    A:THR 334 : HG1 : 8 states

  Scoring exhaustively (8 potential combinations)...

  Cluster results:
    A:THR 334 : HG1 : Default 7/8

Working on cluster #51...
    A:THR 338 : HG1 : 7 states
    A:GLU 392  : 3 states

  Scoring exhaustively (21 potential combinations)...

  Cluster results:
    A:THR 338 : HG1 : Stagger 2 6/7
    A:GLU 392  : Charged (pKa = 3.7)

Working on cluster #52...
    A:TYR 339 : HH  : 4 states

  Scoring exhaustively (4 potential combinations)...

  Cluster results:
    A:TYR 339 : HH  : Orientation 1/3 (pKa = 10.63)

Working on cluster #53...
    A:CYS 349 : HG  : 7 states

  Scoring exhaustively (7 potential combinations)...

  Cluster results:
    A:CYS 349 : HG  : Orientation 1/6 (pKa = 10.46)

Working on cluster #54...
    A:THR 364 : HG1 : 5 states

  Scoring exhaustively (5 potential combinations)...

  Cluster results:
    A:THR 364 : HG1 : Orientation 1/5

Working on cluster #55...
    A:CYS 388 : HG  : 6 states

  Scoring exhaustively (6 potential combinations)...

  Cluster results:
    A:CYS 388 : HG  : Orientation 1/5 (pKa = 12.94)

Working on cluster #56...
    A:SER 404 : HG  : 7 states
    A:TYR 412 : HH  : 4 states

  Scoring exhaustively (28 potential combinations)...

  Cluster results:
    A:SER 404 : HG  : Default 6/7
    A:TYR 412 : HH  : Orientation 1/3 (pKa = 10.27)

Working on cluster #57...
    A:THR 408 : HG1 : 4 states

  Scoring exhaustively (4 potential combinations)...

  Cluster results:
    A:THR 408 : HG1 : Stagger 1 2/4

Working on cluster #58...
    A:THR 411 : HG1 : 7 states
    A:ASP 410  : 3 states

  Scoring exhaustively (21 potential combinations)...

  Cluster results:
    A:THR 411 : HG1 : Orientation 1/7
    A:ASP 410  : Charged (pKa = 3.2)

Working on cluster #59...
    A:THR 425 : HG1 : 5 states

  Scoring exhaustively (5 potential combinations)...

  Cluster results:
    A:THR 425 : HG1 : Orientation 1/5

Working on cluster #60...
    A:SER 429 : HG  : 7 states
    A:GLU 428  : 3 states
    A:SER 439 : HG  : 11 states
    A:SER 436 : HG  : 12 states

  Scoring exhaustively (2772 potential combinations)...

  Cluster results:
    A:SER 429 : HG  : Orientation 1/7
    A:GLU 428  : Charged (pKa = 4.08)
    A:SER 439 : HG  : Stagger 3 11/11
    A:SER 436 : HG  : Orientation 4/12

Working on cluster #61...
    A:TYR 432 : HH  : 4 states

  Scoring exhaustively (4 potential combinations)...

  Cluster results:
    A:TYR 432 : HH  : Orientation 1/3 (pKa = 10.12)

Working on cluster #62...
    A:THR 453 : HG1 : 5 states

  Scoring exhaustively (5 potential combinations)...

  Cluster results:
    A:THR 453 : HG1 : Orientation 1/5

Working on cluster #63...
    A:TYR 454 : HH  : 4 states

  Scoring exhaustively (4 potential combinations)...

  Cluster results:
    A:TYR 454 : HH  : Orientation 1/3 (pKa = 11.18)

Working on cluster #64...
    A:SER 457 : HG  : 5 states

  Scoring exhaustively (5 potential combinations)...

  Cluster results:
    A:SER 457 : HG  : Stagger 3 5/5

Working on cluster #65...
    A:TYR 459 : HH  : 4 states

  Scoring exhaustively (4 potential combinations)...

  Cluster results:
    A:TYR 459 : HH  : Default 1 2/3 (pKa = 12.96)

Working on cluster #66...
    A:TYR 468 : HH  : 4 states

  Scoring exhaustively (4 potential combinations)...

  Cluster results:
    A:TYR 468 : HH  : Orientation 1/3 (pKa = 10.83)

Working on cluster #67...
    A:TYR 475 : HH  : 4 states

  Scoring exhaustively (4 potential combinations)...

  Cluster results:
    A:TYR 475 : HH  : Orientation 1/3 (pKa = 10.56)

Working on cluster #68...
    A:CYS 483 : HG  : 5 states

  Scoring exhaustively (5 potential combinations)...

  Cluster results:
    A:CYS 483 : HG  : Orientation 1/4 (pKa = 10.92)

Working on cluster #69...
    A:TYR 488 : HH  : 4 states

  Scoring exhaustively (4 potential combinations)...

  Cluster results:
    A:TYR 488 : HH  : Orientation 1/3 (pKa = 10.33)

Working on cluster #70...
    A:CYS 494 : HG  : 7 states

  Scoring exhaustively (7 potential combinations)...

  Cluster results:
    A:CYS 494 : HG  : Orientation 1/6 (pKa = 12.48)

Working on cluster #71...
    A:SER 500 : HG  : 5 states

  Scoring exhaustively (5 potential combinations)...

  Cluster results:
    A:SER 500 : HG  : Stagger 2 4/5

Working on cluster #72...
    A:SER 504 : HG  : 10 states
    A:GLU 507  : 3 states

  Scoring exhaustively (30 potential combinations)...

  Cluster results:
    A:SER 504 : HG  : Orientation 6/10
    A:GLU 507  : Charged (pKa = 3.46)

Working on cluster #73...
    A:THR 514 : HG1 : 6 states

  Scoring exhaustively (6 potential combinations)...

  Cluster results:
    A:THR 514 : HG1 : Stagger 3 6/6

Working on cluster #74...
    A:SER 519 : HG  : 5 states

  Scoring exhaustively (5 potential combinations)...

  Cluster results:
    A:SER 519 : HG  : Stagger 1 3/5

Working on cluster #75...
    A:SER 520 : HG  : 6 states

  Scoring exhaustively (6 potential combinations)...

  Cluster results:
    A:SER 520 : HG  : Orientation 1/6

Working on cluster #76...
    A:SER 522 : HG  : 3 states

  Scoring exhaustively (3 potential combinations)...

  Cluster results:
    A:SER 522 : HG  : Stagger 3 3/3

Working on cluster #77...
    A:1N1 601 : HO1 : 5 states

  Scoring exhaustively (5 potential combinations)...

  Cluster results:
    A:1N1 601 : HO1 : Orientation 1/5

Working on cluster #78...
    A:GLU 257  : 3 states

  Scoring exhaustively (3 potential combinations)...

  Cluster results:
    A:GLU 257  : Charged (pKa = 4.89)

Working on cluster #79...
    A:ASP 260  : 3 states

  Scoring exhaustively (3 potential combinations)...

  Cluster results:
    A:ASP 260  : Charged (pKa = 4.02)

Working on cluster #80...
    A:GLU 277  : 3 states

  Scoring exhaustively (3 potential combinations)...

  Cluster results:
    A:GLU 277  : Charged (pKa = 4.63)

Working on cluster #81...
    A:GLU 294  : 3 states

  Scoring exhaustively (3 potential combinations)...

  Cluster results:
    A:GLU 294  : Charged (pKa = 4.61)

Working on cluster #82...
    A:ASP 295  : 3 states

  Scoring exhaustively (3 potential combinations)...

  Cluster results:
    A:ASP 295  : Charged (pKa = 3.94)

Working on cluster #83...
    A:GLU 298  : 3 states

  Scoring exhaustively (3 potential combinations)...

  Cluster results:
    A:GLU 298  : Charged (pKa = 4.72)

Working on cluster #84...
    A:GLU 300  : 3 states

  Scoring exhaustively (3 potential combinations)...

  Cluster results:
    A:GLU 300  : Charged (pKa = 4.42)

Working on cluster #85...
    A:GLU 301  : 3 states
    A:GLU 305  : 3 states

  Scoring exhaustively (9 potential combinations)...

  Cluster results:
    A:GLU 301  : Charged (pKa = 4.89)
    A:GLU 305  : Charged (pKa = 8.01)

Working on cluster #86...
    A:GLU 311  : 3 states

  Scoring exhaustively (3 potential combinations)...

  Cluster results:
    A:GLU 311  : Charged (pKa = 4.95)

Working on cluster #87...
    A:GLU 327  : 3 states

  Scoring exhaustively (3 potential combinations)...

  Cluster results:
    A:GLU 327  : Charged (pKa = 4.69)

Working on cluster #88...
    A:GLU 348  : 3 states

  Scoring exhaustively (3 potential combinations)...

  Cluster results:
    A:GLU 348  : Charged (pKa = 5.02)

Working on cluster #89...
    A:GLU 374  : 3 states

  Scoring exhaustively (3 potential combinations)...

  Cluster results:
    A:GLU 374  : Charged (pKa = 5.35)

Working on cluster #90...
    A:ASP 400  : 3 states

  Scoring exhaustively (3 potential combinations)...

  Cluster results:
    A:ASP 400  : Neutral 2 (pKa = 8.74)

Working on cluster #91...
    A:ASP 440  : 3 states

  Scoring exhaustively (3 potential combinations)...

  Cluster results:
    A:ASP 440  : Neutral 1 (pKa = 8.33)

Working on cluster #92...
    A:GLU 450  : 3 states

  Scoring exhaustively (3 potential combinations)...

  Cluster results:
    A:GLU 450  : Charged (pKa = 6.88)

Working on cluster #93...
    A:GLU 472  : 3 states

  Scoring exhaustively (3 potential combinations)...

  Cluster results:
    A:GLU 472  : Charged (pKa = 4.7)

Working on cluster #94...
    A:ASP 474  : 3 states

  Scoring exhaustively (3 potential combinations)...

  Cluster results:
    A:ASP 474  : Charged (pKa = 3.79)

Working on cluster #95...
    A:GLU 478  : 3 states

  Scoring exhaustively (3 potential combinations)...

  Cluster results:
    A:GLU 478  : Charged (pKa = 4.63)

Working on cluster #96...
    A:GLU 481  : 3 states

  Scoring exhaustively (3 potential combinations)...

  Cluster results:
    A:GLU 481  : Charged (pKa = 4.56)

Working on cluster #97...
    A:GLU 485  : 3 states
    A:GLU 489  : 3 states

  Scoring exhaustively (9 potential combinations)...

  Cluster results:
    A:GLU 485  : Charged (pKa = 4.62)
    A:GLU 489  : Charged (pKa = 5.05)


Recalculating pKas to identify changes in protonation penalties...
  Running PropKa to get pKas
    No changes in protonation penalties found.

Minimizing hydrogens...

Total score for structure: -98.0030267507

Final pKas:
  A:LYS 253  : 10.42
  A:LYS 264  : 10.56
  A:LYS 266  : 10.37
  A:LYS 281  : 10.31
  A:LYS 282  : 11.32
  A:LYS 290  : 7.33
  A:LYS 293  : 10.26
  A:LYS 304  : 10.66
  A:LYS 310  : 10.87
  A:LYS 313  : 10.26
  A:LYS 375  : 11.06
  A:LYS 376  : 10.70
  A:LYS 397  : 10.51
  A:LYS 419  : 10.43
  A:LYS 423  : 9.55
  A:LYS 434  : 10.31
  A:LYS 438  : 9.60
  A:LYS 473  : 11.52
  A:LYS 486  : 10.88
  A:HID 265  : 6.37
  A:HID 314  : 4.60
  A:HID 380  : 4.38
  A:HID 394  : 5.94
  A:HID 415  : 6.50
  A:HID 509  : 6.22
  A:TYR 251 : HH  : 10.29
  A:TYR 272 : HH  : 12.18
  A:TYR 276 : HH  : 11.59
  A:TYR 283 : HH  : 9.39
  A:CYS 324 : HG  : 11.63
  A:TYR 331 : HH  : 10.43
  A:TYR 339 : HH  : 10.63
  A:TYR 345 : HH  : 12.01
  A:CYS 349 : HG  : 10.46
  A:TYR 361 : HH  : 10.72
  A:TYR 372 : HH  : 9.82
  A:CYS 388 : HG  : 12.94
  A:TYR 412 : HH  : 10.27
  A:TYR 432 : HH  : 10.12
  A:TYR 454 : HH  : 11.18
  A:TYR 459 : HH  : 12.96
  A:TYR 468 : HH  : 10.83
  A:TYR 475 : HH  : 10.56
  A:CYS 483 : HG  : 10.92
  A:TYR 488 : HH  : 10.33
  A:CYS 494 : HG  : 12.48
  A:ASP 252  : 1.98
  A:GLU 255  : 4.08
  A:GLU 257  : 4.89
  A:ASP 260  : 4.02
  A:GLU 274  : 3.94
  A:GLU 277  : 4.63
  A:GLU 294  : 4.61
  A:ASP 295  : 3.94
  A:GLU 298  : 4.72
  A:GLU 300  : 4.42
  A:GLU 301  : 4.89
  A:GLU 305  : 8.01
  A:GLU 311  : 4.95
  A:GLU 327  : 4.69
  A:GLU 335  : 4.55
  A:ASP 344  : 3.38
  A:GLU 348  : 5.02
  A:GLU 353  : 4.56
  A:GLU 371  : 4.34
  A:GLU 374  : 5.35
  A:ASP 382  : 3.59
  A:GLU 392  : 3.70
  A:ASP 400  : 8.74
  A:ASP 410  : 3.20
  A:GLU 428  : 4.08
  A:ASP 440  : 8.33
  A:GLU 450  : 6.88
  A:ASP 463  : 2.75
  A:GLU 469  : 3.48
  A:GLU 472  : 4.70
  A:ASP 474  : 3.79
  A:GLU 478  : 4.63
  A:GLU 481  : 4.56
  A:GLU 485  : 4.62
  A:GLU 489  : 5.05
  A:ASP 501  : 3.92
  A:GLU 507  : 3.46
  A:GLU 513  : 4.66
  A:GLU 518  : 4.14
Structure extracted from file: 4XEY-protassign.mae
Output structure will be written to: 4XEY-protassign-out.mae

Complete. Output file: 4XEY-protassign-out.mae
