
** Heavy-atom coordinates will be fixed: maxlevel set to 0
  **
  ** Beginning refinement level 0
  **

%IMPACT-I (openwt): Request to open FORMATTED file 4HJO-impref_ref0.out on unit   2
 Entering IMPACT execution environment 
 Date: Monday, October 02 2017, at 14:43:06 EDT
 Impact version 76016
 mmshare version        39016
 Copyright (c) Schrodinger, LLC.
 All Rights Reserved.

 Host: Linux ls04 3.10.0-514.21.2.el7.x86_64 #1 SMP Tue Jun 20 12:24:47 UTC 2017 x86_64
 Job Name: 4HJO-impref_ref0
 SCHRODINGER  directory: /data/chodera/schrodinger/schrodinger2017-3-advanced
 IMPACT_EXEC  directory: /data/chodera/schrodinger/schrodinger2017-3-advanced/impact-v7.6/bin/Linux-x86_64
 MMSHARE_EXEC directory: /data/chodera/schrodinger/schrodinger2017-3-advanced/mmshare-v3.9/bin/Linux-x86_64

 Clock-based global random seed:     1506969786
%IMPACT-I(foldmain): calling OPLS3 atomtyping ...
%IMPACT-I(foldmain): finished parameter assignment
 PARM read from file "paramstd.dat"
 Parameter obtained from atomtyping
      Current coord. are written to file: "4HJO-impref.init_coord.rst"
      Box dimensions not written


 Total number of atoms  =  4643
 
 Neighbor List Cutoff Settings
 ==================================
 Cutoff radius:   10.0000000000000     
 Update frequency: every           10  steps
 Species   1 : Neighbors are calculated on a per residue basis
 Species   1 : Cutoff by inter-atomic distances
 
 Step number:          0         Non-bonded count:  1115476
 E-pot        RMS grad     Max grad    
  2.85038E+05  8.02282E+04  3.92161E+06
 Step number:         10         Non-bonded count:  1115476
 -7.09264E+03  9.63189E-01  2.16900E+01
 Step number:         20         Non-bonded count:  1115476
 -7.16494E+03  5.04969E-01  1.26178E+01
 Step number:         30         Non-bonded count:  1115476
 -7.18680E+03  3.14841E-01  6.12667E+00
 Step number:         40         Non-bonded count:  1115476
 -7.19903E+03  3.12643E-01  6.18893E+00
 Step number:         50         Non-bonded count:  1115476
 -7.20806E+03  2.29367E-01  4.00838E+00
 Step number:         60         Non-bonded count:  1115476
 -7.21455E+03  1.97620E-01  5.57126E+00
 Step number:         70         Non-bonded count:  1115476
 -7.21928E+03  1.80935E-01  4.46257E+00
 Step number:         80         Non-bonded count:  1115476
 -7.22266E+03  1.35820E-01  3.08029E+00
 Step number:         90         Non-bonded count:  1115476
 -7.22446E+03  1.01423E-01  2.42635E+00
 Step number:        100         Non-bonded count:  1115476
 -7.22579E+03  1.07519E-01  1.90691E+00
 Step number:        100         Non-bonded count:  1115476
 -7.22579E+03  1.07519E-01  1.90691E+00
      Current coord. are written to file: "4HJO-impref.min0_coord.rst"
      Box dimensions not written
      Current coordinates are read from file: "4HJO-impref.init_coord.rst"
      Box dimensions not read
          read from "4HJO-impref.init_coord.rst"
  
 Energy and Force Generation Info: 
 --------------------------------- 
 Number of E&F called:     267
 PARM read from file "paramstd.dat"
 Parameter obtained from atomtyping
      Current coordinates are read from file: "4HJO-impref.min0_coord.rst"
      Box dimensions not read
          read from "4HJO-impref.min0_coord.rst"


 Total number of atoms  =  4643
 
 Neighbor List Cutoff Settings
 ==================================
 Cutoff radius:   10.0000000000000     
 Update frequency: every           10  steps
 Species   1 : Neighbors are calculated on a per residue basis
 Species   1 : Cutoff by inter-atomic distances
 
 Step number:          0         Non-bonded count:  1115476
 E-pot        RMS grad     Max grad    
 -6.02599E+03  2.72903E+00  2.68545E+01
 Step number:         10         Non-bonded count:  1115476
 -6.71840E+03  1.52335E+00  2.45334E+01
 Step number:         20         Non-bonded count:  1115476
 -6.90788E+03  9.94654E-01  2.26698E+01
 Step number:         30         Non-bonded count:  1115476
 -6.95907E+03  5.21960E-01  1.21459E+01
 Step number:         40         Non-bonded count:  1115476
 -6.98405E+03  4.35805E-01  1.69347E+01
 Step number:         50         Non-bonded count:  1115476
 -7.00222E+03  3.31102E-01  7.13678E+00
 Step number:         60         Non-bonded count:  1115476
 -7.01003E+03  1.92878E-01  5.54312E+00
 Step number:         70         Non-bonded count:  1115476
 -7.01330E+03  1.57140E-01  5.79770E+00
 Step number:         80         Non-bonded count:  1115476
 -7.01586E+03  1.23864E-01  3.23521E+00
 Step number:         90         Non-bonded count:  1115476
 -7.01719E+03  9.33584E-02  1.87624E+00
 Step number:        100         Non-bonded count:  1115476
 -7.01785E+03  6.06760E-02  1.20672E+00
 Step number:        100         Non-bonded count:  1115476
 -7.01785E+03  6.06760E-02  1.20672E+00
  
 Energy and Force Generation Info: 
 --------------------------------- 
 Number of E&F called:     556


Final Energy Reports:
------------------------------------
 Total Energy of the system...... -7.01785E+03 kcal/mol
 Total Potential Energy.......... -7.01785E+03 kcal/mol
 Total Kinetic Energy............  0.00000E+00 kcal/mol
 Temperature of the system.......        0.000 K
 Bond Stretch Energy.............  1.10456E+01 kcal/mol
 Angle Bending Energy............  2.83854E+02 kcal/mol
 Torsion Angle Energy............  4.92377E+01 kcal/mol
 Restraining Energy for Torsions.  0.00000E+00 kcal/mol
 1,4 Lennard Jones Energy........  4.72187E+02 kcal/mol
 1,4 Electrostatic Energy........ -3.20174E+02 kcal/mol
 Lennard Jones Energy............ -5.59044E+02 kcal/mol
 Electrostatic Energy............ -6.95496E+03 kcal/mol
 H-bond Energy...................  0.00000E+00 kcal/mol
 
 Exiting IMPACT execution environment 
 Date: Monday, October 02 2017, at 14:43:32 EDT
%IMPACT-I (timit): Total CPU time =      25.18 seconds (   0.4 minutes)
Total elapsed time = 27 seconds
  ** Completed refinement level 0      rmsd =  0.110

** Refinement finished. Final level: 0

** The refined complex file is 4HJO-impref_ref.mae.
