
** Heavy-atom coordinates will be fixed: maxlevel set to 0
  **
  ** Beginning refinement level 0
  **

%IMPACT-I (openwt): Request to open FORMATTED file 4ANS-impref_ref0.out on unit   2
 Entering IMPACT execution environment 
 Date: Thursday, December 01 2016, at 00:30:31 EST
 Impact version 72014
 mmshare version        35014
 Copyright (c) Schrodinger, LLC.
 All Rights Reserved.

 Host: Linux cc05.local 2.6.32-573.18.1.el6.x86_64 #1 SMP Tue Feb 9 22:46:17 UTC 2016 x86_64
 Job Name: 4ANS-impref_ref0
 SCHRODINGER  directory: /cbio/jclab/share/schrodinger/schrodinger2016-3
 IMPACT_EXEC  directory: /cbio/jclab/share/schrodinger/schrodinger2016-3/impact-v7.2/bin/Linux-x86_64
 MMSHARE_EXEC directory: /cbio/jclab/share/schrodinger/schrodinger2016-3/mmshare-v3.5/bin/Linux-x86_64

 Clock-based global random seed:     1480570231
%IMPACT-I(foldmain): calling OPLS_2005 atomtyping ...
%IMPACT-I(foldmain): finished parameter assignment
 PARM read from file "paramstd.dat"
 Parameter obtained from atomtyping
      Current coord. are written to file: "4ANS-impref.init_coord.rst"
      Box dimensions not written


 Total number of atoms  =  5533
 
 Neighbor List Cutoff Settings
 ==================================
 Cutoff radius:   10.0000000000000     
 Update frequency: every           10  steps
 Species   1 : Neighbors are calculated on a per residue basis
 Species   1 : Cutoff by inter-atomic distances
 
 Step number:          0         Non-bonded count:  1344968
 E-pot        RMS grad     Max grad    
  4.53035E+06  7.59499E+05  5.60800E+07
 Step number:         10         Non-bonded count:  1344968
 -1.48417E+04  4.01822E+00  2.47858E+02
 Step number:         20         Non-bonded count:  1344968
 -1.52874E+04  1.70255E+00  8.43650E+01
 Step number:         30         Non-bonded count:  1344968
 -1.55115E+04  1.43334E+00  5.94293E+01
 Step number:         40         Non-bonded count:  1344968
 -1.56331E+04  1.29520E+00  7.57116E+01
 Step number:         50         Non-bonded count:  1344968
 -1.57110E+04  9.64644E-01  3.84372E+01
 Step number:         60         Non-bonded count:  1344968
 -1.57712E+04  8.71097E-01  2.53040E+01
 Step number:         70         Non-bonded count:  1344968
 -1.58109E+04  6.80778E-01  2.69172E+01
 Step number:         80         Non-bonded count:  1344968
 -1.58435E+04  5.82615E-01  2.13439E+01
 Step number:         90         Non-bonded count:  1344968
 -1.58681E+04  5.13754E-01  1.92919E+01
 Step number:        100         Non-bonded count:  1344968
 -1.58841E+04  5.02248E-01  1.75948E+01
 Step number:        100         Non-bonded count:  1344968
 -1.58841E+04  5.02248E-01  1.75948E+01
      Current coord. are written to file: "4ANS-impref.min0_coord.rst"
      Box dimensions not written
      Current coordinates are read from file: "4ANS-impref.init_coord.rst"
      Box dimensions not read
          read from "4ANS-impref.init_coord.rst"
  
 Energy and Force Generation Info: 
 --------------------------------- 
 Number of E&F called:     314
 PARM read from file "paramstd.dat"
 Parameter obtained from atomtyping
      Current coordinates are read from file: "4ANS-impref.min0_coord.rst"
      Box dimensions not read
          read from "4ANS-impref.min0_coord.rst"


 Total number of atoms  =  5533
 
 Neighbor List Cutoff Settings
 ==================================
 Cutoff radius:   10.0000000000000     
 Update frequency: every           10  steps
 Species   1 : Neighbors are calculated on a per residue basis
 Species   1 : Cutoff by inter-atomic distances
 
 Step number:          0         Non-bonded count:  1344968
 E-pot        RMS grad     Max grad    
 -1.47924E+04  2.56030E+00  3.21044E+01
 Step number:         10         Non-bonded count:  1344968
 -1.54552E+04  2.18502E+00  1.27191E+02
 Step number:         20         Non-bonded count:  1344968
 -1.55563E+04  1.00557E+00  4.18387E+01
 Step number:         30         Non-bonded count:  1344968
 -1.55900E+04  7.83218E-01  5.16269E+01
 Step number:         40         Non-bonded count:  1344968
 -1.56163E+04  5.95016E-01  2.22371E+01
 Step number:         50         Non-bonded count:  1344968
 -1.56278E+04  3.42032E-01  1.34820E+01
 Step number:         60         Non-bonded count:  1344968
 -1.56339E+04  3.49794E-01  2.52467E+01
 Step number:         70         Non-bonded count:  1344968
 -1.56375E+04  2.39200E-01  1.12141E+01
 Step number:         80         Non-bonded count:  1344968
 -1.56400E+04  1.97058E-01  6.84758E+00
 Step number:         90         Non-bonded count:  1344968
 -1.56420E+04  1.82534E-01  1.24114E+01
 Step number:        100         Non-bonded count:  1344968
 -1.56437E+04  1.39614E-01  6.17347E+00
 Step number:        100         Non-bonded count:  1344968
 -1.56437E+04  1.39614E-01  6.17347E+00
  
 Energy and Force Generation Info: 
 --------------------------------- 
 Number of E&F called:     588


Final Energy Reports:
------------------------------------
 Total Energy of the system...... -1.56437E+04 kcal/mol
 Total Potential Energy.......... -1.56437E+04 kcal/mol
 Total Kinetic Energy............  0.00000E+00 kcal/mol
 Temperature of the system.......        0.000 K
 Bond Stretch Energy.............  8.78117E+01 kcal/mol
 Angle Bending Energy............  6.92364E+02 kcal/mol
 Torsion Angle Energy............  1.51876E+02 kcal/mol
 Restraining Energy for Torsions.  0.00000E+00 kcal/mol
 1,4 Lennard Jones Energy........  4.77382E+02 kcal/mol
 1,4 Electrostatic Energy........ -3.92879E+02 kcal/mol
 Lennard Jones Energy............ -2.66231E+02 kcal/mol
 Electrostatic Energy............ -1.63940E+04 kcal/mol
 H-bond Energy...................  0.00000E+00 kcal/mol
 
 Exiting IMPACT execution environment 
 Date: Thursday, December 01 2016, at 00:30:56 EST
%IMPACT-I (timit): Total CPU time =      24.68 seconds (   0.4 minutes)
Total elapsed time = 26 seconds
  ** Completed refinement level 0      rmsd =  0.034

** Refinement finished. Final level: 0

** The refined complex file is 4ANS-impref_ref.mae.
