
Working on structure 1
Fixing common structure mistakes...
  No mistakes were found
Pre-treating metals...
Done treating metals
Assigning bond orders...
  Using CCD: True
  No bond orders were changed
Removing and re-adding hydrogens...
Treating metals...
Creating di-sulfur bonds...
Converting Selenomethionines...
Filling missing loops using Prime...
Attempting to build missing loops with Knowledge-Based Methods
    B:  170 -- B:  177   LFPVVV
    B:  231 -- B:  238   LPPEDD
    B:  243 -- B:  259   LPRGAFPPRGPRPVQ
Generating models for each loop... 
Total number of loops: 3
Working on loop 0 - B:170,B:177,LFPVVV
Number of returned models for loop 0 : 2
Working on loop 1 - B:231,B:238,LPPEDD
Number of returned models for loop 1 : 2
Working on loop 2 - B:243,B:259,LPRGAFPPRGPRPVQ
Number of returned models for loop 2 : 2
Combining models from all loops... 
Combination index: [0, 0, 0]
Side chain optimizing...
Minimizing...
Accept model # 0
Detecting missing residue atoms...
Finding het groups...
Coloring atoms by element (green carbons in hets)...
Finding het groups (for Epik)...
Processing 0 het groups...
  Using Epik with pH: 7.4
        and pH Range: 0.0
  Max states per het: 32
  Epik was not run, as there are no preparable groups
Running ProtAssign...
  Uses -minimize option in ProtAssign
  Using PROPKA with pH: 7.4
  RUNNING: /data/chodera/schrodinger/schrodinger2017-3-advanced/utilities/protassign 2W9F-protassign.mae 2W9F-protassign-out.mae -NOJOBID -nowater -minimize -propka_pH 7.4
Optimize H-bond job completed.
Deleting non-bridging waters...
  Deleted waters: A:2001, A:2002, A:2003, A:2004, A:2005, A:2006, A:2007, A:2008, A:2009, A:2010, A:2011, A:2012, A:2013, A:2014, A:2015, A:2016, A:2017, A:2018, A:2019, A:2020, A:2021, A:2022, A:2023, A:2024, A:2025, A:2026, A:2028, A:2029, A:2030, A:2031, A:2032, A:2033, A:2034, A:2035, A:2036, A:2037, A:2038, A:2039, A:2040, A:2041, A:2042, A:2043, A:2044, A:2045, A:2046, A:2047, A:2048, A:2049, A:2050, A:2051, B:2001, B:2002, B:2003, B:2004, B:2005, B:2006, B:2007, B:2008, B:2009, B:2010, B:2011, B:2012, B:2013, B:2014, B:2015, B:2016, B:2017, B:2018, B:2019
Running restrained minimization...
  RMSD: 0.3
  Force field: 3
  hydrogens only
done with preparation
Writing to file...
DONE. Output file: ../2W9F-fixed.pdb
