
** Heavy-atom coordinates will be fixed: maxlevel set to 0
  **
  ** Beginning refinement level 0
  **

%IMPACT-I (openwt): Request to open FORMATTED file 2QU5-impref_ref0.out on unit   2
 Entering IMPACT execution environment 
 Date: Friday, June 01 2018, at 14:25:16 EDT
 Impact version 78011
 mmshare version        41011
 Copyright (c) Schrodinger, LLC.
 All Rights Reserved.

 Host: Linux ls17 3.10.0-514.21.2.el7.x86_64 #1 SMP Tue Jun 20 12:24:47 UTC 2017 x86_64
 Job Name: 2QU5-impref_ref0
 SCHRODINGER  directory: /data/chodera/schrodinger/schrodinger2018-1-advanced
 IMPACT_EXEC  directory: /data/chodera/schrodinger/schrodinger2018-1-advanced/impact-v7.8/bin/Linux-x86_64
 MMSHARE_EXEC directory: /data/chodera/schrodinger/schrodinger2018-1-advanced/mmshare-v4.1/bin/Linux-x86_64

 Clock-based global random seed:     1527877516
%IMPACT-I(foldmain): calling OPLS3 atomtyping ...
%IMPACT-I(foldmain): finished parameter assignment
 PARM read from file "paramstd.dat"
 Parameter obtained from atomtyping
      Current coord. are written to file: "2QU5-impref.init_coord.rst"
      Box dimensions not written


 Total number of atoms  =  4788
 
 Neighbor List Cutoff Settings
 ==================================
 Cutoff radius:   10.0000000000000     
 Update frequency: every           10  steps
 Species   1 : Neighbors are calculated on a per residue basis
 Species   1 : Cutoff by inter-atomic distances
 
 Step number:          0         Non-bonded count:  1129693
 E-pot        RMS grad     Max grad    
  3.53304E+06  1.18813E+06  6.13552E+07
 Step number:         10         Non-bonded count:  1129693
 -7.43681E+03  1.51295E+00  5.61804E+01
 Step number:         20         Non-bonded count:  1129693
 -7.55563E+03  1.26829E+00  5.38835E+01
 Step number:         30         Non-bonded count:  1129693
 -7.60885E+03  5.93982E-01  2.48195E+01
 Step number:         40         Non-bonded count:  1129693
 -7.63117E+03  4.15492E-01  1.50998E+01
 Step number:         50         Non-bonded count:  1129693
 -7.64336E+03  3.88560E-01  1.80418E+01
 Step number:         60         Non-bonded count:  1129693
 -7.64934E+03  2.81172E-01  1.39636E+01
 Step number:         70         Non-bonded count:  1129693
 -7.65359E+03  2.13291E-01  7.45248E+00
 Step number:         80         Non-bonded count:  1129693
 -7.65803E+03  2.39043E-01  5.73015E+00
 Step number:         90         Non-bonded count:  1129693
 -7.66194E+03  1.67276E-01  4.17858E+00
 Step number:        100         Non-bonded count:  1129693
 -7.66510E+03  1.64084E-01  4.42378E+00
 Step number:        100         Non-bonded count:  1129693
 -7.66510E+03  1.64084E-01  4.42378E+00
      Current coord. are written to file: "2QU5-impref.min0_coord.rst"
      Box dimensions not written
      Current coordinates are read from file: "2QU5-impref.init_coord.rst"
      Box dimensions not read
          read from "2QU5-impref.init_coord.rst"
  
 Energy and Force Generation Info: 
 --------------------------------- 
 Number of E&F called:     276
 PARM read from file "paramstd.dat"
 Parameter obtained from atomtyping
      Current coordinates are read from file: "2QU5-impref.min0_coord.rst"
      Box dimensions not read
          read from "2QU5-impref.min0_coord.rst"


 Total number of atoms  =  4788
 
 Neighbor List Cutoff Settings
 ==================================
 Cutoff radius:   10.0000000000000     
 Update frequency: every           10  steps
 Species   1 : Neighbors are calculated on a per residue basis
 Species   1 : Cutoff by inter-atomic distances
 
 Step number:          0         Non-bonded count:  1129693
 E-pot        RMS grad     Max grad    
 -6.42361E+03  3.05842E+00  2.55621E+01
 Step number:         10         Non-bonded count:  1129693
 -7.27462E+03  1.53055E+00  3.90123E+01
 Step number:         20         Non-bonded count:  1129693
 -7.38886E+03  1.13198E+00  5.71301E+01
 Step number:         30         Non-bonded count:  1129693
 -7.44145E+03  7.36963E-01  2.50221E+01
 Step number:         40         Non-bonded count:  1129693
 -7.45835E+03  2.22495E-01  6.42277E+00
 Step number:         50         Non-bonded count:  1129693
 -7.46235E+03  2.22242E-01  4.42974E+00
 Step number:         60         Non-bonded count:  1129693
 -7.46608E+03  2.41329E-01  8.59451E+00
 Step number:         70         Non-bonded count:  1129693
 -7.46917E+03  1.74256E-01  3.64417E+00
 Step number:         80         Non-bonded count:  1129693
 -7.47131E+03  1.44167E-01  2.50341E+00
 Step number:         90         Non-bonded count:  1129693
 -7.47298E+03  1.39140E-01  4.00242E+00
 Step number:        100         Non-bonded count:  1129693
 -7.47400E+03  9.69095E-02  3.37872E+00
 Step number:        100         Non-bonded count:  1129693
 -7.47400E+03  9.69095E-02  3.37872E+00
  
 Energy and Force Generation Info: 
 --------------------------------- 
 Number of E&F called:     550


Final Energy Reports:
------------------------------------
 Total Energy of the system...... -7.47400E+03 kcal/mol
 Total Potential Energy.......... -7.47400E+03 kcal/mol
 Total Kinetic Energy............  0.00000E+00 kcal/mol
 Temperature of the system.......        0.000 K
 Bond Stretch Energy.............  1.82209E+01 kcal/mol
 Angle Bending Energy............  3.62858E+02 kcal/mol
 Torsion Angle Energy............  1.81347E+01 kcal/mol
 Restraining Energy for Torsions.  0.00000E+00 kcal/mol
 1,4 Lennard Jones Energy........  4.76862E+02 kcal/mol
 1,4 Electrostatic Energy........ -4.00881E+02 kcal/mol
 Lennard Jones Energy............ -4.19901E+02 kcal/mol
 Electrostatic Energy............ -7.52929E+03 kcal/mol
 H-bond Energy...................  0.00000E+00 kcal/mol
 
 Exiting IMPACT execution environment 
 Date: Friday, June 01 2018, at 14:25:36 EDT
%IMPACT-I (timit): Total CPU time =      20.19 seconds (   0.3 minutes)
Total elapsed time = 21 seconds
  ** Completed refinement level 0      rmsd =  0.034

** Refinement finished. Final level: 0

** The refined complex file is 2QU5-impref_ref.mae.
