
Working on structure 1
Fixing common structure mistakes...
  No mistakes were found
Pre-treating metals...
Done treating metals
Assigning bond orders...
  Using CCD: True
CCD template assignment successfully used for HET "276 "
  Assigned the following bonds (format: atom1, atom2, order): set([(2341, 2342, 2), (2359, 2364, 2), (2349, 2354, 2), (2343, 2338, 2), (2361, 2360, 2), (2363, 2362, 2), (2357, 2356, 2), (2344, 2345, 2), (2353, 2352, 2), (2339, 2340, 2), (2351, 2350, 2)])
Adding hydrogens...
Treating metals...
Creating di-sulfur bonds...
Converting Selenomethionines...
Detecting missing residue atoms...
Filling missing loops using Prime...
Prime output file: /cbio/jclab/home/albaness/github/PDBfinder/pdbs/Regorafenib-VEGFR1/fixed/2QU5-fixed/2qu5-missing-loops-out.maegz
Capping protein termini...
Replacing oxygen 3043 because it is trans
CapTermini:     Added NMA Cap: A:1053A
CapTermini:     Added NMA Cap: A:1170A
CapTermini:     Added ACE Cap: A:815
CapTermini:     Added ACE Cap: A:1063
  The following terminal residues have been capped: A:1053, A:1170, A:816, A:1064
Finding het groups...
Coloring atoms by element (green carbons in hets)...
Finding het groups (for Epik)...
Processing 1 het groups...
  Using Epik with pH: 7.4
        and pH Range: 0.0
  Max states per het: 32
Running Epik on 1 het groups...
  Waiting for epik...
  Het A:276 (501): keeping all 1 state(s):
    State penalty: -0.00 kcal/mol; H-Bond count: 1.
Running ProtAssign...
  Uses -minimize option in ProtAssign
  Using PROPKA with pH: 7.4
  RUNNING: /cbio/jclab/share/schrodinger/schrodinger2016-3/utilities/protassign 2QU5-protassign.mae 2QU5-protassign-out.mae -NOJOBID -nowater -minimize -propka_pH 7.4
Optimize H-bond job completed.
Running restrained minimization...
  RMSD: 0.3
  Force field: 2005
  hydrogens only
done with preparation
Writing to file...
DONE. Output file: ../2QU5-fixed.pdb
