
** Heavy-atom coordinates will be fixed: maxlevel set to 0
  **
  ** Beginning refinement level 0
  **

%IMPACT-I (openwt): Request to open FORMATTED file 2YFX-impref_ref0.out on unit   2
 Entering IMPACT execution environment 
 Date: Friday, June 01 2018, at 14:46:54 EDT
 Impact version 78011
 mmshare version        41011
 Copyright (c) Schrodinger, LLC.
 All Rights Reserved.

 Host: Linux ls17 3.10.0-514.21.2.el7.x86_64 #1 SMP Tue Jun 20 12:24:47 UTC 2017 x86_64
 Job Name: 2YFX-impref_ref0
 SCHRODINGER  directory: /data/chodera/schrodinger/schrodinger2018-1-advanced
 IMPACT_EXEC  directory: /data/chodera/schrodinger/schrodinger2018-1-advanced/impact-v7.8/bin/Linux-x86_64
 MMSHARE_EXEC directory: /data/chodera/schrodinger/schrodinger2018-1-advanced/mmshare-v4.1/bin/Linux-x86_64

 Clock-based global random seed:     1527878814
%IMPACT-I(foldmain): calling OPLS3 atomtyping ...
%IMPACT-I(foldmain): finished parameter assignment
 PARM read from file "paramstd.dat"
 Parameter obtained from atomtyping
      Current coord. are written to file: "2YFX-impref.init_coord.rst"
      Box dimensions not written


 Total number of atoms  =  4877
 
 Neighbor List Cutoff Settings
 ==================================
 Cutoff radius:   10.0000000000000     
 Update frequency: every           10  steps
 Species   1 : Neighbors are calculated on a per residue basis
 Species   1 : Cutoff by inter-atomic distances
 
 Step number:          0         Non-bonded count:  1145187
 E-pot        RMS grad     Max grad    
 -6.75756E+03  4.41460E+01  2.08858E+03
 Step number:         10         Non-bonded count:  1145187
 -7.95985E+03  1.23512E+00  3.26150E+01
 Step number:         20         Non-bonded count:  1145187
 -8.04948E+03  6.50958E-01  8.93008E+00
 Step number:         30         Non-bonded count:  1145187
 -8.08659E+03  6.35867E-01  1.92444E+01
 Step number:         40         Non-bonded count:  1145187
 -8.10479E+03  3.60510E-01  1.02934E+01
 Step number:         50         Non-bonded count:  1145187
 -8.11228E+03  2.31244E-01  4.62831E+00
 Step number:         60         Non-bonded count:  1145187
 -8.11744E+03  2.16407E-01  4.81904E+00
 Step number:         70         Non-bonded count:  1145187
 -8.12269E+03  2.59084E-01  9.95553E+00
 Step number:         80         Non-bonded count:  1145187
 -8.12631E+03  1.78710E-01  3.99123E+00
 Step number:         90         Non-bonded count:  1145187
 -8.12993E+03  2.43604E-01  9.80324E+00
 Step number:        100         Non-bonded count:  1145187
 -8.13245E+03  1.18259E-01  3.29299E+00
 Step number:        100         Non-bonded count:  1145187
 -8.13245E+03  1.18259E-01  3.29299E+00
      Current coord. are written to file: "2YFX-impref.min0_coord.rst"
      Box dimensions not written
      Current coordinates are read from file: "2YFX-impref.init_coord.rst"
      Box dimensions not read
          read from "2YFX-impref.init_coord.rst"
  
 Energy and Force Generation Info: 
 --------------------------------- 
 Number of E&F called:     259
 PARM read from file "paramstd.dat"
 Parameter obtained from atomtyping
      Current coordinates are read from file: "2YFX-impref.min0_coord.rst"
      Box dimensions not read
          read from "2YFX-impref.min0_coord.rst"


 Total number of atoms  =  4877
 
 Neighbor List Cutoff Settings
 ==================================
 Cutoff radius:   10.0000000000000     
 Update frequency: every           10  steps
 Species   1 : Neighbors are calculated on a per residue basis
 Species   1 : Cutoff by inter-atomic distances
 
 Step number:          0         Non-bonded count:  1145187
 E-pot        RMS grad     Max grad    
 -6.97178E+03  2.74338E+00  2.44308E+01
 Step number:         10         Non-bonded count:  1145187
 -7.66957E+03  1.29759E+00  5.12977E+01
 Step number:         20         Non-bonded count:  1145187
 -7.80986E+03  1.62637E+00  8.78005E+01
 Step number:         30         Non-bonded count:  1145187
 -7.89026E+03  8.73012E-01  4.27585E+01
 Step number:         40         Non-bonded count:  1145187
 -7.91330E+03  4.38359E-01  2.22467E+01
 Step number:         50         Non-bonded count:  1145187
 -7.91949E+03  2.05834E-01  3.93968E+00
 Step number:         60         Non-bonded count:  1145187
 -7.92173E+03  1.58911E-01  5.83161E+00
 Step number:         70         Non-bonded count:  1145187
 -7.92376E+03  1.28433E-01  3.47878E+00
 Step number:         80         Non-bonded count:  1145187
 -7.92477E+03  1.10032E-01  4.50631E+00
 Step number:         90         Non-bonded count:  1145187
 -7.92549E+03  8.91020E-02  2.36210E+00
 Step number:        100         Non-bonded count:  1145187
 E-pot        RMS grad     Max grad    
 -7.92593E+03  6.85323E-02  3.26080E+00
 Step number:        100         Non-bonded count:  1145187
 -7.92593E+03  6.85323E-02  3.26080E+00
  
 Energy and Force Generation Info: 
 --------------------------------- 
 Number of E&F called:     534


Final Energy Reports:
------------------------------------
 Total Energy of the system...... -7.92593E+03 kcal/mol
 Total Potential Energy.......... -7.92593E+03 kcal/mol
 Total Kinetic Energy............  0.00000E+00 kcal/mol
 Temperature of the system.......        0.000 K
 Bond Stretch Energy.............  1.32373E+01 kcal/mol
 Angle Bending Energy............  2.67416E+02 kcal/mol
 Torsion Angle Energy............  6.95039E+01 kcal/mol
 Restraining Energy for Torsions.  0.00000E+00 kcal/mol
 1,4 Lennard Jones Energy........  4.37325E+02 kcal/mol
 1,4 Electrostatic Energy........ -3.87253E+02 kcal/mol
 Lennard Jones Energy............ -5.47015E+02 kcal/mol
 Electrostatic Energy............ -7.77914E+03 kcal/mol
 H-bond Energy...................  0.00000E+00 kcal/mol
 
 Exiting IMPACT execution environment 
 Date: Friday, June 01 2018, at 14:47:14 EDT
%IMPACT-I (timit): Total CPU time =      19.75 seconds (   0.3 minutes)
Total elapsed time = 21 seconds
  ** Completed refinement level 0      rmsd =  0.027

** Refinement finished. Final level: 0

** The refined complex file is 2YFX-impref_ref.mae.
