  Running PropKa to get pKas

Clusters to optimize:
    Cluster 1:
        A:ASN 1093 
        A:SER 1104 : HG 
    Cluster 2:
        A:ASN 1095 
    Cluster 3:
        A:ASN 1115 
        A:LYS 1114 
    Cluster 4:
        A:GLN 1134 
    Cluster 5:
        A:ASN 1140 
        A:ASP 1141 
    Cluster 6:
        A:GLN 1146 
    Cluster 7:
        A:GLN 1159 
        A:ASP 1163 
    Cluster 8:
        A:ASN 1175 
    Cluster 9:
        A:GLN 1177 
    Cluster 10:
        A:ASN 1178 
        A:CYS 1235 : HG 
        A:HID 1176 
    Cluster 11:
        A:GLN 1188 
    Cluster 12:
        A:GLN 1217 
    Cluster 13:
        A:GLN 1238 
    Cluster 14:
        A:ASN 1243 
    Cluster 15:
        A:ASN 1254 
        A:ASP 1270 
        A:ASP 1249 
    Cluster 16:
        A:ASN 1335 
    Cluster 17:
        A:GLN 1336 
        A:GLU 1340 
    Cluster 18:
        A:ASN 1353 
    Cluster 19:
        A:GLN 1364 
    Cluster 20:
        A:GLN 1367 
    Cluster 21:
        A:GLN 1369 
        A:GLU 1371 
        A:HID 1368 
    Cluster 22:
        A:ASN 1375 
    Cluster 23:
        A:GLN 1388 
    Cluster 24:
        A:ASN 1394 
    Cluster 25:
        A:LYS 1101 
    Cluster 26:
        A:LYS 1109 
    Cluster 27:
        A:LYS 1150 
    Cluster 28:
        A:LYS 1173 
    Cluster 29:
        A:LYS 1205 
    Cluster 30:
        A:LYS 1267 
        A:GLU 1197 
    Cluster 31:
        A:LYS 1285 
        A:ASP 1160 
        A:SER 1157 : HG 
    Cluster 32:
        A:LYS 1294 
    Cluster 33:
        A:LYS 1309 
    Cluster 34:
        A:LYS 1333 
    Cluster 35:
        A:LYS 1352 
    Cluster 36:
        A:HIS 1124 
        A:GLU 1129 
        A:TYR 1131 : HH 
    Cluster 37:
        A:HID 1228 
    Cluster 38:
        A:HID 1244 
    Cluster 39:
        A:HID 1247 
    Cluster 40:
        A:TYR 1096 : HH 
    Cluster 41:
        A:CYS 1097 : HG 
        A:THR 1102 : HG1
    Cluster 42:
        A:SER 1103 : HG 
    Cluster 43:
        A:SER 1106 : HG 
    Cluster 44:
        A:THR 1117 : HG1
    Cluster 45:
        A:SER 1136 : HG 
    Cluster 46:
        A:SER 1143 : HG 
    Cluster 47:
        A:THR 1151 : HG1
    Cluster 48:
        A:CYS 1156 : HG 
        A:GLU 1161 
    Cluster 49:
        A:SER 1172 : HG 
        A:CYS 1182 : HG 
    Cluster 50:
        A:SER 1186 : HG 
    Cluster 51:
        A:SER 1189 : HG 
    Cluster 52:
        A:SER 1206 : HG 
        A:ASP 1203 
    Cluster 53:
        A:THR 1211 : HG1
    Cluster 54:
        A:SER 1216 : HG 
    Cluster 55:
        A:SER 1219 : HG 
    Cluster 56:
        A:SER 1220 : HG 
    Cluster 57:
        A:CYS 1237 : HG 
    Cluster 58:
        A:TYR 1239 : HH 
    Cluster 59:
        A:CYS 1255 : HG 
    Cluster 60:
        A:THR 1258 : HG1
        A:CYS 1259 : HG 
    Cluster 61:
        A:TYR 1278 : HH 
    Cluster 62:
        A:SER 1281 : HG 
    Cluster 63:
        A:TYR 1282 : HH 
    Cluster 64:
        A:TYR 1283 : HH 
    Cluster 65:
        A:CYS 1288 : HG 
    Cluster 66:
        A:THR 1307 : HG1
    Cluster 67:
        A:SER 1308 : HG 
    Cluster 68:
        A:THR 1310 : HG1
    Cluster 69:
        A:THR 1312 : HG1
    Cluster 70:
        A:SER 1314 : HG 
    Cluster 71:
        A:SER 1324 : HG 
    Cluster 72:
        A:TYR 1327 : HH 
    Cluster 73:
        A:TYR 1330 : HH 
    Cluster 74:
        A:SER 1332 : HG 
    Cluster 75:
        A:SER 1334 : HG 
        A:GLU 1337 
    Cluster 76:
        A:THR 1343 : HG1
    Cluster 77:
        A:SER 1344 : HG 
    Cluster 78:
        A:CYS 1354 : HG 
    Cluster 79:
        A:TYR 1359 : HH 
    Cluster 80:
        A:THR 1363 : HG1
    Cluster 81:
        A:CYS 1365 : HG 
    Cluster 82:
        A:TYR 1385 : HH 
    Cluster 83:
        A:CYS 1386 : HG 
    Cluster 84:
        A:THR 1387 : HG1
        A:GLU 1384 
    Cluster 85:
        A:THR 1395 : HG1
    Cluster 86:
        A:ASP 1107 
    Cluster 87:
        A:GLU 1110 
    Cluster 88:
        A:GLU 1132 
    Cluster 89:
        A:GLU 1154 
    Cluster 90:
        A:GLU 1158 
    Cluster 91:
        A:GLU 1167 
    Cluster 92:
        A:GLU 1210 
    Cluster 93:
        A:ASP 1225 
    Cluster 94:
        A:ASP 1232 
    Cluster 95:
        A:GLU 1241 
    Cluster 96:
        A:GLU 1242 
    Cluster 97:
        A:ASP 1276 
    Cluster 98:
        A:GLU 1299 
    Cluster 99:
        A:GLU 1303 
    Cluster 100:
        A:ASP 1311 
    Cluster 101:
        A:GLU 1321 
    Cluster 102:
        A:ASP 1349 
    Cluster 103:
        A:ASP 1372 
    Cluster 104:
        A:GLU 1381 
    Cluster 105:
        A:ASP 1389 
    Cluster 106:
        A:ASP 1391 
    Cluster 107:
        A:GLU 1400 

Working on cluster #1...
    A:ASN 1093  : 2 states
    A:SER 1104 : HG  : 11 states

  Scoring exhaustively (22 potential combinations)...

  Cluster results:
    A:ASN 1093  : Flip
    A:SER 1104 : HG  : Orientation 1/11

Working on cluster #2...
    A:ASN 1095  : 2 states

  Scoring exhaustively (2 potential combinations)...

  Cluster results:
    A:ASN 1095  : No Flip

Working on cluster #3...
    A:ASN 1115  : 2 states
    A:LYS 1114  : 16 states

  Scoring exhaustively (32 potential combinations)...
    No valid conformations found. Trying again with less strict requirements.

  Cluster results:
    A:ASN 1115  : Flip
    A:LYS 1114  : Orientation 2/3 (pKa = 10.07)

Working on cluster #4...
    A:GLN 1134  : 2 states

  Scoring exhaustively (2 potential combinations)...

  Cluster results:
    A:GLN 1134  : No Flip

Working on cluster #5...
    A:ASN 1140  : 2 states
    A:ASP 1141  : 3 states

  Scoring exhaustively (6 potential combinations)...

  Cluster results:
    A:ASN 1140  : No Flip
    A:ASP 1141  : Charged (pKa = 3.72)

Working on cluster #6...
    A:GLN 1146  : 2 states

  Scoring exhaustively (2 potential combinations)...

  Cluster results:
    A:GLN 1146  : No Flip

Working on cluster #7...
    A:GLN 1159  : 2 states
    A:ASP 1163  : 3 states

  Scoring exhaustively (6 potential combinations)...

  Cluster results:
    A:GLN 1159  : Flip
    A:ASP 1163  : Charged (pKa = 5.28)

Working on cluster #8...
    A:ASN 1175  : 2 states

  Scoring exhaustively (2 potential combinations)...

  Cluster results:
    A:ASN 1175  : No Flip

Working on cluster #9...
    A:GLN 1177  : 2 states

  Scoring exhaustively (2 potential combinations)...

  Cluster results:
    A:GLN 1177  : No Flip

Working on cluster #10...
    A:ASN 1178  : 2 states
    A:CYS 1235 : HG  : 10 states
    A:HID 1176  : 6 states

  Scoring exhaustively (120 potential combinations)...

  Cluster results:
    A:ASN 1178  : No Flip
    A:CYS 1235 : HG  : Stagger 2 8/9 (pKa = 10.29)
    A:HID 1176  : HIE (pKa = 5.13)

Working on cluster #11...
    A:GLN 1188  : 2 states

  Scoring exhaustively (2 potential combinations)...

  Cluster results:
    A:GLN 1188  : Flip

Working on cluster #12...
    A:GLN 1217  : 2 states

  Scoring exhaustively (2 potential combinations)...

  Cluster results:
    A:GLN 1217  : Flip

Working on cluster #13...
    A:GLN 1238  : 2 states

  Scoring exhaustively (2 potential combinations)...

  Cluster results:
    A:GLN 1238  : Flip

Working on cluster #14...
    A:ASN 1243  : 2 states

  Scoring exhaustively (2 potential combinations)...
    No valid conformations found. Trying again with less strict requirements.
    No valid conformations found. Trying again with less strict requirements.

  Cluster results:
    A:ASN 1243  : Flip

Working on cluster #15...
    A:ASN 1254  : 2 states
    A:ASP 1270  : 3 states
    A:ASP 1249  : 3 states

  Scoring exhaustively (18 potential combinations)...

  Cluster results:
    A:ASN 1254  : No Flip
    A:ASP 1270  : Charged (pKa = 3.49)
    A:ASP 1249  : Charged (pKa = 6.1)

Working on cluster #16...
    A:ASN 1335  : 2 states

  Scoring exhaustively (2 potential combinations)...
    No valid conformations found. Trying again with less strict requirements.

  Cluster results:
    A:ASN 1335  : Flip

Working on cluster #17...
    A:GLN 1336  : 2 states
    A:GLU 1340  : 3 states

  Scoring exhaustively (6 potential combinations)...

  Cluster results:
    A:GLN 1336  : No Flip
    A:GLU 1340  : Charged (pKa = 4.09)

Working on cluster #18...
    A:ASN 1353  : 2 states

  Scoring exhaustively (2 potential combinations)...

  Cluster results:
    A:ASN 1353  : No Flip

Working on cluster #19...
    A:GLN 1364  : 2 states

  Scoring exhaustively (2 potential combinations)...
    No valid conformations found. Trying again with less strict requirements.

  Cluster results:
    A:GLN 1364  : Flip

Working on cluster #20...
    A:GLN 1367  : 2 states

  Scoring exhaustively (2 potential combinations)...

  Cluster results:
    A:GLN 1367  : No Flip

Working on cluster #21...
    A:GLN 1369  : 2 states
    A:GLU 1371  : 3 states
    A:HID 1368  : 6 states

  Scoring exhaustively (36 potential combinations)...

  Cluster results:
    A:GLN 1369  : Flip
    A:GLU 1371  : Charged (pKa = 4.27)
    A:HID 1368  : Flip HID (pKa = 6.29)

Working on cluster #22...
    A:ASN 1375  : 2 states

  Scoring exhaustively (2 potential combinations)...
    No valid conformations found. Trying again with less strict requirements.

  Cluster results:
    A:ASN 1375  : No Flip

Working on cluster #23...
    A:GLN 1388  : 2 states

  Scoring exhaustively (2 potential combinations)...

  Cluster results:
    A:GLN 1388  : No Flip

Working on cluster #24...
    A:ASN 1394  : 2 states

  Scoring exhaustively (2 potential combinations)...

  Cluster results:
    A:ASN 1394  : No Flip

Working on cluster #25...
    A:LYS 1101  : 12 states

  Scoring exhaustively (12 potential combinations)...

  Cluster results:
    A:LYS 1101  : Stagger (pKa = 10.46)

Working on cluster #26...
    A:LYS 1109  : 8 states

  Scoring exhaustively (8 potential combinations)...

  Cluster results:
    A:LYS 1109  : Orientation 1/1 (pKa = 10.1)

Working on cluster #27...
    A:LYS 1150  : 8 states

  Scoring exhaustively (8 potential combinations)...

  Cluster results:
    A:LYS 1150  : Orientation 1/1 (pKa = 10.73)

Working on cluster #28...
    A:LYS 1173  : 8 states

  Scoring exhaustively (8 potential combinations)...

  Cluster results:
    A:LYS 1173  : Orientation 1/1 (pKa = 10.24)

Working on cluster #29...
    A:LYS 1205  : 16 states

  Scoring exhaustively (16 potential combinations)...
    No valid conformations found. Trying again with less strict requirements.
    No valid conformations found. Trying again with less strict requirements.

  Cluster results:
    A:LYS 1205  : Orientation 1/3 (pKa = 9.29)

Working on cluster #30...
    A:LYS 1267  : 28 states
    A:GLU 1197  : 3 states

  Scoring exhaustively (84 potential combinations)...
    No valid conformations found. Trying again with less strict requirements.

  Cluster results:
    A:LYS 1267  : Orientation 5/6 (pKa = 10.26)
    A:GLU 1197  : Charged (pKa = 4.05)

Working on cluster #31...
    A:LYS 1285  : 8 states
    A:ASP 1160  : 3 states
    A:SER 1157 : HG  : 11 states

  Scoring exhaustively (264 potential combinations)...

  Cluster results:
    A:LYS 1285  : Orientation 1/1 (pKa = 11.22)
    A:ASP 1160  : Charged (pKa = 2.38)
    A:SER 1157 : HG  : Orientation 7/11

Working on cluster #32...
    A:LYS 1294  : 12 states

  Scoring exhaustively (12 potential combinations)...
    No valid conformations found. Trying again with less strict requirements.

  Cluster results:
    A:LYS 1294  : Orientation 2/2 (pKa = 9.68)

Working on cluster #33...
    A:LYS 1309  : 24 states

  Scoring exhaustively (24 potential combinations)...
    No valid conformations found. Trying again with less strict requirements.
    No valid conformations found. Trying again with less strict requirements.

  Cluster results:
    A:LYS 1309  : Orientation 1/5 (pKa = 9.65)

Working on cluster #34...
    A:LYS 1333  : 12 states

  Scoring exhaustively (12 potential combinations)...

  Cluster results:
    A:LYS 1333  : Orientation 2/2 (pKa = 10.3)

Working on cluster #35...
    A:LYS 1352  : 12 states

  Scoring exhaustively (12 potential combinations)...

  Cluster results:
    A:LYS 1352  : Orientation 1/2 (pKa = 10.54)

Working on cluster #36...
    A:HIS 1124  : 6 states
    A:GLU 1129  : 3 states
    A:TYR 1131 : HH  : 4 states

  Scoring exhaustively (72 potential combinations)...

  Cluster results:
    A:HIS 1124  : HIE (pKa = 7.14)
    A:GLU 1129  : Charged (pKa = 3.18)
    A:TYR 1131 : HH  : Orientation 1/3 (pKa = 11.78)

Working on cluster #37...
    A:HID 1228  : 6 states

  Scoring exhaustively (6 potential combinations)...
    No valid conformations found. Trying again with less strict requirements.

  Cluster results:
    A:HID 1228  : Flip HIE (pKa = 5.65)

Working on cluster #38...
    A:HID 1244  : 6 states

  Scoring exhaustively (6 potential combinations)...

  Cluster results:
    A:HID 1244  : HID (pKa = 6.32)

Working on cluster #39...
    A:HID 1247  : 6 states

  Scoring exhaustively (6 potential combinations)...

  Cluster results:
    A:HID 1247  : HIE (pKa = 4.42)

Working on cluster #40...
    A:TYR 1096 : HH  : 5 states

  Scoring exhaustively (5 potential combinations)...

  Cluster results:
    A:TYR 1096 : HH  : Default 1 3/4 (pKa = 13.19)

Working on cluster #41...
    A:CYS 1097 : HG  : 9 states
    A:THR 1102 : HG1 : 7 states

  Scoring exhaustively (63 potential combinations)...

  Cluster results:
    A:CYS 1097 : HG  : Orientation 2/8 (pKa = 8.18)
    A:THR 1102 : HG1 : Stagger 3 7/7

Working on cluster #42...
    A:SER 1103 : HG  : 8 states

  Scoring exhaustively (8 potential combinations)...

  Cluster results:
    A:SER 1103 : HG  : Stagger 1 6/8

Working on cluster #43...
    A:SER 1106 : HG  : 5 states

  Scoring exhaustively (5 potential combinations)...

  Cluster results:
    A:SER 1106 : HG  : Stagger 2 4/5

Working on cluster #44...
    A:THR 1117 : HG1 : 5 states

  Scoring exhaustively (5 potential combinations)...

  Cluster results:
    A:THR 1117 : HG1 : Stagger 3 5/5

Working on cluster #45...
    A:SER 1136 : HG  : 7 states

  Scoring exhaustively (7 potential combinations)...

  Cluster results:
    A:SER 1136 : HG  : Stagger 2 6/7

Working on cluster #46...
    A:SER 1143 : HG  : 8 states

  Scoring exhaustively (8 potential combinations)...

  Cluster results:
    A:SER 1143 : HG  : Stagger 1 6/8

Working on cluster #47...
    A:THR 1151 : HG1 : 7 states

  Scoring exhaustively (7 potential combinations)...

  Cluster results:
    A:THR 1151 : HG1 : Default 5/7

Working on cluster #48...
    A:CYS 1156 : HG  : 8 states
    A:GLU 1161  : 3 states

  Scoring exhaustively (24 potential combinations)...

  Cluster results:
    A:CYS 1156 : HG  : Stagger 1 5/7 (pKa = 10.58)
    A:GLU 1161  : Charged (pKa = 3.69)

Working on cluster #49...
    A:SER 1172 : HG  : 8 states
    A:CYS 1182 : HG  : 7 states

  Scoring exhaustively (56 potential combinations)...

  Cluster results:
    A:SER 1172 : HG  : Stagger 1 6/8
    A:CYS 1182 : HG  : Stagger 1 4/6 (pKa = 10.89)

Working on cluster #50...
    A:SER 1186 : HG  : 12 states

  Scoring exhaustively (12 potential combinations)...
    No valid conformations found. Trying again with less strict requirements.

  Cluster results:
    A:SER 1186 : HG  : Orientation 4/12

Working on cluster #51...
    A:SER 1189 : HG  : 12 states

  Scoring exhaustively (12 potential combinations)...

  Cluster results:
    A:SER 1189 : HG  : Stagger 3 12/12

Working on cluster #52...
    A:SER 1206 : HG  : 8 states
    A:ASP 1203  : 3 states

  Scoring exhaustively (24 potential combinations)...

  Cluster results:
    A:SER 1206 : HG  : Orientation 1/8
    A:ASP 1203  : Charged (pKa = 3.73)

Working on cluster #53...
    A:THR 1211 : HG1 : 4 states

  Scoring exhaustively (4 potential combinations)...

  Cluster results:
    A:THR 1211 : HG1 : Stagger 1 2/4

Working on cluster #54...
    A:SER 1216 : HG  : 8 states

  Scoring exhaustively (8 potential combinations)...

  Cluster results:
    A:SER 1216 : HG  : Stagger 2 7/8

Working on cluster #55...
    A:SER 1219 : HG  : 3 states

  Scoring exhaustively (3 potential combinations)...

  Cluster results:
    A:SER 1219 : HG  : Stagger 3 3/3

Working on cluster #56...
    A:SER 1220 : HG  : 8 states

  Scoring exhaustively (8 potential combinations)...

  Cluster results:
    A:SER 1220 : HG  : Orientation 5/8

Working on cluster #57...
    A:CYS 1237 : HG  : 7 states

  Scoring exhaustively (7 potential combinations)...

  Cluster results:
    A:CYS 1237 : HG  : Stagger 1 4/6 (pKa = 14.35)

Working on cluster #58...
    A:TYR 1239 : HH  : 4 states

  Scoring exhaustively (4 potential combinations)...
    No valid conformations found. Trying again with less strict requirements.

  Cluster results:
    A:TYR 1239 : HH  : Default 2 3/3 (pKa = 10.56)

Working on cluster #59...
    A:CYS 1255 : HG  : 6 states

  Scoring exhaustively (6 potential combinations)...

  Cluster results:
    A:CYS 1255 : HG  : Stagger 1 3/5 (pKa = 12.96)

Working on cluster #60...
    A:THR 1258 : HG1 : 7 states
    A:CYS 1259 : HG  : 6 states

  Scoring exhaustively (42 potential combinations)...

  Cluster results:
    A:THR 1258 : HG1 : Orientation 3/7
    A:CYS 1259 : HG  : Orientation 1/5 (pKa = 8.75)

Working on cluster #61...
    A:TYR 1278 : HH  : 3 states

  Scoring exhaustively (3 potential combinations)...

  Cluster results:
    A:TYR 1278 : HH  : Orientation 1/2 (pKa = 10.85)

Working on cluster #62...
    A:SER 1281 : HG  : 9 states

  Scoring exhaustively (9 potential combinations)...

  Cluster results:
    A:SER 1281 : HG  : Orientation 2/9

Working on cluster #63...
    A:TYR 1282 : HH  : 4 states

  Scoring exhaustively (4 potential combinations)...

  Cluster results:
    A:TYR 1282 : HH  : Orientation 1/3 (pKa = 10.05)

Working on cluster #64...
    A:TYR 1283 : HH  : 4 states

  Scoring exhaustively (4 potential combinations)...

  Cluster results:
    A:TYR 1283 : HH  : Orientation 1/3 (pKa = 10.06)

Working on cluster #65...
    A:CYS 1288 : HG  : 6 states

  Scoring exhaustively (6 potential combinations)...

  Cluster results:
    A:CYS 1288 : HG  : Stagger 3 5/5 (pKa = 9.21)

Working on cluster #66...
    A:THR 1307 : HG1 : 9 states

  Scoring exhaustively (9 potential combinations)...

  Cluster results:
    A:THR 1307 : HG1 : Orientation 7/9

Working on cluster #67...
    A:SER 1308 : HG  : 10 states

  Scoring exhaustively (10 potential combinations)...

  Cluster results:
    A:SER 1308 : HG  : Orientation 3/10

Working on cluster #68...
    A:THR 1310 : HG1 : 7 states

  Scoring exhaustively (7 potential combinations)...

  Cluster results:
    A:THR 1310 : HG1 : Orientation 2/7

Working on cluster #69...
    A:THR 1312 : HG1 : 5 states

  Scoring exhaustively (5 potential combinations)...

  Cluster results:
    A:THR 1312 : HG1 : Stagger 2 4/5

Working on cluster #70...
    A:SER 1314 : HG  : 10 states

  Scoring exhaustively (10 potential combinations)...

  Cluster results:
    A:SER 1314 : HG  : Orientation 1/10

Working on cluster #71...
    A:SER 1324 : HG  : 13 states

  Scoring exhaustively (13 potential combinations)...

  Cluster results:
    A:SER 1324 : HG  : Stagger 3 13/13

Working on cluster #72...
    A:TYR 1327 : HH  : 4 states

  Scoring exhaustively (4 potential combinations)...

  Cluster results:
    A:TYR 1327 : HH  : Default 2 3/3 (pKa = 9.8)

Working on cluster #73...
    A:TYR 1330 : HH  : 5 states

  Scoring exhaustively (5 potential combinations)...

  Cluster results:
    A:TYR 1330 : HH  : Orientation 2/4 (pKa = 12.65)

Working on cluster #74...
    A:SER 1332 : HG  : 7 states

  Scoring exhaustively (7 potential combinations)...

  Cluster results:
    A:SER 1332 : HG  : Orientation 1/7

Working on cluster #75...
    A:SER 1334 : HG  : 9 states
    A:GLU 1337  : 3 states

  Scoring exhaustively (27 potential combinations)...

  Cluster results:
    A:SER 1334 : HG  : Orientation 6/9
    A:GLU 1337  : Charged (pKa = 3.71)

Working on cluster #76...
    A:THR 1343 : HG1 : 7 states

  Scoring exhaustively (7 potential combinations)...

  Cluster results:
    A:THR 1343 : HG1 : Orientation 1/7

Working on cluster #77...
    A:SER 1344 : HG  : 9 states

  Scoring exhaustively (9 potential combinations)...

  Cluster results:
    A:SER 1344 : HG  : Orientation 1/9

Working on cluster #78...
    A:CYS 1354 : HG  : 5 states

  Scoring exhaustively (5 potential combinations)...

  Cluster results:
    A:CYS 1354 : HG  : Orientation 1/4 (pKa = 12.03)

Working on cluster #79...
    A:TYR 1359 : HH  : 4 states

  Scoring exhaustively (4 potential combinations)...

  Cluster results:
    A:TYR 1359 : HH  : Orientation 1/3 (pKa = 11.21)

Working on cluster #80...
    A:THR 1363 : HG1 : 7 states

  Scoring exhaustively (7 potential combinations)...

  Cluster results:
    A:THR 1363 : HG1 : Orientation 2/7

Working on cluster #81...
    A:CYS 1365 : HG  : 7 states

  Scoring exhaustively (7 potential combinations)...

  Cluster results:
    A:CYS 1365 : HG  : Orientation 1/6 (pKa = 12.47)

Working on cluster #82...
    A:TYR 1385 : HH  : 4 states

  Scoring exhaustively (4 potential combinations)...

  Cluster results:
    A:TYR 1385 : HH  : Orientation 1/3 (pKa = 10.19)

Working on cluster #83...
    A:CYS 1386 : HG  : 8 states

  Scoring exhaustively (8 potential combinations)...

  Cluster results:
    A:CYS 1386 : HG  : Stagger 2 6/7 (pKa = 11.19)

Working on cluster #84...
    A:THR 1387 : HG1 : 7 states
    A:GLU 1384  : 3 states

  Scoring exhaustively (21 potential combinations)...

  Cluster results:
    A:THR 1387 : HG1 : Stagger 3 7/7
    A:GLU 1384  : Charged (pKa = 4.55)

Working on cluster #85...
    A:THR 1395 : HG1 : 5 states

  Scoring exhaustively (5 potential combinations)...

  Cluster results:
    A:THR 1395 : HG1 : Stagger 1 3/5

Working on cluster #86...
    A:ASP 1107  : 3 states

  Scoring exhaustively (3 potential combinations)...

  Cluster results:
    A:ASP 1107  : Charged (pKa = 3.18)

Working on cluster #87...
    A:GLU 1110  : 3 states

  Scoring exhaustively (3 potential combinations)...

  Cluster results:
    A:GLU 1110  : Charged (pKa = 4.5)

Working on cluster #88...
    A:GLU 1132  : 3 states

  Scoring exhaustively (3 potential combinations)...

  Cluster results:
    A:GLU 1132  : Charged (pKa = 3.94)

Working on cluster #89...
    A:GLU 1154  : 3 states

  Scoring exhaustively (3 potential combinations)...

  Cluster results:
    A:GLU 1154  : Charged (pKa = 4.75)

Working on cluster #90...
    A:GLU 1158  : 3 states

  Scoring exhaustively (3 potential combinations)...

  Cluster results:
    A:GLU 1158  : Charged (pKa = 4.8)

Working on cluster #91...
    A:GLU 1167  : 3 states

  Scoring exhaustively (3 potential combinations)...

  Cluster results:
    A:GLU 1167  : Charged (pKa = 5.99)

Working on cluster #92...
    A:GLU 1210  : 3 states

  Scoring exhaustively (3 potential combinations)...

  Cluster results:
    A:GLU 1210  : Charged (pKa = 4.78)

Working on cluster #93...
    A:ASP 1225  : 3 states

  Scoring exhaustively (3 potential combinations)...

  Cluster results:
    A:ASP 1225  : Charged (pKa = 3.05)

Working on cluster #94...
    A:ASP 1232  : 3 states

  Scoring exhaustively (3 potential combinations)...

  Cluster results:
    A:ASP 1232  : Charged (pKa = 4.88)

Working on cluster #95...
    A:GLU 1241  : 3 states

  Scoring exhaustively (3 potential combinations)...

  Cluster results:
    A:GLU 1241  : Charged (pKa = 5.0)

Working on cluster #96...
    A:GLU 1242  : 3 states

  Scoring exhaustively (3 potential combinations)...

  Cluster results:
    A:GLU 1242  : Charged (pKa = 4.72)

Working on cluster #97...
    A:ASP 1276  : 3 states

  Scoring exhaustively (3 potential combinations)...

  Cluster results:
    A:ASP 1276  : Charged (pKa = 3.21)

Working on cluster #98...
    A:GLU 1299  : 3 states

  Scoring exhaustively (3 potential combinations)...

  Cluster results:
    A:GLU 1299  : Charged (pKa = 4.7)

Working on cluster #99...
    A:GLU 1303  : 3 states

  Scoring exhaustively (3 potential combinations)...

  Cluster results:
    A:GLU 1303  : Charged (pKa = 4.63)

Working on cluster #100...
    A:ASP 1311  : 3 states

  Scoring exhaustively (3 potential combinations)...

  Cluster results:
    A:ASP 1311  : Charged (pKa = 6.36)

Working on cluster #101...
    A:GLU 1321  : 3 states

  Scoring exhaustively (3 potential combinations)...

  Cluster results:
    A:GLU 1321  : Charged (pKa = 6.58)

Working on cluster #102...
    A:ASP 1349  : 3 states

  Scoring exhaustively (3 potential combinations)...

  Cluster results:
    A:ASP 1349  : Charged (pKa = 3.95)

Working on cluster #103...
    A:ASP 1372  : 3 states

  Scoring exhaustively (3 potential combinations)...

  Cluster results:
    A:ASP 1372  : Charged (pKa = 4.03)

Working on cluster #104...
    A:GLU 1381  : 3 states

  Scoring exhaustively (3 potential combinations)...

  Cluster results:
    A:GLU 1381  : Charged (pKa = 4.65)

Working on cluster #105...
    A:ASP 1389  : 3 states

  Scoring exhaustively (3 potential combinations)...

  Cluster results:
    A:ASP 1389  : Charged (pKa = 3.66)

Working on cluster #106...
    A:ASP 1391  : 3 states

  Scoring exhaustively (3 potential combinations)...

  Cluster results:
    A:ASP 1391  : Charged (pKa = 4.2)

Working on cluster #107...
    A:GLU 1400  : 3 states

  Scoring exhaustively (3 potential combinations)...

  Cluster results:
    A:GLU 1400  : Charged (pKa = 3.32)


Recalculating pKas to identify changes in protonation penalties...
  Running PropKa to get pKas
    No changes in protonation penalties found.

Minimizing hydrogens...

Total score for structure: -165.397912973

Final pKas:
  A:LYS 1101  : 10.46
  A:LYS 1109  : 10.10
  A:LYS 1114  : 10.07
  A:LYS 1150  : 10.73
  A:LYS 1173  : 10.24
  A:LYS 1205  : 9.29
  A:LYS 1267  : 10.26
  A:LYS 1285  : 11.22
  A:LYS 1294  : 9.68
  A:LYS 1309  : 9.65
  A:LYS 1333  : 10.30
  A:LYS 1352  : 10.54
  A:HIS 1124  : 7.14
  A:HID 1176  : 5.13
  A:HID 1228  : 5.65
  A:HID 1244  : 6.32
  A:HID 1247  : 4.42
  A:HID 1368  : 6.02
  A:TYR 1096 : HH  : 13.19
  A:CYS 1097 : HG  : 8.18
  A:TYR 1131 : HH  : 11.78
  A:CYS 1156 : HG  : 10.58
  A:CYS 1182 : HG  : 10.89
  A:CYS 1235 : HG  : 10.29
  A:CYS 1237 : HG  : 14.35
  A:TYR 1239 : HH  : 10.56
  A:CYS 1255 : HG  : 12.96
  A:CYS 1259 : HG  : 8.75
  A:TYR 1278 : HH  : 10.85
  A:TYR 1282 : HH  : 10.05
  A:TYR 1283 : HH  : 10.06
  A:CYS 1288 : HG  : 9.21
  A:TYR 1327 : HH  : 9.80
  A:TYR 1330 : HH  : 12.65
  A:CYS 1354 : HG  : 12.03
  A:TYR 1359 : HH  : 11.21
  A:CYS 1365 : HG  : 12.47
  A:TYR 1385 : HH  : 10.19
  A:CYS 1386 : HG  : 11.19
  A:ASP 1107  : 3.18
  A:GLU 1110  : 4.50
  A:GLU 1129  : 3.18
  A:GLU 1132  : 3.94
  A:ASP 1141  : 3.72
  A:GLU 1154  : 4.75
  A:GLU 1158  : 4.80
  A:ASP 1160  : 2.38
  A:GLU 1161  : 3.69
  A:ASP 1163  : 4.60
  A:GLU 1167  : 5.99
  A:GLU 1197  : 4.05
  A:ASP 1203  : 3.73
  A:GLU 1210  : 4.78
  A:ASP 1225  : 3.05
  A:ASP 1232  : 4.88
  A:GLU 1241  : 5.00
  A:GLU 1242  : 4.72
  A:ASP 1249  : 6.10
  A:ASP 1270  : 3.49
  A:ASP 1276  : 3.21
  A:GLU 1299  : 4.70
  A:GLU 1303  : 4.63
  A:ASP 1311  : 6.36
  A:GLU 1321  : 6.58
  A:GLU 1337  : 3.71
  A:GLU 1340  : 4.09
  A:ASP 1349  : 3.95
  A:GLU 1371  : 4.30
  A:ASP 1372  : 4.03
  A:GLU 1381  : 4.65
  A:GLU 1384  : 4.54
  A:ASP 1389  : 3.66
  A:ASP 1391  : 4.20
  A:GLU 1400  : 3.32
Structure extracted from file: 2YFX-protassign.mae
Output structure will be written to: 2YFX-protassign-out.mae

Complete. Output file: 2YFX-protassign-out.mae
