
** Heavy-atom coordinates will be fixed: maxlevel set to 0
  **
  ** Beginning refinement level 0
  **

%IMPACT-I (openwt): Request to open FORMATTED file 2W9Z-impref_ref0.out on unit   2
 Entering IMPACT execution environment 
 Date: Friday, September 29 2017, at 16:26:53 EDT
 Impact version 76016
 mmshare version        39016
 Copyright (c) Schrodinger, LLC.
 All Rights Reserved.

 Host: Linux ls05 3.10.0-514.21.2.el7.x86_64 #1 SMP Tue Jun 20 12:24:47 UTC 2017 x86_64
 Job Name: 2W9Z-impref_ref0
 SCHRODINGER  directory: /data/chodera/schrodinger/schrodinger2017-3-advanced
 IMPACT_EXEC  directory: /data/chodera/schrodinger/schrodinger2017-3-advanced/impact-v7.6/bin/Linux-x86_64
 MMSHARE_EXEC directory: /data/chodera/schrodinger/schrodinger2017-3-advanced/mmshare-v3.9/bin/Linux-x86_64

 Clock-based global random seed:     1506716813
%IMPACT-I(foldmain): calling OPLS3 atomtyping ...
%IMPACT-I(foldmain): finished parameter assignment
 PARM read from file "paramstd.dat"
 Parameter obtained from atomtyping
      Current coord. are written to file: "2W9Z-impref.init_coord.rst"
      Box dimensions not written


 Total number of atoms  =  8592
 
 Neighbor List Cutoff Settings
 ==================================
 Cutoff radius:   10.0000000000000     
 Update frequency: every           10  steps
 Species   1 : Neighbors are calculated on a per residue basis
 Species   1 : Cutoff by inter-atomic distances
 
 Step number:          0         Non-bonded count:  2049935
 E-pot        RMS grad     Max grad    
 -1.57123E+02  6.16994E+02  3.95951E+04
 Step number:         10         Non-bonded count:  2049935
 -1.22836E+04  2.06025E+00  5.00799E+01
 Step number:         20         Non-bonded count:  2049935
 -1.26661E+04  1.12165E+00  4.90646E+01
 Step number:         30         Non-bonded count:  2049935
 -1.27940E+04  7.79365E-01  4.80931E+01
 Step number:         40         Non-bonded count:  2049935
 -1.28457E+04  5.50347E-01  3.21223E+01
 Step number:         50         Non-bonded count:  2049935
 -1.28802E+04  5.23070E-01  4.33654E+01
 Step number:         60         Non-bonded count:  2049935
 -1.28999E+04  2.77772E-01  9.74838E+00
 Step number:         70         Non-bonded count:  2049935
 -1.29096E+04  2.31127E-01  8.23064E+00
 Step number:         80         Non-bonded count:  2049935
 -1.29187E+04  2.17736E-01  8.42415E+00
 Step number:         90         Non-bonded count:  2049935
 -1.29249E+04  2.23620E-01  1.24928E+01
 Step number:        100         Non-bonded count:  2049935
 -1.29320E+04  2.07983E-01  5.84501E+00
 Step number:        100         Non-bonded count:  2049935
 -1.29320E+04  2.07983E-01  5.84501E+00
      Current coord. are written to file: "2W9Z-impref.min0_coord.rst"
      Box dimensions not written
      Current coordinates are read from file: "2W9Z-impref.init_coord.rst"
      Box dimensions not read
          read from "2W9Z-impref.init_coord.rst"
  
 Energy and Force Generation Info: 
 --------------------------------- 
 Number of E&F called:     308
 PARM read from file "paramstd.dat"
 Parameter obtained from atomtyping
      Current coordinates are read from file: "2W9Z-impref.min0_coord.rst"
      Box dimensions not read
          read from "2W9Z-impref.min0_coord.rst"


 Total number of atoms  =  8592
 
 Neighbor List Cutoff Settings
 ==================================
 Cutoff radius:   10.0000000000000     
 Update frequency: every           10  steps
 Species   1 : Neighbors are calculated on a per residue basis
 Species   1 : Cutoff by inter-atomic distances
 
 Step number:          0         Non-bonded count:  2049935
 E-pot        RMS grad     Max grad    
 -1.04915E+04  2.83281E+00  2.72434E+01
 Step number:         10         Non-bonded count:  2049935
 -1.17812E+04  1.79954E+00  7.44195E+01
 Step number:         20         Non-bonded count:  2049935
 -1.20748E+04  1.35800E+00  1.05046E+02
 Step number:         30         Non-bonded count:  2049935
 -1.22087E+04  6.79662E-01  2.48002E+01
 Step number:         40         Non-bonded count:  2049935
 -1.22767E+04  5.66014E-01  1.78125E+01
 Step number:         50         Non-bonded count:  2049935
 -1.23036E+04  3.21680E-01  1.35742E+01
 Step number:         60         Non-bonded count:  2049935
 -1.23141E+04  2.62476E-01  1.62238E+01
 Step number:         70         Non-bonded count:  2049935
 -1.23215E+04  2.60043E-01  1.64661E+01
 Step number:         80         Non-bonded count:  2049935
 -1.23270E+04  2.02733E-01  1.35229E+01
 Step number:         90         Non-bonded count:  2049935
 -1.23300E+04  1.18379E-01  4.72145E+00
 Step number:        100         Non-bonded count:  2049935
 -1.23328E+04  1.39900E-01  6.84062E+00
 Step number:        100         Non-bonded count:  2049935
 -1.23328E+04  1.39900E-01  6.84062E+00
  
 Energy and Force Generation Info: 
 --------------------------------- 
 Number of E&F called:     616


Final Energy Reports:
------------------------------------
 Total Energy of the system...... -1.23328E+04 kcal/mol
 Total Potential Energy.......... -1.23328E+04 kcal/mol
 Total Kinetic Energy............  0.00000E+00 kcal/mol
 Temperature of the system.......        0.000 K
 Bond Stretch Energy.............  5.36066E+01 kcal/mol
 Angle Bending Energy............  8.53387E+02 kcal/mol
 Torsion Angle Energy............  2.58566E+02 kcal/mol
 Restraining Energy for Torsions.  0.00000E+00 kcal/mol
 1,4 Lennard Jones Energy........  8.55559E+02 kcal/mol
 1,4 Electrostatic Energy........ -7.62675E+02 kcal/mol
 Lennard Jones Energy............ -3.46606E+02 kcal/mol
 Electrostatic Energy............ -1.32447E+04 kcal/mol
 H-bond Energy...................  0.00000E+00 kcal/mol
 
 Exiting IMPACT execution environment 
 Date: Friday, September 29 2017, at 16:28:04 EDT
%IMPACT-I (timit): Total CPU time =      70.52 seconds (   1.2 minutes)
Total elapsed time = 73 seconds (1 minutes, 13 seconds)
  ** Completed refinement level 0      rmsd =  0.046

** Refinement finished. Final level: 0

** The refined complex file is 2W9Z-impref_ref.mae.
