
Working on structure 1
Fixing common structure mistakes...
  No mistakes were found
Pre-treating metals...
Done treating metals
Assigning bond orders...
  Using CCD: True
CCD template assignment successfully used for HET "IRE "
CCD template assignment successfully used for HET "MES "
  Assigned the following bonds (format: atom1, atom2, order): set([(2368, 2366, 2), (2350, 2351, 2), (2378, 2381, 2), (2356, 2355, 2), (2354, 2349, 2), (2358, 2359, 2), (2364, 2363, 2), (2360, 2361, 2), (2362, 2369, 2), (2378, 2380, 2)])
Adding hydrogens...
Treating metals...
Creating di-sulfur bonds...
Converting Selenomethionines...
Detecting missing residue atoms...
Filling missing side chains using Prime...
Prime output file: /cbio/jclab/home/albaness/github/PDBfinder/pdbs/Gefitinib-EGFR/fixed/3UG2-fixed/3ug2-missing-side-chains-out.maegz
Filling missing loops using Prime...
Prime output file: /cbio/jclab/home/albaness/github/PDBfinder/pdbs/Gefitinib-EGFR/fixed/3UG2-fixed/3ug2-missing-loops-out.maegz
Capping protein termini...
CapTermini:     Added NMA Cap: A:1018A
CapTermini:     Added ACE Cap: A:696
  The following terminal residues have been capped: A:1018, A:697
Finding het groups...
Coloring atoms by element (green carbons in hets)...
Finding het groups (for Epik)...
Processing 2 het groups...
  Using Epik with pH: 7.4
        and pH Range: 0.0
  Max states per het: 32
Running Epik on 2 het groups...
  Waiting for epik...
  Het A:IRE (1): keeping all 1 state(s):
    State penalty: 0.19 kcal/mol; H-Bond count: 0.
  Het A:MES (1023): keeping all 1 state(s):
    State penalty: 0.10 kcal/mol; H-Bond count: 2.
Running ProtAssign...
  Uses -minimize option in ProtAssign
  Using PROPKA with pH: 7.4
  RUNNING: /cbio/jclab/share/schrodinger/schrodinger2016-3/utilities/protassign 3UG2-protassign.mae 3UG2-protassign-out.mae -NOJOBID -nowater -minimize -propka_pH 7.4
Optimize H-bond job completed.
Running restrained minimization...
  RMSD: 0.3
  Force field: 2005
  hydrogens only
done with preparation
Writing to file...

Working on structure 2
Fixing common structure mistakes...
  No mistakes were found
Pre-treating metals...
Done treating metals
Assigning bond orders...
  Using CCD: True
CCD template assignment successfully used for HET "IRE "
CCD template assignment successfully used for HET "MES "
  Assigned the following bonds (format: atom1, atom2, order): set([(2368, 2366, 2), (2350, 2351, 2), (2378, 2381, 2), (2356, 2355, 2), (2354, 2349, 2), (2358, 2359, 2), (2364, 2363, 2), (2360, 2361, 2), (2362, 2369, 2), (2378, 2380, 2)])
Adding hydrogens...
Treating metals...
Creating di-sulfur bonds...
Converting Selenomethionines...
Detecting missing residue atoms...
Filling missing side chains using Prime...
Prime output file: /cbio/jclab/home/albaness/github/PDBfinder/pdbs/Gefitinib-EGFR/fixed/3UG2-fixed/3ug2-missing-side-chains-out.maegz
Filling missing loops using Prime...
Prime output file: /cbio/jclab/home/albaness/github/PDBfinder/pdbs/Gefitinib-EGFR/fixed/3UG2-fixed/3ug2-missing-loops-out.maegz
Capping protein termini...
CapTermini:     Added NMA Cap: A:1018A
CapTermini:     Added ACE Cap: A:696
  The following terminal residues have been capped: A:1018, A:697
Finding het groups...
Coloring atoms by element (green carbons in hets)...
Finding het groups (for Epik)...
Processing 2 het groups...
  Using Epik with pH: 7.4
        and pH Range: 0.0
  Max states per het: 32
Running Epik on 2 het groups...
  Waiting for epik...
  Het A:IRE (1): keeping all 1 state(s):
    State penalty: 0.19 kcal/mol; H-Bond count: 0.
  Het A:MES (1023): keeping all 1 state(s):
    State penalty: 0.10 kcal/mol; H-Bond count: 2.
Running ProtAssign...
  Uses -minimize option in ProtAssign
  Using PROPKA with pH: 7.4
  RUNNING: /cbio/jclab/share/schrodinger/schrodinger2016-3/utilities/protassign 3UG2-protassign.mae 3UG2-protassign-out.mae -NOJOBID -nowater -minimize -propka_pH 7.4
Optimize H-bond job completed.
Running restrained minimization...
  RMSD: 0.3
  Force field: 2005
  hydrogens only
done with preparation
Writing to file...
