
Working on structure 1
Fixing common structure mistakes...
  No mistakes were found
Pre-treating metals...
Done treating metals
Assigning bond orders...
  Using CCD: True
CCD template assignment successfully used for HET "AQ4 "
  Assigned the following bonds (format: atom1, atom2, order): set([(2525, 2526, 2), (2513, 2519, 2), (2500, 2501, 2), (2520, 2505, 2), (2523, 2504, 2), (2502, 2524, 2), (2506, 2507, 2), (2521, 2522, 2), (2499, 2498, 3)])
Removing and re-adding hydrogens...
Treating metals...
Creating di-sulfur bonds...
Converting Selenomethionines...
Filling missing loops using Prime...
Attempting to build missing loops with Knowledge-Based Methods
    A:  964 -- A:  977   LPSPTDSNFYRA
Generating models for each loop... 
Total number of loops: 1
Working on loop 0 - A:964,A:977,LPSPTDSNFYRA
Number of returned models for loop 0 : 2
Combining models from all loops... 
Combination index: [0]
Side chain optimizing...
Minimizing...
Accept model # 0
Detecting missing residue atoms...
Finding het groups...
Coloring atoms by element (green carbons in hets)...
Finding het groups (for Epik)...
Processing 1 het groups...
  Using Epik with pH: 7.4
        and pH Range: 0.0
  Max states per het: 32
Running Epik on 1 het groups...
  Waiting for epik...
  Het A:AQ4 (999): keeping all 1 state(s):
    State penalty: -0.00 kcal/mol; H-Bond count: 1.
Running ProtAssign...
  Uses -minimize option in ProtAssign
  Using PROPKA with pH: 7.4
  RUNNING: /data/chodera/schrodinger/schrodinger2017-3-advanced/utilities/protassign 1M17-protassign.mae 1M17-protassign-out.mae -NOJOBID -nowater -minimize -propka_pH 7.4
Optimize H-bond job completed.
Deleting non-bridging waters...
  Deleted waters: A:1, A:2, A:3, A:4, A:5, A:6, A:7, A:8, A:9, A:10, A:11, A:12, A:13, A:14, A:15, A:16, A:17, A:18, A:19, A:20
Running restrained minimization...
  RMSD: 0.3
  Force field: 3
  hydrogens only
done with preparation
Writing to file...
DONE. Output file: ../1M17-fixed.pdb
