  Running PropKa to get pKas

Clusters to optimize:
    Cluster 1:
        A:ASN 676 
        A:SER 744 : HG 
        A:TYR 740 : HH 
    Cluster 2:
        A:GLN 677 
    Cluster 3:
        A:ASN 732 
    Cluster 4:
        A:ASN 747 
        A:HID 826 
        A:HID 749 
        A:GLN 796 
    Cluster 5:
        A:GLN 763 
        A:GLU 722 
        A:THR 759 : HG1
        A:CYS 757 : HG 
        A:TYR 703 : HH 
        A:THR 701 : HG1
        A:LYS 690 
    Cluster 6:
        A:GLN 767 
        A:LYS 828 
    Cluster 7:
        A:ASN 784 
    Cluster 8:
        A:GLN 788 
        A:ASN 792 
    Cluster 9:
        A:ASN 802 
        A:ASP 806 
    Cluster 10:
        A:ASN 818 
        A:ASP 831 
        A:ASP 813 
        A:GLU 738 
        A:LYS 721 
    Cluster 11:
        A:GLN 825 
        A:THR 823 : HG1
        A:TYR 789 : HH 
    Cluster 12:
        A:GLN 870 
    Cluster 13:
        A:GLN 911 
    Cluster 14:
        A:GLN 952 
        A:ASP 960 
        A:SER 787 : HG 
    Cluster 15:
        A:GLN 958 
    Cluster 16:
        A:ASN 972 
        A:ASP 970 
    Cluster 17:
        A:LYS 684 
    Cluster 18:
        A:LYS 689 
    Cluster 19:
        A:LYS 692 
    Cluster 20:
        A:LYS 704 
    Cluster 21:
        A:LYS 713 
    Cluster 22:
        A:LYS 715 
    Cluster 23:
        A:LYS 730 
    Cluster 24:
        A:LYS 733 
    Cluster 25:
        A:LYS 782 
    Cluster 26:
        A:LYS 799 
    Cluster 27:
        A:LYS 822 
    Cluster 28:
        A:LYS 836 
    Cluster 29:
        A:LYS 843 
    Cluster 30:
        A:LYS 851 
        A:GLU 734 
    Cluster 31:
        A:LYS 855 
    Cluster 32:
        A:LYS 889 
        A:ASP 892 
    Cluster 33:
        A:LYS 905 
    Cluster 34:
        A:LYS 925 
    Cluster 35:
        A:LYS 936 
    Cluster 36:
        A:LYS 946 
        A:GLU 943 
    Cluster 37:
        A:HID 781 
        A:GLU 780 
    Cluster 38:
        A:HID 811 
    Cluster 39:
        A:HID 846 
        A:GLU 844 
    Cluster 40:
        A:HID 864 
    Cluster 41:
        A:HID 869 
        A:GLU 805 
    Cluster 42:
        A:HID 964 
    Cluster 43:
        A:THR 686 : HG1
    Cluster 44:
        A:SER 696 : HG 
    Cluster 45:
        A:THR 727 : HG1
    Cluster 46:
        A:SER 728 : HG 
    Cluster 47:
        A:CYS 751 : HG 
        A:THR 830 : HG1
    Cluster 48:
        A:SER 760 : HG 
    Cluster 49:
        A:THR 761 : HG1
    Cluster 50:
        A:THR 766 : HG1
    Cluster 51:
        A:CYS 773 : HG 
        A:ASP 776 
    Cluster 52:
        A:TYR 777 : HH 
    Cluster 53:
        A:CYS 794 : HG 
    Cluster 54:
        A:TYR 803 : HH 
    Cluster 55:
        A:TYR 845 : HH 
        A:GLU 848 
    Cluster 56:
        A:SER 861 : HG 
        A:SER 871 : HG 
    Cluster 57:
        A:TYR 867 : HH 
    Cluster 58:
        A:THR 868 : HG1
    Cluster 59:
        A:SER 875 : HG 
    Cluster 60:
        A:TYR 876 : HH 
    Cluster 61:
        A:THR 879 : HG1
    Cluster 62:
        A:THR 885 : HG1
        A:SER 888 : HG 
    Cluster 63:
        A:TYR 891 : HH 
    Cluster 64:
        A:SER 897 : HG 
    Cluster 65:
        A:SER 900 : HG 
        A:GLU 904 
        A:SER 901 : HG 
    Cluster 66:
        A:CYS 915 : HG 
    Cluster 67:
        A:THR 916 : HG1
        A:ASP 918 
    Cluster 68:
        A:TYR 920 : HH 
    Cluster 69:
        A:CYS 926 : HG 
    Cluster 70:
        A:SER 933 : HG 
        A:ASP 930 
    Cluster 71:
        A:SER 945 : HG 
    Cluster 72:
        A:TYR 954 : HH 
    Cluster 73:
        A:SER 967 : HG 
    Cluster 74:
        A:THR 969 : HG1
        A:GLU 961 
    Cluster 75:
        A:SER 971 : HG 
    Cluster 76:
        A:TYR 974 : HH 
    Cluster 77:
        A:TYR 992 : HH 
    Cluster 78:
        A:GLU 673 
    Cluster 79:
        A:GLU 685 
    Cluster 80:
        A:GLU 687 
    Cluster 81:
        A:GLU 710 
    Cluster 82:
        A:GLU 712 
    Cluster 83:
        A:GLU 725 
    Cluster 84:
        A:ASP 737 
    Cluster 85:
        A:ASP 746 
    Cluster 86:
        A:ASP 783 
    Cluster 87:
        A:GLU 841 
    Cluster 88:
        A:GLU 842 
    Cluster 89:
        A:GLU 860 
    Cluster 90:
        A:ASP 872 
    Cluster 91:
        A:GLU 882 
    Cluster 92:
        A:GLU 898 
    Cluster 93:
        A:GLU 907 
    Cluster 94:
        A:ASP 932 
    Cluster 95:
        A:GLU 939 
    Cluster 96:
        A:ASP 950 
    Cluster 97:
        A:ASP 979 
    Cluster 98:
        A:GLU 980 
    Cluster 99:
        A:GLU 981 
    Cluster 100:
        A:ASP 982 
    Cluster 101:
        A:ASP 984 
    Cluster 102:
        A:ASP 985 
    Cluster 103:
        A:ASP 988 
        A:GLU 991 
        A:ASP 990 

Working on cluster #1...
    A:ASN 676  : 2 states
    A:SER 744 : HG  : 6 states
    A:TYR 740 : HH  : 5 states

  Scoring exhaustively (60 potential combinations)...

  Cluster results:
    A:ASN 676  : No Flip
    A:SER 744 : HG  : Stagger 1 4/6
    A:TYR 740 : HH  : Orientation 1/4 (pKa = 9.49)

Working on cluster #2...
    A:GLN 677  : 2 states

  Scoring exhaustively (2 potential combinations)...

  Cluster results:
    A:GLN 677  : No Flip

Working on cluster #3...
    A:ASN 732  : 2 states

  Scoring exhaustively (2 potential combinations)...

  Cluster results:
    A:ASN 732  : No Flip

Working on cluster #4...
    A:ASN 747  : 2 states
    A:HID 826  : 6 states
    A:HID 749  : 6 states
    A:GLN 796  : 2 states

  Scoring exhaustively (144 potential combinations)...

  Cluster results:
    A:ASN 747  : No Flip
    A:HID 826  : HIE (pKa = 5.79)
    A:HID 749  : HID (pKa = 4.87)
    A:GLN 796  : No Flip

Working on cluster #5...
    A:GLN 763  : 2 states
    A:GLU 722  : 3 states
    A:THR 759 : HG1 : 4 states
    A:CYS 757 : HG  : 6 states
    A:TYR 703 : HH  : 4 states
    A:THR 701 : HG1 : 4 states
    A:LYS 690  : 12 states

  Scoring exhaustively (27648 potential combinations)...

  Cluster results:
    A:GLN 763  : Flip
    A:GLU 722  : Charged (pKa = 4.1)
    A:THR 759 : HG1 : Stagger 1 2/4
    A:CYS 757 : HG  : Orientation 1/5 (pKa = 10.16)
    A:TYR 703 : HH  : Default 1 2/3 (pKa = 9.66)
    A:THR 701 : HG1 : Stagger 1 2/4
    A:LYS 690  : Orientation 2/2 (pKa = 11.01)

Working on cluster #6...
    A:GLN 767  : 2 states
    A:LYS 828  : 12 states

  Scoring exhaustively (24 potential combinations)...
    No valid conformations found. Trying again with less strict requirements.

  Cluster results:
    A:GLN 767  : No Flip
    A:LYS 828  : Orientation 1/2 (pKa = 9.24)

Working on cluster #7...
    A:ASN 784  : 2 states

  Scoring exhaustively (2 potential combinations)...

  Cluster results:
    A:ASN 784  : No Flip

Working on cluster #8...
    A:GLN 788  : 2 states
    A:ASN 792  : 2 states

  Scoring exhaustively (4 potential combinations)...

  Cluster results:
    A:GLN 788  : No Flip
    A:ASN 792  : No Flip

Working on cluster #9...
    A:ASN 802  : 2 states
    A:ASP 806  : 3 states

  Scoring exhaustively (6 potential combinations)...

  Cluster results:
    A:ASN 802  : No Flip
    A:ASP 806  : Charged (pKa = 4.17)

Working on cluster #10...
    A:ASN 818  : 2 states
    A:ASP 831  : 3 states
    A:ASP 813  : 3 states
    A:GLU 738  : 3 states
    A:LYS 721  : 8 states

  Scoring exhaustively (432 potential combinations)...

  Cluster results:
    A:ASN 818  : No Flip
    A:ASP 831  : Charged (pKa = 3.62)
    A:ASP 813  : Charged (pKa = 4.79)
    A:GLU 738  : Charged (pKa = 5.67)
    A:LYS 721  : Stagger (pKa = 11.6)

Working on cluster #11...
    A:GLN 825  : 2 states
    A:THR 823 : HG1 : 8 states
    A:TYR 789 : HH  : 5 states

  Scoring exhaustively (80 potential combinations)...

  Cluster results:
    A:GLN 825  : Flip
    A:THR 823 : HG1 : Orientation 4/8
    A:TYR 789 : HH  : Orientation 1/4 (pKa = 10.1)

Working on cluster #12...
    A:GLN 870  : 2 states

  Scoring exhaustively (2 potential combinations)...

  Cluster results:
    A:GLN 870  : No Flip

Working on cluster #13...
    A:GLN 911  : 2 states

  Scoring exhaustively (2 potential combinations)...

  Cluster results:
    A:GLN 911  : No Flip

Working on cluster #14...
    A:GLN 952  : 2 states
    A:ASP 960  : 3 states
    A:SER 787 : HG  : 10 states

  Scoring exhaustively (60 potential combinations)...

  Cluster results:
    A:GLN 952  : Flip
    A:ASP 960  : Charged (pKa = 3.99)
    A:SER 787 : HG  : Orientation 6/10

Working on cluster #15...
    A:GLN 958  : 2 states

  Scoring exhaustively (2 potential combinations)...

  Cluster results:
    A:GLN 958  : No Flip

Working on cluster #16...
    A:ASN 972  : 2 states
    A:ASP 970  : 3 states

  Scoring exhaustively (6 potential combinations)...

  Cluster results:
    A:ASN 972  : No Flip
    A:ASP 970  : Charged (pKa = 3.17)

Working on cluster #17...
    A:LYS 684  : 8 states

  Scoring exhaustively (8 potential combinations)...

  Cluster results:
    A:LYS 684  : Orientation 1/1 (pKa = 10.66)

Working on cluster #18...
    A:LYS 689  : 8 states

  Scoring exhaustively (8 potential combinations)...

  Cluster results:
    A:LYS 689  : Orientation 1/1 (pKa = 10.13)

Working on cluster #19...
    A:LYS 692  : 8 states

  Scoring exhaustively (8 potential combinations)...

  Cluster results:
    A:LYS 692  : Orientation 1/1 (pKa = 10.36)

Working on cluster #20...
    A:LYS 704  : 8 states

  Scoring exhaustively (8 potential combinations)...

  Cluster results:
    A:LYS 704  : Orientation 1/1 (pKa = 10.05)

Working on cluster #21...
    A:LYS 713  : 16 states

  Scoring exhaustively (16 potential combinations)...

  Cluster results:
    A:LYS 713  : Orientation 1/3 (pKa = 10.39)

Working on cluster #22...
    A:LYS 715  : 12 states

  Scoring exhaustively (12 potential combinations)...

  Cluster results:
    A:LYS 715  : Orientation 1/2 (pKa = 10.34)

Working on cluster #23...
    A:LYS 730  : 16 states

  Scoring exhaustively (16 potential combinations)...

  Cluster results:
    A:LYS 730  : Orientation 1/3 (pKa = 10.49)

Working on cluster #24...
    A:LYS 733  : 16 states

  Scoring exhaustively (16 potential combinations)...

  Cluster results:
    A:LYS 733  : Orientation 1/3 (pKa = 10.67)

Working on cluster #25...
    A:LYS 782  : 8 states

  Scoring exhaustively (8 potential combinations)...

  Cluster results:
    A:LYS 782  : Orientation 1/1 (pKa = 10.15)

Working on cluster #26...
    A:LYS 799  : 8 states

  Scoring exhaustively (8 potential combinations)...

  Cluster results:
    A:LYS 799  : Orientation 1/1 (pKa = 10.13)

Working on cluster #27...
    A:LYS 822  : 12 states

  Scoring exhaustively (12 potential combinations)...

  Cluster results:
    A:LYS 822  : Stagger (pKa = 10.21)

Working on cluster #28...
    A:LYS 836  : 8 states

  Scoring exhaustively (8 potential combinations)...

  Cluster results:
    A:LYS 836  : Orientation 1/1 (pKa = 9.09)

Working on cluster #29...
    A:LYS 843  : 8 states

  Scoring exhaustively (8 potential combinations)...

  Cluster results:
    A:LYS 843  : Orientation 1/1 (pKa = 10.64)

Working on cluster #30...
    A:LYS 851  : 16 states
    A:GLU 734  : 3 states

  Scoring exhaustively (48 potential combinations)...

  Cluster results:
    A:LYS 851  : Orientation 2/3 (pKa = 10.92)
    A:GLU 734  : Charged (pKa = 3.93)

Working on cluster #31...
    A:LYS 855  : 8 states

  Scoring exhaustively (8 potential combinations)...

  Cluster results:
    A:LYS 855  : Orientation 1/1 (pKa = 9.76)

Working on cluster #32...
    A:LYS 889  : 8 states
    A:ASP 892  : 3 states

  Scoring exhaustively (24 potential combinations)...

  Cluster results:
    A:LYS 889  : Orientation 1/1 (pKa = 10.89)
    A:ASP 892  : Charged (pKa = 3.3)

Working on cluster #33...
    A:LYS 905  : 4 states

  Scoring exhaustively (4 potential combinations)...

  Cluster results:
    A:LYS 905  : Stagger (pKa = 10.48)

Working on cluster #34...
    A:LYS 925  : 8 states

  Scoring exhaustively (8 potential combinations)...

  Cluster results:
    A:LYS 925  : Orientation 1/1 (pKa = 10.4)

Working on cluster #35...
    A:LYS 936  : 12 states

  Scoring exhaustively (12 potential combinations)...
    No valid conformations found. Trying again with less strict requirements.

  Cluster results:
    A:LYS 936  : Stagger (pKa = 10.7)

Working on cluster #36...
    A:LYS 946  : 8 states
    A:GLU 943  : 3 states

  Scoring exhaustively (24 potential combinations)...

  Cluster results:
    A:LYS 946  : Stagger (pKa = 10.97)
    A:GLU 943  : Charged (pKa = 4.31)

Working on cluster #37...
    A:HID 781  : 6 states
    A:GLU 780  : 3 states

  Scoring exhaustively (18 potential combinations)...

  Cluster results:
    A:HID 781  : HID (pKa = 6.72)
    A:GLU 780  : Charged (pKa = 4.5)

Working on cluster #38...
    A:HID 811  : 6 states

  Scoring exhaustively (6 potential combinations)...

  Cluster results:
    A:HID 811  : HIE (pKa = 5.4)

Working on cluster #39...
    A:HID 846  : 6 states
    A:GLU 844  : 3 states

  Scoring exhaustively (18 potential combinations)...

  Cluster results:
    A:HID 846  : Flip HIE (pKa = 6.34)
    A:GLU 844  : Charged (pKa = 4.54)

Working on cluster #40...
    A:HID 864  : 6 states

  Scoring exhaustively (6 potential combinations)...

  Cluster results:
    A:HID 864  : HID (pKa = 7.16)

Working on cluster #41...
    A:HID 869  : 6 states
    A:GLU 805  : 3 states

  Scoring exhaustively (18 potential combinations)...

  Cluster results:
    A:HID 869  : Flip HIE (pKa = 4.48)
    A:GLU 805  : Charged (pKa = 6.03)

Working on cluster #42...
    A:HID 964  : 6 states

  Scoring exhaustively (6 potential combinations)...

  Cluster results:
    A:HID 964  : Flip HID (pKa = 5.75)

Working on cluster #43...
    A:THR 686 : HG1 : 5 states

  Scoring exhaustively (5 potential combinations)...

  Cluster results:
    A:THR 686 : HG1 : Orientation 2/5

Working on cluster #44...
    A:SER 696 : HG  : 5 states

  Scoring exhaustively (5 potential combinations)...

  Cluster results:
    A:SER 696 : HG  : Stagger 1 3/5

Working on cluster #45...
    A:THR 727 : HG1 : 4 states

  Scoring exhaustively (4 potential combinations)...

  Cluster results:
    A:THR 727 : HG1 : Stagger 3 4/4

Working on cluster #46...
    A:SER 728 : HG  : 5 states

  Scoring exhaustively (5 potential combinations)...

  Cluster results:
    A:SER 728 : HG  : Stagger 1 3/5

Working on cluster #47...
    A:CYS 751 : HG  : 7 states
    A:THR 830 : HG1 : 6 states

  Scoring exhaustively (42 potential combinations)...

  Cluster results:
    A:CYS 751 : HG  : Stagger 1 4/6 (pKa = 10.74)
    A:THR 830 : HG1 : Stagger 2 5/6

Working on cluster #48...
    A:SER 760 : HG  : 6 states

  Scoring exhaustively (6 potential combinations)...

  Cluster results:
    A:SER 760 : HG  : Stagger 2 5/6

Working on cluster #49...
    A:THR 761 : HG1 : 4 states

  Scoring exhaustively (4 potential combinations)...

  Cluster results:
    A:THR 761 : HG1 : Stagger 1 2/4

Working on cluster #50...
    A:THR 766 : HG1 : 6 states

  Scoring exhaustively (6 potential combinations)...

  Cluster results:
    A:THR 766 : HG1 : Stagger 1 4/6

Working on cluster #51...
    A:CYS 773 : HG  : 6 states
    A:ASP 776  : 3 states

  Scoring exhaustively (18 potential combinations)...

  Cluster results:
    A:CYS 773 : HG  : Orientation 2/5 (pKa = 10.56)
    A:ASP 776  : Charged (pKa = 3.65)

Working on cluster #52...
    A:TYR 777 : HH  : 4 states

  Scoring exhaustively (4 potential combinations)...

  Cluster results:
    A:TYR 777 : HH  : Orientation 1/3 (pKa = 11.24)

Working on cluster #53...
    A:CYS 794 : HG  : 7 states

  Scoring exhaustively (7 potential combinations)...

  Cluster results:
    A:CYS 794 : HG  : Orientation 1/6 (pKa = 12.76)

Working on cluster #54...
    A:TYR 803 : HH  : 3 states

  Scoring exhaustively (3 potential combinations)...

  Cluster results:
    A:TYR 803 : HH  : Orientation 1/2 (pKa = 10.26)

Working on cluster #55...
    A:TYR 845 : HH  : 5 states
    A:GLU 848  : 3 states

  Scoring exhaustively (15 potential combinations)...

  Cluster results:
    A:TYR 845 : HH  : Default 2 4/4 (pKa = 11.94)
    A:GLU 848  : Charged (pKa = 3.18)

Working on cluster #56...
    A:SER 861 : HG  : 10 states
    A:SER 871 : HG  : 7 states

  Scoring exhaustively (70 potential combinations)...
    No valid conformations found. Trying again with less strict requirements.

  Cluster results:
    A:SER 861 : HG  : Orientation 1/10
    A:SER 871 : HG  : Orientation 4/7

Working on cluster #57...
    A:TYR 867 : HH  : 5 states

  Scoring exhaustively (5 potential combinations)...

  Cluster results:
    A:TYR 867 : HH  : Orientation 1/4 (pKa = 10.77)

Working on cluster #58...
    A:THR 868 : HG1 : 11 states

  Scoring exhaustively (11 potential combinations)...

  Cluster results:
    A:THR 868 : HG1 : Orientation 4/11

Working on cluster #59...
    A:SER 875 : HG  : 6 states

  Scoring exhaustively (6 potential combinations)...

  Cluster results:
    A:SER 875 : HG  : Orientation 1/6

Working on cluster #60...
    A:TYR 876 : HH  : 3 states

  Scoring exhaustively (3 potential combinations)...

  Cluster results:
    A:TYR 876 : HH  : Orientation 1/2 (pKa = 16.22)

Working on cluster #61...
    A:THR 879 : HG1 : 4 states

  Scoring exhaustively (4 potential combinations)...

  Cluster results:
    A:THR 879 : HG1 : Orientation 1/4

Working on cluster #62...
    A:THR 885 : HG1 : 5 states
    A:SER 888 : HG  : 6 states

  Scoring exhaustively (30 potential combinations)...

  Cluster results:
    A:THR 885 : HG1 : Stagger 2 4/5
    A:SER 888 : HG  : Orientation 1/6

Working on cluster #63...
    A:TYR 891 : HH  : 4 states

  Scoring exhaustively (4 potential combinations)...

  Cluster results:
    A:TYR 891 : HH  : Orientation 1/3 (pKa = 12.31)

Working on cluster #64...
    A:SER 897 : HG  : 5 states

  Scoring exhaustively (5 potential combinations)...

  Cluster results:
    A:SER 897 : HG  : Stagger 2 4/5

Working on cluster #65...
    A:SER 900 : HG  : 4 states
    A:GLU 904  : 3 states
    A:SER 901 : HG  : 5 states

  Scoring exhaustively (60 potential combinations)...

  Cluster results:
    A:SER 900 : HG  : Stagger 3 4/4
    A:GLU 904  : Charged (pKa = 4.51)
    A:SER 901 : HG  : Stagger 3 5/5

Working on cluster #66...
    A:CYS 915 : HG  : 6 states

  Scoring exhaustively (6 potential combinations)...

  Cluster results:
    A:CYS 915 : HG  : Stagger 1 3/5 (pKa = 11.93)

Working on cluster #67...
    A:THR 916 : HG1 : 5 states
    A:ASP 918  : 3 states

  Scoring exhaustively (15 potential combinations)...

  Cluster results:
    A:THR 916 : HG1 : Orientation 1/5
    A:ASP 918  : Charged (pKa = 3.81)

Working on cluster #68...
    A:TYR 920 : HH  : 4 states

  Scoring exhaustively (4 potential combinations)...

  Cluster results:
    A:TYR 920 : HH  : Orientation 1/3 (pKa = 11.02)

Working on cluster #69...
    A:CYS 926 : HG  : 6 states

  Scoring exhaustively (6 potential combinations)...

  Cluster results:
    A:CYS 926 : HG  : Orientation 1/5 (pKa = 12.42)

Working on cluster #70...
    A:SER 933 : HG  : 8 states
    A:ASP 930  : 3 states

  Scoring exhaustively (24 potential combinations)...

  Cluster results:
    A:SER 933 : HG  : Orientation 1/8
    A:ASP 930  : Charged (pKa = 3.44)

Working on cluster #71...
    A:SER 945 : HG  : 6 states

  Scoring exhaustively (6 potential combinations)...

  Cluster results:
    A:SER 945 : HG  : Stagger 3 6/6

Working on cluster #72...
    A:TYR 954 : HH  : 4 states

  Scoring exhaustively (4 potential combinations)...

  Cluster results:
    A:TYR 954 : HH  : Orientation 1/3 (pKa = 10.34)

Working on cluster #73...
    A:SER 967 : HG  : 5 states

  Scoring exhaustively (5 potential combinations)...

  Cluster results:
    A:SER 967 : HG  : Orientation 1/5

Working on cluster #74...
    A:THR 969 : HG1 : 4 states
    A:GLU 961  : 3 states

  Scoring exhaustively (12 potential combinations)...

  Cluster results:
    A:THR 969 : HG1 : Stagger 1 2/4
    A:GLU 961  : Charged (pKa = 4.54)

Working on cluster #75...
    A:SER 971 : HG  : 8 states

  Scoring exhaustively (8 potential combinations)...

  Cluster results:
    A:SER 971 : HG  : Orientation 1/8

Working on cluster #76...
    A:TYR 974 : HH  : 4 states

  Scoring exhaustively (4 potential combinations)...

  Cluster results:
    A:TYR 974 : HH  : Orientation 1/3 (pKa = 10.01)

Working on cluster #77...
    A:TYR 992 : HH  : 3 states

  Scoring exhaustively (3 potential combinations)...

  Cluster results:
    A:TYR 992 : HH  : Default 1 1/2 (pKa = 10.14)

Working on cluster #78...
    A:GLU 673  : 3 states

  Scoring exhaustively (3 potential combinations)...

  Cluster results:
    A:GLU 673  : Charged (pKa = 4.55)

Working on cluster #79...
    A:GLU 685  : 3 states

  Scoring exhaustively (3 potential combinations)...

  Cluster results:
    A:GLU 685  : Charged (pKa = 4.64)

Working on cluster #80...
    A:GLU 687  : 3 states

  Scoring exhaustively (3 potential combinations)...

  Cluster results:
    A:GLU 687  : Charged (pKa = 3.5)

Working on cluster #81...
    A:GLU 710  : 3 states

  Scoring exhaustively (3 potential combinations)...

  Cluster results:
    A:GLU 710  : Charged (pKa = 4.6)

Working on cluster #82...
    A:GLU 712  : 3 states

  Scoring exhaustively (3 potential combinations)...

  Cluster results:
    A:GLU 712  : Charged (pKa = 4.2)

Working on cluster #83...
    A:GLU 725  : 3 states

  Scoring exhaustively (3 potential combinations)...

  Cluster results:
    A:GLU 725  : Charged (pKa = 4.4)

Working on cluster #84...
    A:ASP 737  : 3 states

  Scoring exhaustively (3 potential combinations)...

  Cluster results:
    A:ASP 737  : Charged (pKa = 4.07)

Working on cluster #85...
    A:ASP 746  : 3 states

  Scoring exhaustively (3 potential combinations)...

  Cluster results:
    A:ASP 746  : Charged (pKa = 3.72)

Working on cluster #86...
    A:ASP 783  : 3 states

  Scoring exhaustively (3 potential combinations)...

  Cluster results:
    A:ASP 783  : Charged (pKa = 3.94)

Working on cluster #87...
    A:GLU 841  : 3 states

  Scoring exhaustively (3 potential combinations)...

  Cluster results:
    A:GLU 841  : Charged (pKa = 4.5)

Working on cluster #88...
    A:GLU 842  : 3 states

  Scoring exhaustively (3 potential combinations)...

  Cluster results:
    A:GLU 842  : Charged (pKa = 4.45)

Working on cluster #89...
    A:GLU 860  : 3 states

  Scoring exhaustively (3 potential combinations)...

  Cluster results:
    A:GLU 860  : Charged (pKa = 4.17)

Working on cluster #90...
    A:ASP 872  : 3 states

  Scoring exhaustively (3 potential combinations)...

  Cluster results:
    A:ASP 872  : Charged (pKa = 7.59)

Working on cluster #91...
    A:GLU 882  : 3 states

  Scoring exhaustively (3 potential combinations)...

  Cluster results:
    A:GLU 882  : Charged (pKa = 7.03)

Working on cluster #92...
    A:GLU 898  : 3 states

  Scoring exhaustively (3 potential combinations)...

  Cluster results:
    A:GLU 898  : Charged (pKa = 4.74)

Working on cluster #93...
    A:GLU 907  : 3 states

  Scoring exhaustively (3 potential combinations)...

  Cluster results:
    A:GLU 907  : Charged (pKa = 4.73)

Working on cluster #94...
    A:ASP 932  : 3 states

  Scoring exhaustively (3 potential combinations)...

  Cluster results:
    A:ASP 932  : Charged (pKa = 4.11)

Working on cluster #95...
    A:GLU 939  : 3 states

  Scoring exhaustively (3 potential combinations)...

  Cluster results:
    A:GLU 939  : Charged (pKa = 3.74)

Working on cluster #96...
    A:ASP 950  : 3 states

  Scoring exhaustively (3 potential combinations)...

  Cluster results:
    A:ASP 950  : Charged (pKa = 3.97)

Working on cluster #97...
    A:ASP 979  : 3 states

  Scoring exhaustively (3 potential combinations)...

  Cluster results:
    A:ASP 979  : Charged (pKa = 3.66)

Working on cluster #98...
    A:GLU 980  : 3 states

  Scoring exhaustively (3 potential combinations)...

  Cluster results:
    A:GLU 980  : Charged (pKa = 4.57)

Working on cluster #99...
    A:GLU 981  : 3 states

  Scoring exhaustively (3 potential combinations)...

  Cluster results:
    A:GLU 981  : Charged (pKa = 4.67)

Working on cluster #100...
    A:ASP 982  : 3 states

  Scoring exhaustively (3 potential combinations)...

  Cluster results:
    A:ASP 982  : Charged (pKa = 3.88)

Working on cluster #101...
    A:ASP 984  : 3 states

  Scoring exhaustively (3 potential combinations)...

  Cluster results:
    A:ASP 984  : Charged (pKa = 3.75)

Working on cluster #102...
    A:ASP 985  : 3 states

  Scoring exhaustively (3 potential combinations)...

  Cluster results:
    A:ASP 985  : Charged (pKa = 3.92)

Working on cluster #103...
    A:ASP 988  : 3 states
    A:GLU 991  : 3 states
    A:ASP 990  : 3 states

  Scoring exhaustively (27 potential combinations)...

  Cluster results:
    A:ASP 988  : Charged (pKa = 2.7)
    A:GLU 991  : Charged (pKa = 5.16)
    A:ASP 990  : Charged (pKa = 4.5)


Recalculating pKas to identify changes in protonation penalties...
  Running PropKa to get pKas
    No changes in protonation penalties found.

Minimizing hydrogens...

Total score for structure: -86.3339352735

Final pKas:
  A:LYS 684  : 10.66
  A:LYS 689  : 10.13
  A:LYS 690  : 11.01
  A:LYS 692  : 10.36
  A:LYS 704  : 10.05
  A:LYS 713  : 10.39
  A:LYS 715  : 10.34
  A:LYS 721  : 11.60
  A:LYS 730  : 10.49
  A:LYS 733  : 10.67
  A:LYS 782  : 10.15
  A:LYS 799  : 10.13
  A:LYS 822  : 10.21
  A:LYS 828  : 9.24
  A:LYS 836  : 9.09
  A:LYS 843  : 10.64
  A:LYS 851  : 10.92
  A:LYS 855  : 9.76
  A:LYS 889  : 10.89
  A:LYS 905  : 10.48
  A:LYS 925  : 10.40
  A:LYS 936  : 10.70
  A:LYS 946  : 10.97
  A:HID 749  : 4.87
  A:HID 781  : 6.72
  A:HID 811  : 5.40
  A:HID 826  : 5.79
  A:HID 846  : 6.34
  A:HID 864  : 7.16
  A:HID 869  : 4.52
  A:HID 964  : 6.01
  A:TYR 703 : HH  : 9.66
  A:TYR 740 : HH  : 9.49
  A:CYS 751 : HG  : 10.74
  A:CYS 757 : HG  : 10.04
  A:CYS 773 : HG  : 10.56
  A:TYR 777 : HH  : 11.24
  A:TYR 789 : HH  : 10.37
  A:CYS 794 : HG  : 12.77
  A:TYR 803 : HH  : 10.26
  A:TYR 845 : HH  : 11.94
  A:TYR 867 : HH  : 10.77
  A:TYR 876 : HH  : 16.22
  A:TYR 891 : HH  : 12.31
  A:CYS 915 : HG  : 11.93
  A:TYR 920 : HH  : 11.02
  A:CYS 926 : HG  : 12.42
  A:TYR 954 : HH  : 10.34
  A:TYR 974 : HH  : 10.01
  A:TYR 992 : HH  : 10.14
  A:GLU 673  : 4.55
  A:GLU 685  : 4.58
  A:GLU 687  : 3.50
  A:GLU 710  : 4.60
  A:GLU 712  : 4.20
  A:GLU 722  : 4.93
  A:GLU 725  : 4.40
  A:GLU 734  : 3.93
  A:ASP 737  : 4.07
  A:GLU 738  : 5.67
  A:ASP 746  : 3.72
  A:ASP 776  : 3.65
  A:GLU 780  : 4.50
  A:ASP 783  : 3.94
  A:GLU 805  : 6.01
  A:ASP 806  : 4.17
  A:ASP 813  : 4.79
  A:ASP 831  : 3.62
  A:GLU 841  : 4.50
  A:GLU 842  : 4.45
  A:GLU 844  : 4.53
  A:GLU 848  : 3.18
  A:GLU 860  : 4.17
  A:ASP 872  : 7.60
  A:GLU 882  : 7.03
  A:ASP 892  : 3.30
  A:GLU 898  : 4.74
  A:GLU 904  : 4.51
  A:GLU 907  : 4.73
  A:ASP 918  : 3.81
  A:ASP 930  : 3.44
  A:ASP 932  : 4.11
  A:GLU 939  : 3.74
  A:GLU 943  : 4.31
  A:ASP 950  : 3.97
  A:ASP 960  : 3.99
  A:GLU 961  : 4.54
  A:ASP 970  : 3.17
  A:ASP 979  : 3.66
  A:GLU 980  : 4.57
  A:GLU 981  : 4.67
  A:ASP 982  : 3.88
  A:ASP 984  : 3.75
  A:ASP 985  : 3.92
  A:ASP 988  : 2.70
  A:ASP 990  : 4.50
  A:GLU 991  : 5.16
Structure extracted from file: 1M17-protassign.mae
Output structure will be written to: 1M17-protassign-out.mae

Complete. Output file: 1M17-protassign-out.mae
