COMMAND:
 /data/chodera/schrodinger/schrodinger2017-3-advanced/epik-v4.1/bin/Linux-x86_64/epik_app -imae 4XE0-epik.mae -omae 4XE0-epik-out.mae -ms 32 -ph 7.4 -pht 0.0 -cg 0.3 0.3 -metal_binding
SCHRODINGER: /data/chodera/schrodinger/schrodinger2017-3-advanced

Running Epik version     4.1016
Epik. Copyright Schrodinger, LLC. All rights reserved.

Input file name:                        4XE0-epik.mae
Output file name:                       4XE0-epik-out.mae
Maximum number of states set to: 32
Structure adjustment calculation requested.
  Target pH set to 7.400
pHt tolerance set to 0.000000e+00
Both connectivity and geometry used in determining redundant structures.
  Structures are distinct if: 
    any position differs by more than 3.000000e-01
    the rms difference in positions is larger than 3.000000e-01
Metal binding mode turned on.

Adjusting structures for pH 7.400000e+00 and minimum probability 1.000000e+00
Solvent model name:                     water
Jobcontrol is not being used for this specific Epik calculation.
---------------------------
Processing Input Structure #1
        Title: 
                                              Calculated pKas
                                                 Conjugate
                                          Atom   Acid/Base  pKa
. . . . . . . . . . . . . . . . . . . . . . .
Variation: 1
                                            48   Conj_Acid  9.63
                                            29   Conj_Base  2.99
                                            28   Conj_Base  4.11
                                            26   Conj_Base -1.09
                                            14   Conj_Base  2.39
                                            46   Conj_Acid 13.08
                                            16   Conj_Base -2.55
 pKa penalty:                                 0.00 kcal/mol
     Charging penalty:                        0.00 kcal/mol
     Neutralization penalty:                  0.00 kcal/mol
 Overall Penalty (tautomerization included): -0.00 kcal/mol
 Total Charge: 0
 Metal Penalty:                               0.37 kcal/mol
. . . . . . . . . . . . . . . . . . . . . . .
Variation: 2
                                            31   Conj_Base  9.63
                                            23   Conj_Base -2.48
                                            14   Conj_Base  2.39
                                            26   Conj_Base  6.27
                                            28   Conj_Base  7.16
                                            46   Conj_Acid 13.00
                                            29   Conj_Base  9.61
                                            16   Conj_Base -2.55
 pKa penalty:                                 6.37 kcal/mol
     Charging penalty:                        3.05 kcal/mol
     Neutralization penalty:                  3.32 kcal/mol
 Overall Penalty (tautomerization included):  3.04 kcal/mol
 Total Charge: -1
 Metal Penalty:                               0.46 kcal/mol
 Structure generated due to metal binding treatment.
---------------------------
