
Working on structure 1
Fixing common structure mistakes...
  No mistakes were found
Pre-treating metals...
Done treating metals
Assigning bond orders...
  Using CCD: True
CCD template assignment successfully used for HET "40L "
  Assigned the following bonds (format: atom1, atom2, order): set([(6581, 6582, 2), (6575, 6574, 2), (6573, 6578, 2), (6576, 6577, 2), (6585, 6568, 2), (6597, 6596, 2), (6587, 6580, 2), (6586, 6569, 2), (6591, 6572, 2), (6593, 6592, 2), (6590, 6594, 2), (6584, 6567, 2)])
Adding hydrogens...
Treating metals...
Creating di-sulfur bonds...
Converting Selenomethionines...
Detecting missing residue atoms...
Filling missing side chains using Prime...
Prime output file: /cbio/jclab/home/albaness/github/PDBfinder/pdbs/Idelalisib-PI3K/fixed/4XE0-fixed/4xe0-missing-side-chains-out.maegz
Filling missing loops using Prime...
Prime output file: /cbio/jclab/home/albaness/github/PDBfinder/pdbs/Idelalisib-PI3K/fixed/4XE0-fixed/4xe0-missing-loops-out.maegz
Capping protein termini...
CapTermini:     Added NMA Cap: A:291A
CapTermini:     Added NMA Cap: A:1025A
CapTermini:     Added ACE Cap: A:108
CapTermini:     Added ACE Cap: A:315
  The following terminal residues have been capped: A:291, A:1025, A:109, A:316
Finding het groups...
Coloring atoms by element (green carbons in hets)...
Finding het groups (for Epik)...
Processing 1 het groups...
  Using Epik with pH: 7.4
        and pH Range: 0.0
  Max states per het: 32
Running Epik on 1 het groups...
  Waiting for epik...
  Het A:40L (1101): keeping all 1 state(s):
    State penalty: -0.00 kcal/mol; H-Bond count: 2.
Running ProtAssign...
  Uses -minimize option in ProtAssign
  Using PROPKA with pH: 7.4
  RUNNING: /cbio/jclab/share/schrodinger/schrodinger2016-3/utilities/protassign 4XE0-protassign.mae 4XE0-protassign-out.mae -NOJOBID -nowater -minimize -propka_pH 7.4
Optimize H-bond job completed.
Running restrained minimization...
  RMSD: 0.3
  Force field: 2005
  hydrogens only
done with preparation
Writing to file...
DONE. Output file: ../4XE0-fixed.pdb
