
** Heavy-atom coordinates will be fixed: maxlevel set to 0
  **
  ** Beginning refinement level 0
  **

%IMPACT-I (openwt): Request to open FORMATTED file 4HJO-impref_ref0.out on unit   2
 Entering IMPACT execution environment 
 Date: Wednesday, November 30 2016, at 23:12:07 EST
 Impact version 72014
 mmshare version        35014
 Copyright (c) Schrodinger, LLC.
 All Rights Reserved.

 Host: Linux cc05.local 2.6.32-573.18.1.el6.x86_64 #1 SMP Tue Feb 9 22:46:17 UTC 2016 x86_64
 Job Name: 4HJO-impref_ref0
 SCHRODINGER  directory: /cbio/jclab/share/schrodinger/schrodinger2016-3
 IMPACT_EXEC  directory: /cbio/jclab/share/schrodinger/schrodinger2016-3/impact-v7.2/bin/Linux-x86_64
 MMSHARE_EXEC directory: /cbio/jclab/share/schrodinger/schrodinger2016-3/mmshare-v3.5/bin/Linux-x86_64

 Clock-based global random seed:     1480565527
%IMPACT-I(foldmain): calling OPLS_2005 atomtyping ...
%IMPACT-I(foldmain): finished parameter assignment
 PARM read from file "paramstd.dat"
 Parameter obtained from atomtyping
      Current coord. are written to file: "4HJO-impref.init_coord.rst"
      Box dimensions not written


 Total number of atoms  =  4755
 
 Neighbor List Cutoff Settings
 ==================================
 Cutoff radius:   10.0000000000000     
 Update frequency: every           10  steps
 Species   1 : Neighbors are calculated on a per residue basis
 Species   1 : Cutoff by inter-atomic distances
 
 Step number:          0         Non-bonded count:  1153292
 E-pot        RMS grad     Max grad    
  2.33215E+06  8.18372E+05  6.37786E+07
 Step number:         10         Non-bonded count:  1153292
 -8.20068E+03  1.37761E+00  3.16075E+01
 Step number:         20         Non-bonded count:  1153292
 -8.36072E+03  1.22241E+00  3.33905E+01
 Step number:         30         Non-bonded count:  1153292
 -8.44335E+03  6.17842E-01  2.07970E+01
 Step number:         40         Non-bonded count:  1153292
 -8.47767E+03  5.07483E-01  1.26275E+01
 Step number:         50         Non-bonded count:  1153292
 -8.49328E+03  4.18468E-01  1.72801E+01
 Step number:         60         Non-bonded count:  1153292
 -8.50462E+03  3.38470E-01  7.19731E+00
 Step number:         70         Non-bonded count:  1153292
 -8.51412E+03  3.52581E-01  8.48331E+00
 Step number:         80         Non-bonded count:  1153292
 -8.52114E+03  2.54728E-01  5.32935E+00
 Step number:         90         Non-bonded count:  1153292
 -8.52745E+03  2.82746E-01  7.17941E+00
 Step number:        100         Non-bonded count:  1153292
 -8.53246E+03  2.69007E-01  4.98401E+00
 Step number:        100         Non-bonded count:  1153292
 -8.53246E+03  2.69007E-01  4.98401E+00
      Current coord. are written to file: "4HJO-impref.min0_coord.rst"
      Box dimensions not written
      Current coordinates are read from file: "4HJO-impref.init_coord.rst"
      Box dimensions not read
          read from "4HJO-impref.init_coord.rst"
  
 Energy and Force Generation Info: 
 --------------------------------- 
 Number of E&F called:     292
 PARM read from file "paramstd.dat"
 Parameter obtained from atomtyping
      Current coordinates are read from file: "4HJO-impref.min0_coord.rst"
      Box dimensions not read
          read from "4HJO-impref.min0_coord.rst"


 Total number of atoms  =  4755
 
 Neighbor List Cutoff Settings
 ==================================
 Cutoff radius:   10.0000000000000     
 Update frequency: every           10  steps
 Species   1 : Neighbors are calculated on a per residue basis
 Species   1 : Cutoff by inter-atomic distances
 
 Step number:          0         Non-bonded count:  1153292
 E-pot        RMS grad     Max grad    
 -7.36404E+03  2.73893E+00  2.89676E+01
 Step number:         10         Non-bonded count:  1153292
 -8.03978E+03  1.35100E+00  3.14439E+01
 Step number:         20         Non-bonded count:  1153292
 -8.16501E+03  9.52758E-01  2.18531E+01
 Step number:         30         Non-bonded count:  1153292
 -8.21189E+03  7.02581E-01  2.06124E+01
 Step number:         40         Non-bonded count:  1153292
 -8.23467E+03  3.16562E-01  1.20897E+01
 Step number:         50         Non-bonded count:  1153292
 -8.24102E+03  2.48582E-01  9.68209E+00
 Step number:         60         Non-bonded count:  1153292
 -8.24665E+03  2.33657E-01  4.31328E+00
 Step number:         70         Non-bonded count:  1153292
 -8.24910E+03  1.42206E-01  4.15253E+00
 Step number:         80         Non-bonded count:  1153292
 -8.25051E+03  1.28699E-01  2.78504E+00
 Step number:         90         Non-bonded count:  1153292
 -8.25138E+03  1.03878E-01  2.93103E+00
 Step number:        100         Non-bonded count:  1153292
 -8.25211E+03  8.70000E-02  2.19821E+00
 Step number:        100         Non-bonded count:  1153292
 E-pot        RMS grad     Max grad    
 -8.25211E+03  8.70000E-02  2.19821E+00
  
 Energy and Force Generation Info: 
 --------------------------------- 
 Number of E&F called:     568


Final Energy Reports:
------------------------------------
 Total Energy of the system...... -8.25211E+03 kcal/mol
 Total Potential Energy.......... -8.25211E+03 kcal/mol
 Total Kinetic Energy............  0.00000E+00 kcal/mol
 Temperature of the system.......        0.000 K
 Bond Stretch Energy.............  1.26413E+01 kcal/mol
 Angle Bending Energy............  2.93575E+02 kcal/mol
 Torsion Angle Energy............  1.61739E+02 kcal/mol
 Restraining Energy for Torsions.  0.00000E+00 kcal/mol
 1,4 Lennard Jones Energy........  4.46282E+02 kcal/mol
 1,4 Electrostatic Energy........ -3.24803E+02 kcal/mol
 Lennard Jones Energy............ -5.26245E+02 kcal/mol
 Electrostatic Energy............ -8.31530E+03 kcal/mol
 H-bond Energy...................  0.00000E+00 kcal/mol
 
 Exiting IMPACT execution environment 
 Date: Wednesday, November 30 2016, at 23:12:28 EST
%IMPACT-I (timit): Total CPU time =      20.87 seconds (   0.3 minutes)
Total elapsed time = 22 seconds
  ** Completed refinement level 0      rmsd =  0.083

** Refinement finished. Final level: 0

** The refined complex file is 4HJO-impref_ref.mae.
