  Running PropKa to get pKas

Clusters to optimize:
    Cluster 1:
        A:GLN 847 
    Cluster 2:
        A:ASN 897 
        A:DTT 1205 : HS4
        A:DTT 1205 : HO3
        A:DTT 1205 : HO2
        A:DTT 1205 : HS1
        A:CYS 1007 : HG 
        A:HID 895 
        A:GLN 1011 
    Cluster 3:
        A:ASN 900 
        A:GLU 917 
        A:HID 894 
        A:LYS 1043 
    Cluster 4:
        A:ASN 923 
        A:THR 926 : HG1
    Cluster 5:
        A:ASN 933 
    Cluster 6:
        A:ASN 1033 
        A:ASP 1046 
        A:ASP 1028 
        A:GOL 1210 : HO3
        A:GOL 1210 : HO2
        A:GOL 1210 : HO1
        A:CYS 1045 : HG 
    Cluster 7:
        A:ASN 1040 
        A:EDO 1209 : HO2
        A:EDO 1209 : HO1
        A:TYR 1008 : HH 
        A:THR 1001 : HG1
        A:HID 1004 
    Cluster 8:
        A:GLN 1085 
        A:GLU 1155 
        A:GLU 1017 
        A:EDO 1207 : HO2
        A:EDO 1207 : HO1
        A:SER 1154 : HG 
        A:THR 1152 : HG1
    Cluster 9:
        A:GLN 1137 
        A:ASP 1141 
    Cluster 10:
        A:GLN 1149 
        A:SER 1148 : HG 
    Cluster 11:
        A:ASN 1162 
    Cluster 12:
        A:GLN 1165 
    Cluster 13:
        A:ASN 1167 
    Cluster 14:
        A:LYS 826 
    Cluster 15:
        A:LYS 835 
    Cluster 16:
        A:LYS 838 
    Cluster 17:
        A:LYS 858 
    Cluster 18:
        A:LYS 868 
        A:GLU 885 
    Cluster 19:
        A:LYS 871 
        A:GLU 878 
        A:SER 877 : HG 
        A:THR 875 : HG1
    Cluster 20:
        A:LYS 887 
    Cluster 21:
        A:LYS 907 
    Cluster 22:
        A:LYS 920 
    Cluster 23:
        A:LYS 931 
        A:GLU 934 
    Cluster 24:
        A:LYS 939 
    Cluster 25:
        A:LYS 997 
        A:ASP 998 
    Cluster 26:
        A:LYS 1014 
    Cluster 27:
        A:LYS 1023 
    Cluster 28:
        A:LYS 1039 
    Cluster 29:
        A:LYS 1055 
    Cluster 30:
        A:LYS 1062 
    Cluster 31:
        A:LYS 1070 
        A:SER 1104 : HG 
    Cluster 32:
        A:LYS 1110 
    Cluster 33:
        A:LYS 1120 
    Cluster 34:
        A:HID 876 
    Cluster 35:
        A:HID 879 
    Cluster 36:
        A:HID 891 
    Cluster 37:
        A:HID 1026 
    Cluster 38:
        A:HID 1144 
        A:GLU 1146 
    Cluster 39:
        A:HID 1159 
        A:THR 1138 : HG1
    Cluster 40:
        A:TYR 822 : HH 
        A:GLU 828 
        A:THR 906 : HG1
    Cluster 41:
        A:SER 825 : HG 
        A:ASP 823 
    Cluster 42:
        A:THR 859 : HG1
        A:ASP 857 
    Cluster 43:
        A:THR 861 : HG1
    Cluster 44:
        A:CYS 862 : HG 
        A:ASP 852 
        A:DTT 1203 : HS4
        A:DTT 1203 : HO3
        A:DTT 1203 : HO2
        A:DTT 1203 : HS1
        A:THR 864 : HG1
    Cluster 45:
        A:SER 884 : HG 
    Cluster 46:
        A:CYS 905 : HG 
    Cluster 47:
        A:CYS 919 : HG 
    Cluster 48:
        A:SER 925 : HG 
    Cluster 49:
        A:TYR 927 : HH 
    Cluster 50:
        A:SER 930 : HG 
    Cluster 51:
        A:TYR 938 : HH 
    Cluster 52:
        A:TYR 996 : HH 
    Cluster 53:
        A:SER 1009 : HG 
    Cluster 54:
        A:SER 1021 : HG 
    Cluster 55:
        A:CYS 1024 : HG 
        A:DTT 1202 : HS4
        A:DTT 1202 : HO3
        A:DTT 1202 : HO2
        A:DTT 1202 : HS1
    Cluster 56:
        A:SER 1037 : HG 
    Cluster 57:
        A:TYR 1054 : HH 
    Cluster 58:
        A:TYR 1059 : HH 
        A:ASP 1056 
    Cluster 59:
        A:THR 1076 : HG1
        A:SER 1086 : HG 
        A:THR 1083 : HG1
    Cluster 60:
        A:TYR 1082 : HH 
    Cluster 61:
        A:SER 1090 : HG 
    Cluster 62:
        A:SER 1100 : HG 
    Cluster 63:
        A:TYR 1106 : HH 
    Cluster 64:
        A:CYS 1116 : HG 
        A:DTT 1204 : HS4
        A:DTT 1204 : HO3
        A:DTT 1204 : HO2
        A:DTT 1204 : HS1
    Cluster 65:
        A:THR 1123 : HG1
    Cluster 66:
        A:TYR 1130 : HH 
    Cluster 67:
        A:THR 1131 : HG1
    Cluster 68:
        A:THR 1132 : HG1
        A:GLU 1134 
    Cluster 69:
        A:TYR 1136 : HH 
    Cluster 70:
        A:CYS 1142 : HG 
    Cluster 71:
        A:EDO 1206 : HO1
        A:EDO 1206 : HO2
    Cluster 72:
        A:EDO 1208 : HO1
        A:ASP 1129 
        A:EDO 1208 : HO2
    Cluster 73:
        A:ASP 832 
    Cluster 74:
        A:GLU 850 
    Cluster 75:
        A:GLU 872 
    Cluster 76:
        A:GLU 993 
    Cluster 77:
        A:ASP 994 
    Cluster 78:
        A:GLU 1003 
    Cluster 79:
        A:GLU 1038 
    Cluster 80:
        A:ASP 1052 
    Cluster 81:
        A:ASP 1058 
    Cluster 82:
        A:ASP 1064 
    Cluster 83:
        A:GLU 1075 
    Cluster 84:
        A:ASP 1079 
    Cluster 85:
        A:ASP 1087 
    Cluster 86:
        A:GLU 1097 
    Cluster 87:
        A:ASP 1112 
    Cluster 88:
        A:GLU 1113 
    Cluster 89:
        A:GLU 1114 
    Cluster 90:
        A:GLU 1121 
    Cluster 91:
        A:GLU 1158 

Working on cluster #1...
    A:GLN 847  : 2 states

  Scoring exhaustively (2 potential combinations)...

  Cluster results:
    A:GLN 847  : Flip

Working on cluster #2...
    A:ASN 897  : 2 states
    A:DTT 1205 : HS4 : 6 states
    A:DTT 1205 : HO3 : 5 states
    A:DTT 1205 : HO2 : 3 states
    A:DTT 1205 : HS1 : 3 states
    A:CYS 1007 : HG  : 7 states
    A:HID 895  : 6 states
    A:GLN 1011  : 2 states

  Scoring exhaustively (45360 potential combinations)...

  Cluster results:
    A:ASN 897  : No Flip
    A:DTT 1205 : HS4 : Orientation 2/6
    A:DTT 1205 : HO3 : Orientation 1/5
    A:DTT 1205 : HO2 : Stagger 3 3/3
    A:DTT 1205 : HS1 : Stagger 2 2/3
    A:CYS 1007 : HG  : Default 5/6 (pKa = 99.99)
    A:HID 895  : HIE (pKa = 4.88)
    A:GLN 1011  : No Flip

Working on cluster #3...
    A:ASN 900  : 2 states
    A:GLU 917  : 3 states
    A:HID 894  : 6 states
    A:LYS 1043  : 20 states

  Scoring exhaustively (720 potential combinations)...
    No valid conformations found. Trying again with less strict requirements.

  Cluster results:
    A:ASN 900  : No Flip
    A:GLU 917  : Charged (pKa = 4.33)
    A:HID 894  : HIE (pKa = 6.03)
    A:LYS 1043  : Stagger (pKa = 10.32)

Working on cluster #4...
    A:ASN 923  : 2 states
    A:THR 926 : HG1 : 8 states

  Scoring exhaustively (16 potential combinations)...
    No valid conformations found. Trying again with less strict requirements.
    No valid conformations found. Trying again with less strict requirements.

  Cluster results:
    A:ASN 923  : Flip
    A:THR 926 : HG1 : Orientation 3/8

Working on cluster #5...
    A:ASN 933  : 2 states

  Scoring exhaustively (2 potential combinations)...

  Cluster results:
    A:ASN 933  : Flip

Working on cluster #6...
    A:ASN 1033  : 2 states
    A:ASP 1046  : 3 states
    A:ASP 1028  : 3 states
    A:GOL 1210 : HO3 : 5 states
    A:GOL 1210 : HO2 : 7 states
    A:GOL 1210 : HO1 : 10 states
    A:CYS 1045 : HG  : 6 states

  Scoring exhaustively (37800 potential combinations)...

  Cluster results:
    A:ASN 1033  : No Flip
    A:ASP 1046  : Charged (pKa = 2.26)
    A:ASP 1028  : Charged (pKa = 4.5)
    A:GOL 1210 : HO3 : Stagger 3 5/5
    A:GOL 1210 : HO2 : Orientation 3/7
    A:GOL 1210 : HO1 : Orientation 3/10
    A:CYS 1045 : HG  : Stagger 3 5/5 (pKa = 13.82)

Working on cluster #7...
    A:ASN 1040  : 2 states
    A:EDO 1209 : HO2 : 8 states
    A:EDO 1209 : HO1 : 10 states
    A:TYR 1008 : HH  : 3 states
    A:THR 1001 : HG1 : 9 states
    A:HID 1004  : 6 states

  Scoring exhaustively (25920 potential combinations)...

  Cluster results:
    A:ASN 1040  : No Flip
    A:EDO 1209 : HO2 : Orientation 2/8
    A:EDO 1209 : HO1 : Stagger 3 10/10
    A:TYR 1008 : HH  : Orientation 1/2 (pKa = 13.81)
    A:THR 1001 : HG1 : Orientation 3/9
    A:HID 1004  : Flip HIE (pKa = 4.87)

Working on cluster #8...
    A:GLN 1085  : 2 states
    A:GLU 1155  : 3 states
    A:GLU 1017  : 3 states
    A:EDO 1207 : HO2 : 9 states
    A:EDO 1207 : HO1 : 10 states
    A:SER 1154 : HG  : 11 states
    A:THR 1152 : HG1 : 11 states

  Scoring exhaustively (196020 potential combinations)...

  Cluster results:
    A:GLN 1085  : No Flip
    A:GLU 1155  : Charged (pKa = 3.99)
    A:GLU 1017  : Charged (pKa = 4.33)
    A:EDO 1207 : HO2 : Orientation 6/9
    A:EDO 1207 : HO1 : Orientation 2/10
    A:SER 1154 : HG  : Orientation 2/11
    A:THR 1152 : HG1 : Orientation 5/11

Working on cluster #9...
    A:GLN 1137  : 2 states
    A:ASP 1141  : 3 states

  Scoring exhaustively (6 potential combinations)...

  Cluster results:
    A:GLN 1137  : Flip
    A:ASP 1141  : Charged (pKa = 4.18)

Working on cluster #10...
    A:GLN 1149  : 2 states
    A:SER 1148 : HG  : 11 states

  Scoring exhaustively (22 potential combinations)...

  Cluster results:
    A:GLN 1149  : No Flip
    A:SER 1148 : HG  : Orientation 2/11

Working on cluster #11...
    A:ASN 1162  : 2 states

  Scoring exhaustively (2 potential combinations)...

  Cluster results:
    A:ASN 1162  : Flip

Working on cluster #12...
    A:GLN 1165  : 2 states

  Scoring exhaustively (2 potential combinations)...

  Cluster results:
    A:GLN 1165  : No Flip

Working on cluster #13...
    A:ASN 1167  : 2 states

  Scoring exhaustively (2 potential combinations)...

  Cluster results:
    A:ASN 1167  : Flip

Working on cluster #14...
    A:LYS 826  : 8 states

  Scoring exhaustively (8 potential combinations)...

  Cluster results:
    A:LYS 826  : Stagger (pKa = 10.37)

Working on cluster #15...
    A:LYS 835  : 20 states

  Scoring exhaustively (20 potential combinations)...
    No valid conformations found. Trying again with less strict requirements.
    No valid conformations found. Trying again with less strict requirements.

  Cluster results:
    A:LYS 835  : Stagger (pKa = 10.41)

Working on cluster #16...
    A:LYS 838  : 12 states

  Scoring exhaustively (12 potential combinations)...

  Cluster results:
    A:LYS 838  : Stagger (pKa = 10.64)

Working on cluster #17...
    A:LYS 858  : 8 states

  Scoring exhaustively (8 potential combinations)...

  Cluster results:
    A:LYS 858  : Orientation 1/1 (pKa = 10.46)

Working on cluster #18...
    A:LYS 868  : 16 states
    A:GLU 885  : 3 states

  Scoring exhaustively (48 potential combinations)...
    No valid conformations found. Trying again with less strict requirements.

  Cluster results:
    A:LYS 868  : Orientation 3/3 (pKa = 10.44)
    A:GLU 885  : Charged (pKa = 3.86)

Working on cluster #19...
    A:LYS 871  : 12 states
    A:GLU 878  : 3 states
    A:SER 877 : HG  : 10 states
    A:THR 875 : HG1 : 8 states

  Scoring exhaustively (2880 potential combinations)...

  Cluster results:
    A:LYS 871  : Stagger (pKa = 10.96)
    A:GLU 878  : Charged (pKa = 3.34)
    A:SER 877 : HG  : Orientation 3/10
    A:THR 875 : HG1 : Orientation 5/8

Working on cluster #20...
    A:LYS 887  : 12 states

  Scoring exhaustively (12 potential combinations)...

  Cluster results:
    A:LYS 887  : Orientation 1/2 (pKa = 10.23)

Working on cluster #21...
    A:LYS 907  : 20 states

  Scoring exhaustively (20 potential combinations)...

  Cluster results:
    A:LYS 907  : Stagger (pKa = 10.5)

Working on cluster #22...
    A:LYS 920  : 8 states

  Scoring exhaustively (8 potential combinations)...

  Cluster results:
    A:LYS 920  : Orientation 1/1 (pKa = 10.66)

Working on cluster #23...
    A:LYS 931  : 20 states
    A:GLU 934  : 3 states

  Scoring exhaustively (60 potential combinations)...
    No valid conformations found. Trying again with less strict requirements.

  Cluster results:
    A:LYS 931  : Orientation 1/4 (pKa = 11.3)
    A:GLU 934  : Charged (pKa = 3.63)

Working on cluster #24...
    A:LYS 939  : 20 states

  Scoring exhaustively (20 potential combinations)...
    No valid conformations found. Trying again with less strict requirements.

  Cluster results:
    A:LYS 939  : Orientation 3/4 (pKa = 10.32)

Working on cluster #25...
    A:LYS 997  : 8 states
    A:ASP 998  : 3 states

  Scoring exhaustively (24 potential combinations)...

  Cluster results:
    A:LYS 997  : Orientation 1/1 (pKa = 11.34)
    A:ASP 998  : Charged (pKa = 2.8)

Working on cluster #26...
    A:LYS 1014  : 12 states

  Scoring exhaustively (12 potential combinations)...

  Cluster results:
    A:LYS 1014  : Orientation 1/2 (pKa = 9.91)

Working on cluster #27...
    A:LYS 1023  : 20 states

  Scoring exhaustively (20 potential combinations)...

  Cluster results:
    A:LYS 1023  : Orientation 1/4 (pKa = 10.41)

Working on cluster #28...
    A:LYS 1039  : 20 states

  Scoring exhaustively (20 potential combinations)...

  Cluster results:
    A:LYS 1039  : Orientation 3/4 (pKa = 10.4)

Working on cluster #29...
    A:LYS 1055  : 4 states

  Scoring exhaustively (4 potential combinations)...

  Cluster results:
    A:LYS 1055  : Stagger (pKa = 10.49)

Working on cluster #30...
    A:LYS 1062  : 4 states

  Scoring exhaustively (4 potential combinations)...

  Cluster results:
    A:LYS 1062  : Stagger (pKa = 10.45)

Working on cluster #31...
    A:LYS 1070  : 16 states
    A:SER 1104 : HG  : 8 states

  Scoring exhaustively (128 potential combinations)...
    No valid conformations found. Trying again with less strict requirements.

  Cluster results:
    A:LYS 1070  : Stagger (pKa = 9.31)
    A:SER 1104 : HG  : Stagger 3 8/8

Working on cluster #32...
    A:LYS 1110  : 8 states

  Scoring exhaustively (8 potential combinations)...

  Cluster results:
    A:LYS 1110  : Orientation 1/1 (pKa = 10.5)

Working on cluster #33...
    A:LYS 1120  : 12 states

  Scoring exhaustively (12 potential combinations)...

  Cluster results:
    A:LYS 1120  : Orientation 1/2 (pKa = 10.5)

Working on cluster #34...
    A:HID 876  : 6 states

  Scoring exhaustively (6 potential combinations)...

  Cluster results:
    A:HID 876  : HID (pKa = 6.03)

Working on cluster #35...
    A:HID 879  : 6 states

  Scoring exhaustively (6 potential combinations)...

  Cluster results:
    A:HID 879  : Flip HID (pKa = 6.15)

Working on cluster #36...
    A:HID 891  : 6 states

  Scoring exhaustively (6 potential combinations)...

  Cluster results:
    A:HID 891  : Flip HID (pKa = 5.86)

Working on cluster #37...
    A:HID 1026  : 6 states

  Scoring exhaustively (6 potential combinations)...

  Cluster results:
    A:HID 1026  : HIE (pKa = 4.92)

Working on cluster #38...
    A:HID 1144  : 6 states
    A:GLU 1146  : 3 states

  Scoring exhaustively (18 potential combinations)...

  Cluster results:
    A:HID 1144  : HIE (pKa = 6.2)
    A:GLU 1146  : Charged (pKa = 4.48)

Working on cluster #39...
    A:HID 1159  : 6 states
    A:THR 1138 : HG1 : 5 states

  Scoring exhaustively (30 potential combinations)...

  Cluster results:
    A:HID 1159  : HID (pKa = 5.86)
    A:THR 1138 : HG1 : Orientation 1/5

Working on cluster #40...
    A:TYR 822 : HH  : 6 states
    A:GLU 828  : 3 states
    A:THR 906 : HG1 : 8 states

  Scoring exhaustively (144 potential combinations)...

  Cluster results:
    A:TYR 822 : HH  : Orientation 1/5 (pKa = 12.87)
    A:GLU 828  : Charged (pKa = 2.7)
    A:THR 906 : HG1 : Stagger 3 8/8

Working on cluster #41...
    A:SER 825 : HG  : 7 states
    A:ASP 823  : 3 states

  Scoring exhaustively (21 potential combinations)...

  Cluster results:
    A:SER 825 : HG  : Stagger 2 6/7
    A:ASP 823  : Charged (pKa = 2.75)

Working on cluster #42...
    A:THR 859 : HG1 : 8 states
    A:ASP 857  : 3 states

  Scoring exhaustively (24 potential combinations)...

  Cluster results:
    A:THR 859 : HG1 : Stagger 3 8/8
    A:ASP 857  : Charged (pKa = 1.99)

Working on cluster #43...
    A:THR 861 : HG1 : 8 states

  Scoring exhaustively (8 potential combinations)...

  Cluster results:
    A:THR 861 : HG1 : Orientation 5/8

Working on cluster #44...
    A:CYS 862 : HG  : 7 states
    A:ASP 852  : 3 states
    A:DTT 1203 : HS4 : 7 states
    A:DTT 1203 : HO3 : 7 states
    A:DTT 1203 : HO2 : 5 states
    A:DTT 1203 : HS1 : 5 states
    A:THR 864 : HG1 : 6 states

  Scoring exhaustively (154350 potential combinations)...

  Cluster results:
    A:CYS 862 : HG  : Orientation 1/6 (pKa = 99.99)
    A:ASP 852  : Charged (pKa = 2.9)
    A:DTT 1203 : HS4 : Orientation 5/7
    A:DTT 1203 : HO3 : Orientation 3/7
    A:DTT 1203 : HO2 : Stagger 1 3/5
    A:DTT 1203 : HS1 : Stagger 2 4/5
    A:THR 864 : HG1 : Stagger 3 6/6

Working on cluster #45...
    A:SER 884 : HG  : 3 states

  Scoring exhaustively (3 potential combinations)...

  Cluster results:
    A:SER 884 : HG  : Stagger 3 3/3

Working on cluster #46...
    A:CYS 905 : HG  : 7 states

  Scoring exhaustively (7 potential combinations)...

  Cluster results:
    A:CYS 905 : HG  : Stagger 3 6/6 (pKa = 11.14)

Working on cluster #47...
    A:CYS 919 : HG  : 6 states

  Scoring exhaustively (6 potential combinations)...

  Cluster results:
    A:CYS 919 : HG  : Stagger 1 3/5 (pKa = 12.45)

Working on cluster #48...
    A:SER 925 : HG  : 9 states

  Scoring exhaustively (9 potential combinations)...

  Cluster results:
    A:SER 925 : HG  : Orientation 4/9

Working on cluster #49...
    A:TYR 927 : HH  : 5 states

  Scoring exhaustively (5 potential combinations)...

  Cluster results:
    A:TYR 927 : HH  : Orientation 3/4 (pKa = 11.12)

Working on cluster #50...
    A:SER 930 : HG  : 7 states

  Scoring exhaustively (7 potential combinations)...

  Cluster results:
    A:SER 930 : HG  : Stagger 3 7/7

Working on cluster #51...
    A:TYR 938 : HH  : 3 states

  Scoring exhaustively (3 potential combinations)...

  Cluster results:
    A:TYR 938 : HH  : Default 1 1/2 (pKa = 10.1)

Working on cluster #52...
    A:TYR 996 : HH  : 4 states

  Scoring exhaustively (4 potential combinations)...

  Cluster results:
    A:TYR 996 : HH  : Orientation 1/3 (pKa = 10.28)

Working on cluster #53...
    A:SER 1009 : HG  : 6 states

  Scoring exhaustively (6 potential combinations)...

  Cluster results:
    A:SER 1009 : HG  : Orientation 1/6

Working on cluster #54...
    A:SER 1021 : HG  : 6 states

  Scoring exhaustively (6 potential combinations)...

  Cluster results:
    A:SER 1021 : HG  : Stagger 3 6/6

Working on cluster #55...
    A:CYS 1024 : HG  : 6 states
    A:DTT 1202 : HS4 : 5 states
    A:DTT 1202 : HO3 : 5 states
    A:DTT 1202 : HO2 : 6 states
    A:DTT 1202 : HS1 : 3 states

  Scoring exhaustively (2700 potential combinations)...

  Cluster results:
    A:CYS 1024 : HG  : Stagger 3 5/5 (pKa = 99.99)
    A:DTT 1202 : HS4 : Stagger 1 3/5
    A:DTT 1202 : HO3 : Stagger 3 5/5
    A:DTT 1202 : HO2 : Default 3/6
    A:DTT 1202 : HS1 : Stagger 2 2/3

Working on cluster #56...
    A:SER 1037 : HG  : 12 states

  Scoring exhaustively (12 potential combinations)...

  Cluster results:
    A:SER 1037 : HG  : Orientation 4/12

Working on cluster #57...
    A:TYR 1054 : HH  : 3 states

  Scoring exhaustively (3 potential combinations)...

  Cluster results:
    A:TYR 1054 : HH  : Default 1 1/2 (pKa = 9.2)

Working on cluster #58...
    A:TYR 1059 : HH  : 5 states
    A:ASP 1056  : 3 states

  Scoring exhaustively (15 potential combinations)...

  Cluster results:
    A:TYR 1059 : HH  : Default 2 4/4 (pKa = 11.74)
    A:ASP 1056  : Charged (pKa = 2.74)

Working on cluster #59...
    A:THR 1076 : HG1 : 5 states
    A:SER 1086 : HG  : 8 states
    A:THR 1083 : HG1 : 10 states

  Scoring exhaustively (400 potential combinations)...
    No valid conformations found. Trying again with less strict requirements.

  Cluster results:
    A:THR 1076 : HG1 : Orientation 1/5
    A:SER 1086 : HG  : Stagger 2 7/8
    A:THR 1083 : HG1 : Orientation 6/10

Working on cluster #60...
    A:TYR 1082 : HH  : 4 states

  Scoring exhaustively (4 potential combinations)...

  Cluster results:
    A:TYR 1082 : HH  : Default 2 3/3 (pKa = 11.13)

Working on cluster #61...
    A:SER 1090 : HG  : 12 states

  Scoring exhaustively (12 potential combinations)...

  Cluster results:
    A:SER 1090 : HG  : Orientation 1/12

Working on cluster #62...
    A:SER 1100 : HG  : 6 states

  Scoring exhaustively (6 potential combinations)...

  Cluster results:
    A:SER 1100 : HG  : Orientation 1/6

Working on cluster #63...
    A:TYR 1106 : HH  : 5 states

  Scoring exhaustively (5 potential combinations)...

  Cluster results:
    A:TYR 1106 : HH  : Default 1 3/4 (pKa = 12.72)

Working on cluster #64...
    A:CYS 1116 : HG  : 11 states
    A:DTT 1204 : HS4 : 7 states
    A:DTT 1204 : HO3 : 4 states
    A:DTT 1204 : HO2 : 5 states
    A:DTT 1204 : HS1 : 5 states

  Scoring exhaustively (7700 potential combinations)...

  Cluster results:
    A:CYS 1116 : HG  : Orientation 4/10 (pKa = 99.99)
    A:DTT 1204 : HS4 : Orientation 1/7
    A:DTT 1204 : HO3 : Stagger 3 4/4
    A:DTT 1204 : HO2 : Stagger 2 4/5
    A:DTT 1204 : HS1 : Orientation 1/5

Working on cluster #65...
    A:THR 1123 : HG1 : 4 states

  Scoring exhaustively (4 potential combinations)...

  Cluster results:
    A:THR 1123 : HG1 : Stagger 1 2/4

Working on cluster #66...
    A:TYR 1130 : HH  : 6 states

  Scoring exhaustively (6 potential combinations)...

  Cluster results:
    A:TYR 1130 : HH  : Orientation 2/5 (pKa = 10.55)

Working on cluster #67...
    A:THR 1131 : HG1 : 6 states

  Scoring exhaustively (6 potential combinations)...

  Cluster results:
    A:THR 1131 : HG1 : Orientation 1/6

Working on cluster #68...
    A:THR 1132 : HG1 : 8 states
    A:GLU 1134  : 3 states

  Scoring exhaustively (24 potential combinations)...

  Cluster results:
    A:THR 1132 : HG1 : Default 7/8
    A:GLU 1134  : Charged (pKa = 4.03)

Working on cluster #69...
    A:TYR 1136 : HH  : 5 states

  Scoring exhaustively (5 potential combinations)...

  Cluster results:
    A:TYR 1136 : HH  : Orientation 1/4 (pKa = 10.89)

Working on cluster #70...
    A:CYS 1142 : HG  : 7 states

  Scoring exhaustively (7 potential combinations)...

  Cluster results:
    A:CYS 1142 : HG  : Orientation 1/6 (pKa = 12.82)

Working on cluster #71...
    A:EDO 1206 : HO1 : 7 states
    A:EDO 1206 : HO2 : 8 states

  Scoring exhaustively (56 potential combinations)...

  Cluster results:
    A:EDO 1206 : HO1 : Orientation 1/7
    A:EDO 1206 : HO2 : Stagger 1 6/8

Working on cluster #72...
    A:EDO 1208 : HO1 : 10 states
    A:ASP 1129  : 3 states
    A:EDO 1208 : HO2 : 9 states

  Scoring exhaustively (270 potential combinations)...

  Cluster results:
    A:EDO 1208 : HO1 : Orientation 2/10
    A:ASP 1129  : Charged (pKa = 2.41)
    A:EDO 1208 : HO2 : Default 6/9

Working on cluster #73...
    A:ASP 832  : 3 states

  Scoring exhaustively (3 potential combinations)...

  Cluster results:
    A:ASP 832  : Charged (pKa = 3.84)

Working on cluster #74...
    A:GLU 850  : 3 states

  Scoring exhaustively (3 potential combinations)...

  Cluster results:
    A:GLU 850  : Charged (pKa = 5.04)

Working on cluster #75...
    A:GLU 872  : 3 states

  Scoring exhaustively (3 potential combinations)...

  Cluster results:
    A:GLU 872  : Charged (pKa = 4.56)

Working on cluster #76...
    A:GLU 993  : 3 states

  Scoring exhaustively (3 potential combinations)...

  Cluster results:
    A:GLU 993  : Charged (pKa = 4.59)

Working on cluster #77...
    A:ASP 994  : 3 states

  Scoring exhaustively (3 potential combinations)...

  Cluster results:
    A:ASP 994  : Charged (pKa = 3.81)

Working on cluster #78...
    A:GLU 1003  : 3 states

  Scoring exhaustively (3 potential combinations)...

  Cluster results:
    A:GLU 1003  : Charged (pKa = 4.65)

Working on cluster #79...
    A:GLU 1038  : 3 states

  Scoring exhaustively (3 potential combinations)...

  Cluster results:
    A:GLU 1038  : Charged (pKa = 4.41)

Working on cluster #80...
    A:ASP 1052  : 3 states

  Scoring exhaustively (3 potential combinations)...

  Cluster results:
    A:ASP 1052  : Charged (pKa = 3.79)

Working on cluster #81...
    A:ASP 1058  : 3 states

  Scoring exhaustively (3 potential combinations)...

  Cluster results:
    A:ASP 1058  : Charged (pKa = 3.1)

Working on cluster #82...
    A:ASP 1064  : 3 states

  Scoring exhaustively (3 potential combinations)...

  Cluster results:
    A:ASP 1064  : Charged (pKa = 2.26)

Working on cluster #83...
    A:GLU 1075  : 3 states

  Scoring exhaustively (3 potential combinations)...

  Cluster results:
    A:GLU 1075  : Charged (pKa = 3.82)

Working on cluster #84...
    A:ASP 1079  : 3 states

  Scoring exhaustively (3 potential combinations)...

  Cluster results:
    A:ASP 1079  : Charged (pKa = 4.07)

Working on cluster #85...
    A:ASP 1087  : 3 states

  Scoring exhaustively (3 potential combinations)...

  Cluster results:
    A:ASP 1087  : Charged (pKa = 6.8)

Working on cluster #86...
    A:GLU 1097  : 3 states

  Scoring exhaustively (3 potential combinations)...

  Cluster results:
    A:GLU 1097  : Charged (pKa = 6.7)

Working on cluster #87...
    A:ASP 1112  : 3 states

  Scoring exhaustively (3 potential combinations)...

  Cluster results:
    A:ASP 1112  : Charged (pKa = 3.16)

Working on cluster #88...
    A:GLU 1113  : 3 states

  Scoring exhaustively (3 potential combinations)...

  Cluster results:
    A:GLU 1113  : Charged (pKa = 4.02)

Working on cluster #89...
    A:GLU 1114  : 3 states

  Scoring exhaustively (3 potential combinations)...

  Cluster results:
    A:GLU 1114  : Charged (pKa = 2.81)

Working on cluster #90...
    A:GLU 1121  : 3 states

  Scoring exhaustively (3 potential combinations)...

  Cluster results:
    A:GLU 1121  : Charged (pKa = 3.94)

Working on cluster #91...
    A:GLU 1158  : 3 states

  Scoring exhaustively (3 potential combinations)...

  Cluster results:
    A:GLU 1158  : Charged (pKa = 4.67)


Recalculating pKas to identify changes in protonation penalties...
  Running PropKa to get pKas
    No changes in protonation penalties found.

Minimizing hydrogens...

Total score for structure: -177.227265806

Final pKas:
  A:LYS 826  : 10.37
  A:LYS 835  : 10.41
  A:LYS 838  : 10.64
  A:LYS 858  : 10.46
  A:LYS 868  : 10.44
  A:LYS 871  : 10.96
  A:LYS 887  : 10.23
  A:LYS 907  : 10.50
  A:LYS 920  : 10.66
  A:LYS 931  : 11.30
  A:LYS 939  : 10.32
  A:LYS 997  : 11.34
  A:LYS 1014  : 9.91
  A:LYS 1023  : 10.41
  A:LYS 1039  : 10.40
  A:LYS 1043  : 10.32
  A:LYS 1055  : 10.49
  A:LYS 1062  : 10.45
  A:LYS 1070  : 9.31
  A:LYS 1110  : 10.50
  A:LYS 1120  : 10.50
  A:HID 876  : 6.03
  A:HID 879  : 6.45
  A:HID 891  : 5.86
  A:HID 894  : 6.03
  A:HID 895  : 4.88
  A:HID 1004  : 5.13
  A:HID 1026  : 4.92
  A:HID 1144  : 6.20
  A:HID 1159  : 5.86
  A:TYR 822 : HH  : 12.87
  A:CYS 862 : HG  : 99.99
  A:CYS 905 : HG  : 11.14
  A:CYS 919 : HG  : 12.45
  A:TYR 927 : HH  : 11.12
  A:TYR 938 : HH  : 10.10
  A:TYR 996 : HH  : 10.28
  A:CYS 1007 : HG  : 99.99
  A:TYR 1008 : HH  : 13.77
  A:CYS 1024 : HG  : 99.99
  A:CYS 1045 : HG  : 13.82
  A:TYR 1054 : HH  : 9.20
  A:TYR 1059 : HH  : 11.74
  A:TYR 1082 : HH  : 11.13
  A:TYR 1106 : HH  : 12.72
  A:CYS 1116 : HG  : 99.99
  A:TYR 1130 : HH  : 10.55
  A:TYR 1136 : HH  : 10.89
  A:CYS 1142 : HG  : 12.82
  A:ASP 823  : 2.75
  A:GLU 828  : 2.70
  A:ASP 832  : 3.84
  A:GLU 850  : 5.04
  A:ASP 852  : 2.90
  A:ASP 857  : 1.99
  A:GLU 872  : 4.56
  A:GLU 878  : 3.34
  A:GLU 885  : 3.86
  A:GLU 917  : 4.33
  A:GLU 934  : 3.63
  A:GLU 993  : 4.59
  A:ASP 994  : 3.81
  A:ASP 998  : 2.80
  A:GLU 1003  : 4.65
  A:GLU 1017  : 4.33
  A:ASP 1028  : 4.50
  A:GLU 1038  : 4.41
  A:ASP 1046  : 2.26
  A:ASP 1052  : 3.79
  A:ASP 1056  : 2.74
  A:ASP 1058  : 3.10
  A:ASP 1064  : 2.26
  A:GLU 1075  : 3.82
  A:ASP 1079  : 4.07
  A:ASP 1087  : 6.80
  A:GLU 1097  : 6.70
  A:ASP 1112  : 3.16
  A:GLU 1113  : 4.02
  A:GLU 1114  : 2.81
  A:GLU 1121  : 3.94
  A:ASP 1129  : 2.41
  A:GLU 1134  : 4.03
  A:ASP 1141  : 4.93
  A:GLU 1146  : 4.48
  A:GLU 1155  : 3.99
  A:GLU 1158  : 4.67
Structure extracted from file: 3WZD-protassign.mae
Output structure will be written to: 3WZD-protassign-out.mae

Complete. Output file: 3WZD-protassign-out.mae
