COMMAND:
 /data/chodera/schrodinger/schrodinger2017-3-advanced/epik-v4.1/bin/Linux-x86_64/epik_app -imae 3WZD-epik.mae -omae 3WZD-epik-out.mae -ms 32 -ph 7.4 -pht 0.0 -cg 0.3 0.3 -metal_binding
SCHRODINGER: /data/chodera/schrodinger/schrodinger2017-3-advanced

Running Epik version     4.1016
Epik. Copyright Schrodinger, LLC. All rights reserved.

Input file name:                        3WZD-epik.mae
Output file name:                       3WZD-epik-out.mae
Maximum number of states set to: 32
Structure adjustment calculation requested.
  Target pH set to 7.400
pHt tolerance set to 0.000000e+00
Both connectivity and geometry used in determining redundant structures.
  Structures are distinct if: 
    any position differs by more than 3.000000e-01
    the rms difference in positions is larger than 3.000000e-01
Metal binding mode turned on.

Adjusting structures for pH 7.400000e+00 and minimum probability 1.000000e+00
Solvent model name:                     water
Jobcontrol is not being used for this specific Epik calculation.
---------------------------
Processing Input Structure #1
        Title: 
                                              Calculated pKas
                                                 Conjugate
                                          Atom   Acid/Base  pKa
. . . . . . . . . . . . . . . . . . . . . . .
Variation: 1
                                            38   Conj_Acid 12.70
                                            39   Conj_Acid 12.70
                                            26   Conj_Base -2.37
                                             6   Conj_Base  2.13
                                            43   Conj_Acid 14.18
                                            14   Conj_Base -1.75
                                            25   Conj_Base  2.79
                                            44   Conj_Acid 14.12
 pKa penalty:                                 0.00 kcal/mol
     Charging penalty:                        0.00 kcal/mol
     Neutralization penalty:                  0.00 kcal/mol
 Overall Penalty (tautomerization included): -0.00 kcal/mol
 Total Charge: 0
 Metal Penalty:                              -0.00 kcal/mol
---------------------------
Processing Input Structure #2
        Title: 
                                              Calculated pKas
                                                 Conjugate
                                          Atom   Acid/Base  pKa
. . . . . . . . . . . . . . . . . . . . . . .
Variation: 1
                                            13   Conj_Acid 13.75
                                            15   Conj_Acid 13.75
                                             9   Conj_Acid  9.04
                                            18   Conj_Acid  9.04
                                             4   Conj_Base -0.43
                                             6   Conj_Base -0.43
 pKa penalty:                                 0.01 kcal/mol
     Charging penalty:                        0.00 kcal/mol
     Neutralization penalty:                  0.01 kcal/mol
 Overall Penalty (tautomerization included): -0.00 kcal/mol
 Total Charge: 0
 Metal Penalty:                               2.28 kcal/mol
. . . . . . . . . . . . . . . . . . . . . . .
Variation: 2
                                            12   Conj_Acid 16.39
                                            14   Conj_Acid 15.07
                                            17   Conj_Acid  9.79
                                             1   Conj_Base  9.04
                                             4   Conj_Base  1.04
                                             6   Conj_Base  0.04
 pKa penalty:                                 2.25 kcal/mol
     Charging penalty:                        2.25 kcal/mol
     Neutralization penalty:                  0.00 kcal/mol
 Overall Penalty (tautomerization included):  2.24 kcal/mol
 Total Charge: -1
 Metal Penalty:                               0.42 kcal/mol
 Structure generated due to metal binding treatment.
. . . . . . . . . . . . . . . . . . . . . . .
Variation: 3
                                            13   Conj_Acid 15.07
                                            15   Conj_Acid 16.39
                                             9   Conj_Acid  9.79
                                             8   Conj_Base  9.04
                                             4   Conj_Base  0.04
                                             6   Conj_Base  1.04
 pKa penalty:                                 2.25 kcal/mol
     Charging penalty:                        2.25 kcal/mol
     Neutralization penalty:                  0.00 kcal/mol
 Overall Penalty (tautomerization included):  2.24 kcal/mol
 Total Charge: -1
 Metal Penalty:                               0.42 kcal/mol
 Structure generated due to metal binding treatment.
---------------------------
Processing Input Structure #3
        Title: 
                                              Calculated pKas
                                                 Conjugate
                                          Atom   Acid/Base  pKa
. . . . . . . . . . . . . . . . . . . . . . .
Variation: 1
                                            13   Conj_Acid 13.75
                                            15   Conj_Acid 13.75
                                             9   Conj_Acid  9.04
                                            18   Conj_Acid  9.04
                                             4   Conj_Base -0.43
                                             6   Conj_Base -0.43
 pKa penalty:                                 0.01 kcal/mol
     Charging penalty:                        0.00 kcal/mol
     Neutralization penalty:                  0.01 kcal/mol
 Overall Penalty (tautomerization included): -0.00 kcal/mol
 Total Charge: 0
 Metal Penalty:                               2.28 kcal/mol
. . . . . . . . . . . . . . . . . . . . . . .
Variation: 2
                                            12   Conj_Acid 16.39
                                            14   Conj_Acid 15.07
                                            17   Conj_Acid  9.79
                                             1   Conj_Base  9.04
                                             4   Conj_Base  1.04
                                             6   Conj_Base  0.04
 pKa penalty:                                 2.25 kcal/mol
     Charging penalty:                        2.25 kcal/mol
     Neutralization penalty:                  0.00 kcal/mol
 Overall Penalty (tautomerization included):  2.24 kcal/mol
 Total Charge: -1
 Metal Penalty:                               0.42 kcal/mol
 Structure generated due to metal binding treatment.
. . . . . . . . . . . . . . . . . . . . . . .
Variation: 3
                                            13   Conj_Acid 15.07
                                            15   Conj_Acid 16.39
                                             9   Conj_Acid  9.79
                                             8   Conj_Base  9.04
                                             4   Conj_Base  0.04
                                             6   Conj_Base  1.04
 pKa penalty:                                 2.25 kcal/mol
     Charging penalty:                        2.25 kcal/mol
     Neutralization penalty:                  0.00 kcal/mol
 Overall Penalty (tautomerization included):  2.24 kcal/mol
 Total Charge: -1
 Metal Penalty:                               0.42 kcal/mol
 Structure generated due to metal binding treatment.
---------------------------
Processing Input Structure #4
        Title: 
                                              Calculated pKas
                                                 Conjugate
                                          Atom   Acid/Base  pKa
. . . . . . . . . . . . . . . . . . . . . . .
Variation: 1
                                            13   Conj_Acid 13.75
                                            15   Conj_Acid 13.75
                                             9   Conj_Acid  9.04
                                            18   Conj_Acid  9.04
                                             4   Conj_Base -0.43
                                             6   Conj_Base -0.43
 pKa penalty:                                 0.01 kcal/mol
     Charging penalty:                        0.00 kcal/mol
     Neutralization penalty:                  0.01 kcal/mol
 Overall Penalty (tautomerization included): -0.00 kcal/mol
 Total Charge: 0
 Metal Penalty:                               2.28 kcal/mol
. . . . . . . . . . . . . . . . . . . . . . .
Variation: 2
                                            12   Conj_Acid 16.39
                                            14   Conj_Acid 15.07
                                            17   Conj_Acid  9.79
                                             1   Conj_Base  9.04
                                             4   Conj_Base  1.04
                                             6   Conj_Base  0.04
 pKa penalty:                                 2.25 kcal/mol
     Charging penalty:                        2.25 kcal/mol
     Neutralization penalty:                  0.00 kcal/mol
 Overall Penalty (tautomerization included):  2.24 kcal/mol
 Total Charge: -1
 Metal Penalty:                               0.42 kcal/mol
 Structure generated due to metal binding treatment.
. . . . . . . . . . . . . . . . . . . . . . .
Variation: 3
                                            13   Conj_Acid 15.07
                                            15   Conj_Acid 16.39
                                             9   Conj_Acid  9.79
                                             8   Conj_Base  9.04
                                             4   Conj_Base  0.04
                                             6   Conj_Base  1.04
 pKa penalty:                                 2.25 kcal/mol
     Charging penalty:                        2.25 kcal/mol
     Neutralization penalty:                  0.00 kcal/mol
 Overall Penalty (tautomerization included):  2.24 kcal/mol
 Total Charge: -1
 Metal Penalty:                               0.42 kcal/mol
 Structure generated due to metal binding treatment.
---------------------------
Processing Input Structure #5
        Title: 
                                              Calculated pKas
                                                 Conjugate
                                          Atom   Acid/Base  pKa
. . . . . . . . . . . . . . . . . . . . . . .
Variation: 1
                                            13   Conj_Acid 13.75
                                            15   Conj_Acid 13.75
                                             9   Conj_Acid  9.04
                                            18   Conj_Acid  9.04
                                             4   Conj_Base -0.43
                                             6   Conj_Base -0.43
 pKa penalty:                                 0.01 kcal/mol
     Charging penalty:                        0.00 kcal/mol
     Neutralization penalty:                  0.01 kcal/mol
 Overall Penalty (tautomerization included): -0.00 kcal/mol
 Total Charge: 0
 Metal Penalty:                               2.28 kcal/mol
. . . . . . . . . . . . . . . . . . . . . . .
Variation: 2
                                            12   Conj_Acid 16.39
                                            14   Conj_Acid 15.07
                                            17   Conj_Acid  9.79
                                             1   Conj_Base  9.04
                                             4   Conj_Base  1.04
                                             6   Conj_Base  0.04
 pKa penalty:                                 2.25 kcal/mol
     Charging penalty:                        2.25 kcal/mol
     Neutralization penalty:                  0.00 kcal/mol
 Overall Penalty (tautomerization included):  2.24 kcal/mol
 Total Charge: -1
 Metal Penalty:                               0.42 kcal/mol
 Structure generated due to metal binding treatment.
. . . . . . . . . . . . . . . . . . . . . . .
Variation: 3
                                            13   Conj_Acid 15.07
                                            15   Conj_Acid 16.39
                                             9   Conj_Acid  9.79
                                             8   Conj_Base  9.04
                                             4   Conj_Base  0.04
                                             6   Conj_Base  1.04
 pKa penalty:                                 2.25 kcal/mol
     Charging penalty:                        2.25 kcal/mol
     Neutralization penalty:                  0.00 kcal/mol
 Overall Penalty (tautomerization included):  2.24 kcal/mol
 Total Charge: -1
 Metal Penalty:                               0.42 kcal/mol
 Structure generated due to metal binding treatment.
---------------------------
Processing Input Structure #6
        Title: 
Metal Binding:    Using non-metal probability:          1.000000e+00
                                              Calculated pKas
                                                 Conjugate
                                          Atom   Acid/Base  pKa
. . . . . . . . . . . . . . . . . . . . . . .
Variation: 1
                                             7   Conj_Acid 14.55
                                            10   Conj_Acid 14.55
                                             2   Conj_Base  0.43
                                             4   Conj_Base  0.43
 pKa penalty:                                 0.00 kcal/mol
     Charging penalty:                        0.00 kcal/mol
     Neutralization penalty:                  0.00 kcal/mol
 Overall Penalty (tautomerization included): -0.00 kcal/mol
 Total Charge: 0
 Metal Penalty:                              -0.00 kcal/mol
---------------------------
Processing Input Structure #7
        Title: 
Metal Binding:    Using non-metal probability:          1.000000e+00
                                              Calculated pKas
                                                 Conjugate
                                          Atom   Acid/Base  pKa
. . . . . . . . . . . . . . . . . . . . . . .
Variation: 1
                                             7   Conj_Acid 14.55
                                            10   Conj_Acid 14.55
                                             2   Conj_Base  0.43
                                             4   Conj_Base  0.43
 pKa penalty:                                 0.00 kcal/mol
     Charging penalty:                        0.00 kcal/mol
     Neutralization penalty:                  0.00 kcal/mol
 Overall Penalty (tautomerization included): -0.00 kcal/mol
 Total Charge: 0
 Metal Penalty:                              -0.00 kcal/mol
---------------------------
Processing Input Structure #8
        Title: 
Metal Binding:    Using non-metal probability:          1.000000e+00
                                              Calculated pKas
                                                 Conjugate
                                          Atom   Acid/Base  pKa
. . . . . . . . . . . . . . . . . . . . . . .
Variation: 1
                                             7   Conj_Acid 14.55
                                            10   Conj_Acid 14.55
                                             2   Conj_Base  0.43
                                             4   Conj_Base  0.43
 pKa penalty:                                 0.00 kcal/mol
     Charging penalty:                        0.00 kcal/mol
     Neutralization penalty:                  0.00 kcal/mol
 Overall Penalty (tautomerization included): -0.00 kcal/mol
 Total Charge: 0
 Metal Penalty:                              -0.00 kcal/mol
---------------------------
Processing Input Structure #9
        Title: 
Metal Binding:    Using non-metal probability:          1.000000e+00
                                              Calculated pKas
                                                 Conjugate
                                          Atom   Acid/Base  pKa
. . . . . . . . . . . . . . . . . . . . . . .
Variation: 1
                                             7   Conj_Acid 14.55
                                            10   Conj_Acid 14.55
                                             2   Conj_Base  0.43
                                             4   Conj_Base  0.43
 pKa penalty:                                 0.00 kcal/mol
     Charging penalty:                        0.00 kcal/mol
     Neutralization penalty:                  0.00 kcal/mol
 Overall Penalty (tautomerization included): -0.00 kcal/mol
 Total Charge: 0
 Metal Penalty:                              -0.00 kcal/mol
---------------------------
Processing Input Structure #10
        Title: 
Metal Binding:    Using non-metal probability:          1.000000e+00
                                              Calculated pKas
                                                 Conjugate
                                          Atom   Acid/Base  pKa
. . . . . . . . . . . . . . . . . . . . . . .
Variation: 1
                                             9   Conj_Acid 14.76
                                            14   Conj_Acid 14.76
                                            11   Conj_Acid 14.18
                                             2   Conj_Base  0.65
                                             4   Conj_Base -0.64
                                             6   Conj_Base  0.65
 pKa penalty:                                 0.00 kcal/mol
     Charging penalty:                        0.00 kcal/mol
     Neutralization penalty:                  0.00 kcal/mol
 Overall Penalty (tautomerization included): -0.00 kcal/mol
 Total Charge: 0
 Metal Penalty:                              -0.00 kcal/mol
---------------------------
Processing Input Structure #11
        Title: 
Metal Binding:    Using non-metal probability:          1.000000e+00
                                              Calculated pKas
                                                 Conjugate
                                          Atom   Acid/Base  pKa
. . . . . . . . . . . . . . . . . . . . . . .
Variation: 1
                                             4   Conj_Base  1.92
                                             5   Conj_Base  1.92
 pKa penalty:                                 0.00 kcal/mol
     Charging penalty:                        0.00 kcal/mol
     Neutralization penalty:                  0.00 kcal/mol
 Overall Penalty (tautomerization included): -0.00 kcal/mol
 Total Charge: -2
 Metal Penalty:                              -0.00 kcal/mol
---------------------------
