COMMAND:
 /data/chodera/schrodinger/schrodinger2017-3-advanced/epik-v4.1/bin/Linux-x86_64/epik_app -imae 4LMN-epik.mae -omae 4LMN-epik-out.mae -ms 32 -ph 7.4 -pht 0.0 -cg 0.3 0.3 -metal_binding
SCHRODINGER: /data/chodera/schrodinger/schrodinger2017-3-advanced

Running Epik version     4.1016
Epik. Copyright Schrodinger, LLC. All rights reserved.

Input file name:                        4LMN-epik.mae
Output file name:                       4LMN-epik-out.mae
Maximum number of states set to: 32
Structure adjustment calculation requested.
  Target pH set to 7.400
pHt tolerance set to 0.000000e+00
Both connectivity and geometry used in determining redundant structures.
  Structures are distinct if: 
    any position differs by more than 3.000000e-01
    the rms difference in positions is larger than 3.000000e-01
Metal binding mode turned on.

Adjusting structures for pH 7.400000e+00 and minimum probability 1.000000e+00
Solvent model name:                     water
Jobcontrol is not being used for this specific Epik calculation.
---------------------------
Processing Input Structure #1
        Title: 
                                              Calculated pKas
                                                 Conjugate
                                          Atom   Acid/Base  pKa
. . . . . . . . . . . . . . . . . . . . . . .
Variation: 1
                                            37   Conj_Acid 12.62
                                            39   Conj_Acid 12.23
                                             2   Conj_Base  6.88
                                             3   Conj_Base  6.88
                                             6   Conj_Base  1.43
                                            10   Conj_Base  3.76
                                             8   Conj_Base  5.59
                                            24   Conj_Base  2.63
                                            28   Conj_Base  3.83
                                            30   Conj_Base -0.67
                                            42   Conj_Acid 13.02
                                            43   Conj_Acid 13.02
                                            18   Conj_Base -1.83
                                            20   Conj_Base -2.12
 pKa penalty:                                 0.17 kcal/mol
     Charging penalty:                        0.16 kcal/mol
     Neutralization penalty:                  0.01 kcal/mol
 Overall Penalty (tautomerization included):  0.91 kcal/mol
 Total Charge: -4
 Metal Penalty:                              -0.00 kcal/mol
 Chemistry Notes:   This compound contains an acetal/aminal-like group ( X-CH(R)-Y where X, Y are N, S, or O) that may be acid/base labile, releasing an aldehyde.
---------------------------
Processing Input Structure #2
        Title: 
Metal Binding:    Using non-metal probability:          1.000000e+00
                                              Calculated pKas
                                                 Conjugate
                                          Atom   Acid/Base  pKa
. . . . . . . . . . . . . . . . . . . . . . .
Variation: 1
                                            41   Conj_Acid 13.19
                                            51   Conj_Acid  9.18
                                            52   Conj_Acid  9.18
                                            33   Conj_Acid 15.46
                                             1   Conj_Base -1.91
 pKa penalty:                                 0.01 kcal/mol
     Charging penalty:                        0.01 kcal/mol
     Neutralization penalty:                  0.00 kcal/mol
 Overall Penalty (tautomerization included): -0.00 kcal/mol
 Total Charge: 1
 Metal Penalty:                              -0.00 kcal/mol
---------------------------
