
** Heavy-atom coordinates will be fixed: maxlevel set to 0
  **
  ** Beginning refinement level 0
  **

%IMPACT-I (openwt): Request to open FORMATTED file 1BI8-impref_ref0.out on unit   2
 Entering IMPACT execution environment 
 Date: Friday, September 29 2017, at 15:46:32 EDT
 Impact version 76016
 mmshare version        39016
 Copyright (c) Schrodinger, LLC.
 All Rights Reserved.

 Host: Linux ls05 3.10.0-514.21.2.el7.x86_64 #1 SMP Tue Jun 20 12:24:47 UTC 2017 x86_64
 Job Name: 1BI8-impref_ref0
 SCHRODINGER  directory: /data/chodera/schrodinger/schrodinger2017-3-advanced
 IMPACT_EXEC  directory: /data/chodera/schrodinger/schrodinger2017-3-advanced/impact-v7.6/bin/Linux-x86_64
 MMSHARE_EXEC directory: /data/chodera/schrodinger/schrodinger2017-3-advanced/mmshare-v3.9/bin/Linux-x86_64

 Clock-based global random seed:     1506714392
%IMPACT-I(foldmain): calling OPLS3 atomtyping ...
%IMPACT-I(foldmain): finished parameter assignment
 PARM read from file "paramstd.dat"
 Parameter obtained from atomtyping
      Current coord. are written to file: "1BI8-impref.init_coord.rst"
      Box dimensions not written


 Total number of atoms  = 13288
 
 Neighbor List Cutoff Settings
 ==================================
 Cutoff radius:   10.0000000000000     
 Update frequency: every           10  steps
 Species   1 : Neighbors are calculated on a per residue basis
 Species   1 : Cutoff by inter-atomic distances
 
 Step number:          0         Non-bonded count:  3134804
 E-pot        RMS grad     Max grad    
 -1.41441E+04  7.55828E+01  2.37619E+03
 Step number:         10         Non-bonded count:  3134804
 -2.05231E+04  1.67661E+00  8.30067E+01
 Step number:         20         Non-bonded count:  3134804
 -2.10768E+04  1.33431E+00  4.46845E+01
 Step number:         30         Non-bonded count:  3134804
 -2.13327E+04  5.69916E-01  3.73205E+01
 Step number:         40         Non-bonded count:  3134804
 -2.14104E+04  3.75411E-01  1.58204E+01
 Step number:         50         Non-bonded count:  3134804
 -2.14622E+04  4.27751E-01  1.90118E+01
 Step number:         60         Non-bonded count:  3134804
 -2.14916E+04  2.62127E-01  1.04063E+01
 Step number:         70         Non-bonded count:  3134804
 -2.15127E+04  2.50153E-01  1.07989E+01
 Step number:         80         Non-bonded count:  3134804
 -2.15320E+04  2.85287E-01  1.21665E+01
 Step number:         90         Non-bonded count:  3134804
 -2.15462E+04  2.03020E-01  8.12720E+00
 Step number:        100         Non-bonded count:  3134804
 -2.15545E+04  1.63722E-01  1.01021E+01
 Step number:        100         Non-bonded count:  3134804
 -2.15545E+04  1.63722E-01  1.01021E+01
      Current coord. are written to file: "1BI8-impref.min0_coord.rst"
      Box dimensions not written
      Current coordinates are read from file: "1BI8-impref.init_coord.rst"
      Box dimensions not read
          read from "1BI8-impref.init_coord.rst"
  
 Energy and Force Generation Info: 
 --------------------------------- 
 Number of E&F called:     370
 PARM read from file "paramstd.dat"
 Parameter obtained from atomtyping
      Current coordinates are read from file: "1BI8-impref.min0_coord.rst"
      Box dimensions not read
          read from "1BI8-impref.min0_coord.rst"


 Total number of atoms  = 13288
 
 Neighbor List Cutoff Settings
 ==================================
 Cutoff radius:   10.0000000000000     
 Update frequency: every           10  steps
 Species   1 : Neighbors are calculated on a per residue basis
 Species   1 : Cutoff by inter-atomic distances
 
 Step number:          0         Non-bonded count:  3134804
 E-pot        RMS grad     Max grad    
 -1.74144E+04  2.92543E+00  2.72063E+01
 Step number:         10         Non-bonded count:  3134804
 -1.96894E+04  1.59558E+00  5.39751E+01
 Step number:         20         Non-bonded count:  3134804
 -2.02342E+04  1.10185E+00  2.39090E+01
 Step number:         30         Non-bonded count:  3134804
 -2.05437E+04  9.33967E-01  2.39405E+01
 Step number:         40         Non-bonded count:  3134804
 -2.06168E+04  4.03138E-01  1.36897E+01
 Step number:         50         Non-bonded count:  3134804
 -2.06752E+04  2.98964E-01  7.79874E+00
 Step number:         60         Non-bonded count:  3134804
 -2.06923E+04  1.84980E-01  7.23465E+00
 Step number:         70         Non-bonded count:  3134804
 -2.07027E+04  1.58533E-01  4.68310E+00
 Step number:         80         Non-bonded count:  3134804
 -2.07100E+04  1.28307E-01  4.28162E+00
 Step number:         90         Non-bonded count:  3134804
 -2.07140E+04  9.76488E-02  3.59911E+00
 Step number:        100         Non-bonded count:  3134804
 -2.07181E+04  1.14383E-01  2.69171E+00
 Step number:        100         Non-bonded count:  3134804
 -2.07181E+04  1.14383E-01  2.69171E+00
  
 Energy and Force Generation Info: 
 --------------------------------- 
 Number of E&F called:     734


Final Energy Reports:
------------------------------------
 Total Energy of the system...... -2.07181E+04 kcal/mol
 Total Potential Energy.......... -2.07181E+04 kcal/mol
 Total Kinetic Energy............  0.00000E+00 kcal/mol
 Temperature of the system.......        0.000 K
 Bond Stretch Energy.............  8.04012E+01 kcal/mol
 Angle Bending Energy............  1.25135E+03 kcal/mol
 Torsion Angle Energy............  2.35226E+02 kcal/mol
 Restraining Energy for Torsions.  0.00000E+00 kcal/mol
 1,4 Lennard Jones Energy........  1.48414E+03 kcal/mol
 1,4 Electrostatic Energy........ -1.25152E+03 kcal/mol
 Lennard Jones Energy............ -5.57116E+02 kcal/mol
 Electrostatic Energy............ -2.19606E+04 kcal/mol
 H-bond Energy...................  0.00000E+00 kcal/mol
 
 Exiting IMPACT execution environment 
 Date: Friday, September 29 2017, at 15:48:46 EDT
%IMPACT-I (timit): Total CPU time =     133.39 seconds (   2.2 minutes)
Total elapsed time = 136 seconds (2 minutes, 16 seconds)
  ** Completed refinement level 0      rmsd =  0.110

** Refinement finished. Final level: 0

** The refined complex file is 1BI8-impref_ref.mae.
