
** Heavy-atom coordinates will be fixed: maxlevel set to 0
  **
  ** Beginning refinement level 0
  **

%IMPACT-I (openwt): Request to open FORMATTED file 5AAB-impref_ref0.out on unit   2
 Entering IMPACT execution environment 
 Date: Thursday, December 01 2016, at 00:38:35 EST
 Impact version 72014
 mmshare version        35014
 Copyright (c) Schrodinger, LLC.
 All Rights Reserved.

 Host: Linux cc05.local 2.6.32-573.18.1.el6.x86_64 #1 SMP Tue Feb 9 22:46:17 UTC 2016 x86_64
 Job Name: 5AAB-impref_ref0
 SCHRODINGER  directory: /cbio/jclab/share/schrodinger/schrodinger2016-3
 IMPACT_EXEC  directory: /cbio/jclab/share/schrodinger/schrodinger2016-3/impact-v7.2/bin/Linux-x86_64
 MMSHARE_EXEC directory: /cbio/jclab/share/schrodinger/schrodinger2016-3/mmshare-v3.5/bin/Linux-x86_64

 Clock-based global random seed:     1480570714
%IMPACT-I(foldmain): calling OPLS_2005 atomtyping ...
%IMPACT-I(foldmain): finished parameter assignment
 PARM read from file "paramstd.dat"
 Parameter obtained from atomtyping
      Current coord. are written to file: "5AAB-impref.init_coord.rst"
      Box dimensions not written


 Total number of atoms  =  5489
 
 Neighbor List Cutoff Settings
 ==================================
 Cutoff radius:   10.0000000000000     
 Update frequency: every           10  steps
 Species   1 : Neighbors are calculated on a per residue basis
 Species   1 : Cutoff by inter-atomic distances
 
 Step number:          0         Non-bonded count:  1338376
 E-pot        RMS grad     Max grad    
  3.87349E+10  2.57446E+10  1.38429E+12
 Step number:         10         Non-bonded count:  1338376
 -1.35741E+04  8.37392E+00  2.72987E+02
 Step number:         20         Non-bonded count:  1338376
 -1.45639E+04  2.91655E+00  1.09570E+02
 Step number:         30         Non-bonded count:  1338376
 -1.48527E+04  1.76742E+00  3.60991E+01
 Step number:         40         Non-bonded count:  1338376
 -1.50215E+04  1.41088E+00  5.44004E+01
 Step number:         50         Non-bonded count:  1338376
 -1.51299E+04  9.58289E-01  3.85853E+01
 Step number:         60         Non-bonded count:  1338376
 -1.51992E+04  9.42644E-01  2.55369E+01
 Step number:         70         Non-bonded count:  1338376
 -1.52526E+04  8.16045E-01  3.10107E+01
 Step number:         80         Non-bonded count:  1338376
 -1.52883E+04  7.51132E-01  1.75495E+01
 Step number:         90         Non-bonded count:  1338376
 -1.53158E+04  6.25842E-01  2.28180E+01
 Step number:        100         Non-bonded count:  1338376
 -1.53384E+04  5.27972E-01  1.62178E+01
 Step number:        100         Non-bonded count:  1338376
 -1.53384E+04  5.27972E-01  1.62178E+01
      Current coord. are written to file: "5AAB-impref.min0_coord.rst"
      Box dimensions not written
      Current coordinates are read from file: "5AAB-impref.init_coord.rst"
      Box dimensions not read
          read from "5AAB-impref.init_coord.rst"
  
 Energy and Force Generation Info: 
 --------------------------------- 
 Number of E&F called:     329
 PARM read from file "paramstd.dat"
 Parameter obtained from atomtyping
      Current coordinates are read from file: "5AAB-impref.min0_coord.rst"
      Box dimensions not read
          read from "5AAB-impref.min0_coord.rst"


 Total number of atoms  =  5489
 
 Neighbor List Cutoff Settings
 ==================================
 Cutoff radius:   10.0000000000000     
 Update frequency: every           10  steps
 Species   1 : Neighbors are calculated on a per residue basis
 Species   1 : Cutoff by inter-atomic distances
 
 Step number:          0         Non-bonded count:  1338376
 E-pot        RMS grad     Max grad    
 -1.40867E+04  2.68519E+00  2.68180E+01
 Step number:         10         Non-bonded count:  1338376
 -1.47796E+04  2.09682E+00  1.00699E+02
 Step number:         20         Non-bonded count:  1338376
 -1.49070E+04  1.30605E+00  5.88034E+01
 Step number:         30         Non-bonded count:  1338376
 -1.49727E+04  8.61275E-01  4.56639E+01
 Step number:         40         Non-bonded count:  1338376
 -1.49968E+04  5.74596E-01  2.30406E+01
 Step number:         50         Non-bonded count:  1338376
 -1.50078E+04  3.54857E-01  1.26815E+01
 Step number:         60         Non-bonded count:  1338376
 -1.50189E+04  4.72307E-01  2.17520E+01
 Step number:         70         Non-bonded count:  1338376
 -1.50264E+04  4.10793E-01  2.01052E+01
 Step number:         80         Non-bonded count:  1338376
 -1.50319E+04  3.01364E-01  1.05822E+01
 Step number:         90         Non-bonded count:  1338376
 -1.50363E+04  3.07941E-01  9.96490E+00
 Step number:        100         Non-bonded count:  1338376
 -1.50411E+04  2.91536E-01  8.95797E+00
 Step number:        100         Non-bonded count:  1338376
 -1.50411E+04  2.91536E-01  8.95797E+00
  
 Energy and Force Generation Info: 
 --------------------------------- 
 Number of E&F called:     602


Final Energy Reports:
------------------------------------
 Total Energy of the system...... -1.50411E+04 kcal/mol
 Total Potential Energy.......... -1.50411E+04 kcal/mol
 Total Kinetic Energy............  0.00000E+00 kcal/mol
 Temperature of the system.......        0.000 K
 Bond Stretch Energy.............  6.79356E+01 kcal/mol
 Angle Bending Energy............  6.10050E+02 kcal/mol
 Torsion Angle Energy............  2.21689E+02 kcal/mol
 Restraining Energy for Torsions.  0.00000E+00 kcal/mol
 1,4 Lennard Jones Energy........  4.85453E+02 kcal/mol
 1,4 Electrostatic Energy........ -3.94282E+02 kcal/mol
 Lennard Jones Energy............ -1.93529E+02 kcal/mol
 Electrostatic Energy............ -1.58384E+04 kcal/mol
 H-bond Energy...................  0.00000E+00 kcal/mol
 
 Exiting IMPACT execution environment 
 Date: Thursday, December 01 2016, at 00:39:00 EST
%IMPACT-I (timit): Total CPU time =      25.00 seconds (   0.4 minutes)
Total elapsed time = 27 seconds
  ** Completed refinement level 0      rmsd =  0.063

** Refinement finished. Final level: 0

** The refined complex file is 5AAB-impref_ref.mae.
