
** Heavy-atom coordinates will be fixed: maxlevel set to 0
  **
  ** Beginning refinement level 0
  **

%IMPACT-I (openwt): Request to open FORMATTED file 4HJO-impref_ref0.out on unit   2
 Entering IMPACT execution environment 
 Date: Thursday, December 21 2017, at 16:07:06 EST
 Impact version 77011
 mmshare version        40011
 Copyright (c) Schrodinger, LLC.
 All Rights Reserved.

 Host: Linux ls04 3.10.0-514.21.2.el7.x86_64 #1 SMP Tue Jun 20 12:24:47 UTC 2017 x86_64
 Job Name: 4HJO-impref_ref0
 SCHRODINGER  directory: /data/chodera/schrodinger/schrodinger2017-4-advanced
 IMPACT_EXEC  directory: /data/chodera/schrodinger/schrodinger2017-4-advanced/impact-v7.7/bin/Linux-x86_64
 MMSHARE_EXEC directory: /data/chodera/schrodinger/schrodinger2017-4-advanced/mmshare-v4.0/bin/Linux-x86_64

 Clock-based global random seed:     1513890426
%IMPACT-I(foldmain): calling OPLS3 atomtyping ...
%IMPACT-I(foldmain): finished parameter assignment
 PARM read from file "paramstd.dat"
 Parameter obtained from atomtyping
      Current coord. are written to file: "4HJO-impref.init_coord.rst"
      Box dimensions not written


 Total number of atoms  =  4649
 
 Neighbor List Cutoff Settings
 ==================================
 Cutoff radius:   10.0000000000000     
 Update frequency: every           10  steps
 Species   1 : Neighbors are calculated on a per residue basis
 Species   1 : Cutoff by inter-atomic distances
 
 Step number:          0         Non-bonded count:  1117871
 E-pot        RMS grad     Max grad    
  2.84973E+05  8.01601E+04  3.92161E+06
 Step number:         10         Non-bonded count:  1117871
 -7.18333E+03  1.17762E+00  2.47934E+01
 Step number:         20         Non-bonded count:  1117871
 -7.26099E+03  7.65795E-01  3.67668E+01
 Step number:         30         Non-bonded count:  1117871
 -7.28857E+03  5.23923E-01  3.13373E+01
 Step number:         40         Non-bonded count:  1117871
 -7.30358E+03  4.73855E-01  2.04151E+01
 Step number:         50         Non-bonded count:  1117871
 -7.31308E+03  3.72905E-01  1.52387E+01
 Step number:         60         Non-bonded count:  1117871
 -7.32015E+03  2.50456E-01  7.27247E+00
 Step number:         70         Non-bonded count:  1117871
 -7.32585E+03  2.62129E-01  8.71831E+00
 Step number:         80         Non-bonded count:  1117871
 -7.32980E+03  2.24208E-01  6.73715E+00
 Step number:         90         Non-bonded count:  1117871
 -7.33399E+03  1.84837E-01  3.02195E+00
 Step number:        100         Non-bonded count:  1117871
 -7.33670E+03  1.48619E-01  3.60382E+00
 Step number:        100         Non-bonded count:  1117871
 -7.33670E+03  1.48619E-01  3.60382E+00
      Current coord. are written to file: "4HJO-impref.min0_coord.rst"
      Box dimensions not written
      Current coordinates are read from file: "4HJO-impref.init_coord.rst"
      Box dimensions not read
          read from "4HJO-impref.init_coord.rst"
  
 Energy and Force Generation Info: 
 --------------------------------- 
 Number of E&F called:     268
 PARM read from file "paramstd.dat"
 Parameter obtained from atomtyping
      Current coordinates are read from file: "4HJO-impref.min0_coord.rst"
      Box dimensions not read
          read from "4HJO-impref.min0_coord.rst"


 Total number of atoms  =  4649
 
 Neighbor List Cutoff Settings
 ==================================
 Cutoff radius:   10.0000000000000     
 Update frequency: every           10  steps
 Species   1 : Neighbors are calculated on a per residue basis
 Species   1 : Cutoff by inter-atomic distances
 
 Step number:          0         Non-bonded count:  1117871
 E-pot        RMS grad     Max grad    
 -6.17880E+03  2.70940E+00  2.66689E+01
 Step number:         10         Non-bonded count:  1117871
 -6.86390E+03  1.41263E+00  4.69303E+01
 Step number:         20         Non-bonded count:  1117871
 -6.99471E+03  8.09866E-01  2.01135E+01
 Step number:         30         Non-bonded count:  1117871
 -7.04654E+03  6.19052E-01  1.03210E+01
 Step number:         40         Non-bonded count:  1117871
 -7.08297E+03  6.23648E-01  2.14775E+01
 Step number:         50         Non-bonded count:  1117871
 -7.10008E+03  3.21601E-01  1.62858E+01
 Step number:         60         Non-bonded count:  1117871
 -7.10770E+03  4.02540E-01  2.12741E+01
 Step number:         70         Non-bonded count:  1117871
 -7.11924E+03  2.86180E-01  9.75962E+00
 Step number:         80         Non-bonded count:  1117871
 -7.12217E+03  1.45058E-01  6.80850E+00
 Step number:         90         Non-bonded count:  1117871
 -7.12469E+03  2.04650E-01  4.99642E+00
 Step number:        100         Non-bonded count:  1117871
 -7.12785E+03  1.20841E-01  3.93482E+00
 Step number:        100         Non-bonded count:  1117871
 -7.12785E+03  1.20841E-01  3.93482E+00
  
 Energy and Force Generation Info: 
 --------------------------------- 
 Number of E&F called:     559


Final Energy Reports:
------------------------------------
 Total Energy of the system...... -7.12785E+03 kcal/mol
 Total Potential Energy.......... -7.12785E+03 kcal/mol
 Total Kinetic Energy............  0.00000E+00 kcal/mol
 Temperature of the system.......        0.000 K
 Bond Stretch Energy.............  1.10608E+01 kcal/mol
 Angle Bending Energy............  2.85016E+02 kcal/mol
 Torsion Angle Energy............  5.11120E+01 kcal/mol
 Restraining Energy for Torsions.  0.00000E+00 kcal/mol
 1,4 Lennard Jones Energy........  4.71958E+02 kcal/mol
 1,4 Electrostatic Energy........ -3.20088E+02 kcal/mol
 Lennard Jones Energy............ -5.57820E+02 kcal/mol
 Electrostatic Energy............ -7.06909E+03 kcal/mol
 H-bond Energy...................  0.00000E+00 kcal/mol
 
 Exiting IMPACT execution environment 
 Date: Thursday, December 21 2017, at 16:07:25 EST
%IMPACT-I (timit): Total CPU time =      19.37 seconds (   0.3 minutes)
Total elapsed time = 20 seconds
  ** Completed refinement level 0      rmsd =  0.100

** Refinement finished. Final level: 0

** The refined complex file is 4HJO-impref_ref.mae.
