
** Heavy-atom coordinates will be fixed: maxlevel set to 0
  **
  ** Beginning refinement level 0
  **

%IMPACT-I (openwt): Request to open FORMATTED file 4XE0-impref_ref0.out on unit   2
 Entering IMPACT execution environment 
 Date: Thursday, December 21 2017, at 17:45:33 EST
 Impact version 77011
 mmshare version        40011
 Copyright (c) Schrodinger, LLC.
 All Rights Reserved.

 Host: Linux ls04 3.10.0-514.21.2.el7.x86_64 #1 SMP Tue Jun 20 12:24:47 UTC 2017 x86_64
 Job Name: 4XE0-impref_ref0
 SCHRODINGER  directory: /data/chodera/schrodinger/schrodinger2017-4-advanced
 IMPACT_EXEC  directory: /data/chodera/schrodinger/schrodinger2017-4-advanced/impact-v7.7/bin/Linux-x86_64
 MMSHARE_EXEC directory: /data/chodera/schrodinger/schrodinger2017-4-advanced/mmshare-v4.0/bin/Linux-x86_64

 Clock-based global random seed:     1513896333
%IMPACT-I(foldmain): calling OPLS3 atomtyping ...
%IMPACT-I(foldmain): finished parameter assignment
 PARM read from file "paramstd.dat"
 Parameter obtained from atomtyping
      Current coord. are written to file: "4XE0-impref.init_coord.rst"
      Box dimensions not written


 Total number of atoms  = 14487
 
 Neighbor List Cutoff Settings
 ==================================
 Cutoff radius:   10.0000000000000     
 Update frequency: every           10  steps
 Species   1 : Neighbors are calculated on a per residue basis
 Species   1 : Cutoff by inter-atomic distances
 
 Step number:          0         Non-bonded count:  3517733
 E-pot        RMS grad     Max grad    
  2.15820E+05  3.40655E+04  2.93604E+06
 Step number:         10         Non-bonded count:  3517733
 -2.37325E+04  1.22814E+00  4.42130E+01
 Step number:         20         Non-bonded count:  3517733
 -2.40783E+04  1.02114E+00  6.44574E+01
 Step number:         30         Non-bonded count:  3517733
 -2.42480E+04  8.23850E-01  3.48337E+01
 Step number:         40         Non-bonded count:  3517733
 -2.43559E+04  4.98191E-01  1.81455E+01
 Step number:         50         Non-bonded count:  3517733
 -2.44179E+04  4.83020E-01  2.87606E+01
 Step number:         60         Non-bonded count:  3517733
 -2.44482E+04  2.44175E-01  7.23842E+00
 Step number:         70         Non-bonded count:  3517733
 -2.44675E+04  2.74358E-01  9.34701E+00
 Step number:         80         Non-bonded count:  3517733
 -2.44815E+04  2.28491E-01  8.25215E+00
 Step number:         90         Non-bonded count:  3517733
 -2.44931E+04  1.81553E-01  6.74471E+00
 Step number:        100         Non-bonded count:  3517733
 -2.45020E+04  1.66561E-01  1.32859E+01
 Step number:        100         Non-bonded count:  3517733
 -2.45020E+04  1.66561E-01  1.32859E+01
      Current coord. are written to file: "4XE0-impref.min0_coord.rst"
      Box dimensions not written
      Current coordinates are read from file: "4XE0-impref.init_coord.rst"
      Box dimensions not read
          read from "4XE0-impref.init_coord.rst"
  
 Energy and Force Generation Info: 
 --------------------------------- 
 Number of E&F called:     326
 PARM read from file "paramstd.dat"
 Parameter obtained from atomtyping
      Current coordinates are read from file: "4XE0-impref.min0_coord.rst"
      Box dimensions not read
          read from "4XE0-impref.min0_coord.rst"


 Total number of atoms  = 14487
 
 Neighbor List Cutoff Settings
 ==================================
 Cutoff radius:   10.0000000000000     
 Update frequency: every           10  steps
 Species   1 : Neighbors are calculated on a per residue basis
 Species   1 : Cutoff by inter-atomic distances
 
 Step number:          0         Non-bonded count:  3517733
 E-pot        RMS grad     Max grad    
 -2.05841E+04  2.98461E+00  2.85217E+01
 Step number:         10         Non-bonded count:  3517733
 -2.27262E+04  1.58934E+00  1.14090E+02
 Step number:         20         Non-bonded count:  3517733
 -2.32270E+04  1.70761E+00  1.41030E+02
 Step number:         30         Non-bonded count:  3517733
 -2.35245E+04  1.19592E+00  1.28025E+02
 Step number:         40         Non-bonded count:  3517733
 -2.36193E+04  6.25815E-01  6.41069E+01
 Step number:         50         Non-bonded count:  3517733
 -2.36535E+04  3.59388E-01  2.64407E+01
 Step number:         60         Non-bonded count:  3517733
 -2.36738E+04  2.67591E-01  8.27007E+00
 Step number:         70         Non-bonded count:  3517733
 -2.36866E+04  2.10982E-01  1.51818E+01
 Step number:         80         Non-bonded count:  3517733
 -2.36954E+04  2.06819E-01  1.03495E+01
 Step number:         90         Non-bonded count:  3517733
 -2.37026E+04  1.68286E-01  1.13824E+01
 Step number:        100         Non-bonded count:  3517733
 -2.37080E+04  1.48804E-01  6.42759E+00
 Step number:        100         Non-bonded count:  3517733
 -2.37080E+04  1.48804E-01  6.42759E+00
  
 Energy and Force Generation Info: 
 --------------------------------- 
 Number of E&F called:     661


Final Energy Reports:
------------------------------------
 Total Energy of the system...... -2.37080E+04 kcal/mol
 Total Potential Energy.......... -2.37080E+04 kcal/mol
 Total Kinetic Energy............  0.00000E+00 kcal/mol
 Temperature of the system.......        0.000 K
 Bond Stretch Energy.............  4.38719E+01 kcal/mol
 Angle Bending Energy............  9.97011E+02 kcal/mol
 Torsion Angle Energy............  2.38932E+02 kcal/mol
 Restraining Energy for Torsions.  0.00000E+00 kcal/mol
 1,4 Lennard Jones Energy........  1.40516E+03 kcal/mol
 1,4 Electrostatic Energy........ -1.13705E+03 kcal/mol
 Lennard Jones Energy............ -1.52892E+03 kcal/mol
 Electrostatic Energy............ -2.37270E+04 kcal/mol
 H-bond Energy...................  0.00000E+00 kcal/mol
 
 Exiting IMPACT execution environment 
 Date: Thursday, December 21 2017, at 17:47:04 EST
%IMPACT-I (timit): Total CPU time =      90.31 seconds (   1.5 minutes)
Total elapsed time = 92 seconds (1 minutes, 32 seconds)
  ** Completed refinement level 0      rmsd =  0.043

** Refinement finished. Final level: 0

** The refined complex file is 4XE0-impref_ref.mae.
