
Working on structure 1
Fixing common structure mistakes...
  No mistakes were found
Pre-treating metals...
Done treating metals
Assigning bond orders...
  Using CCD: True
CCD template assignment successfully used for HET "IRE "
  Assigned the following bonds (format: atom1, atom2, order): set([(2418, 2419, 2), (2422, 2421, 2), (2420, 2427, 2), (2416, 2417, 2), (2412, 2407, 2), (2414, 2413, 2), (2408, 2409, 2), (2426, 2424, 2)])
Adding hydrogens...
Treating metals...
Creating di-sulfur bonds...
Converting Selenomethionines...
Detecting missing residue atoms...
Filling missing side chains using Prime...
Prime output file: /cbio/jclab/home/albaness/github/PDBfinder/pdbs/Gefitinib-EGFR/fixed/2ITY-fixed/2ity-missing-side-chains-out.maegz
Filling missing loops using Prime...
Prime output file: /cbio/jclab/home/albaness/github/PDBfinder/pdbs/Gefitinib-EGFR/fixed/2ITY-fixed/2ity-missing-loops-out.maegz
Capping protein termini...
CapTermini:     Added NMA Cap: A:1019A
CapTermini:     Added ACE Cap: A:696
  The following terminal residues have been capped: A:1019, A:697
Finding het groups...
Coloring atoms by element (green carbons in hets)...
Finding het groups (for Epik)...
Processing 1 het groups...
  Using Epik with pH: 7.4
        and pH Range: 0.0
  Max states per het: 32
Running Epik on 1 het groups...
  Waiting for epik...
  Het A:IRE (2020): keeping all 1 state(s):
    State penalty: 0.19 kcal/mol; H-Bond count: 2.
Running ProtAssign...
  Uses -minimize option in ProtAssign
  Using PROPKA with pH: 7.4
  RUNNING: /cbio/jclab/share/schrodinger/schrodinger2016-3/utilities/protassign 2ITY-protassign.mae 2ITY-protassign-out.mae -NOJOBID -nowater -minimize -propka_pH 7.4
Optimize H-bond job completed.
Running restrained minimization...
  RMSD: 0.3
  Force field: 2005
  hydrogens only
done with preparation
Writing to file...
DONE. Output file: ../2ITY-fixed.pdb
